2026-01-27 18:19:34,517 - varanus - INFO - +++ Testing rover_robochart_model_ras_pass_trace_fails +++
2026-01-27 18:19:34,518 - varanus - INFO - Preprocessing...
2026-01-27 18:19:34,518 - varanus - INFO - Preprocessing: pass
2026-01-27 18:19:34,518 - varanus - INFO - +++ Running Offline +++
2026-01-27 18:19:34,696 - varanus - INFO - Building CSP State Machine. Please Wait
2026-01-27 18:20:55,336 - varanus - INFO - Building CSP State Machine
2026-01-27 18:20:55,340 - varanus - INFO - +++ checking that normal(RCSystem) is deterministic with given alphabets +++
2026-01-27 18:20:55,340 - varanus - INFO - +++ starting monitoring against normal(RCSystem) +++
2026-01-27 18:20:55,340 - varanus - INFO - +++ Running Offline -- Using State Machine +++
2026-01-27 18:20:55,340 - varanus - INFO - Parsing trace file at: oracles/inspection-rover-ras/trace-json-pass.txt
2026-01-27 18:20:55,351 - varanus - INFO - Parsed trace file OK
2026-01-27 18:20:55,351 - varanus - INFO - Checking trace file: oracles/inspection-rover-ras/trace-json-pass.txt
2026-01-27 18:20:55,352 - varanus - INFO - In state 16187007277633237420 saw radiation_level.Radiation_Green
2026-01-27 18:20:55,352 - varanus - INFO - In state 16187007277633237420 saw radiation_level.Radiation_Green
2026-01-27 18:20:55,352 - varanus - INFO - In state 16187007277633237420 saw radiation_level.Radiation_Green
2026-01-27 18:20:55,352 - varanus - INFO - In state 16187007277633237420 saw radiation_level.Radiation_Green
2026-01-27 18:20:55,352 - varanus - INFO - In state 16187007277633237420 saw radiation_level.Radiation_Green
2026-01-27 18:20:55,353 - varanus - INFO - In state 16187007277633237420 saw radiation_level.Radiation_Green
2026-01-27 18:20:55,353 - varanus - INFO - In state 16187007277633237420 saw radiation_level.Radiation_Green
2026-01-27 18:20:55,353 - varanus - INFO - In state 16187007277633237420 saw radiation_level.Radiation_Green
2026-01-27 18:20:55,353 - varanus - INFO - In state 16187007277633237420 saw radiation_level.Radiation_Green
2026-01-27 18:20:55,354 - varanus - INFO - In state 16187007277633237420 saw radiation_level.Radiation_Green
2026-01-27 18:20:55,354 - varanus - INFO - In state 16187007277633237420 saw radiation_level.Radiation_Green
2026-01-27 18:20:55,354 - varanus - INFO - In state 16187007277633237420 saw radiation_level.Radiation_Green
2026-01-27 18:20:55,354 - varanus - INFO - In state 16187007277633237420 saw radiation_level.Radiation_Green
2026-01-27 18:20:55,355 - varanus - INFO - In state 16187007277633237420 saw radiation_level.Radiation_Green
2026-01-27 18:20:55,355 - varanus - INFO - In state 16187007277633237420 saw radiation_level.Radiation_Green
2026-01-27 18:20:55,355 - varanus - INFO - In state 16187007277633237420 saw radiation_level.Radiation_Green
2026-01-27 18:20:55,355 - varanus - INFO - In state 16187007277633237420 saw radiation_level.Radiation_Green
2026-01-27 18:20:55,356 - varanus - INFO - In state 16187007277633237420 saw radiation_level.Radiation_Green
2026-01-27 18:20:55,356 - varanus - INFO - In state 16187007277633237420 saw radiation_level.Radiation_Green
2026-01-27 18:20:55,356 - varanus - INFO - In state 16187007277633237420 saw radiation_level.Radiation_Green
2026-01-27 18:20:55,356 - varanus - INFO - In state 16187007277633237420 saw radiation_level.Radiation_Green
2026-01-27 18:20:55,357 - varanus - INFO - In state 16187007277633237420 saw radiation_level.Radiation_Green
2026-01-27 18:20:55,357 - varanus - INFO - In state 16187007277633237420 saw radiation_level.Radiation_Green
2026-01-27 18:20:55,357 - varanus - INFO - In state 16187007277633237420 saw radiation_level.Radiation_Green
2026-01-27 18:20:55,357 - varanus - INFO - In state 16187007277633237420 saw radiation_level.Radiation_Green
2026-01-27 18:20:55,357 - varanus - INFO - In state 16187007277633237420 saw radiation_level.Radiation_Green
2026-01-27 18:20:55,358 - varanus - INFO - In state 16187007277633237420 saw radiation_level.Radiation_Green
2026-01-27 18:20:55,358 - varanus - INFO - In state 16187007277633237420 saw radiation_level.Radiation_Green
2026-01-27 18:20:55,358 - varanus - INFO - In state 16187007277633237420 saw radiation_level.Radiation_Green
2026-01-27 18:20:55,358 - varanus - INFO - In state 16187007277633237420 saw radiation_level.Radiation_Green
2026-01-27 18:20:55,359 - varanus - INFO - In state 16187007277633237420 saw radiation_level.Radiation_Green
2026-01-27 18:20:55,359 - varanus - INFO - In state 16187007277633237420 saw radiation_level.Radiation_Green
2026-01-27 18:20:55,359 - varanus - INFO - In state 16187007277633237420 saw radiation_level.Radiation_Green
2026-01-27 18:20:55,359 - varanus - INFO - In state 16187007277633237420 saw radiation_level.Radiation_Green
2026-01-27 18:20:55,360 - varanus - INFO - In state 16187007277633237420 saw radiation_level.Radiation_Green
2026-01-27 18:20:55,360 - varanus - INFO - In state 16187007277633237420 saw radiation_level.Radiation_Green
2026-01-27 18:20:55,360 - varanus - INFO - In state 16187007277633237420 saw radiation_level.Radiation_Green
2026-01-27 18:20:55,360 - varanus - INFO - In state 16187007277633237420 saw radiation_level.Radiation_Green
2026-01-27 18:20:55,361 - varanus - INFO - In state 16187007277633237420 saw radiation_level.Radiation_Green
2026-01-27 18:20:55,361 - varanus - INFO - In state 16187007277633237420 saw radiation_level.Radiation_Green
2026-01-27 18:20:55,361 - varanus - INFO - In state 16187007277633237420 saw radiation_level.Radiation_Green
2026-01-27 18:20:55,361 - varanus - INFO - In state 16187007277633237420 saw radiation_level.Radiation_Green
2026-01-27 18:20:55,361 - varanus - INFO - In state 16187007277633237420 saw radiation_level.Radiation_Green
2026-01-27 18:20:55,362 - varanus - INFO - In state 16187007277633237420 saw radiation_level.Radiation_Green
2026-01-27 18:20:55,362 - varanus - INFO - In state 16187007277633237420 saw radiation_level.Radiation_Green
2026-01-27 18:20:55,362 - varanus - INFO - In state 16187007277633237420 saw radiation_level.Radiation_Green
2026-01-27 18:20:55,362 - varanus - INFO - In state 16187007277633237420 saw radiation_level.Radiation_Green
2026-01-27 18:20:55,363 - varanus - INFO - In state 16187007277633237420 saw radiation_level.Radiation_Green
2026-01-27 18:20:55,363 - varanus - INFO - In state 16187007277633237420 saw radiation_level.Radiation_Green
2026-01-27 18:20:55,363 - varanus - INFO - In state 16187007277633237420 saw radiation_level.Radiation_Green
2026-01-27 18:20:55,363 - varanus - INFO - In state 16187007277633237420 saw radiation_level.Radiation_Green
2026-01-27 18:20:55,364 - varanus - INFO - In state 16187007277633237420 saw radiation_level.Radiation_Green
2026-01-27 18:20:55,364 - varanus - INFO - In state 16187007277633237420 saw radiation_level.Radiation_Green
2026-01-27 18:20:55,364 - varanus - INFO - In state 16187007277633237420 saw radiation_level.Radiation_Green
2026-01-27 18:20:55,364 - varanus - INFO - In state 16187007277633237420 saw radiation_level.Radiation_Green
2026-01-27 18:20:55,364 - varanus - INFO - In state 16187007277633237420 saw radiation_level.Radiation_Green
2026-01-27 18:20:55,365 - varanus - INFO - In state 16187007277633237420 saw radiation_level.Radiation_Green
2026-01-27 18:20:55,365 - varanus - INFO - In state 16187007277633237420 saw radiation_level.Radiation_Green
2026-01-27 18:20:55,365 - varanus - INFO - In state 16187007277633237420 saw radiation_level.Radiation_Green
2026-01-27 18:20:55,365 - varanus - INFO - In state 16187007277633237420 saw radiation_level.Radiation_Green
2026-01-27 18:20:55,366 - varanus - INFO - In state 16187007277633237420 saw radiation_level.Radiation_Green
2026-01-27 18:20:55,366 - varanus - INFO - In state 16187007277633237420 saw radiation_level.Radiation_Green
2026-01-27 18:20:55,366 - varanus - INFO - In state 16187007277633237420 saw radiation_level.Radiation_Green
2026-01-27 18:20:55,366 - varanus - INFO - In state 16187007277633237420 saw radiation_level.Radiation_Green
2026-01-27 18:20:55,366 - varanus - INFO - In state 16187007277633237420 saw radiation_level.Radiation_Green
2026-01-27 18:20:55,367 - varanus - INFO - In state 16187007277633237420 saw radiation_level.Radiation_Green
2026-01-27 18:20:55,367 - varanus - INFO - In state 16187007277633237420 saw radiation_level.Radiation_Green
2026-01-27 18:20:55,367 - varanus - INFO - In state 16187007277633237420 saw radiation_level.Radiation_Green
2026-01-27 18:20:55,367 - varanus - INFO - In state 16187007277633237420 saw radiation_level.Radiation_Green
2026-01-27 18:20:55,368 - varanus - INFO - In state 16187007277633237420 saw radiation_level.Radiation_Green
2026-01-27 18:20:55,368 - varanus - INFO - In state 16187007277633237420 saw radiation_level.Radiation_Green
2026-01-27 18:20:55,368 - varanus - INFO - In state 16187007277633237420 saw radiation_level.Radiation_Green
2026-01-27 18:20:55,368 - varanus - INFO - In state 16187007277633237420 saw radiation_level.Radiation_Green
2026-01-27 18:20:55,368 - varanus - INFO - In state 16187007277633237420 saw move.1
2026-01-27 18:20:55,369 - varanus - INFO - In state 824750381067182135 saw radiation_level.Radiation_Green
2026-01-27 18:20:55,369 - varanus - INFO - In state 824750381067182135 saw radiation_level.Radiation_Green
2026-01-27 18:20:55,369 - varanus - INFO - In state 824750381067182135 saw radiation_level.Radiation_Green
2026-01-27 18:20:55,369 - varanus - INFO - In state 824750381067182135 saw radiation_level.Radiation_Green
2026-01-27 18:20:55,369 - varanus - INFO - In state 824750381067182135 saw radiation_level.Radiation_Green
2026-01-27 18:20:55,370 - varanus - INFO - In state 824750381067182135 saw radiation_level.Radiation_Green
2026-01-27 18:20:55,370 - varanus - INFO - In state 824750381067182135 saw radiation_level.Radiation_Green
2026-01-27 18:20:55,370 - varanus - INFO - In state 824750381067182135 saw radiation_level.Radiation_Green
2026-01-27 18:20:55,370 - varanus - INFO - In state 824750381067182135 saw radiation_level.Radiation_Green
2026-01-27 18:20:55,371 - varanus - INFO - In state 824750381067182135 saw radiation_level.Radiation_Green
2026-01-27 18:20:55,371 - varanus - INFO - In state 824750381067182135 saw radiation_level.Radiation_Green
2026-01-27 18:20:55,371 - varanus - INFO - In state 824750381067182135 saw radiation_level.Radiation_Green
2026-01-27 18:20:55,371 - varanus - INFO - In state 824750381067182135 saw radiation_level.Radiation_Green
2026-01-27 18:20:55,371 - varanus - INFO - In state 824750381067182135 saw radiation_level.Radiation_Green
2026-01-27 18:20:55,372 - varanus - INFO - In state 824750381067182135 saw radiation_level.Radiation_Green
2026-01-27 18:20:55,372 - varanus - INFO - In state 824750381067182135 saw radiation_level.Radiation_Green
2026-01-27 18:20:55,372 - varanus - INFO - In state 824750381067182135 saw radiation_level.Radiation_Green
2026-01-27 18:20:55,372 - varanus - INFO - In state 824750381067182135 saw arrived_at.1
2026-01-27 18:20:55,373 - varanus - INFO - In state 2681491882390849628 saw radiation_level.Radiation_Green
2026-01-27 18:20:55,373 - varanus - INFO - In state 2681491882390849628 saw inspect.1
2026-01-27 18:20:55,373 - varanus - INFO - In state 5608211198945682904 saw radiation_level.Radiation_Green
2026-01-27 18:20:55,373 - varanus - INFO - In state 5608211198945682904 saw radiation_level.Radiation_Green
2026-01-27 18:20:55,373 - varanus - INFO - In state 5608211198945682904 saw radiation_level.Radiation_Green
2026-01-27 18:20:55,374 - varanus - INFO - In state 5608211198945682904 saw inspected.1
2026-01-27 18:20:55,374 - varanus - INFO - In state 16263782641888418136 saw radiation_level.Radiation_Green
2026-01-27 18:20:55,374 - varanus - INFO - In state 16263782641888418136 saw move.2
2026-01-27 18:20:55,374 - varanus - INFO - In state 13704752137067749531 saw radiation_level.Radiation_Green
2026-01-27 18:20:55,375 - varanus - INFO - In state 13704752137067749531 saw radiation_level.Radiation_Green
2026-01-27 18:20:55,375 - varanus - INFO - In state 13704752137067749531 saw radiation_level.Radiation_Green
2026-01-27 18:20:55,375 - varanus - INFO - In state 13704752137067749531 saw radiation_level.Radiation_Green
2026-01-27 18:20:55,375 - varanus - INFO - In state 13704752137067749531 saw radiation_level.Radiation_Green
2026-01-27 18:20:55,375 - varanus - INFO - In state 13704752137067749531 saw radiation_level.Radiation_Green
2026-01-27 18:20:55,376 - varanus - INFO - In state 13704752137067749531 saw radiation_level.Radiation_Green
2026-01-27 18:20:55,376 - varanus - INFO - In state 13704752137067749531 saw radiation_level.Radiation_Green
2026-01-27 18:20:55,376 - varanus - INFO - In state 13704752137067749531 saw radiation_level.Radiation_Green
2026-01-27 18:20:55,376 - varanus - INFO - In state 13704752137067749531 saw radiation_level.Radiation_Green
2026-01-27 18:20:55,377 - varanus - INFO - In state 13704752137067749531 saw radiation_level.Radiation_Green
2026-01-27 18:20:55,377 - varanus - INFO - In state 13704752137067749531 saw radiation_level.Radiation_Green
2026-01-27 18:20:55,377 - varanus - INFO - In state 13704752137067749531 saw radiation_level.Radiation_Green
2026-01-27 18:20:55,377 - varanus - INFO - In state 13704752137067749531 saw radiation_level.Radiation_Green
2026-01-27 18:20:55,378 - varanus - INFO - In state 13704752137067749531 saw radiation_level.Radiation_Green
2026-01-27 18:20:55,378 - varanus - INFO - In state 13704752137067749531 saw radiation_level.Radiation_Green
2026-01-27 18:20:55,378 - varanus - INFO - In state 13704752137067749531 saw radiation_level.Radiation_Green
2026-01-27 18:20:55,378 - varanus - INFO - In state 13704752137067749531 saw radiation_level.Radiation_Green
2026-01-27 18:20:55,378 - varanus - INFO - In state 13704752137067749531 saw radiation_level.Radiation_Green
2026-01-27 18:20:55,379 - varanus - INFO - In state 13704752137067749531 saw radiation_level.Radiation_Green
2026-01-27 18:20:55,379 - varanus - INFO - In state 13704752137067749531 saw radiation_level.Radiation_Green
2026-01-27 18:20:55,379 - varanus - INFO - In state 13704752137067749531 saw radiation_level.Radiation_Green
2026-01-27 18:20:55,379 - varanus - INFO - In state 13704752137067749531 saw radiation_level.Radiation_Green
2026-01-27 18:20:55,380 - varanus - INFO - In state 13704752137067749531 saw radiation_level.Radiation_Green
2026-01-27 18:20:55,380 - varanus - INFO - In state 13704752137067749531 saw radiation_level.Radiation_Green
2026-01-27 18:20:55,380 - varanus - INFO - In state 13704752137067749531 saw radiation_level.Radiation_Green
2026-01-27 18:20:55,380 - varanus - INFO - In state 13704752137067749531 saw arrived_at.2
2026-01-27 18:20:55,381 - varanus - INFO - In state 7177406467749526592 saw radiation_level.Radiation_Green
2026-01-27 18:20:55,381 - varanus - INFO - In state 7177406467749526592 saw inspect.2
2026-01-27 18:20:55,381 - varanus - INFO - In state 10044710452391292329 saw radiation_level.Radiation_Green
2026-01-27 18:20:55,381 - varanus - INFO - In state 10044710452391292329 saw radiation_level.Radiation_Green
2026-01-27 18:20:55,382 - varanus - INFO - In state 10044710452391292329 saw radiation_level.Radiation_Green
2026-01-27 18:20:55,382 - varanus - INFO - In state 10044710452391292329 saw inspected.2
2026-01-27 18:20:55,382 - varanus - INFO - In state 14328874361088346 saw move.3
2026-01-27 18:20:55,382 - varanus - INFO - UNEXPECTED TRANSITION
2026-01-27 18:20:55,382 - varanus - INFO - Stated alphabet returning bad state i.e. None - saw bad event
2026-01-27 18:20:55,383 - varanus - ERROR - System Violated the Specification with Trace: ['radiation_level.Radiation_Green', 'radiation_level.Radiation_Green', 'radiation_level.Radiation_Green', 'radiation_level.Radiation_Green', 'radiation_level.Radiation_Green', 'radiation_level.Radiation_Green', 'radiation_level.Radiation_Green', 'radiation_level.Radiation_Green', 'radiation_level.Radiation_Green', 'radiation_level.Radiation_Green', 'radiation_level.Radiation_Green', 'radiation_level.Radiation_Green', 'radiation_level.Radiation_Green', 'radiation_level.Radiation_Green', 'radiation_level.Radiation_Green', 'radiation_level.Radiation_Green', 'radiation_level.Radiation_Green', 'radiation_level.Radiation_Green', 'radiation_level.Radiation_Green', 'radiation_level.Radiation_Green', 'radiation_level.Radiation_Green', 'radiation_level.Radiation_Green', 'radiation_level.Radiation_Green', 'radiation_level.Radiation_Green', 'radiation_level.Radiation_Green', 'radiation_level.Radiation_Green', 'radiation_level.Radiation_Green', 'radiation_level.Radiation_Green', 'radiation_level.Radiation_Green', 'radiation_level.Radiation_Green', 'radiation_level.Radiation_Green', 'radiation_level.Radiation_Green', 'radiation_level.Radiation_Green', 'radiation_level.Radiation_Green', 'radiation_level.Radiation_Green', 'radiation_level.Radiation_Green', 'radiation_level.Radiation_Green', 'radiation_level.Radiation_Green', 'radiation_level.Radiation_Green', 'radiation_level.Radiation_Green', 'radiation_level.Radiation_Green', 'radiation_level.Radiation_Green', 'radiation_level.Radiation_Green', 'radiation_level.Radiation_Green', 'radiation_level.Radiation_Green', 'radiation_level.Radiation_Green', 'radiation_level.Radiation_Green', 'radiation_level.Radiation_Green', 'radiation_level.Radiation_Green', 'radiation_level.Radiation_Green', 'radiation_level.Radiation_Green', 'radiation_level.Radiation_Green', 'radiation_level.Radiation_Green', 'radiation_level.Radiation_Green', 'radiation_level.Radiation_Green', 'radiation_level.Radiation_Green', 'radiation_level.Radiation_Green', 'radiation_level.Radiation_Green', 'radiation_level.Radiation_Green', 'radiation_level.Radiation_Green', 'radiation_level.Radiation_Green', 'radiation_level.Radiation_Green', 'radiation_level.Radiation_Green', 'radiation_level.Radiation_Green', 'radiation_level.Radiation_Green', 'radiation_level.Radiation_Green', 'radiation_level.Radiation_Green', 'radiation_level.Radiation_Green', 'radiation_level.Radiation_Green', 'radiation_level.Radiation_Green', 'radiation_level.Radiation_Green', 'radiation_level.Radiation_Green', 'radiation_level.Radiation_Green', 'move.1', 'radiation_level.Radiation_Green', 'radiation_level.Radiation_Green', 'radiation_level.Radiation_Green', 'radiation_level.Radiation_Green', 'radiation_level.Radiation_Green', 'radiation_level.Radiation_Green', 'radiation_level.Radiation_Green', 'radiation_level.Radiation_Green', 'radiation_level.Radiation_Green', 'radiation_level.Radiation_Green', 'radiation_level.Radiation_Green', 'radiation_level.Radiation_Green', 'radiation_level.Radiation_Green', 'radiation_level.Radiation_Green', 'radiation_level.Radiation_Green', 'radiation_level.Radiation_Green', 'radiation_level.Radiation_Green', 'arrived_at.1', 'radiation_level.Radiation_Green', 'inspect.1', 'radiation_level.Radiation_Green', 'radiation_level.Radiation_Green', 'radiation_level.Radiation_Green', 'inspected.1', 'radiation_level.Radiation_Green', 'move.2', 'radiation_level.Radiation_Green', 'radiation_level.Radiation_Green', 'radiation_level.Radiation_Green', 'radiation_level.Radiation_Green', 'radiation_level.Radiation_Green', 'radiation_level.Radiation_Green', 'radiation_level.Radiation_Green', 'radiation_level.Radiation_Green', 'radiation_level.Radiation_Green', 'radiation_level.Radiation_Green', 'radiation_level.Radiation_Green', 'radiation_level.Radiation_Green', 'radiation_level.Radiation_Green', 'radiation_level.Radiation_Green', 'radiation_level.Radiation_Green', 'radiation_level.Radiation_Green', 'radiation_level.Radiation_Green', 'radiation_level.Radiation_Green', 'radiation_level.Radiation_Green', 'radiation_level.Radiation_Green', 'radiation_level.Radiation_Green', 'radiation_level.Radiation_Green', 'radiation_level.Radiation_Green', 'radiation_level.Radiation_Green', 'radiation_level.Radiation_Green', 'radiation_level.Radiation_Green', 'arrived_at.2', 'radiation_level.Radiation_Green', 'inspect.2', 'radiation_level.Radiation_Green', 'radiation_level.Radiation_Green', 'radiation_level.Radiation_Green', 'inspected.2', 'move.3']
2026-01-27 18:20:55,383 - varanus - ERROR - The permissible events were: ['radiation_level.Radiation_Orange', 'radiation_level.Radiation_Green', 'radiation_level.Radiation_Red', 'move.2', 'move.1', 'move.0']
2026-01-27 18:20:55,383 - varanus - INFO - Trace file finished with violations
2026-01-27 18:20:57,842 - varanus - INFO - +++ Build Time: 			80.6437540054s +++
2026-01-27 18:20:57,842 - varanus - INFO - +++ Check Time: 			0.0425989627838s +++
2026-01-27 18:20:57,842 - varanus - INFO - +++ Average Transition Time: 	0.000229799925391s (134 events) +++
2026-01-27 18:20:57,843 - varanus - INFO - +++ Total Time: 			80.8651609421s +++
