2026-01-27 18:22:31,154 - varanus - INFO - +++ Testing rover_robochart_model_ras_pass_trace_fails +++
2026-01-27 18:22:31,154 - varanus - INFO - Preprocessing...
2026-01-27 18:22:31,154 - varanus - INFO - Preprocessing: pass
2026-01-27 18:22:31,154 - varanus - INFO - +++ Running Offline +++
2026-01-27 18:22:31,273 - varanus - INFO - Building CSP State Machine. Please Wait
2026-01-27 18:23:27,215 - varanus - INFO - Building CSP State Machine
2026-01-27 18:23:27,220 - varanus - INFO - +++ checking that normal(RCSystem) is deterministic with given alphabets +++
2026-01-27 18:23:27,220 - varanus - INFO - +++ starting monitoring against normal(RCSystem) +++
2026-01-27 18:23:27,220 - varanus - INFO - +++ Running Offline -- Using State Machine +++
2026-01-27 18:23:27,220 - varanus - INFO - Parsing trace file at: oracles/inspection-rover-ras/trace-json-pass.txt
2026-01-27 18:23:27,232 - varanus - INFO - Parsed trace file OK
2026-01-27 18:23:27,232 - varanus - INFO - Checking trace file: oracles/inspection-rover-ras/trace-json-pass.txt
2026-01-27 18:23:27,232 - varanus - INFO - In state 16187007277633237420 saw radiation_level.Radiation_Green
2026-01-27 18:23:27,232 - varanus - INFO - In state 16187007277633237420 saw radiation_level.Radiation_Green
2026-01-27 18:23:27,232 - varanus - INFO - In state 16187007277633237420 saw radiation_level.Radiation_Green
2026-01-27 18:23:27,232 - varanus - INFO - In state 16187007277633237420 saw radiation_level.Radiation_Green
2026-01-27 18:23:27,232 - varanus - INFO - In state 16187007277633237420 saw radiation_level.Radiation_Green
2026-01-27 18:23:27,233 - varanus - INFO - In state 16187007277633237420 saw radiation_level.Radiation_Green
2026-01-27 18:23:27,233 - varanus - INFO - In state 16187007277633237420 saw radiation_level.Radiation_Green
2026-01-27 18:23:27,233 - varanus - INFO - In state 16187007277633237420 saw radiation_level.Radiation_Green
2026-01-27 18:23:27,233 - varanus - INFO - In state 16187007277633237420 saw radiation_level.Radiation_Green
2026-01-27 18:23:27,233 - varanus - INFO - In state 16187007277633237420 saw radiation_level.Radiation_Green
2026-01-27 18:23:27,233 - varanus - INFO - In state 16187007277633237420 saw radiation_level.Radiation_Green
2026-01-27 18:23:27,233 - varanus - INFO - In state 16187007277633237420 saw radiation_level.Radiation_Green
2026-01-27 18:23:27,234 - varanus - INFO - In state 16187007277633237420 saw radiation_level.Radiation_Green
2026-01-27 18:23:27,234 - varanus - INFO - In state 16187007277633237420 saw radiation_level.Radiation_Green
2026-01-27 18:23:27,234 - varanus - INFO - In state 16187007277633237420 saw radiation_level.Radiation_Green
2026-01-27 18:23:27,234 - varanus - INFO - In state 16187007277633237420 saw radiation_level.Radiation_Green
2026-01-27 18:23:27,234 - varanus - INFO - In state 16187007277633237420 saw radiation_level.Radiation_Green
2026-01-27 18:23:27,234 - varanus - INFO - In state 16187007277633237420 saw radiation_level.Radiation_Green
2026-01-27 18:23:27,234 - varanus - INFO - In state 16187007277633237420 saw radiation_level.Radiation_Green
2026-01-27 18:23:27,234 - varanus - INFO - In state 16187007277633237420 saw radiation_level.Radiation_Green
2026-01-27 18:23:27,235 - varanus - INFO - In state 16187007277633237420 saw radiation_level.Radiation_Green
2026-01-27 18:23:27,235 - varanus - INFO - In state 16187007277633237420 saw radiation_level.Radiation_Green
2026-01-27 18:23:27,235 - varanus - INFO - In state 16187007277633237420 saw radiation_level.Radiation_Green
2026-01-27 18:23:27,235 - varanus - INFO - In state 16187007277633237420 saw radiation_level.Radiation_Green
2026-01-27 18:23:27,235 - varanus - INFO - In state 16187007277633237420 saw radiation_level.Radiation_Green
2026-01-27 18:23:27,235 - varanus - INFO - In state 16187007277633237420 saw radiation_level.Radiation_Green
2026-01-27 18:23:27,235 - varanus - INFO - In state 16187007277633237420 saw radiation_level.Radiation_Green
2026-01-27 18:23:27,235 - varanus - INFO - In state 16187007277633237420 saw radiation_level.Radiation_Green
2026-01-27 18:23:27,236 - varanus - INFO - In state 16187007277633237420 saw radiation_level.Radiation_Green
2026-01-27 18:23:27,236 - varanus - INFO - In state 16187007277633237420 saw radiation_level.Radiation_Green
2026-01-27 18:23:27,236 - varanus - INFO - In state 16187007277633237420 saw radiation_level.Radiation_Green
2026-01-27 18:23:27,236 - varanus - INFO - In state 16187007277633237420 saw radiation_level.Radiation_Green
2026-01-27 18:23:27,236 - varanus - INFO - In state 16187007277633237420 saw radiation_level.Radiation_Green
2026-01-27 18:23:27,236 - varanus - INFO - In state 16187007277633237420 saw radiation_level.Radiation_Green
2026-01-27 18:23:27,236 - varanus - INFO - In state 16187007277633237420 saw radiation_level.Radiation_Green
2026-01-27 18:23:27,237 - varanus - INFO - In state 16187007277633237420 saw radiation_level.Radiation_Green
2026-01-27 18:23:27,237 - varanus - INFO - In state 16187007277633237420 saw radiation_level.Radiation_Green
2026-01-27 18:23:27,237 - varanus - INFO - In state 16187007277633237420 saw radiation_level.Radiation_Green
2026-01-27 18:23:27,237 - varanus - INFO - In state 16187007277633237420 saw radiation_level.Radiation_Green
2026-01-27 18:23:27,237 - varanus - INFO - In state 16187007277633237420 saw radiation_level.Radiation_Green
2026-01-27 18:23:27,237 - varanus - INFO - In state 16187007277633237420 saw radiation_level.Radiation_Green
2026-01-27 18:23:27,237 - varanus - INFO - In state 16187007277633237420 saw radiation_level.Radiation_Green
2026-01-27 18:23:27,237 - varanus - INFO - In state 16187007277633237420 saw radiation_level.Radiation_Green
2026-01-27 18:23:27,238 - varanus - INFO - In state 16187007277633237420 saw radiation_level.Radiation_Green
2026-01-27 18:23:27,238 - varanus - INFO - In state 16187007277633237420 saw radiation_level.Radiation_Green
2026-01-27 18:23:27,238 - varanus - INFO - In state 16187007277633237420 saw radiation_level.Radiation_Green
2026-01-27 18:23:27,238 - varanus - INFO - In state 16187007277633237420 saw radiation_level.Radiation_Green
2026-01-27 18:23:27,238 - varanus - INFO - In state 16187007277633237420 saw radiation_level.Radiation_Green
2026-01-27 18:23:27,238 - varanus - INFO - In state 16187007277633237420 saw radiation_level.Radiation_Green
2026-01-27 18:23:27,238 - varanus - INFO - In state 16187007277633237420 saw radiation_level.Radiation_Green
2026-01-27 18:23:27,239 - varanus - INFO - In state 16187007277633237420 saw radiation_level.Radiation_Green
2026-01-27 18:23:27,239 - varanus - INFO - In state 16187007277633237420 saw radiation_level.Radiation_Green
2026-01-27 18:23:27,239 - varanus - INFO - In state 16187007277633237420 saw radiation_level.Radiation_Green
2026-01-27 18:23:27,239 - varanus - INFO - In state 16187007277633237420 saw radiation_level.Radiation_Green
2026-01-27 18:23:27,239 - varanus - INFO - In state 16187007277633237420 saw radiation_level.Radiation_Green
2026-01-27 18:23:27,239 - varanus - INFO - In state 16187007277633237420 saw radiation_level.Radiation_Green
2026-01-27 18:23:27,239 - varanus - INFO - In state 16187007277633237420 saw radiation_level.Radiation_Green
2026-01-27 18:23:27,239 - varanus - INFO - In state 16187007277633237420 saw radiation_level.Radiation_Green
2026-01-27 18:23:27,240 - varanus - INFO - In state 16187007277633237420 saw radiation_level.Radiation_Green
2026-01-27 18:23:27,240 - varanus - INFO - In state 16187007277633237420 saw radiation_level.Radiation_Green
2026-01-27 18:23:27,240 - varanus - INFO - In state 16187007277633237420 saw radiation_level.Radiation_Green
2026-01-27 18:23:27,240 - varanus - INFO - In state 16187007277633237420 saw radiation_level.Radiation_Green
2026-01-27 18:23:27,240 - varanus - INFO - In state 16187007277633237420 saw radiation_level.Radiation_Green
2026-01-27 18:23:27,240 - varanus - INFO - In state 16187007277633237420 saw radiation_level.Radiation_Green
2026-01-27 18:23:27,240 - varanus - INFO - In state 16187007277633237420 saw radiation_level.Radiation_Green
2026-01-27 18:23:27,240 - varanus - INFO - In state 16187007277633237420 saw radiation_level.Radiation_Green
2026-01-27 18:23:27,241 - varanus - INFO - In state 16187007277633237420 saw radiation_level.Radiation_Green
2026-01-27 18:23:27,241 - varanus - INFO - In state 16187007277633237420 saw radiation_level.Radiation_Green
2026-01-27 18:23:27,241 - varanus - INFO - In state 16187007277633237420 saw radiation_level.Radiation_Green
2026-01-27 18:23:27,241 - varanus - INFO - In state 16187007277633237420 saw radiation_level.Radiation_Green
2026-01-27 18:23:27,241 - varanus - INFO - In state 16187007277633237420 saw radiation_level.Radiation_Green
2026-01-27 18:23:27,241 - varanus - INFO - In state 16187007277633237420 saw radiation_level.Radiation_Green
2026-01-27 18:23:27,241 - varanus - INFO - In state 16187007277633237420 saw radiation_level.Radiation_Green
2026-01-27 18:23:27,241 - varanus - INFO - In state 16187007277633237420 saw move.1
2026-01-27 18:23:27,242 - varanus - INFO - In state 824750381067182135 saw radiation_level.Radiation_Green
2026-01-27 18:23:27,242 - varanus - INFO - In state 824750381067182135 saw radiation_level.Radiation_Green
2026-01-27 18:23:27,242 - varanus - INFO - In state 824750381067182135 saw radiation_level.Radiation_Green
2026-01-27 18:23:27,242 - varanus - INFO - In state 824750381067182135 saw radiation_level.Radiation_Green
2026-01-27 18:23:27,242 - varanus - INFO - In state 824750381067182135 saw radiation_level.Radiation_Green
2026-01-27 18:23:27,242 - varanus - INFO - In state 824750381067182135 saw radiation_level.Radiation_Green
2026-01-27 18:23:27,242 - varanus - INFO - In state 824750381067182135 saw radiation_level.Radiation_Green
2026-01-27 18:23:27,242 - varanus - INFO - In state 824750381067182135 saw radiation_level.Radiation_Green
2026-01-27 18:23:27,243 - varanus - INFO - In state 824750381067182135 saw radiation_level.Radiation_Green
2026-01-27 18:23:27,243 - varanus - INFO - In state 824750381067182135 saw radiation_level.Radiation_Green
2026-01-27 18:23:27,243 - varanus - INFO - In state 824750381067182135 saw radiation_level.Radiation_Green
2026-01-27 18:23:27,243 - varanus - INFO - In state 824750381067182135 saw radiation_level.Radiation_Green
2026-01-27 18:23:27,243 - varanus - INFO - In state 824750381067182135 saw radiation_level.Radiation_Green
2026-01-27 18:23:27,243 - varanus - INFO - In state 824750381067182135 saw radiation_level.Radiation_Green
2026-01-27 18:23:27,243 - varanus - INFO - In state 824750381067182135 saw radiation_level.Radiation_Green
2026-01-27 18:23:27,243 - varanus - INFO - In state 824750381067182135 saw radiation_level.Radiation_Green
2026-01-27 18:23:27,244 - varanus - INFO - In state 824750381067182135 saw radiation_level.Radiation_Green
2026-01-27 18:23:27,244 - varanus - INFO - In state 824750381067182135 saw arrived_at.1
2026-01-27 18:23:27,244 - varanus - INFO - In state 2681491882390849628 saw radiation_level.Radiation_Green
2026-01-27 18:23:27,244 - varanus - INFO - In state 2681491882390849628 saw inspect.1
2026-01-27 18:23:27,244 - varanus - INFO - In state 5608211198945682904 saw radiation_level.Radiation_Green
2026-01-27 18:23:27,244 - varanus - INFO - In state 5608211198945682904 saw radiation_level.Radiation_Green
2026-01-27 18:23:27,244 - varanus - INFO - In state 5608211198945682904 saw radiation_level.Radiation_Green
2026-01-27 18:23:27,244 - varanus - INFO - In state 5608211198945682904 saw inspected.1
2026-01-27 18:23:27,245 - varanus - INFO - In state 16263782641888418136 saw radiation_level.Radiation_Green
2026-01-27 18:23:27,245 - varanus - INFO - In state 16263782641888418136 saw move.2
2026-01-27 18:23:27,245 - varanus - INFO - In state 13704752137067749531 saw radiation_level.Radiation_Green
2026-01-27 18:23:27,245 - varanus - INFO - In state 13704752137067749531 saw radiation_level.Radiation_Green
2026-01-27 18:23:27,245 - varanus - INFO - In state 13704752137067749531 saw radiation_level.Radiation_Green
2026-01-27 18:23:27,245 - varanus - INFO - In state 13704752137067749531 saw radiation_level.Radiation_Green
2026-01-27 18:23:27,245 - varanus - INFO - In state 13704752137067749531 saw radiation_level.Radiation_Green
2026-01-27 18:23:27,245 - varanus - INFO - In state 13704752137067749531 saw radiation_level.Radiation_Green
2026-01-27 18:23:27,246 - varanus - INFO - In state 13704752137067749531 saw radiation_level.Radiation_Green
2026-01-27 18:23:27,246 - varanus - INFO - In state 13704752137067749531 saw radiation_level.Radiation_Green
2026-01-27 18:23:27,246 - varanus - INFO - In state 13704752137067749531 saw radiation_level.Radiation_Green
2026-01-27 18:23:27,246 - varanus - INFO - In state 13704752137067749531 saw radiation_level.Radiation_Green
2026-01-27 18:23:27,246 - varanus - INFO - In state 13704752137067749531 saw radiation_level.Radiation_Green
2026-01-27 18:23:27,246 - varanus - INFO - In state 13704752137067749531 saw radiation_level.Radiation_Green
2026-01-27 18:23:27,246 - varanus - INFO - In state 13704752137067749531 saw radiation_level.Radiation_Green
2026-01-27 18:23:27,247 - varanus - INFO - In state 13704752137067749531 saw radiation_level.Radiation_Green
2026-01-27 18:23:27,247 - varanus - INFO - In state 13704752137067749531 saw radiation_level.Radiation_Green
2026-01-27 18:23:27,247 - varanus - INFO - In state 13704752137067749531 saw radiation_level.Radiation_Green
2026-01-27 18:23:27,247 - varanus - INFO - In state 13704752137067749531 saw radiation_level.Radiation_Green
2026-01-27 18:23:27,247 - varanus - INFO - In state 13704752137067749531 saw radiation_level.Radiation_Green
2026-01-27 18:23:27,247 - varanus - INFO - In state 13704752137067749531 saw radiation_level.Radiation_Green
2026-01-27 18:23:27,247 - varanus - INFO - In state 13704752137067749531 saw radiation_level.Radiation_Green
2026-01-27 18:23:27,247 - varanus - INFO - In state 13704752137067749531 saw radiation_level.Radiation_Green
2026-01-27 18:23:27,247 - varanus - INFO - In state 13704752137067749531 saw radiation_level.Radiation_Green
2026-01-27 18:23:27,248 - varanus - INFO - In state 13704752137067749531 saw radiation_level.Radiation_Green
2026-01-27 18:23:27,248 - varanus - INFO - In state 13704752137067749531 saw radiation_level.Radiation_Green
2026-01-27 18:23:27,248 - varanus - INFO - In state 13704752137067749531 saw radiation_level.Radiation_Green
2026-01-27 18:23:27,248 - varanus - INFO - In state 13704752137067749531 saw radiation_level.Radiation_Green
2026-01-27 18:23:27,248 - varanus - INFO - In state 13704752137067749531 saw arrived_at.2
2026-01-27 18:23:27,248 - varanus - INFO - In state 7177406467749526592 saw radiation_level.Radiation_Green
2026-01-27 18:23:27,248 - varanus - INFO - In state 7177406467749526592 saw inspect.2
2026-01-27 18:23:27,249 - varanus - INFO - In state 10044710452391292329 saw radiation_level.Radiation_Green
2026-01-27 18:23:27,249 - varanus - INFO - In state 10044710452391292329 saw radiation_level.Radiation_Green
2026-01-27 18:23:27,249 - varanus - INFO - In state 10044710452391292329 saw radiation_level.Radiation_Green
2026-01-27 18:23:27,249 - varanus - INFO - In state 10044710452391292329 saw inspected.2
2026-01-27 18:23:27,249 - varanus - INFO - In state 14328874361088346 saw move.3
2026-01-27 18:23:27,249 - varanus - INFO - UNEXPECTED TRANSITION
2026-01-27 18:23:27,249 - varanus - INFO - Stated alphabet returning bad state i.e. None - saw bad event
2026-01-27 18:23:27,249 - varanus - ERROR - System Violated the Specification with Trace: ['radiation_level.Radiation_Green', 'radiation_level.Radiation_Green', 'radiation_level.Radiation_Green', 'radiation_level.Radiation_Green', 'radiation_level.Radiation_Green', 'radiation_level.Radiation_Green', 'radiation_level.Radiation_Green', 'radiation_level.Radiation_Green', 'radiation_level.Radiation_Green', 'radiation_level.Radiation_Green', 'radiation_level.Radiation_Green', 'radiation_level.Radiation_Green', 'radiation_level.Radiation_Green', 'radiation_level.Radiation_Green', 'radiation_level.Radiation_Green', 'radiation_level.Radiation_Green', 'radiation_level.Radiation_Green', 'radiation_level.Radiation_Green', 'radiation_level.Radiation_Green', 'radiation_level.Radiation_Green', 'radiation_level.Radiation_Green', 'radiation_level.Radiation_Green', 'radiation_level.Radiation_Green', 'radiation_level.Radiation_Green', 'radiation_level.Radiation_Green', 'radiation_level.Radiation_Green', 'radiation_level.Radiation_Green', 'radiation_level.Radiation_Green', 'radiation_level.Radiation_Green', 'radiation_level.Radiation_Green', 'radiation_level.Radiation_Green', 'radiation_level.Radiation_Green', 'radiation_level.Radiation_Green', 'radiation_level.Radiation_Green', 'radiation_level.Radiation_Green', 'radiation_level.Radiation_Green', 'radiation_level.Radiation_Green', 'radiation_level.Radiation_Green', 'radiation_level.Radiation_Green', 'radiation_level.Radiation_Green', 'radiation_level.Radiation_Green', 'radiation_level.Radiation_Green', 'radiation_level.Radiation_Green', 'radiation_level.Radiation_Green', 'radiation_level.Radiation_Green', 'radiation_level.Radiation_Green', 'radiation_level.Radiation_Green', 'radiation_level.Radiation_Green', 'radiation_level.Radiation_Green', 'radiation_level.Radiation_Green', 'radiation_level.Radiation_Green', 'radiation_level.Radiation_Green', 'radiation_level.Radiation_Green', 'radiation_level.Radiation_Green', 'radiation_level.Radiation_Green', 'radiation_level.Radiation_Green', 'radiation_level.Radiation_Green', 'radiation_level.Radiation_Green', 'radiation_level.Radiation_Green', 'radiation_level.Radiation_Green', 'radiation_level.Radiation_Green', 'radiation_level.Radiation_Green', 'radiation_level.Radiation_Green', 'radiation_level.Radiation_Green', 'radiation_level.Radiation_Green', 'radiation_level.Radiation_Green', 'radiation_level.Radiation_Green', 'radiation_level.Radiation_Green', 'radiation_level.Radiation_Green', 'radiation_level.Radiation_Green', 'radiation_level.Radiation_Green', 'radiation_level.Radiation_Green', 'radiation_level.Radiation_Green', 'move.1', 'radiation_level.Radiation_Green', 'radiation_level.Radiation_Green', 'radiation_level.Radiation_Green', 'radiation_level.Radiation_Green', 'radiation_level.Radiation_Green', 'radiation_level.Radiation_Green', 'radiation_level.Radiation_Green', 'radiation_level.Radiation_Green', 'radiation_level.Radiation_Green', 'radiation_level.Radiation_Green', 'radiation_level.Radiation_Green', 'radiation_level.Radiation_Green', 'radiation_level.Radiation_Green', 'radiation_level.Radiation_Green', 'radiation_level.Radiation_Green', 'radiation_level.Radiation_Green', 'radiation_level.Radiation_Green', 'arrived_at.1', 'radiation_level.Radiation_Green', 'inspect.1', 'radiation_level.Radiation_Green', 'radiation_level.Radiation_Green', 'radiation_level.Radiation_Green', 'inspected.1', 'radiation_level.Radiation_Green', 'move.2', 'radiation_level.Radiation_Green', 'radiation_level.Radiation_Green', 'radiation_level.Radiation_Green', 'radiation_level.Radiation_Green', 'radiation_level.Radiation_Green', 'radiation_level.Radiation_Green', 'radiation_level.Radiation_Green', 'radiation_level.Radiation_Green', 'radiation_level.Radiation_Green', 'radiation_level.Radiation_Green', 'radiation_level.Radiation_Green', 'radiation_level.Radiation_Green', 'radiation_level.Radiation_Green', 'radiation_level.Radiation_Green', 'radiation_level.Radiation_Green', 'radiation_level.Radiation_Green', 'radiation_level.Radiation_Green', 'radiation_level.Radiation_Green', 'radiation_level.Radiation_Green', 'radiation_level.Radiation_Green', 'radiation_level.Radiation_Green', 'radiation_level.Radiation_Green', 'radiation_level.Radiation_Green', 'radiation_level.Radiation_Green', 'radiation_level.Radiation_Green', 'radiation_level.Radiation_Green', 'arrived_at.2', 'radiation_level.Radiation_Green', 'inspect.2', 'radiation_level.Radiation_Green', 'radiation_level.Radiation_Green', 'radiation_level.Radiation_Green', 'inspected.2', 'move.3']
2026-01-27 18:23:27,249 - varanus - ERROR - The permissible events were: ['radiation_level.Radiation_Orange', 'radiation_level.Radiation_Green', 'radiation_level.Radiation_Red', 'move.2', 'move.1', 'move.0']
2026-01-27 18:23:27,249 - varanus - INFO - Trace file finished with violations
2026-01-27 18:23:29,738 - varanus - INFO - +++ Build Time: 			55.9473080635s +++
2026-01-27 18:23:29,738 - varanus - INFO - +++ Check Time: 			0.0291531085968s +++
2026-01-27 18:23:29,738 - varanus - INFO - +++ Average Transition Time: 	0.000130605341783s (134 events) +++
2026-01-27 18:23:29,738 - varanus - INFO - +++ Total Time: 			56.0955798626s +++
