2026-01-27 19:35:03,283 - varanus - INFO - +++ Testing rover_robochart_model_ras_fail_ordering +++
2026-01-27 19:35:03,283 - varanus - INFO - Preprocessing...
2026-01-27 19:35:03,283 - varanus - INFO - Preprocessing: pass
2026-01-27 19:35:03,284 - varanus - INFO - +++ Running Offline +++
2026-01-27 19:35:03,484 - varanus - INFO - Building CSP State Machine. Please Wait
2026-01-27 19:36:37,392 - varanus - INFO - Building CSP State Machine
2026-01-27 19:36:37,399 - varanus - INFO - +++ checking that normal(RCSystem) is deterministic with given alphabets +++
2026-01-27 19:36:37,400 - varanus - INFO - +++ starting monitoring against normal(RCSystem) +++
2026-01-27 19:36:37,400 - varanus - INFO - +++ Running Offline -- Using State Machine +++
2026-01-27 19:36:37,400 - varanus - INFO - Parsing trace file at: oracles/inspection-rover-ras/trace-json-fail-message-order.txt
2026-01-27 19:36:37,425 - varanus - INFO - Parsed trace file OK
2026-01-27 19:36:37,425 - varanus - INFO - Checking trace file: oracles/inspection-rover-ras/trace-json-fail-message-order.txt
2026-01-27 19:36:37,425 - varanus - INFO - In state 16187007277633237420 saw radiation_level.Radiation_Green
2026-01-27 19:36:37,426 - varanus - INFO - In state 16187007277633237420 saw radiation_level.Radiation_Green
2026-01-27 19:36:37,426 - varanus - INFO - In state 16187007277633237420 saw radiation_level.Radiation_Green
2026-01-27 19:36:37,426 - varanus - INFO - In state 16187007277633237420 saw radiation_level.Radiation_Green
2026-01-27 19:36:37,427 - varanus - INFO - In state 16187007277633237420 saw radiation_level.Radiation_Green
2026-01-27 19:36:37,427 - varanus - INFO - In state 16187007277633237420 saw radiation_level.Radiation_Green
2026-01-27 19:36:37,428 - varanus - INFO - In state 16187007277633237420 saw radiation_level.Radiation_Green
2026-01-27 19:36:37,428 - varanus - INFO - In state 16187007277633237420 saw radiation_level.Radiation_Green
2026-01-27 19:36:37,428 - varanus - INFO - In state 16187007277633237420 saw radiation_level.Radiation_Green
2026-01-27 19:36:37,429 - varanus - INFO - In state 16187007277633237420 saw radiation_level.Radiation_Green
2026-01-27 19:36:37,429 - varanus - INFO - In state 16187007277633237420 saw radiation_level.Radiation_Green
2026-01-27 19:36:37,429 - varanus - INFO - In state 16187007277633237420 saw radiation_level.Radiation_Green
2026-01-27 19:36:37,430 - varanus - INFO - In state 16187007277633237420 saw radiation_level.Radiation_Green
2026-01-27 19:36:37,430 - varanus - INFO - In state 16187007277633237420 saw radiation_level.Radiation_Green
2026-01-27 19:36:37,431 - varanus - INFO - In state 16187007277633237420 saw radiation_level.Radiation_Green
2026-01-27 19:36:37,431 - varanus - INFO - In state 16187007277633237420 saw radiation_level.Radiation_Green
2026-01-27 19:36:37,431 - varanus - INFO - In state 16187007277633237420 saw radiation_level.Radiation_Green
2026-01-27 19:36:37,432 - varanus - INFO - In state 16187007277633237420 saw radiation_level.Radiation_Green
2026-01-27 19:36:37,432 - varanus - INFO - In state 16187007277633237420 saw radiation_level.Radiation_Green
2026-01-27 19:36:37,432 - varanus - INFO - In state 16187007277633237420 saw radiation_level.Radiation_Green
2026-01-27 19:36:37,433 - varanus - INFO - In state 16187007277633237420 saw radiation_level.Radiation_Green
2026-01-27 19:36:37,433 - varanus - INFO - In state 16187007277633237420 saw radiation_level.Radiation_Green
2026-01-27 19:36:37,433 - varanus - INFO - In state 16187007277633237420 saw radiation_level.Radiation_Green
2026-01-27 19:36:37,434 - varanus - INFO - In state 16187007277633237420 saw radiation_level.Radiation_Green
2026-01-27 19:36:37,434 - varanus - INFO - In state 16187007277633237420 saw radiation_level.Radiation_Green
2026-01-27 19:36:37,435 - varanus - INFO - In state 16187007277633237420 saw radiation_level.Radiation_Green
2026-01-27 19:36:37,435 - varanus - INFO - In state 16187007277633237420 saw radiation_level.Radiation_Green
2026-01-27 19:36:37,435 - varanus - INFO - In state 16187007277633237420 saw radiation_level.Radiation_Green
2026-01-27 19:36:37,436 - varanus - INFO - In state 16187007277633237420 saw radiation_level.Radiation_Green
2026-01-27 19:36:37,436 - varanus - INFO - In state 16187007277633237420 saw radiation_level.Radiation_Green
2026-01-27 19:36:37,436 - varanus - INFO - In state 16187007277633237420 saw radiation_level.Radiation_Green
2026-01-27 19:36:37,437 - varanus - INFO - In state 16187007277633237420 saw radiation_level.Radiation_Green
2026-01-27 19:36:37,437 - varanus - INFO - In state 16187007277633237420 saw radiation_level.Radiation_Green
2026-01-27 19:36:37,437 - varanus - INFO - In state 16187007277633237420 saw radiation_level.Radiation_Green
2026-01-27 19:36:37,438 - varanus - INFO - In state 16187007277633237420 saw radiation_level.Radiation_Green
2026-01-27 19:36:37,438 - varanus - INFO - In state 16187007277633237420 saw radiation_level.Radiation_Green
2026-01-27 19:36:37,438 - varanus - INFO - In state 16187007277633237420 saw radiation_level.Radiation_Green
2026-01-27 19:36:37,439 - varanus - INFO - In state 16187007277633237420 saw radiation_level.Radiation_Green
2026-01-27 19:36:37,439 - varanus - INFO - In state 16187007277633237420 saw radiation_level.Radiation_Green
2026-01-27 19:36:37,440 - varanus - INFO - In state 16187007277633237420 saw radiation_level.Radiation_Green
2026-01-27 19:36:37,440 - varanus - INFO - In state 16187007277633237420 saw radiation_level.Radiation_Green
2026-01-27 19:36:37,440 - varanus - INFO - In state 16187007277633237420 saw radiation_level.Radiation_Green
2026-01-27 19:36:37,440 - varanus - INFO - In state 16187007277633237420 saw radiation_level.Radiation_Green
2026-01-27 19:36:37,441 - varanus - INFO - In state 16187007277633237420 saw radiation_level.Radiation_Green
2026-01-27 19:36:37,441 - varanus - INFO - In state 16187007277633237420 saw radiation_level.Radiation_Green
2026-01-27 19:36:37,441 - varanus - INFO - In state 16187007277633237420 saw radiation_level.Radiation_Green
2026-01-27 19:36:37,442 - varanus - INFO - In state 16187007277633237420 saw radiation_level.Radiation_Green
2026-01-27 19:36:37,442 - varanus - INFO - In state 16187007277633237420 saw radiation_level.Radiation_Green
2026-01-27 19:36:37,442 - varanus - INFO - In state 16187007277633237420 saw radiation_level.Radiation_Green
2026-01-27 19:36:37,443 - varanus - INFO - In state 16187007277633237420 saw radiation_level.Radiation_Green
2026-01-27 19:36:37,443 - varanus - INFO - In state 16187007277633237420 saw radiation_level.Radiation_Green
2026-01-27 19:36:37,443 - varanus - INFO - In state 16187007277633237420 saw radiation_level.Radiation_Green
2026-01-27 19:36:37,443 - varanus - INFO - In state 16187007277633237420 saw radiation_level.Radiation_Green
2026-01-27 19:36:37,444 - varanus - INFO - In state 16187007277633237420 saw radiation_level.Radiation_Green
2026-01-27 19:36:37,444 - varanus - INFO - In state 16187007277633237420 saw radiation_level.Radiation_Green
2026-01-27 19:36:37,444 - varanus - INFO - In state 16187007277633237420 saw radiation_level.Radiation_Green
2026-01-27 19:36:37,445 - varanus - INFO - In state 16187007277633237420 saw radiation_level.Radiation_Green
2026-01-27 19:36:37,445 - varanus - INFO - In state 16187007277633237420 saw radiation_level.Radiation_Green
2026-01-27 19:36:37,445 - varanus - INFO - In state 16187007277633237420 saw radiation_level.Radiation_Green
2026-01-27 19:36:37,446 - varanus - INFO - In state 16187007277633237420 saw radiation_level.Radiation_Green
2026-01-27 19:36:37,446 - varanus - INFO - In state 16187007277633237420 saw radiation_level.Radiation_Green
2026-01-27 19:36:37,446 - varanus - INFO - In state 16187007277633237420 saw radiation_level.Radiation_Green
2026-01-27 19:36:37,446 - varanus - INFO - In state 16187007277633237420 saw radiation_level.Radiation_Green
2026-01-27 19:36:37,447 - varanus - INFO - In state 16187007277633237420 saw radiation_level.Radiation_Green
2026-01-27 19:36:37,447 - varanus - INFO - In state 16187007277633237420 saw radiation_level.Radiation_Green
2026-01-27 19:36:37,447 - varanus - INFO - In state 16187007277633237420 saw radiation_level.Radiation_Green
2026-01-27 19:36:37,448 - varanus - INFO - In state 16187007277633237420 saw radiation_level.Radiation_Green
2026-01-27 19:36:37,448 - varanus - INFO - In state 16187007277633237420 saw radiation_level.Radiation_Green
2026-01-27 19:36:37,448 - varanus - INFO - In state 16187007277633237420 saw radiation_level.Radiation_Green
2026-01-27 19:36:37,448 - varanus - INFO - In state 16187007277633237420 saw radiation_level.Radiation_Green
2026-01-27 19:36:37,449 - varanus - INFO - In state 16187007277633237420 saw radiation_level.Radiation_Green
2026-01-27 19:36:37,449 - varanus - INFO - In state 16187007277633237420 saw radiation_level.Radiation_Green
2026-01-27 19:36:37,449 - varanus - INFO - In state 16187007277633237420 saw radiation_level.Radiation_Green
2026-01-27 19:36:37,450 - varanus - INFO - In state 16187007277633237420 saw move.1
2026-01-27 19:36:37,450 - varanus - INFO - In state 824750381067182135 saw radiation_level.Radiation_Green
2026-01-27 19:36:37,450 - varanus - INFO - In state 824750381067182135 saw radiation_level.Radiation_Green
2026-01-27 19:36:37,450 - varanus - INFO - In state 824750381067182135 saw radiation_level.Radiation_Green
2026-01-27 19:36:37,451 - varanus - INFO - In state 824750381067182135 saw radiation_level.Radiation_Green
2026-01-27 19:36:37,451 - varanus - INFO - In state 824750381067182135 saw radiation_level.Radiation_Green
2026-01-27 19:36:37,451 - varanus - INFO - In state 824750381067182135 saw radiation_level.Radiation_Green
2026-01-27 19:36:37,452 - varanus - INFO - In state 824750381067182135 saw radiation_level.Radiation_Green
2026-01-27 19:36:37,452 - varanus - INFO - In state 824750381067182135 saw radiation_level.Radiation_Green
2026-01-27 19:36:37,452 - varanus - INFO - In state 824750381067182135 saw radiation_level.Radiation_Green
2026-01-27 19:36:37,453 - varanus - INFO - In state 824750381067182135 saw radiation_level.Radiation_Green
2026-01-27 19:36:37,453 - varanus - INFO - In state 824750381067182135 saw radiation_level.Radiation_Green
2026-01-27 19:36:37,453 - varanus - INFO - In state 824750381067182135 saw radiation_level.Radiation_Green
2026-01-27 19:36:37,453 - varanus - INFO - In state 824750381067182135 saw radiation_level.Radiation_Green
2026-01-27 19:36:37,454 - varanus - INFO - In state 824750381067182135 saw radiation_level.Radiation_Green
2026-01-27 19:36:37,454 - varanus - INFO - In state 824750381067182135 saw radiation_level.Radiation_Green
2026-01-27 19:36:37,454 - varanus - INFO - In state 824750381067182135 saw radiation_level.Radiation_Green
2026-01-27 19:36:37,454 - varanus - INFO - In state 824750381067182135 saw radiation_level.Radiation_Green
2026-01-27 19:36:37,455 - varanus - INFO - In state 824750381067182135 saw arrived_at.1
2026-01-27 19:36:37,456 - varanus - INFO - In state 2681491882390849628 saw radiation_level.Radiation_Green
2026-01-27 19:36:37,457 - varanus - INFO - In state 2681491882390849628 saw inspect.1
2026-01-27 19:36:37,457 - varanus - INFO - In state 5608211198945682904 saw radiation_level.Radiation_Green
2026-01-27 19:36:37,457 - varanus - INFO - In state 5608211198945682904 saw radiation_level.Radiation_Green
2026-01-27 19:36:37,458 - varanus - INFO - In state 5608211198945682904 saw radiation_level.Radiation_Green
2026-01-27 19:36:37,458 - varanus - INFO - In state 5608211198945682904 saw inspected.1
2026-01-27 19:36:37,458 - varanus - INFO - In state 16263782641888418136 saw radiation_level.Radiation_Green
2026-01-27 19:36:37,459 - varanus - INFO - In state 16263782641888418136 saw inspect.2
2026-01-27 19:36:37,459 - varanus - INFO - UNEXPECTED TRANSITION
2026-01-27 19:36:37,459 - varanus - INFO - Stated alphabet returning bad state i.e. None - saw bad event
2026-01-27 19:36:37,459 - varanus - ERROR - System Violated the Specification with Trace: ['radiation_level.Radiation_Green', 'radiation_level.Radiation_Green', 'radiation_level.Radiation_Green', 'radiation_level.Radiation_Green', 'radiation_level.Radiation_Green', 'radiation_level.Radiation_Green', 'radiation_level.Radiation_Green', 'radiation_level.Radiation_Green', 'radiation_level.Radiation_Green', 'radiation_level.Radiation_Green', 'radiation_level.Radiation_Green', 'radiation_level.Radiation_Green', 'radiation_level.Radiation_Green', 'radiation_level.Radiation_Green', 'radiation_level.Radiation_Green', 'radiation_level.Radiation_Green', 'radiation_level.Radiation_Green', 'radiation_level.Radiation_Green', 'radiation_level.Radiation_Green', 'radiation_level.Radiation_Green', 'radiation_level.Radiation_Green', 'radiation_level.Radiation_Green', 'radiation_level.Radiation_Green', 'radiation_level.Radiation_Green', 'radiation_level.Radiation_Green', 'radiation_level.Radiation_Green', 'radiation_level.Radiation_Green', 'radiation_level.Radiation_Green', 'radiation_level.Radiation_Green', 'radiation_level.Radiation_Green', 'radiation_level.Radiation_Green', 'radiation_level.Radiation_Green', 'radiation_level.Radiation_Green', 'radiation_level.Radiation_Green', 'radiation_level.Radiation_Green', 'radiation_level.Radiation_Green', 'radiation_level.Radiation_Green', 'radiation_level.Radiation_Green', 'radiation_level.Radiation_Green', 'radiation_level.Radiation_Green', 'radiation_level.Radiation_Green', 'radiation_level.Radiation_Green', 'radiation_level.Radiation_Green', 'radiation_level.Radiation_Green', 'radiation_level.Radiation_Green', 'radiation_level.Radiation_Green', 'radiation_level.Radiation_Green', 'radiation_level.Radiation_Green', 'radiation_level.Radiation_Green', 'radiation_level.Radiation_Green', 'radiation_level.Radiation_Green', 'radiation_level.Radiation_Green', 'radiation_level.Radiation_Green', 'radiation_level.Radiation_Green', 'radiation_level.Radiation_Green', 'radiation_level.Radiation_Green', 'radiation_level.Radiation_Green', 'radiation_level.Radiation_Green', 'radiation_level.Radiation_Green', 'radiation_level.Radiation_Green', 'radiation_level.Radiation_Green', 'radiation_level.Radiation_Green', 'radiation_level.Radiation_Green', 'radiation_level.Radiation_Green', 'radiation_level.Radiation_Green', 'radiation_level.Radiation_Green', 'radiation_level.Radiation_Green', 'radiation_level.Radiation_Green', 'radiation_level.Radiation_Green', 'radiation_level.Radiation_Green', 'radiation_level.Radiation_Green', 'radiation_level.Radiation_Green', 'radiation_level.Radiation_Green', 'move.1', 'radiation_level.Radiation_Green', 'radiation_level.Radiation_Green', 'radiation_level.Radiation_Green', 'radiation_level.Radiation_Green', 'radiation_level.Radiation_Green', 'radiation_level.Radiation_Green', 'radiation_level.Radiation_Green', 'radiation_level.Radiation_Green', 'radiation_level.Radiation_Green', 'radiation_level.Radiation_Green', 'radiation_level.Radiation_Green', 'radiation_level.Radiation_Green', 'radiation_level.Radiation_Green', 'radiation_level.Radiation_Green', 'radiation_level.Radiation_Green', 'radiation_level.Radiation_Green', 'radiation_level.Radiation_Green', 'arrived_at.1', 'radiation_level.Radiation_Green', 'inspect.1', 'radiation_level.Radiation_Green', 'radiation_level.Radiation_Green', 'radiation_level.Radiation_Green', 'inspected.1', 'radiation_level.Radiation_Green', 'inspect.2']
2026-01-27 19:36:37,459 - varanus - ERROR - The permissible events were: ['radiation_level.Radiation_Orange', 'radiation_level.Radiation_Green', 'radiation_level.Radiation_Red', 'move.2', 'move.1', 'move.0']
2026-01-27 19:36:37,459 - varanus - INFO - Trace file finished with violations
2026-01-27 19:36:41,067 - varanus - INFO - +++ Build Time: 			93.91492486s +++
2026-01-27 19:36:41,067 - varanus - INFO - +++ Check Time: 			0.0597150325775s +++
2026-01-27 19:36:41,067 - varanus - INFO - +++ Average Transition Time: 	0.000336141586304s (100 events) +++
2026-01-27 19:36:41,067 - varanus - INFO - +++ Total Time: 			94.1759519577s +++
