2026-01-27 19:42:24,137 - varanus - INFO - +++ Testing rover_robochart_model_ras_fail_ordering +++
2026-01-27 19:42:24,138 - varanus - INFO - Preprocessing...
2026-01-27 19:42:24,138 - varanus - INFO - Preprocessing: pass
2026-01-27 19:42:24,138 - varanus - INFO - +++ Running Offline +++
2026-01-27 19:42:24,319 - varanus - INFO - Building CSP State Machine. Please Wait
2026-01-27 19:43:49,082 - varanus - INFO - Building CSP State Machine
2026-01-27 19:43:49,091 - varanus - INFO - +++ checking that normal(RCSystem) is deterministic with given alphabets +++
2026-01-27 19:43:49,092 - varanus - INFO - +++ starting monitoring against normal(RCSystem) +++
2026-01-27 19:43:49,092 - varanus - INFO - +++ Running Offline -- Using State Machine +++
2026-01-27 19:43:49,092 - varanus - INFO - Parsing trace file at: oracles/inspection-rover-ras/trace-json-fail-message-order.txt
2026-01-27 19:43:49,105 - varanus - INFO - Parsed trace file OK
2026-01-27 19:43:49,105 - varanus - INFO - Checking trace file: oracles/inspection-rover-ras/trace-json-fail-message-order.txt
2026-01-27 19:43:49,105 - varanus - INFO - In state 16187007277633237420 saw radiation_level.Radiation_Green
2026-01-27 19:43:49,105 - varanus - INFO - In state 16187007277633237420 saw radiation_level.Radiation_Green
2026-01-27 19:43:49,106 - varanus - INFO - In state 16187007277633237420 saw radiation_level.Radiation_Green
2026-01-27 19:43:49,106 - varanus - INFO - In state 16187007277633237420 saw radiation_level.Radiation_Green
2026-01-27 19:43:49,106 - varanus - INFO - In state 16187007277633237420 saw radiation_level.Radiation_Green
2026-01-27 19:43:49,106 - varanus - INFO - In state 16187007277633237420 saw radiation_level.Radiation_Green
2026-01-27 19:43:49,106 - varanus - INFO - In state 16187007277633237420 saw radiation_level.Radiation_Green
2026-01-27 19:43:49,107 - varanus - INFO - In state 16187007277633237420 saw radiation_level.Radiation_Green
2026-01-27 19:43:49,107 - varanus - INFO - In state 16187007277633237420 saw radiation_level.Radiation_Green
2026-01-27 19:43:49,110 - varanus - INFO - In state 16187007277633237420 saw radiation_level.Radiation_Green
2026-01-27 19:43:49,110 - varanus - INFO - In state 16187007277633237420 saw radiation_level.Radiation_Green
2026-01-27 19:43:49,111 - varanus - INFO - In state 16187007277633237420 saw radiation_level.Radiation_Green
2026-01-27 19:43:49,111 - varanus - INFO - In state 16187007277633237420 saw radiation_level.Radiation_Green
2026-01-27 19:43:49,111 - varanus - INFO - In state 16187007277633237420 saw radiation_level.Radiation_Green
2026-01-27 19:43:49,112 - varanus - INFO - In state 16187007277633237420 saw radiation_level.Radiation_Green
2026-01-27 19:43:49,112 - varanus - INFO - In state 16187007277633237420 saw radiation_level.Radiation_Green
2026-01-27 19:43:49,112 - varanus - INFO - In state 16187007277633237420 saw radiation_level.Radiation_Green
2026-01-27 19:43:49,113 - varanus - INFO - In state 16187007277633237420 saw radiation_level.Radiation_Green
2026-01-27 19:43:49,113 - varanus - INFO - In state 16187007277633237420 saw radiation_level.Radiation_Green
2026-01-27 19:43:49,113 - varanus - INFO - In state 16187007277633237420 saw radiation_level.Radiation_Green
2026-01-27 19:43:49,113 - varanus - INFO - In state 16187007277633237420 saw radiation_level.Radiation_Green
2026-01-27 19:43:49,113 - varanus - INFO - In state 16187007277633237420 saw radiation_level.Radiation_Green
2026-01-27 19:43:49,114 - varanus - INFO - In state 16187007277633237420 saw radiation_level.Radiation_Green
2026-01-27 19:43:49,114 - varanus - INFO - In state 16187007277633237420 saw radiation_level.Radiation_Green
2026-01-27 19:43:49,114 - varanus - INFO - In state 16187007277633237420 saw radiation_level.Radiation_Green
2026-01-27 19:43:49,114 - varanus - INFO - In state 16187007277633237420 saw radiation_level.Radiation_Green
2026-01-27 19:43:49,115 - varanus - INFO - In state 16187007277633237420 saw radiation_level.Radiation_Green
2026-01-27 19:43:49,116 - varanus - INFO - In state 16187007277633237420 saw radiation_level.Radiation_Green
2026-01-27 19:43:49,116 - varanus - INFO - In state 16187007277633237420 saw radiation_level.Radiation_Green
2026-01-27 19:43:49,116 - varanus - INFO - In state 16187007277633237420 saw radiation_level.Radiation_Green
2026-01-27 19:43:49,116 - varanus - INFO - In state 16187007277633237420 saw radiation_level.Radiation_Green
2026-01-27 19:43:49,117 - varanus - INFO - In state 16187007277633237420 saw radiation_level.Radiation_Green
2026-01-27 19:43:49,117 - varanus - INFO - In state 16187007277633237420 saw radiation_level.Radiation_Green
2026-01-27 19:43:49,117 - varanus - INFO - In state 16187007277633237420 saw radiation_level.Radiation_Green
2026-01-27 19:43:49,117 - varanus - INFO - In state 16187007277633237420 saw radiation_level.Radiation_Green
2026-01-27 19:43:49,117 - varanus - INFO - In state 16187007277633237420 saw radiation_level.Radiation_Green
2026-01-27 19:43:49,118 - varanus - INFO - In state 16187007277633237420 saw radiation_level.Radiation_Green
2026-01-27 19:43:49,118 - varanus - INFO - In state 16187007277633237420 saw radiation_level.Radiation_Green
2026-01-27 19:43:49,118 - varanus - INFO - In state 16187007277633237420 saw radiation_level.Radiation_Green
2026-01-27 19:43:49,118 - varanus - INFO - In state 16187007277633237420 saw radiation_level.Radiation_Green
2026-01-27 19:43:49,118 - varanus - INFO - In state 16187007277633237420 saw radiation_level.Radiation_Green
2026-01-27 19:43:49,119 - varanus - INFO - In state 16187007277633237420 saw radiation_level.Radiation_Green
2026-01-27 19:43:49,119 - varanus - INFO - In state 16187007277633237420 saw radiation_level.Radiation_Green
2026-01-27 19:43:49,119 - varanus - INFO - In state 16187007277633237420 saw radiation_level.Radiation_Green
2026-01-27 19:43:49,119 - varanus - INFO - In state 16187007277633237420 saw radiation_level.Radiation_Green
2026-01-27 19:43:49,119 - varanus - INFO - In state 16187007277633237420 saw radiation_level.Radiation_Green
2026-01-27 19:43:49,120 - varanus - INFO - In state 16187007277633237420 saw radiation_level.Radiation_Green
2026-01-27 19:43:49,120 - varanus - INFO - In state 16187007277633237420 saw radiation_level.Radiation_Green
2026-01-27 19:43:49,120 - varanus - INFO - In state 16187007277633237420 saw radiation_level.Radiation_Green
2026-01-27 19:43:49,120 - varanus - INFO - In state 16187007277633237420 saw radiation_level.Radiation_Green
2026-01-27 19:43:49,120 - varanus - INFO - In state 16187007277633237420 saw radiation_level.Radiation_Green
2026-01-27 19:43:49,121 - varanus - INFO - In state 16187007277633237420 saw radiation_level.Radiation_Green
2026-01-27 19:43:49,121 - varanus - INFO - In state 16187007277633237420 saw radiation_level.Radiation_Green
2026-01-27 19:43:49,121 - varanus - INFO - In state 16187007277633237420 saw radiation_level.Radiation_Green
2026-01-27 19:43:49,121 - varanus - INFO - In state 16187007277633237420 saw radiation_level.Radiation_Green
2026-01-27 19:43:49,121 - varanus - INFO - In state 16187007277633237420 saw radiation_level.Radiation_Green
2026-01-27 19:43:49,122 - varanus - INFO - In state 16187007277633237420 saw radiation_level.Radiation_Green
2026-01-27 19:43:49,122 - varanus - INFO - In state 16187007277633237420 saw radiation_level.Radiation_Green
2026-01-27 19:43:49,122 - varanus - INFO - In state 16187007277633237420 saw radiation_level.Radiation_Green
2026-01-27 19:43:49,122 - varanus - INFO - In state 16187007277633237420 saw radiation_level.Radiation_Green
2026-01-27 19:43:49,122 - varanus - INFO - In state 16187007277633237420 saw radiation_level.Radiation_Green
2026-01-27 19:43:49,123 - varanus - INFO - In state 16187007277633237420 saw radiation_level.Radiation_Green
2026-01-27 19:43:49,123 - varanus - INFO - In state 16187007277633237420 saw radiation_level.Radiation_Green
2026-01-27 19:43:49,123 - varanus - INFO - In state 16187007277633237420 saw radiation_level.Radiation_Green
2026-01-27 19:43:49,123 - varanus - INFO - In state 16187007277633237420 saw radiation_level.Radiation_Green
2026-01-27 19:43:49,123 - varanus - INFO - In state 16187007277633237420 saw radiation_level.Radiation_Green
2026-01-27 19:43:49,124 - varanus - INFO - In state 16187007277633237420 saw radiation_level.Radiation_Green
2026-01-27 19:43:49,124 - varanus - INFO - In state 16187007277633237420 saw radiation_level.Radiation_Green
2026-01-27 19:43:49,124 - varanus - INFO - In state 16187007277633237420 saw radiation_level.Radiation_Green
2026-01-27 19:43:49,124 - varanus - INFO - In state 16187007277633237420 saw radiation_level.Radiation_Green
2026-01-27 19:43:49,125 - varanus - INFO - In state 16187007277633237420 saw radiation_level.Radiation_Green
2026-01-27 19:43:49,125 - varanus - INFO - In state 16187007277633237420 saw radiation_level.Radiation_Green
2026-01-27 19:43:49,125 - varanus - INFO - In state 16187007277633237420 saw radiation_level.Radiation_Green
2026-01-27 19:43:49,125 - varanus - INFO - In state 16187007277633237420 saw move.1
2026-01-27 19:43:49,125 - varanus - INFO - In state 824750381067182135 saw radiation_level.Radiation_Green
2026-01-27 19:43:49,126 - varanus - INFO - In state 824750381067182135 saw radiation_level.Radiation_Green
2026-01-27 19:43:49,126 - varanus - INFO - In state 824750381067182135 saw radiation_level.Radiation_Green
2026-01-27 19:43:49,126 - varanus - INFO - In state 824750381067182135 saw radiation_level.Radiation_Green
2026-01-27 19:43:49,126 - varanus - INFO - In state 824750381067182135 saw radiation_level.Radiation_Green
2026-01-27 19:43:49,126 - varanus - INFO - In state 824750381067182135 saw radiation_level.Radiation_Green
2026-01-27 19:43:49,127 - varanus - INFO - In state 824750381067182135 saw radiation_level.Radiation_Green
2026-01-27 19:43:49,127 - varanus - INFO - In state 824750381067182135 saw radiation_level.Radiation_Green
2026-01-27 19:43:49,127 - varanus - INFO - In state 824750381067182135 saw radiation_level.Radiation_Green
2026-01-27 19:43:49,127 - varanus - INFO - In state 824750381067182135 saw radiation_level.Radiation_Green
2026-01-27 19:43:49,127 - varanus - INFO - In state 824750381067182135 saw radiation_level.Radiation_Green
2026-01-27 19:43:49,128 - varanus - INFO - In state 824750381067182135 saw radiation_level.Radiation_Green
2026-01-27 19:43:49,128 - varanus - INFO - In state 824750381067182135 saw radiation_level.Radiation_Green
2026-01-27 19:43:49,128 - varanus - INFO - In state 824750381067182135 saw radiation_level.Radiation_Green
2026-01-27 19:43:49,128 - varanus - INFO - In state 824750381067182135 saw radiation_level.Radiation_Green
2026-01-27 19:43:49,128 - varanus - INFO - In state 824750381067182135 saw radiation_level.Radiation_Green
2026-01-27 19:43:49,129 - varanus - INFO - In state 824750381067182135 saw radiation_level.Radiation_Green
2026-01-27 19:43:49,129 - varanus - INFO - In state 824750381067182135 saw arrived_at.1
2026-01-27 19:43:49,129 - varanus - INFO - In state 2681491882390849628 saw radiation_level.Radiation_Green
2026-01-27 19:43:49,129 - varanus - INFO - In state 2681491882390849628 saw inspect.1
2026-01-27 19:43:49,130 - varanus - INFO - In state 5608211198945682904 saw radiation_level.Radiation_Green
2026-01-27 19:43:49,130 - varanus - INFO - In state 5608211198945682904 saw radiation_level.Radiation_Green
2026-01-27 19:43:49,130 - varanus - INFO - In state 5608211198945682904 saw radiation_level.Radiation_Green
2026-01-27 19:43:49,130 - varanus - INFO - In state 5608211198945682904 saw inspected.1
2026-01-27 19:43:49,130 - varanus - INFO - In state 16263782641888418136 saw radiation_level.Radiation_Green
2026-01-27 19:43:49,131 - varanus - INFO - In state 16263782641888418136 saw inspect.2
2026-01-27 19:43:49,131 - varanus - INFO - UNEXPECTED TRANSITION
2026-01-27 19:43:49,131 - varanus - INFO - Stated alphabet returning bad state i.e. None - saw bad event
2026-01-27 19:43:49,131 - varanus - ERROR - System Violated the Specification with Trace: ['radiation_level.Radiation_Green', 'radiation_level.Radiation_Green', 'radiation_level.Radiation_Green', 'radiation_level.Radiation_Green', 'radiation_level.Radiation_Green', 'radiation_level.Radiation_Green', 'radiation_level.Radiation_Green', 'radiation_level.Radiation_Green', 'radiation_level.Radiation_Green', 'radiation_level.Radiation_Green', 'radiation_level.Radiation_Green', 'radiation_level.Radiation_Green', 'radiation_level.Radiation_Green', 'radiation_level.Radiation_Green', 'radiation_level.Radiation_Green', 'radiation_level.Radiation_Green', 'radiation_level.Radiation_Green', 'radiation_level.Radiation_Green', 'radiation_level.Radiation_Green', 'radiation_level.Radiation_Green', 'radiation_level.Radiation_Green', 'radiation_level.Radiation_Green', 'radiation_level.Radiation_Green', 'radiation_level.Radiation_Green', 'radiation_level.Radiation_Green', 'radiation_level.Radiation_Green', 'radiation_level.Radiation_Green', 'radiation_level.Radiation_Green', 'radiation_level.Radiation_Green', 'radiation_level.Radiation_Green', 'radiation_level.Radiation_Green', 'radiation_level.Radiation_Green', 'radiation_level.Radiation_Green', 'radiation_level.Radiation_Green', 'radiation_level.Radiation_Green', 'radiation_level.Radiation_Green', 'radiation_level.Radiation_Green', 'radiation_level.Radiation_Green', 'radiation_level.Radiation_Green', 'radiation_level.Radiation_Green', 'radiation_level.Radiation_Green', 'radiation_level.Radiation_Green', 'radiation_level.Radiation_Green', 'radiation_level.Radiation_Green', 'radiation_level.Radiation_Green', 'radiation_level.Radiation_Green', 'radiation_level.Radiation_Green', 'radiation_level.Radiation_Green', 'radiation_level.Radiation_Green', 'radiation_level.Radiation_Green', 'radiation_level.Radiation_Green', 'radiation_level.Radiation_Green', 'radiation_level.Radiation_Green', 'radiation_level.Radiation_Green', 'radiation_level.Radiation_Green', 'radiation_level.Radiation_Green', 'radiation_level.Radiation_Green', 'radiation_level.Radiation_Green', 'radiation_level.Radiation_Green', 'radiation_level.Radiation_Green', 'radiation_level.Radiation_Green', 'radiation_level.Radiation_Green', 'radiation_level.Radiation_Green', 'radiation_level.Radiation_Green', 'radiation_level.Radiation_Green', 'radiation_level.Radiation_Green', 'radiation_level.Radiation_Green', 'radiation_level.Radiation_Green', 'radiation_level.Radiation_Green', 'radiation_level.Radiation_Green', 'radiation_level.Radiation_Green', 'radiation_level.Radiation_Green', 'radiation_level.Radiation_Green', 'move.1', 'radiation_level.Radiation_Green', 'radiation_level.Radiation_Green', 'radiation_level.Radiation_Green', 'radiation_level.Radiation_Green', 'radiation_level.Radiation_Green', 'radiation_level.Radiation_Green', 'radiation_level.Radiation_Green', 'radiation_level.Radiation_Green', 'radiation_level.Radiation_Green', 'radiation_level.Radiation_Green', 'radiation_level.Radiation_Green', 'radiation_level.Radiation_Green', 'radiation_level.Radiation_Green', 'radiation_level.Radiation_Green', 'radiation_level.Radiation_Green', 'radiation_level.Radiation_Green', 'radiation_level.Radiation_Green', 'arrived_at.1', 'radiation_level.Radiation_Green', 'inspect.1', 'radiation_level.Radiation_Green', 'radiation_level.Radiation_Green', 'radiation_level.Radiation_Green', 'inspected.1', 'radiation_level.Radiation_Green', 'inspect.2']
2026-01-27 19:43:49,131 - varanus - ERROR - The permissible events were: ['radiation_level.Radiation_Orange', 'radiation_level.Radiation_Green', 'radiation_level.Radiation_Red', 'move.2', 'move.1', 'move.0']
2026-01-27 19:43:49,131 - varanus - INFO - Trace file finished with violations
2026-01-27 19:43:52,681 - varanus - INFO - +++ Build Time: 			84.7723770142s +++
2026-01-27 19:43:52,681 - varanus - INFO - +++ Check Time: 			0.0395028591156s +++
2026-01-27 19:43:52,681 - varanus - INFO - +++ Average Transition Time: 	0.000258181095123s (100 events) +++
2026-01-27 19:43:52,682 - varanus - INFO - +++ Total Time: 			84.9935929775s +++
