2026-01-27 16:50:18,371 - varanus - INFO - +++ Testing rover_model_ras_fail_safety +++
2026-01-27 16:50:18,371 - varanus - INFO - Preprocessing...
2026-01-27 16:50:18,371 - varanus - INFO - Preprocessing: pass
2026-01-27 16:50:18,371 - varanus - INFO - +++ Running Offline +++
2026-01-27 16:50:18,397 - varanus - INFO - Building CSP State Machine. Please Wait
2026-01-27 16:50:18,642 - varanus - INFO - Building CSP State Machine
2026-01-27 16:50:18,841 - varanus - INFO - +++ checking that ROVER_SYSTEM is deterministic with given alphabets +++
2026-01-27 16:50:18,841 - varanus - INFO - +++ starting monitoring against ROVER_SYSTEM +++
2026-01-27 16:50:18,841 - varanus - INFO - +++ Running Offline -- Using State Machine +++
2026-01-27 16:50:18,841 - varanus - INFO - Parsing trace file at: oracles/inspection-rover-ras/trace-json-fail-safety.txt
2026-01-27 16:50:18,859 - varanus - INFO - Parsed trace file OK
2026-01-27 16:50:18,859 - varanus - INFO - Checking trace file: oracles/inspection-rover-ras/trace-json-fail-safety.txt
2026-01-27 16:50:18,859 - varanus - INFO - In state 17976143188387390655 saw radiation_level.Green
2026-01-27 16:50:18,859 - varanus - INFO - In state 17976143188387390655 saw radiation_level.Green
2026-01-27 16:50:18,860 - varanus - INFO - In state 17976143188387390655 saw radiation_level.Green
2026-01-27 16:50:18,860 - varanus - INFO - In state 17976143188387390655 saw radiation_level.Green
2026-01-27 16:50:18,860 - varanus - INFO - In state 17976143188387390655 saw radiation_level.Green
2026-01-27 16:50:18,860 - varanus - INFO - In state 17976143188387390655 saw radiation_level.Green
2026-01-27 16:50:18,861 - varanus - INFO - In state 17976143188387390655 saw radiation_level.Green
2026-01-27 16:50:18,861 - varanus - INFO - In state 17976143188387390655 saw radiation_level.Green
2026-01-27 16:50:18,861 - varanus - INFO - In state 17976143188387390655 saw radiation_level.Green
2026-01-27 16:50:18,862 - varanus - INFO - In state 17976143188387390655 saw radiation_level.Green
2026-01-27 16:50:18,862 - varanus - INFO - In state 17976143188387390655 saw radiation_level.Green
2026-01-27 16:50:18,862 - varanus - INFO - In state 17976143188387390655 saw radiation_level.Green
2026-01-27 16:50:18,862 - varanus - INFO - In state 17976143188387390655 saw radiation_level.Green
2026-01-27 16:50:18,863 - varanus - INFO - In state 17976143188387390655 saw radiation_level.Green
2026-01-27 16:50:18,863 - varanus - INFO - In state 17976143188387390655 saw radiation_level.Green
2026-01-27 16:50:18,863 - varanus - INFO - In state 17976143188387390655 saw radiation_level.Green
2026-01-27 16:50:18,864 - varanus - INFO - In state 17976143188387390655 saw radiation_level.Green
2026-01-27 16:50:18,864 - varanus - INFO - In state 17976143188387390655 saw radiation_level.Green
2026-01-27 16:50:18,864 - varanus - INFO - In state 17976143188387390655 saw radiation_level.Green
2026-01-27 16:50:18,865 - varanus - INFO - In state 17976143188387390655 saw radiation_level.Green
2026-01-27 16:50:18,865 - varanus - INFO - In state 17976143188387390655 saw radiation_level.Green
2026-01-27 16:50:18,866 - varanus - INFO - In state 17976143188387390655 saw radiation_level.Green
2026-01-27 16:50:18,866 - varanus - INFO - In state 17976143188387390655 saw radiation_level.Green
2026-01-27 16:50:18,866 - varanus - INFO - In state 17976143188387390655 saw radiation_level.Green
2026-01-27 16:50:18,867 - varanus - INFO - In state 17976143188387390655 saw radiation_level.Green
2026-01-27 16:50:18,867 - varanus - INFO - In state 17976143188387390655 saw radiation_level.Green
2026-01-27 16:50:18,867 - varanus - INFO - In state 17976143188387390655 saw radiation_level.Green
2026-01-27 16:50:18,867 - varanus - INFO - In state 17976143188387390655 saw radiation_level.Green
2026-01-27 16:50:18,868 - varanus - INFO - In state 17976143188387390655 saw radiation_level.Green
2026-01-27 16:50:18,868 - varanus - INFO - In state 17976143188387390655 saw radiation_level.Green
2026-01-27 16:50:18,868 - varanus - INFO - In state 17976143188387390655 saw radiation_level.Green
2026-01-27 16:50:18,869 - varanus - INFO - In state 17976143188387390655 saw radiation_level.Green
2026-01-27 16:50:18,869 - varanus - INFO - In state 17976143188387390655 saw radiation_level.Green
2026-01-27 16:50:18,869 - varanus - INFO - In state 17976143188387390655 saw radiation_level.Green
2026-01-27 16:50:18,869 - varanus - INFO - In state 17976143188387390655 saw radiation_level.Green
2026-01-27 16:50:18,870 - varanus - INFO - In state 17976143188387390655 saw radiation_level.Green
2026-01-27 16:50:18,870 - varanus - INFO - In state 17976143188387390655 saw radiation_level.Green
2026-01-27 16:50:18,870 - varanus - INFO - In state 17976143188387390655 saw radiation_level.Green
2026-01-27 16:50:18,871 - varanus - INFO - In state 17976143188387390655 saw radiation_level.Green
2026-01-27 16:50:18,871 - varanus - INFO - In state 17976143188387390655 saw radiation_level.Orange
2026-01-27 16:50:18,871 - varanus - INFO - In state 12415038746955978367 saw radiation_level.Green
2026-01-27 16:50:18,871 - varanus - INFO - In state 12415038746955978367 saw radiation_level.Green
2026-01-27 16:50:18,872 - varanus - INFO - In state 12415038746955978367 saw radiation_level.Green
2026-01-27 16:50:18,872 - varanus - INFO - In state 12415038746955978367 saw radiation_level.Green
2026-01-27 16:50:18,872 - varanus - INFO - In state 12415038746955978367 saw radiation_level.Green
2026-01-27 16:50:18,872 - varanus - INFO - In state 12415038746955978367 saw radiation_level.Green
2026-01-27 16:50:18,873 - varanus - INFO - In state 12415038746955978367 saw radiation_level.Green
2026-01-27 16:50:18,873 - varanus - INFO - In state 12415038746955978367 saw radiation_level.Green
2026-01-27 16:50:18,873 - varanus - INFO - In state 12415038746955978367 saw radiation_level.Green
2026-01-27 16:50:18,873 - varanus - INFO - In state 12415038746955978367 saw radiation_level.Green
2026-01-27 16:50:18,874 - varanus - INFO - In state 12415038746955978367 saw radiation_level.Green
2026-01-27 16:50:18,874 - varanus - INFO - In state 12415038746955978367 saw radiation_level.Green
2026-01-27 16:50:18,874 - varanus - INFO - In state 12415038746955978367 saw radiation_level.Green
2026-01-27 16:50:18,874 - varanus - INFO - In state 12415038746955978367 saw radiation_level.Green
2026-01-27 16:50:18,875 - varanus - INFO - In state 12415038746955978367 saw radiation_level.Green
2026-01-27 16:50:18,875 - varanus - INFO - In state 12415038746955978367 saw radiation_level.Green
2026-01-27 16:50:18,875 - varanus - INFO - In state 12415038746955978367 saw radiation_level.Green
2026-01-27 16:50:18,875 - varanus - INFO - In state 12415038746955978367 saw radiation_level.Green
2026-01-27 16:50:18,876 - varanus - INFO - In state 12415038746955978367 saw radiation_level.Green
2026-01-27 16:50:18,876 - varanus - INFO - In state 12415038746955978367 saw radiation_level.Green
2026-01-27 16:50:18,876 - varanus - INFO - In state 12415038746955978367 saw radiation_level.Green
2026-01-27 16:50:18,877 - varanus - INFO - In state 12415038746955978367 saw radiation_level.Green
2026-01-27 16:50:18,877 - varanus - INFO - In state 12415038746955978367 saw radiation_level.Green
2026-01-27 16:50:18,877 - varanus - INFO - In state 12415038746955978367 saw radiation_level.Green
2026-01-27 16:50:18,877 - varanus - INFO - In state 12415038746955978367 saw radiation_level.Green
2026-01-27 16:50:18,878 - varanus - INFO - In state 12415038746955978367 saw radiation_level.Green
2026-01-27 16:50:18,878 - varanus - INFO - In state 12415038746955978367 saw radiation_level.Green
2026-01-27 16:50:18,878 - varanus - INFO - In state 12415038746955978367 saw radiation_level.Green
2026-01-27 16:50:18,878 - varanus - INFO - In state 12415038746955978367 saw radiation_level.Green
2026-01-27 16:50:18,879 - varanus - INFO - In state 12415038746955978367 saw radiation_level.Green
2026-01-27 16:50:18,879 - varanus - INFO - In state 12415038746955978367 saw radiation_level.Green
2026-01-27 16:50:18,879 - varanus - INFO - In state 12415038746955978367 saw radiation_level.Green
2026-01-27 16:50:18,879 - varanus - INFO - In state 12415038746955978367 saw radiation_level.Green
2026-01-27 16:50:18,880 - varanus - INFO - In state 12415038746955978367 saw move.1
2026-01-27 16:50:18,880 - varanus - INFO - UNEXPECTED TRANSITION
2026-01-27 16:50:18,880 - varanus - INFO - Stated alphabet returning bad state i.e. None - saw bad event
2026-01-27 16:50:18,880 - varanus - ERROR - System Violated the Specification with Trace: ['radiation_level.Green', 'radiation_level.Green', 'radiation_level.Green', 'radiation_level.Green', 'radiation_level.Green', 'radiation_level.Green', 'radiation_level.Green', 'radiation_level.Green', 'radiation_level.Green', 'radiation_level.Green', 'radiation_level.Green', 'radiation_level.Green', 'radiation_level.Green', 'radiation_level.Green', 'radiation_level.Green', 'radiation_level.Green', 'radiation_level.Green', 'radiation_level.Green', 'radiation_level.Green', 'radiation_level.Green', 'radiation_level.Green', 'radiation_level.Green', 'radiation_level.Green', 'radiation_level.Green', 'radiation_level.Green', 'radiation_level.Green', 'radiation_level.Green', 'radiation_level.Green', 'radiation_level.Green', 'radiation_level.Green', 'radiation_level.Green', 'radiation_level.Green', 'radiation_level.Green', 'radiation_level.Green', 'radiation_level.Green', 'radiation_level.Green', 'radiation_level.Green', 'radiation_level.Green', 'radiation_level.Green', 'radiation_level.Orange', 'radiation_level.Green', 'radiation_level.Green', 'radiation_level.Green', 'radiation_level.Green', 'radiation_level.Green', 'radiation_level.Green', 'radiation_level.Green', 'radiation_level.Green', 'radiation_level.Green', 'radiation_level.Green', 'radiation_level.Green', 'radiation_level.Green', 'radiation_level.Green', 'radiation_level.Green', 'radiation_level.Green', 'radiation_level.Green', 'radiation_level.Green', 'radiation_level.Green', 'radiation_level.Green', 'radiation_level.Green', 'radiation_level.Green', 'radiation_level.Green', 'radiation_level.Green', 'radiation_level.Green', 'radiation_level.Green', 'radiation_level.Green', 'radiation_level.Green', 'radiation_level.Green', 'radiation_level.Green', 'radiation_level.Green', 'radiation_level.Green', 'radiation_level.Green', 'radiation_level.Green', 'move.1']
2026-01-27 16:50:18,880 - varanus - ERROR - The permissible events were: ['radiation_level.Orange', 'radiation_level.Green', 'radiation_level.Red', 'move.0']
2026-01-27 16:50:18,880 - varanus - INFO - Trace file finished with violations
2026-01-27 16:50:18,882 - varanus - INFO - +++ Build Time: 			0.443390130997s +++
2026-01-27 16:50:18,882 - varanus - INFO - +++ Check Time: 			0.0395400524139s +++
2026-01-27 16:50:18,882 - varanus - INFO - +++ Average Transition Time: 	0.000288728121165s (74 events) +++
2026-01-27 16:50:18,882 - varanus - INFO - +++ Total Time: 			0.50927400589s +++
