2026-01-27 16:50:23,292 - varanus - INFO - +++ Testing rover_model_ras_fail_safety +++
2026-01-27 16:50:23,292 - varanus - INFO - Preprocessing...
2026-01-27 16:50:23,292 - varanus - INFO - Preprocessing: pass
2026-01-27 16:50:23,292 - varanus - INFO - +++ Running Offline +++
2026-01-27 16:50:23,324 - varanus - INFO - Building CSP State Machine. Please Wait
2026-01-27 16:50:24,188 - varanus - INFO - Building CSP State Machine
2026-01-27 16:50:24,407 - varanus - INFO - +++ checking that ROVER_SYSTEM is deterministic with given alphabets +++
2026-01-27 16:50:24,407 - varanus - INFO - +++ starting monitoring against ROVER_SYSTEM +++
2026-01-27 16:50:24,407 - varanus - INFO - +++ Running Offline -- Using State Machine +++
2026-01-27 16:50:24,407 - varanus - INFO - Parsing trace file at: oracles/inspection-rover-ras/trace-json-fail-safety.txt
2026-01-27 16:50:24,421 - varanus - INFO - Parsed trace file OK
2026-01-27 16:50:24,421 - varanus - INFO - Checking trace file: oracles/inspection-rover-ras/trace-json-fail-safety.txt
2026-01-27 16:50:24,421 - varanus - INFO - In state 17976143188387390655 saw radiation_level.Green
2026-01-27 16:50:24,421 - varanus - INFO - In state 17976143188387390655 saw radiation_level.Green
2026-01-27 16:50:24,422 - varanus - INFO - In state 17976143188387390655 saw radiation_level.Green
2026-01-27 16:50:24,422 - varanus - INFO - In state 17976143188387390655 saw radiation_level.Green
2026-01-27 16:50:24,422 - varanus - INFO - In state 17976143188387390655 saw radiation_level.Green
2026-01-27 16:50:24,423 - varanus - INFO - In state 17976143188387390655 saw radiation_level.Green
2026-01-27 16:50:24,423 - varanus - INFO - In state 17976143188387390655 saw radiation_level.Green
2026-01-27 16:50:24,424 - varanus - INFO - In state 17976143188387390655 saw radiation_level.Green
2026-01-27 16:50:24,424 - varanus - INFO - In state 17976143188387390655 saw radiation_level.Green
2026-01-27 16:50:24,425 - varanus - INFO - In state 17976143188387390655 saw radiation_level.Green
2026-01-27 16:50:24,425 - varanus - INFO - In state 17976143188387390655 saw radiation_level.Green
2026-01-27 16:50:24,426 - varanus - INFO - In state 17976143188387390655 saw radiation_level.Green
2026-01-27 16:50:24,426 - varanus - INFO - In state 17976143188387390655 saw radiation_level.Green
2026-01-27 16:50:24,427 - varanus - INFO - In state 17976143188387390655 saw radiation_level.Green
2026-01-27 16:50:24,428 - varanus - INFO - In state 17976143188387390655 saw radiation_level.Green
2026-01-27 16:50:24,428 - varanus - INFO - In state 17976143188387390655 saw radiation_level.Green
2026-01-27 16:50:24,429 - varanus - INFO - In state 17976143188387390655 saw radiation_level.Green
2026-01-27 16:50:24,429 - varanus - INFO - In state 17976143188387390655 saw radiation_level.Green
2026-01-27 16:50:24,430 - varanus - INFO - In state 17976143188387390655 saw radiation_level.Green
2026-01-27 16:50:24,430 - varanus - INFO - In state 17976143188387390655 saw radiation_level.Green
2026-01-27 16:50:24,431 - varanus - INFO - In state 17976143188387390655 saw radiation_level.Green
2026-01-27 16:50:24,431 - varanus - INFO - In state 17976143188387390655 saw radiation_level.Green
2026-01-27 16:50:24,432 - varanus - INFO - In state 17976143188387390655 saw radiation_level.Green
2026-01-27 16:50:24,432 - varanus - INFO - In state 17976143188387390655 saw radiation_level.Green
2026-01-27 16:50:24,433 - varanus - INFO - In state 17976143188387390655 saw radiation_level.Green
2026-01-27 16:50:24,433 - varanus - INFO - In state 17976143188387390655 saw radiation_level.Green
2026-01-27 16:50:24,433 - varanus - INFO - In state 17976143188387390655 saw radiation_level.Green
2026-01-27 16:50:24,434 - varanus - INFO - In state 17976143188387390655 saw radiation_level.Green
2026-01-27 16:50:24,434 - varanus - INFO - In state 17976143188387390655 saw radiation_level.Green
2026-01-27 16:50:24,435 - varanus - INFO - In state 17976143188387390655 saw radiation_level.Green
2026-01-27 16:50:24,435 - varanus - INFO - In state 17976143188387390655 saw radiation_level.Green
2026-01-27 16:50:24,436 - varanus - INFO - In state 17976143188387390655 saw radiation_level.Green
2026-01-27 16:50:24,436 - varanus - INFO - In state 17976143188387390655 saw radiation_level.Green
2026-01-27 16:50:24,436 - varanus - INFO - In state 17976143188387390655 saw radiation_level.Green
2026-01-27 16:50:24,437 - varanus - INFO - In state 17976143188387390655 saw radiation_level.Green
2026-01-27 16:50:24,437 - varanus - INFO - In state 17976143188387390655 saw radiation_level.Green
2026-01-27 16:50:24,438 - varanus - INFO - In state 17976143188387390655 saw radiation_level.Green
2026-01-27 16:50:24,438 - varanus - INFO - In state 17976143188387390655 saw radiation_level.Green
2026-01-27 16:50:24,439 - varanus - INFO - In state 17976143188387390655 saw radiation_level.Green
2026-01-27 16:50:24,439 - varanus - INFO - In state 17976143188387390655 saw radiation_level.Orange
2026-01-27 16:50:24,439 - varanus - INFO - In state 12415038746955978367 saw radiation_level.Green
2026-01-27 16:50:24,440 - varanus - INFO - In state 12415038746955978367 saw radiation_level.Green
2026-01-27 16:50:24,440 - varanus - INFO - In state 12415038746955978367 saw radiation_level.Green
2026-01-27 16:50:24,441 - varanus - INFO - In state 12415038746955978367 saw radiation_level.Green
2026-01-27 16:50:24,441 - varanus - INFO - In state 12415038746955978367 saw radiation_level.Green
2026-01-27 16:50:24,441 - varanus - INFO - In state 12415038746955978367 saw radiation_level.Green
2026-01-27 16:50:24,442 - varanus - INFO - In state 12415038746955978367 saw radiation_level.Green
2026-01-27 16:50:24,442 - varanus - INFO - In state 12415038746955978367 saw radiation_level.Green
2026-01-27 16:50:24,443 - varanus - INFO - In state 12415038746955978367 saw radiation_level.Green
2026-01-27 16:50:24,443 - varanus - INFO - In state 12415038746955978367 saw radiation_level.Green
2026-01-27 16:50:24,443 - varanus - INFO - In state 12415038746955978367 saw radiation_level.Green
2026-01-27 16:50:24,444 - varanus - INFO - In state 12415038746955978367 saw radiation_level.Green
2026-01-27 16:50:24,444 - varanus - INFO - In state 12415038746955978367 saw radiation_level.Green
2026-01-27 16:50:24,445 - varanus - INFO - In state 12415038746955978367 saw radiation_level.Green
2026-01-27 16:50:24,445 - varanus - INFO - In state 12415038746955978367 saw radiation_level.Green
2026-01-27 16:50:24,445 - varanus - INFO - In state 12415038746955978367 saw radiation_level.Green
2026-01-27 16:50:24,446 - varanus - INFO - In state 12415038746955978367 saw radiation_level.Green
2026-01-27 16:50:24,446 - varanus - INFO - In state 12415038746955978367 saw radiation_level.Green
2026-01-27 16:50:24,446 - varanus - INFO - In state 12415038746955978367 saw radiation_level.Green
2026-01-27 16:50:24,447 - varanus - INFO - In state 12415038746955978367 saw radiation_level.Green
2026-01-27 16:50:24,447 - varanus - INFO - In state 12415038746955978367 saw radiation_level.Green
2026-01-27 16:50:24,448 - varanus - INFO - In state 12415038746955978367 saw radiation_level.Green
2026-01-27 16:50:24,448 - varanus - INFO - In state 12415038746955978367 saw radiation_level.Green
2026-01-27 16:50:24,448 - varanus - INFO - In state 12415038746955978367 saw radiation_level.Green
2026-01-27 16:50:24,449 - varanus - INFO - In state 12415038746955978367 saw radiation_level.Green
2026-01-27 16:50:24,449 - varanus - INFO - In state 12415038746955978367 saw radiation_level.Green
2026-01-27 16:50:24,450 - varanus - INFO - In state 12415038746955978367 saw radiation_level.Green
2026-01-27 16:50:24,450 - varanus - INFO - In state 12415038746955978367 saw radiation_level.Green
2026-01-27 16:50:24,452 - varanus - INFO - In state 12415038746955978367 saw radiation_level.Green
2026-01-27 16:50:24,452 - varanus - INFO - In state 12415038746955978367 saw radiation_level.Green
2026-01-27 16:50:24,453 - varanus - INFO - In state 12415038746955978367 saw radiation_level.Green
2026-01-27 16:50:24,453 - varanus - INFO - In state 12415038746955978367 saw radiation_level.Green
2026-01-27 16:50:24,453 - varanus - INFO - In state 12415038746955978367 saw radiation_level.Green
2026-01-27 16:50:24,453 - varanus - INFO - In state 12415038746955978367 saw move.1
2026-01-27 16:50:24,454 - varanus - INFO - UNEXPECTED TRANSITION
2026-01-27 16:50:24,454 - varanus - INFO - Stated alphabet returning bad state i.e. None - saw bad event
2026-01-27 16:50:24,454 - varanus - ERROR - System Violated the Specification with Trace: ['radiation_level.Green', 'radiation_level.Green', 'radiation_level.Green', 'radiation_level.Green', 'radiation_level.Green', 'radiation_level.Green', 'radiation_level.Green', 'radiation_level.Green', 'radiation_level.Green', 'radiation_level.Green', 'radiation_level.Green', 'radiation_level.Green', 'radiation_level.Green', 'radiation_level.Green', 'radiation_level.Green', 'radiation_level.Green', 'radiation_level.Green', 'radiation_level.Green', 'radiation_level.Green', 'radiation_level.Green', 'radiation_level.Green', 'radiation_level.Green', 'radiation_level.Green', 'radiation_level.Green', 'radiation_level.Green', 'radiation_level.Green', 'radiation_level.Green', 'radiation_level.Green', 'radiation_level.Green', 'radiation_level.Green', 'radiation_level.Green', 'radiation_level.Green', 'radiation_level.Green', 'radiation_level.Green', 'radiation_level.Green', 'radiation_level.Green', 'radiation_level.Green', 'radiation_level.Green', 'radiation_level.Green', 'radiation_level.Orange', 'radiation_level.Green', 'radiation_level.Green', 'radiation_level.Green', 'radiation_level.Green', 'radiation_level.Green', 'radiation_level.Green', 'radiation_level.Green', 'radiation_level.Green', 'radiation_level.Green', 'radiation_level.Green', 'radiation_level.Green', 'radiation_level.Green', 'radiation_level.Green', 'radiation_level.Green', 'radiation_level.Green', 'radiation_level.Green', 'radiation_level.Green', 'radiation_level.Green', 'radiation_level.Green', 'radiation_level.Green', 'radiation_level.Green', 'radiation_level.Green', 'radiation_level.Green', 'radiation_level.Green', 'radiation_level.Green', 'radiation_level.Green', 'radiation_level.Green', 'radiation_level.Green', 'radiation_level.Green', 'radiation_level.Green', 'radiation_level.Green', 'radiation_level.Green', 'radiation_level.Green', 'move.1']
2026-01-27 16:50:24,454 - varanus - ERROR - The permissible events were: ['radiation_level.Orange', 'radiation_level.Green', 'radiation_level.Red', 'move.0']
2026-01-27 16:50:24,454 - varanus - INFO - Trace file finished with violations
2026-01-27 16:50:24,456 - varanus - INFO - +++ Build Time: 			1.08259701729s +++
2026-01-27 16:50:24,456 - varanus - INFO - +++ Check Time: 			0.0469620227814s +++
2026-01-27 16:50:24,456 - varanus - INFO - +++ Average Transition Time: 	0.000443365122821s (74 events) +++
2026-01-27 16:50:24,456 - varanus - INFO - +++ Total Time: 			1.16207408905s +++
