2026-01-27 16:50:25,509 - varanus - INFO - +++ Testing rover_model_ras_fail_safety +++
2026-01-27 16:50:25,509 - varanus - INFO - Preprocessing...
2026-01-27 16:50:25,509 - varanus - INFO - Preprocessing: pass
2026-01-27 16:50:25,509 - varanus - INFO - +++ Running Offline +++
2026-01-27 16:50:25,535 - varanus - INFO - Building CSP State Machine. Please Wait
2026-01-27 16:50:26,525 - varanus - INFO - Building CSP State Machine
2026-01-27 16:50:26,695 - varanus - INFO - +++ checking that ROVER_SYSTEM is deterministic with given alphabets +++
2026-01-27 16:50:26,696 - varanus - INFO - +++ starting monitoring against ROVER_SYSTEM +++
2026-01-27 16:50:26,696 - varanus - INFO - +++ Running Offline -- Using State Machine +++
2026-01-27 16:50:26,696 - varanus - INFO - Parsing trace file at: oracles/inspection-rover-ras/trace-json-fail-safety.txt
2026-01-27 16:50:26,712 - varanus - INFO - Parsed trace file OK
2026-01-27 16:50:26,712 - varanus - INFO - Checking trace file: oracles/inspection-rover-ras/trace-json-fail-safety.txt
2026-01-27 16:50:26,712 - varanus - INFO - In state 17976143188387390655 saw radiation_level.Green
2026-01-27 16:50:26,713 - varanus - INFO - In state 17976143188387390655 saw radiation_level.Green
2026-01-27 16:50:26,713 - varanus - INFO - In state 17976143188387390655 saw radiation_level.Green
2026-01-27 16:50:26,713 - varanus - INFO - In state 17976143188387390655 saw radiation_level.Green
2026-01-27 16:50:26,713 - varanus - INFO - In state 17976143188387390655 saw radiation_level.Green
2026-01-27 16:50:26,714 - varanus - INFO - In state 17976143188387390655 saw radiation_level.Green
2026-01-27 16:50:26,714 - varanus - INFO - In state 17976143188387390655 saw radiation_level.Green
2026-01-27 16:50:26,714 - varanus - INFO - In state 17976143188387390655 saw radiation_level.Green
2026-01-27 16:50:26,715 - varanus - INFO - In state 17976143188387390655 saw radiation_level.Green
2026-01-27 16:50:26,715 - varanus - INFO - In state 17976143188387390655 saw radiation_level.Green
2026-01-27 16:50:26,715 - varanus - INFO - In state 17976143188387390655 saw radiation_level.Green
2026-01-27 16:50:26,715 - varanus - INFO - In state 17976143188387390655 saw radiation_level.Green
2026-01-27 16:50:26,716 - varanus - INFO - In state 17976143188387390655 saw radiation_level.Green
2026-01-27 16:50:26,716 - varanus - INFO - In state 17976143188387390655 saw radiation_level.Green
2026-01-27 16:50:26,716 - varanus - INFO - In state 17976143188387390655 saw radiation_level.Green
2026-01-27 16:50:26,717 - varanus - INFO - In state 17976143188387390655 saw radiation_level.Green
2026-01-27 16:50:26,717 - varanus - INFO - In state 17976143188387390655 saw radiation_level.Green
2026-01-27 16:50:26,717 - varanus - INFO - In state 17976143188387390655 saw radiation_level.Green
2026-01-27 16:50:26,717 - varanus - INFO - In state 17976143188387390655 saw radiation_level.Green
2026-01-27 16:50:26,718 - varanus - INFO - In state 17976143188387390655 saw radiation_level.Green
2026-01-27 16:50:26,718 - varanus - INFO - In state 17976143188387390655 saw radiation_level.Green
2026-01-27 16:50:26,718 - varanus - INFO - In state 17976143188387390655 saw radiation_level.Green
2026-01-27 16:50:26,719 - varanus - INFO - In state 17976143188387390655 saw radiation_level.Green
2026-01-27 16:50:26,719 - varanus - INFO - In state 17976143188387390655 saw radiation_level.Green
2026-01-27 16:50:26,719 - varanus - INFO - In state 17976143188387390655 saw radiation_level.Green
2026-01-27 16:50:26,719 - varanus - INFO - In state 17976143188387390655 saw radiation_level.Green
2026-01-27 16:50:26,720 - varanus - INFO - In state 17976143188387390655 saw radiation_level.Green
2026-01-27 16:50:26,720 - varanus - INFO - In state 17976143188387390655 saw radiation_level.Green
2026-01-27 16:50:26,720 - varanus - INFO - In state 17976143188387390655 saw radiation_level.Green
2026-01-27 16:50:26,721 - varanus - INFO - In state 17976143188387390655 saw radiation_level.Green
2026-01-27 16:50:26,721 - varanus - INFO - In state 17976143188387390655 saw radiation_level.Green
2026-01-27 16:50:26,721 - varanus - INFO - In state 17976143188387390655 saw radiation_level.Green
2026-01-27 16:50:26,721 - varanus - INFO - In state 17976143188387390655 saw radiation_level.Green
2026-01-27 16:50:26,722 - varanus - INFO - In state 17976143188387390655 saw radiation_level.Green
2026-01-27 16:50:26,722 - varanus - INFO - In state 17976143188387390655 saw radiation_level.Green
2026-01-27 16:50:26,722 - varanus - INFO - In state 17976143188387390655 saw radiation_level.Green
2026-01-27 16:50:26,722 - varanus - INFO - In state 17976143188387390655 saw radiation_level.Green
2026-01-27 16:50:26,723 - varanus - INFO - In state 17976143188387390655 saw radiation_level.Green
2026-01-27 16:50:26,723 - varanus - INFO - In state 17976143188387390655 saw radiation_level.Green
2026-01-27 16:50:26,723 - varanus - INFO - In state 17976143188387390655 saw radiation_level.Orange
2026-01-27 16:50:26,724 - varanus - INFO - In state 12415038746955978367 saw radiation_level.Green
2026-01-27 16:50:26,724 - varanus - INFO - In state 12415038746955978367 saw radiation_level.Green
2026-01-27 16:50:26,724 - varanus - INFO - In state 12415038746955978367 saw radiation_level.Green
2026-01-27 16:50:26,724 - varanus - INFO - In state 12415038746955978367 saw radiation_level.Green
2026-01-27 16:50:26,725 - varanus - INFO - In state 12415038746955978367 saw radiation_level.Green
2026-01-27 16:50:26,725 - varanus - INFO - In state 12415038746955978367 saw radiation_level.Green
2026-01-27 16:50:26,725 - varanus - INFO - In state 12415038746955978367 saw radiation_level.Green
2026-01-27 16:50:26,726 - varanus - INFO - In state 12415038746955978367 saw radiation_level.Green
2026-01-27 16:50:26,726 - varanus - INFO - In state 12415038746955978367 saw radiation_level.Green
2026-01-27 16:50:26,726 - varanus - INFO - In state 12415038746955978367 saw radiation_level.Green
2026-01-27 16:50:26,727 - varanus - INFO - In state 12415038746955978367 saw radiation_level.Green
2026-01-27 16:50:26,727 - varanus - INFO - In state 12415038746955978367 saw radiation_level.Green
2026-01-27 16:50:26,727 - varanus - INFO - In state 12415038746955978367 saw radiation_level.Green
2026-01-27 16:50:26,727 - varanus - INFO - In state 12415038746955978367 saw radiation_level.Green
2026-01-27 16:50:26,728 - varanus - INFO - In state 12415038746955978367 saw radiation_level.Green
2026-01-27 16:50:26,728 - varanus - INFO - In state 12415038746955978367 saw radiation_level.Green
2026-01-27 16:50:26,728 - varanus - INFO - In state 12415038746955978367 saw radiation_level.Green
2026-01-27 16:50:26,728 - varanus - INFO - In state 12415038746955978367 saw radiation_level.Green
2026-01-27 16:50:26,729 - varanus - INFO - In state 12415038746955978367 saw radiation_level.Green
2026-01-27 16:50:26,729 - varanus - INFO - In state 12415038746955978367 saw radiation_level.Green
2026-01-27 16:50:26,729 - varanus - INFO - In state 12415038746955978367 saw radiation_level.Green
2026-01-27 16:50:26,729 - varanus - INFO - In state 12415038746955978367 saw radiation_level.Green
2026-01-27 16:50:26,730 - varanus - INFO - In state 12415038746955978367 saw radiation_level.Green
2026-01-27 16:50:26,730 - varanus - INFO - In state 12415038746955978367 saw radiation_level.Green
2026-01-27 16:50:26,730 - varanus - INFO - In state 12415038746955978367 saw radiation_level.Green
2026-01-27 16:50:26,731 - varanus - INFO - In state 12415038746955978367 saw radiation_level.Green
2026-01-27 16:50:26,731 - varanus - INFO - In state 12415038746955978367 saw radiation_level.Green
2026-01-27 16:50:26,731 - varanus - INFO - In state 12415038746955978367 saw radiation_level.Green
2026-01-27 16:50:26,731 - varanus - INFO - In state 12415038746955978367 saw radiation_level.Green
2026-01-27 16:50:26,732 - varanus - INFO - In state 12415038746955978367 saw radiation_level.Green
2026-01-27 16:50:26,732 - varanus - INFO - In state 12415038746955978367 saw radiation_level.Green
2026-01-27 16:50:26,732 - varanus - INFO - In state 12415038746955978367 saw radiation_level.Green
2026-01-27 16:50:26,732 - varanus - INFO - In state 12415038746955978367 saw radiation_level.Green
2026-01-27 16:50:26,733 - varanus - INFO - In state 12415038746955978367 saw move.1
2026-01-27 16:50:26,733 - varanus - INFO - UNEXPECTED TRANSITION
2026-01-27 16:50:26,733 - varanus - INFO - Stated alphabet returning bad state i.e. None - saw bad event
2026-01-27 16:50:26,733 - varanus - ERROR - System Violated the Specification with Trace: ['radiation_level.Green', 'radiation_level.Green', 'radiation_level.Green', 'radiation_level.Green', 'radiation_level.Green', 'radiation_level.Green', 'radiation_level.Green', 'radiation_level.Green', 'radiation_level.Green', 'radiation_level.Green', 'radiation_level.Green', 'radiation_level.Green', 'radiation_level.Green', 'radiation_level.Green', 'radiation_level.Green', 'radiation_level.Green', 'radiation_level.Green', 'radiation_level.Green', 'radiation_level.Green', 'radiation_level.Green', 'radiation_level.Green', 'radiation_level.Green', 'radiation_level.Green', 'radiation_level.Green', 'radiation_level.Green', 'radiation_level.Green', 'radiation_level.Green', 'radiation_level.Green', 'radiation_level.Green', 'radiation_level.Green', 'radiation_level.Green', 'radiation_level.Green', 'radiation_level.Green', 'radiation_level.Green', 'radiation_level.Green', 'radiation_level.Green', 'radiation_level.Green', 'radiation_level.Green', 'radiation_level.Green', 'radiation_level.Orange', 'radiation_level.Green', 'radiation_level.Green', 'radiation_level.Green', 'radiation_level.Green', 'radiation_level.Green', 'radiation_level.Green', 'radiation_level.Green', 'radiation_level.Green', 'radiation_level.Green', 'radiation_level.Green', 'radiation_level.Green', 'radiation_level.Green', 'radiation_level.Green', 'radiation_level.Green', 'radiation_level.Green', 'radiation_level.Green', 'radiation_level.Green', 'radiation_level.Green', 'radiation_level.Green', 'radiation_level.Green', 'radiation_level.Green', 'radiation_level.Green', 'radiation_level.Green', 'radiation_level.Green', 'radiation_level.Green', 'radiation_level.Green', 'radiation_level.Green', 'radiation_level.Green', 'radiation_level.Green', 'radiation_level.Green', 'radiation_level.Green', 'radiation_level.Green', 'radiation_level.Green', 'move.1']
2026-01-27 16:50:26,733 - varanus - ERROR - The permissible events were: ['radiation_level.Orange', 'radiation_level.Green', 'radiation_level.Red', 'move.0']
2026-01-27 16:50:26,733 - varanus - INFO - Trace file finished with violations
2026-01-27 16:50:26,735 - varanus - INFO - +++ Build Time: 			1.16031718254s +++
2026-01-27 16:50:26,735 - varanus - INFO - +++ Check Time: 			0.0378489494324s +++
2026-01-27 16:50:26,735 - varanus - INFO - +++ Average Transition Time: 	0.000283718109131s (74 events) +++
2026-01-27 16:50:26,735 - varanus - INFO - +++ Total Time: 			1.22463607788s +++
