2026-01-27 16:50:19,921 - varanus - INFO - +++ Testing rover_model_ras_fail_safety +++
2026-01-27 16:50:19,921 - varanus - INFO - Preprocessing...
2026-01-27 16:50:19,921 - varanus - INFO - Preprocessing: pass
2026-01-27 16:50:19,922 - varanus - INFO - +++ Running Offline +++
2026-01-27 16:50:19,948 - varanus - INFO - Building CSP State Machine. Please Wait
2026-01-27 16:50:20,184 - varanus - INFO - Building CSP State Machine
2026-01-27 16:50:20,348 - varanus - INFO - +++ checking that ROVER_SYSTEM is deterministic with given alphabets +++
2026-01-27 16:50:20,348 - varanus - INFO - +++ starting monitoring against ROVER_SYSTEM +++
2026-01-27 16:50:20,348 - varanus - INFO - +++ Running Offline -- Using State Machine +++
2026-01-27 16:50:20,348 - varanus - INFO - Parsing trace file at: oracles/inspection-rover-ras/trace-json-fail-safety.txt
2026-01-27 16:50:20,362 - varanus - INFO - Parsed trace file OK
2026-01-27 16:50:20,362 - varanus - INFO - Checking trace file: oracles/inspection-rover-ras/trace-json-fail-safety.txt
2026-01-27 16:50:20,363 - varanus - INFO - In state 17976143188387390655 saw radiation_level.Green
2026-01-27 16:50:20,363 - varanus - INFO - In state 17976143188387390655 saw radiation_level.Green
2026-01-27 16:50:20,363 - varanus - INFO - In state 17976143188387390655 saw radiation_level.Green
2026-01-27 16:50:20,363 - varanus - INFO - In state 17976143188387390655 saw radiation_level.Green
2026-01-27 16:50:20,364 - varanus - INFO - In state 17976143188387390655 saw radiation_level.Green
2026-01-27 16:50:20,364 - varanus - INFO - In state 17976143188387390655 saw radiation_level.Green
2026-01-27 16:50:20,364 - varanus - INFO - In state 17976143188387390655 saw radiation_level.Green
2026-01-27 16:50:20,364 - varanus - INFO - In state 17976143188387390655 saw radiation_level.Green
2026-01-27 16:50:20,365 - varanus - INFO - In state 17976143188387390655 saw radiation_level.Green
2026-01-27 16:50:20,365 - varanus - INFO - In state 17976143188387390655 saw radiation_level.Green
2026-01-27 16:50:20,365 - varanus - INFO - In state 17976143188387390655 saw radiation_level.Green
2026-01-27 16:50:20,365 - varanus - INFO - In state 17976143188387390655 saw radiation_level.Green
2026-01-27 16:50:20,366 - varanus - INFO - In state 17976143188387390655 saw radiation_level.Green
2026-01-27 16:50:20,366 - varanus - INFO - In state 17976143188387390655 saw radiation_level.Green
2026-01-27 16:50:20,366 - varanus - INFO - In state 17976143188387390655 saw radiation_level.Green
2026-01-27 16:50:20,367 - varanus - INFO - In state 17976143188387390655 saw radiation_level.Green
2026-01-27 16:50:20,367 - varanus - INFO - In state 17976143188387390655 saw radiation_level.Green
2026-01-27 16:50:20,367 - varanus - INFO - In state 17976143188387390655 saw radiation_level.Green
2026-01-27 16:50:20,367 - varanus - INFO - In state 17976143188387390655 saw radiation_level.Green
2026-01-27 16:50:20,368 - varanus - INFO - In state 17976143188387390655 saw radiation_level.Green
2026-01-27 16:50:20,368 - varanus - INFO - In state 17976143188387390655 saw radiation_level.Green
2026-01-27 16:50:20,368 - varanus - INFO - In state 17976143188387390655 saw radiation_level.Green
2026-01-27 16:50:20,368 - varanus - INFO - In state 17976143188387390655 saw radiation_level.Green
2026-01-27 16:50:20,369 - varanus - INFO - In state 17976143188387390655 saw radiation_level.Green
2026-01-27 16:50:20,369 - varanus - INFO - In state 17976143188387390655 saw radiation_level.Green
2026-01-27 16:50:20,369 - varanus - INFO - In state 17976143188387390655 saw radiation_level.Green
2026-01-27 16:50:20,369 - varanus - INFO - In state 17976143188387390655 saw radiation_level.Green
2026-01-27 16:50:20,370 - varanus - INFO - In state 17976143188387390655 saw radiation_level.Green
2026-01-27 16:50:20,370 - varanus - INFO - In state 17976143188387390655 saw radiation_level.Green
2026-01-27 16:50:20,370 - varanus - INFO - In state 17976143188387390655 saw radiation_level.Green
2026-01-27 16:50:20,371 - varanus - INFO - In state 17976143188387390655 saw radiation_level.Green
2026-01-27 16:50:20,371 - varanus - INFO - In state 17976143188387390655 saw radiation_level.Green
2026-01-27 16:50:20,371 - varanus - INFO - In state 17976143188387390655 saw radiation_level.Green
2026-01-27 16:50:20,371 - varanus - INFO - In state 17976143188387390655 saw radiation_level.Green
2026-01-27 16:50:20,372 - varanus - INFO - In state 17976143188387390655 saw radiation_level.Green
2026-01-27 16:50:20,372 - varanus - INFO - In state 17976143188387390655 saw radiation_level.Green
2026-01-27 16:50:20,372 - varanus - INFO - In state 17976143188387390655 saw radiation_level.Green
2026-01-27 16:50:20,372 - varanus - INFO - In state 17976143188387390655 saw radiation_level.Green
2026-01-27 16:50:20,373 - varanus - INFO - In state 17976143188387390655 saw radiation_level.Green
2026-01-27 16:50:20,373 - varanus - INFO - In state 17976143188387390655 saw radiation_level.Orange
2026-01-27 16:50:20,373 - varanus - INFO - In state 12415038746955978367 saw radiation_level.Green
2026-01-27 16:50:20,373 - varanus - INFO - In state 12415038746955978367 saw radiation_level.Green
2026-01-27 16:50:20,374 - varanus - INFO - In state 12415038746955978367 saw radiation_level.Green
2026-01-27 16:50:20,374 - varanus - INFO - In state 12415038746955978367 saw radiation_level.Green
2026-01-27 16:50:20,374 - varanus - INFO - In state 12415038746955978367 saw radiation_level.Green
2026-01-27 16:50:20,374 - varanus - INFO - In state 12415038746955978367 saw radiation_level.Green
2026-01-27 16:50:20,375 - varanus - INFO - In state 12415038746955978367 saw radiation_level.Green
2026-01-27 16:50:20,375 - varanus - INFO - In state 12415038746955978367 saw radiation_level.Green
2026-01-27 16:50:20,375 - varanus - INFO - In state 12415038746955978367 saw radiation_level.Green
2026-01-27 16:50:20,375 - varanus - INFO - In state 12415038746955978367 saw radiation_level.Green
2026-01-27 16:50:20,376 - varanus - INFO - In state 12415038746955978367 saw radiation_level.Green
2026-01-27 16:50:20,376 - varanus - INFO - In state 12415038746955978367 saw radiation_level.Green
2026-01-27 16:50:20,376 - varanus - INFO - In state 12415038746955978367 saw radiation_level.Green
2026-01-27 16:50:20,377 - varanus - INFO - In state 12415038746955978367 saw radiation_level.Green
2026-01-27 16:50:20,377 - varanus - INFO - In state 12415038746955978367 saw radiation_level.Green
2026-01-27 16:50:20,377 - varanus - INFO - In state 12415038746955978367 saw radiation_level.Green
2026-01-27 16:50:20,377 - varanus - INFO - In state 12415038746955978367 saw radiation_level.Green
2026-01-27 16:50:20,377 - varanus - INFO - In state 12415038746955978367 saw radiation_level.Green
2026-01-27 16:50:20,378 - varanus - INFO - In state 12415038746955978367 saw radiation_level.Green
2026-01-27 16:50:20,378 - varanus - INFO - In state 12415038746955978367 saw radiation_level.Green
2026-01-27 16:50:20,378 - varanus - INFO - In state 12415038746955978367 saw radiation_level.Green
2026-01-27 16:50:20,378 - varanus - INFO - In state 12415038746955978367 saw radiation_level.Green
2026-01-27 16:50:20,379 - varanus - INFO - In state 12415038746955978367 saw radiation_level.Green
2026-01-27 16:50:20,379 - varanus - INFO - In state 12415038746955978367 saw radiation_level.Green
2026-01-27 16:50:20,379 - varanus - INFO - In state 12415038746955978367 saw radiation_level.Green
2026-01-27 16:50:20,379 - varanus - INFO - In state 12415038746955978367 saw radiation_level.Green
2026-01-27 16:50:20,380 - varanus - INFO - In state 12415038746955978367 saw radiation_level.Green
2026-01-27 16:50:20,380 - varanus - INFO - In state 12415038746955978367 saw radiation_level.Green
2026-01-27 16:50:20,380 - varanus - INFO - In state 12415038746955978367 saw radiation_level.Green
2026-01-27 16:50:20,380 - varanus - INFO - In state 12415038746955978367 saw radiation_level.Green
2026-01-27 16:50:20,381 - varanus - INFO - In state 12415038746955978367 saw radiation_level.Green
2026-01-27 16:50:20,381 - varanus - INFO - In state 12415038746955978367 saw radiation_level.Green
2026-01-27 16:50:20,381 - varanus - INFO - In state 12415038746955978367 saw radiation_level.Green
2026-01-27 16:50:20,381 - varanus - INFO - In state 12415038746955978367 saw move.1
2026-01-27 16:50:20,382 - varanus - INFO - UNEXPECTED TRANSITION
2026-01-27 16:50:20,382 - varanus - INFO - Stated alphabet returning bad state i.e. None - saw bad event
2026-01-27 16:50:20,382 - varanus - ERROR - System Violated the Specification with Trace: ['radiation_level.Green', 'radiation_level.Green', 'radiation_level.Green', 'radiation_level.Green', 'radiation_level.Green', 'radiation_level.Green', 'radiation_level.Green', 'radiation_level.Green', 'radiation_level.Green', 'radiation_level.Green', 'radiation_level.Green', 'radiation_level.Green', 'radiation_level.Green', 'radiation_level.Green', 'radiation_level.Green', 'radiation_level.Green', 'radiation_level.Green', 'radiation_level.Green', 'radiation_level.Green', 'radiation_level.Green', 'radiation_level.Green', 'radiation_level.Green', 'radiation_level.Green', 'radiation_level.Green', 'radiation_level.Green', 'radiation_level.Green', 'radiation_level.Green', 'radiation_level.Green', 'radiation_level.Green', 'radiation_level.Green', 'radiation_level.Green', 'radiation_level.Green', 'radiation_level.Green', 'radiation_level.Green', 'radiation_level.Green', 'radiation_level.Green', 'radiation_level.Green', 'radiation_level.Green', 'radiation_level.Green', 'radiation_level.Orange', 'radiation_level.Green', 'radiation_level.Green', 'radiation_level.Green', 'radiation_level.Green', 'radiation_level.Green', 'radiation_level.Green', 'radiation_level.Green', 'radiation_level.Green', 'radiation_level.Green', 'radiation_level.Green', 'radiation_level.Green', 'radiation_level.Green', 'radiation_level.Green', 'radiation_level.Green', 'radiation_level.Green', 'radiation_level.Green', 'radiation_level.Green', 'radiation_level.Green', 'radiation_level.Green', 'radiation_level.Green', 'radiation_level.Green', 'radiation_level.Green', 'radiation_level.Green', 'radiation_level.Green', 'radiation_level.Green', 'radiation_level.Green', 'radiation_level.Green', 'radiation_level.Green', 'radiation_level.Green', 'radiation_level.Green', 'radiation_level.Green', 'radiation_level.Green', 'radiation_level.Green', 'move.1']
2026-01-27 16:50:20,382 - varanus - ERROR - The permissible events were: ['radiation_level.Orange', 'radiation_level.Green', 'radiation_level.Red', 'move.0']
2026-01-27 16:50:20,382 - varanus - INFO - Trace file finished with violations
2026-01-27 16:50:20,384 - varanus - INFO - +++ Build Time: 			0.400315999985s +++
2026-01-27 16:50:20,384 - varanus - INFO - +++ Check Time: 			0.0337488651276s +++
2026-01-27 16:50:20,384 - varanus - INFO - +++ Average Transition Time: 	0.0002625214087s (74 events) +++
2026-01-27 16:50:20,384 - varanus - INFO - +++ Total Time: 			0.460712909698s +++
