2026-01-27 16:50:12,173 - varanus - INFO - +++ Testing rover_model_ras_fail_safety +++
2026-01-27 16:50:12,174 - varanus - INFO - Preprocessing...
2026-01-27 16:50:12,174 - varanus - INFO - Preprocessing: pass
2026-01-27 16:50:12,174 - varanus - INFO - +++ Running Offline +++
2026-01-27 16:50:12,199 - varanus - INFO - Building CSP State Machine. Please Wait
2026-01-27 16:50:13,123 - varanus - INFO - Building CSP State Machine
2026-01-27 16:50:13,343 - varanus - INFO - +++ checking that ROVER_SYSTEM is deterministic with given alphabets +++
2026-01-27 16:50:13,343 - varanus - INFO - +++ starting monitoring against ROVER_SYSTEM +++
2026-01-27 16:50:13,343 - varanus - INFO - +++ Running Offline -- Using State Machine +++
2026-01-27 16:50:13,343 - varanus - INFO - Parsing trace file at: oracles/inspection-rover-ras/trace-json-fail-safety.txt
2026-01-27 16:50:13,360 - varanus - INFO - Parsed trace file OK
2026-01-27 16:50:13,360 - varanus - INFO - Checking trace file: oracles/inspection-rover-ras/trace-json-fail-safety.txt
2026-01-27 16:50:13,360 - varanus - INFO - In state 17976143188387390655 saw radiation_level.Green
2026-01-27 16:50:13,361 - varanus - INFO - In state 17976143188387390655 saw radiation_level.Green
2026-01-27 16:50:13,361 - varanus - INFO - In state 17976143188387390655 saw radiation_level.Green
2026-01-27 16:50:13,361 - varanus - INFO - In state 17976143188387390655 saw radiation_level.Green
2026-01-27 16:50:13,361 - varanus - INFO - In state 17976143188387390655 saw radiation_level.Green
2026-01-27 16:50:13,362 - varanus - INFO - In state 17976143188387390655 saw radiation_level.Green
2026-01-27 16:50:13,362 - varanus - INFO - In state 17976143188387390655 saw radiation_level.Green
2026-01-27 16:50:13,362 - varanus - INFO - In state 17976143188387390655 saw radiation_level.Green
2026-01-27 16:50:13,362 - varanus - INFO - In state 17976143188387390655 saw radiation_level.Green
2026-01-27 16:50:13,363 - varanus - INFO - In state 17976143188387390655 saw radiation_level.Green
2026-01-27 16:50:13,363 - varanus - INFO - In state 17976143188387390655 saw radiation_level.Green
2026-01-27 16:50:13,363 - varanus - INFO - In state 17976143188387390655 saw radiation_level.Green
2026-01-27 16:50:13,363 - varanus - INFO - In state 17976143188387390655 saw radiation_level.Green
2026-01-27 16:50:13,364 - varanus - INFO - In state 17976143188387390655 saw radiation_level.Green
2026-01-27 16:50:13,364 - varanus - INFO - In state 17976143188387390655 saw radiation_level.Green
2026-01-27 16:50:13,364 - varanus - INFO - In state 17976143188387390655 saw radiation_level.Green
2026-01-27 16:50:13,365 - varanus - INFO - In state 17976143188387390655 saw radiation_level.Green
2026-01-27 16:50:13,365 - varanus - INFO - In state 17976143188387390655 saw radiation_level.Green
2026-01-27 16:50:13,365 - varanus - INFO - In state 17976143188387390655 saw radiation_level.Green
2026-01-27 16:50:13,365 - varanus - INFO - In state 17976143188387390655 saw radiation_level.Green
2026-01-27 16:50:13,366 - varanus - INFO - In state 17976143188387390655 saw radiation_level.Green
2026-01-27 16:50:13,366 - varanus - INFO - In state 17976143188387390655 saw radiation_level.Green
2026-01-27 16:50:13,366 - varanus - INFO - In state 17976143188387390655 saw radiation_level.Green
2026-01-27 16:50:13,366 - varanus - INFO - In state 17976143188387390655 saw radiation_level.Green
2026-01-27 16:50:13,367 - varanus - INFO - In state 17976143188387390655 saw radiation_level.Green
2026-01-27 16:50:13,367 - varanus - INFO - In state 17976143188387390655 saw radiation_level.Green
2026-01-27 16:50:13,367 - varanus - INFO - In state 17976143188387390655 saw radiation_level.Green
2026-01-27 16:50:13,367 - varanus - INFO - In state 17976143188387390655 saw radiation_level.Green
2026-01-27 16:50:13,368 - varanus - INFO - In state 17976143188387390655 saw radiation_level.Green
2026-01-27 16:50:13,368 - varanus - INFO - In state 17976143188387390655 saw radiation_level.Green
2026-01-27 16:50:13,368 - varanus - INFO - In state 17976143188387390655 saw radiation_level.Green
2026-01-27 16:50:13,368 - varanus - INFO - In state 17976143188387390655 saw radiation_level.Green
2026-01-27 16:50:13,369 - varanus - INFO - In state 17976143188387390655 saw radiation_level.Green
2026-01-27 16:50:13,369 - varanus - INFO - In state 17976143188387390655 saw radiation_level.Green
2026-01-27 16:50:13,369 - varanus - INFO - In state 17976143188387390655 saw radiation_level.Green
2026-01-27 16:50:13,369 - varanus - INFO - In state 17976143188387390655 saw radiation_level.Green
2026-01-27 16:50:13,370 - varanus - INFO - In state 17976143188387390655 saw radiation_level.Green
2026-01-27 16:50:13,370 - varanus - INFO - In state 17976143188387390655 saw radiation_level.Green
2026-01-27 16:50:13,370 - varanus - INFO - In state 17976143188387390655 saw radiation_level.Green
2026-01-27 16:50:13,371 - varanus - INFO - In state 17976143188387390655 saw radiation_level.Orange
2026-01-27 16:50:13,371 - varanus - INFO - In state 12415038746955978367 saw radiation_level.Green
2026-01-27 16:50:13,371 - varanus - INFO - In state 12415038746955978367 saw radiation_level.Green
2026-01-27 16:50:13,371 - varanus - INFO - In state 12415038746955978367 saw radiation_level.Green
2026-01-27 16:50:13,372 - varanus - INFO - In state 12415038746955978367 saw radiation_level.Green
2026-01-27 16:50:13,372 - varanus - INFO - In state 12415038746955978367 saw radiation_level.Green
2026-01-27 16:50:13,372 - varanus - INFO - In state 12415038746955978367 saw radiation_level.Green
2026-01-27 16:50:13,372 - varanus - INFO - In state 12415038746955978367 saw radiation_level.Green
2026-01-27 16:50:13,373 - varanus - INFO - In state 12415038746955978367 saw radiation_level.Green
2026-01-27 16:50:13,373 - varanus - INFO - In state 12415038746955978367 saw radiation_level.Green
2026-01-27 16:50:13,373 - varanus - INFO - In state 12415038746955978367 saw radiation_level.Green
2026-01-27 16:50:13,373 - varanus - INFO - In state 12415038746955978367 saw radiation_level.Green
2026-01-27 16:50:13,374 - varanus - INFO - In state 12415038746955978367 saw radiation_level.Green
2026-01-27 16:50:13,374 - varanus - INFO - In state 12415038746955978367 saw radiation_level.Green
2026-01-27 16:50:13,374 - varanus - INFO - In state 12415038746955978367 saw radiation_level.Green
2026-01-27 16:50:13,374 - varanus - INFO - In state 12415038746955978367 saw radiation_level.Green
2026-01-27 16:50:13,375 - varanus - INFO - In state 12415038746955978367 saw radiation_level.Green
2026-01-27 16:50:13,375 - varanus - INFO - In state 12415038746955978367 saw radiation_level.Green
2026-01-27 16:50:13,375 - varanus - INFO - In state 12415038746955978367 saw radiation_level.Green
2026-01-27 16:50:13,375 - varanus - INFO - In state 12415038746955978367 saw radiation_level.Green
2026-01-27 16:50:13,376 - varanus - INFO - In state 12415038746955978367 saw radiation_level.Green
2026-01-27 16:50:13,376 - varanus - INFO - In state 12415038746955978367 saw radiation_level.Green
2026-01-27 16:50:13,376 - varanus - INFO - In state 12415038746955978367 saw radiation_level.Green
2026-01-27 16:50:13,376 - varanus - INFO - In state 12415038746955978367 saw radiation_level.Green
2026-01-27 16:50:13,377 - varanus - INFO - In state 12415038746955978367 saw radiation_level.Green
2026-01-27 16:50:13,377 - varanus - INFO - In state 12415038746955978367 saw radiation_level.Green
2026-01-27 16:50:13,377 - varanus - INFO - In state 12415038746955978367 saw radiation_level.Green
2026-01-27 16:50:13,378 - varanus - INFO - In state 12415038746955978367 saw radiation_level.Green
2026-01-27 16:50:13,378 - varanus - INFO - In state 12415038746955978367 saw radiation_level.Green
2026-01-27 16:50:13,379 - varanus - INFO - In state 12415038746955978367 saw radiation_level.Green
2026-01-27 16:50:13,379 - varanus - INFO - In state 12415038746955978367 saw radiation_level.Green
2026-01-27 16:50:13,379 - varanus - INFO - In state 12415038746955978367 saw radiation_level.Green
2026-01-27 16:50:13,379 - varanus - INFO - In state 12415038746955978367 saw radiation_level.Green
2026-01-27 16:50:13,380 - varanus - INFO - In state 12415038746955978367 saw radiation_level.Green
2026-01-27 16:50:13,380 - varanus - INFO - In state 12415038746955978367 saw move.1
2026-01-27 16:50:13,380 - varanus - INFO - UNEXPECTED TRANSITION
2026-01-27 16:50:13,380 - varanus - INFO - Stated alphabet returning bad state i.e. None - saw bad event
2026-01-27 16:50:13,380 - varanus - ERROR - System Violated the Specification with Trace: ['radiation_level.Green', 'radiation_level.Green', 'radiation_level.Green', 'radiation_level.Green', 'radiation_level.Green', 'radiation_level.Green', 'radiation_level.Green', 'radiation_level.Green', 'radiation_level.Green', 'radiation_level.Green', 'radiation_level.Green', 'radiation_level.Green', 'radiation_level.Green', 'radiation_level.Green', 'radiation_level.Green', 'radiation_level.Green', 'radiation_level.Green', 'radiation_level.Green', 'radiation_level.Green', 'radiation_level.Green', 'radiation_level.Green', 'radiation_level.Green', 'radiation_level.Green', 'radiation_level.Green', 'radiation_level.Green', 'radiation_level.Green', 'radiation_level.Green', 'radiation_level.Green', 'radiation_level.Green', 'radiation_level.Green', 'radiation_level.Green', 'radiation_level.Green', 'radiation_level.Green', 'radiation_level.Green', 'radiation_level.Green', 'radiation_level.Green', 'radiation_level.Green', 'radiation_level.Green', 'radiation_level.Green', 'radiation_level.Orange', 'radiation_level.Green', 'radiation_level.Green', 'radiation_level.Green', 'radiation_level.Green', 'radiation_level.Green', 'radiation_level.Green', 'radiation_level.Green', 'radiation_level.Green', 'radiation_level.Green', 'radiation_level.Green', 'radiation_level.Green', 'radiation_level.Green', 'radiation_level.Green', 'radiation_level.Green', 'radiation_level.Green', 'radiation_level.Green', 'radiation_level.Green', 'radiation_level.Green', 'radiation_level.Green', 'radiation_level.Green', 'radiation_level.Green', 'radiation_level.Green', 'radiation_level.Green', 'radiation_level.Green', 'radiation_level.Green', 'radiation_level.Green', 'radiation_level.Green', 'radiation_level.Green', 'radiation_level.Green', 'radiation_level.Green', 'radiation_level.Green', 'radiation_level.Green', 'radiation_level.Green', 'move.1']
2026-01-27 16:50:13,380 - varanus - ERROR - The permissible events were: ['radiation_level.Orange', 'radiation_level.Green', 'radiation_level.Red', 'move.0']
2026-01-27 16:50:13,380 - varanus - INFO - Trace file finished with violations
2026-01-27 16:50:13,382 - varanus - INFO - +++ Build Time: 			1.14362001419s +++
2026-01-27 16:50:13,382 - varanus - INFO - +++ Check Time: 			0.0372428894043s +++
2026-01-27 16:50:13,382 - varanus - INFO - +++ Average Transition Time: 	0.000269432325621s (74 events) +++
2026-01-27 16:50:13,382 - varanus - INFO - +++ Total Time: 			1.20665407181s +++
