2026-01-27 16:50:31,799 - varanus - INFO - +++ Testing rover_model_ras_fail_safety +++
2026-01-27 16:50:31,799 - varanus - INFO - Preprocessing...
2026-01-27 16:50:31,799 - varanus - INFO - Preprocessing: pass
2026-01-27 16:50:31,805 - varanus - INFO - +++ Running Offline +++
2026-01-27 16:50:31,831 - varanus - INFO - Building CSP State Machine. Please Wait
2026-01-27 16:50:32,292 - varanus - INFO - Building CSP State Machine
2026-01-27 16:50:32,487 - varanus - INFO - +++ checking that ROVER_SYSTEM is deterministic with given alphabets +++
2026-01-27 16:50:32,487 - varanus - INFO - +++ starting monitoring against ROVER_SYSTEM +++
2026-01-27 16:50:32,487 - varanus - INFO - +++ Running Offline -- Using State Machine +++
2026-01-27 16:50:32,487 - varanus - INFO - Parsing trace file at: oracles/inspection-rover-ras/trace-json-fail-safety.txt
2026-01-27 16:50:32,502 - varanus - INFO - Parsed trace file OK
2026-01-27 16:50:32,502 - varanus - INFO - Checking trace file: oracles/inspection-rover-ras/trace-json-fail-safety.txt
2026-01-27 16:50:32,502 - varanus - INFO - In state 17976143188387390655 saw radiation_level.Green
2026-01-27 16:50:32,502 - varanus - INFO - In state 17976143188387390655 saw radiation_level.Green
2026-01-27 16:50:32,503 - varanus - INFO - In state 17976143188387390655 saw radiation_level.Green
2026-01-27 16:50:32,503 - varanus - INFO - In state 17976143188387390655 saw radiation_level.Green
2026-01-27 16:50:32,503 - varanus - INFO - In state 17976143188387390655 saw radiation_level.Green
2026-01-27 16:50:32,504 - varanus - INFO - In state 17976143188387390655 saw radiation_level.Green
2026-01-27 16:50:32,504 - varanus - INFO - In state 17976143188387390655 saw radiation_level.Green
2026-01-27 16:50:32,504 - varanus - INFO - In state 17976143188387390655 saw radiation_level.Green
2026-01-27 16:50:32,504 - varanus - INFO - In state 17976143188387390655 saw radiation_level.Green
2026-01-27 16:50:32,505 - varanus - INFO - In state 17976143188387390655 saw radiation_level.Green
2026-01-27 16:50:32,505 - varanus - INFO - In state 17976143188387390655 saw radiation_level.Green
2026-01-27 16:50:32,505 - varanus - INFO - In state 17976143188387390655 saw radiation_level.Green
2026-01-27 16:50:32,505 - varanus - INFO - In state 17976143188387390655 saw radiation_level.Green
2026-01-27 16:50:32,506 - varanus - INFO - In state 17976143188387390655 saw radiation_level.Green
2026-01-27 16:50:32,506 - varanus - INFO - In state 17976143188387390655 saw radiation_level.Green
2026-01-27 16:50:32,506 - varanus - INFO - In state 17976143188387390655 saw radiation_level.Green
2026-01-27 16:50:32,507 - varanus - INFO - In state 17976143188387390655 saw radiation_level.Green
2026-01-27 16:50:32,507 - varanus - INFO - In state 17976143188387390655 saw radiation_level.Green
2026-01-27 16:50:32,507 - varanus - INFO - In state 17976143188387390655 saw radiation_level.Green
2026-01-27 16:50:32,507 - varanus - INFO - In state 17976143188387390655 saw radiation_level.Green
2026-01-27 16:50:32,508 - varanus - INFO - In state 17976143188387390655 saw radiation_level.Green
2026-01-27 16:50:32,508 - varanus - INFO - In state 17976143188387390655 saw radiation_level.Green
2026-01-27 16:50:32,508 - varanus - INFO - In state 17976143188387390655 saw radiation_level.Green
2026-01-27 16:50:32,508 - varanus - INFO - In state 17976143188387390655 saw radiation_level.Green
2026-01-27 16:50:32,509 - varanus - INFO - In state 17976143188387390655 saw radiation_level.Green
2026-01-27 16:50:32,509 - varanus - INFO - In state 17976143188387390655 saw radiation_level.Green
2026-01-27 16:50:32,509 - varanus - INFO - In state 17976143188387390655 saw radiation_level.Green
2026-01-27 16:50:32,509 - varanus - INFO - In state 17976143188387390655 saw radiation_level.Green
2026-01-27 16:50:32,510 - varanus - INFO - In state 17976143188387390655 saw radiation_level.Green
2026-01-27 16:50:32,510 - varanus - INFO - In state 17976143188387390655 saw radiation_level.Green
2026-01-27 16:50:32,510 - varanus - INFO - In state 17976143188387390655 saw radiation_level.Green
2026-01-27 16:50:32,511 - varanus - INFO - In state 17976143188387390655 saw radiation_level.Green
2026-01-27 16:50:32,511 - varanus - INFO - In state 17976143188387390655 saw radiation_level.Green
2026-01-27 16:50:32,511 - varanus - INFO - In state 17976143188387390655 saw radiation_level.Green
2026-01-27 16:50:32,512 - varanus - INFO - In state 17976143188387390655 saw radiation_level.Green
2026-01-27 16:50:32,512 - varanus - INFO - In state 17976143188387390655 saw radiation_level.Green
2026-01-27 16:50:32,512 - varanus - INFO - In state 17976143188387390655 saw radiation_level.Green
2026-01-27 16:50:32,513 - varanus - INFO - In state 17976143188387390655 saw radiation_level.Green
2026-01-27 16:50:32,513 - varanus - INFO - In state 17976143188387390655 saw radiation_level.Green
2026-01-27 16:50:32,513 - varanus - INFO - In state 17976143188387390655 saw radiation_level.Orange
2026-01-27 16:50:32,514 - varanus - INFO - In state 12415038746955978367 saw radiation_level.Green
2026-01-27 16:50:32,514 - varanus - INFO - In state 12415038746955978367 saw radiation_level.Green
2026-01-27 16:50:32,514 - varanus - INFO - In state 12415038746955978367 saw radiation_level.Green
2026-01-27 16:50:32,514 - varanus - INFO - In state 12415038746955978367 saw radiation_level.Green
2026-01-27 16:50:32,514 - varanus - INFO - In state 12415038746955978367 saw radiation_level.Green
2026-01-27 16:50:32,516 - varanus - INFO - In state 12415038746955978367 saw radiation_level.Green
2026-01-27 16:50:32,516 - varanus - INFO - In state 12415038746955978367 saw radiation_level.Green
2026-01-27 16:50:32,517 - varanus - INFO - In state 12415038746955978367 saw radiation_level.Green
2026-01-27 16:50:32,517 - varanus - INFO - In state 12415038746955978367 saw radiation_level.Green
2026-01-27 16:50:32,517 - varanus - INFO - In state 12415038746955978367 saw radiation_level.Green
2026-01-27 16:50:32,518 - varanus - INFO - In state 12415038746955978367 saw radiation_level.Green
2026-01-27 16:50:32,518 - varanus - INFO - In state 12415038746955978367 saw radiation_level.Green
2026-01-27 16:50:32,518 - varanus - INFO - In state 12415038746955978367 saw radiation_level.Green
2026-01-27 16:50:32,519 - varanus - INFO - In state 12415038746955978367 saw radiation_level.Green
2026-01-27 16:50:32,519 - varanus - INFO - In state 12415038746955978367 saw radiation_level.Green
2026-01-27 16:50:32,519 - varanus - INFO - In state 12415038746955978367 saw radiation_level.Green
2026-01-27 16:50:32,519 - varanus - INFO - In state 12415038746955978367 saw radiation_level.Green
2026-01-27 16:50:32,520 - varanus - INFO - In state 12415038746955978367 saw radiation_level.Green
2026-01-27 16:50:32,520 - varanus - INFO - In state 12415038746955978367 saw radiation_level.Green
2026-01-27 16:50:32,520 - varanus - INFO - In state 12415038746955978367 saw radiation_level.Green
2026-01-27 16:50:32,520 - varanus - INFO - In state 12415038746955978367 saw radiation_level.Green
2026-01-27 16:50:32,521 - varanus - INFO - In state 12415038746955978367 saw radiation_level.Green
2026-01-27 16:50:32,521 - varanus - INFO - In state 12415038746955978367 saw radiation_level.Green
2026-01-27 16:50:32,521 - varanus - INFO - In state 12415038746955978367 saw radiation_level.Green
2026-01-27 16:50:32,522 - varanus - INFO - In state 12415038746955978367 saw radiation_level.Green
2026-01-27 16:50:32,522 - varanus - INFO - In state 12415038746955978367 saw radiation_level.Green
2026-01-27 16:50:32,522 - varanus - INFO - In state 12415038746955978367 saw radiation_level.Green
2026-01-27 16:50:32,522 - varanus - INFO - In state 12415038746955978367 saw radiation_level.Green
2026-01-27 16:50:32,523 - varanus - INFO - In state 12415038746955978367 saw radiation_level.Green
2026-01-27 16:50:32,523 - varanus - INFO - In state 12415038746955978367 saw radiation_level.Green
2026-01-27 16:50:32,523 - varanus - INFO - In state 12415038746955978367 saw radiation_level.Green
2026-01-27 16:50:32,523 - varanus - INFO - In state 12415038746955978367 saw radiation_level.Green
2026-01-27 16:50:32,524 - varanus - INFO - In state 12415038746955978367 saw radiation_level.Green
2026-01-27 16:50:32,524 - varanus - INFO - In state 12415038746955978367 saw move.1
2026-01-27 16:50:32,524 - varanus - INFO - UNEXPECTED TRANSITION
2026-01-27 16:50:32,524 - varanus - INFO - Stated alphabet returning bad state i.e. None - saw bad event
2026-01-27 16:50:32,524 - varanus - ERROR - System Violated the Specification with Trace: ['radiation_level.Green', 'radiation_level.Green', 'radiation_level.Green', 'radiation_level.Green', 'radiation_level.Green', 'radiation_level.Green', 'radiation_level.Green', 'radiation_level.Green', 'radiation_level.Green', 'radiation_level.Green', 'radiation_level.Green', 'radiation_level.Green', 'radiation_level.Green', 'radiation_level.Green', 'radiation_level.Green', 'radiation_level.Green', 'radiation_level.Green', 'radiation_level.Green', 'radiation_level.Green', 'radiation_level.Green', 'radiation_level.Green', 'radiation_level.Green', 'radiation_level.Green', 'radiation_level.Green', 'radiation_level.Green', 'radiation_level.Green', 'radiation_level.Green', 'radiation_level.Green', 'radiation_level.Green', 'radiation_level.Green', 'radiation_level.Green', 'radiation_level.Green', 'radiation_level.Green', 'radiation_level.Green', 'radiation_level.Green', 'radiation_level.Green', 'radiation_level.Green', 'radiation_level.Green', 'radiation_level.Green', 'radiation_level.Orange', 'radiation_level.Green', 'radiation_level.Green', 'radiation_level.Green', 'radiation_level.Green', 'radiation_level.Green', 'radiation_level.Green', 'radiation_level.Green', 'radiation_level.Green', 'radiation_level.Green', 'radiation_level.Green', 'radiation_level.Green', 'radiation_level.Green', 'radiation_level.Green', 'radiation_level.Green', 'radiation_level.Green', 'radiation_level.Green', 'radiation_level.Green', 'radiation_level.Green', 'radiation_level.Green', 'radiation_level.Green', 'radiation_level.Green', 'radiation_level.Green', 'radiation_level.Green', 'radiation_level.Green', 'radiation_level.Green', 'radiation_level.Green', 'radiation_level.Green', 'radiation_level.Green', 'radiation_level.Green', 'radiation_level.Green', 'radiation_level.Green', 'radiation_level.Green', 'radiation_level.Green', 'move.1']
2026-01-27 16:50:32,524 - varanus - ERROR - The permissible events were: ['radiation_level.Orange', 'radiation_level.Green', 'radiation_level.Red', 'move.0']
2026-01-27 16:50:32,524 - varanus - INFO - Trace file finished with violations
2026-01-27 16:50:32,526 - varanus - INFO - +++ Build Time: 			0.656567811966s +++
2026-01-27 16:50:32,526 - varanus - INFO - +++ Check Time: 			0.0370697975159s +++
2026-01-27 16:50:32,526 - varanus - INFO - +++ Average Transition Time: 	0.000299891910037s (74 events) +++
2026-01-27 16:50:32,526 - varanus - INFO - +++ Total Time: 			0.719550848007s +++
