2026-01-27 16:50:16,560 - varanus - INFO - +++ Testing rover_model_ras_fail_safety +++
2026-01-27 16:50:16,566 - varanus - INFO - Preprocessing...
2026-01-27 16:50:16,567 - varanus - INFO - Preprocessing: pass
2026-01-27 16:50:16,567 - varanus - INFO - +++ Running Offline +++
2026-01-27 16:50:16,592 - varanus - INFO - Building CSP State Machine. Please Wait
2026-01-27 16:50:16,837 - varanus - INFO - Building CSP State Machine
2026-01-27 16:50:16,996 - varanus - INFO - +++ checking that ROVER_SYSTEM is deterministic with given alphabets +++
2026-01-27 16:50:16,996 - varanus - INFO - +++ starting monitoring against ROVER_SYSTEM +++
2026-01-27 16:50:16,996 - varanus - INFO - +++ Running Offline -- Using State Machine +++
2026-01-27 16:50:16,996 - varanus - INFO - Parsing trace file at: oracles/inspection-rover-ras/trace-json-fail-safety.txt
2026-01-27 16:50:17,013 - varanus - INFO - Parsed trace file OK
2026-01-27 16:50:17,013 - varanus - INFO - Checking trace file: oracles/inspection-rover-ras/trace-json-fail-safety.txt
2026-01-27 16:50:17,013 - varanus - INFO - In state 17976143188387390655 saw radiation_level.Green
2026-01-27 16:50:17,014 - varanus - INFO - In state 17976143188387390655 saw radiation_level.Green
2026-01-27 16:50:17,014 - varanus - INFO - In state 17976143188387390655 saw radiation_level.Green
2026-01-27 16:50:17,014 - varanus - INFO - In state 17976143188387390655 saw radiation_level.Green
2026-01-27 16:50:17,014 - varanus - INFO - In state 17976143188387390655 saw radiation_level.Green
2026-01-27 16:50:17,015 - varanus - INFO - In state 17976143188387390655 saw radiation_level.Green
2026-01-27 16:50:17,015 - varanus - INFO - In state 17976143188387390655 saw radiation_level.Green
2026-01-27 16:50:17,015 - varanus - INFO - In state 17976143188387390655 saw radiation_level.Green
2026-01-27 16:50:17,015 - varanus - INFO - In state 17976143188387390655 saw radiation_level.Green
2026-01-27 16:50:17,016 - varanus - INFO - In state 17976143188387390655 saw radiation_level.Green
2026-01-27 16:50:17,016 - varanus - INFO - In state 17976143188387390655 saw radiation_level.Green
2026-01-27 16:50:17,016 - varanus - INFO - In state 17976143188387390655 saw radiation_level.Green
2026-01-27 16:50:17,017 - varanus - INFO - In state 17976143188387390655 saw radiation_level.Green
2026-01-27 16:50:17,017 - varanus - INFO - In state 17976143188387390655 saw radiation_level.Green
2026-01-27 16:50:17,018 - varanus - INFO - In state 17976143188387390655 saw radiation_level.Green
2026-01-27 16:50:17,018 - varanus - INFO - In state 17976143188387390655 saw radiation_level.Green
2026-01-27 16:50:17,018 - varanus - INFO - In state 17976143188387390655 saw radiation_level.Green
2026-01-27 16:50:17,019 - varanus - INFO - In state 17976143188387390655 saw radiation_level.Green
2026-01-27 16:50:17,019 - varanus - INFO - In state 17976143188387390655 saw radiation_level.Green
2026-01-27 16:50:17,020 - varanus - INFO - In state 17976143188387390655 saw radiation_level.Green
2026-01-27 16:50:17,020 - varanus - INFO - In state 17976143188387390655 saw radiation_level.Green
2026-01-27 16:50:17,020 - varanus - INFO - In state 17976143188387390655 saw radiation_level.Green
2026-01-27 16:50:17,021 - varanus - INFO - In state 17976143188387390655 saw radiation_level.Green
2026-01-27 16:50:17,021 - varanus - INFO - In state 17976143188387390655 saw radiation_level.Green
2026-01-27 16:50:17,022 - varanus - INFO - In state 17976143188387390655 saw radiation_level.Green
2026-01-27 16:50:17,022 - varanus - INFO - In state 17976143188387390655 saw radiation_level.Green
2026-01-27 16:50:17,022 - varanus - INFO - In state 17976143188387390655 saw radiation_level.Green
2026-01-27 16:50:17,023 - varanus - INFO - In state 17976143188387390655 saw radiation_level.Green
2026-01-27 16:50:17,023 - varanus - INFO - In state 17976143188387390655 saw radiation_level.Green
2026-01-27 16:50:17,024 - varanus - INFO - In state 17976143188387390655 saw radiation_level.Green
2026-01-27 16:50:17,024 - varanus - INFO - In state 17976143188387390655 saw radiation_level.Green
2026-01-27 16:50:17,024 - varanus - INFO - In state 17976143188387390655 saw radiation_level.Green
2026-01-27 16:50:17,025 - varanus - INFO - In state 17976143188387390655 saw radiation_level.Green
2026-01-27 16:50:17,025 - varanus - INFO - In state 17976143188387390655 saw radiation_level.Green
2026-01-27 16:50:17,026 - varanus - INFO - In state 17976143188387390655 saw radiation_level.Green
2026-01-27 16:50:17,026 - varanus - INFO - In state 17976143188387390655 saw radiation_level.Green
2026-01-27 16:50:17,026 - varanus - INFO - In state 17976143188387390655 saw radiation_level.Green
2026-01-27 16:50:17,027 - varanus - INFO - In state 17976143188387390655 saw radiation_level.Green
2026-01-27 16:50:17,027 - varanus - INFO - In state 17976143188387390655 saw radiation_level.Green
2026-01-27 16:50:17,028 - varanus - INFO - In state 17976143188387390655 saw radiation_level.Orange
2026-01-27 16:50:17,028 - varanus - INFO - In state 12415038746955978367 saw radiation_level.Green
2026-01-27 16:50:17,028 - varanus - INFO - In state 12415038746955978367 saw radiation_level.Green
2026-01-27 16:50:17,029 - varanus - INFO - In state 12415038746955978367 saw radiation_level.Green
2026-01-27 16:50:17,029 - varanus - INFO - In state 12415038746955978367 saw radiation_level.Green
2026-01-27 16:50:17,030 - varanus - INFO - In state 12415038746955978367 saw radiation_level.Green
2026-01-27 16:50:17,030 - varanus - INFO - In state 12415038746955978367 saw radiation_level.Green
2026-01-27 16:50:17,030 - varanus - INFO - In state 12415038746955978367 saw radiation_level.Green
2026-01-27 16:50:17,031 - varanus - INFO - In state 12415038746955978367 saw radiation_level.Green
2026-01-27 16:50:17,031 - varanus - INFO - In state 12415038746955978367 saw radiation_level.Green
2026-01-27 16:50:17,031 - varanus - INFO - In state 12415038746955978367 saw radiation_level.Green
2026-01-27 16:50:17,032 - varanus - INFO - In state 12415038746955978367 saw radiation_level.Green
2026-01-27 16:50:17,032 - varanus - INFO - In state 12415038746955978367 saw radiation_level.Green
2026-01-27 16:50:17,033 - varanus - INFO - In state 12415038746955978367 saw radiation_level.Green
2026-01-27 16:50:17,033 - varanus - INFO - In state 12415038746955978367 saw radiation_level.Green
2026-01-27 16:50:17,033 - varanus - INFO - In state 12415038746955978367 saw radiation_level.Green
2026-01-27 16:50:17,034 - varanus - INFO - In state 12415038746955978367 saw radiation_level.Green
2026-01-27 16:50:17,034 - varanus - INFO - In state 12415038746955978367 saw radiation_level.Green
2026-01-27 16:50:17,035 - varanus - INFO - In state 12415038746955978367 saw radiation_level.Green
2026-01-27 16:50:17,035 - varanus - INFO - In state 12415038746955978367 saw radiation_level.Green
2026-01-27 16:50:17,035 - varanus - INFO - In state 12415038746955978367 saw radiation_level.Green
2026-01-27 16:50:17,036 - varanus - INFO - In state 12415038746955978367 saw radiation_level.Green
2026-01-27 16:50:17,036 - varanus - INFO - In state 12415038746955978367 saw radiation_level.Green
2026-01-27 16:50:17,036 - varanus - INFO - In state 12415038746955978367 saw radiation_level.Green
2026-01-27 16:50:17,037 - varanus - INFO - In state 12415038746955978367 saw radiation_level.Green
2026-01-27 16:50:17,037 - varanus - INFO - In state 12415038746955978367 saw radiation_level.Green
2026-01-27 16:50:17,038 - varanus - INFO - In state 12415038746955978367 saw radiation_level.Green
2026-01-27 16:50:17,038 - varanus - INFO - In state 12415038746955978367 saw radiation_level.Green
2026-01-27 16:50:17,038 - varanus - INFO - In state 12415038746955978367 saw radiation_level.Green
2026-01-27 16:50:17,039 - varanus - INFO - In state 12415038746955978367 saw radiation_level.Green
2026-01-27 16:50:17,039 - varanus - INFO - In state 12415038746955978367 saw radiation_level.Green
2026-01-27 16:50:17,039 - varanus - INFO - In state 12415038746955978367 saw radiation_level.Green
2026-01-27 16:50:17,040 - varanus - INFO - In state 12415038746955978367 saw radiation_level.Green
2026-01-27 16:50:17,040 - varanus - INFO - In state 12415038746955978367 saw radiation_level.Green
2026-01-27 16:50:17,040 - varanus - INFO - In state 12415038746955978367 saw move.1
2026-01-27 16:50:17,041 - varanus - INFO - UNEXPECTED TRANSITION
2026-01-27 16:50:17,041 - varanus - INFO - Stated alphabet returning bad state i.e. None - saw bad event
2026-01-27 16:50:17,041 - varanus - ERROR - System Violated the Specification with Trace: ['radiation_level.Green', 'radiation_level.Green', 'radiation_level.Green', 'radiation_level.Green', 'radiation_level.Green', 'radiation_level.Green', 'radiation_level.Green', 'radiation_level.Green', 'radiation_level.Green', 'radiation_level.Green', 'radiation_level.Green', 'radiation_level.Green', 'radiation_level.Green', 'radiation_level.Green', 'radiation_level.Green', 'radiation_level.Green', 'radiation_level.Green', 'radiation_level.Green', 'radiation_level.Green', 'radiation_level.Green', 'radiation_level.Green', 'radiation_level.Green', 'radiation_level.Green', 'radiation_level.Green', 'radiation_level.Green', 'radiation_level.Green', 'radiation_level.Green', 'radiation_level.Green', 'radiation_level.Green', 'radiation_level.Green', 'radiation_level.Green', 'radiation_level.Green', 'radiation_level.Green', 'radiation_level.Green', 'radiation_level.Green', 'radiation_level.Green', 'radiation_level.Green', 'radiation_level.Green', 'radiation_level.Green', 'radiation_level.Orange', 'radiation_level.Green', 'radiation_level.Green', 'radiation_level.Green', 'radiation_level.Green', 'radiation_level.Green', 'radiation_level.Green', 'radiation_level.Green', 'radiation_level.Green', 'radiation_level.Green', 'radiation_level.Green', 'radiation_level.Green', 'radiation_level.Green', 'radiation_level.Green', 'radiation_level.Green', 'radiation_level.Green', 'radiation_level.Green', 'radiation_level.Green', 'radiation_level.Green', 'radiation_level.Green', 'radiation_level.Green', 'radiation_level.Green', 'radiation_level.Green', 'radiation_level.Green', 'radiation_level.Green', 'radiation_level.Green', 'radiation_level.Green', 'radiation_level.Green', 'radiation_level.Green', 'radiation_level.Green', 'radiation_level.Green', 'radiation_level.Green', 'radiation_level.Green', 'radiation_level.Green', 'move.1']
2026-01-27 16:50:17,041 - varanus - ERROR - The permissible events were: ['radiation_level.Orange', 'radiation_level.Green', 'radiation_level.Red', 'move.0']
2026-01-27 16:50:17,041 - varanus - INFO - Trace file finished with violations
2026-01-27 16:50:17,043 - varanus - INFO - +++ Build Time: 			0.403605937958s +++
2026-01-27 16:50:17,043 - varanus - INFO - +++ Check Time: 			0.0454258918762s +++
2026-01-27 16:50:17,043 - varanus - INFO - +++ Average Transition Time: 	0.000377477826299s (74 events) +++
2026-01-27 16:50:17,043 - varanus - INFO - +++ Total Time: 			0.474833965302s +++
