2026-01-27 16:50:29,889 - varanus - INFO - +++ Testing rover_model_ras_fail_safety +++
2026-01-27 16:50:29,890 - varanus - INFO - Preprocessing...
2026-01-27 16:50:29,890 - varanus - INFO - Preprocessing: pass
2026-01-27 16:50:29,890 - varanus - INFO - +++ Running Offline +++
2026-01-27 16:50:29,914 - varanus - INFO - Building CSP State Machine. Please Wait
2026-01-27 16:50:30,441 - varanus - INFO - Building CSP State Machine
2026-01-27 16:50:30,602 - varanus - INFO - +++ checking that ROVER_SYSTEM is deterministic with given alphabets +++
2026-01-27 16:50:30,603 - varanus - INFO - +++ starting monitoring against ROVER_SYSTEM +++
2026-01-27 16:50:30,603 - varanus - INFO - +++ Running Offline -- Using State Machine +++
2026-01-27 16:50:30,603 - varanus - INFO - Parsing trace file at: oracles/inspection-rover-ras/trace-json-fail-safety.txt
2026-01-27 16:50:30,628 - varanus - INFO - Parsed trace file OK
2026-01-27 16:50:30,628 - varanus - INFO - Checking trace file: oracles/inspection-rover-ras/trace-json-fail-safety.txt
2026-01-27 16:50:30,628 - varanus - INFO - In state 17976143188387390655 saw radiation_level.Green
2026-01-27 16:50:30,629 - varanus - INFO - In state 17976143188387390655 saw radiation_level.Green
2026-01-27 16:50:30,629 - varanus - INFO - In state 17976143188387390655 saw radiation_level.Green
2026-01-27 16:50:30,630 - varanus - INFO - In state 17976143188387390655 saw radiation_level.Green
2026-01-27 16:50:30,630 - varanus - INFO - In state 17976143188387390655 saw radiation_level.Green
2026-01-27 16:50:30,631 - varanus - INFO - In state 17976143188387390655 saw radiation_level.Green
2026-01-27 16:50:30,631 - varanus - INFO - In state 17976143188387390655 saw radiation_level.Green
2026-01-27 16:50:30,632 - varanus - INFO - In state 17976143188387390655 saw radiation_level.Green
2026-01-27 16:50:30,632 - varanus - INFO - In state 17976143188387390655 saw radiation_level.Green
2026-01-27 16:50:30,633 - varanus - INFO - In state 17976143188387390655 saw radiation_level.Green
2026-01-27 16:50:30,633 - varanus - INFO - In state 17976143188387390655 saw radiation_level.Green
2026-01-27 16:50:30,634 - varanus - INFO - In state 17976143188387390655 saw radiation_level.Green
2026-01-27 16:50:30,634 - varanus - INFO - In state 17976143188387390655 saw radiation_level.Green
2026-01-27 16:50:30,635 - varanus - INFO - In state 17976143188387390655 saw radiation_level.Green
2026-01-27 16:50:30,635 - varanus - INFO - In state 17976143188387390655 saw radiation_level.Green
2026-01-27 16:50:30,636 - varanus - INFO - In state 17976143188387390655 saw radiation_level.Green
2026-01-27 16:50:30,636 - varanus - INFO - In state 17976143188387390655 saw radiation_level.Green
2026-01-27 16:50:30,637 - varanus - INFO - In state 17976143188387390655 saw radiation_level.Green
2026-01-27 16:50:30,637 - varanus - INFO - In state 17976143188387390655 saw radiation_level.Green
2026-01-27 16:50:30,638 - varanus - INFO - In state 17976143188387390655 saw radiation_level.Green
2026-01-27 16:50:30,638 - varanus - INFO - In state 17976143188387390655 saw radiation_level.Green
2026-01-27 16:50:30,638 - varanus - INFO - In state 17976143188387390655 saw radiation_level.Green
2026-01-27 16:50:30,639 - varanus - INFO - In state 17976143188387390655 saw radiation_level.Green
2026-01-27 16:50:30,639 - varanus - INFO - In state 17976143188387390655 saw radiation_level.Green
2026-01-27 16:50:30,640 - varanus - INFO - In state 17976143188387390655 saw radiation_level.Green
2026-01-27 16:50:30,640 - varanus - INFO - In state 17976143188387390655 saw radiation_level.Green
2026-01-27 16:50:30,641 - varanus - INFO - In state 17976143188387390655 saw radiation_level.Green
2026-01-27 16:50:30,641 - varanus - INFO - In state 17976143188387390655 saw radiation_level.Green
2026-01-27 16:50:30,642 - varanus - INFO - In state 17976143188387390655 saw radiation_level.Green
2026-01-27 16:50:30,642 - varanus - INFO - In state 17976143188387390655 saw radiation_level.Green
2026-01-27 16:50:30,643 - varanus - INFO - In state 17976143188387390655 saw radiation_level.Green
2026-01-27 16:50:30,643 - varanus - INFO - In state 17976143188387390655 saw radiation_level.Green
2026-01-27 16:50:30,644 - varanus - INFO - In state 17976143188387390655 saw radiation_level.Green
2026-01-27 16:50:30,644 - varanus - INFO - In state 17976143188387390655 saw radiation_level.Green
2026-01-27 16:50:30,645 - varanus - INFO - In state 17976143188387390655 saw radiation_level.Green
2026-01-27 16:50:30,645 - varanus - INFO - In state 17976143188387390655 saw radiation_level.Green
2026-01-27 16:50:30,645 - varanus - INFO - In state 17976143188387390655 saw radiation_level.Green
2026-01-27 16:50:30,646 - varanus - INFO - In state 17976143188387390655 saw radiation_level.Green
2026-01-27 16:50:30,646 - varanus - INFO - In state 17976143188387390655 saw radiation_level.Green
2026-01-27 16:50:30,647 - varanus - INFO - In state 17976143188387390655 saw radiation_level.Orange
2026-01-27 16:50:30,647 - varanus - INFO - In state 12415038746955978367 saw radiation_level.Green
2026-01-27 16:50:30,648 - varanus - INFO - In state 12415038746955978367 saw radiation_level.Green
2026-01-27 16:50:30,648 - varanus - INFO - In state 12415038746955978367 saw radiation_level.Green
2026-01-27 16:50:30,649 - varanus - INFO - In state 12415038746955978367 saw radiation_level.Green
2026-01-27 16:50:30,649 - varanus - INFO - In state 12415038746955978367 saw radiation_level.Green
2026-01-27 16:50:30,649 - varanus - INFO - In state 12415038746955978367 saw radiation_level.Green
2026-01-27 16:50:30,650 - varanus - INFO - In state 12415038746955978367 saw radiation_level.Green
2026-01-27 16:50:30,651 - varanus - INFO - In state 12415038746955978367 saw radiation_level.Green
2026-01-27 16:50:30,652 - varanus - INFO - In state 12415038746955978367 saw radiation_level.Green
2026-01-27 16:50:30,652 - varanus - INFO - In state 12415038746955978367 saw radiation_level.Green
2026-01-27 16:50:30,653 - varanus - INFO - In state 12415038746955978367 saw radiation_level.Green
2026-01-27 16:50:30,653 - varanus - INFO - In state 12415038746955978367 saw radiation_level.Green
2026-01-27 16:50:30,654 - varanus - INFO - In state 12415038746955978367 saw radiation_level.Green
2026-01-27 16:50:30,654 - varanus - INFO - In state 12415038746955978367 saw radiation_level.Green
2026-01-27 16:50:30,655 - varanus - INFO - In state 12415038746955978367 saw radiation_level.Green
2026-01-27 16:50:30,655 - varanus - INFO - In state 12415038746955978367 saw radiation_level.Green
2026-01-27 16:50:30,656 - varanus - INFO - In state 12415038746955978367 saw radiation_level.Green
2026-01-27 16:50:30,656 - varanus - INFO - In state 12415038746955978367 saw radiation_level.Green
2026-01-27 16:50:30,657 - varanus - INFO - In state 12415038746955978367 saw radiation_level.Green
2026-01-27 16:50:30,657 - varanus - INFO - In state 12415038746955978367 saw radiation_level.Green
2026-01-27 16:50:30,658 - varanus - INFO - In state 12415038746955978367 saw radiation_level.Green
2026-01-27 16:50:30,658 - varanus - INFO - In state 12415038746955978367 saw radiation_level.Green
2026-01-27 16:50:30,659 - varanus - INFO - In state 12415038746955978367 saw radiation_level.Green
2026-01-27 16:50:30,659 - varanus - INFO - In state 12415038746955978367 saw radiation_level.Green
2026-01-27 16:50:30,660 - varanus - INFO - In state 12415038746955978367 saw radiation_level.Green
2026-01-27 16:50:30,660 - varanus - INFO - In state 12415038746955978367 saw radiation_level.Green
2026-01-27 16:50:30,660 - varanus - INFO - In state 12415038746955978367 saw radiation_level.Green
2026-01-27 16:50:30,661 - varanus - INFO - In state 12415038746955978367 saw radiation_level.Green
2026-01-27 16:50:30,661 - varanus - INFO - In state 12415038746955978367 saw radiation_level.Green
2026-01-27 16:50:30,662 - varanus - INFO - In state 12415038746955978367 saw radiation_level.Green
2026-01-27 16:50:30,662 - varanus - INFO - In state 12415038746955978367 saw radiation_level.Green
2026-01-27 16:50:30,663 - varanus - INFO - In state 12415038746955978367 saw radiation_level.Green
2026-01-27 16:50:30,663 - varanus - INFO - In state 12415038746955978367 saw radiation_level.Green
2026-01-27 16:50:30,664 - varanus - INFO - In state 12415038746955978367 saw move.1
2026-01-27 16:50:30,664 - varanus - INFO - UNEXPECTED TRANSITION
2026-01-27 16:50:30,664 - varanus - INFO - Stated alphabet returning bad state i.e. None - saw bad event
2026-01-27 16:50:30,665 - varanus - ERROR - System Violated the Specification with Trace: ['radiation_level.Green', 'radiation_level.Green', 'radiation_level.Green', 'radiation_level.Green', 'radiation_level.Green', 'radiation_level.Green', 'radiation_level.Green', 'radiation_level.Green', 'radiation_level.Green', 'radiation_level.Green', 'radiation_level.Green', 'radiation_level.Green', 'radiation_level.Green', 'radiation_level.Green', 'radiation_level.Green', 'radiation_level.Green', 'radiation_level.Green', 'radiation_level.Green', 'radiation_level.Green', 'radiation_level.Green', 'radiation_level.Green', 'radiation_level.Green', 'radiation_level.Green', 'radiation_level.Green', 'radiation_level.Green', 'radiation_level.Green', 'radiation_level.Green', 'radiation_level.Green', 'radiation_level.Green', 'radiation_level.Green', 'radiation_level.Green', 'radiation_level.Green', 'radiation_level.Green', 'radiation_level.Green', 'radiation_level.Green', 'radiation_level.Green', 'radiation_level.Green', 'radiation_level.Green', 'radiation_level.Green', 'radiation_level.Orange', 'radiation_level.Green', 'radiation_level.Green', 'radiation_level.Green', 'radiation_level.Green', 'radiation_level.Green', 'radiation_level.Green', 'radiation_level.Green', 'radiation_level.Green', 'radiation_level.Green', 'radiation_level.Green', 'radiation_level.Green', 'radiation_level.Green', 'radiation_level.Green', 'radiation_level.Green', 'radiation_level.Green', 'radiation_level.Green', 'radiation_level.Green', 'radiation_level.Green', 'radiation_level.Green', 'radiation_level.Green', 'radiation_level.Green', 'radiation_level.Green', 'radiation_level.Green', 'radiation_level.Green', 'radiation_level.Green', 'radiation_level.Green', 'radiation_level.Green', 'radiation_level.Green', 'radiation_level.Green', 'radiation_level.Green', 'radiation_level.Green', 'radiation_level.Green', 'radiation_level.Green', 'move.1']
2026-01-27 16:50:30,665 - varanus - ERROR - The permissible events were: ['radiation_level.Orange', 'radiation_level.Green', 'radiation_level.Red', 'move.0']
2026-01-27 16:50:30,665 - varanus - INFO - Trace file finished with violations
2026-01-27 16:50:30,667 - varanus - INFO - +++ Build Time: 			0.687938928604s +++
2026-01-27 16:50:30,667 - varanus - INFO - +++ Check Time: 			0.0622179508209s +++
2026-01-27 16:50:30,667 - varanus - INFO - +++ Average Transition Time: 	0.000488023500185s (74 events) +++
2026-01-27 16:50:30,668 - varanus - INFO - +++ Total Time: 			0.775109052658s +++
