2026-01-27 16:47:40,311 - varanus - INFO - +++ Testing rover_model_ras_pass +++
2026-01-27 16:47:40,311 - varanus - INFO - Preprocessing...
2026-01-27 16:47:40,311 - varanus - INFO - Preprocessing: pass
2026-01-27 16:47:40,311 - varanus - INFO - +++ Running Offline +++
2026-01-27 16:47:40,336 - varanus - INFO - Building CSP State Machine. Please Wait
2026-01-27 16:47:41,243 - varanus - INFO - Building CSP State Machine
2026-01-27 16:47:41,406 - varanus - INFO - +++ checking that ROVER_SYSTEM is deterministic with given alphabets +++
2026-01-27 16:47:41,406 - varanus - INFO - +++ starting monitoring against ROVER_SYSTEM +++
2026-01-27 16:47:41,406 - varanus - INFO - +++ Running Offline -- Using State Machine +++
2026-01-27 16:47:41,406 - varanus - INFO - Parsing trace file at: oracles/inspection-rover-ras/trace-json-pass.txt
2026-01-27 16:47:41,424 - varanus - INFO - Parsed trace file OK
2026-01-27 16:47:41,424 - varanus - INFO - Checking trace file: oracles/inspection-rover-ras/trace-json-pass.txt
2026-01-27 16:47:41,425 - varanus - INFO - In state 17976143188387390655 saw radiation_level.Green
2026-01-27 16:47:41,425 - varanus - INFO - In state 17976143188387390655 saw radiation_level.Green
2026-01-27 16:47:41,425 - varanus - INFO - In state 17976143188387390655 saw radiation_level.Green
2026-01-27 16:47:41,426 - varanus - INFO - In state 17976143188387390655 saw radiation_level.Green
2026-01-27 16:47:41,426 - varanus - INFO - In state 17976143188387390655 saw radiation_level.Green
2026-01-27 16:47:41,426 - varanus - INFO - In state 17976143188387390655 saw radiation_level.Green
2026-01-27 16:47:41,427 - varanus - INFO - In state 17976143188387390655 saw radiation_level.Green
2026-01-27 16:47:41,427 - varanus - INFO - In state 17976143188387390655 saw radiation_level.Green
2026-01-27 16:47:41,428 - varanus - INFO - In state 17976143188387390655 saw radiation_level.Green
2026-01-27 16:47:41,428 - varanus - INFO - In state 17976143188387390655 saw radiation_level.Green
2026-01-27 16:47:41,429 - varanus - INFO - In state 17976143188387390655 saw radiation_level.Green
2026-01-27 16:47:41,429 - varanus - INFO - In state 17976143188387390655 saw radiation_level.Green
2026-01-27 16:47:41,429 - varanus - INFO - In state 17976143188387390655 saw radiation_level.Green
2026-01-27 16:47:41,430 - varanus - INFO - In state 17976143188387390655 saw radiation_level.Green
2026-01-27 16:47:41,430 - varanus - INFO - In state 17976143188387390655 saw radiation_level.Green
2026-01-27 16:47:41,431 - varanus - INFO - In state 17976143188387390655 saw radiation_level.Green
2026-01-27 16:47:41,431 - varanus - INFO - In state 17976143188387390655 saw radiation_level.Green
2026-01-27 16:47:41,431 - varanus - INFO - In state 17976143188387390655 saw radiation_level.Green
2026-01-27 16:47:41,432 - varanus - INFO - In state 17976143188387390655 saw radiation_level.Green
2026-01-27 16:47:41,432 - varanus - INFO - In state 17976143188387390655 saw radiation_level.Green
2026-01-27 16:47:41,433 - varanus - INFO - In state 17976143188387390655 saw radiation_level.Green
2026-01-27 16:47:41,433 - varanus - INFO - In state 17976143188387390655 saw radiation_level.Green
2026-01-27 16:47:41,434 - varanus - INFO - In state 17976143188387390655 saw radiation_level.Green
2026-01-27 16:47:41,434 - varanus - INFO - In state 17976143188387390655 saw radiation_level.Green
2026-01-27 16:47:41,434 - varanus - INFO - In state 17976143188387390655 saw radiation_level.Green
2026-01-27 16:47:41,435 - varanus - INFO - In state 17976143188387390655 saw radiation_level.Green
2026-01-27 16:47:41,435 - varanus - INFO - In state 17976143188387390655 saw radiation_level.Green
2026-01-27 16:47:41,436 - varanus - INFO - In state 17976143188387390655 saw radiation_level.Green
2026-01-27 16:47:41,436 - varanus - INFO - In state 17976143188387390655 saw radiation_level.Green
2026-01-27 16:47:41,436 - varanus - INFO - In state 17976143188387390655 saw radiation_level.Green
2026-01-27 16:47:41,437 - varanus - INFO - In state 17976143188387390655 saw radiation_level.Green
2026-01-27 16:47:41,437 - varanus - INFO - In state 17976143188387390655 saw radiation_level.Green
2026-01-27 16:47:41,438 - varanus - INFO - In state 17976143188387390655 saw radiation_level.Green
2026-01-27 16:47:41,438 - varanus - INFO - In state 17976143188387390655 saw radiation_level.Green
2026-01-27 16:47:41,438 - varanus - INFO - In state 17976143188387390655 saw radiation_level.Green
2026-01-27 16:47:41,439 - varanus - INFO - In state 17976143188387390655 saw radiation_level.Green
2026-01-27 16:47:41,439 - varanus - INFO - In state 17976143188387390655 saw radiation_level.Green
2026-01-27 16:47:41,440 - varanus - INFO - In state 17976143188387390655 saw radiation_level.Green
2026-01-27 16:47:41,440 - varanus - INFO - In state 17976143188387390655 saw radiation_level.Green
2026-01-27 16:47:41,440 - varanus - INFO - In state 17976143188387390655 saw radiation_level.Green
2026-01-27 16:47:41,441 - varanus - INFO - In state 17976143188387390655 saw radiation_level.Green
2026-01-27 16:47:41,441 - varanus - INFO - In state 17976143188387390655 saw radiation_level.Green
2026-01-27 16:47:41,442 - varanus - INFO - In state 17976143188387390655 saw radiation_level.Green
2026-01-27 16:47:41,442 - varanus - INFO - In state 17976143188387390655 saw radiation_level.Green
2026-01-27 16:47:41,443 - varanus - INFO - In state 17976143188387390655 saw radiation_level.Green
2026-01-27 16:47:41,443 - varanus - INFO - In state 17976143188387390655 saw radiation_level.Green
2026-01-27 16:47:41,443 - varanus - INFO - In state 17976143188387390655 saw radiation_level.Green
2026-01-27 16:47:41,444 - varanus - INFO - In state 17976143188387390655 saw radiation_level.Green
2026-01-27 16:47:41,444 - varanus - INFO - In state 17976143188387390655 saw radiation_level.Green
2026-01-27 16:47:41,445 - varanus - INFO - In state 17976143188387390655 saw radiation_level.Green
2026-01-27 16:47:41,445 - varanus - INFO - In state 17976143188387390655 saw radiation_level.Green
2026-01-27 16:47:41,445 - varanus - INFO - In state 17976143188387390655 saw radiation_level.Green
2026-01-27 16:47:41,446 - varanus - INFO - In state 17976143188387390655 saw radiation_level.Green
2026-01-27 16:47:41,446 - varanus - INFO - In state 17976143188387390655 saw radiation_level.Green
2026-01-27 16:47:41,447 - varanus - INFO - In state 17976143188387390655 saw radiation_level.Green
2026-01-27 16:47:41,447 - varanus - INFO - In state 17976143188387390655 saw radiation_level.Green
2026-01-27 16:47:41,447 - varanus - INFO - In state 17976143188387390655 saw radiation_level.Green
2026-01-27 16:47:41,448 - varanus - INFO - In state 17976143188387390655 saw radiation_level.Green
2026-01-27 16:47:41,448 - varanus - INFO - In state 17976143188387390655 saw radiation_level.Green
2026-01-27 16:47:41,449 - varanus - INFO - In state 17976143188387390655 saw radiation_level.Green
2026-01-27 16:47:41,449 - varanus - INFO - In state 17976143188387390655 saw radiation_level.Green
2026-01-27 16:47:41,450 - varanus - INFO - In state 17976143188387390655 saw radiation_level.Green
2026-01-27 16:47:41,450 - varanus - INFO - In state 17976143188387390655 saw radiation_level.Green
2026-01-27 16:47:41,451 - varanus - INFO - In state 17976143188387390655 saw radiation_level.Green
2026-01-27 16:47:41,451 - varanus - INFO - In state 17976143188387390655 saw radiation_level.Green
2026-01-27 16:47:41,451 - varanus - INFO - In state 17976143188387390655 saw radiation_level.Green
2026-01-27 16:47:41,452 - varanus - INFO - In state 17976143188387390655 saw radiation_level.Green
2026-01-27 16:47:41,452 - varanus - INFO - In state 17976143188387390655 saw radiation_level.Green
2026-01-27 16:47:41,453 - varanus - INFO - In state 17976143188387390655 saw radiation_level.Green
2026-01-27 16:47:41,453 - varanus - INFO - In state 17976143188387390655 saw radiation_level.Green
2026-01-27 16:47:41,453 - varanus - INFO - In state 17976143188387390655 saw radiation_level.Green
2026-01-27 16:47:41,454 - varanus - INFO - In state 17976143188387390655 saw radiation_level.Green
2026-01-27 16:47:41,454 - varanus - INFO - In state 17976143188387390655 saw radiation_level.Green
2026-01-27 16:47:41,455 - varanus - INFO - In state 17976143188387390655 saw move.1
2026-01-27 16:47:41,455 - varanus - INFO - In state 2681491882390849628 saw radiation_level.Green
2026-01-27 16:47:41,456 - varanus - INFO - In state 2681491882390849628 saw radiation_level.Green
2026-01-27 16:47:41,456 - varanus - INFO - In state 2681491882390849628 saw radiation_level.Green
2026-01-27 16:47:41,456 - varanus - INFO - In state 2681491882390849628 saw radiation_level.Green
2026-01-27 16:47:41,457 - varanus - INFO - In state 2681491882390849628 saw radiation_level.Green
2026-01-27 16:47:41,457 - varanus - INFO - In state 2681491882390849628 saw radiation_level.Green
2026-01-27 16:47:41,458 - varanus - INFO - In state 2681491882390849628 saw radiation_level.Green
2026-01-27 16:47:41,458 - varanus - INFO - In state 2681491882390849628 saw radiation_level.Green
2026-01-27 16:47:41,458 - varanus - INFO - In state 2681491882390849628 saw radiation_level.Green
2026-01-27 16:47:41,461 - varanus - INFO - In state 2681491882390849628 saw radiation_level.Green
2026-01-27 16:47:41,461 - varanus - INFO - In state 2681491882390849628 saw radiation_level.Green
2026-01-27 16:47:41,462 - varanus - INFO - In state 2681491882390849628 saw radiation_level.Green
2026-01-27 16:47:41,462 - varanus - INFO - In state 2681491882390849628 saw radiation_level.Green
2026-01-27 16:47:41,462 - varanus - INFO - In state 2681491882390849628 saw radiation_level.Green
2026-01-27 16:47:41,463 - varanus - INFO - In state 2681491882390849628 saw radiation_level.Green
2026-01-27 16:47:41,463 - varanus - INFO - In state 2681491882390849628 saw radiation_level.Green
2026-01-27 16:47:41,464 - varanus - INFO - In state 2681491882390849628 saw radiation_level.Green
2026-01-27 16:47:41,464 - varanus - INFO - In state 2681491882390849628 saw arrived_at.1
2026-01-27 16:47:41,465 - varanus - INFO - In state 4838965131539084411 saw radiation_level.Green
2026-01-27 16:47:41,465 - varanus - INFO - In state 4838965131539084411 saw inspect.1
2026-01-27 16:47:41,465 - varanus - INFO - In state 15366558349166237975 saw radiation_level.Green
2026-01-27 16:47:41,466 - varanus - INFO - In state 15366558349166237975 saw radiation_level.Green
2026-01-27 16:47:41,466 - varanus - INFO - In state 15366558349166237975 saw radiation_level.Green
2026-01-27 16:47:41,467 - varanus - INFO - In state 15366558349166237975 saw inspected.1
2026-01-27 16:47:41,467 - varanus - INFO - In state 4934536404935645896 saw radiation_level.Green
2026-01-27 16:47:41,467 - varanus - INFO - In state 4934536404935645896 saw move.2
2026-01-27 16:47:41,468 - varanus - INFO - In state 10299127975201442196 saw radiation_level.Green
2026-01-27 16:47:41,468 - varanus - INFO - In state 10299127975201442196 saw radiation_level.Green
2026-01-27 16:47:41,469 - varanus - INFO - In state 10299127975201442196 saw radiation_level.Green
2026-01-27 16:47:41,469 - varanus - INFO - In state 10299127975201442196 saw radiation_level.Green
2026-01-27 16:47:41,469 - varanus - INFO - In state 10299127975201442196 saw radiation_level.Green
2026-01-27 16:47:41,470 - varanus - INFO - In state 10299127975201442196 saw radiation_level.Green
2026-01-27 16:47:41,470 - varanus - INFO - In state 10299127975201442196 saw radiation_level.Green
2026-01-27 16:47:41,471 - varanus - INFO - In state 10299127975201442196 saw radiation_level.Green
2026-01-27 16:47:41,471 - varanus - INFO - In state 10299127975201442196 saw radiation_level.Green
2026-01-27 16:47:41,471 - varanus - INFO - In state 10299127975201442196 saw radiation_level.Green
2026-01-27 16:47:41,472 - varanus - INFO - In state 10299127975201442196 saw radiation_level.Green
2026-01-27 16:47:41,472 - varanus - INFO - In state 10299127975201442196 saw radiation_level.Green
2026-01-27 16:47:41,473 - varanus - INFO - In state 10299127975201442196 saw radiation_level.Green
2026-01-27 16:47:41,473 - varanus - INFO - In state 10299127975201442196 saw radiation_level.Green
2026-01-27 16:47:41,473 - varanus - INFO - In state 10299127975201442196 saw radiation_level.Green
2026-01-27 16:47:41,474 - varanus - INFO - In state 10299127975201442196 saw radiation_level.Green
2026-01-27 16:47:41,474 - varanus - INFO - In state 10299127975201442196 saw radiation_level.Green
2026-01-27 16:47:41,475 - varanus - INFO - In state 10299127975201442196 saw radiation_level.Green
2026-01-27 16:47:41,475 - varanus - INFO - In state 10299127975201442196 saw radiation_level.Green
2026-01-27 16:47:41,476 - varanus - INFO - In state 10299127975201442196 saw radiation_level.Green
2026-01-27 16:47:41,476 - varanus - INFO - In state 10299127975201442196 saw radiation_level.Green
2026-01-27 16:47:41,476 - varanus - INFO - In state 10299127975201442196 saw radiation_level.Green
2026-01-27 16:47:41,477 - varanus - INFO - In state 10299127975201442196 saw radiation_level.Green
2026-01-27 16:47:41,477 - varanus - INFO - In state 10299127975201442196 saw radiation_level.Green
2026-01-27 16:47:41,478 - varanus - INFO - In state 10299127975201442196 saw radiation_level.Green
2026-01-27 16:47:41,478 - varanus - INFO - In state 10299127975201442196 saw radiation_level.Green
2026-01-27 16:47:41,478 - varanus - INFO - In state 10299127975201442196 saw arrived_at.2
2026-01-27 16:47:41,479 - varanus - INFO - In state 8606736006536026831 saw radiation_level.Green
2026-01-27 16:47:41,479 - varanus - INFO - In state 8606736006536026831 saw inspect.2
2026-01-27 16:47:41,480 - varanus - INFO - In state 9874926409750488651 saw radiation_level.Green
2026-01-27 16:47:41,480 - varanus - INFO - In state 9874926409750488651 saw radiation_level.Green
2026-01-27 16:47:41,480 - varanus - INFO - In state 9874926409750488651 saw radiation_level.Green
2026-01-27 16:47:41,481 - varanus - INFO - In state 9874926409750488651 saw inspected.2
2026-01-27 16:47:41,481 - varanus - INFO - In state 1002990068859250494 saw move.3
2026-01-27 16:47:41,482 - varanus - INFO - In state 848502878028662445 saw radiation_level.Green
2026-01-27 16:47:41,482 - varanus - INFO - In state 848502878028662445 saw radiation_level.Green
2026-01-27 16:47:41,482 - varanus - INFO - In state 848502878028662445 saw radiation_level.Green
2026-01-27 16:47:41,483 - varanus - INFO - In state 848502878028662445 saw radiation_level.Green
2026-01-27 16:47:41,483 - varanus - INFO - In state 848502878028662445 saw radiation_level.Green
2026-01-27 16:47:41,484 - varanus - INFO - In state 848502878028662445 saw radiation_level.Green
2026-01-27 16:47:41,484 - varanus - INFO - In state 848502878028662445 saw radiation_level.Green
2026-01-27 16:47:41,484 - varanus - INFO - In state 848502878028662445 saw radiation_level.Green
2026-01-27 16:47:41,485 - varanus - INFO - In state 848502878028662445 saw radiation_level.Green
2026-01-27 16:47:41,485 - varanus - INFO - In state 848502878028662445 saw radiation_level.Green
2026-01-27 16:47:41,486 - varanus - INFO - In state 848502878028662445 saw radiation_level.Green
2026-01-27 16:47:41,486 - varanus - INFO - In state 848502878028662445 saw radiation_level.Green
2026-01-27 16:47:41,487 - varanus - INFO - In state 848502878028662445 saw radiation_level.Green
2026-01-27 16:47:41,487 - varanus - INFO - In state 848502878028662445 saw radiation_level.Green
2026-01-27 16:47:41,487 - varanus - INFO - In state 848502878028662445 saw radiation_level.Green
2026-01-27 16:47:41,488 - varanus - INFO - In state 848502878028662445 saw radiation_level.Green
2026-01-27 16:47:41,488 - varanus - INFO - In state 848502878028662445 saw radiation_level.Green
2026-01-27 16:47:41,489 - varanus - INFO - In state 848502878028662445 saw radiation_level.Green
2026-01-27 16:47:41,489 - varanus - INFO - In state 848502878028662445 saw radiation_level.Green
2026-01-27 16:47:41,489 - varanus - INFO - In state 848502878028662445 saw arrived_at.3
2026-01-27 16:47:41,490 - varanus - INFO - In state 18358507212355868629 saw inspect.3
2026-01-27 16:47:41,490 - varanus - INFO - In state 8937319153557804027 saw radiation_level.Green
2026-01-27 16:47:41,491 - varanus - INFO - In state 8937319153557804027 saw radiation_level.Green
2026-01-27 16:47:41,491 - varanus - INFO - In state 8937319153557804027 saw radiation_level.Green
2026-01-27 16:47:41,491 - varanus - INFO - In state 8937319153557804027 saw inspected.3
2026-01-27 16:47:41,492 - varanus - INFO - In state 6125819018793330642 saw radiation_level.Green
2026-01-27 16:47:41,492 - varanus - INFO - In state 6125819018793330642 saw move.4
2026-01-27 16:47:41,493 - varanus - INFO - In state 18113990135560557800 saw radiation_level.Green
2026-01-27 16:47:41,493 - varanus - INFO - In state 18113990135560557800 saw radiation_level.Green
2026-01-27 16:47:41,494 - varanus - INFO - In state 18113990135560557800 saw radiation_level.Green
2026-01-27 16:47:41,494 - varanus - INFO - In state 18113990135560557800 saw radiation_level.Green
2026-01-27 16:47:41,494 - varanus - INFO - In state 18113990135560557800 saw radiation_level.Green
2026-01-27 16:47:41,495 - varanus - INFO - In state 18113990135560557800 saw radiation_level.Green
2026-01-27 16:47:41,495 - varanus - INFO - In state 18113990135560557800 saw radiation_level.Green
2026-01-27 16:47:41,496 - varanus - INFO - In state 18113990135560557800 saw radiation_level.Green
2026-01-27 16:47:41,496 - varanus - INFO - In state 18113990135560557800 saw radiation_level.Green
2026-01-27 16:47:41,496 - varanus - INFO - In state 18113990135560557800 saw radiation_level.Green
2026-01-27 16:47:41,497 - varanus - INFO - In state 18113990135560557800 saw radiation_level.Green
2026-01-27 16:47:41,497 - varanus - INFO - In state 18113990135560557800 saw radiation_level.Green
2026-01-27 16:47:41,498 - varanus - INFO - In state 18113990135560557800 saw radiation_level.Green
2026-01-27 16:47:41,498 - varanus - INFO - In state 18113990135560557800 saw radiation_level.Green
2026-01-27 16:47:41,498 - varanus - INFO - In state 18113990135560557800 saw radiation_level.Green
2026-01-27 16:47:41,499 - varanus - INFO - In state 18113990135560557800 saw radiation_level.Green
2026-01-27 16:47:41,499 - varanus - INFO - In state 18113990135560557800 saw radiation_level.Green
2026-01-27 16:47:41,500 - varanus - INFO - In state 18113990135560557800 saw radiation_level.Green
2026-01-27 16:47:41,500 - varanus - INFO - In state 18113990135560557800 saw radiation_level.Green
2026-01-27 16:47:41,500 - varanus - INFO - In state 18113990135560557800 saw radiation_level.Green
2026-01-27 16:47:41,501 - varanus - INFO - In state 18113990135560557800 saw radiation_level.Green
2026-01-27 16:47:41,501 - varanus - INFO - In state 18113990135560557800 saw radiation_level.Green
2026-01-27 16:47:41,502 - varanus - INFO - In state 18113990135560557800 saw radiation_level.Green
2026-01-27 16:47:41,502 - varanus - INFO - In state 18113990135560557800 saw arrived_at.4
2026-01-27 16:47:41,502 - varanus - INFO - In state 5125245401906001979 saw radiation_level.Green
2026-01-27 16:47:41,503 - varanus - INFO - In state 5125245401906001979 saw inspect.4
2026-01-27 16:47:41,503 - varanus - INFO - In state 16977269308034314985 saw radiation_level.Green
2026-01-27 16:47:41,504 - varanus - INFO - In state 16977269308034314985 saw radiation_level.Green
2026-01-27 16:47:41,504 - varanus - INFO - In state 16977269308034314985 saw inspected.4
2026-01-27 16:47:41,504 - varanus - INFO - In state 7969116358531300304 saw radiation_level.Green
2026-01-27 16:47:41,505 - varanus - INFO - In state 7969116358531300304 saw move.5
2026-01-27 16:47:41,505 - varanus - INFO - In state 14259182326962537126 saw radiation_level.Green
2026-01-27 16:47:41,506 - varanus - INFO - In state 14259182326962537126 saw radiation_level.Green
2026-01-27 16:47:41,506 - varanus - INFO - In state 14259182326962537126 saw radiation_level.Green
2026-01-27 16:47:41,506 - varanus - INFO - In state 14259182326962537126 saw radiation_level.Green
2026-01-27 16:47:41,507 - varanus - INFO - In state 14259182326962537126 saw radiation_level.Green
2026-01-27 16:47:41,507 - varanus - INFO - In state 14259182326962537126 saw radiation_level.Green
2026-01-27 16:47:41,508 - varanus - INFO - In state 14259182326962537126 saw radiation_level.Green
2026-01-27 16:47:41,508 - varanus - INFO - In state 14259182326962537126 saw radiation_level.Green
2026-01-27 16:47:41,509 - varanus - INFO - In state 14259182326962537126 saw radiation_level.Green
2026-01-27 16:47:41,509 - varanus - INFO - In state 14259182326962537126 saw radiation_level.Green
2026-01-27 16:47:41,509 - varanus - INFO - In state 14259182326962537126 saw radiation_level.Green
2026-01-27 16:47:41,510 - varanus - INFO - In state 14259182326962537126 saw radiation_level.Green
2026-01-27 16:47:41,510 - varanus - INFO - In state 14259182326962537126 saw arrived_at.5
2026-01-27 16:47:41,511 - varanus - INFO - In state 5964836128005976074 saw radiation_level.Green
2026-01-27 16:47:41,511 - varanus - INFO - In state 5964836128005976074 saw inspect.5
2026-01-27 16:47:41,511 - varanus - INFO - In state 2497360490192324208 saw radiation_level.Green
2026-01-27 16:47:41,512 - varanus - INFO - In state 2497360490192324208 saw radiation_level.Green
2026-01-27 16:47:41,512 - varanus - INFO - In state 2497360490192324208 saw inspected.5
2026-01-27 16:47:41,513 - varanus - INFO - In state 6885406471930127325 saw radiation_level.Green
2026-01-27 16:47:41,513 - varanus - INFO - In state 6885406471930127325 saw radiation_level.Green
2026-01-27 16:47:41,513 - varanus - INFO - In state 6885406471930127325 saw radiation_level.Green
2026-01-27 16:47:41,514 - varanus - INFO - In state 6885406471930127325 saw move.0
2026-01-27 16:47:41,514 - varanus - INFO - In state 8074625055225453823 saw radiation_level.Green
2026-01-27 16:47:41,515 - varanus - INFO - In state 8074625055225453823 saw radiation_level.Green
2026-01-27 16:47:41,515 - varanus - INFO - In state 8074625055225453823 saw radiation_level.Green
2026-01-27 16:47:41,516 - varanus - INFO - In state 8074625055225453823 saw radiation_level.Green
2026-01-27 16:47:41,516 - varanus - INFO - In state 8074625055225453823 saw radiation_level.Green
2026-01-27 16:47:41,516 - varanus - INFO - In state 8074625055225453823 saw radiation_level.Green
2026-01-27 16:47:41,517 - varanus - INFO - In state 8074625055225453823 saw radiation_level.Green
2026-01-27 16:47:41,517 - varanus - INFO - In state 8074625055225453823 saw radiation_level.Green
2026-01-27 16:47:41,518 - varanus - INFO - In state 8074625055225453823 saw radiation_level.Green
2026-01-27 16:47:41,518 - varanus - INFO - In state 8074625055225453823 saw radiation_level.Green
2026-01-27 16:47:41,518 - varanus - INFO - In state 8074625055225453823 saw radiation_level.Green
2026-01-27 16:47:41,519 - varanus - INFO - In state 8074625055225453823 saw radiation_level.Green
2026-01-27 16:47:41,519 - varanus - INFO - In state 8074625055225453823 saw radiation_level.Green
2026-01-27 16:47:41,520 - varanus - INFO - In state 8074625055225453823 saw radiation_level.Green
2026-01-27 16:47:41,520 - varanus - INFO - In state 8074625055225453823 saw radiation_level.Green
2026-01-27 16:47:41,520 - varanus - INFO - In state 8074625055225453823 saw radiation_level.Green
2026-01-27 16:47:41,521 - varanus - INFO - In state 8074625055225453823 saw radiation_level.Green
2026-01-27 16:47:41,521 - varanus - INFO - In state 8074625055225453823 saw arrived_at.0
2026-01-27 16:47:41,522 - varanus - INFO - In state 5557364616738331925 saw radiation_level.Green
2026-01-27 16:47:41,522 - varanus - INFO - Trace file finished with no violations
2026-01-27 16:47:41,524 - varanus - INFO - +++ Build Time: 			1.07014012337s +++
2026-01-27 16:47:41,524 - varanus - INFO - +++ Check Time: 			0.115551948547s +++
2026-01-27 16:47:41,524 - varanus - INFO - +++ Average Transition Time: 	0.000411857351213s (233 events) +++
2026-01-27 16:47:41,524 - varanus - INFO - +++ Total Time: 			1.210750103s +++
