2026-01-27 16:47:43,120 - varanus - INFO - +++ Testing rover_model_ras_pass +++
2026-01-27 16:47:43,120 - varanus - INFO - Preprocessing...
2026-01-27 16:47:43,120 - varanus - INFO - Preprocessing: pass
2026-01-27 16:47:43,120 - varanus - INFO - +++ Running Offline +++
2026-01-27 16:47:43,149 - varanus - INFO - Building CSP State Machine. Please Wait
2026-01-27 16:47:43,846 - varanus - INFO - Building CSP State Machine
2026-01-27 16:47:44,002 - varanus - INFO - +++ checking that ROVER_SYSTEM is deterministic with given alphabets +++
2026-01-27 16:47:44,002 - varanus - INFO - +++ starting monitoring against ROVER_SYSTEM +++
2026-01-27 16:47:44,002 - varanus - INFO - +++ Running Offline -- Using State Machine +++
2026-01-27 16:47:44,002 - varanus - INFO - Parsing trace file at: oracles/inspection-rover-ras/trace-json-pass.txt
2026-01-27 16:47:44,016 - varanus - INFO - Parsed trace file OK
2026-01-27 16:47:44,016 - varanus - INFO - Checking trace file: oracles/inspection-rover-ras/trace-json-pass.txt
2026-01-27 16:47:44,017 - varanus - INFO - In state 17976143188387390655 saw radiation_level.Green
2026-01-27 16:47:44,017 - varanus - INFO - In state 17976143188387390655 saw radiation_level.Green
2026-01-27 16:47:44,017 - varanus - INFO - In state 17976143188387390655 saw radiation_level.Green
2026-01-27 16:47:44,017 - varanus - INFO - In state 17976143188387390655 saw radiation_level.Green
2026-01-27 16:47:44,018 - varanus - INFO - In state 17976143188387390655 saw radiation_level.Green
2026-01-27 16:47:44,018 - varanus - INFO - In state 17976143188387390655 saw radiation_level.Green
2026-01-27 16:47:44,018 - varanus - INFO - In state 17976143188387390655 saw radiation_level.Green
2026-01-27 16:47:44,018 - varanus - INFO - In state 17976143188387390655 saw radiation_level.Green
2026-01-27 16:47:44,019 - varanus - INFO - In state 17976143188387390655 saw radiation_level.Green
2026-01-27 16:47:44,019 - varanus - INFO - In state 17976143188387390655 saw radiation_level.Green
2026-01-27 16:47:44,019 - varanus - INFO - In state 17976143188387390655 saw radiation_level.Green
2026-01-27 16:47:44,019 - varanus - INFO - In state 17976143188387390655 saw radiation_level.Green
2026-01-27 16:47:44,020 - varanus - INFO - In state 17976143188387390655 saw radiation_level.Green
2026-01-27 16:47:44,020 - varanus - INFO - In state 17976143188387390655 saw radiation_level.Green
2026-01-27 16:47:44,020 - varanus - INFO - In state 17976143188387390655 saw radiation_level.Green
2026-01-27 16:47:44,020 - varanus - INFO - In state 17976143188387390655 saw radiation_level.Green
2026-01-27 16:47:44,021 - varanus - INFO - In state 17976143188387390655 saw radiation_level.Green
2026-01-27 16:47:44,021 - varanus - INFO - In state 17976143188387390655 saw radiation_level.Green
2026-01-27 16:47:44,021 - varanus - INFO - In state 17976143188387390655 saw radiation_level.Green
2026-01-27 16:47:44,022 - varanus - INFO - In state 17976143188387390655 saw radiation_level.Green
2026-01-27 16:47:44,022 - varanus - INFO - In state 17976143188387390655 saw radiation_level.Green
2026-01-27 16:47:44,022 - varanus - INFO - In state 17976143188387390655 saw radiation_level.Green
2026-01-27 16:47:44,022 - varanus - INFO - In state 17976143188387390655 saw radiation_level.Green
2026-01-27 16:47:44,023 - varanus - INFO - In state 17976143188387390655 saw radiation_level.Green
2026-01-27 16:47:44,023 - varanus - INFO - In state 17976143188387390655 saw radiation_level.Green
2026-01-27 16:47:44,023 - varanus - INFO - In state 17976143188387390655 saw radiation_level.Green
2026-01-27 16:47:44,023 - varanus - INFO - In state 17976143188387390655 saw radiation_level.Green
2026-01-27 16:47:44,024 - varanus - INFO - In state 17976143188387390655 saw radiation_level.Green
2026-01-27 16:47:44,024 - varanus - INFO - In state 17976143188387390655 saw radiation_level.Green
2026-01-27 16:47:44,024 - varanus - INFO - In state 17976143188387390655 saw radiation_level.Green
2026-01-27 16:47:44,024 - varanus - INFO - In state 17976143188387390655 saw radiation_level.Green
2026-01-27 16:47:44,025 - varanus - INFO - In state 17976143188387390655 saw radiation_level.Green
2026-01-27 16:47:44,025 - varanus - INFO - In state 17976143188387390655 saw radiation_level.Green
2026-01-27 16:47:44,025 - varanus - INFO - In state 17976143188387390655 saw radiation_level.Green
2026-01-27 16:47:44,025 - varanus - INFO - In state 17976143188387390655 saw radiation_level.Green
2026-01-27 16:47:44,026 - varanus - INFO - In state 17976143188387390655 saw radiation_level.Green
2026-01-27 16:47:44,026 - varanus - INFO - In state 17976143188387390655 saw radiation_level.Green
2026-01-27 16:47:44,026 - varanus - INFO - In state 17976143188387390655 saw radiation_level.Green
2026-01-27 16:47:44,026 - varanus - INFO - In state 17976143188387390655 saw radiation_level.Green
2026-01-27 16:47:44,027 - varanus - INFO - In state 17976143188387390655 saw radiation_level.Green
2026-01-27 16:47:44,027 - varanus - INFO - In state 17976143188387390655 saw radiation_level.Green
2026-01-27 16:47:44,027 - varanus - INFO - In state 17976143188387390655 saw radiation_level.Green
2026-01-27 16:47:44,027 - varanus - INFO - In state 17976143188387390655 saw radiation_level.Green
2026-01-27 16:47:44,028 - varanus - INFO - In state 17976143188387390655 saw radiation_level.Green
2026-01-27 16:47:44,028 - varanus - INFO - In state 17976143188387390655 saw radiation_level.Green
2026-01-27 16:47:44,028 - varanus - INFO - In state 17976143188387390655 saw radiation_level.Green
2026-01-27 16:47:44,028 - varanus - INFO - In state 17976143188387390655 saw radiation_level.Green
2026-01-27 16:47:44,029 - varanus - INFO - In state 17976143188387390655 saw radiation_level.Green
2026-01-27 16:47:44,029 - varanus - INFO - In state 17976143188387390655 saw radiation_level.Green
2026-01-27 16:47:44,029 - varanus - INFO - In state 17976143188387390655 saw radiation_level.Green
2026-01-27 16:47:44,029 - varanus - INFO - In state 17976143188387390655 saw radiation_level.Green
2026-01-27 16:47:44,030 - varanus - INFO - In state 17976143188387390655 saw radiation_level.Green
2026-01-27 16:47:44,030 - varanus - INFO - In state 17976143188387390655 saw radiation_level.Green
2026-01-27 16:47:44,030 - varanus - INFO - In state 17976143188387390655 saw radiation_level.Green
2026-01-27 16:47:44,030 - varanus - INFO - In state 17976143188387390655 saw radiation_level.Green
2026-01-27 16:47:44,031 - varanus - INFO - In state 17976143188387390655 saw radiation_level.Green
2026-01-27 16:47:44,031 - varanus - INFO - In state 17976143188387390655 saw radiation_level.Green
2026-01-27 16:47:44,031 - varanus - INFO - In state 17976143188387390655 saw radiation_level.Green
2026-01-27 16:47:44,031 - varanus - INFO - In state 17976143188387390655 saw radiation_level.Green
2026-01-27 16:47:44,032 - varanus - INFO - In state 17976143188387390655 saw radiation_level.Green
2026-01-27 16:47:44,032 - varanus - INFO - In state 17976143188387390655 saw radiation_level.Green
2026-01-27 16:47:44,032 - varanus - INFO - In state 17976143188387390655 saw radiation_level.Green
2026-01-27 16:47:44,033 - varanus - INFO - In state 17976143188387390655 saw radiation_level.Green
2026-01-27 16:47:44,033 - varanus - INFO - In state 17976143188387390655 saw radiation_level.Green
2026-01-27 16:47:44,033 - varanus - INFO - In state 17976143188387390655 saw radiation_level.Green
2026-01-27 16:47:44,033 - varanus - INFO - In state 17976143188387390655 saw radiation_level.Green
2026-01-27 16:47:44,034 - varanus - INFO - In state 17976143188387390655 saw radiation_level.Green
2026-01-27 16:47:44,034 - varanus - INFO - In state 17976143188387390655 saw radiation_level.Green
2026-01-27 16:47:44,034 - varanus - INFO - In state 17976143188387390655 saw radiation_level.Green
2026-01-27 16:47:44,034 - varanus - INFO - In state 17976143188387390655 saw radiation_level.Green
2026-01-27 16:47:44,035 - varanus - INFO - In state 17976143188387390655 saw radiation_level.Green
2026-01-27 16:47:44,035 - varanus - INFO - In state 17976143188387390655 saw radiation_level.Green
2026-01-27 16:47:44,035 - varanus - INFO - In state 17976143188387390655 saw radiation_level.Green
2026-01-27 16:47:44,035 - varanus - INFO - In state 17976143188387390655 saw move.1
2026-01-27 16:47:44,036 - varanus - INFO - In state 2681491882390849628 saw radiation_level.Green
2026-01-27 16:47:44,036 - varanus - INFO - In state 2681491882390849628 saw radiation_level.Green
2026-01-27 16:47:44,036 - varanus - INFO - In state 2681491882390849628 saw radiation_level.Green
2026-01-27 16:47:44,036 - varanus - INFO - In state 2681491882390849628 saw radiation_level.Green
2026-01-27 16:47:44,037 - varanus - INFO - In state 2681491882390849628 saw radiation_level.Green
2026-01-27 16:47:44,037 - varanus - INFO - In state 2681491882390849628 saw radiation_level.Green
2026-01-27 16:47:44,037 - varanus - INFO - In state 2681491882390849628 saw radiation_level.Green
2026-01-27 16:47:44,037 - varanus - INFO - In state 2681491882390849628 saw radiation_level.Green
2026-01-27 16:47:44,038 - varanus - INFO - In state 2681491882390849628 saw radiation_level.Green
2026-01-27 16:47:44,038 - varanus - INFO - In state 2681491882390849628 saw radiation_level.Green
2026-01-27 16:47:44,038 - varanus - INFO - In state 2681491882390849628 saw radiation_level.Green
2026-01-27 16:47:44,039 - varanus - INFO - In state 2681491882390849628 saw radiation_level.Green
2026-01-27 16:47:44,039 - varanus - INFO - In state 2681491882390849628 saw radiation_level.Green
2026-01-27 16:47:44,039 - varanus - INFO - In state 2681491882390849628 saw radiation_level.Green
2026-01-27 16:47:44,039 - varanus - INFO - In state 2681491882390849628 saw radiation_level.Green
2026-01-27 16:47:44,040 - varanus - INFO - In state 2681491882390849628 saw radiation_level.Green
2026-01-27 16:47:44,043 - varanus - INFO - In state 2681491882390849628 saw radiation_level.Green
2026-01-27 16:47:44,044 - varanus - INFO - In state 2681491882390849628 saw arrived_at.1
2026-01-27 16:47:44,044 - varanus - INFO - In state 4838965131539084411 saw radiation_level.Green
2026-01-27 16:47:44,044 - varanus - INFO - In state 4838965131539084411 saw inspect.1
2026-01-27 16:47:44,044 - varanus - INFO - In state 15366558349166237975 saw radiation_level.Green
2026-01-27 16:47:44,045 - varanus - INFO - In state 15366558349166237975 saw radiation_level.Green
2026-01-27 16:47:44,045 - varanus - INFO - In state 15366558349166237975 saw radiation_level.Green
2026-01-27 16:47:44,045 - varanus - INFO - In state 15366558349166237975 saw inspected.1
2026-01-27 16:47:44,045 - varanus - INFO - In state 4934536404935645896 saw radiation_level.Green
2026-01-27 16:47:44,046 - varanus - INFO - In state 4934536404935645896 saw move.2
2026-01-27 16:47:44,046 - varanus - INFO - In state 10299127975201442196 saw radiation_level.Green
2026-01-27 16:47:44,046 - varanus - INFO - In state 10299127975201442196 saw radiation_level.Green
2026-01-27 16:47:44,046 - varanus - INFO - In state 10299127975201442196 saw radiation_level.Green
2026-01-27 16:47:44,047 - varanus - INFO - In state 10299127975201442196 saw radiation_level.Green
2026-01-27 16:47:44,047 - varanus - INFO - In state 10299127975201442196 saw radiation_level.Green
2026-01-27 16:47:44,047 - varanus - INFO - In state 10299127975201442196 saw radiation_level.Green
2026-01-27 16:47:44,047 - varanus - INFO - In state 10299127975201442196 saw radiation_level.Green
2026-01-27 16:47:44,048 - varanus - INFO - In state 10299127975201442196 saw radiation_level.Green
2026-01-27 16:47:44,048 - varanus - INFO - In state 10299127975201442196 saw radiation_level.Green
2026-01-27 16:47:44,048 - varanus - INFO - In state 10299127975201442196 saw radiation_level.Green
2026-01-27 16:47:44,048 - varanus - INFO - In state 10299127975201442196 saw radiation_level.Green
2026-01-27 16:47:44,049 - varanus - INFO - In state 10299127975201442196 saw radiation_level.Green
2026-01-27 16:47:44,049 - varanus - INFO - In state 10299127975201442196 saw radiation_level.Green
2026-01-27 16:47:44,049 - varanus - INFO - In state 10299127975201442196 saw radiation_level.Green
2026-01-27 16:47:44,049 - varanus - INFO - In state 10299127975201442196 saw radiation_level.Green
2026-01-27 16:47:44,050 - varanus - INFO - In state 10299127975201442196 saw radiation_level.Green
2026-01-27 16:47:44,050 - varanus - INFO - In state 10299127975201442196 saw radiation_level.Green
2026-01-27 16:47:44,050 - varanus - INFO - In state 10299127975201442196 saw radiation_level.Green
2026-01-27 16:47:44,050 - varanus - INFO - In state 10299127975201442196 saw radiation_level.Green
2026-01-27 16:47:44,051 - varanus - INFO - In state 10299127975201442196 saw radiation_level.Green
2026-01-27 16:47:44,051 - varanus - INFO - In state 10299127975201442196 saw radiation_level.Green
2026-01-27 16:47:44,051 - varanus - INFO - In state 10299127975201442196 saw radiation_level.Green
2026-01-27 16:47:44,051 - varanus - INFO - In state 10299127975201442196 saw radiation_level.Green
2026-01-27 16:47:44,052 - varanus - INFO - In state 10299127975201442196 saw radiation_level.Green
2026-01-27 16:47:44,052 - varanus - INFO - In state 10299127975201442196 saw radiation_level.Green
2026-01-27 16:47:44,052 - varanus - INFO - In state 10299127975201442196 saw radiation_level.Green
2026-01-27 16:47:44,052 - varanus - INFO - In state 10299127975201442196 saw arrived_at.2
2026-01-27 16:47:44,053 - varanus - INFO - In state 8606736006536026831 saw radiation_level.Green
2026-01-27 16:47:44,053 - varanus - INFO - In state 8606736006536026831 saw inspect.2
2026-01-27 16:47:44,053 - varanus - INFO - In state 9874926409750488651 saw radiation_level.Green
2026-01-27 16:47:44,053 - varanus - INFO - In state 9874926409750488651 saw radiation_level.Green
2026-01-27 16:47:44,054 - varanus - INFO - In state 9874926409750488651 saw radiation_level.Green
2026-01-27 16:47:44,054 - varanus - INFO - In state 9874926409750488651 saw inspected.2
2026-01-27 16:47:44,054 - varanus - INFO - In state 1002990068859250494 saw move.3
2026-01-27 16:47:44,055 - varanus - INFO - In state 848502878028662445 saw radiation_level.Green
2026-01-27 16:47:44,055 - varanus - INFO - In state 848502878028662445 saw radiation_level.Green
2026-01-27 16:47:44,055 - varanus - INFO - In state 848502878028662445 saw radiation_level.Green
2026-01-27 16:47:44,055 - varanus - INFO - In state 848502878028662445 saw radiation_level.Green
2026-01-27 16:47:44,056 - varanus - INFO - In state 848502878028662445 saw radiation_level.Green
2026-01-27 16:47:44,056 - varanus - INFO - In state 848502878028662445 saw radiation_level.Green
2026-01-27 16:47:44,056 - varanus - INFO - In state 848502878028662445 saw radiation_level.Green
2026-01-27 16:47:44,057 - varanus - INFO - In state 848502878028662445 saw radiation_level.Green
2026-01-27 16:47:44,057 - varanus - INFO - In state 848502878028662445 saw radiation_level.Green
2026-01-27 16:47:44,065 - varanus - INFO - In state 848502878028662445 saw radiation_level.Green
2026-01-27 16:47:44,065 - varanus - INFO - In state 848502878028662445 saw radiation_level.Green
2026-01-27 16:47:44,065 - varanus - INFO - In state 848502878028662445 saw radiation_level.Green
2026-01-27 16:47:44,066 - varanus - INFO - In state 848502878028662445 saw radiation_level.Green
2026-01-27 16:47:44,066 - varanus - INFO - In state 848502878028662445 saw radiation_level.Green
2026-01-27 16:47:44,066 - varanus - INFO - In state 848502878028662445 saw radiation_level.Green
2026-01-27 16:47:44,066 - varanus - INFO - In state 848502878028662445 saw radiation_level.Green
2026-01-27 16:47:44,067 - varanus - INFO - In state 848502878028662445 saw radiation_level.Green
2026-01-27 16:47:44,067 - varanus - INFO - In state 848502878028662445 saw radiation_level.Green
2026-01-27 16:47:44,067 - varanus - INFO - In state 848502878028662445 saw radiation_level.Green
2026-01-27 16:47:44,067 - varanus - INFO - In state 848502878028662445 saw arrived_at.3
2026-01-27 16:47:44,068 - varanus - INFO - In state 18358507212355868629 saw inspect.3
2026-01-27 16:47:44,068 - varanus - INFO - In state 8937319153557804027 saw radiation_level.Green
2026-01-27 16:47:44,068 - varanus - INFO - In state 8937319153557804027 saw radiation_level.Green
2026-01-27 16:47:44,069 - varanus - INFO - In state 8937319153557804027 saw radiation_level.Green
2026-01-27 16:47:44,069 - varanus - INFO - In state 8937319153557804027 saw inspected.3
2026-01-27 16:47:44,069 - varanus - INFO - In state 6125819018793330642 saw radiation_level.Green
2026-01-27 16:47:44,069 - varanus - INFO - In state 6125819018793330642 saw move.4
2026-01-27 16:47:44,070 - varanus - INFO - In state 18113990135560557800 saw radiation_level.Green
2026-01-27 16:47:44,070 - varanus - INFO - In state 18113990135560557800 saw radiation_level.Green
2026-01-27 16:47:44,070 - varanus - INFO - In state 18113990135560557800 saw radiation_level.Green
2026-01-27 16:47:44,070 - varanus - INFO - In state 18113990135560557800 saw radiation_level.Green
2026-01-27 16:47:44,071 - varanus - INFO - In state 18113990135560557800 saw radiation_level.Green
2026-01-27 16:47:44,071 - varanus - INFO - In state 18113990135560557800 saw radiation_level.Green
2026-01-27 16:47:44,071 - varanus - INFO - In state 18113990135560557800 saw radiation_level.Green
2026-01-27 16:47:44,072 - varanus - INFO - In state 18113990135560557800 saw radiation_level.Green
2026-01-27 16:47:44,072 - varanus - INFO - In state 18113990135560557800 saw radiation_level.Green
2026-01-27 16:47:44,072 - varanus - INFO - In state 18113990135560557800 saw radiation_level.Green
2026-01-27 16:47:44,072 - varanus - INFO - In state 18113990135560557800 saw radiation_level.Green
2026-01-27 16:47:44,073 - varanus - INFO - In state 18113990135560557800 saw radiation_level.Green
2026-01-27 16:47:44,073 - varanus - INFO - In state 18113990135560557800 saw radiation_level.Green
2026-01-27 16:47:44,074 - varanus - INFO - In state 18113990135560557800 saw radiation_level.Green
2026-01-27 16:47:44,074 - varanus - INFO - In state 18113990135560557800 saw radiation_level.Green
2026-01-27 16:47:44,074 - varanus - INFO - In state 18113990135560557800 saw radiation_level.Green
2026-01-27 16:47:44,074 - varanus - INFO - In state 18113990135560557800 saw radiation_level.Green
2026-01-27 16:47:44,075 - varanus - INFO - In state 18113990135560557800 saw radiation_level.Green
2026-01-27 16:47:44,075 - varanus - INFO - In state 18113990135560557800 saw radiation_level.Green
2026-01-27 16:47:44,075 - varanus - INFO - In state 18113990135560557800 saw radiation_level.Green
2026-01-27 16:47:44,076 - varanus - INFO - In state 18113990135560557800 saw radiation_level.Green
2026-01-27 16:47:44,076 - varanus - INFO - In state 18113990135560557800 saw radiation_level.Green
2026-01-27 16:47:44,076 - varanus - INFO - In state 18113990135560557800 saw radiation_level.Green
2026-01-27 16:47:44,076 - varanus - INFO - In state 18113990135560557800 saw arrived_at.4
2026-01-27 16:47:44,077 - varanus - INFO - In state 5125245401906001979 saw radiation_level.Green
2026-01-27 16:47:44,077 - varanus - INFO - In state 5125245401906001979 saw inspect.4
2026-01-27 16:47:44,077 - varanus - INFO - In state 16977269308034314985 saw radiation_level.Green
2026-01-27 16:47:44,077 - varanus - INFO - In state 16977269308034314985 saw radiation_level.Green
2026-01-27 16:47:44,078 - varanus - INFO - In state 16977269308034314985 saw inspected.4
2026-01-27 16:47:44,078 - varanus - INFO - In state 7969116358531300304 saw radiation_level.Green
2026-01-27 16:47:44,078 - varanus - INFO - In state 7969116358531300304 saw move.5
2026-01-27 16:47:44,078 - varanus - INFO - In state 14259182326962537126 saw radiation_level.Green
2026-01-27 16:47:44,079 - varanus - INFO - In state 14259182326962537126 saw radiation_level.Green
2026-01-27 16:47:44,079 - varanus - INFO - In state 14259182326962537126 saw radiation_level.Green
2026-01-27 16:47:44,079 - varanus - INFO - In state 14259182326962537126 saw radiation_level.Green
2026-01-27 16:47:44,079 - varanus - INFO - In state 14259182326962537126 saw radiation_level.Green
2026-01-27 16:47:44,080 - varanus - INFO - In state 14259182326962537126 saw radiation_level.Green
2026-01-27 16:47:44,080 - varanus - INFO - In state 14259182326962537126 saw radiation_level.Green
2026-01-27 16:47:44,080 - varanus - INFO - In state 14259182326962537126 saw radiation_level.Green
2026-01-27 16:47:44,081 - varanus - INFO - In state 14259182326962537126 saw radiation_level.Green
2026-01-27 16:47:44,081 - varanus - INFO - In state 14259182326962537126 saw radiation_level.Green
2026-01-27 16:47:44,081 - varanus - INFO - In state 14259182326962537126 saw radiation_level.Green
2026-01-27 16:47:44,081 - varanus - INFO - In state 14259182326962537126 saw radiation_level.Green
2026-01-27 16:47:44,082 - varanus - INFO - In state 14259182326962537126 saw arrived_at.5
2026-01-27 16:47:44,082 - varanus - INFO - In state 5964836128005976074 saw radiation_level.Green
2026-01-27 16:47:44,082 - varanus - INFO - In state 5964836128005976074 saw inspect.5
2026-01-27 16:47:44,082 - varanus - INFO - In state 2497360490192324208 saw radiation_level.Green
2026-01-27 16:47:44,083 - varanus - INFO - In state 2497360490192324208 saw radiation_level.Green
2026-01-27 16:47:44,083 - varanus - INFO - In state 2497360490192324208 saw inspected.5
2026-01-27 16:47:44,083 - varanus - INFO - In state 6885406471930127325 saw radiation_level.Green
2026-01-27 16:47:44,083 - varanus - INFO - In state 6885406471930127325 saw radiation_level.Green
2026-01-27 16:47:44,084 - varanus - INFO - In state 6885406471930127325 saw radiation_level.Green
2026-01-27 16:47:44,084 - varanus - INFO - In state 6885406471930127325 saw move.0
2026-01-27 16:47:44,084 - varanus - INFO - In state 8074625055225453823 saw radiation_level.Green
2026-01-27 16:47:44,084 - varanus - INFO - In state 8074625055225453823 saw radiation_level.Green
2026-01-27 16:47:44,085 - varanus - INFO - In state 8074625055225453823 saw radiation_level.Green
2026-01-27 16:47:44,085 - varanus - INFO - In state 8074625055225453823 saw radiation_level.Green
2026-01-27 16:47:44,085 - varanus - INFO - In state 8074625055225453823 saw radiation_level.Green
2026-01-27 16:47:44,085 - varanus - INFO - In state 8074625055225453823 saw radiation_level.Green
2026-01-27 16:47:44,086 - varanus - INFO - In state 8074625055225453823 saw radiation_level.Green
2026-01-27 16:47:44,086 - varanus - INFO - In state 8074625055225453823 saw radiation_level.Green
2026-01-27 16:47:44,086 - varanus - INFO - In state 8074625055225453823 saw radiation_level.Green
2026-01-27 16:47:44,086 - varanus - INFO - In state 8074625055225453823 saw radiation_level.Green
2026-01-27 16:47:44,087 - varanus - INFO - In state 8074625055225453823 saw radiation_level.Green
2026-01-27 16:47:44,087 - varanus - INFO - In state 8074625055225453823 saw radiation_level.Green
2026-01-27 16:47:44,087 - varanus - INFO - In state 8074625055225453823 saw radiation_level.Green
2026-01-27 16:47:44,087 - varanus - INFO - In state 8074625055225453823 saw radiation_level.Green
2026-01-27 16:47:44,088 - varanus - INFO - In state 8074625055225453823 saw radiation_level.Green
2026-01-27 16:47:44,088 - varanus - INFO - In state 8074625055225453823 saw radiation_level.Green
2026-01-27 16:47:44,088 - varanus - INFO - In state 8074625055225453823 saw radiation_level.Green
2026-01-27 16:47:44,089 - varanus - INFO - In state 8074625055225453823 saw arrived_at.0
2026-01-27 16:47:44,089 - varanus - INFO - In state 5557364616738331925 saw radiation_level.Green
2026-01-27 16:47:44,089 - varanus - INFO - Trace file finished with no violations
2026-01-27 16:47:44,091 - varanus - INFO - +++ Build Time: 			0.852396011353s +++
2026-01-27 16:47:44,091 - varanus - INFO - +++ Check Time: 			0.0869090557098s +++
2026-01-27 16:47:44,091 - varanus - INFO - +++ Average Transition Time: 	0.000307937548396s (233 events) +++
2026-01-27 16:47:44,091 - varanus - INFO - +++ Total Time: 			0.968822956085s +++
