2026-01-27 16:47:29,596 - varanus - INFO - +++ Testing rover_model_ras_pass +++
2026-01-27 16:47:29,597 - varanus - INFO - Preprocessing...
2026-01-27 16:47:29,597 - varanus - INFO - Preprocessing: pass
2026-01-27 16:47:29,597 - varanus - INFO - +++ Running Offline +++
2026-01-27 16:47:29,623 - varanus - INFO - Building CSP State Machine. Please Wait
2026-01-27 16:47:29,877 - varanus - INFO - Building CSP State Machine
2026-01-27 16:47:30,034 - varanus - INFO - +++ checking that ROVER_SYSTEM is deterministic with given alphabets +++
2026-01-27 16:47:30,034 - varanus - INFO - +++ starting monitoring against ROVER_SYSTEM +++
2026-01-27 16:47:30,035 - varanus - INFO - +++ Running Offline -- Using State Machine +++
2026-01-27 16:47:30,035 - varanus - INFO - Parsing trace file at: oracles/inspection-rover-ras/trace-json-pass.txt
2026-01-27 16:47:30,048 - varanus - INFO - Parsed trace file OK
2026-01-27 16:47:30,048 - varanus - INFO - Checking trace file: oracles/inspection-rover-ras/trace-json-pass.txt
2026-01-27 16:47:30,048 - varanus - INFO - In state 17976143188387390655 saw radiation_level.Green
2026-01-27 16:47:30,048 - varanus - INFO - In state 17976143188387390655 saw radiation_level.Green
2026-01-27 16:47:30,049 - varanus - INFO - In state 17976143188387390655 saw radiation_level.Green
2026-01-27 16:47:30,049 - varanus - INFO - In state 17976143188387390655 saw radiation_level.Green
2026-01-27 16:47:30,049 - varanus - INFO - In state 17976143188387390655 saw radiation_level.Green
2026-01-27 16:47:30,049 - varanus - INFO - In state 17976143188387390655 saw radiation_level.Green
2026-01-27 16:47:30,050 - varanus - INFO - In state 17976143188387390655 saw radiation_level.Green
2026-01-27 16:47:30,050 - varanus - INFO - In state 17976143188387390655 saw radiation_level.Green
2026-01-27 16:47:30,050 - varanus - INFO - In state 17976143188387390655 saw radiation_level.Green
2026-01-27 16:47:30,050 - varanus - INFO - In state 17976143188387390655 saw radiation_level.Green
2026-01-27 16:47:30,051 - varanus - INFO - In state 17976143188387390655 saw radiation_level.Green
2026-01-27 16:47:30,051 - varanus - INFO - In state 17976143188387390655 saw radiation_level.Green
2026-01-27 16:47:30,051 - varanus - INFO - In state 17976143188387390655 saw radiation_level.Green
2026-01-27 16:47:30,051 - varanus - INFO - In state 17976143188387390655 saw radiation_level.Green
2026-01-27 16:47:30,052 - varanus - INFO - In state 17976143188387390655 saw radiation_level.Green
2026-01-27 16:47:30,052 - varanus - INFO - In state 17976143188387390655 saw radiation_level.Green
2026-01-27 16:47:30,052 - varanus - INFO - In state 17976143188387390655 saw radiation_level.Green
2026-01-27 16:47:30,052 - varanus - INFO - In state 17976143188387390655 saw radiation_level.Green
2026-01-27 16:47:30,053 - varanus - INFO - In state 17976143188387390655 saw radiation_level.Green
2026-01-27 16:47:30,053 - varanus - INFO - In state 17976143188387390655 saw radiation_level.Green
2026-01-27 16:47:30,053 - varanus - INFO - In state 17976143188387390655 saw radiation_level.Green
2026-01-27 16:47:30,054 - varanus - INFO - In state 17976143188387390655 saw radiation_level.Green
2026-01-27 16:47:30,054 - varanus - INFO - In state 17976143188387390655 saw radiation_level.Green
2026-01-27 16:47:30,054 - varanus - INFO - In state 17976143188387390655 saw radiation_level.Green
2026-01-27 16:47:30,054 - varanus - INFO - In state 17976143188387390655 saw radiation_level.Green
2026-01-27 16:47:30,055 - varanus - INFO - In state 17976143188387390655 saw radiation_level.Green
2026-01-27 16:47:30,055 - varanus - INFO - In state 17976143188387390655 saw radiation_level.Green
2026-01-27 16:47:30,055 - varanus - INFO - In state 17976143188387390655 saw radiation_level.Green
2026-01-27 16:47:30,055 - varanus - INFO - In state 17976143188387390655 saw radiation_level.Green
2026-01-27 16:47:30,056 - varanus - INFO - In state 17976143188387390655 saw radiation_level.Green
2026-01-27 16:47:30,056 - varanus - INFO - In state 17976143188387390655 saw radiation_level.Green
2026-01-27 16:47:30,056 - varanus - INFO - In state 17976143188387390655 saw radiation_level.Green
2026-01-27 16:47:30,056 - varanus - INFO - In state 17976143188387390655 saw radiation_level.Green
2026-01-27 16:47:30,057 - varanus - INFO - In state 17976143188387390655 saw radiation_level.Green
2026-01-27 16:47:30,057 - varanus - INFO - In state 17976143188387390655 saw radiation_level.Green
2026-01-27 16:47:30,057 - varanus - INFO - In state 17976143188387390655 saw radiation_level.Green
2026-01-27 16:47:30,057 - varanus - INFO - In state 17976143188387390655 saw radiation_level.Green
2026-01-27 16:47:30,058 - varanus - INFO - In state 17976143188387390655 saw radiation_level.Green
2026-01-27 16:47:30,058 - varanus - INFO - In state 17976143188387390655 saw radiation_level.Green
2026-01-27 16:47:30,058 - varanus - INFO - In state 17976143188387390655 saw radiation_level.Green
2026-01-27 16:47:30,059 - varanus - INFO - In state 17976143188387390655 saw radiation_level.Green
2026-01-27 16:47:30,059 - varanus - INFO - In state 17976143188387390655 saw radiation_level.Green
2026-01-27 16:47:30,059 - varanus - INFO - In state 17976143188387390655 saw radiation_level.Green
2026-01-27 16:47:30,059 - varanus - INFO - In state 17976143188387390655 saw radiation_level.Green
2026-01-27 16:47:30,060 - varanus - INFO - In state 17976143188387390655 saw radiation_level.Green
2026-01-27 16:47:30,060 - varanus - INFO - In state 17976143188387390655 saw radiation_level.Green
2026-01-27 16:47:30,060 - varanus - INFO - In state 17976143188387390655 saw radiation_level.Green
2026-01-27 16:47:30,060 - varanus - INFO - In state 17976143188387390655 saw radiation_level.Green
2026-01-27 16:47:30,061 - varanus - INFO - In state 17976143188387390655 saw radiation_level.Green
2026-01-27 16:47:30,061 - varanus - INFO - In state 17976143188387390655 saw radiation_level.Green
2026-01-27 16:47:30,061 - varanus - INFO - In state 17976143188387390655 saw radiation_level.Green
2026-01-27 16:47:30,061 - varanus - INFO - In state 17976143188387390655 saw radiation_level.Green
2026-01-27 16:47:30,062 - varanus - INFO - In state 17976143188387390655 saw radiation_level.Green
2026-01-27 16:47:30,062 - varanus - INFO - In state 17976143188387390655 saw radiation_level.Green
2026-01-27 16:47:30,062 - varanus - INFO - In state 17976143188387390655 saw radiation_level.Green
2026-01-27 16:47:30,062 - varanus - INFO - In state 17976143188387390655 saw radiation_level.Green
2026-01-27 16:47:30,063 - varanus - INFO - In state 17976143188387390655 saw radiation_level.Green
2026-01-27 16:47:30,063 - varanus - INFO - In state 17976143188387390655 saw radiation_level.Green
2026-01-27 16:47:30,063 - varanus - INFO - In state 17976143188387390655 saw radiation_level.Green
2026-01-27 16:47:30,063 - varanus - INFO - In state 17976143188387390655 saw radiation_level.Green
2026-01-27 16:47:30,064 - varanus - INFO - In state 17976143188387390655 saw radiation_level.Green
2026-01-27 16:47:30,064 - varanus - INFO - In state 17976143188387390655 saw radiation_level.Green
2026-01-27 16:47:30,064 - varanus - INFO - In state 17976143188387390655 saw radiation_level.Green
2026-01-27 16:47:30,064 - varanus - INFO - In state 17976143188387390655 saw radiation_level.Green
2026-01-27 16:47:30,065 - varanus - INFO - In state 17976143188387390655 saw radiation_level.Green
2026-01-27 16:47:30,065 - varanus - INFO - In state 17976143188387390655 saw radiation_level.Green
2026-01-27 16:47:30,065 - varanus - INFO - In state 17976143188387390655 saw radiation_level.Green
2026-01-27 16:47:30,065 - varanus - INFO - In state 17976143188387390655 saw radiation_level.Green
2026-01-27 16:47:30,066 - varanus - INFO - In state 17976143188387390655 saw radiation_level.Green
2026-01-27 16:47:30,066 - varanus - INFO - In state 17976143188387390655 saw radiation_level.Green
2026-01-27 16:47:30,066 - varanus - INFO - In state 17976143188387390655 saw radiation_level.Green
2026-01-27 16:47:30,067 - varanus - INFO - In state 17976143188387390655 saw radiation_level.Green
2026-01-27 16:47:30,067 - varanus - INFO - In state 17976143188387390655 saw radiation_level.Green
2026-01-27 16:47:30,067 - varanus - INFO - In state 17976143188387390655 saw move.1
2026-01-27 16:47:30,067 - varanus - INFO - In state 2681491882390849628 saw radiation_level.Green
2026-01-27 16:47:30,068 - varanus - INFO - In state 2681491882390849628 saw radiation_level.Green
2026-01-27 16:47:30,068 - varanus - INFO - In state 2681491882390849628 saw radiation_level.Green
2026-01-27 16:47:30,068 - varanus - INFO - In state 2681491882390849628 saw radiation_level.Green
2026-01-27 16:47:30,068 - varanus - INFO - In state 2681491882390849628 saw radiation_level.Green
2026-01-27 16:47:30,069 - varanus - INFO - In state 2681491882390849628 saw radiation_level.Green
2026-01-27 16:47:30,069 - varanus - INFO - In state 2681491882390849628 saw radiation_level.Green
2026-01-27 16:47:30,069 - varanus - INFO - In state 2681491882390849628 saw radiation_level.Green
2026-01-27 16:47:30,069 - varanus - INFO - In state 2681491882390849628 saw radiation_level.Green
2026-01-27 16:47:30,070 - varanus - INFO - In state 2681491882390849628 saw radiation_level.Green
2026-01-27 16:47:30,070 - varanus - INFO - In state 2681491882390849628 saw radiation_level.Green
2026-01-27 16:47:30,070 - varanus - INFO - In state 2681491882390849628 saw radiation_level.Green
2026-01-27 16:47:30,070 - varanus - INFO - In state 2681491882390849628 saw radiation_level.Green
2026-01-27 16:47:30,071 - varanus - INFO - In state 2681491882390849628 saw radiation_level.Green
2026-01-27 16:47:30,071 - varanus - INFO - In state 2681491882390849628 saw radiation_level.Green
2026-01-27 16:47:30,071 - varanus - INFO - In state 2681491882390849628 saw radiation_level.Green
2026-01-27 16:47:30,071 - varanus - INFO - In state 2681491882390849628 saw radiation_level.Green
2026-01-27 16:47:30,072 - varanus - INFO - In state 2681491882390849628 saw arrived_at.1
2026-01-27 16:47:30,072 - varanus - INFO - In state 4838965131539084411 saw radiation_level.Green
2026-01-27 16:47:30,072 - varanus - INFO - In state 4838965131539084411 saw inspect.1
2026-01-27 16:47:30,072 - varanus - INFO - In state 15366558349166237975 saw radiation_level.Green
2026-01-27 16:47:30,073 - varanus - INFO - In state 15366558349166237975 saw radiation_level.Green
2026-01-27 16:47:30,073 - varanus - INFO - In state 15366558349166237975 saw radiation_level.Green
2026-01-27 16:47:30,073 - varanus - INFO - In state 15366558349166237975 saw inspected.1
2026-01-27 16:47:30,073 - varanus - INFO - In state 4934536404935645896 saw radiation_level.Green
2026-01-27 16:47:30,074 - varanus - INFO - In state 4934536404935645896 saw move.2
2026-01-27 16:47:30,074 - varanus - INFO - In state 10299127975201442196 saw radiation_level.Green
2026-01-27 16:47:30,074 - varanus - INFO - In state 10299127975201442196 saw radiation_level.Green
2026-01-27 16:47:30,074 - varanus - INFO - In state 10299127975201442196 saw radiation_level.Green
2026-01-27 16:47:30,075 - varanus - INFO - In state 10299127975201442196 saw radiation_level.Green
2026-01-27 16:47:30,075 - varanus - INFO - In state 10299127975201442196 saw radiation_level.Green
2026-01-27 16:47:30,075 - varanus - INFO - In state 10299127975201442196 saw radiation_level.Green
2026-01-27 16:47:30,075 - varanus - INFO - In state 10299127975201442196 saw radiation_level.Green
2026-01-27 16:47:30,076 - varanus - INFO - In state 10299127975201442196 saw radiation_level.Green
2026-01-27 16:47:30,076 - varanus - INFO - In state 10299127975201442196 saw radiation_level.Green
2026-01-27 16:47:30,076 - varanus - INFO - In state 10299127975201442196 saw radiation_level.Green
2026-01-27 16:47:30,076 - varanus - INFO - In state 10299127975201442196 saw radiation_level.Green
2026-01-27 16:47:30,077 - varanus - INFO - In state 10299127975201442196 saw radiation_level.Green
2026-01-27 16:47:30,077 - varanus - INFO - In state 10299127975201442196 saw radiation_level.Green
2026-01-27 16:47:30,077 - varanus - INFO - In state 10299127975201442196 saw radiation_level.Green
2026-01-27 16:47:30,077 - varanus - INFO - In state 10299127975201442196 saw radiation_level.Green
2026-01-27 16:47:30,078 - varanus - INFO - In state 10299127975201442196 saw radiation_level.Green
2026-01-27 16:47:30,078 - varanus - INFO - In state 10299127975201442196 saw radiation_level.Green
2026-01-27 16:47:30,078 - varanus - INFO - In state 10299127975201442196 saw radiation_level.Green
2026-01-27 16:47:30,078 - varanus - INFO - In state 10299127975201442196 saw radiation_level.Green
2026-01-27 16:47:30,079 - varanus - INFO - In state 10299127975201442196 saw radiation_level.Green
2026-01-27 16:47:30,079 - varanus - INFO - In state 10299127975201442196 saw radiation_level.Green
2026-01-27 16:47:30,079 - varanus - INFO - In state 10299127975201442196 saw radiation_level.Green
2026-01-27 16:47:30,079 - varanus - INFO - In state 10299127975201442196 saw radiation_level.Green
2026-01-27 16:47:30,080 - varanus - INFO - In state 10299127975201442196 saw radiation_level.Green
2026-01-27 16:47:30,080 - varanus - INFO - In state 10299127975201442196 saw radiation_level.Green
2026-01-27 16:47:30,080 - varanus - INFO - In state 10299127975201442196 saw radiation_level.Green
2026-01-27 16:47:30,080 - varanus - INFO - In state 10299127975201442196 saw arrived_at.2
2026-01-27 16:47:30,081 - varanus - INFO - In state 8606736006536026831 saw radiation_level.Green
2026-01-27 16:47:30,081 - varanus - INFO - In state 8606736006536026831 saw inspect.2
2026-01-27 16:47:30,081 - varanus - INFO - In state 9874926409750488651 saw radiation_level.Green
2026-01-27 16:47:30,081 - varanus - INFO - In state 9874926409750488651 saw radiation_level.Green
2026-01-27 16:47:30,082 - varanus - INFO - In state 9874926409750488651 saw radiation_level.Green
2026-01-27 16:47:30,082 - varanus - INFO - In state 9874926409750488651 saw inspected.2
2026-01-27 16:47:30,082 - varanus - INFO - In state 1002990068859250494 saw move.3
2026-01-27 16:47:30,082 - varanus - INFO - In state 848502878028662445 saw radiation_level.Green
2026-01-27 16:47:30,083 - varanus - INFO - In state 848502878028662445 saw radiation_level.Green
2026-01-27 16:47:30,083 - varanus - INFO - In state 848502878028662445 saw radiation_level.Green
2026-01-27 16:47:30,083 - varanus - INFO - In state 848502878028662445 saw radiation_level.Green
2026-01-27 16:47:30,083 - varanus - INFO - In state 848502878028662445 saw radiation_level.Green
2026-01-27 16:47:30,084 - varanus - INFO - In state 848502878028662445 saw radiation_level.Green
2026-01-27 16:47:30,084 - varanus - INFO - In state 848502878028662445 saw radiation_level.Green
2026-01-27 16:47:30,084 - varanus - INFO - In state 848502878028662445 saw radiation_level.Green
2026-01-27 16:47:30,084 - varanus - INFO - In state 848502878028662445 saw radiation_level.Green
2026-01-27 16:47:30,085 - varanus - INFO - In state 848502878028662445 saw radiation_level.Green
2026-01-27 16:47:30,085 - varanus - INFO - In state 848502878028662445 saw radiation_level.Green
2026-01-27 16:47:30,085 - varanus - INFO - In state 848502878028662445 saw radiation_level.Green
2026-01-27 16:47:30,096 - varanus - INFO - In state 848502878028662445 saw radiation_level.Green
2026-01-27 16:47:30,096 - varanus - INFO - In state 848502878028662445 saw radiation_level.Green
2026-01-27 16:47:30,097 - varanus - INFO - In state 848502878028662445 saw radiation_level.Green
2026-01-27 16:47:30,097 - varanus - INFO - In state 848502878028662445 saw radiation_level.Green
2026-01-27 16:47:30,097 - varanus - INFO - In state 848502878028662445 saw radiation_level.Green
2026-01-27 16:47:30,098 - varanus - INFO - In state 848502878028662445 saw radiation_level.Green
2026-01-27 16:47:30,098 - varanus - INFO - In state 848502878028662445 saw radiation_level.Green
2026-01-27 16:47:30,099 - varanus - INFO - In state 848502878028662445 saw arrived_at.3
2026-01-27 16:47:30,099 - varanus - INFO - In state 18358507212355868629 saw inspect.3
2026-01-27 16:47:30,099 - varanus - INFO - In state 8937319153557804027 saw radiation_level.Green
2026-01-27 16:47:30,100 - varanus - INFO - In state 8937319153557804027 saw radiation_level.Green
2026-01-27 16:47:30,100 - varanus - INFO - In state 8937319153557804027 saw radiation_level.Green
2026-01-27 16:47:30,101 - varanus - INFO - In state 8937319153557804027 saw inspected.3
2026-01-27 16:47:30,101 - varanus - INFO - In state 6125819018793330642 saw radiation_level.Green
2026-01-27 16:47:30,101 - varanus - INFO - In state 6125819018793330642 saw move.4
2026-01-27 16:47:30,102 - varanus - INFO - In state 18113990135560557800 saw radiation_level.Green
2026-01-27 16:47:30,102 - varanus - INFO - In state 18113990135560557800 saw radiation_level.Green
2026-01-27 16:47:30,103 - varanus - INFO - In state 18113990135560557800 saw radiation_level.Green
2026-01-27 16:47:30,103 - varanus - INFO - In state 18113990135560557800 saw radiation_level.Green
2026-01-27 16:47:30,103 - varanus - INFO - In state 18113990135560557800 saw radiation_level.Green
2026-01-27 16:47:30,104 - varanus - INFO - In state 18113990135560557800 saw radiation_level.Green
2026-01-27 16:47:30,104 - varanus - INFO - In state 18113990135560557800 saw radiation_level.Green
2026-01-27 16:47:30,104 - varanus - INFO - In state 18113990135560557800 saw radiation_level.Green
2026-01-27 16:47:30,105 - varanus - INFO - In state 18113990135560557800 saw radiation_level.Green
2026-01-27 16:47:30,105 - varanus - INFO - In state 18113990135560557800 saw radiation_level.Green
2026-01-27 16:47:30,106 - varanus - INFO - In state 18113990135560557800 saw radiation_level.Green
2026-01-27 16:47:30,106 - varanus - INFO - In state 18113990135560557800 saw radiation_level.Green
2026-01-27 16:47:30,106 - varanus - INFO - In state 18113990135560557800 saw radiation_level.Green
2026-01-27 16:47:30,107 - varanus - INFO - In state 18113990135560557800 saw radiation_level.Green
2026-01-27 16:47:30,107 - varanus - INFO - In state 18113990135560557800 saw radiation_level.Green
2026-01-27 16:47:30,108 - varanus - INFO - In state 18113990135560557800 saw radiation_level.Green
2026-01-27 16:47:30,108 - varanus - INFO - In state 18113990135560557800 saw radiation_level.Green
2026-01-27 16:47:30,108 - varanus - INFO - In state 18113990135560557800 saw radiation_level.Green
2026-01-27 16:47:30,109 - varanus - INFO - In state 18113990135560557800 saw radiation_level.Green
2026-01-27 16:47:30,109 - varanus - INFO - In state 18113990135560557800 saw radiation_level.Green
2026-01-27 16:47:30,110 - varanus - INFO - In state 18113990135560557800 saw radiation_level.Green
2026-01-27 16:47:30,110 - varanus - INFO - In state 18113990135560557800 saw radiation_level.Green
2026-01-27 16:47:30,110 - varanus - INFO - In state 18113990135560557800 saw radiation_level.Green
2026-01-27 16:47:30,111 - varanus - INFO - In state 18113990135560557800 saw arrived_at.4
2026-01-27 16:47:30,111 - varanus - INFO - In state 5125245401906001979 saw radiation_level.Green
2026-01-27 16:47:30,112 - varanus - INFO - In state 5125245401906001979 saw inspect.4
2026-01-27 16:47:30,112 - varanus - INFO - In state 16977269308034314985 saw radiation_level.Green
2026-01-27 16:47:30,112 - varanus - INFO - In state 16977269308034314985 saw radiation_level.Green
2026-01-27 16:47:30,113 - varanus - INFO - In state 16977269308034314985 saw inspected.4
2026-01-27 16:47:30,113 - varanus - INFO - In state 7969116358531300304 saw radiation_level.Green
2026-01-27 16:47:30,114 - varanus - INFO - In state 7969116358531300304 saw move.5
2026-01-27 16:47:30,114 - varanus - INFO - In state 14259182326962537126 saw radiation_level.Green
2026-01-27 16:47:30,115 - varanus - INFO - In state 14259182326962537126 saw radiation_level.Green
2026-01-27 16:47:30,115 - varanus - INFO - In state 14259182326962537126 saw radiation_level.Green
2026-01-27 16:47:30,115 - varanus - INFO - In state 14259182326962537126 saw radiation_level.Green
2026-01-27 16:47:30,116 - varanus - INFO - In state 14259182326962537126 saw radiation_level.Green
2026-01-27 16:47:30,116 - varanus - INFO - In state 14259182326962537126 saw radiation_level.Green
2026-01-27 16:47:30,117 - varanus - INFO - In state 14259182326962537126 saw radiation_level.Green
2026-01-27 16:47:30,117 - varanus - INFO - In state 14259182326962537126 saw radiation_level.Green
2026-01-27 16:47:30,117 - varanus - INFO - In state 14259182326962537126 saw radiation_level.Green
2026-01-27 16:47:30,118 - varanus - INFO - In state 14259182326962537126 saw radiation_level.Green
2026-01-27 16:47:30,118 - varanus - INFO - In state 14259182326962537126 saw radiation_level.Green
2026-01-27 16:47:30,119 - varanus - INFO - In state 14259182326962537126 saw radiation_level.Green
2026-01-27 16:47:30,119 - varanus - INFO - In state 14259182326962537126 saw arrived_at.5
2026-01-27 16:47:30,120 - varanus - INFO - In state 5964836128005976074 saw radiation_level.Green
2026-01-27 16:47:30,120 - varanus - INFO - In state 5964836128005976074 saw inspect.5
2026-01-27 16:47:30,120 - varanus - INFO - In state 2497360490192324208 saw radiation_level.Green
2026-01-27 16:47:30,121 - varanus - INFO - In state 2497360490192324208 saw radiation_level.Green
2026-01-27 16:47:30,121 - varanus - INFO - In state 2497360490192324208 saw inspected.5
2026-01-27 16:47:30,121 - varanus - INFO - In state 6885406471930127325 saw radiation_level.Green
2026-01-27 16:47:30,122 - varanus - INFO - In state 6885406471930127325 saw radiation_level.Green
2026-01-27 16:47:30,122 - varanus - INFO - In state 6885406471930127325 saw radiation_level.Green
2026-01-27 16:47:30,122 - varanus - INFO - In state 6885406471930127325 saw move.0
2026-01-27 16:47:30,123 - varanus - INFO - In state 8074625055225453823 saw radiation_level.Green
2026-01-27 16:47:30,123 - varanus - INFO - In state 8074625055225453823 saw radiation_level.Green
2026-01-27 16:47:30,124 - varanus - INFO - In state 8074625055225453823 saw radiation_level.Green
2026-01-27 16:47:30,124 - varanus - INFO - In state 8074625055225453823 saw radiation_level.Green
2026-01-27 16:47:30,124 - varanus - INFO - In state 8074625055225453823 saw radiation_level.Green
2026-01-27 16:47:30,125 - varanus - INFO - In state 8074625055225453823 saw radiation_level.Green
2026-01-27 16:47:30,125 - varanus - INFO - In state 8074625055225453823 saw radiation_level.Green
2026-01-27 16:47:30,126 - varanus - INFO - In state 8074625055225453823 saw radiation_level.Green
2026-01-27 16:47:30,126 - varanus - INFO - In state 8074625055225453823 saw radiation_level.Green
2026-01-27 16:47:30,126 - varanus - INFO - In state 8074625055225453823 saw radiation_level.Green
2026-01-27 16:47:30,127 - varanus - INFO - In state 8074625055225453823 saw radiation_level.Green
2026-01-27 16:47:30,127 - varanus - INFO - In state 8074625055225453823 saw radiation_level.Green
2026-01-27 16:47:30,128 - varanus - INFO - In state 8074625055225453823 saw radiation_level.Green
2026-01-27 16:47:30,128 - varanus - INFO - In state 8074625055225453823 saw radiation_level.Green
2026-01-27 16:47:30,128 - varanus - INFO - In state 8074625055225453823 saw radiation_level.Green
2026-01-27 16:47:30,129 - varanus - INFO - In state 8074625055225453823 saw radiation_level.Green
2026-01-27 16:47:30,129 - varanus - INFO - In state 8074625055225453823 saw radiation_level.Green
2026-01-27 16:47:30,130 - varanus - INFO - In state 8074625055225453823 saw arrived_at.0
2026-01-27 16:47:30,130 - varanus - INFO - In state 5557364616738331925 saw radiation_level.Green
2026-01-27 16:47:30,130 - varanus - INFO - Trace file finished with no violations
2026-01-27 16:47:30,132 - varanus - INFO - +++ Build Time: 			0.411619901657s +++
2026-01-27 16:47:30,132 - varanus - INFO - +++ Check Time: 			0.0956709384918s +++
2026-01-27 16:47:30,132 - varanus - INFO - +++ Average Transition Time: 	0.000349364055584s (233 events) +++
2026-01-27 16:47:30,132 - varanus - INFO - +++ Total Time: 			0.533593893051s +++
