2026-01-27 16:47:22,399 - varanus - INFO - +++ Testing rover_model_ras_pass +++
2026-01-27 16:47:22,399 - varanus - INFO - Preprocessing...
2026-01-27 16:47:22,400 - varanus - INFO - Preprocessing: pass
2026-01-27 16:47:22,400 - varanus - INFO - +++ Running Offline +++
2026-01-27 16:47:22,426 - varanus - INFO - Building CSP State Machine. Please Wait
2026-01-27 16:47:23,284 - varanus - INFO - Building CSP State Machine
2026-01-27 16:47:23,500 - varanus - INFO - +++ checking that ROVER_SYSTEM is deterministic with given alphabets +++
2026-01-27 16:47:23,501 - varanus - INFO - +++ starting monitoring against ROVER_SYSTEM +++
2026-01-27 16:47:23,501 - varanus - INFO - +++ Running Offline -- Using State Machine +++
2026-01-27 16:47:23,501 - varanus - INFO - Parsing trace file at: oracles/inspection-rover-ras/trace-json-pass.txt
2026-01-27 16:47:23,520 - varanus - INFO - Parsed trace file OK
2026-01-27 16:47:23,520 - varanus - INFO - Checking trace file: oracles/inspection-rover-ras/trace-json-pass.txt
2026-01-27 16:47:23,521 - varanus - INFO - In state 17976143188387390655 saw radiation_level.Green
2026-01-27 16:47:23,521 - varanus - INFO - In state 17976143188387390655 saw radiation_level.Green
2026-01-27 16:47:23,521 - varanus - INFO - In state 17976143188387390655 saw radiation_level.Green
2026-01-27 16:47:23,522 - varanus - INFO - In state 17976143188387390655 saw radiation_level.Green
2026-01-27 16:47:23,522 - varanus - INFO - In state 17976143188387390655 saw radiation_level.Green
2026-01-27 16:47:23,523 - varanus - INFO - In state 17976143188387390655 saw radiation_level.Green
2026-01-27 16:47:23,523 - varanus - INFO - In state 17976143188387390655 saw radiation_level.Green
2026-01-27 16:47:23,524 - varanus - INFO - In state 17976143188387390655 saw radiation_level.Green
2026-01-27 16:47:23,524 - varanus - INFO - In state 17976143188387390655 saw radiation_level.Green
2026-01-27 16:47:23,524 - varanus - INFO - In state 17976143188387390655 saw radiation_level.Green
2026-01-27 16:47:23,525 - varanus - INFO - In state 17976143188387390655 saw radiation_level.Green
2026-01-27 16:47:23,525 - varanus - INFO - In state 17976143188387390655 saw radiation_level.Green
2026-01-27 16:47:23,526 - varanus - INFO - In state 17976143188387390655 saw radiation_level.Green
2026-01-27 16:47:23,526 - varanus - INFO - In state 17976143188387390655 saw radiation_level.Green
2026-01-27 16:47:23,526 - varanus - INFO - In state 17976143188387390655 saw radiation_level.Green
2026-01-27 16:47:23,527 - varanus - INFO - In state 17976143188387390655 saw radiation_level.Green
2026-01-27 16:47:23,527 - varanus - INFO - In state 17976143188387390655 saw radiation_level.Green
2026-01-27 16:47:23,528 - varanus - INFO - In state 17976143188387390655 saw radiation_level.Green
2026-01-27 16:47:23,528 - varanus - INFO - In state 17976143188387390655 saw radiation_level.Green
2026-01-27 16:47:23,529 - varanus - INFO - In state 17976143188387390655 saw radiation_level.Green
2026-01-27 16:47:23,529 - varanus - INFO - In state 17976143188387390655 saw radiation_level.Green
2026-01-27 16:47:23,529 - varanus - INFO - In state 17976143188387390655 saw radiation_level.Green
2026-01-27 16:47:23,530 - varanus - INFO - In state 17976143188387390655 saw radiation_level.Green
2026-01-27 16:47:23,530 - varanus - INFO - In state 17976143188387390655 saw radiation_level.Green
2026-01-27 16:47:23,531 - varanus - INFO - In state 17976143188387390655 saw radiation_level.Green
2026-01-27 16:47:23,531 - varanus - INFO - In state 17976143188387390655 saw radiation_level.Green
2026-01-27 16:47:23,531 - varanus - INFO - In state 17976143188387390655 saw radiation_level.Green
2026-01-27 16:47:23,532 - varanus - INFO - In state 17976143188387390655 saw radiation_level.Green
2026-01-27 16:47:23,532 - varanus - INFO - In state 17976143188387390655 saw radiation_level.Green
2026-01-27 16:47:23,533 - varanus - INFO - In state 17976143188387390655 saw radiation_level.Green
2026-01-27 16:47:23,533 - varanus - INFO - In state 17976143188387390655 saw radiation_level.Green
2026-01-27 16:47:23,533 - varanus - INFO - In state 17976143188387390655 saw radiation_level.Green
2026-01-27 16:47:23,534 - varanus - INFO - In state 17976143188387390655 saw radiation_level.Green
2026-01-27 16:47:23,534 - varanus - INFO - In state 17976143188387390655 saw radiation_level.Green
2026-01-27 16:47:23,535 - varanus - INFO - In state 17976143188387390655 saw radiation_level.Green
2026-01-27 16:47:23,535 - varanus - INFO - In state 17976143188387390655 saw radiation_level.Green
2026-01-27 16:47:23,536 - varanus - INFO - In state 17976143188387390655 saw radiation_level.Green
2026-01-27 16:47:23,536 - varanus - INFO - In state 17976143188387390655 saw radiation_level.Green
2026-01-27 16:47:23,537 - varanus - INFO - In state 17976143188387390655 saw radiation_level.Green
2026-01-27 16:47:23,537 - varanus - INFO - In state 17976143188387390655 saw radiation_level.Green
2026-01-27 16:47:23,537 - varanus - INFO - In state 17976143188387390655 saw radiation_level.Green
2026-01-27 16:47:23,538 - varanus - INFO - In state 17976143188387390655 saw radiation_level.Green
2026-01-27 16:47:23,538 - varanus - INFO - In state 17976143188387390655 saw radiation_level.Green
2026-01-27 16:47:23,539 - varanus - INFO - In state 17976143188387390655 saw radiation_level.Green
2026-01-27 16:47:23,539 - varanus - INFO - In state 17976143188387390655 saw radiation_level.Green
2026-01-27 16:47:23,539 - varanus - INFO - In state 17976143188387390655 saw radiation_level.Green
2026-01-27 16:47:23,540 - varanus - INFO - In state 17976143188387390655 saw radiation_level.Green
2026-01-27 16:47:23,540 - varanus - INFO - In state 17976143188387390655 saw radiation_level.Green
2026-01-27 16:47:23,541 - varanus - INFO - In state 17976143188387390655 saw radiation_level.Green
2026-01-27 16:47:23,541 - varanus - INFO - In state 17976143188387390655 saw radiation_level.Green
2026-01-27 16:47:23,541 - varanus - INFO - In state 17976143188387390655 saw radiation_level.Green
2026-01-27 16:47:23,542 - varanus - INFO - In state 17976143188387390655 saw radiation_level.Green
2026-01-27 16:47:23,542 - varanus - INFO - In state 17976143188387390655 saw radiation_level.Green
2026-01-27 16:47:23,543 - varanus - INFO - In state 17976143188387390655 saw radiation_level.Green
2026-01-27 16:47:23,543 - varanus - INFO - In state 17976143188387390655 saw radiation_level.Green
2026-01-27 16:47:23,544 - varanus - INFO - In state 17976143188387390655 saw radiation_level.Green
2026-01-27 16:47:23,544 - varanus - INFO - In state 17976143188387390655 saw radiation_level.Green
2026-01-27 16:47:23,544 - varanus - INFO - In state 17976143188387390655 saw radiation_level.Green
2026-01-27 16:47:23,545 - varanus - INFO - In state 17976143188387390655 saw radiation_level.Green
2026-01-27 16:47:23,545 - varanus - INFO - In state 17976143188387390655 saw radiation_level.Green
2026-01-27 16:47:23,546 - varanus - INFO - In state 17976143188387390655 saw radiation_level.Green
2026-01-27 16:47:23,546 - varanus - INFO - In state 17976143188387390655 saw radiation_level.Green
2026-01-27 16:47:23,546 - varanus - INFO - In state 17976143188387390655 saw radiation_level.Green
2026-01-27 16:47:23,547 - varanus - INFO - In state 17976143188387390655 saw radiation_level.Green
2026-01-27 16:47:23,547 - varanus - INFO - In state 17976143188387390655 saw radiation_level.Green
2026-01-27 16:47:23,548 - varanus - INFO - In state 17976143188387390655 saw radiation_level.Green
2026-01-27 16:47:23,548 - varanus - INFO - In state 17976143188387390655 saw radiation_level.Green
2026-01-27 16:47:23,548 - varanus - INFO - In state 17976143188387390655 saw radiation_level.Green
2026-01-27 16:47:23,549 - varanus - INFO - In state 17976143188387390655 saw radiation_level.Green
2026-01-27 16:47:23,549 - varanus - INFO - In state 17976143188387390655 saw radiation_level.Green
2026-01-27 16:47:23,550 - varanus - INFO - In state 17976143188387390655 saw radiation_level.Green
2026-01-27 16:47:23,550 - varanus - INFO - In state 17976143188387390655 saw radiation_level.Green
2026-01-27 16:47:23,550 - varanus - INFO - In state 17976143188387390655 saw radiation_level.Green
2026-01-27 16:47:23,551 - varanus - INFO - In state 17976143188387390655 saw move.1
2026-01-27 16:47:23,551 - varanus - INFO - In state 2681491882390849628 saw radiation_level.Green
2026-01-27 16:47:23,552 - varanus - INFO - In state 2681491882390849628 saw radiation_level.Green
2026-01-27 16:47:23,552 - varanus - INFO - In state 2681491882390849628 saw radiation_level.Green
2026-01-27 16:47:23,553 - varanus - INFO - In state 2681491882390849628 saw radiation_level.Green
2026-01-27 16:47:23,554 - varanus - INFO - In state 2681491882390849628 saw radiation_level.Green
2026-01-27 16:47:23,555 - varanus - INFO - In state 2681491882390849628 saw radiation_level.Green
2026-01-27 16:47:23,555 - varanus - INFO - In state 2681491882390849628 saw radiation_level.Green
2026-01-27 16:47:23,556 - varanus - INFO - In state 2681491882390849628 saw radiation_level.Green
2026-01-27 16:47:23,556 - varanus - INFO - In state 2681491882390849628 saw radiation_level.Green
2026-01-27 16:47:23,557 - varanus - INFO - In state 2681491882390849628 saw radiation_level.Green
2026-01-27 16:47:23,557 - varanus - INFO - In state 2681491882390849628 saw radiation_level.Green
2026-01-27 16:47:23,558 - varanus - INFO - In state 2681491882390849628 saw radiation_level.Green
2026-01-27 16:47:23,558 - varanus - INFO - In state 2681491882390849628 saw radiation_level.Green
2026-01-27 16:47:23,558 - varanus - INFO - In state 2681491882390849628 saw radiation_level.Green
2026-01-27 16:47:23,559 - varanus - INFO - In state 2681491882390849628 saw radiation_level.Green
2026-01-27 16:47:23,559 - varanus - INFO - In state 2681491882390849628 saw radiation_level.Green
2026-01-27 16:47:23,560 - varanus - INFO - In state 2681491882390849628 saw radiation_level.Green
2026-01-27 16:47:23,560 - varanus - INFO - In state 2681491882390849628 saw arrived_at.1
2026-01-27 16:47:23,561 - varanus - INFO - In state 4838965131539084411 saw radiation_level.Green
2026-01-27 16:47:23,561 - varanus - INFO - In state 4838965131539084411 saw inspect.1
2026-01-27 16:47:23,561 - varanus - INFO - In state 15366558349166237975 saw radiation_level.Green
2026-01-27 16:47:23,562 - varanus - INFO - In state 15366558349166237975 saw radiation_level.Green
2026-01-27 16:47:23,562 - varanus - INFO - In state 15366558349166237975 saw radiation_level.Green
2026-01-27 16:47:23,563 - varanus - INFO - In state 15366558349166237975 saw inspected.1
2026-01-27 16:47:23,563 - varanus - INFO - In state 4934536404935645896 saw radiation_level.Green
2026-01-27 16:47:23,563 - varanus - INFO - In state 4934536404935645896 saw move.2
2026-01-27 16:47:23,564 - varanus - INFO - In state 10299127975201442196 saw radiation_level.Green
2026-01-27 16:47:23,564 - varanus - INFO - In state 10299127975201442196 saw radiation_level.Green
2026-01-27 16:47:23,565 - varanus - INFO - In state 10299127975201442196 saw radiation_level.Green
2026-01-27 16:47:23,565 - varanus - INFO - In state 10299127975201442196 saw radiation_level.Green
2026-01-27 16:47:23,565 - varanus - INFO - In state 10299127975201442196 saw radiation_level.Green
2026-01-27 16:47:23,566 - varanus - INFO - In state 10299127975201442196 saw radiation_level.Green
2026-01-27 16:47:23,566 - varanus - INFO - In state 10299127975201442196 saw radiation_level.Green
2026-01-27 16:47:23,567 - varanus - INFO - In state 10299127975201442196 saw radiation_level.Green
2026-01-27 16:47:23,567 - varanus - INFO - In state 10299127975201442196 saw radiation_level.Green
2026-01-27 16:47:23,568 - varanus - INFO - In state 10299127975201442196 saw radiation_level.Green
2026-01-27 16:47:23,568 - varanus - INFO - In state 10299127975201442196 saw radiation_level.Green
2026-01-27 16:47:23,569 - varanus - INFO - In state 10299127975201442196 saw radiation_level.Green
2026-01-27 16:47:23,569 - varanus - INFO - In state 10299127975201442196 saw radiation_level.Green
2026-01-27 16:47:23,569 - varanus - INFO - In state 10299127975201442196 saw radiation_level.Green
2026-01-27 16:47:23,570 - varanus - INFO - In state 10299127975201442196 saw radiation_level.Green
2026-01-27 16:47:23,570 - varanus - INFO - In state 10299127975201442196 saw radiation_level.Green
2026-01-27 16:47:23,571 - varanus - INFO - In state 10299127975201442196 saw radiation_level.Green
2026-01-27 16:47:23,571 - varanus - INFO - In state 10299127975201442196 saw radiation_level.Green
2026-01-27 16:47:23,571 - varanus - INFO - In state 10299127975201442196 saw radiation_level.Green
2026-01-27 16:47:23,572 - varanus - INFO - In state 10299127975201442196 saw radiation_level.Green
2026-01-27 16:47:23,572 - varanus - INFO - In state 10299127975201442196 saw radiation_level.Green
2026-01-27 16:47:23,573 - varanus - INFO - In state 10299127975201442196 saw radiation_level.Green
2026-01-27 16:47:23,573 - varanus - INFO - In state 10299127975201442196 saw radiation_level.Green
2026-01-27 16:47:23,573 - varanus - INFO - In state 10299127975201442196 saw radiation_level.Green
2026-01-27 16:47:23,574 - varanus - INFO - In state 10299127975201442196 saw radiation_level.Green
2026-01-27 16:47:23,574 - varanus - INFO - In state 10299127975201442196 saw radiation_level.Green
2026-01-27 16:47:23,575 - varanus - INFO - In state 10299127975201442196 saw arrived_at.2
2026-01-27 16:47:23,575 - varanus - INFO - In state 8606736006536026831 saw radiation_level.Green
2026-01-27 16:47:23,575 - varanus - INFO - In state 8606736006536026831 saw inspect.2
2026-01-27 16:47:23,576 - varanus - INFO - In state 9874926409750488651 saw radiation_level.Green
2026-01-27 16:47:23,576 - varanus - INFO - In state 9874926409750488651 saw radiation_level.Green
2026-01-27 16:47:23,577 - varanus - INFO - In state 9874926409750488651 saw radiation_level.Green
2026-01-27 16:47:23,577 - varanus - INFO - In state 9874926409750488651 saw inspected.2
2026-01-27 16:47:23,577 - varanus - INFO - In state 1002990068859250494 saw move.3
2026-01-27 16:47:23,578 - varanus - INFO - In state 848502878028662445 saw radiation_level.Green
2026-01-27 16:47:23,578 - varanus - INFO - In state 848502878028662445 saw radiation_level.Green
2026-01-27 16:47:23,579 - varanus - INFO - In state 848502878028662445 saw radiation_level.Green
2026-01-27 16:47:23,579 - varanus - INFO - In state 848502878028662445 saw radiation_level.Green
2026-01-27 16:47:23,579 - varanus - INFO - In state 848502878028662445 saw radiation_level.Green
2026-01-27 16:47:23,580 - varanus - INFO - In state 848502878028662445 saw radiation_level.Green
2026-01-27 16:47:23,580 - varanus - INFO - In state 848502878028662445 saw radiation_level.Green
2026-01-27 16:47:23,581 - varanus - INFO - In state 848502878028662445 saw radiation_level.Green
2026-01-27 16:47:23,581 - varanus - INFO - In state 848502878028662445 saw radiation_level.Green
2026-01-27 16:47:23,581 - varanus - INFO - In state 848502878028662445 saw radiation_level.Green
2026-01-27 16:47:23,582 - varanus - INFO - In state 848502878028662445 saw radiation_level.Green
2026-01-27 16:47:23,582 - varanus - INFO - In state 848502878028662445 saw radiation_level.Green
2026-01-27 16:47:23,583 - varanus - INFO - In state 848502878028662445 saw radiation_level.Green
2026-01-27 16:47:23,583 - varanus - INFO - In state 848502878028662445 saw radiation_level.Green
2026-01-27 16:47:23,584 - varanus - INFO - In state 848502878028662445 saw radiation_level.Green
2026-01-27 16:47:23,584 - varanus - INFO - In state 848502878028662445 saw radiation_level.Green
2026-01-27 16:47:23,584 - varanus - INFO - In state 848502878028662445 saw radiation_level.Green
2026-01-27 16:47:23,585 - varanus - INFO - In state 848502878028662445 saw radiation_level.Green
2026-01-27 16:47:23,585 - varanus - INFO - In state 848502878028662445 saw radiation_level.Green
2026-01-27 16:47:23,586 - varanus - INFO - In state 848502878028662445 saw arrived_at.3
2026-01-27 16:47:23,586 - varanus - INFO - In state 18358507212355868629 saw inspect.3
2026-01-27 16:47:23,587 - varanus - INFO - In state 8937319153557804027 saw radiation_level.Green
2026-01-27 16:47:23,587 - varanus - INFO - In state 8937319153557804027 saw radiation_level.Green
2026-01-27 16:47:23,587 - varanus - INFO - In state 8937319153557804027 saw radiation_level.Green
2026-01-27 16:47:23,588 - varanus - INFO - In state 8937319153557804027 saw inspected.3
2026-01-27 16:47:23,588 - varanus - INFO - In state 6125819018793330642 saw radiation_level.Green
2026-01-27 16:47:23,589 - varanus - INFO - In state 6125819018793330642 saw move.4
2026-01-27 16:47:23,589 - varanus - INFO - In state 18113990135560557800 saw radiation_level.Green
2026-01-27 16:47:23,589 - varanus - INFO - In state 18113990135560557800 saw radiation_level.Green
2026-01-27 16:47:23,590 - varanus - INFO - In state 18113990135560557800 saw radiation_level.Green
2026-01-27 16:47:23,590 - varanus - INFO - In state 18113990135560557800 saw radiation_level.Green
2026-01-27 16:47:23,591 - varanus - INFO - In state 18113990135560557800 saw radiation_level.Green
2026-01-27 16:47:23,591 - varanus - INFO - In state 18113990135560557800 saw radiation_level.Green
2026-01-27 16:47:23,591 - varanus - INFO - In state 18113990135560557800 saw radiation_level.Green
2026-01-27 16:47:23,592 - varanus - INFO - In state 18113990135560557800 saw radiation_level.Green
2026-01-27 16:47:23,592 - varanus - INFO - In state 18113990135560557800 saw radiation_level.Green
2026-01-27 16:47:23,593 - varanus - INFO - In state 18113990135560557800 saw radiation_level.Green
2026-01-27 16:47:23,593 - varanus - INFO - In state 18113990135560557800 saw radiation_level.Green
2026-01-27 16:47:23,593 - varanus - INFO - In state 18113990135560557800 saw radiation_level.Green
2026-01-27 16:47:23,594 - varanus - INFO - In state 18113990135560557800 saw radiation_level.Green
2026-01-27 16:47:23,594 - varanus - INFO - In state 18113990135560557800 saw radiation_level.Green
2026-01-27 16:47:23,595 - varanus - INFO - In state 18113990135560557800 saw radiation_level.Green
2026-01-27 16:47:23,595 - varanus - INFO - In state 18113990135560557800 saw radiation_level.Green
2026-01-27 16:47:23,595 - varanus - INFO - In state 18113990135560557800 saw radiation_level.Green
2026-01-27 16:47:23,596 - varanus - INFO - In state 18113990135560557800 saw radiation_level.Green
2026-01-27 16:47:23,596 - varanus - INFO - In state 18113990135560557800 saw radiation_level.Green
2026-01-27 16:47:23,596 - varanus - INFO - In state 18113990135560557800 saw radiation_level.Green
2026-01-27 16:47:23,597 - varanus - INFO - In state 18113990135560557800 saw radiation_level.Green
2026-01-27 16:47:23,597 - varanus - INFO - In state 18113990135560557800 saw radiation_level.Green
2026-01-27 16:47:23,598 - varanus - INFO - In state 18113990135560557800 saw radiation_level.Green
2026-01-27 16:47:23,598 - varanus - INFO - In state 18113990135560557800 saw arrived_at.4
2026-01-27 16:47:23,598 - varanus - INFO - In state 5125245401906001979 saw radiation_level.Green
2026-01-27 16:47:23,599 - varanus - INFO - In state 5125245401906001979 saw inspect.4
2026-01-27 16:47:23,599 - varanus - INFO - In state 16977269308034314985 saw radiation_level.Green
2026-01-27 16:47:23,600 - varanus - INFO - In state 16977269308034314985 saw radiation_level.Green
2026-01-27 16:47:23,600 - varanus - INFO - In state 16977269308034314985 saw inspected.4
2026-01-27 16:47:23,601 - varanus - INFO - In state 7969116358531300304 saw radiation_level.Green
2026-01-27 16:47:23,601 - varanus - INFO - In state 7969116358531300304 saw move.5
2026-01-27 16:47:23,601 - varanus - INFO - In state 14259182326962537126 saw radiation_level.Green
2026-01-27 16:47:23,602 - varanus - INFO - In state 14259182326962537126 saw radiation_level.Green
2026-01-27 16:47:23,602 - varanus - INFO - In state 14259182326962537126 saw radiation_level.Green
2026-01-27 16:47:23,602 - varanus - INFO - In state 14259182326962537126 saw radiation_level.Green
2026-01-27 16:47:23,603 - varanus - INFO - In state 14259182326962537126 saw radiation_level.Green
2026-01-27 16:47:23,603 - varanus - INFO - In state 14259182326962537126 saw radiation_level.Green
2026-01-27 16:47:23,604 - varanus - INFO - In state 14259182326962537126 saw radiation_level.Green
2026-01-27 16:47:23,604 - varanus - INFO - In state 14259182326962537126 saw radiation_level.Green
2026-01-27 16:47:23,604 - varanus - INFO - In state 14259182326962537126 saw radiation_level.Green
2026-01-27 16:47:23,605 - varanus - INFO - In state 14259182326962537126 saw radiation_level.Green
2026-01-27 16:47:23,605 - varanus - INFO - In state 14259182326962537126 saw radiation_level.Green
2026-01-27 16:47:23,606 - varanus - INFO - In state 14259182326962537126 saw radiation_level.Green
2026-01-27 16:47:23,606 - varanus - INFO - In state 14259182326962537126 saw arrived_at.5
2026-01-27 16:47:23,606 - varanus - INFO - In state 5964836128005976074 saw radiation_level.Green
2026-01-27 16:47:23,607 - varanus - INFO - In state 5964836128005976074 saw inspect.5
2026-01-27 16:47:23,607 - varanus - INFO - In state 2497360490192324208 saw radiation_level.Green
2026-01-27 16:47:23,608 - varanus - INFO - In state 2497360490192324208 saw radiation_level.Green
2026-01-27 16:47:23,608 - varanus - INFO - In state 2497360490192324208 saw inspected.5
2026-01-27 16:47:23,608 - varanus - INFO - In state 6885406471930127325 saw radiation_level.Green
2026-01-27 16:47:23,609 - varanus - INFO - In state 6885406471930127325 saw radiation_level.Green
2026-01-27 16:47:23,609 - varanus - INFO - In state 6885406471930127325 saw radiation_level.Green
2026-01-27 16:47:23,610 - varanus - INFO - In state 6885406471930127325 saw move.0
2026-01-27 16:47:23,610 - varanus - INFO - In state 8074625055225453823 saw radiation_level.Green
2026-01-27 16:47:23,610 - varanus - INFO - In state 8074625055225453823 saw radiation_level.Green
2026-01-27 16:47:23,611 - varanus - INFO - In state 8074625055225453823 saw radiation_level.Green
2026-01-27 16:47:23,611 - varanus - INFO - In state 8074625055225453823 saw radiation_level.Green
2026-01-27 16:47:23,612 - varanus - INFO - In state 8074625055225453823 saw radiation_level.Green
2026-01-27 16:47:23,612 - varanus - INFO - In state 8074625055225453823 saw radiation_level.Green
2026-01-27 16:47:23,612 - varanus - INFO - In state 8074625055225453823 saw radiation_level.Green
2026-01-27 16:47:23,613 - varanus - INFO - In state 8074625055225453823 saw radiation_level.Green
2026-01-27 16:47:23,613 - varanus - INFO - In state 8074625055225453823 saw radiation_level.Green
2026-01-27 16:47:23,614 - varanus - INFO - In state 8074625055225453823 saw radiation_level.Green
2026-01-27 16:47:23,614 - varanus - INFO - In state 8074625055225453823 saw radiation_level.Green
2026-01-27 16:47:23,614 - varanus - INFO - In state 8074625055225453823 saw radiation_level.Green
2026-01-27 16:47:23,615 - varanus - INFO - In state 8074625055225453823 saw radiation_level.Green
2026-01-27 16:47:23,615 - varanus - INFO - In state 8074625055225453823 saw radiation_level.Green
2026-01-27 16:47:23,616 - varanus - INFO - In state 8074625055225453823 saw radiation_level.Green
2026-01-27 16:47:23,616 - varanus - INFO - In state 8074625055225453823 saw radiation_level.Green
2026-01-27 16:47:23,616 - varanus - INFO - In state 8074625055225453823 saw radiation_level.Green
2026-01-27 16:47:23,617 - varanus - INFO - In state 8074625055225453823 saw arrived_at.0
2026-01-27 16:47:23,617 - varanus - INFO - In state 5557364616738331925 saw radiation_level.Green
2026-01-27 16:47:23,617 - varanus - INFO - Trace file finished with no violations
2026-01-27 16:47:23,620 - varanus - INFO - +++ Build Time: 			1.07475996017s +++
2026-01-27 16:47:23,620 - varanus - INFO - +++ Check Time: 			0.11693406105s +++
2026-01-27 16:47:23,620 - varanus - INFO - +++ Average Transition Time: 	0.000410925165266s (233 events) +++
2026-01-27 16:47:23,620 - varanus - INFO - +++ Total Time: 			1.2180788517s +++
