2026-01-27 16:47:35,615 - varanus - INFO - +++ Testing rover_model_ras_pass +++
2026-01-27 16:47:35,615 - varanus - INFO - Preprocessing...
2026-01-27 16:47:35,615 - varanus - INFO - Preprocessing: pass
2026-01-27 16:47:35,615 - varanus - INFO - +++ Running Offline +++
2026-01-27 16:47:35,642 - varanus - INFO - Building CSP State Machine. Please Wait
2026-01-27 16:47:36,431 - varanus - INFO - Building CSP State Machine
2026-01-27 16:47:36,591 - varanus - INFO - +++ checking that ROVER_SYSTEM is deterministic with given alphabets +++
2026-01-27 16:47:36,591 - varanus - INFO - +++ starting monitoring against ROVER_SYSTEM +++
2026-01-27 16:47:36,592 - varanus - INFO - +++ Running Offline -- Using State Machine +++
2026-01-27 16:47:36,592 - varanus - INFO - Parsing trace file at: oracles/inspection-rover-ras/trace-json-pass.txt
2026-01-27 16:47:36,604 - varanus - INFO - Parsed trace file OK
2026-01-27 16:47:36,604 - varanus - INFO - Checking trace file: oracles/inspection-rover-ras/trace-json-pass.txt
2026-01-27 16:47:36,605 - varanus - INFO - In state 17976143188387390655 saw radiation_level.Green
2026-01-27 16:47:36,605 - varanus - INFO - In state 17976143188387390655 saw radiation_level.Green
2026-01-27 16:47:36,605 - varanus - INFO - In state 17976143188387390655 saw radiation_level.Green
2026-01-27 16:47:36,606 - varanus - INFO - In state 17976143188387390655 saw radiation_level.Green
2026-01-27 16:47:36,606 - varanus - INFO - In state 17976143188387390655 saw radiation_level.Green
2026-01-27 16:47:36,607 - varanus - INFO - In state 17976143188387390655 saw radiation_level.Green
2026-01-27 16:47:36,607 - varanus - INFO - In state 17976143188387390655 saw radiation_level.Green
2026-01-27 16:47:36,607 - varanus - INFO - In state 17976143188387390655 saw radiation_level.Green
2026-01-27 16:47:36,608 - varanus - INFO - In state 17976143188387390655 saw radiation_level.Green
2026-01-27 16:47:36,608 - varanus - INFO - In state 17976143188387390655 saw radiation_level.Green
2026-01-27 16:47:36,609 - varanus - INFO - In state 17976143188387390655 saw radiation_level.Green
2026-01-27 16:47:36,609 - varanus - INFO - In state 17976143188387390655 saw radiation_level.Green
2026-01-27 16:47:36,610 - varanus - INFO - In state 17976143188387390655 saw radiation_level.Green
2026-01-27 16:47:36,610 - varanus - INFO - In state 17976143188387390655 saw radiation_level.Green
2026-01-27 16:47:36,610 - varanus - INFO - In state 17976143188387390655 saw radiation_level.Green
2026-01-27 16:47:36,611 - varanus - INFO - In state 17976143188387390655 saw radiation_level.Green
2026-01-27 16:47:36,611 - varanus - INFO - In state 17976143188387390655 saw radiation_level.Green
2026-01-27 16:47:36,612 - varanus - INFO - In state 17976143188387390655 saw radiation_level.Green
2026-01-27 16:47:36,612 - varanus - INFO - In state 17976143188387390655 saw radiation_level.Green
2026-01-27 16:47:36,612 - varanus - INFO - In state 17976143188387390655 saw radiation_level.Green
2026-01-27 16:47:36,613 - varanus - INFO - In state 17976143188387390655 saw radiation_level.Green
2026-01-27 16:47:36,613 - varanus - INFO - In state 17976143188387390655 saw radiation_level.Green
2026-01-27 16:47:36,614 - varanus - INFO - In state 17976143188387390655 saw radiation_level.Green
2026-01-27 16:47:36,614 - varanus - INFO - In state 17976143188387390655 saw radiation_level.Green
2026-01-27 16:47:36,615 - varanus - INFO - In state 17976143188387390655 saw radiation_level.Green
2026-01-27 16:47:36,615 - varanus - INFO - In state 17976143188387390655 saw radiation_level.Green
2026-01-27 16:47:36,615 - varanus - INFO - In state 17976143188387390655 saw radiation_level.Green
2026-01-27 16:47:36,616 - varanus - INFO - In state 17976143188387390655 saw radiation_level.Green
2026-01-27 16:47:36,616 - varanus - INFO - In state 17976143188387390655 saw radiation_level.Green
2026-01-27 16:47:36,616 - varanus - INFO - In state 17976143188387390655 saw radiation_level.Green
2026-01-27 16:47:36,617 - varanus - INFO - In state 17976143188387390655 saw radiation_level.Green
2026-01-27 16:47:36,617 - varanus - INFO - In state 17976143188387390655 saw radiation_level.Green
2026-01-27 16:47:36,618 - varanus - INFO - In state 17976143188387390655 saw radiation_level.Green
2026-01-27 16:47:36,618 - varanus - INFO - In state 17976143188387390655 saw radiation_level.Green
2026-01-27 16:47:36,618 - varanus - INFO - In state 17976143188387390655 saw radiation_level.Green
2026-01-27 16:47:36,619 - varanus - INFO - In state 17976143188387390655 saw radiation_level.Green
2026-01-27 16:47:36,619 - varanus - INFO - In state 17976143188387390655 saw radiation_level.Green
2026-01-27 16:47:36,620 - varanus - INFO - In state 17976143188387390655 saw radiation_level.Green
2026-01-27 16:47:36,620 - varanus - INFO - In state 17976143188387390655 saw radiation_level.Green
2026-01-27 16:47:36,621 - varanus - INFO - In state 17976143188387390655 saw radiation_level.Green
2026-01-27 16:47:36,621 - varanus - INFO - In state 17976143188387390655 saw radiation_level.Green
2026-01-27 16:47:36,621 - varanus - INFO - In state 17976143188387390655 saw radiation_level.Green
2026-01-27 16:47:36,622 - varanus - INFO - In state 17976143188387390655 saw radiation_level.Green
2026-01-27 16:47:36,622 - varanus - INFO - In state 17976143188387390655 saw radiation_level.Green
2026-01-27 16:47:36,622 - varanus - INFO - In state 17976143188387390655 saw radiation_level.Green
2026-01-27 16:47:36,623 - varanus - INFO - In state 17976143188387390655 saw radiation_level.Green
2026-01-27 16:47:36,623 - varanus - INFO - In state 17976143188387390655 saw radiation_level.Green
2026-01-27 16:47:36,624 - varanus - INFO - In state 17976143188387390655 saw radiation_level.Green
2026-01-27 16:47:36,624 - varanus - INFO - In state 17976143188387390655 saw radiation_level.Green
2026-01-27 16:47:36,624 - varanus - INFO - In state 17976143188387390655 saw radiation_level.Green
2026-01-27 16:47:36,625 - varanus - INFO - In state 17976143188387390655 saw radiation_level.Green
2026-01-27 16:47:36,625 - varanus - INFO - In state 17976143188387390655 saw radiation_level.Green
2026-01-27 16:47:36,626 - varanus - INFO - In state 17976143188387390655 saw radiation_level.Green
2026-01-27 16:47:36,626 - varanus - INFO - In state 17976143188387390655 saw radiation_level.Green
2026-01-27 16:47:36,626 - varanus - INFO - In state 17976143188387390655 saw radiation_level.Green
2026-01-27 16:47:36,627 - varanus - INFO - In state 17976143188387390655 saw radiation_level.Green
2026-01-27 16:47:36,627 - varanus - INFO - In state 17976143188387390655 saw radiation_level.Green
2026-01-27 16:47:36,628 - varanus - INFO - In state 17976143188387390655 saw radiation_level.Green
2026-01-27 16:47:36,628 - varanus - INFO - In state 17976143188387390655 saw radiation_level.Green
2026-01-27 16:47:36,628 - varanus - INFO - In state 17976143188387390655 saw radiation_level.Green
2026-01-27 16:47:36,629 - varanus - INFO - In state 17976143188387390655 saw radiation_level.Green
2026-01-27 16:47:36,629 - varanus - INFO - In state 17976143188387390655 saw radiation_level.Green
2026-01-27 16:47:36,630 - varanus - INFO - In state 17976143188387390655 saw radiation_level.Green
2026-01-27 16:47:36,630 - varanus - INFO - In state 17976143188387390655 saw radiation_level.Green
2026-01-27 16:47:36,630 - varanus - INFO - In state 17976143188387390655 saw radiation_level.Green
2026-01-27 16:47:36,631 - varanus - INFO - In state 17976143188387390655 saw radiation_level.Green
2026-01-27 16:47:36,631 - varanus - INFO - In state 17976143188387390655 saw radiation_level.Green
2026-01-27 16:47:36,632 - varanus - INFO - In state 17976143188387390655 saw radiation_level.Green
2026-01-27 16:47:36,632 - varanus - INFO - In state 17976143188387390655 saw radiation_level.Green
2026-01-27 16:47:36,633 - varanus - INFO - In state 17976143188387390655 saw radiation_level.Green
2026-01-27 16:47:36,633 - varanus - INFO - In state 17976143188387390655 saw radiation_level.Green
2026-01-27 16:47:36,633 - varanus - INFO - In state 17976143188387390655 saw radiation_level.Green
2026-01-27 16:47:36,634 - varanus - INFO - In state 17976143188387390655 saw radiation_level.Green
2026-01-27 16:47:36,634 - varanus - INFO - In state 17976143188387390655 saw move.1
2026-01-27 16:47:36,635 - varanus - INFO - In state 2681491882390849628 saw radiation_level.Green
2026-01-27 16:47:36,635 - varanus - INFO - In state 2681491882390849628 saw radiation_level.Green
2026-01-27 16:47:36,635 - varanus - INFO - In state 2681491882390849628 saw radiation_level.Green
2026-01-27 16:47:36,636 - varanus - INFO - In state 2681491882390849628 saw radiation_level.Green
2026-01-27 16:47:36,636 - varanus - INFO - In state 2681491882390849628 saw radiation_level.Green
2026-01-27 16:47:36,637 - varanus - INFO - In state 2681491882390849628 saw radiation_level.Green
2026-01-27 16:47:36,637 - varanus - INFO - In state 2681491882390849628 saw radiation_level.Green
2026-01-27 16:47:36,637 - varanus - INFO - In state 2681491882390849628 saw radiation_level.Green
2026-01-27 16:47:36,638 - varanus - INFO - In state 2681491882390849628 saw radiation_level.Green
2026-01-27 16:47:36,638 - varanus - INFO - In state 2681491882390849628 saw radiation_level.Green
2026-01-27 16:47:36,639 - varanus - INFO - In state 2681491882390849628 saw radiation_level.Green
2026-01-27 16:47:36,639 - varanus - INFO - In state 2681491882390849628 saw radiation_level.Green
2026-01-27 16:47:36,640 - varanus - INFO - In state 2681491882390849628 saw radiation_level.Green
2026-01-27 16:47:36,640 - varanus - INFO - In state 2681491882390849628 saw radiation_level.Green
2026-01-27 16:47:36,641 - varanus - INFO - In state 2681491882390849628 saw radiation_level.Green
2026-01-27 16:47:36,641 - varanus - INFO - In state 2681491882390849628 saw radiation_level.Green
2026-01-27 16:47:36,641 - varanus - INFO - In state 2681491882390849628 saw radiation_level.Green
2026-01-27 16:47:36,642 - varanus - INFO - In state 2681491882390849628 saw arrived_at.1
2026-01-27 16:47:36,650 - varanus - INFO - In state 4838965131539084411 saw radiation_level.Green
2026-01-27 16:47:36,651 - varanus - INFO - In state 4838965131539084411 saw inspect.1
2026-01-27 16:47:36,651 - varanus - INFO - In state 15366558349166237975 saw radiation_level.Green
2026-01-27 16:47:36,652 - varanus - INFO - In state 15366558349166237975 saw radiation_level.Green
2026-01-27 16:47:36,652 - varanus - INFO - In state 15366558349166237975 saw radiation_level.Green
2026-01-27 16:47:36,652 - varanus - INFO - In state 15366558349166237975 saw inspected.1
2026-01-27 16:47:36,653 - varanus - INFO - In state 4934536404935645896 saw radiation_level.Green
2026-01-27 16:47:36,653 - varanus - INFO - In state 4934536404935645896 saw move.2
2026-01-27 16:47:36,654 - varanus - INFO - In state 10299127975201442196 saw radiation_level.Green
2026-01-27 16:47:36,654 - varanus - INFO - In state 10299127975201442196 saw radiation_level.Green
2026-01-27 16:47:36,654 - varanus - INFO - In state 10299127975201442196 saw radiation_level.Green
2026-01-27 16:47:36,655 - varanus - INFO - In state 10299127975201442196 saw radiation_level.Green
2026-01-27 16:47:36,655 - varanus - INFO - In state 10299127975201442196 saw radiation_level.Green
2026-01-27 16:47:36,656 - varanus - INFO - In state 10299127975201442196 saw radiation_level.Green
2026-01-27 16:47:36,656 - varanus - INFO - In state 10299127975201442196 saw radiation_level.Green
2026-01-27 16:47:36,656 - varanus - INFO - In state 10299127975201442196 saw radiation_level.Green
2026-01-27 16:47:36,657 - varanus - INFO - In state 10299127975201442196 saw radiation_level.Green
2026-01-27 16:47:36,657 - varanus - INFO - In state 10299127975201442196 saw radiation_level.Green
2026-01-27 16:47:36,658 - varanus - INFO - In state 10299127975201442196 saw radiation_level.Green
2026-01-27 16:47:36,658 - varanus - INFO - In state 10299127975201442196 saw radiation_level.Green
2026-01-27 16:47:36,658 - varanus - INFO - In state 10299127975201442196 saw radiation_level.Green
2026-01-27 16:47:36,659 - varanus - INFO - In state 10299127975201442196 saw radiation_level.Green
2026-01-27 16:47:36,659 - varanus - INFO - In state 10299127975201442196 saw radiation_level.Green
2026-01-27 16:47:36,660 - varanus - INFO - In state 10299127975201442196 saw radiation_level.Green
2026-01-27 16:47:36,660 - varanus - INFO - In state 10299127975201442196 saw radiation_level.Green
2026-01-27 16:47:36,661 - varanus - INFO - In state 10299127975201442196 saw radiation_level.Green
2026-01-27 16:47:36,661 - varanus - INFO - In state 10299127975201442196 saw radiation_level.Green
2026-01-27 16:47:36,661 - varanus - INFO - In state 10299127975201442196 saw radiation_level.Green
2026-01-27 16:47:36,662 - varanus - INFO - In state 10299127975201442196 saw radiation_level.Green
2026-01-27 16:47:36,662 - varanus - INFO - In state 10299127975201442196 saw radiation_level.Green
2026-01-27 16:47:36,663 - varanus - INFO - In state 10299127975201442196 saw radiation_level.Green
2026-01-27 16:47:36,663 - varanus - INFO - In state 10299127975201442196 saw radiation_level.Green
2026-01-27 16:47:36,664 - varanus - INFO - In state 10299127975201442196 saw radiation_level.Green
2026-01-27 16:47:36,664 - varanus - INFO - In state 10299127975201442196 saw radiation_level.Green
2026-01-27 16:47:36,664 - varanus - INFO - In state 10299127975201442196 saw arrived_at.2
2026-01-27 16:47:36,665 - varanus - INFO - In state 8606736006536026831 saw radiation_level.Green
2026-01-27 16:47:36,665 - varanus - INFO - In state 8606736006536026831 saw inspect.2
2026-01-27 16:47:36,666 - varanus - INFO - In state 9874926409750488651 saw radiation_level.Green
2026-01-27 16:47:36,666 - varanus - INFO - In state 9874926409750488651 saw radiation_level.Green
2026-01-27 16:47:36,666 - varanus - INFO - In state 9874926409750488651 saw radiation_level.Green
2026-01-27 16:47:36,667 - varanus - INFO - In state 9874926409750488651 saw inspected.2
2026-01-27 16:47:36,667 - varanus - INFO - In state 1002990068859250494 saw move.3
2026-01-27 16:47:36,668 - varanus - INFO - In state 848502878028662445 saw radiation_level.Green
2026-01-27 16:47:36,668 - varanus - INFO - In state 848502878028662445 saw radiation_level.Green
2026-01-27 16:47:36,669 - varanus - INFO - In state 848502878028662445 saw radiation_level.Green
2026-01-27 16:47:36,669 - varanus - INFO - In state 848502878028662445 saw radiation_level.Green
2026-01-27 16:47:36,669 - varanus - INFO - In state 848502878028662445 saw radiation_level.Green
2026-01-27 16:47:36,670 - varanus - INFO - In state 848502878028662445 saw radiation_level.Green
2026-01-27 16:47:36,670 - varanus - INFO - In state 848502878028662445 saw radiation_level.Green
2026-01-27 16:47:36,671 - varanus - INFO - In state 848502878028662445 saw radiation_level.Green
2026-01-27 16:47:36,671 - varanus - INFO - In state 848502878028662445 saw radiation_level.Green
2026-01-27 16:47:36,671 - varanus - INFO - In state 848502878028662445 saw radiation_level.Green
2026-01-27 16:47:36,672 - varanus - INFO - In state 848502878028662445 saw radiation_level.Green
2026-01-27 16:47:36,672 - varanus - INFO - In state 848502878028662445 saw radiation_level.Green
2026-01-27 16:47:36,673 - varanus - INFO - In state 848502878028662445 saw radiation_level.Green
2026-01-27 16:47:36,673 - varanus - INFO - In state 848502878028662445 saw radiation_level.Green
2026-01-27 16:47:36,673 - varanus - INFO - In state 848502878028662445 saw radiation_level.Green
2026-01-27 16:47:36,674 - varanus - INFO - In state 848502878028662445 saw radiation_level.Green
2026-01-27 16:47:36,674 - varanus - INFO - In state 848502878028662445 saw radiation_level.Green
2026-01-27 16:47:36,675 - varanus - INFO - In state 848502878028662445 saw radiation_level.Green
2026-01-27 16:47:36,675 - varanus - INFO - In state 848502878028662445 saw radiation_level.Green
2026-01-27 16:47:36,675 - varanus - INFO - In state 848502878028662445 saw arrived_at.3
2026-01-27 16:47:36,676 - varanus - INFO - In state 18358507212355868629 saw inspect.3
2026-01-27 16:47:36,676 - varanus - INFO - In state 8937319153557804027 saw radiation_level.Green
2026-01-27 16:47:36,677 - varanus - INFO - In state 8937319153557804027 saw radiation_level.Green
2026-01-27 16:47:36,677 - varanus - INFO - In state 8937319153557804027 saw radiation_level.Green
2026-01-27 16:47:36,678 - varanus - INFO - In state 8937319153557804027 saw inspected.3
2026-01-27 16:47:36,678 - varanus - INFO - In state 6125819018793330642 saw radiation_level.Green
2026-01-27 16:47:36,678 - varanus - INFO - In state 6125819018793330642 saw move.4
2026-01-27 16:47:36,679 - varanus - INFO - In state 18113990135560557800 saw radiation_level.Green
2026-01-27 16:47:36,679 - varanus - INFO - In state 18113990135560557800 saw radiation_level.Green
2026-01-27 16:47:36,680 - varanus - INFO - In state 18113990135560557800 saw radiation_level.Green
2026-01-27 16:47:36,680 - varanus - INFO - In state 18113990135560557800 saw radiation_level.Green
2026-01-27 16:47:36,680 - varanus - INFO - In state 18113990135560557800 saw radiation_level.Green
2026-01-27 16:47:36,681 - varanus - INFO - In state 18113990135560557800 saw radiation_level.Green
2026-01-27 16:47:36,681 - varanus - INFO - In state 18113990135560557800 saw radiation_level.Green
2026-01-27 16:47:36,682 - varanus - INFO - In state 18113990135560557800 saw radiation_level.Green
2026-01-27 16:47:36,682 - varanus - INFO - In state 18113990135560557800 saw radiation_level.Green
2026-01-27 16:47:36,682 - varanus - INFO - In state 18113990135560557800 saw radiation_level.Green
2026-01-27 16:47:36,683 - varanus - INFO - In state 18113990135560557800 saw radiation_level.Green
2026-01-27 16:47:36,683 - varanus - INFO - In state 18113990135560557800 saw radiation_level.Green
2026-01-27 16:47:36,684 - varanus - INFO - In state 18113990135560557800 saw radiation_level.Green
2026-01-27 16:47:36,684 - varanus - INFO - In state 18113990135560557800 saw radiation_level.Green
2026-01-27 16:47:36,685 - varanus - INFO - In state 18113990135560557800 saw radiation_level.Green
2026-01-27 16:47:36,685 - varanus - INFO - In state 18113990135560557800 saw radiation_level.Green
2026-01-27 16:47:36,685 - varanus - INFO - In state 18113990135560557800 saw radiation_level.Green
2026-01-27 16:47:36,686 - varanus - INFO - In state 18113990135560557800 saw radiation_level.Green
2026-01-27 16:47:36,686 - varanus - INFO - In state 18113990135560557800 saw radiation_level.Green
2026-01-27 16:47:36,687 - varanus - INFO - In state 18113990135560557800 saw radiation_level.Green
2026-01-27 16:47:36,687 - varanus - INFO - In state 18113990135560557800 saw radiation_level.Green
2026-01-27 16:47:36,687 - varanus - INFO - In state 18113990135560557800 saw radiation_level.Green
2026-01-27 16:47:36,688 - varanus - INFO - In state 18113990135560557800 saw radiation_level.Green
2026-01-27 16:47:36,688 - varanus - INFO - In state 18113990135560557800 saw arrived_at.4
2026-01-27 16:47:36,689 - varanus - INFO - In state 5125245401906001979 saw radiation_level.Green
2026-01-27 16:47:36,689 - varanus - INFO - In state 5125245401906001979 saw inspect.4
2026-01-27 16:47:36,689 - varanus - INFO - In state 16977269308034314985 saw radiation_level.Green
2026-01-27 16:47:36,690 - varanus - INFO - In state 16977269308034314985 saw radiation_level.Green
2026-01-27 16:47:36,690 - varanus - INFO - In state 16977269308034314985 saw inspected.4
2026-01-27 16:47:36,691 - varanus - INFO - In state 7969116358531300304 saw radiation_level.Green
2026-01-27 16:47:36,691 - varanus - INFO - In state 7969116358531300304 saw move.5
2026-01-27 16:47:36,692 - varanus - INFO - In state 14259182326962537126 saw radiation_level.Green
2026-01-27 16:47:36,692 - varanus - INFO - In state 14259182326962537126 saw radiation_level.Green
2026-01-27 16:47:36,692 - varanus - INFO - In state 14259182326962537126 saw radiation_level.Green
2026-01-27 16:47:36,693 - varanus - INFO - In state 14259182326962537126 saw radiation_level.Green
2026-01-27 16:47:36,693 - varanus - INFO - In state 14259182326962537126 saw radiation_level.Green
2026-01-27 16:47:36,694 - varanus - INFO - In state 14259182326962537126 saw radiation_level.Green
2026-01-27 16:47:36,694 - varanus - INFO - In state 14259182326962537126 saw radiation_level.Green
2026-01-27 16:47:36,694 - varanus - INFO - In state 14259182326962537126 saw radiation_level.Green
2026-01-27 16:47:36,695 - varanus - INFO - In state 14259182326962537126 saw radiation_level.Green
2026-01-27 16:47:36,695 - varanus - INFO - In state 14259182326962537126 saw radiation_level.Green
2026-01-27 16:47:36,696 - varanus - INFO - In state 14259182326962537126 saw radiation_level.Green
2026-01-27 16:47:36,696 - varanus - INFO - In state 14259182326962537126 saw radiation_level.Green
2026-01-27 16:47:36,696 - varanus - INFO - In state 14259182326962537126 saw arrived_at.5
2026-01-27 16:47:36,697 - varanus - INFO - In state 5964836128005976074 saw radiation_level.Green
2026-01-27 16:47:36,697 - varanus - INFO - In state 5964836128005976074 saw inspect.5
2026-01-27 16:47:36,698 - varanus - INFO - In state 2497360490192324208 saw radiation_level.Green
2026-01-27 16:47:36,698 - varanus - INFO - In state 2497360490192324208 saw radiation_level.Green
2026-01-27 16:47:36,698 - varanus - INFO - In state 2497360490192324208 saw inspected.5
2026-01-27 16:47:36,699 - varanus - INFO - In state 6885406471930127325 saw radiation_level.Green
2026-01-27 16:47:36,699 - varanus - INFO - In state 6885406471930127325 saw radiation_level.Green
2026-01-27 16:47:36,700 - varanus - INFO - In state 6885406471930127325 saw radiation_level.Green
2026-01-27 16:47:36,700 - varanus - INFO - In state 6885406471930127325 saw move.0
2026-01-27 16:47:36,701 - varanus - INFO - In state 8074625055225453823 saw radiation_level.Green
2026-01-27 16:47:36,701 - varanus - INFO - In state 8074625055225453823 saw radiation_level.Green
2026-01-27 16:47:36,701 - varanus - INFO - In state 8074625055225453823 saw radiation_level.Green
2026-01-27 16:47:36,702 - varanus - INFO - In state 8074625055225453823 saw radiation_level.Green
2026-01-27 16:47:36,702 - varanus - INFO - In state 8074625055225453823 saw radiation_level.Green
2026-01-27 16:47:36,703 - varanus - INFO - In state 8074625055225453823 saw radiation_level.Green
2026-01-27 16:47:36,703 - varanus - INFO - In state 8074625055225453823 saw radiation_level.Green
2026-01-27 16:47:36,703 - varanus - INFO - In state 8074625055225453823 saw radiation_level.Green
2026-01-27 16:47:36,704 - varanus - INFO - In state 8074625055225453823 saw radiation_level.Green
2026-01-27 16:47:36,704 - varanus - INFO - In state 8074625055225453823 saw radiation_level.Green
2026-01-27 16:47:36,705 - varanus - INFO - In state 8074625055225453823 saw radiation_level.Green
2026-01-27 16:47:36,705 - varanus - INFO - In state 8074625055225453823 saw radiation_level.Green
2026-01-27 16:47:36,705 - varanus - INFO - In state 8074625055225453823 saw radiation_level.Green
2026-01-27 16:47:36,706 - varanus - INFO - In state 8074625055225453823 saw radiation_level.Green
2026-01-27 16:47:36,706 - varanus - INFO - In state 8074625055225453823 saw radiation_level.Green
2026-01-27 16:47:36,706 - varanus - INFO - In state 8074625055225453823 saw radiation_level.Green
2026-01-27 16:47:36,707 - varanus - INFO - In state 8074625055225453823 saw radiation_level.Green
2026-01-27 16:47:36,707 - varanus - INFO - In state 8074625055225453823 saw arrived_at.0
2026-01-27 16:47:36,707 - varanus - INFO - In state 5557364616738331925 saw radiation_level.Green
2026-01-27 16:47:36,708 - varanus - INFO - Trace file finished with no violations
2026-01-27 16:47:36,710 - varanus - INFO - +++ Build Time: 			0.949773073196s +++
2026-01-27 16:47:36,710 - varanus - INFO - +++ Check Time: 			0.11630320549s +++
2026-01-27 16:47:36,710 - varanus - INFO - +++ Average Transition Time: 	0.000437390650802s (233 events) +++
2026-01-27 16:47:36,710 - varanus - INFO - +++ Total Time: 			1.09273505211s +++
