2026-01-27 16:47:18,723 - varanus - INFO - +++ Testing rover_model_ras_pass +++
2026-01-27 16:47:18,723 - varanus - INFO - Preprocessing...
2026-01-27 16:47:18,723 - varanus - INFO - Preprocessing: pass
2026-01-27 16:47:18,723 - varanus - INFO - +++ Running Offline +++
2026-01-27 16:47:18,751 - varanus - INFO - Building CSP State Machine. Please Wait
2026-01-27 16:47:19,562 - varanus - INFO - Building CSP State Machine
2026-01-27 16:47:19,777 - varanus - INFO - +++ checking that ROVER_SYSTEM is deterministic with given alphabets +++
2026-01-27 16:47:19,777 - varanus - INFO - +++ starting monitoring against ROVER_SYSTEM +++
2026-01-27 16:47:19,777 - varanus - INFO - +++ Running Offline -- Using State Machine +++
2026-01-27 16:47:19,777 - varanus - INFO - Parsing trace file at: oracles/inspection-rover-ras/trace-json-pass.txt
2026-01-27 16:47:19,791 - varanus - INFO - Parsed trace file OK
2026-01-27 16:47:19,791 - varanus - INFO - Checking trace file: oracles/inspection-rover-ras/trace-json-pass.txt
2026-01-27 16:47:19,791 - varanus - INFO - In state 17976143188387390655 saw radiation_level.Green
2026-01-27 16:47:19,791 - varanus - INFO - In state 17976143188387390655 saw radiation_level.Green
2026-01-27 16:47:19,792 - varanus - INFO - In state 17976143188387390655 saw radiation_level.Green
2026-01-27 16:47:19,792 - varanus - INFO - In state 17976143188387390655 saw radiation_level.Green
2026-01-27 16:47:19,792 - varanus - INFO - In state 17976143188387390655 saw radiation_level.Green
2026-01-27 16:47:19,793 - varanus - INFO - In state 17976143188387390655 saw radiation_level.Green
2026-01-27 16:47:19,793 - varanus - INFO - In state 17976143188387390655 saw radiation_level.Green
2026-01-27 16:47:19,793 - varanus - INFO - In state 17976143188387390655 saw radiation_level.Green
2026-01-27 16:47:19,793 - varanus - INFO - In state 17976143188387390655 saw radiation_level.Green
2026-01-27 16:47:19,794 - varanus - INFO - In state 17976143188387390655 saw radiation_level.Green
2026-01-27 16:47:19,794 - varanus - INFO - In state 17976143188387390655 saw radiation_level.Green
2026-01-27 16:47:19,794 - varanus - INFO - In state 17976143188387390655 saw radiation_level.Green
2026-01-27 16:47:19,794 - varanus - INFO - In state 17976143188387390655 saw radiation_level.Green
2026-01-27 16:47:19,795 - varanus - INFO - In state 17976143188387390655 saw radiation_level.Green
2026-01-27 16:47:19,795 - varanus - INFO - In state 17976143188387390655 saw radiation_level.Green
2026-01-27 16:47:19,795 - varanus - INFO - In state 17976143188387390655 saw radiation_level.Green
2026-01-27 16:47:19,795 - varanus - INFO - In state 17976143188387390655 saw radiation_level.Green
2026-01-27 16:47:19,796 - varanus - INFO - In state 17976143188387390655 saw radiation_level.Green
2026-01-27 16:47:19,796 - varanus - INFO - In state 17976143188387390655 saw radiation_level.Green
2026-01-27 16:47:19,796 - varanus - INFO - In state 17976143188387390655 saw radiation_level.Green
2026-01-27 16:47:19,797 - varanus - INFO - In state 17976143188387390655 saw radiation_level.Green
2026-01-27 16:47:19,797 - varanus - INFO - In state 17976143188387390655 saw radiation_level.Green
2026-01-27 16:47:19,797 - varanus - INFO - In state 17976143188387390655 saw radiation_level.Green
2026-01-27 16:47:19,797 - varanus - INFO - In state 17976143188387390655 saw radiation_level.Green
2026-01-27 16:47:19,798 - varanus - INFO - In state 17976143188387390655 saw radiation_level.Green
2026-01-27 16:47:19,798 - varanus - INFO - In state 17976143188387390655 saw radiation_level.Green
2026-01-27 16:47:19,798 - varanus - INFO - In state 17976143188387390655 saw radiation_level.Green
2026-01-27 16:47:19,798 - varanus - INFO - In state 17976143188387390655 saw radiation_level.Green
2026-01-27 16:47:19,799 - varanus - INFO - In state 17976143188387390655 saw radiation_level.Green
2026-01-27 16:47:19,799 - varanus - INFO - In state 17976143188387390655 saw radiation_level.Green
2026-01-27 16:47:19,799 - varanus - INFO - In state 17976143188387390655 saw radiation_level.Green
2026-01-27 16:47:19,799 - varanus - INFO - In state 17976143188387390655 saw radiation_level.Green
2026-01-27 16:47:19,800 - varanus - INFO - In state 17976143188387390655 saw radiation_level.Green
2026-01-27 16:47:19,800 - varanus - INFO - In state 17976143188387390655 saw radiation_level.Green
2026-01-27 16:47:19,800 - varanus - INFO - In state 17976143188387390655 saw radiation_level.Green
2026-01-27 16:47:19,800 - varanus - INFO - In state 17976143188387390655 saw radiation_level.Green
2026-01-27 16:47:19,801 - varanus - INFO - In state 17976143188387390655 saw radiation_level.Green
2026-01-27 16:47:19,801 - varanus - INFO - In state 17976143188387390655 saw radiation_level.Green
2026-01-27 16:47:19,801 - varanus - INFO - In state 17976143188387390655 saw radiation_level.Green
2026-01-27 16:47:19,801 - varanus - INFO - In state 17976143188387390655 saw radiation_level.Green
2026-01-27 16:47:19,802 - varanus - INFO - In state 17976143188387390655 saw radiation_level.Green
2026-01-27 16:47:19,802 - varanus - INFO - In state 17976143188387390655 saw radiation_level.Green
2026-01-27 16:47:19,802 - varanus - INFO - In state 17976143188387390655 saw radiation_level.Green
2026-01-27 16:47:19,802 - varanus - INFO - In state 17976143188387390655 saw radiation_level.Green
2026-01-27 16:47:19,803 - varanus - INFO - In state 17976143188387390655 saw radiation_level.Green
2026-01-27 16:47:19,803 - varanus - INFO - In state 17976143188387390655 saw radiation_level.Green
2026-01-27 16:47:19,804 - varanus - INFO - In state 17976143188387390655 saw radiation_level.Green
2026-01-27 16:47:19,804 - varanus - INFO - In state 17976143188387390655 saw radiation_level.Green
2026-01-27 16:47:19,805 - varanus - INFO - In state 17976143188387390655 saw radiation_level.Green
2026-01-27 16:47:19,805 - varanus - INFO - In state 17976143188387390655 saw radiation_level.Green
2026-01-27 16:47:19,806 - varanus - INFO - In state 17976143188387390655 saw radiation_level.Green
2026-01-27 16:47:19,806 - varanus - INFO - In state 17976143188387390655 saw radiation_level.Green
2026-01-27 16:47:19,807 - varanus - INFO - In state 17976143188387390655 saw radiation_level.Green
2026-01-27 16:47:19,807 - varanus - INFO - In state 17976143188387390655 saw radiation_level.Green
2026-01-27 16:47:19,808 - varanus - INFO - In state 17976143188387390655 saw radiation_level.Green
2026-01-27 16:47:19,808 - varanus - INFO - In state 17976143188387390655 saw radiation_level.Green
2026-01-27 16:47:19,809 - varanus - INFO - In state 17976143188387390655 saw radiation_level.Green
2026-01-27 16:47:19,809 - varanus - INFO - In state 17976143188387390655 saw radiation_level.Green
2026-01-27 16:47:19,810 - varanus - INFO - In state 17976143188387390655 saw radiation_level.Green
2026-01-27 16:47:19,810 - varanus - INFO - In state 17976143188387390655 saw radiation_level.Green
2026-01-27 16:47:19,811 - varanus - INFO - In state 17976143188387390655 saw radiation_level.Green
2026-01-27 16:47:19,811 - varanus - INFO - In state 17976143188387390655 saw radiation_level.Green
2026-01-27 16:47:19,811 - varanus - INFO - In state 17976143188387390655 saw radiation_level.Green
2026-01-27 16:47:19,812 - varanus - INFO - In state 17976143188387390655 saw radiation_level.Green
2026-01-27 16:47:19,812 - varanus - INFO - In state 17976143188387390655 saw radiation_level.Green
2026-01-27 16:47:19,813 - varanus - INFO - In state 17976143188387390655 saw radiation_level.Green
2026-01-27 16:47:19,813 - varanus - INFO - In state 17976143188387390655 saw radiation_level.Green
2026-01-27 16:47:19,814 - varanus - INFO - In state 17976143188387390655 saw radiation_level.Green
2026-01-27 16:47:19,814 - varanus - INFO - In state 17976143188387390655 saw radiation_level.Green
2026-01-27 16:47:19,815 - varanus - INFO - In state 17976143188387390655 saw radiation_level.Green
2026-01-27 16:47:19,815 - varanus - INFO - In state 17976143188387390655 saw radiation_level.Green
2026-01-27 16:47:19,816 - varanus - INFO - In state 17976143188387390655 saw radiation_level.Green
2026-01-27 16:47:19,816 - varanus - INFO - In state 17976143188387390655 saw radiation_level.Green
2026-01-27 16:47:19,817 - varanus - INFO - In state 17976143188387390655 saw move.1
2026-01-27 16:47:19,817 - varanus - INFO - In state 2681491882390849628 saw radiation_level.Green
2026-01-27 16:47:19,817 - varanus - INFO - In state 2681491882390849628 saw radiation_level.Green
2026-01-27 16:47:19,818 - varanus - INFO - In state 2681491882390849628 saw radiation_level.Green
2026-01-27 16:47:19,818 - varanus - INFO - In state 2681491882390849628 saw radiation_level.Green
2026-01-27 16:47:19,819 - varanus - INFO - In state 2681491882390849628 saw radiation_level.Green
2026-01-27 16:47:19,819 - varanus - INFO - In state 2681491882390849628 saw radiation_level.Green
2026-01-27 16:47:19,819 - varanus - INFO - In state 2681491882390849628 saw radiation_level.Green
2026-01-27 16:47:19,823 - varanus - INFO - In state 2681491882390849628 saw radiation_level.Green
2026-01-27 16:47:19,824 - varanus - INFO - In state 2681491882390849628 saw radiation_level.Green
2026-01-27 16:47:19,824 - varanus - INFO - In state 2681491882390849628 saw radiation_level.Green
2026-01-27 16:47:19,825 - varanus - INFO - In state 2681491882390849628 saw radiation_level.Green
2026-01-27 16:47:19,826 - varanus - INFO - In state 2681491882390849628 saw radiation_level.Green
2026-01-27 16:47:19,826 - varanus - INFO - In state 2681491882390849628 saw radiation_level.Green
2026-01-27 16:47:19,826 - varanus - INFO - In state 2681491882390849628 saw radiation_level.Green
2026-01-27 16:47:19,827 - varanus - INFO - In state 2681491882390849628 saw radiation_level.Green
2026-01-27 16:47:19,827 - varanus - INFO - In state 2681491882390849628 saw radiation_level.Green
2026-01-27 16:47:19,828 - varanus - INFO - In state 2681491882390849628 saw radiation_level.Green
2026-01-27 16:47:19,828 - varanus - INFO - In state 2681491882390849628 saw arrived_at.1
2026-01-27 16:47:19,829 - varanus - INFO - In state 4838965131539084411 saw radiation_level.Green
2026-01-27 16:47:19,829 - varanus - INFO - In state 4838965131539084411 saw inspect.1
2026-01-27 16:47:19,830 - varanus - INFO - In state 15366558349166237975 saw radiation_level.Green
2026-01-27 16:47:19,830 - varanus - INFO - In state 15366558349166237975 saw radiation_level.Green
2026-01-27 16:47:19,831 - varanus - INFO - In state 15366558349166237975 saw radiation_level.Green
2026-01-27 16:47:19,831 - varanus - INFO - In state 15366558349166237975 saw inspected.1
2026-01-27 16:47:19,832 - varanus - INFO - In state 4934536404935645896 saw radiation_level.Green
2026-01-27 16:47:19,832 - varanus - INFO - In state 4934536404935645896 saw move.2
2026-01-27 16:47:19,833 - varanus - INFO - In state 10299127975201442196 saw radiation_level.Green
2026-01-27 16:47:19,833 - varanus - INFO - In state 10299127975201442196 saw radiation_level.Green
2026-01-27 16:47:19,833 - varanus - INFO - In state 10299127975201442196 saw radiation_level.Green
2026-01-27 16:47:19,834 - varanus - INFO - In state 10299127975201442196 saw radiation_level.Green
2026-01-27 16:47:19,834 - varanus - INFO - In state 10299127975201442196 saw radiation_level.Green
2026-01-27 16:47:19,835 - varanus - INFO - In state 10299127975201442196 saw radiation_level.Green
2026-01-27 16:47:19,835 - varanus - INFO - In state 10299127975201442196 saw radiation_level.Green
2026-01-27 16:47:19,836 - varanus - INFO - In state 10299127975201442196 saw radiation_level.Green
2026-01-27 16:47:19,836 - varanus - INFO - In state 10299127975201442196 saw radiation_level.Green
2026-01-27 16:47:19,836 - varanus - INFO - In state 10299127975201442196 saw radiation_level.Green
2026-01-27 16:47:19,837 - varanus - INFO - In state 10299127975201442196 saw radiation_level.Green
2026-01-27 16:47:19,837 - varanus - INFO - In state 10299127975201442196 saw radiation_level.Green
2026-01-27 16:47:19,838 - varanus - INFO - In state 10299127975201442196 saw radiation_level.Green
2026-01-27 16:47:19,838 - varanus - INFO - In state 10299127975201442196 saw radiation_level.Green
2026-01-27 16:47:19,839 - varanus - INFO - In state 10299127975201442196 saw radiation_level.Green
2026-01-27 16:47:19,839 - varanus - INFO - In state 10299127975201442196 saw radiation_level.Green
2026-01-27 16:47:19,840 - varanus - INFO - In state 10299127975201442196 saw radiation_level.Green
2026-01-27 16:47:19,840 - varanus - INFO - In state 10299127975201442196 saw radiation_level.Green
2026-01-27 16:47:19,840 - varanus - INFO - In state 10299127975201442196 saw radiation_level.Green
2026-01-27 16:47:19,841 - varanus - INFO - In state 10299127975201442196 saw radiation_level.Green
2026-01-27 16:47:19,841 - varanus - INFO - In state 10299127975201442196 saw radiation_level.Green
2026-01-27 16:47:19,841 - varanus - INFO - In state 10299127975201442196 saw radiation_level.Green
2026-01-27 16:47:19,841 - varanus - INFO - In state 10299127975201442196 saw radiation_level.Green
2026-01-27 16:47:19,842 - varanus - INFO - In state 10299127975201442196 saw radiation_level.Green
2026-01-27 16:47:19,842 - varanus - INFO - In state 10299127975201442196 saw radiation_level.Green
2026-01-27 16:47:19,842 - varanus - INFO - In state 10299127975201442196 saw radiation_level.Green
2026-01-27 16:47:19,842 - varanus - INFO - In state 10299127975201442196 saw arrived_at.2
2026-01-27 16:47:19,843 - varanus - INFO - In state 8606736006536026831 saw radiation_level.Green
2026-01-27 16:47:19,843 - varanus - INFO - In state 8606736006536026831 saw inspect.2
2026-01-27 16:47:19,844 - varanus - INFO - In state 9874926409750488651 saw radiation_level.Green
2026-01-27 16:47:19,844 - varanus - INFO - In state 9874926409750488651 saw radiation_level.Green
2026-01-27 16:47:19,844 - varanus - INFO - In state 9874926409750488651 saw radiation_level.Green
2026-01-27 16:47:19,845 - varanus - INFO - In state 9874926409750488651 saw inspected.2
2026-01-27 16:47:19,845 - varanus - INFO - In state 1002990068859250494 saw move.3
2026-01-27 16:47:19,846 - varanus - INFO - In state 848502878028662445 saw radiation_level.Green
2026-01-27 16:47:19,846 - varanus - INFO - In state 848502878028662445 saw radiation_level.Green
2026-01-27 16:47:19,846 - varanus - INFO - In state 848502878028662445 saw radiation_level.Green
2026-01-27 16:47:19,847 - varanus - INFO - In state 848502878028662445 saw radiation_level.Green
2026-01-27 16:47:19,847 - varanus - INFO - In state 848502878028662445 saw radiation_level.Green
2026-01-27 16:47:19,848 - varanus - INFO - In state 848502878028662445 saw radiation_level.Green
2026-01-27 16:47:19,848 - varanus - INFO - In state 848502878028662445 saw radiation_level.Green
2026-01-27 16:47:19,848 - varanus - INFO - In state 848502878028662445 saw radiation_level.Green
2026-01-27 16:47:19,849 - varanus - INFO - In state 848502878028662445 saw radiation_level.Green
2026-01-27 16:47:19,849 - varanus - INFO - In state 848502878028662445 saw radiation_level.Green
2026-01-27 16:47:19,850 - varanus - INFO - In state 848502878028662445 saw radiation_level.Green
2026-01-27 16:47:19,850 - varanus - INFO - In state 848502878028662445 saw radiation_level.Green
2026-01-27 16:47:19,851 - varanus - INFO - In state 848502878028662445 saw radiation_level.Green
2026-01-27 16:47:19,851 - varanus - INFO - In state 848502878028662445 saw radiation_level.Green
2026-01-27 16:47:19,851 - varanus - INFO - In state 848502878028662445 saw radiation_level.Green
2026-01-27 16:47:19,852 - varanus - INFO - In state 848502878028662445 saw radiation_level.Green
2026-01-27 16:47:19,852 - varanus - INFO - In state 848502878028662445 saw radiation_level.Green
2026-01-27 16:47:19,853 - varanus - INFO - In state 848502878028662445 saw radiation_level.Green
2026-01-27 16:47:19,853 - varanus - INFO - In state 848502878028662445 saw radiation_level.Green
2026-01-27 16:47:19,854 - varanus - INFO - In state 848502878028662445 saw arrived_at.3
2026-01-27 16:47:19,854 - varanus - INFO - In state 18358507212355868629 saw inspect.3
2026-01-27 16:47:19,854 - varanus - INFO - In state 8937319153557804027 saw radiation_level.Green
2026-01-27 16:47:19,855 - varanus - INFO - In state 8937319153557804027 saw radiation_level.Green
2026-01-27 16:47:19,855 - varanus - INFO - In state 8937319153557804027 saw radiation_level.Green
2026-01-27 16:47:19,856 - varanus - INFO - In state 8937319153557804027 saw inspected.3
2026-01-27 16:47:19,856 - varanus - INFO - In state 6125819018793330642 saw radiation_level.Green
2026-01-27 16:47:19,856 - varanus - INFO - In state 6125819018793330642 saw move.4
2026-01-27 16:47:19,857 - varanus - INFO - In state 18113990135560557800 saw radiation_level.Green
2026-01-27 16:47:19,857 - varanus - INFO - In state 18113990135560557800 saw radiation_level.Green
2026-01-27 16:47:19,858 - varanus - INFO - In state 18113990135560557800 saw radiation_level.Green
2026-01-27 16:47:19,858 - varanus - INFO - In state 18113990135560557800 saw radiation_level.Green
2026-01-27 16:47:19,858 - varanus - INFO - In state 18113990135560557800 saw radiation_level.Green
2026-01-27 16:47:19,859 - varanus - INFO - In state 18113990135560557800 saw radiation_level.Green
2026-01-27 16:47:19,859 - varanus - INFO - In state 18113990135560557800 saw radiation_level.Green
2026-01-27 16:47:19,860 - varanus - INFO - In state 18113990135560557800 saw radiation_level.Green
2026-01-27 16:47:19,860 - varanus - INFO - In state 18113990135560557800 saw radiation_level.Green
2026-01-27 16:47:19,860 - varanus - INFO - In state 18113990135560557800 saw radiation_level.Green
2026-01-27 16:47:19,861 - varanus - INFO - In state 18113990135560557800 saw radiation_level.Green
2026-01-27 16:47:19,861 - varanus - INFO - In state 18113990135560557800 saw radiation_level.Green
2026-01-27 16:47:19,862 - varanus - INFO - In state 18113990135560557800 saw radiation_level.Green
2026-01-27 16:47:19,862 - varanus - INFO - In state 18113990135560557800 saw radiation_level.Green
2026-01-27 16:47:19,862 - varanus - INFO - In state 18113990135560557800 saw radiation_level.Green
2026-01-27 16:47:19,863 - varanus - INFO - In state 18113990135560557800 saw radiation_level.Green
2026-01-27 16:47:19,863 - varanus - INFO - In state 18113990135560557800 saw radiation_level.Green
2026-01-27 16:47:19,864 - varanus - INFO - In state 18113990135560557800 saw radiation_level.Green
2026-01-27 16:47:19,864 - varanus - INFO - In state 18113990135560557800 saw radiation_level.Green
2026-01-27 16:47:19,864 - varanus - INFO - In state 18113990135560557800 saw radiation_level.Green
2026-01-27 16:47:19,865 - varanus - INFO - In state 18113990135560557800 saw radiation_level.Green
2026-01-27 16:47:19,865 - varanus - INFO - In state 18113990135560557800 saw radiation_level.Green
2026-01-27 16:47:19,866 - varanus - INFO - In state 18113990135560557800 saw radiation_level.Green
2026-01-27 16:47:19,866 - varanus - INFO - In state 18113990135560557800 saw arrived_at.4
2026-01-27 16:47:19,866 - varanus - INFO - In state 5125245401906001979 saw radiation_level.Green
2026-01-27 16:47:19,867 - varanus - INFO - In state 5125245401906001979 saw inspect.4
2026-01-27 16:47:19,867 - varanus - INFO - In state 16977269308034314985 saw radiation_level.Green
2026-01-27 16:47:19,867 - varanus - INFO - In state 16977269308034314985 saw radiation_level.Green
2026-01-27 16:47:19,868 - varanus - INFO - In state 16977269308034314985 saw inspected.4
2026-01-27 16:47:19,868 - varanus - INFO - In state 7969116358531300304 saw radiation_level.Green
2026-01-27 16:47:19,869 - varanus - INFO - In state 7969116358531300304 saw move.5
2026-01-27 16:47:19,869 - varanus - INFO - In state 14259182326962537126 saw radiation_level.Green
2026-01-27 16:47:19,869 - varanus - INFO - In state 14259182326962537126 saw radiation_level.Green
2026-01-27 16:47:19,870 - varanus - INFO - In state 14259182326962537126 saw radiation_level.Green
2026-01-27 16:47:19,870 - varanus - INFO - In state 14259182326962537126 saw radiation_level.Green
2026-01-27 16:47:19,871 - varanus - INFO - In state 14259182326962537126 saw radiation_level.Green
2026-01-27 16:47:19,871 - varanus - INFO - In state 14259182326962537126 saw radiation_level.Green
2026-01-27 16:47:19,872 - varanus - INFO - In state 14259182326962537126 saw radiation_level.Green
2026-01-27 16:47:19,872 - varanus - INFO - In state 14259182326962537126 saw radiation_level.Green
2026-01-27 16:47:19,872 - varanus - INFO - In state 14259182326962537126 saw radiation_level.Green
2026-01-27 16:47:19,873 - varanus - INFO - In state 14259182326962537126 saw radiation_level.Green
2026-01-27 16:47:19,873 - varanus - INFO - In state 14259182326962537126 saw radiation_level.Green
2026-01-27 16:47:19,873 - varanus - INFO - In state 14259182326962537126 saw radiation_level.Green
2026-01-27 16:47:19,874 - varanus - INFO - In state 14259182326962537126 saw arrived_at.5
2026-01-27 16:47:19,874 - varanus - INFO - In state 5964836128005976074 saw radiation_level.Green
2026-01-27 16:47:19,875 - varanus - INFO - In state 5964836128005976074 saw inspect.5
2026-01-27 16:47:19,875 - varanus - INFO - In state 2497360490192324208 saw radiation_level.Green
2026-01-27 16:47:19,875 - varanus - INFO - In state 2497360490192324208 saw radiation_level.Green
2026-01-27 16:47:19,876 - varanus - INFO - In state 2497360490192324208 saw inspected.5
2026-01-27 16:47:19,876 - varanus - INFO - In state 6885406471930127325 saw radiation_level.Green
2026-01-27 16:47:19,877 - varanus - INFO - In state 6885406471930127325 saw radiation_level.Green
2026-01-27 16:47:19,877 - varanus - INFO - In state 6885406471930127325 saw radiation_level.Green
2026-01-27 16:47:19,877 - varanus - INFO - In state 6885406471930127325 saw move.0
2026-01-27 16:47:19,878 - varanus - INFO - In state 8074625055225453823 saw radiation_level.Green
2026-01-27 16:47:19,878 - varanus - INFO - In state 8074625055225453823 saw radiation_level.Green
2026-01-27 16:47:19,878 - varanus - INFO - In state 8074625055225453823 saw radiation_level.Green
2026-01-27 16:47:19,879 - varanus - INFO - In state 8074625055225453823 saw radiation_level.Green
2026-01-27 16:47:19,879 - varanus - INFO - In state 8074625055225453823 saw radiation_level.Green
2026-01-27 16:47:19,880 - varanus - INFO - In state 8074625055225453823 saw radiation_level.Green
2026-01-27 16:47:19,880 - varanus - INFO - In state 8074625055225453823 saw radiation_level.Green
2026-01-27 16:47:19,880 - varanus - INFO - In state 8074625055225453823 saw radiation_level.Green
2026-01-27 16:47:19,881 - varanus - INFO - In state 8074625055225453823 saw radiation_level.Green
2026-01-27 16:47:19,881 - varanus - INFO - In state 8074625055225453823 saw radiation_level.Green
2026-01-27 16:47:19,882 - varanus - INFO - In state 8074625055225453823 saw radiation_level.Green
2026-01-27 16:47:19,882 - varanus - INFO - In state 8074625055225453823 saw radiation_level.Green
2026-01-27 16:47:19,882 - varanus - INFO - In state 8074625055225453823 saw radiation_level.Green
2026-01-27 16:47:19,883 - varanus - INFO - In state 8074625055225453823 saw radiation_level.Green
2026-01-27 16:47:19,883 - varanus - INFO - In state 8074625055225453823 saw radiation_level.Green
2026-01-27 16:47:19,884 - varanus - INFO - In state 8074625055225453823 saw radiation_level.Green
2026-01-27 16:47:19,884 - varanus - INFO - In state 8074625055225453823 saw radiation_level.Green
2026-01-27 16:47:19,884 - varanus - INFO - In state 8074625055225453823 saw arrived_at.0
2026-01-27 16:47:19,885 - varanus - INFO - In state 5557364616738331925 saw radiation_level.Green
2026-01-27 16:47:19,885 - varanus - INFO - Trace file finished with no violations
2026-01-27 16:47:19,887 - varanus - INFO - +++ Build Time: 			1.02601408958s +++
2026-01-27 16:47:19,887 - varanus - INFO - +++ Check Time: 			0.107756853104s +++
2026-01-27 16:47:19,887 - varanus - INFO - +++ Average Transition Time: 	0.000398423027071s (233 events) +++
2026-01-27 16:47:19,887 - varanus - INFO - +++ Total Time: 			1.16232585907s +++
