2026-01-27 16:47:31,608 - varanus - INFO - +++ Testing rover_model_ras_pass +++
2026-01-27 16:47:31,608 - varanus - INFO - Preprocessing...
2026-01-27 16:47:31,608 - varanus - INFO - Preprocessing: pass
2026-01-27 16:47:31,608 - varanus - INFO - +++ Running Offline +++
2026-01-27 16:47:31,632 - varanus - INFO - Building CSP State Machine. Please Wait
2026-01-27 16:47:31,888 - varanus - INFO - Building CSP State Machine
2026-01-27 16:47:32,037 - varanus - INFO - +++ checking that ROVER_SYSTEM is deterministic with given alphabets +++
2026-01-27 16:47:32,037 - varanus - INFO - +++ starting monitoring against ROVER_SYSTEM +++
2026-01-27 16:47:32,037 - varanus - INFO - +++ Running Offline -- Using State Machine +++
2026-01-27 16:47:32,037 - varanus - INFO - Parsing trace file at: oracles/inspection-rover-ras/trace-json-pass.txt
2026-01-27 16:47:32,050 - varanus - INFO - Parsed trace file OK
2026-01-27 16:47:32,050 - varanus - INFO - Checking trace file: oracles/inspection-rover-ras/trace-json-pass.txt
2026-01-27 16:47:32,050 - varanus - INFO - In state 17976143188387390655 saw radiation_level.Green
2026-01-27 16:47:32,051 - varanus - INFO - In state 17976143188387390655 saw radiation_level.Green
2026-01-27 16:47:32,051 - varanus - INFO - In state 17976143188387390655 saw radiation_level.Green
2026-01-27 16:47:32,051 - varanus - INFO - In state 17976143188387390655 saw radiation_level.Green
2026-01-27 16:47:32,051 - varanus - INFO - In state 17976143188387390655 saw radiation_level.Green
2026-01-27 16:47:32,052 - varanus - INFO - In state 17976143188387390655 saw radiation_level.Green
2026-01-27 16:47:32,052 - varanus - INFO - In state 17976143188387390655 saw radiation_level.Green
2026-01-27 16:47:32,052 - varanus - INFO - In state 17976143188387390655 saw radiation_level.Green
2026-01-27 16:47:32,052 - varanus - INFO - In state 17976143188387390655 saw radiation_level.Green
2026-01-27 16:47:32,053 - varanus - INFO - In state 17976143188387390655 saw radiation_level.Green
2026-01-27 16:47:32,053 - varanus - INFO - In state 17976143188387390655 saw radiation_level.Green
2026-01-27 16:47:32,053 - varanus - INFO - In state 17976143188387390655 saw radiation_level.Green
2026-01-27 16:47:32,053 - varanus - INFO - In state 17976143188387390655 saw radiation_level.Green
2026-01-27 16:47:32,054 - varanus - INFO - In state 17976143188387390655 saw radiation_level.Green
2026-01-27 16:47:32,054 - varanus - INFO - In state 17976143188387390655 saw radiation_level.Green
2026-01-27 16:47:32,054 - varanus - INFO - In state 17976143188387390655 saw radiation_level.Green
2026-01-27 16:47:32,054 - varanus - INFO - In state 17976143188387390655 saw radiation_level.Green
2026-01-27 16:47:32,055 - varanus - INFO - In state 17976143188387390655 saw radiation_level.Green
2026-01-27 16:47:32,055 - varanus - INFO - In state 17976143188387390655 saw radiation_level.Green
2026-01-27 16:47:32,055 - varanus - INFO - In state 17976143188387390655 saw radiation_level.Green
2026-01-27 16:47:32,055 - varanus - INFO - In state 17976143188387390655 saw radiation_level.Green
2026-01-27 16:47:32,056 - varanus - INFO - In state 17976143188387390655 saw radiation_level.Green
2026-01-27 16:47:32,057 - varanus - INFO - In state 17976143188387390655 saw radiation_level.Green
2026-01-27 16:47:32,057 - varanus - INFO - In state 17976143188387390655 saw radiation_level.Green
2026-01-27 16:47:32,057 - varanus - INFO - In state 17976143188387390655 saw radiation_level.Green
2026-01-27 16:47:32,058 - varanus - INFO - In state 17976143188387390655 saw radiation_level.Green
2026-01-27 16:47:32,058 - varanus - INFO - In state 17976143188387390655 saw radiation_level.Green
2026-01-27 16:47:32,058 - varanus - INFO - In state 17976143188387390655 saw radiation_level.Green
2026-01-27 16:47:32,058 - varanus - INFO - In state 17976143188387390655 saw radiation_level.Green
2026-01-27 16:47:32,059 - varanus - INFO - In state 17976143188387390655 saw radiation_level.Green
2026-01-27 16:47:32,059 - varanus - INFO - In state 17976143188387390655 saw radiation_level.Green
2026-01-27 16:47:32,059 - varanus - INFO - In state 17976143188387390655 saw radiation_level.Green
2026-01-27 16:47:32,059 - varanus - INFO - In state 17976143188387390655 saw radiation_level.Green
2026-01-27 16:47:32,060 - varanus - INFO - In state 17976143188387390655 saw radiation_level.Green
2026-01-27 16:47:32,060 - varanus - INFO - In state 17976143188387390655 saw radiation_level.Green
2026-01-27 16:47:32,060 - varanus - INFO - In state 17976143188387390655 saw radiation_level.Green
2026-01-27 16:47:32,060 - varanus - INFO - In state 17976143188387390655 saw radiation_level.Green
2026-01-27 16:47:32,061 - varanus - INFO - In state 17976143188387390655 saw radiation_level.Green
2026-01-27 16:47:32,061 - varanus - INFO - In state 17976143188387390655 saw radiation_level.Green
2026-01-27 16:47:32,061 - varanus - INFO - In state 17976143188387390655 saw radiation_level.Green
2026-01-27 16:47:32,061 - varanus - INFO - In state 17976143188387390655 saw radiation_level.Green
2026-01-27 16:47:32,062 - varanus - INFO - In state 17976143188387390655 saw radiation_level.Green
2026-01-27 16:47:32,062 - varanus - INFO - In state 17976143188387390655 saw radiation_level.Green
2026-01-27 16:47:32,062 - varanus - INFO - In state 17976143188387390655 saw radiation_level.Green
2026-01-27 16:47:32,062 - varanus - INFO - In state 17976143188387390655 saw radiation_level.Green
2026-01-27 16:47:32,063 - varanus - INFO - In state 17976143188387390655 saw radiation_level.Green
2026-01-27 16:47:32,063 - varanus - INFO - In state 17976143188387390655 saw radiation_level.Green
2026-01-27 16:47:32,063 - varanus - INFO - In state 17976143188387390655 saw radiation_level.Green
2026-01-27 16:47:32,063 - varanus - INFO - In state 17976143188387390655 saw radiation_level.Green
2026-01-27 16:47:32,064 - varanus - INFO - In state 17976143188387390655 saw radiation_level.Green
2026-01-27 16:47:32,064 - varanus - INFO - In state 17976143188387390655 saw radiation_level.Green
2026-01-27 16:47:32,064 - varanus - INFO - In state 17976143188387390655 saw radiation_level.Green
2026-01-27 16:47:32,064 - varanus - INFO - In state 17976143188387390655 saw radiation_level.Green
2026-01-27 16:47:32,065 - varanus - INFO - In state 17976143188387390655 saw radiation_level.Green
2026-01-27 16:47:32,065 - varanus - INFO - In state 17976143188387390655 saw radiation_level.Green
2026-01-27 16:47:32,065 - varanus - INFO - In state 17976143188387390655 saw radiation_level.Green
2026-01-27 16:47:32,065 - varanus - INFO - In state 17976143188387390655 saw radiation_level.Green
2026-01-27 16:47:32,066 - varanus - INFO - In state 17976143188387390655 saw radiation_level.Green
2026-01-27 16:47:32,066 - varanus - INFO - In state 17976143188387390655 saw radiation_level.Green
2026-01-27 16:47:32,066 - varanus - INFO - In state 17976143188387390655 saw radiation_level.Green
2026-01-27 16:47:32,066 - varanus - INFO - In state 17976143188387390655 saw radiation_level.Green
2026-01-27 16:47:32,067 - varanus - INFO - In state 17976143188387390655 saw radiation_level.Green
2026-01-27 16:47:32,067 - varanus - INFO - In state 17976143188387390655 saw radiation_level.Green
2026-01-27 16:47:32,067 - varanus - INFO - In state 17976143188387390655 saw radiation_level.Green
2026-01-27 16:47:32,067 - varanus - INFO - In state 17976143188387390655 saw radiation_level.Green
2026-01-27 16:47:32,068 - varanus - INFO - In state 17976143188387390655 saw radiation_level.Green
2026-01-27 16:47:32,068 - varanus - INFO - In state 17976143188387390655 saw radiation_level.Green
2026-01-27 16:47:32,068 - varanus - INFO - In state 17976143188387390655 saw radiation_level.Green
2026-01-27 16:47:32,068 - varanus - INFO - In state 17976143188387390655 saw radiation_level.Green
2026-01-27 16:47:32,069 - varanus - INFO - In state 17976143188387390655 saw radiation_level.Green
2026-01-27 16:47:32,069 - varanus - INFO - In state 17976143188387390655 saw radiation_level.Green
2026-01-27 16:47:32,069 - varanus - INFO - In state 17976143188387390655 saw radiation_level.Green
2026-01-27 16:47:32,069 - varanus - INFO - In state 17976143188387390655 saw radiation_level.Green
2026-01-27 16:47:32,070 - varanus - INFO - In state 17976143188387390655 saw move.1
2026-01-27 16:47:32,070 - varanus - INFO - In state 2681491882390849628 saw radiation_level.Green
2026-01-27 16:47:32,070 - varanus - INFO - In state 2681491882390849628 saw radiation_level.Green
2026-01-27 16:47:32,070 - varanus - INFO - In state 2681491882390849628 saw radiation_level.Green
2026-01-27 16:47:32,071 - varanus - INFO - In state 2681491882390849628 saw radiation_level.Green
2026-01-27 16:47:32,071 - varanus - INFO - In state 2681491882390849628 saw radiation_level.Green
2026-01-27 16:47:32,071 - varanus - INFO - In state 2681491882390849628 saw radiation_level.Green
2026-01-27 16:47:32,071 - varanus - INFO - In state 2681491882390849628 saw radiation_level.Green
2026-01-27 16:47:32,072 - varanus - INFO - In state 2681491882390849628 saw radiation_level.Green
2026-01-27 16:47:32,072 - varanus - INFO - In state 2681491882390849628 saw radiation_level.Green
2026-01-27 16:47:32,072 - varanus - INFO - In state 2681491882390849628 saw radiation_level.Green
2026-01-27 16:47:32,072 - varanus - INFO - In state 2681491882390849628 saw radiation_level.Green
2026-01-27 16:47:32,074 - varanus - INFO - In state 2681491882390849628 saw radiation_level.Green
2026-01-27 16:47:32,075 - varanus - INFO - In state 2681491882390849628 saw radiation_level.Green
2026-01-27 16:47:32,075 - varanus - INFO - In state 2681491882390849628 saw radiation_level.Green
2026-01-27 16:47:32,075 - varanus - INFO - In state 2681491882390849628 saw radiation_level.Green
2026-01-27 16:47:32,075 - varanus - INFO - In state 2681491882390849628 saw radiation_level.Green
2026-01-27 16:47:32,076 - varanus - INFO - In state 2681491882390849628 saw radiation_level.Green
2026-01-27 16:47:32,076 - varanus - INFO - In state 2681491882390849628 saw arrived_at.1
2026-01-27 16:47:32,076 - varanus - INFO - In state 4838965131539084411 saw radiation_level.Green
2026-01-27 16:47:32,076 - varanus - INFO - In state 4838965131539084411 saw inspect.1
2026-01-27 16:47:32,077 - varanus - INFO - In state 15366558349166237975 saw radiation_level.Green
2026-01-27 16:47:32,077 - varanus - INFO - In state 15366558349166237975 saw radiation_level.Green
2026-01-27 16:47:32,077 - varanus - INFO - In state 15366558349166237975 saw radiation_level.Green
2026-01-27 16:47:32,077 - varanus - INFO - In state 15366558349166237975 saw inspected.1
2026-01-27 16:47:32,078 - varanus - INFO - In state 4934536404935645896 saw radiation_level.Green
2026-01-27 16:47:32,078 - varanus - INFO - In state 4934536404935645896 saw move.2
2026-01-27 16:47:32,078 - varanus - INFO - In state 10299127975201442196 saw radiation_level.Green
2026-01-27 16:47:32,079 - varanus - INFO - In state 10299127975201442196 saw radiation_level.Green
2026-01-27 16:47:32,079 - varanus - INFO - In state 10299127975201442196 saw radiation_level.Green
2026-01-27 16:47:32,079 - varanus - INFO - In state 10299127975201442196 saw radiation_level.Green
2026-01-27 16:47:32,079 - varanus - INFO - In state 10299127975201442196 saw radiation_level.Green
2026-01-27 16:47:32,080 - varanus - INFO - In state 10299127975201442196 saw radiation_level.Green
2026-01-27 16:47:32,080 - varanus - INFO - In state 10299127975201442196 saw radiation_level.Green
2026-01-27 16:47:32,080 - varanus - INFO - In state 10299127975201442196 saw radiation_level.Green
2026-01-27 16:47:32,080 - varanus - INFO - In state 10299127975201442196 saw radiation_level.Green
2026-01-27 16:47:32,081 - varanus - INFO - In state 10299127975201442196 saw radiation_level.Green
2026-01-27 16:47:32,081 - varanus - INFO - In state 10299127975201442196 saw radiation_level.Green
2026-01-27 16:47:32,081 - varanus - INFO - In state 10299127975201442196 saw radiation_level.Green
2026-01-27 16:47:32,081 - varanus - INFO - In state 10299127975201442196 saw radiation_level.Green
2026-01-27 16:47:32,082 - varanus - INFO - In state 10299127975201442196 saw radiation_level.Green
2026-01-27 16:47:32,082 - varanus - INFO - In state 10299127975201442196 saw radiation_level.Green
2026-01-27 16:47:32,082 - varanus - INFO - In state 10299127975201442196 saw radiation_level.Green
2026-01-27 16:47:32,082 - varanus - INFO - In state 10299127975201442196 saw radiation_level.Green
2026-01-27 16:47:32,082 - varanus - INFO - In state 10299127975201442196 saw radiation_level.Green
2026-01-27 16:47:32,083 - varanus - INFO - In state 10299127975201442196 saw radiation_level.Green
2026-01-27 16:47:32,083 - varanus - INFO - In state 10299127975201442196 saw radiation_level.Green
2026-01-27 16:47:32,083 - varanus - INFO - In state 10299127975201442196 saw radiation_level.Green
2026-01-27 16:47:32,083 - varanus - INFO - In state 10299127975201442196 saw radiation_level.Green
2026-01-27 16:47:32,084 - varanus - INFO - In state 10299127975201442196 saw radiation_level.Green
2026-01-27 16:47:32,084 - varanus - INFO - In state 10299127975201442196 saw radiation_level.Green
2026-01-27 16:47:32,084 - varanus - INFO - In state 10299127975201442196 saw radiation_level.Green
2026-01-27 16:47:32,084 - varanus - INFO - In state 10299127975201442196 saw radiation_level.Green
2026-01-27 16:47:32,085 - varanus - INFO - In state 10299127975201442196 saw arrived_at.2
2026-01-27 16:47:32,085 - varanus - INFO - In state 8606736006536026831 saw radiation_level.Green
2026-01-27 16:47:32,085 - varanus - INFO - In state 8606736006536026831 saw inspect.2
2026-01-27 16:47:32,085 - varanus - INFO - In state 9874926409750488651 saw radiation_level.Green
2026-01-27 16:47:32,086 - varanus - INFO - In state 9874926409750488651 saw radiation_level.Green
2026-01-27 16:47:32,086 - varanus - INFO - In state 9874926409750488651 saw radiation_level.Green
2026-01-27 16:47:32,086 - varanus - INFO - In state 9874926409750488651 saw inspected.2
2026-01-27 16:47:32,086 - varanus - INFO - In state 1002990068859250494 saw move.3
2026-01-27 16:47:32,087 - varanus - INFO - In state 848502878028662445 saw radiation_level.Green
2026-01-27 16:47:32,087 - varanus - INFO - In state 848502878028662445 saw radiation_level.Green
2026-01-27 16:47:32,087 - varanus - INFO - In state 848502878028662445 saw radiation_level.Green
2026-01-27 16:47:32,087 - varanus - INFO - In state 848502878028662445 saw radiation_level.Green
2026-01-27 16:47:32,088 - varanus - INFO - In state 848502878028662445 saw radiation_level.Green
2026-01-27 16:47:32,088 - varanus - INFO - In state 848502878028662445 saw radiation_level.Green
2026-01-27 16:47:32,088 - varanus - INFO - In state 848502878028662445 saw radiation_level.Green
2026-01-27 16:47:32,088 - varanus - INFO - In state 848502878028662445 saw radiation_level.Green
2026-01-27 16:47:32,089 - varanus - INFO - In state 848502878028662445 saw radiation_level.Green
2026-01-27 16:47:32,089 - varanus - INFO - In state 848502878028662445 saw radiation_level.Green
2026-01-27 16:47:32,091 - varanus - INFO - In state 848502878028662445 saw radiation_level.Green
2026-01-27 16:47:32,091 - varanus - INFO - In state 848502878028662445 saw radiation_level.Green
2026-01-27 16:47:32,091 - varanus - INFO - In state 848502878028662445 saw radiation_level.Green
2026-01-27 16:47:32,092 - varanus - INFO - In state 848502878028662445 saw radiation_level.Green
2026-01-27 16:47:32,092 - varanus - INFO - In state 848502878028662445 saw radiation_level.Green
2026-01-27 16:47:32,092 - varanus - INFO - In state 848502878028662445 saw radiation_level.Green
2026-01-27 16:47:32,093 - varanus - INFO - In state 848502878028662445 saw radiation_level.Green
2026-01-27 16:47:32,093 - varanus - INFO - In state 848502878028662445 saw radiation_level.Green
2026-01-27 16:47:32,094 - varanus - INFO - In state 848502878028662445 saw radiation_level.Green
2026-01-27 16:47:32,094 - varanus - INFO - In state 848502878028662445 saw arrived_at.3
2026-01-27 16:47:32,094 - varanus - INFO - In state 18358507212355868629 saw inspect.3
2026-01-27 16:47:32,095 - varanus - INFO - In state 8937319153557804027 saw radiation_level.Green
2026-01-27 16:47:32,095 - varanus - INFO - In state 8937319153557804027 saw radiation_level.Green
2026-01-27 16:47:32,096 - varanus - INFO - In state 8937319153557804027 saw radiation_level.Green
2026-01-27 16:47:32,096 - varanus - INFO - In state 8937319153557804027 saw inspected.3
2026-01-27 16:47:32,096 - varanus - INFO - In state 6125819018793330642 saw radiation_level.Green
2026-01-27 16:47:32,097 - varanus - INFO - In state 6125819018793330642 saw move.4
2026-01-27 16:47:32,097 - varanus - INFO - In state 18113990135560557800 saw radiation_level.Green
2026-01-27 16:47:32,098 - varanus - INFO - In state 18113990135560557800 saw radiation_level.Green
2026-01-27 16:47:32,098 - varanus - INFO - In state 18113990135560557800 saw radiation_level.Green
2026-01-27 16:47:32,099 - varanus - INFO - In state 18113990135560557800 saw radiation_level.Green
2026-01-27 16:47:32,099 - varanus - INFO - In state 18113990135560557800 saw radiation_level.Green
2026-01-27 16:47:32,099 - varanus - INFO - In state 18113990135560557800 saw radiation_level.Green
2026-01-27 16:47:32,100 - varanus - INFO - In state 18113990135560557800 saw radiation_level.Green
2026-01-27 16:47:32,100 - varanus - INFO - In state 18113990135560557800 saw radiation_level.Green
2026-01-27 16:47:32,101 - varanus - INFO - In state 18113990135560557800 saw radiation_level.Green
2026-01-27 16:47:32,101 - varanus - INFO - In state 18113990135560557800 saw radiation_level.Green
2026-01-27 16:47:32,101 - varanus - INFO - In state 18113990135560557800 saw radiation_level.Green
2026-01-27 16:47:32,102 - varanus - INFO - In state 18113990135560557800 saw radiation_level.Green
2026-01-27 16:47:32,102 - varanus - INFO - In state 18113990135560557800 saw radiation_level.Green
2026-01-27 16:47:32,103 - varanus - INFO - In state 18113990135560557800 saw radiation_level.Green
2026-01-27 16:47:32,103 - varanus - INFO - In state 18113990135560557800 saw radiation_level.Green
2026-01-27 16:47:32,103 - varanus - INFO - In state 18113990135560557800 saw radiation_level.Green
2026-01-27 16:47:32,104 - varanus - INFO - In state 18113990135560557800 saw radiation_level.Green
2026-01-27 16:47:32,104 - varanus - INFO - In state 18113990135560557800 saw radiation_level.Green
2026-01-27 16:47:32,105 - varanus - INFO - In state 18113990135560557800 saw radiation_level.Green
2026-01-27 16:47:32,105 - varanus - INFO - In state 18113990135560557800 saw radiation_level.Green
2026-01-27 16:47:32,106 - varanus - INFO - In state 18113990135560557800 saw radiation_level.Green
2026-01-27 16:47:32,106 - varanus - INFO - In state 18113990135560557800 saw radiation_level.Green
2026-01-27 16:47:32,106 - varanus - INFO - In state 18113990135560557800 saw radiation_level.Green
2026-01-27 16:47:32,107 - varanus - INFO - In state 18113990135560557800 saw arrived_at.4
2026-01-27 16:47:32,107 - varanus - INFO - In state 5125245401906001979 saw radiation_level.Green
2026-01-27 16:47:32,108 - varanus - INFO - In state 5125245401906001979 saw inspect.4
2026-01-27 16:47:32,108 - varanus - INFO - In state 16977269308034314985 saw radiation_level.Green
2026-01-27 16:47:32,108 - varanus - INFO - In state 16977269308034314985 saw radiation_level.Green
2026-01-27 16:47:32,109 - varanus - INFO - In state 16977269308034314985 saw inspected.4
2026-01-27 16:47:32,109 - varanus - INFO - In state 7969116358531300304 saw radiation_level.Green
2026-01-27 16:47:32,110 - varanus - INFO - In state 7969116358531300304 saw move.5
2026-01-27 16:47:32,110 - varanus - INFO - In state 14259182326962537126 saw radiation_level.Green
2026-01-27 16:47:32,110 - varanus - INFO - In state 14259182326962537126 saw radiation_level.Green
2026-01-27 16:47:32,111 - varanus - INFO - In state 14259182326962537126 saw radiation_level.Green
2026-01-27 16:47:32,111 - varanus - INFO - In state 14259182326962537126 saw radiation_level.Green
2026-01-27 16:47:32,112 - varanus - INFO - In state 14259182326962537126 saw radiation_level.Green
2026-01-27 16:47:32,112 - varanus - INFO - In state 14259182326962537126 saw radiation_level.Green
2026-01-27 16:47:32,112 - varanus - INFO - In state 14259182326962537126 saw radiation_level.Green
2026-01-27 16:47:32,113 - varanus - INFO - In state 14259182326962537126 saw radiation_level.Green
2026-01-27 16:47:32,113 - varanus - INFO - In state 14259182326962537126 saw radiation_level.Green
2026-01-27 16:47:32,113 - varanus - INFO - In state 14259182326962537126 saw radiation_level.Green
2026-01-27 16:47:32,114 - varanus - INFO - In state 14259182326962537126 saw radiation_level.Green
2026-01-27 16:47:32,114 - varanus - INFO - In state 14259182326962537126 saw radiation_level.Green
2026-01-27 16:47:32,115 - varanus - INFO - In state 14259182326962537126 saw arrived_at.5
2026-01-27 16:47:32,115 - varanus - INFO - In state 5964836128005976074 saw radiation_level.Green
2026-01-27 16:47:32,115 - varanus - INFO - In state 5964836128005976074 saw inspect.5
2026-01-27 16:47:32,116 - varanus - INFO - In state 2497360490192324208 saw radiation_level.Green
2026-01-27 16:47:32,116 - varanus - INFO - In state 2497360490192324208 saw radiation_level.Green
2026-01-27 16:47:32,117 - varanus - INFO - In state 2497360490192324208 saw inspected.5
2026-01-27 16:47:32,117 - varanus - INFO - In state 6885406471930127325 saw radiation_level.Green
2026-01-27 16:47:32,117 - varanus - INFO - In state 6885406471930127325 saw radiation_level.Green
2026-01-27 16:47:32,118 - varanus - INFO - In state 6885406471930127325 saw radiation_level.Green
2026-01-27 16:47:32,118 - varanus - INFO - In state 6885406471930127325 saw move.0
2026-01-27 16:47:32,119 - varanus - INFO - In state 8074625055225453823 saw radiation_level.Green
2026-01-27 16:47:32,119 - varanus - INFO - In state 8074625055225453823 saw radiation_level.Green
2026-01-27 16:47:32,119 - varanus - INFO - In state 8074625055225453823 saw radiation_level.Green
2026-01-27 16:47:32,120 - varanus - INFO - In state 8074625055225453823 saw radiation_level.Green
2026-01-27 16:47:32,120 - varanus - INFO - In state 8074625055225453823 saw radiation_level.Green
2026-01-27 16:47:32,120 - varanus - INFO - In state 8074625055225453823 saw radiation_level.Green
2026-01-27 16:47:32,121 - varanus - INFO - In state 8074625055225453823 saw radiation_level.Green
2026-01-27 16:47:32,121 - varanus - INFO - In state 8074625055225453823 saw radiation_level.Green
2026-01-27 16:47:32,122 - varanus - INFO - In state 8074625055225453823 saw radiation_level.Green
2026-01-27 16:47:32,122 - varanus - INFO - In state 8074625055225453823 saw radiation_level.Green
2026-01-27 16:47:32,122 - varanus - INFO - In state 8074625055225453823 saw radiation_level.Green
2026-01-27 16:47:32,123 - varanus - INFO - In state 8074625055225453823 saw radiation_level.Green
2026-01-27 16:47:32,123 - varanus - INFO - In state 8074625055225453823 saw radiation_level.Green
2026-01-27 16:47:32,123 - varanus - INFO - In state 8074625055225453823 saw radiation_level.Green
2026-01-27 16:47:32,129 - varanus - INFO - In state 8074625055225453823 saw radiation_level.Green
2026-01-27 16:47:32,130 - varanus - INFO - In state 8074625055225453823 saw radiation_level.Green
2026-01-27 16:47:32,130 - varanus - INFO - In state 8074625055225453823 saw radiation_level.Green
2026-01-27 16:47:32,131 - varanus - INFO - In state 8074625055225453823 saw arrived_at.0
2026-01-27 16:47:32,131 - varanus - INFO - In state 5557364616738331925 saw radiation_level.Green
2026-01-27 16:47:32,131 - varanus - INFO - Trace file finished with no violations
2026-01-27 16:47:32,133 - varanus - INFO - +++ Build Time: 			0.405386924744s +++
2026-01-27 16:47:32,133 - varanus - INFO - +++ Check Time: 			0.094367980957s +++
2026-01-27 16:47:32,133 - varanus - INFO - +++ Average Transition Time: 	0.000345119590923s (233 events) +++
2026-01-27 16:47:32,133 - varanus - INFO - +++ Total Time: 			0.523562908173s +++
