2026-01-27 16:47:33,848 - varanus - INFO - +++ Testing rover_model_ras_pass +++
2026-01-27 16:47:33,848 - varanus - INFO - Preprocessing...
2026-01-27 16:47:33,848 - varanus - INFO - Preprocessing: pass
2026-01-27 16:47:33,848 - varanus - INFO - +++ Running Offline +++
2026-01-27 16:47:33,874 - varanus - INFO - Building CSP State Machine. Please Wait
2026-01-27 16:47:34,126 - varanus - INFO - Building CSP State Machine
2026-01-27 16:47:34,289 - varanus - INFO - +++ checking that ROVER_SYSTEM is deterministic with given alphabets +++
2026-01-27 16:47:34,289 - varanus - INFO - +++ starting monitoring against ROVER_SYSTEM +++
2026-01-27 16:47:34,289 - varanus - INFO - +++ Running Offline -- Using State Machine +++
2026-01-27 16:47:34,289 - varanus - INFO - Parsing trace file at: oracles/inspection-rover-ras/trace-json-pass.txt
2026-01-27 16:47:34,302 - varanus - INFO - Parsed trace file OK
2026-01-27 16:47:34,302 - varanus - INFO - Checking trace file: oracles/inspection-rover-ras/trace-json-pass.txt
2026-01-27 16:47:34,303 - varanus - INFO - In state 17976143188387390655 saw radiation_level.Green
2026-01-27 16:47:34,303 - varanus - INFO - In state 17976143188387390655 saw radiation_level.Green
2026-01-27 16:47:34,303 - varanus - INFO - In state 17976143188387390655 saw radiation_level.Green
2026-01-27 16:47:34,303 - varanus - INFO - In state 17976143188387390655 saw radiation_level.Green
2026-01-27 16:47:34,304 - varanus - INFO - In state 17976143188387390655 saw radiation_level.Green
2026-01-27 16:47:34,304 - varanus - INFO - In state 17976143188387390655 saw radiation_level.Green
2026-01-27 16:47:34,304 - varanus - INFO - In state 17976143188387390655 saw radiation_level.Green
2026-01-27 16:47:34,304 - varanus - INFO - In state 17976143188387390655 saw radiation_level.Green
2026-01-27 16:47:34,305 - varanus - INFO - In state 17976143188387390655 saw radiation_level.Green
2026-01-27 16:47:34,305 - varanus - INFO - In state 17976143188387390655 saw radiation_level.Green
2026-01-27 16:47:34,305 - varanus - INFO - In state 17976143188387390655 saw radiation_level.Green
2026-01-27 16:47:34,305 - varanus - INFO - In state 17976143188387390655 saw radiation_level.Green
2026-01-27 16:47:34,306 - varanus - INFO - In state 17976143188387390655 saw radiation_level.Green
2026-01-27 16:47:34,306 - varanus - INFO - In state 17976143188387390655 saw radiation_level.Green
2026-01-27 16:47:34,306 - varanus - INFO - In state 17976143188387390655 saw radiation_level.Green
2026-01-27 16:47:34,306 - varanus - INFO - In state 17976143188387390655 saw radiation_level.Green
2026-01-27 16:47:34,307 - varanus - INFO - In state 17976143188387390655 saw radiation_level.Green
2026-01-27 16:47:34,307 - varanus - INFO - In state 17976143188387390655 saw radiation_level.Green
2026-01-27 16:47:34,307 - varanus - INFO - In state 17976143188387390655 saw radiation_level.Green
2026-01-27 16:47:34,308 - varanus - INFO - In state 17976143188387390655 saw radiation_level.Green
2026-01-27 16:47:34,308 - varanus - INFO - In state 17976143188387390655 saw radiation_level.Green
2026-01-27 16:47:34,308 - varanus - INFO - In state 17976143188387390655 saw radiation_level.Green
2026-01-27 16:47:34,308 - varanus - INFO - In state 17976143188387390655 saw radiation_level.Green
2026-01-27 16:47:34,309 - varanus - INFO - In state 17976143188387390655 saw radiation_level.Green
2026-01-27 16:47:34,309 - varanus - INFO - In state 17976143188387390655 saw radiation_level.Green
2026-01-27 16:47:34,310 - varanus - INFO - In state 17976143188387390655 saw radiation_level.Green
2026-01-27 16:47:34,310 - varanus - INFO - In state 17976143188387390655 saw radiation_level.Green
2026-01-27 16:47:34,310 - varanus - INFO - In state 17976143188387390655 saw radiation_level.Green
2026-01-27 16:47:34,311 - varanus - INFO - In state 17976143188387390655 saw radiation_level.Green
2026-01-27 16:47:34,311 - varanus - INFO - In state 17976143188387390655 saw radiation_level.Green
2026-01-27 16:47:34,311 - varanus - INFO - In state 17976143188387390655 saw radiation_level.Green
2026-01-27 16:47:34,312 - varanus - INFO - In state 17976143188387390655 saw radiation_level.Green
2026-01-27 16:47:34,312 - varanus - INFO - In state 17976143188387390655 saw radiation_level.Green
2026-01-27 16:47:34,313 - varanus - INFO - In state 17976143188387390655 saw radiation_level.Green
2026-01-27 16:47:34,313 - varanus - INFO - In state 17976143188387390655 saw radiation_level.Green
2026-01-27 16:47:34,314 - varanus - INFO - In state 17976143188387390655 saw radiation_level.Green
2026-01-27 16:47:34,314 - varanus - INFO - In state 17976143188387390655 saw radiation_level.Green
2026-01-27 16:47:34,314 - varanus - INFO - In state 17976143188387390655 saw radiation_level.Green
2026-01-27 16:47:34,315 - varanus - INFO - In state 17976143188387390655 saw radiation_level.Green
2026-01-27 16:47:34,315 - varanus - INFO - In state 17976143188387390655 saw radiation_level.Green
2026-01-27 16:47:34,316 - varanus - INFO - In state 17976143188387390655 saw radiation_level.Green
2026-01-27 16:47:34,316 - varanus - INFO - In state 17976143188387390655 saw radiation_level.Green
2026-01-27 16:47:34,316 - varanus - INFO - In state 17976143188387390655 saw radiation_level.Green
2026-01-27 16:47:34,317 - varanus - INFO - In state 17976143188387390655 saw radiation_level.Green
2026-01-27 16:47:34,317 - varanus - INFO - In state 17976143188387390655 saw radiation_level.Green
2026-01-27 16:47:34,318 - varanus - INFO - In state 17976143188387390655 saw radiation_level.Green
2026-01-27 16:47:34,318 - varanus - INFO - In state 17976143188387390655 saw radiation_level.Green
2026-01-27 16:47:34,318 - varanus - INFO - In state 17976143188387390655 saw radiation_level.Green
2026-01-27 16:47:34,319 - varanus - INFO - In state 17976143188387390655 saw radiation_level.Green
2026-01-27 16:47:34,319 - varanus - INFO - In state 17976143188387390655 saw radiation_level.Green
2026-01-27 16:47:34,320 - varanus - INFO - In state 17976143188387390655 saw radiation_level.Green
2026-01-27 16:47:34,320 - varanus - INFO - In state 17976143188387390655 saw radiation_level.Green
2026-01-27 16:47:34,321 - varanus - INFO - In state 17976143188387390655 saw radiation_level.Green
2026-01-27 16:47:34,321 - varanus - INFO - In state 17976143188387390655 saw radiation_level.Green
2026-01-27 16:47:34,321 - varanus - INFO - In state 17976143188387390655 saw radiation_level.Green
2026-01-27 16:47:34,322 - varanus - INFO - In state 17976143188387390655 saw radiation_level.Green
2026-01-27 16:47:34,322 - varanus - INFO - In state 17976143188387390655 saw radiation_level.Green
2026-01-27 16:47:34,323 - varanus - INFO - In state 17976143188387390655 saw radiation_level.Green
2026-01-27 16:47:34,323 - varanus - INFO - In state 17976143188387390655 saw radiation_level.Green
2026-01-27 16:47:34,324 - varanus - INFO - In state 17976143188387390655 saw radiation_level.Green
2026-01-27 16:47:34,324 - varanus - INFO - In state 17976143188387390655 saw radiation_level.Green
2026-01-27 16:47:34,325 - varanus - INFO - In state 17976143188387390655 saw radiation_level.Green
2026-01-27 16:47:34,325 - varanus - INFO - In state 17976143188387390655 saw radiation_level.Green
2026-01-27 16:47:34,326 - varanus - INFO - In state 17976143188387390655 saw radiation_level.Green
2026-01-27 16:47:34,326 - varanus - INFO - In state 17976143188387390655 saw radiation_level.Green
2026-01-27 16:47:34,326 - varanus - INFO - In state 17976143188387390655 saw radiation_level.Green
2026-01-27 16:47:34,327 - varanus - INFO - In state 17976143188387390655 saw radiation_level.Green
2026-01-27 16:47:34,327 - varanus - INFO - In state 17976143188387390655 saw radiation_level.Green
2026-01-27 16:47:34,328 - varanus - INFO - In state 17976143188387390655 saw radiation_level.Green
2026-01-27 16:47:34,328 - varanus - INFO - In state 17976143188387390655 saw radiation_level.Green
2026-01-27 16:47:34,328 - varanus - INFO - In state 17976143188387390655 saw radiation_level.Green
2026-01-27 16:47:34,329 - varanus - INFO - In state 17976143188387390655 saw radiation_level.Green
2026-01-27 16:47:34,329 - varanus - INFO - In state 17976143188387390655 saw radiation_level.Green
2026-01-27 16:47:34,330 - varanus - INFO - In state 17976143188387390655 saw move.1
2026-01-27 16:47:34,330 - varanus - INFO - In state 2681491882390849628 saw radiation_level.Green
2026-01-27 16:47:34,330 - varanus - INFO - In state 2681491882390849628 saw radiation_level.Green
2026-01-27 16:47:34,331 - varanus - INFO - In state 2681491882390849628 saw radiation_level.Green
2026-01-27 16:47:34,331 - varanus - INFO - In state 2681491882390849628 saw radiation_level.Green
2026-01-27 16:47:34,332 - varanus - INFO - In state 2681491882390849628 saw radiation_level.Green
2026-01-27 16:47:34,332 - varanus - INFO - In state 2681491882390849628 saw radiation_level.Green
2026-01-27 16:47:34,332 - varanus - INFO - In state 2681491882390849628 saw radiation_level.Green
2026-01-27 16:47:34,333 - varanus - INFO - In state 2681491882390849628 saw radiation_level.Green
2026-01-27 16:47:34,333 - varanus - INFO - In state 2681491882390849628 saw radiation_level.Green
2026-01-27 16:47:34,334 - varanus - INFO - In state 2681491882390849628 saw radiation_level.Green
2026-01-27 16:47:34,334 - varanus - INFO - In state 2681491882390849628 saw radiation_level.Green
2026-01-27 16:47:34,334 - varanus - INFO - In state 2681491882390849628 saw radiation_level.Green
2026-01-27 16:47:34,335 - varanus - INFO - In state 2681491882390849628 saw radiation_level.Green
2026-01-27 16:47:34,335 - varanus - INFO - In state 2681491882390849628 saw radiation_level.Green
2026-01-27 16:47:34,336 - varanus - INFO - In state 2681491882390849628 saw radiation_level.Green
2026-01-27 16:47:34,336 - varanus - INFO - In state 2681491882390849628 saw radiation_level.Green
2026-01-27 16:47:34,336 - varanus - INFO - In state 2681491882390849628 saw radiation_level.Green
2026-01-27 16:47:34,337 - varanus - INFO - In state 2681491882390849628 saw arrived_at.1
2026-01-27 16:47:34,337 - varanus - INFO - In state 4838965131539084411 saw radiation_level.Green
2026-01-27 16:47:34,338 - varanus - INFO - In state 4838965131539084411 saw inspect.1
2026-01-27 16:47:34,338 - varanus - INFO - In state 15366558349166237975 saw radiation_level.Green
2026-01-27 16:47:34,338 - varanus - INFO - In state 15366558349166237975 saw radiation_level.Green
2026-01-27 16:47:34,339 - varanus - INFO - In state 15366558349166237975 saw radiation_level.Green
2026-01-27 16:47:34,339 - varanus - INFO - In state 15366558349166237975 saw inspected.1
2026-01-27 16:47:34,340 - varanus - INFO - In state 4934536404935645896 saw radiation_level.Green
2026-01-27 16:47:34,340 - varanus - INFO - In state 4934536404935645896 saw move.2
2026-01-27 16:47:34,340 - varanus - INFO - In state 10299127975201442196 saw radiation_level.Green
2026-01-27 16:47:34,341 - varanus - INFO - In state 10299127975201442196 saw radiation_level.Green
2026-01-27 16:47:34,341 - varanus - INFO - In state 10299127975201442196 saw radiation_level.Green
2026-01-27 16:47:34,342 - varanus - INFO - In state 10299127975201442196 saw radiation_level.Green
2026-01-27 16:47:34,342 - varanus - INFO - In state 10299127975201442196 saw radiation_level.Green
2026-01-27 16:47:34,345 - varanus - INFO - In state 10299127975201442196 saw radiation_level.Green
2026-01-27 16:47:34,345 - varanus - INFO - In state 10299127975201442196 saw radiation_level.Green
2026-01-27 16:47:34,346 - varanus - INFO - In state 10299127975201442196 saw radiation_level.Green
2026-01-27 16:47:34,346 - varanus - INFO - In state 10299127975201442196 saw radiation_level.Green
2026-01-27 16:47:34,346 - varanus - INFO - In state 10299127975201442196 saw radiation_level.Green
2026-01-27 16:47:34,347 - varanus - INFO - In state 10299127975201442196 saw radiation_level.Green
2026-01-27 16:47:34,347 - varanus - INFO - In state 10299127975201442196 saw radiation_level.Green
2026-01-27 16:47:34,348 - varanus - INFO - In state 10299127975201442196 saw radiation_level.Green
2026-01-27 16:47:34,348 - varanus - INFO - In state 10299127975201442196 saw radiation_level.Green
2026-01-27 16:47:34,348 - varanus - INFO - In state 10299127975201442196 saw radiation_level.Green
2026-01-27 16:47:34,349 - varanus - INFO - In state 10299127975201442196 saw radiation_level.Green
2026-01-27 16:47:34,349 - varanus - INFO - In state 10299127975201442196 saw radiation_level.Green
2026-01-27 16:47:34,350 - varanus - INFO - In state 10299127975201442196 saw radiation_level.Green
2026-01-27 16:47:34,350 - varanus - INFO - In state 10299127975201442196 saw radiation_level.Green
2026-01-27 16:47:34,350 - varanus - INFO - In state 10299127975201442196 saw radiation_level.Green
2026-01-27 16:47:34,351 - varanus - INFO - In state 10299127975201442196 saw radiation_level.Green
2026-01-27 16:47:34,351 - varanus - INFO - In state 10299127975201442196 saw radiation_level.Green
2026-01-27 16:47:34,351 - varanus - INFO - In state 10299127975201442196 saw radiation_level.Green
2026-01-27 16:47:34,352 - varanus - INFO - In state 10299127975201442196 saw radiation_level.Green
2026-01-27 16:47:34,352 - varanus - INFO - In state 10299127975201442196 saw radiation_level.Green
2026-01-27 16:47:34,353 - varanus - INFO - In state 10299127975201442196 saw radiation_level.Green
2026-01-27 16:47:34,353 - varanus - INFO - In state 10299127975201442196 saw arrived_at.2
2026-01-27 16:47:34,353 - varanus - INFO - In state 8606736006536026831 saw radiation_level.Green
2026-01-27 16:47:34,354 - varanus - INFO - In state 8606736006536026831 saw inspect.2
2026-01-27 16:47:34,354 - varanus - INFO - In state 9874926409750488651 saw radiation_level.Green
2026-01-27 16:47:34,355 - varanus - INFO - In state 9874926409750488651 saw radiation_level.Green
2026-01-27 16:47:34,355 - varanus - INFO - In state 9874926409750488651 saw radiation_level.Green
2026-01-27 16:47:34,356 - varanus - INFO - In state 9874926409750488651 saw inspected.2
2026-01-27 16:47:34,356 - varanus - INFO - In state 1002990068859250494 saw move.3
2026-01-27 16:47:34,356 - varanus - INFO - In state 848502878028662445 saw radiation_level.Green
2026-01-27 16:47:34,357 - varanus - INFO - In state 848502878028662445 saw radiation_level.Green
2026-01-27 16:47:34,357 - varanus - INFO - In state 848502878028662445 saw radiation_level.Green
2026-01-27 16:47:34,357 - varanus - INFO - In state 848502878028662445 saw radiation_level.Green
2026-01-27 16:47:34,357 - varanus - INFO - In state 848502878028662445 saw radiation_level.Green
2026-01-27 16:47:34,358 - varanus - INFO - In state 848502878028662445 saw radiation_level.Green
2026-01-27 16:47:34,358 - varanus - INFO - In state 848502878028662445 saw radiation_level.Green
2026-01-27 16:47:34,359 - varanus - INFO - In state 848502878028662445 saw radiation_level.Green
2026-01-27 16:47:34,359 - varanus - INFO - In state 848502878028662445 saw radiation_level.Green
2026-01-27 16:47:34,359 - varanus - INFO - In state 848502878028662445 saw radiation_level.Green
2026-01-27 16:47:34,360 - varanus - INFO - In state 848502878028662445 saw radiation_level.Green
2026-01-27 16:47:34,360 - varanus - INFO - In state 848502878028662445 saw radiation_level.Green
2026-01-27 16:47:34,361 - varanus - INFO - In state 848502878028662445 saw radiation_level.Green
2026-01-27 16:47:34,361 - varanus - INFO - In state 848502878028662445 saw radiation_level.Green
2026-01-27 16:47:34,361 - varanus - INFO - In state 848502878028662445 saw radiation_level.Green
2026-01-27 16:47:34,362 - varanus - INFO - In state 848502878028662445 saw radiation_level.Green
2026-01-27 16:47:34,362 - varanus - INFO - In state 848502878028662445 saw radiation_level.Green
2026-01-27 16:47:34,363 - varanus - INFO - In state 848502878028662445 saw radiation_level.Green
2026-01-27 16:47:34,363 - varanus - INFO - In state 848502878028662445 saw radiation_level.Green
2026-01-27 16:47:34,363 - varanus - INFO - In state 848502878028662445 saw arrived_at.3
2026-01-27 16:47:34,364 - varanus - INFO - In state 18358507212355868629 saw inspect.3
2026-01-27 16:47:34,364 - varanus - INFO - In state 8937319153557804027 saw radiation_level.Green
2026-01-27 16:47:34,365 - varanus - INFO - In state 8937319153557804027 saw radiation_level.Green
2026-01-27 16:47:34,365 - varanus - INFO - In state 8937319153557804027 saw radiation_level.Green
2026-01-27 16:47:34,366 - varanus - INFO - In state 8937319153557804027 saw inspected.3
2026-01-27 16:47:34,366 - varanus - INFO - In state 6125819018793330642 saw radiation_level.Green
2026-01-27 16:47:34,366 - varanus - INFO - In state 6125819018793330642 saw move.4
2026-01-27 16:47:34,367 - varanus - INFO - In state 18113990135560557800 saw radiation_level.Green
2026-01-27 16:47:34,367 - varanus - INFO - In state 18113990135560557800 saw radiation_level.Green
2026-01-27 16:47:34,368 - varanus - INFO - In state 18113990135560557800 saw radiation_level.Green
2026-01-27 16:47:34,368 - varanus - INFO - In state 18113990135560557800 saw radiation_level.Green
2026-01-27 16:47:34,368 - varanus - INFO - In state 18113990135560557800 saw radiation_level.Green
2026-01-27 16:47:34,369 - varanus - INFO - In state 18113990135560557800 saw radiation_level.Green
2026-01-27 16:47:34,369 - varanus - INFO - In state 18113990135560557800 saw radiation_level.Green
2026-01-27 16:47:34,370 - varanus - INFO - In state 18113990135560557800 saw radiation_level.Green
2026-01-27 16:47:34,370 - varanus - INFO - In state 18113990135560557800 saw radiation_level.Green
2026-01-27 16:47:34,370 - varanus - INFO - In state 18113990135560557800 saw radiation_level.Green
2026-01-27 16:47:34,371 - varanus - INFO - In state 18113990135560557800 saw radiation_level.Green
2026-01-27 16:47:34,371 - varanus - INFO - In state 18113990135560557800 saw radiation_level.Green
2026-01-27 16:47:34,372 - varanus - INFO - In state 18113990135560557800 saw radiation_level.Green
2026-01-27 16:47:34,372 - varanus - INFO - In state 18113990135560557800 saw radiation_level.Green
2026-01-27 16:47:34,372 - varanus - INFO - In state 18113990135560557800 saw radiation_level.Green
2026-01-27 16:47:34,373 - varanus - INFO - In state 18113990135560557800 saw radiation_level.Green
2026-01-27 16:47:34,373 - varanus - INFO - In state 18113990135560557800 saw radiation_level.Green
2026-01-27 16:47:34,374 - varanus - INFO - In state 18113990135560557800 saw radiation_level.Green
2026-01-27 16:47:34,374 - varanus - INFO - In state 18113990135560557800 saw radiation_level.Green
2026-01-27 16:47:34,374 - varanus - INFO - In state 18113990135560557800 saw radiation_level.Green
2026-01-27 16:47:34,375 - varanus - INFO - In state 18113990135560557800 saw radiation_level.Green
2026-01-27 16:47:34,375 - varanus - INFO - In state 18113990135560557800 saw radiation_level.Green
2026-01-27 16:47:34,376 - varanus - INFO - In state 18113990135560557800 saw radiation_level.Green
2026-01-27 16:47:34,376 - varanus - INFO - In state 18113990135560557800 saw arrived_at.4
2026-01-27 16:47:34,376 - varanus - INFO - In state 5125245401906001979 saw radiation_level.Green
2026-01-27 16:47:34,377 - varanus - INFO - In state 5125245401906001979 saw inspect.4
2026-01-27 16:47:34,377 - varanus - INFO - In state 16977269308034314985 saw radiation_level.Green
2026-01-27 16:47:34,378 - varanus - INFO - In state 16977269308034314985 saw radiation_level.Green
2026-01-27 16:47:34,378 - varanus - INFO - In state 16977269308034314985 saw inspected.4
2026-01-27 16:47:34,378 - varanus - INFO - In state 7969116358531300304 saw radiation_level.Green
2026-01-27 16:47:34,379 - varanus - INFO - In state 7969116358531300304 saw move.5
2026-01-27 16:47:34,379 - varanus - INFO - In state 14259182326962537126 saw radiation_level.Green
2026-01-27 16:47:34,379 - varanus - INFO - In state 14259182326962537126 saw radiation_level.Green
2026-01-27 16:47:34,380 - varanus - INFO - In state 14259182326962537126 saw radiation_level.Green
2026-01-27 16:47:34,380 - varanus - INFO - In state 14259182326962537126 saw radiation_level.Green
2026-01-27 16:47:34,381 - varanus - INFO - In state 14259182326962537126 saw radiation_level.Green
2026-01-27 16:47:34,381 - varanus - INFO - In state 14259182326962537126 saw radiation_level.Green
2026-01-27 16:47:34,381 - varanus - INFO - In state 14259182326962537126 saw radiation_level.Green
2026-01-27 16:47:34,382 - varanus - INFO - In state 14259182326962537126 saw radiation_level.Green
2026-01-27 16:47:34,382 - varanus - INFO - In state 14259182326962537126 saw radiation_level.Green
2026-01-27 16:47:34,383 - varanus - INFO - In state 14259182326962537126 saw radiation_level.Green
2026-01-27 16:47:34,383 - varanus - INFO - In state 14259182326962537126 saw radiation_level.Green
2026-01-27 16:47:34,383 - varanus - INFO - In state 14259182326962537126 saw radiation_level.Green
2026-01-27 16:47:34,384 - varanus - INFO - In state 14259182326962537126 saw arrived_at.5
2026-01-27 16:47:34,384 - varanus - INFO - In state 5964836128005976074 saw radiation_level.Green
2026-01-27 16:47:34,385 - varanus - INFO - In state 5964836128005976074 saw inspect.5
2026-01-27 16:47:34,385 - varanus - INFO - In state 2497360490192324208 saw radiation_level.Green
2026-01-27 16:47:34,385 - varanus - INFO - In state 2497360490192324208 saw radiation_level.Green
2026-01-27 16:47:34,386 - varanus - INFO - In state 2497360490192324208 saw inspected.5
2026-01-27 16:47:34,386 - varanus - INFO - In state 6885406471930127325 saw radiation_level.Green
2026-01-27 16:47:34,387 - varanus - INFO - In state 6885406471930127325 saw radiation_level.Green
2026-01-27 16:47:34,387 - varanus - INFO - In state 6885406471930127325 saw radiation_level.Green
2026-01-27 16:47:34,388 - varanus - INFO - In state 6885406471930127325 saw move.0
2026-01-27 16:47:34,388 - varanus - INFO - In state 8074625055225453823 saw radiation_level.Green
2026-01-27 16:47:34,388 - varanus - INFO - In state 8074625055225453823 saw radiation_level.Green
2026-01-27 16:47:34,389 - varanus - INFO - In state 8074625055225453823 saw radiation_level.Green
2026-01-27 16:47:34,389 - varanus - INFO - In state 8074625055225453823 saw radiation_level.Green
2026-01-27 16:47:34,390 - varanus - INFO - In state 8074625055225453823 saw radiation_level.Green
2026-01-27 16:47:34,390 - varanus - INFO - In state 8074625055225453823 saw radiation_level.Green
2026-01-27 16:47:34,391 - varanus - INFO - In state 8074625055225453823 saw radiation_level.Green
2026-01-27 16:47:34,391 - varanus - INFO - In state 8074625055225453823 saw radiation_level.Green
2026-01-27 16:47:34,391 - varanus - INFO - In state 8074625055225453823 saw radiation_level.Green
2026-01-27 16:47:34,392 - varanus - INFO - In state 8074625055225453823 saw radiation_level.Green
2026-01-27 16:47:34,392 - varanus - INFO - In state 8074625055225453823 saw radiation_level.Green
2026-01-27 16:47:34,392 - varanus - INFO - In state 8074625055225453823 saw radiation_level.Green
2026-01-27 16:47:34,393 - varanus - INFO - In state 8074625055225453823 saw radiation_level.Green
2026-01-27 16:47:34,393 - varanus - INFO - In state 8074625055225453823 saw radiation_level.Green
2026-01-27 16:47:34,394 - varanus - INFO - In state 8074625055225453823 saw radiation_level.Green
2026-01-27 16:47:34,394 - varanus - INFO - In state 8074625055225453823 saw radiation_level.Green
2026-01-27 16:47:34,394 - varanus - INFO - In state 8074625055225453823 saw radiation_level.Green
2026-01-27 16:47:34,395 - varanus - INFO - In state 8074625055225453823 saw arrived_at.0
2026-01-27 16:47:34,395 - varanus - INFO - In state 5557364616738331925 saw radiation_level.Green
2026-01-27 16:47:34,395 - varanus - INFO - Trace file finished with no violations
2026-01-27 16:47:34,398 - varanus - INFO - +++ Build Time: 			0.415504217148s +++
2026-01-27 16:47:34,398 - varanus - INFO - +++ Check Time: 			0.106297969818s +++
2026-01-27 16:47:34,398 - varanus - INFO - +++ Average Transition Time: 	0.000393744701991s (233 events) +++
2026-01-27 16:47:34,398 - varanus - INFO - +++ Total Time: 			0.547512054443s +++
