2026-01-27 16:47:37,966 - varanus - INFO - +++ Testing rover_model_ras_pass +++
2026-01-27 16:47:37,966 - varanus - INFO - Preprocessing...
2026-01-27 16:47:37,966 - varanus - INFO - Preprocessing: pass
2026-01-27 16:47:37,967 - varanus - INFO - +++ Running Offline +++
2026-01-27 16:47:37,992 - varanus - INFO - Building CSP State Machine. Please Wait
2026-01-27 16:47:38,217 - varanus - INFO - Building CSP State Machine
2026-01-27 16:47:38,370 - varanus - INFO - +++ checking that ROVER_SYSTEM is deterministic with given alphabets +++
2026-01-27 16:47:38,370 - varanus - INFO - +++ starting monitoring against ROVER_SYSTEM +++
2026-01-27 16:47:38,371 - varanus - INFO - +++ Running Offline -- Using State Machine +++
2026-01-27 16:47:38,371 - varanus - INFO - Parsing trace file at: oracles/inspection-rover-ras/trace-json-pass.txt
2026-01-27 16:47:38,394 - varanus - INFO - Parsed trace file OK
2026-01-27 16:47:38,395 - varanus - INFO - Checking trace file: oracles/inspection-rover-ras/trace-json-pass.txt
2026-01-27 16:47:38,395 - varanus - INFO - In state 17976143188387390655 saw radiation_level.Green
2026-01-27 16:47:38,395 - varanus - INFO - In state 17976143188387390655 saw radiation_level.Green
2026-01-27 16:47:38,396 - varanus - INFO - In state 17976143188387390655 saw radiation_level.Green
2026-01-27 16:47:38,396 - varanus - INFO - In state 17976143188387390655 saw radiation_level.Green
2026-01-27 16:47:38,397 - varanus - INFO - In state 17976143188387390655 saw radiation_level.Green
2026-01-27 16:47:38,397 - varanus - INFO - In state 17976143188387390655 saw radiation_level.Green
2026-01-27 16:47:38,398 - varanus - INFO - In state 17976143188387390655 saw radiation_level.Green
2026-01-27 16:47:38,398 - varanus - INFO - In state 17976143188387390655 saw radiation_level.Green
2026-01-27 16:47:38,399 - varanus - INFO - In state 17976143188387390655 saw radiation_level.Green
2026-01-27 16:47:38,399 - varanus - INFO - In state 17976143188387390655 saw radiation_level.Green
2026-01-27 16:47:38,400 - varanus - INFO - In state 17976143188387390655 saw radiation_level.Green
2026-01-27 16:47:38,400 - varanus - INFO - In state 17976143188387390655 saw radiation_level.Green
2026-01-27 16:47:38,401 - varanus - INFO - In state 17976143188387390655 saw radiation_level.Green
2026-01-27 16:47:38,401 - varanus - INFO - In state 17976143188387390655 saw radiation_level.Green
2026-01-27 16:47:38,402 - varanus - INFO - In state 17976143188387390655 saw radiation_level.Green
2026-01-27 16:47:38,402 - varanus - INFO - In state 17976143188387390655 saw radiation_level.Green
2026-01-27 16:47:38,403 - varanus - INFO - In state 17976143188387390655 saw radiation_level.Green
2026-01-27 16:47:38,403 - varanus - INFO - In state 17976143188387390655 saw radiation_level.Green
2026-01-27 16:47:38,404 - varanus - INFO - In state 17976143188387390655 saw radiation_level.Green
2026-01-27 16:47:38,404 - varanus - INFO - In state 17976143188387390655 saw radiation_level.Green
2026-01-27 16:47:38,405 - varanus - INFO - In state 17976143188387390655 saw radiation_level.Green
2026-01-27 16:47:38,405 - varanus - INFO - In state 17976143188387390655 saw radiation_level.Green
2026-01-27 16:47:38,405 - varanus - INFO - In state 17976143188387390655 saw radiation_level.Green
2026-01-27 16:47:38,406 - varanus - INFO - In state 17976143188387390655 saw radiation_level.Green
2026-01-27 16:47:38,406 - varanus - INFO - In state 17976143188387390655 saw radiation_level.Green
2026-01-27 16:47:38,407 - varanus - INFO - In state 17976143188387390655 saw radiation_level.Green
2026-01-27 16:47:38,407 - varanus - INFO - In state 17976143188387390655 saw radiation_level.Green
2026-01-27 16:47:38,408 - varanus - INFO - In state 17976143188387390655 saw radiation_level.Green
2026-01-27 16:47:38,408 - varanus - INFO - In state 17976143188387390655 saw radiation_level.Green
2026-01-27 16:47:38,408 - varanus - INFO - In state 17976143188387390655 saw radiation_level.Green
2026-01-27 16:47:38,409 - varanus - INFO - In state 17976143188387390655 saw radiation_level.Green
2026-01-27 16:47:38,409 - varanus - INFO - In state 17976143188387390655 saw radiation_level.Green
2026-01-27 16:47:38,410 - varanus - INFO - In state 17976143188387390655 saw radiation_level.Green
2026-01-27 16:47:38,410 - varanus - INFO - In state 17976143188387390655 saw radiation_level.Green
2026-01-27 16:47:38,410 - varanus - INFO - In state 17976143188387390655 saw radiation_level.Green
2026-01-27 16:47:38,411 - varanus - INFO - In state 17976143188387390655 saw radiation_level.Green
2026-01-27 16:47:38,411 - varanus - INFO - In state 17976143188387390655 saw radiation_level.Green
2026-01-27 16:47:38,412 - varanus - INFO - In state 17976143188387390655 saw radiation_level.Green
2026-01-27 16:47:38,412 - varanus - INFO - In state 17976143188387390655 saw radiation_level.Green
2026-01-27 16:47:38,412 - varanus - INFO - In state 17976143188387390655 saw radiation_level.Green
2026-01-27 16:47:38,413 - varanus - INFO - In state 17976143188387390655 saw radiation_level.Green
2026-01-27 16:47:38,413 - varanus - INFO - In state 17976143188387390655 saw radiation_level.Green
2026-01-27 16:47:38,414 - varanus - INFO - In state 17976143188387390655 saw radiation_level.Green
2026-01-27 16:47:38,414 - varanus - INFO - In state 17976143188387390655 saw radiation_level.Green
2026-01-27 16:47:38,414 - varanus - INFO - In state 17976143188387390655 saw radiation_level.Green
2026-01-27 16:47:38,415 - varanus - INFO - In state 17976143188387390655 saw radiation_level.Green
2026-01-27 16:47:38,415 - varanus - INFO - In state 17976143188387390655 saw radiation_level.Green
2026-01-27 16:47:38,416 - varanus - INFO - In state 17976143188387390655 saw radiation_level.Green
2026-01-27 16:47:38,416 - varanus - INFO - In state 17976143188387390655 saw radiation_level.Green
2026-01-27 16:47:38,416 - varanus - INFO - In state 17976143188387390655 saw radiation_level.Green
2026-01-27 16:47:38,417 - varanus - INFO - In state 17976143188387390655 saw radiation_level.Green
2026-01-27 16:47:38,417 - varanus - INFO - In state 17976143188387390655 saw radiation_level.Green
2026-01-27 16:47:38,418 - varanus - INFO - In state 17976143188387390655 saw radiation_level.Green
2026-01-27 16:47:38,418 - varanus - INFO - In state 17976143188387390655 saw radiation_level.Green
2026-01-27 16:47:38,418 - varanus - INFO - In state 17976143188387390655 saw radiation_level.Green
2026-01-27 16:47:38,419 - varanus - INFO - In state 17976143188387390655 saw radiation_level.Green
2026-01-27 16:47:38,419 - varanus - INFO - In state 17976143188387390655 saw radiation_level.Green
2026-01-27 16:47:38,420 - varanus - INFO - In state 17976143188387390655 saw radiation_level.Green
2026-01-27 16:47:38,420 - varanus - INFO - In state 17976143188387390655 saw radiation_level.Green
2026-01-27 16:47:38,420 - varanus - INFO - In state 17976143188387390655 saw radiation_level.Green
2026-01-27 16:47:38,421 - varanus - INFO - In state 17976143188387390655 saw radiation_level.Green
2026-01-27 16:47:38,421 - varanus - INFO - In state 17976143188387390655 saw radiation_level.Green
2026-01-27 16:47:38,422 - varanus - INFO - In state 17976143188387390655 saw radiation_level.Green
2026-01-27 16:47:38,422 - varanus - INFO - In state 17976143188387390655 saw radiation_level.Green
2026-01-27 16:47:38,423 - varanus - INFO - In state 17976143188387390655 saw radiation_level.Green
2026-01-27 16:47:38,423 - varanus - INFO - In state 17976143188387390655 saw radiation_level.Green
2026-01-27 16:47:38,423 - varanus - INFO - In state 17976143188387390655 saw radiation_level.Green
2026-01-27 16:47:38,424 - varanus - INFO - In state 17976143188387390655 saw radiation_level.Green
2026-01-27 16:47:38,424 - varanus - INFO - In state 17976143188387390655 saw radiation_level.Green
2026-01-27 16:47:38,424 - varanus - INFO - In state 17976143188387390655 saw radiation_level.Green
2026-01-27 16:47:38,425 - varanus - INFO - In state 17976143188387390655 saw radiation_level.Green
2026-01-27 16:47:38,425 - varanus - INFO - In state 17976143188387390655 saw radiation_level.Green
2026-01-27 16:47:38,426 - varanus - INFO - In state 17976143188387390655 saw radiation_level.Green
2026-01-27 16:47:38,426 - varanus - INFO - In state 17976143188387390655 saw move.1
2026-01-27 16:47:38,426 - varanus - INFO - In state 2681491882390849628 saw radiation_level.Green
2026-01-27 16:47:38,427 - varanus - INFO - In state 2681491882390849628 saw radiation_level.Green
2026-01-27 16:47:38,427 - varanus - INFO - In state 2681491882390849628 saw radiation_level.Green
2026-01-27 16:47:38,428 - varanus - INFO - In state 2681491882390849628 saw radiation_level.Green
2026-01-27 16:47:38,428 - varanus - INFO - In state 2681491882390849628 saw radiation_level.Green
2026-01-27 16:47:38,429 - varanus - INFO - In state 2681491882390849628 saw radiation_level.Green
2026-01-27 16:47:38,429 - varanus - INFO - In state 2681491882390849628 saw radiation_level.Green
2026-01-27 16:47:38,429 - varanus - INFO - In state 2681491882390849628 saw radiation_level.Green
2026-01-27 16:47:38,430 - varanus - INFO - In state 2681491882390849628 saw radiation_level.Green
2026-01-27 16:47:38,430 - varanus - INFO - In state 2681491882390849628 saw radiation_level.Green
2026-01-27 16:47:38,431 - varanus - INFO - In state 2681491882390849628 saw radiation_level.Green
2026-01-27 16:47:38,431 - varanus - INFO - In state 2681491882390849628 saw radiation_level.Green
2026-01-27 16:47:38,432 - varanus - INFO - In state 2681491882390849628 saw radiation_level.Green
2026-01-27 16:47:38,432 - varanus - INFO - In state 2681491882390849628 saw radiation_level.Green
2026-01-27 16:47:38,432 - varanus - INFO - In state 2681491882390849628 saw radiation_level.Green
2026-01-27 16:47:38,433 - varanus - INFO - In state 2681491882390849628 saw radiation_level.Green
2026-01-27 16:47:38,433 - varanus - INFO - In state 2681491882390849628 saw radiation_level.Green
2026-01-27 16:47:38,433 - varanus - INFO - In state 2681491882390849628 saw arrived_at.1
2026-01-27 16:47:38,434 - varanus - INFO - In state 4838965131539084411 saw radiation_level.Green
2026-01-27 16:47:38,434 - varanus - INFO - In state 4838965131539084411 saw inspect.1
2026-01-27 16:47:38,435 - varanus - INFO - In state 15366558349166237975 saw radiation_level.Green
2026-01-27 16:47:38,435 - varanus - INFO - In state 15366558349166237975 saw radiation_level.Green
2026-01-27 16:47:38,435 - varanus - INFO - In state 15366558349166237975 saw radiation_level.Green
2026-01-27 16:47:38,436 - varanus - INFO - In state 15366558349166237975 saw inspected.1
2026-01-27 16:47:38,436 - varanus - INFO - In state 4934536404935645896 saw radiation_level.Green
2026-01-27 16:47:38,437 - varanus - INFO - In state 4934536404935645896 saw move.2
2026-01-27 16:47:38,437 - varanus - INFO - In state 10299127975201442196 saw radiation_level.Green
2026-01-27 16:47:38,437 - varanus - INFO - In state 10299127975201442196 saw radiation_level.Green
2026-01-27 16:47:38,438 - varanus - INFO - In state 10299127975201442196 saw radiation_level.Green
2026-01-27 16:47:38,438 - varanus - INFO - In state 10299127975201442196 saw radiation_level.Green
2026-01-27 16:47:38,439 - varanus - INFO - In state 10299127975201442196 saw radiation_level.Green
2026-01-27 16:47:38,439 - varanus - INFO - In state 10299127975201442196 saw radiation_level.Green
2026-01-27 16:47:38,439 - varanus - INFO - In state 10299127975201442196 saw radiation_level.Green
2026-01-27 16:47:38,440 - varanus - INFO - In state 10299127975201442196 saw radiation_level.Green
2026-01-27 16:47:38,440 - varanus - INFO - In state 10299127975201442196 saw radiation_level.Green
2026-01-27 16:47:38,440 - varanus - INFO - In state 10299127975201442196 saw radiation_level.Green
2026-01-27 16:47:38,441 - varanus - INFO - In state 10299127975201442196 saw radiation_level.Green
2026-01-27 16:47:38,441 - varanus - INFO - In state 10299127975201442196 saw radiation_level.Green
2026-01-27 16:47:38,442 - varanus - INFO - In state 10299127975201442196 saw radiation_level.Green
2026-01-27 16:47:38,442 - varanus - INFO - In state 10299127975201442196 saw radiation_level.Green
2026-01-27 16:47:38,442 - varanus - INFO - In state 10299127975201442196 saw radiation_level.Green
2026-01-27 16:47:38,443 - varanus - INFO - In state 10299127975201442196 saw radiation_level.Green
2026-01-27 16:47:38,443 - varanus - INFO - In state 10299127975201442196 saw radiation_level.Green
2026-01-27 16:47:38,443 - varanus - INFO - In state 10299127975201442196 saw radiation_level.Green
2026-01-27 16:47:38,444 - varanus - INFO - In state 10299127975201442196 saw radiation_level.Green
2026-01-27 16:47:38,444 - varanus - INFO - In state 10299127975201442196 saw radiation_level.Green
2026-01-27 16:47:38,445 - varanus - INFO - In state 10299127975201442196 saw radiation_level.Green
2026-01-27 16:47:38,445 - varanus - INFO - In state 10299127975201442196 saw radiation_level.Green
2026-01-27 16:47:38,445 - varanus - INFO - In state 10299127975201442196 saw radiation_level.Green
2026-01-27 16:47:38,446 - varanus - INFO - In state 10299127975201442196 saw radiation_level.Green
2026-01-27 16:47:38,446 - varanus - INFO - In state 10299127975201442196 saw radiation_level.Green
2026-01-27 16:47:38,447 - varanus - INFO - In state 10299127975201442196 saw radiation_level.Green
2026-01-27 16:47:38,447 - varanus - INFO - In state 10299127975201442196 saw arrived_at.2
2026-01-27 16:47:38,447 - varanus - INFO - In state 8606736006536026831 saw radiation_level.Green
2026-01-27 16:47:38,448 - varanus - INFO - In state 8606736006536026831 saw inspect.2
2026-01-27 16:47:38,448 - varanus - INFO - In state 9874926409750488651 saw radiation_level.Green
2026-01-27 16:47:38,449 - varanus - INFO - In state 9874926409750488651 saw radiation_level.Green
2026-01-27 16:47:38,449 - varanus - INFO - In state 9874926409750488651 saw radiation_level.Green
2026-01-27 16:47:38,450 - varanus - INFO - In state 9874926409750488651 saw inspected.2
2026-01-27 16:47:38,450 - varanus - INFO - In state 1002990068859250494 saw move.3
2026-01-27 16:47:38,450 - varanus - INFO - In state 848502878028662445 saw radiation_level.Green
2026-01-27 16:47:38,451 - varanus - INFO - In state 848502878028662445 saw radiation_level.Green
2026-01-27 16:47:38,451 - varanus - INFO - In state 848502878028662445 saw radiation_level.Green
2026-01-27 16:47:38,451 - varanus - INFO - In state 848502878028662445 saw radiation_level.Green
2026-01-27 16:47:38,452 - varanus - INFO - In state 848502878028662445 saw radiation_level.Green
2026-01-27 16:47:38,452 - varanus - INFO - In state 848502878028662445 saw radiation_level.Green
2026-01-27 16:47:38,453 - varanus - INFO - In state 848502878028662445 saw radiation_level.Green
2026-01-27 16:47:38,453 - varanus - INFO - In state 848502878028662445 saw radiation_level.Green
2026-01-27 16:47:38,453 - varanus - INFO - In state 848502878028662445 saw radiation_level.Green
2026-01-27 16:47:38,454 - varanus - INFO - In state 848502878028662445 saw radiation_level.Green
2026-01-27 16:47:38,454 - varanus - INFO - In state 848502878028662445 saw radiation_level.Green
2026-01-27 16:47:38,455 - varanus - INFO - In state 848502878028662445 saw radiation_level.Green
2026-01-27 16:47:38,455 - varanus - INFO - In state 848502878028662445 saw radiation_level.Green
2026-01-27 16:47:38,455 - varanus - INFO - In state 848502878028662445 saw radiation_level.Green
2026-01-27 16:47:38,456 - varanus - INFO - In state 848502878028662445 saw radiation_level.Green
2026-01-27 16:47:38,456 - varanus - INFO - In state 848502878028662445 saw radiation_level.Green
2026-01-27 16:47:38,457 - varanus - INFO - In state 848502878028662445 saw radiation_level.Green
2026-01-27 16:47:38,457 - varanus - INFO - In state 848502878028662445 saw radiation_level.Green
2026-01-27 16:47:38,457 - varanus - INFO - In state 848502878028662445 saw radiation_level.Green
2026-01-27 16:47:38,458 - varanus - INFO - In state 848502878028662445 saw arrived_at.3
2026-01-27 16:47:38,458 - varanus - INFO - In state 18358507212355868629 saw inspect.3
2026-01-27 16:47:38,459 - varanus - INFO - In state 8937319153557804027 saw radiation_level.Green
2026-01-27 16:47:38,459 - varanus - INFO - In state 8937319153557804027 saw radiation_level.Green
2026-01-27 16:47:38,459 - varanus - INFO - In state 8937319153557804027 saw radiation_level.Green
2026-01-27 16:47:38,460 - varanus - INFO - In state 8937319153557804027 saw inspected.3
2026-01-27 16:47:38,460 - varanus - INFO - In state 6125819018793330642 saw radiation_level.Green
2026-01-27 16:47:38,461 - varanus - INFO - In state 6125819018793330642 saw move.4
2026-01-27 16:47:38,461 - varanus - INFO - In state 18113990135560557800 saw radiation_level.Green
2026-01-27 16:47:38,461 - varanus - INFO - In state 18113990135560557800 saw radiation_level.Green
2026-01-27 16:47:38,462 - varanus - INFO - In state 18113990135560557800 saw radiation_level.Green
2026-01-27 16:47:38,462 - varanus - INFO - In state 18113990135560557800 saw radiation_level.Green
2026-01-27 16:47:38,463 - varanus - INFO - In state 18113990135560557800 saw radiation_level.Green
2026-01-27 16:47:38,463 - varanus - INFO - In state 18113990135560557800 saw radiation_level.Green
2026-01-27 16:47:38,463 - varanus - INFO - In state 18113990135560557800 saw radiation_level.Green
2026-01-27 16:47:38,464 - varanus - INFO - In state 18113990135560557800 saw radiation_level.Green
2026-01-27 16:47:38,464 - varanus - INFO - In state 18113990135560557800 saw radiation_level.Green
2026-01-27 16:47:38,464 - varanus - INFO - In state 18113990135560557800 saw radiation_level.Green
2026-01-27 16:47:38,465 - varanus - INFO - In state 18113990135560557800 saw radiation_level.Green
2026-01-27 16:47:38,465 - varanus - INFO - In state 18113990135560557800 saw radiation_level.Green
2026-01-27 16:47:38,466 - varanus - INFO - In state 18113990135560557800 saw radiation_level.Green
2026-01-27 16:47:38,466 - varanus - INFO - In state 18113990135560557800 saw radiation_level.Green
2026-01-27 16:47:38,466 - varanus - INFO - In state 18113990135560557800 saw radiation_level.Green
2026-01-27 16:47:38,467 - varanus - INFO - In state 18113990135560557800 saw radiation_level.Green
2026-01-27 16:47:38,467 - varanus - INFO - In state 18113990135560557800 saw radiation_level.Green
2026-01-27 16:47:38,467 - varanus - INFO - In state 18113990135560557800 saw radiation_level.Green
2026-01-27 16:47:38,468 - varanus - INFO - In state 18113990135560557800 saw radiation_level.Green
2026-01-27 16:47:38,468 - varanus - INFO - In state 18113990135560557800 saw radiation_level.Green
2026-01-27 16:47:38,468 - varanus - INFO - In state 18113990135560557800 saw radiation_level.Green
2026-01-27 16:47:38,469 - varanus - INFO - In state 18113990135560557800 saw radiation_level.Green
2026-01-27 16:47:38,469 - varanus - INFO - In state 18113990135560557800 saw radiation_level.Green
2026-01-27 16:47:38,470 - varanus - INFO - In state 18113990135560557800 saw arrived_at.4
2026-01-27 16:47:38,470 - varanus - INFO - In state 5125245401906001979 saw radiation_level.Green
2026-01-27 16:47:38,470 - varanus - INFO - In state 5125245401906001979 saw inspect.4
2026-01-27 16:47:38,471 - varanus - INFO - In state 16977269308034314985 saw radiation_level.Green
2026-01-27 16:47:38,471 - varanus - INFO - In state 16977269308034314985 saw radiation_level.Green
2026-01-27 16:47:38,471 - varanus - INFO - In state 16977269308034314985 saw inspected.4
2026-01-27 16:47:38,472 - varanus - INFO - In state 7969116358531300304 saw radiation_level.Green
2026-01-27 16:47:38,472 - varanus - INFO - In state 7969116358531300304 saw move.5
2026-01-27 16:47:38,473 - varanus - INFO - In state 14259182326962537126 saw radiation_level.Green
2026-01-27 16:47:38,473 - varanus - INFO - In state 14259182326962537126 saw radiation_level.Green
2026-01-27 16:47:38,474 - varanus - INFO - In state 14259182326962537126 saw radiation_level.Green
2026-01-27 16:47:38,474 - varanus - INFO - In state 14259182326962537126 saw radiation_level.Green
2026-01-27 16:47:38,474 - varanus - INFO - In state 14259182326962537126 saw radiation_level.Green
2026-01-27 16:47:38,475 - varanus - INFO - In state 14259182326962537126 saw radiation_level.Green
2026-01-27 16:47:38,475 - varanus - INFO - In state 14259182326962537126 saw radiation_level.Green
2026-01-27 16:47:38,476 - varanus - INFO - In state 14259182326962537126 saw radiation_level.Green
2026-01-27 16:47:38,476 - varanus - INFO - In state 14259182326962537126 saw radiation_level.Green
2026-01-27 16:47:38,476 - varanus - INFO - In state 14259182326962537126 saw radiation_level.Green
2026-01-27 16:47:38,477 - varanus - INFO - In state 14259182326962537126 saw radiation_level.Green
2026-01-27 16:47:38,477 - varanus - INFO - In state 14259182326962537126 saw radiation_level.Green
2026-01-27 16:47:38,477 - varanus - INFO - In state 14259182326962537126 saw arrived_at.5
2026-01-27 16:47:38,478 - varanus - INFO - In state 5964836128005976074 saw radiation_level.Green
2026-01-27 16:47:38,478 - varanus - INFO - In state 5964836128005976074 saw inspect.5
2026-01-27 16:47:38,479 - varanus - INFO - In state 2497360490192324208 saw radiation_level.Green
2026-01-27 16:47:38,479 - varanus - INFO - In state 2497360490192324208 saw radiation_level.Green
2026-01-27 16:47:38,479 - varanus - INFO - In state 2497360490192324208 saw inspected.5
2026-01-27 16:47:38,480 - varanus - INFO - In state 6885406471930127325 saw radiation_level.Green
2026-01-27 16:47:38,480 - varanus - INFO - In state 6885406471930127325 saw radiation_level.Green
2026-01-27 16:47:38,481 - varanus - INFO - In state 6885406471930127325 saw radiation_level.Green
2026-01-27 16:47:38,481 - varanus - INFO - In state 6885406471930127325 saw move.0
2026-01-27 16:47:38,481 - varanus - INFO - In state 8074625055225453823 saw radiation_level.Green
2026-01-27 16:47:38,482 - varanus - INFO - In state 8074625055225453823 saw radiation_level.Green
2026-01-27 16:47:38,482 - varanus - INFO - In state 8074625055225453823 saw radiation_level.Green
2026-01-27 16:47:38,483 - varanus - INFO - In state 8074625055225453823 saw radiation_level.Green
2026-01-27 16:47:38,483 - varanus - INFO - In state 8074625055225453823 saw radiation_level.Green
2026-01-27 16:47:38,483 - varanus - INFO - In state 8074625055225453823 saw radiation_level.Green
2026-01-27 16:47:38,484 - varanus - INFO - In state 8074625055225453823 saw radiation_level.Green
2026-01-27 16:47:38,484 - varanus - INFO - In state 8074625055225453823 saw radiation_level.Green
2026-01-27 16:47:38,484 - varanus - INFO - In state 8074625055225453823 saw radiation_level.Green
2026-01-27 16:47:38,485 - varanus - INFO - In state 8074625055225453823 saw radiation_level.Green
2026-01-27 16:47:38,485 - varanus - INFO - In state 8074625055225453823 saw radiation_level.Green
2026-01-27 16:47:38,486 - varanus - INFO - In state 8074625055225453823 saw radiation_level.Green
2026-01-27 16:47:38,486 - varanus - INFO - In state 8074625055225453823 saw radiation_level.Green
2026-01-27 16:47:38,486 - varanus - INFO - In state 8074625055225453823 saw radiation_level.Green
2026-01-27 16:47:38,487 - varanus - INFO - In state 8074625055225453823 saw radiation_level.Green
2026-01-27 16:47:38,487 - varanus - INFO - In state 8074625055225453823 saw radiation_level.Green
2026-01-27 16:47:38,488 - varanus - INFO - In state 8074625055225453823 saw radiation_level.Green
2026-01-27 16:47:38,488 - varanus - INFO - In state 8074625055225453823 saw arrived_at.0
2026-01-27 16:47:38,488 - varanus - INFO - In state 5557364616738331925 saw radiation_level.Green
2026-01-27 16:47:38,488 - varanus - INFO - Trace file finished with no violations
2026-01-27 16:47:38,490 - varanus - INFO - +++ Build Time: 			0.378154993057s +++
2026-01-27 16:47:38,491 - varanus - INFO - +++ Check Time: 			0.118063926697s +++
2026-01-27 16:47:38,491 - varanus - INFO - +++ Average Transition Time: 	0.000397196143482s (233 events) +++
2026-01-27 16:47:38,491 - varanus - INFO - +++ Total Time: 			0.522207021713s +++
