2026-01-27 16:47:27,302 - varanus - INFO - +++ Testing rover_model_ras_pass +++
2026-01-27 16:47:27,303 - varanus - INFO - Preprocessing...
2026-01-27 16:47:27,303 - varanus - INFO - Preprocessing: pass
2026-01-27 16:47:27,303 - varanus - INFO - +++ Running Offline +++
2026-01-27 16:47:27,327 - varanus - INFO - Building CSP State Machine. Please Wait
2026-01-27 16:47:27,607 - varanus - INFO - Building CSP State Machine
2026-01-27 16:47:27,837 - varanus - INFO - +++ checking that ROVER_SYSTEM is deterministic with given alphabets +++
2026-01-27 16:47:27,837 - varanus - INFO - +++ starting monitoring against ROVER_SYSTEM +++
2026-01-27 16:47:27,838 - varanus - INFO - +++ Running Offline -- Using State Machine +++
2026-01-27 16:47:27,838 - varanus - INFO - Parsing trace file at: oracles/inspection-rover-ras/trace-json-pass.txt
2026-01-27 16:47:27,851 - varanus - INFO - Parsed trace file OK
2026-01-27 16:47:27,852 - varanus - INFO - Checking trace file: oracles/inspection-rover-ras/trace-json-pass.txt
2026-01-27 16:47:27,852 - varanus - INFO - In state 17976143188387390655 saw radiation_level.Green
2026-01-27 16:47:27,852 - varanus - INFO - In state 17976143188387390655 saw radiation_level.Green
2026-01-27 16:47:27,852 - varanus - INFO - In state 17976143188387390655 saw radiation_level.Green
2026-01-27 16:47:27,853 - varanus - INFO - In state 17976143188387390655 saw radiation_level.Green
2026-01-27 16:47:27,853 - varanus - INFO - In state 17976143188387390655 saw radiation_level.Green
2026-01-27 16:47:27,853 - varanus - INFO - In state 17976143188387390655 saw radiation_level.Green
2026-01-27 16:47:27,854 - varanus - INFO - In state 17976143188387390655 saw radiation_level.Green
2026-01-27 16:47:27,854 - varanus - INFO - In state 17976143188387390655 saw radiation_level.Green
2026-01-27 16:47:27,854 - varanus - INFO - In state 17976143188387390655 saw radiation_level.Green
2026-01-27 16:47:27,854 - varanus - INFO - In state 17976143188387390655 saw radiation_level.Green
2026-01-27 16:47:27,855 - varanus - INFO - In state 17976143188387390655 saw radiation_level.Green
2026-01-27 16:47:27,855 - varanus - INFO - In state 17976143188387390655 saw radiation_level.Green
2026-01-27 16:47:27,855 - varanus - INFO - In state 17976143188387390655 saw radiation_level.Green
2026-01-27 16:47:27,856 - varanus - INFO - In state 17976143188387390655 saw radiation_level.Green
2026-01-27 16:47:27,856 - varanus - INFO - In state 17976143188387390655 saw radiation_level.Green
2026-01-27 16:47:27,856 - varanus - INFO - In state 17976143188387390655 saw radiation_level.Green
2026-01-27 16:47:27,856 - varanus - INFO - In state 17976143188387390655 saw radiation_level.Green
2026-01-27 16:47:27,857 - varanus - INFO - In state 17976143188387390655 saw radiation_level.Green
2026-01-27 16:47:27,857 - varanus - INFO - In state 17976143188387390655 saw radiation_level.Green
2026-01-27 16:47:27,857 - varanus - INFO - In state 17976143188387390655 saw radiation_level.Green
2026-01-27 16:47:27,858 - varanus - INFO - In state 17976143188387390655 saw radiation_level.Green
2026-01-27 16:47:27,858 - varanus - INFO - In state 17976143188387390655 saw radiation_level.Green
2026-01-27 16:47:27,858 - varanus - INFO - In state 17976143188387390655 saw radiation_level.Green
2026-01-27 16:47:27,858 - varanus - INFO - In state 17976143188387390655 saw radiation_level.Green
2026-01-27 16:47:27,859 - varanus - INFO - In state 17976143188387390655 saw radiation_level.Green
2026-01-27 16:47:27,859 - varanus - INFO - In state 17976143188387390655 saw radiation_level.Green
2026-01-27 16:47:27,859 - varanus - INFO - In state 17976143188387390655 saw radiation_level.Green
2026-01-27 16:47:27,859 - varanus - INFO - In state 17976143188387390655 saw radiation_level.Green
2026-01-27 16:47:27,860 - varanus - INFO - In state 17976143188387390655 saw radiation_level.Green
2026-01-27 16:47:27,860 - varanus - INFO - In state 17976143188387390655 saw radiation_level.Green
2026-01-27 16:47:27,860 - varanus - INFO - In state 17976143188387390655 saw radiation_level.Green
2026-01-27 16:47:27,860 - varanus - INFO - In state 17976143188387390655 saw radiation_level.Green
2026-01-27 16:47:27,861 - varanus - INFO - In state 17976143188387390655 saw radiation_level.Green
2026-01-27 16:47:27,861 - varanus - INFO - In state 17976143188387390655 saw radiation_level.Green
2026-01-27 16:47:27,861 - varanus - INFO - In state 17976143188387390655 saw radiation_level.Green
2026-01-27 16:47:27,862 - varanus - INFO - In state 17976143188387390655 saw radiation_level.Green
2026-01-27 16:47:27,862 - varanus - INFO - In state 17976143188387390655 saw radiation_level.Green
2026-01-27 16:47:27,862 - varanus - INFO - In state 17976143188387390655 saw radiation_level.Green
2026-01-27 16:47:27,862 - varanus - INFO - In state 17976143188387390655 saw radiation_level.Green
2026-01-27 16:47:27,863 - varanus - INFO - In state 17976143188387390655 saw radiation_level.Green
2026-01-27 16:47:27,863 - varanus - INFO - In state 17976143188387390655 saw radiation_level.Green
2026-01-27 16:47:27,863 - varanus - INFO - In state 17976143188387390655 saw radiation_level.Green
2026-01-27 16:47:27,863 - varanus - INFO - In state 17976143188387390655 saw radiation_level.Green
2026-01-27 16:47:27,864 - varanus - INFO - In state 17976143188387390655 saw radiation_level.Green
2026-01-27 16:47:27,864 - varanus - INFO - In state 17976143188387390655 saw radiation_level.Green
2026-01-27 16:47:27,864 - varanus - INFO - In state 17976143188387390655 saw radiation_level.Green
2026-01-27 16:47:27,864 - varanus - INFO - In state 17976143188387390655 saw radiation_level.Green
2026-01-27 16:47:27,865 - varanus - INFO - In state 17976143188387390655 saw radiation_level.Green
2026-01-27 16:47:27,865 - varanus - INFO - In state 17976143188387390655 saw radiation_level.Green
2026-01-27 16:47:27,865 - varanus - INFO - In state 17976143188387390655 saw radiation_level.Green
2026-01-27 16:47:27,865 - varanus - INFO - In state 17976143188387390655 saw radiation_level.Green
2026-01-27 16:47:27,866 - varanus - INFO - In state 17976143188387390655 saw radiation_level.Green
2026-01-27 16:47:27,866 - varanus - INFO - In state 17976143188387390655 saw radiation_level.Green
2026-01-27 16:47:27,866 - varanus - INFO - In state 17976143188387390655 saw radiation_level.Green
2026-01-27 16:47:27,867 - varanus - INFO - In state 17976143188387390655 saw radiation_level.Green
2026-01-27 16:47:27,867 - varanus - INFO - In state 17976143188387390655 saw radiation_level.Green
2026-01-27 16:47:27,867 - varanus - INFO - In state 17976143188387390655 saw radiation_level.Green
2026-01-27 16:47:27,867 - varanus - INFO - In state 17976143188387390655 saw radiation_level.Green
2026-01-27 16:47:27,868 - varanus - INFO - In state 17976143188387390655 saw radiation_level.Green
2026-01-27 16:47:27,868 - varanus - INFO - In state 17976143188387390655 saw radiation_level.Green
2026-01-27 16:47:27,868 - varanus - INFO - In state 17976143188387390655 saw radiation_level.Green
2026-01-27 16:47:27,868 - varanus - INFO - In state 17976143188387390655 saw radiation_level.Green
2026-01-27 16:47:27,869 - varanus - INFO - In state 17976143188387390655 saw radiation_level.Green
2026-01-27 16:47:27,869 - varanus - INFO - In state 17976143188387390655 saw radiation_level.Green
2026-01-27 16:47:27,869 - varanus - INFO - In state 17976143188387390655 saw radiation_level.Green
2026-01-27 16:47:27,870 - varanus - INFO - In state 17976143188387390655 saw radiation_level.Green
2026-01-27 16:47:27,870 - varanus - INFO - In state 17976143188387390655 saw radiation_level.Green
2026-01-27 16:47:27,870 - varanus - INFO - In state 17976143188387390655 saw radiation_level.Green
2026-01-27 16:47:27,870 - varanus - INFO - In state 17976143188387390655 saw radiation_level.Green
2026-01-27 16:47:27,871 - varanus - INFO - In state 17976143188387390655 saw radiation_level.Green
2026-01-27 16:47:27,871 - varanus - INFO - In state 17976143188387390655 saw radiation_level.Green
2026-01-27 16:47:27,871 - varanus - INFO - In state 17976143188387390655 saw radiation_level.Green
2026-01-27 16:47:27,871 - varanus - INFO - In state 17976143188387390655 saw radiation_level.Green
2026-01-27 16:47:27,872 - varanus - INFO - In state 17976143188387390655 saw move.1
2026-01-27 16:47:27,872 - varanus - INFO - In state 2681491882390849628 saw radiation_level.Green
2026-01-27 16:47:27,872 - varanus - INFO - In state 2681491882390849628 saw radiation_level.Green
2026-01-27 16:47:27,872 - varanus - INFO - In state 2681491882390849628 saw radiation_level.Green
2026-01-27 16:47:27,873 - varanus - INFO - In state 2681491882390849628 saw radiation_level.Green
2026-01-27 16:47:27,873 - varanus - INFO - In state 2681491882390849628 saw radiation_level.Green
2026-01-27 16:47:27,873 - varanus - INFO - In state 2681491882390849628 saw radiation_level.Green
2026-01-27 16:47:27,873 - varanus - INFO - In state 2681491882390849628 saw radiation_level.Green
2026-01-27 16:47:27,874 - varanus - INFO - In state 2681491882390849628 saw radiation_level.Green
2026-01-27 16:47:27,874 - varanus - INFO - In state 2681491882390849628 saw radiation_level.Green
2026-01-27 16:47:27,874 - varanus - INFO - In state 2681491882390849628 saw radiation_level.Green
2026-01-27 16:47:27,874 - varanus - INFO - In state 2681491882390849628 saw radiation_level.Green
2026-01-27 16:47:27,875 - varanus - INFO - In state 2681491882390849628 saw radiation_level.Green
2026-01-27 16:47:27,875 - varanus - INFO - In state 2681491882390849628 saw radiation_level.Green
2026-01-27 16:47:27,875 - varanus - INFO - In state 2681491882390849628 saw radiation_level.Green
2026-01-27 16:47:27,876 - varanus - INFO - In state 2681491882390849628 saw radiation_level.Green
2026-01-27 16:47:27,876 - varanus - INFO - In state 2681491882390849628 saw radiation_level.Green
2026-01-27 16:47:27,877 - varanus - INFO - In state 2681491882390849628 saw radiation_level.Green
2026-01-27 16:47:27,877 - varanus - INFO - In state 2681491882390849628 saw arrived_at.1
2026-01-27 16:47:27,877 - varanus - INFO - In state 4838965131539084411 saw radiation_level.Green
2026-01-27 16:47:27,878 - varanus - INFO - In state 4838965131539084411 saw inspect.1
2026-01-27 16:47:27,878 - varanus - INFO - In state 15366558349166237975 saw radiation_level.Green
2026-01-27 16:47:27,879 - varanus - INFO - In state 15366558349166237975 saw radiation_level.Green
2026-01-27 16:47:27,879 - varanus - INFO - In state 15366558349166237975 saw radiation_level.Green
2026-01-27 16:47:27,879 - varanus - INFO - In state 15366558349166237975 saw inspected.1
2026-01-27 16:47:27,880 - varanus - INFO - In state 4934536404935645896 saw radiation_level.Green
2026-01-27 16:47:27,880 - varanus - INFO - In state 4934536404935645896 saw move.2
2026-01-27 16:47:27,881 - varanus - INFO - In state 10299127975201442196 saw radiation_level.Green
2026-01-27 16:47:27,881 - varanus - INFO - In state 10299127975201442196 saw radiation_level.Green
2026-01-27 16:47:27,881 - varanus - INFO - In state 10299127975201442196 saw radiation_level.Green
2026-01-27 16:47:27,882 - varanus - INFO - In state 10299127975201442196 saw radiation_level.Green
2026-01-27 16:47:27,882 - varanus - INFO - In state 10299127975201442196 saw radiation_level.Green
2026-01-27 16:47:27,883 - varanus - INFO - In state 10299127975201442196 saw radiation_level.Green
2026-01-27 16:47:27,883 - varanus - INFO - In state 10299127975201442196 saw radiation_level.Green
2026-01-27 16:47:27,884 - varanus - INFO - In state 10299127975201442196 saw radiation_level.Green
2026-01-27 16:47:27,884 - varanus - INFO - In state 10299127975201442196 saw radiation_level.Green
2026-01-27 16:47:27,884 - varanus - INFO - In state 10299127975201442196 saw radiation_level.Green
2026-01-27 16:47:27,885 - varanus - INFO - In state 10299127975201442196 saw radiation_level.Green
2026-01-27 16:47:27,885 - varanus - INFO - In state 10299127975201442196 saw radiation_level.Green
2026-01-27 16:47:27,886 - varanus - INFO - In state 10299127975201442196 saw radiation_level.Green
2026-01-27 16:47:27,886 - varanus - INFO - In state 10299127975201442196 saw radiation_level.Green
2026-01-27 16:47:27,888 - varanus - INFO - In state 10299127975201442196 saw radiation_level.Green
2026-01-27 16:47:27,889 - varanus - INFO - In state 10299127975201442196 saw radiation_level.Green
2026-01-27 16:47:27,889 - varanus - INFO - In state 10299127975201442196 saw radiation_level.Green
2026-01-27 16:47:27,890 - varanus - INFO - In state 10299127975201442196 saw radiation_level.Green
2026-01-27 16:47:27,890 - varanus - INFO - In state 10299127975201442196 saw radiation_level.Green
2026-01-27 16:47:27,890 - varanus - INFO - In state 10299127975201442196 saw radiation_level.Green
2026-01-27 16:47:27,890 - varanus - INFO - In state 10299127975201442196 saw radiation_level.Green
2026-01-27 16:47:27,891 - varanus - INFO - In state 10299127975201442196 saw radiation_level.Green
2026-01-27 16:47:27,891 - varanus - INFO - In state 10299127975201442196 saw radiation_level.Green
2026-01-27 16:47:27,891 - varanus - INFO - In state 10299127975201442196 saw radiation_level.Green
2026-01-27 16:47:27,891 - varanus - INFO - In state 10299127975201442196 saw radiation_level.Green
2026-01-27 16:47:27,892 - varanus - INFO - In state 10299127975201442196 saw radiation_level.Green
2026-01-27 16:47:27,892 - varanus - INFO - In state 10299127975201442196 saw arrived_at.2
2026-01-27 16:47:27,892 - varanus - INFO - In state 8606736006536026831 saw radiation_level.Green
2026-01-27 16:47:27,892 - varanus - INFO - In state 8606736006536026831 saw inspect.2
2026-01-27 16:47:27,893 - varanus - INFO - In state 9874926409750488651 saw radiation_level.Green
2026-01-27 16:47:27,893 - varanus - INFO - In state 9874926409750488651 saw radiation_level.Green
2026-01-27 16:47:27,893 - varanus - INFO - In state 9874926409750488651 saw radiation_level.Green
2026-01-27 16:47:27,893 - varanus - INFO - In state 9874926409750488651 saw inspected.2
2026-01-27 16:47:27,894 - varanus - INFO - In state 1002990068859250494 saw move.3
2026-01-27 16:47:27,894 - varanus - INFO - In state 848502878028662445 saw radiation_level.Green
2026-01-27 16:47:27,894 - varanus - INFO - In state 848502878028662445 saw radiation_level.Green
2026-01-27 16:47:27,895 - varanus - INFO - In state 848502878028662445 saw radiation_level.Green
2026-01-27 16:47:27,895 - varanus - INFO - In state 848502878028662445 saw radiation_level.Green
2026-01-27 16:47:27,895 - varanus - INFO - In state 848502878028662445 saw radiation_level.Green
2026-01-27 16:47:27,895 - varanus - INFO - In state 848502878028662445 saw radiation_level.Green
2026-01-27 16:47:27,896 - varanus - INFO - In state 848502878028662445 saw radiation_level.Green
2026-01-27 16:47:27,896 - varanus - INFO - In state 848502878028662445 saw radiation_level.Green
2026-01-27 16:47:27,896 - varanus - INFO - In state 848502878028662445 saw radiation_level.Green
2026-01-27 16:47:27,896 - varanus - INFO - In state 848502878028662445 saw radiation_level.Green
2026-01-27 16:47:27,897 - varanus - INFO - In state 848502878028662445 saw radiation_level.Green
2026-01-27 16:47:27,897 - varanus - INFO - In state 848502878028662445 saw radiation_level.Green
2026-01-27 16:47:27,897 - varanus - INFO - In state 848502878028662445 saw radiation_level.Green
2026-01-27 16:47:27,897 - varanus - INFO - In state 848502878028662445 saw radiation_level.Green
2026-01-27 16:47:27,898 - varanus - INFO - In state 848502878028662445 saw radiation_level.Green
2026-01-27 16:47:27,898 - varanus - INFO - In state 848502878028662445 saw radiation_level.Green
2026-01-27 16:47:27,898 - varanus - INFO - In state 848502878028662445 saw radiation_level.Green
2026-01-27 16:47:27,898 - varanus - INFO - In state 848502878028662445 saw radiation_level.Green
2026-01-27 16:47:27,899 - varanus - INFO - In state 848502878028662445 saw radiation_level.Green
2026-01-27 16:47:27,899 - varanus - INFO - In state 848502878028662445 saw arrived_at.3
2026-01-27 16:47:27,899 - varanus - INFO - In state 18358507212355868629 saw inspect.3
2026-01-27 16:47:27,900 - varanus - INFO - In state 8937319153557804027 saw radiation_level.Green
2026-01-27 16:47:27,900 - varanus - INFO - In state 8937319153557804027 saw radiation_level.Green
2026-01-27 16:47:27,900 - varanus - INFO - In state 8937319153557804027 saw radiation_level.Green
2026-01-27 16:47:27,900 - varanus - INFO - In state 8937319153557804027 saw inspected.3
2026-01-27 16:47:27,901 - varanus - INFO - In state 6125819018793330642 saw radiation_level.Green
2026-01-27 16:47:27,901 - varanus - INFO - In state 6125819018793330642 saw move.4
2026-01-27 16:47:27,901 - varanus - INFO - In state 18113990135560557800 saw radiation_level.Green
2026-01-27 16:47:27,901 - varanus - INFO - In state 18113990135560557800 saw radiation_level.Green
2026-01-27 16:47:27,903 - varanus - INFO - In state 18113990135560557800 saw radiation_level.Green
2026-01-27 16:47:27,903 - varanus - INFO - In state 18113990135560557800 saw radiation_level.Green
2026-01-27 16:47:27,904 - varanus - INFO - In state 18113990135560557800 saw radiation_level.Green
2026-01-27 16:47:27,904 - varanus - INFO - In state 18113990135560557800 saw radiation_level.Green
2026-01-27 16:47:27,904 - varanus - INFO - In state 18113990135560557800 saw radiation_level.Green
2026-01-27 16:47:27,905 - varanus - INFO - In state 18113990135560557800 saw radiation_level.Green
2026-01-27 16:47:27,905 - varanus - INFO - In state 18113990135560557800 saw radiation_level.Green
2026-01-27 16:47:27,905 - varanus - INFO - In state 18113990135560557800 saw radiation_level.Green
2026-01-27 16:47:27,905 - varanus - INFO - In state 18113990135560557800 saw radiation_level.Green
2026-01-27 16:47:27,906 - varanus - INFO - In state 18113990135560557800 saw radiation_level.Green
2026-01-27 16:47:27,906 - varanus - INFO - In state 18113990135560557800 saw radiation_level.Green
2026-01-27 16:47:27,906 - varanus - INFO - In state 18113990135560557800 saw radiation_level.Green
2026-01-27 16:47:27,906 - varanus - INFO - In state 18113990135560557800 saw radiation_level.Green
2026-01-27 16:47:27,907 - varanus - INFO - In state 18113990135560557800 saw radiation_level.Green
2026-01-27 16:47:27,907 - varanus - INFO - In state 18113990135560557800 saw radiation_level.Green
2026-01-27 16:47:27,907 - varanus - INFO - In state 18113990135560557800 saw radiation_level.Green
2026-01-27 16:47:27,907 - varanus - INFO - In state 18113990135560557800 saw radiation_level.Green
2026-01-27 16:47:27,908 - varanus - INFO - In state 18113990135560557800 saw radiation_level.Green
2026-01-27 16:47:27,908 - varanus - INFO - In state 18113990135560557800 saw radiation_level.Green
2026-01-27 16:47:27,908 - varanus - INFO - In state 18113990135560557800 saw radiation_level.Green
2026-01-27 16:47:27,908 - varanus - INFO - In state 18113990135560557800 saw radiation_level.Green
2026-01-27 16:47:27,909 - varanus - INFO - In state 18113990135560557800 saw arrived_at.4
2026-01-27 16:47:27,909 - varanus - INFO - In state 5125245401906001979 saw radiation_level.Green
2026-01-27 16:47:27,909 - varanus - INFO - In state 5125245401906001979 saw inspect.4
2026-01-27 16:47:27,909 - varanus - INFO - In state 16977269308034314985 saw radiation_level.Green
2026-01-27 16:47:27,910 - varanus - INFO - In state 16977269308034314985 saw radiation_level.Green
2026-01-27 16:47:27,910 - varanus - INFO - In state 16977269308034314985 saw inspected.4
2026-01-27 16:47:27,910 - varanus - INFO - In state 7969116358531300304 saw radiation_level.Green
2026-01-27 16:47:27,911 - varanus - INFO - In state 7969116358531300304 saw move.5
2026-01-27 16:47:27,911 - varanus - INFO - In state 14259182326962537126 saw radiation_level.Green
2026-01-27 16:47:27,911 - varanus - INFO - In state 14259182326962537126 saw radiation_level.Green
2026-01-27 16:47:27,911 - varanus - INFO - In state 14259182326962537126 saw radiation_level.Green
2026-01-27 16:47:27,912 - varanus - INFO - In state 14259182326962537126 saw radiation_level.Green
2026-01-27 16:47:27,912 - varanus - INFO - In state 14259182326962537126 saw radiation_level.Green
2026-01-27 16:47:27,912 - varanus - INFO - In state 14259182326962537126 saw radiation_level.Green
2026-01-27 16:47:27,912 - varanus - INFO - In state 14259182326962537126 saw radiation_level.Green
2026-01-27 16:47:27,913 - varanus - INFO - In state 14259182326962537126 saw radiation_level.Green
2026-01-27 16:47:27,913 - varanus - INFO - In state 14259182326962537126 saw radiation_level.Green
2026-01-27 16:47:27,913 - varanus - INFO - In state 14259182326962537126 saw radiation_level.Green
2026-01-27 16:47:27,913 - varanus - INFO - In state 14259182326962537126 saw radiation_level.Green
2026-01-27 16:47:27,914 - varanus - INFO - In state 14259182326962537126 saw radiation_level.Green
2026-01-27 16:47:27,914 - varanus - INFO - In state 14259182326962537126 saw arrived_at.5
2026-01-27 16:47:27,914 - varanus - INFO - In state 5964836128005976074 saw radiation_level.Green
2026-01-27 16:47:27,914 - varanus - INFO - In state 5964836128005976074 saw inspect.5
2026-01-27 16:47:27,915 - varanus - INFO - In state 2497360490192324208 saw radiation_level.Green
2026-01-27 16:47:27,915 - varanus - INFO - In state 2497360490192324208 saw radiation_level.Green
2026-01-27 16:47:27,915 - varanus - INFO - In state 2497360490192324208 saw inspected.5
2026-01-27 16:47:27,916 - varanus - INFO - In state 6885406471930127325 saw radiation_level.Green
2026-01-27 16:47:27,916 - varanus - INFO - In state 6885406471930127325 saw radiation_level.Green
2026-01-27 16:47:27,916 - varanus - INFO - In state 6885406471930127325 saw radiation_level.Green
2026-01-27 16:47:27,917 - varanus - INFO - In state 6885406471930127325 saw move.0
2026-01-27 16:47:27,917 - varanus - INFO - In state 8074625055225453823 saw radiation_level.Green
2026-01-27 16:47:27,917 - varanus - INFO - In state 8074625055225453823 saw radiation_level.Green
2026-01-27 16:47:27,917 - varanus - INFO - In state 8074625055225453823 saw radiation_level.Green
2026-01-27 16:47:27,918 - varanus - INFO - In state 8074625055225453823 saw radiation_level.Green
2026-01-27 16:47:27,918 - varanus - INFO - In state 8074625055225453823 saw radiation_level.Green
2026-01-27 16:47:27,920 - varanus - INFO - In state 8074625055225453823 saw radiation_level.Green
2026-01-27 16:47:27,920 - varanus - INFO - In state 8074625055225453823 saw radiation_level.Green
2026-01-27 16:47:27,920 - varanus - INFO - In state 8074625055225453823 saw radiation_level.Green
2026-01-27 16:47:27,920 - varanus - INFO - In state 8074625055225453823 saw radiation_level.Green
2026-01-27 16:47:27,921 - varanus - INFO - In state 8074625055225453823 saw radiation_level.Green
2026-01-27 16:47:27,921 - varanus - INFO - In state 8074625055225453823 saw radiation_level.Green
2026-01-27 16:47:27,921 - varanus - INFO - In state 8074625055225453823 saw radiation_level.Green
2026-01-27 16:47:27,921 - varanus - INFO - In state 8074625055225453823 saw radiation_level.Green
2026-01-27 16:47:27,922 - varanus - INFO - In state 8074625055225453823 saw radiation_level.Green
2026-01-27 16:47:27,922 - varanus - INFO - In state 8074625055225453823 saw radiation_level.Green
2026-01-27 16:47:27,922 - varanus - INFO - In state 8074625055225453823 saw radiation_level.Green
2026-01-27 16:47:27,922 - varanus - INFO - In state 8074625055225453823 saw radiation_level.Green
2026-01-27 16:47:27,923 - varanus - INFO - In state 8074625055225453823 saw arrived_at.0
2026-01-27 16:47:27,923 - varanus - INFO - In state 5557364616738331925 saw radiation_level.Green
2026-01-27 16:47:27,923 - varanus - INFO - Trace file finished with no violations
2026-01-27 16:47:27,925 - varanus - INFO - +++ Build Time: 			0.509923934937s +++
2026-01-27 16:47:27,925 - varanus - INFO - +++ Check Time: 			0.0857050418854s +++
2026-01-27 16:47:27,925 - varanus - INFO - +++ Average Transition Time: 	0.000303092432636s (233 events) +++
2026-01-27 16:47:27,925 - varanus - INFO - +++ Total Time: 			0.62060213089s +++
