2026-01-27 19:10:55,385 - varanus - INFO - +++ Testing rover_robochart_model_ras_fail_ordering +++
2026-01-27 19:10:55,385 - varanus - INFO - Preprocessing...
2026-01-27 19:10:55,385 - varanus - INFO - Preprocessing: pass
2026-01-27 19:10:55,385 - varanus - INFO - +++ Running Offline +++
2026-01-27 19:10:55,505 - varanus - INFO - Building CSP State Machine. Please Wait
2026-01-27 19:11:50,247 - varanus - INFO - Building CSP State Machine
2026-01-27 19:11:50,251 - varanus - INFO - +++ checking that normal(RCSystem) is deterministic with given alphabets +++
2026-01-27 19:11:50,251 - varanus - INFO - +++ starting monitoring against normal(RCSystem) +++
2026-01-27 19:11:50,251 - varanus - INFO - +++ Running Offline -- Using State Machine +++
2026-01-27 19:11:50,251 - varanus - INFO - Parsing trace file at: oracles/inspection-rover-ras/trace-json-fail-message-order.txt
2026-01-27 19:11:50,261 - varanus - INFO - Parsed trace file OK
2026-01-27 19:11:50,261 - varanus - INFO - Checking trace file: oracles/inspection-rover-ras/trace-json-fail-message-order.txt
2026-01-27 19:11:50,261 - varanus - INFO - In state 16187007277633237420 saw radiation_level.Radiation_Green
2026-01-27 19:11:50,261 - varanus - INFO - In state 16187007277633237420 saw radiation_level.Radiation_Green
2026-01-27 19:11:50,262 - varanus - INFO - In state 16187007277633237420 saw radiation_level.Radiation_Green
2026-01-27 19:11:50,262 - varanus - INFO - In state 16187007277633237420 saw radiation_level.Radiation_Green
2026-01-27 19:11:50,262 - varanus - INFO - In state 16187007277633237420 saw radiation_level.Radiation_Green
2026-01-27 19:11:50,262 - varanus - INFO - In state 16187007277633237420 saw radiation_level.Radiation_Green
2026-01-27 19:11:50,262 - varanus - INFO - In state 16187007277633237420 saw radiation_level.Radiation_Green
2026-01-27 19:11:50,262 - varanus - INFO - In state 16187007277633237420 saw radiation_level.Radiation_Green
2026-01-27 19:11:50,262 - varanus - INFO - In state 16187007277633237420 saw radiation_level.Radiation_Green
2026-01-27 19:11:50,263 - varanus - INFO - In state 16187007277633237420 saw radiation_level.Radiation_Green
2026-01-27 19:11:50,263 - varanus - INFO - In state 16187007277633237420 saw radiation_level.Radiation_Green
2026-01-27 19:11:50,263 - varanus - INFO - In state 16187007277633237420 saw radiation_level.Radiation_Green
2026-01-27 19:11:50,263 - varanus - INFO - In state 16187007277633237420 saw radiation_level.Radiation_Green
2026-01-27 19:11:50,263 - varanus - INFO - In state 16187007277633237420 saw radiation_level.Radiation_Green
2026-01-27 19:11:50,263 - varanus - INFO - In state 16187007277633237420 saw radiation_level.Radiation_Green
2026-01-27 19:11:50,263 - varanus - INFO - In state 16187007277633237420 saw radiation_level.Radiation_Green
2026-01-27 19:11:50,264 - varanus - INFO - In state 16187007277633237420 saw radiation_level.Radiation_Green
2026-01-27 19:11:50,264 - varanus - INFO - In state 16187007277633237420 saw radiation_level.Radiation_Green
2026-01-27 19:11:50,264 - varanus - INFO - In state 16187007277633237420 saw radiation_level.Radiation_Green
2026-01-27 19:11:50,264 - varanus - INFO - In state 16187007277633237420 saw radiation_level.Radiation_Green
2026-01-27 19:11:50,264 - varanus - INFO - In state 16187007277633237420 saw radiation_level.Radiation_Green
2026-01-27 19:11:50,264 - varanus - INFO - In state 16187007277633237420 saw radiation_level.Radiation_Green
2026-01-27 19:11:50,264 - varanus - INFO - In state 16187007277633237420 saw radiation_level.Radiation_Green
2026-01-27 19:11:50,264 - varanus - INFO - In state 16187007277633237420 saw radiation_level.Radiation_Green
2026-01-27 19:11:50,265 - varanus - INFO - In state 16187007277633237420 saw radiation_level.Radiation_Green
2026-01-27 19:11:50,265 - varanus - INFO - In state 16187007277633237420 saw radiation_level.Radiation_Green
2026-01-27 19:11:50,265 - varanus - INFO - In state 16187007277633237420 saw radiation_level.Radiation_Green
2026-01-27 19:11:50,265 - varanus - INFO - In state 16187007277633237420 saw radiation_level.Radiation_Green
2026-01-27 19:11:50,265 - varanus - INFO - In state 16187007277633237420 saw radiation_level.Radiation_Green
2026-01-27 19:11:50,265 - varanus - INFO - In state 16187007277633237420 saw radiation_level.Radiation_Green
2026-01-27 19:11:50,265 - varanus - INFO - In state 16187007277633237420 saw radiation_level.Radiation_Green
2026-01-27 19:11:50,265 - varanus - INFO - In state 16187007277633237420 saw radiation_level.Radiation_Green
2026-01-27 19:11:50,266 - varanus - INFO - In state 16187007277633237420 saw radiation_level.Radiation_Green
2026-01-27 19:11:50,266 - varanus - INFO - In state 16187007277633237420 saw radiation_level.Radiation_Green
2026-01-27 19:11:50,266 - varanus - INFO - In state 16187007277633237420 saw radiation_level.Radiation_Green
2026-01-27 19:11:50,266 - varanus - INFO - In state 16187007277633237420 saw radiation_level.Radiation_Green
2026-01-27 19:11:50,266 - varanus - INFO - In state 16187007277633237420 saw radiation_level.Radiation_Green
2026-01-27 19:11:50,266 - varanus - INFO - In state 16187007277633237420 saw radiation_level.Radiation_Green
2026-01-27 19:11:50,266 - varanus - INFO - In state 16187007277633237420 saw radiation_level.Radiation_Green
2026-01-27 19:11:50,266 - varanus - INFO - In state 16187007277633237420 saw radiation_level.Radiation_Green
2026-01-27 19:11:50,267 - varanus - INFO - In state 16187007277633237420 saw radiation_level.Radiation_Green
2026-01-27 19:11:50,267 - varanus - INFO - In state 16187007277633237420 saw radiation_level.Radiation_Green
2026-01-27 19:11:50,267 - varanus - INFO - In state 16187007277633237420 saw radiation_level.Radiation_Green
2026-01-27 19:11:50,267 - varanus - INFO - In state 16187007277633237420 saw radiation_level.Radiation_Green
2026-01-27 19:11:50,267 - varanus - INFO - In state 16187007277633237420 saw radiation_level.Radiation_Green
2026-01-27 19:11:50,267 - varanus - INFO - In state 16187007277633237420 saw radiation_level.Radiation_Green
2026-01-27 19:11:50,267 - varanus - INFO - In state 16187007277633237420 saw radiation_level.Radiation_Green
2026-01-27 19:11:50,267 - varanus - INFO - In state 16187007277633237420 saw radiation_level.Radiation_Green
2026-01-27 19:11:50,268 - varanus - INFO - In state 16187007277633237420 saw radiation_level.Radiation_Green
2026-01-27 19:11:50,268 - varanus - INFO - In state 16187007277633237420 saw radiation_level.Radiation_Green
2026-01-27 19:11:50,268 - varanus - INFO - In state 16187007277633237420 saw radiation_level.Radiation_Green
2026-01-27 19:11:50,268 - varanus - INFO - In state 16187007277633237420 saw radiation_level.Radiation_Green
2026-01-27 19:11:50,268 - varanus - INFO - In state 16187007277633237420 saw radiation_level.Radiation_Green
2026-01-27 19:11:50,268 - varanus - INFO - In state 16187007277633237420 saw radiation_level.Radiation_Green
2026-01-27 19:11:50,268 - varanus - INFO - In state 16187007277633237420 saw radiation_level.Radiation_Green
2026-01-27 19:11:50,269 - varanus - INFO - In state 16187007277633237420 saw radiation_level.Radiation_Green
2026-01-27 19:11:50,269 - varanus - INFO - In state 16187007277633237420 saw radiation_level.Radiation_Green
2026-01-27 19:11:50,269 - varanus - INFO - In state 16187007277633237420 saw radiation_level.Radiation_Green
2026-01-27 19:11:50,269 - varanus - INFO - In state 16187007277633237420 saw radiation_level.Radiation_Green
2026-01-27 19:11:50,269 - varanus - INFO - In state 16187007277633237420 saw radiation_level.Radiation_Green
2026-01-27 19:11:50,269 - varanus - INFO - In state 16187007277633237420 saw radiation_level.Radiation_Green
2026-01-27 19:11:50,269 - varanus - INFO - In state 16187007277633237420 saw radiation_level.Radiation_Green
2026-01-27 19:11:50,269 - varanus - INFO - In state 16187007277633237420 saw radiation_level.Radiation_Green
2026-01-27 19:11:50,270 - varanus - INFO - In state 16187007277633237420 saw radiation_level.Radiation_Green
2026-01-27 19:11:50,270 - varanus - INFO - In state 16187007277633237420 saw radiation_level.Radiation_Green
2026-01-27 19:11:50,270 - varanus - INFO - In state 16187007277633237420 saw radiation_level.Radiation_Green
2026-01-27 19:11:50,270 - varanus - INFO - In state 16187007277633237420 saw radiation_level.Radiation_Green
2026-01-27 19:11:50,270 - varanus - INFO - In state 16187007277633237420 saw radiation_level.Radiation_Green
2026-01-27 19:11:50,270 - varanus - INFO - In state 16187007277633237420 saw radiation_level.Radiation_Green
2026-01-27 19:11:50,270 - varanus - INFO - In state 16187007277633237420 saw radiation_level.Radiation_Green
2026-01-27 19:11:50,270 - varanus - INFO - In state 16187007277633237420 saw radiation_level.Radiation_Green
2026-01-27 19:11:50,271 - varanus - INFO - In state 16187007277633237420 saw radiation_level.Radiation_Green
2026-01-27 19:11:50,271 - varanus - INFO - In state 16187007277633237420 saw radiation_level.Radiation_Green
2026-01-27 19:11:50,271 - varanus - INFO - In state 16187007277633237420 saw move.1
2026-01-27 19:11:50,271 - varanus - INFO - In state 824750381067182135 saw radiation_level.Radiation_Green
2026-01-27 19:11:50,271 - varanus - INFO - In state 824750381067182135 saw radiation_level.Radiation_Green
2026-01-27 19:11:50,271 - varanus - INFO - In state 824750381067182135 saw radiation_level.Radiation_Green
2026-01-27 19:11:50,271 - varanus - INFO - In state 824750381067182135 saw radiation_level.Radiation_Green
2026-01-27 19:11:50,271 - varanus - INFO - In state 824750381067182135 saw radiation_level.Radiation_Green
2026-01-27 19:11:50,272 - varanus - INFO - In state 824750381067182135 saw radiation_level.Radiation_Green
2026-01-27 19:11:50,272 - varanus - INFO - In state 824750381067182135 saw radiation_level.Radiation_Green
2026-01-27 19:11:50,272 - varanus - INFO - In state 824750381067182135 saw radiation_level.Radiation_Green
2026-01-27 19:11:50,272 - varanus - INFO - In state 824750381067182135 saw radiation_level.Radiation_Green
2026-01-27 19:11:50,272 - varanus - INFO - In state 824750381067182135 saw radiation_level.Radiation_Green
2026-01-27 19:11:50,272 - varanus - INFO - In state 824750381067182135 saw radiation_level.Radiation_Green
2026-01-27 19:11:50,272 - varanus - INFO - In state 824750381067182135 saw radiation_level.Radiation_Green
2026-01-27 19:11:50,272 - varanus - INFO - In state 824750381067182135 saw radiation_level.Radiation_Green
2026-01-27 19:11:50,273 - varanus - INFO - In state 824750381067182135 saw radiation_level.Radiation_Green
2026-01-27 19:11:50,273 - varanus - INFO - In state 824750381067182135 saw radiation_level.Radiation_Green
2026-01-27 19:11:50,273 - varanus - INFO - In state 824750381067182135 saw radiation_level.Radiation_Green
2026-01-27 19:11:50,273 - varanus - INFO - In state 824750381067182135 saw radiation_level.Radiation_Green
2026-01-27 19:11:50,273 - varanus - INFO - In state 824750381067182135 saw arrived_at.1
2026-01-27 19:11:50,273 - varanus - INFO - In state 2681491882390849628 saw radiation_level.Radiation_Green
2026-01-27 19:11:50,273 - varanus - INFO - In state 2681491882390849628 saw inspect.1
2026-01-27 19:11:50,273 - varanus - INFO - In state 5608211198945682904 saw radiation_level.Radiation_Green
2026-01-27 19:11:50,274 - varanus - INFO - In state 5608211198945682904 saw radiation_level.Radiation_Green
2026-01-27 19:11:50,274 - varanus - INFO - In state 5608211198945682904 saw radiation_level.Radiation_Green
2026-01-27 19:11:50,274 - varanus - INFO - In state 5608211198945682904 saw inspected.1
2026-01-27 19:11:50,274 - varanus - INFO - In state 16263782641888418136 saw radiation_level.Radiation_Green
2026-01-27 19:11:50,274 - varanus - INFO - In state 16263782641888418136 saw move.2
2026-01-27 19:11:50,274 - varanus - INFO - In state 13704752137067749531 saw radiation_level.Radiation_Green
2026-01-27 19:11:50,274 - varanus - INFO - In state 13704752137067749531 saw radiation_level.Radiation_Green
2026-01-27 19:11:50,274 - varanus - INFO - In state 13704752137067749531 saw radiation_level.Radiation_Green
2026-01-27 19:11:50,275 - varanus - INFO - In state 13704752137067749531 saw radiation_level.Radiation_Green
2026-01-27 19:11:50,275 - varanus - INFO - In state 13704752137067749531 saw radiation_level.Radiation_Green
2026-01-27 19:11:50,275 - varanus - INFO - In state 13704752137067749531 saw radiation_level.Radiation_Green
2026-01-27 19:11:50,275 - varanus - INFO - In state 13704752137067749531 saw radiation_level.Radiation_Green
2026-01-27 19:11:50,275 - varanus - INFO - In state 13704752137067749531 saw radiation_level.Radiation_Green
2026-01-27 19:11:50,275 - varanus - INFO - In state 13704752137067749531 saw radiation_level.Radiation_Green
2026-01-27 19:11:50,275 - varanus - INFO - In state 13704752137067749531 saw radiation_level.Radiation_Green
2026-01-27 19:11:50,275 - varanus - INFO - In state 13704752137067749531 saw radiation_level.Radiation_Green
2026-01-27 19:11:50,276 - varanus - INFO - In state 13704752137067749531 saw radiation_level.Radiation_Green
2026-01-27 19:11:50,276 - varanus - INFO - In state 13704752137067749531 saw radiation_level.Radiation_Green
2026-01-27 19:11:50,276 - varanus - INFO - In state 13704752137067749531 saw radiation_level.Radiation_Green
2026-01-27 19:11:50,276 - varanus - INFO - In state 13704752137067749531 saw radiation_level.Radiation_Green
2026-01-27 19:11:50,276 - varanus - INFO - In state 13704752137067749531 saw radiation_level.Radiation_Green
2026-01-27 19:11:50,276 - varanus - INFO - In state 13704752137067749531 saw radiation_level.Radiation_Green
2026-01-27 19:11:50,276 - varanus - INFO - In state 13704752137067749531 saw radiation_level.Radiation_Green
2026-01-27 19:11:50,276 - varanus - INFO - In state 13704752137067749531 saw radiation_level.Radiation_Green
2026-01-27 19:11:50,277 - varanus - INFO - In state 13704752137067749531 saw radiation_level.Radiation_Green
2026-01-27 19:11:50,277 - varanus - INFO - In state 13704752137067749531 saw radiation_level.Radiation_Green
2026-01-27 19:11:50,277 - varanus - INFO - In state 13704752137067749531 saw radiation_level.Radiation_Green
2026-01-27 19:11:50,277 - varanus - INFO - In state 13704752137067749531 saw radiation_level.Radiation_Green
2026-01-27 19:11:50,277 - varanus - INFO - In state 13704752137067749531 saw radiation_level.Radiation_Green
2026-01-27 19:11:50,277 - varanus - INFO - In state 13704752137067749531 saw radiation_level.Radiation_Green
2026-01-27 19:11:50,277 - varanus - INFO - In state 13704752137067749531 saw radiation_level.Radiation_Green
2026-01-27 19:11:50,278 - varanus - INFO - In state 13704752137067749531 saw arrived_at.2
2026-01-27 19:11:50,278 - varanus - INFO - In state 7177406467749526592 saw radiation_level.Radiation_Green
2026-01-27 19:11:50,278 - varanus - INFO - In state 7177406467749526592 saw inspect.2
2026-01-27 19:11:50,278 - varanus - INFO - In state 10044710452391292329 saw radiation_level.Radiation_Green
2026-01-27 19:11:50,278 - varanus - INFO - In state 10044710452391292329 saw radiation_level.Radiation_Green
2026-01-27 19:11:50,278 - varanus - INFO - In state 10044710452391292329 saw radiation_level.Radiation_Green
2026-01-27 19:11:50,278 - varanus - INFO - In state 10044710452391292329 saw inspected.2
2026-01-27 19:11:50,278 - varanus - INFO - In state 14328874361088346 saw move.3
2026-01-27 19:11:50,279 - varanus - INFO - UNEXPECTED TRANSITION
2026-01-27 19:11:50,279 - varanus - INFO - Stated alphabet returning bad state i.e. None - saw bad event
2026-01-27 19:11:50,279 - varanus - ERROR - System Violated the Specification with Trace: ['radiation_level.Radiation_Green', 'radiation_level.Radiation_Green', 'radiation_level.Radiation_Green', 'radiation_level.Radiation_Green', 'radiation_level.Radiation_Green', 'radiation_level.Radiation_Green', 'radiation_level.Radiation_Green', 'radiation_level.Radiation_Green', 'radiation_level.Radiation_Green', 'radiation_level.Radiation_Green', 'radiation_level.Radiation_Green', 'radiation_level.Radiation_Green', 'radiation_level.Radiation_Green', 'radiation_level.Radiation_Green', 'radiation_level.Radiation_Green', 'radiation_level.Radiation_Green', 'radiation_level.Radiation_Green', 'radiation_level.Radiation_Green', 'radiation_level.Radiation_Green', 'radiation_level.Radiation_Green', 'radiation_level.Radiation_Green', 'radiation_level.Radiation_Green', 'radiation_level.Radiation_Green', 'radiation_level.Radiation_Green', 'radiation_level.Radiation_Green', 'radiation_level.Radiation_Green', 'radiation_level.Radiation_Green', 'radiation_level.Radiation_Green', 'radiation_level.Radiation_Green', 'radiation_level.Radiation_Green', 'radiation_level.Radiation_Green', 'radiation_level.Radiation_Green', 'radiation_level.Radiation_Green', 'radiation_level.Radiation_Green', 'radiation_level.Radiation_Green', 'radiation_level.Radiation_Green', 'radiation_level.Radiation_Green', 'radiation_level.Radiation_Green', 'radiation_level.Radiation_Green', 'radiation_level.Radiation_Green', 'radiation_level.Radiation_Green', 'radiation_level.Radiation_Green', 'radiation_level.Radiation_Green', 'radiation_level.Radiation_Green', 'radiation_level.Radiation_Green', 'radiation_level.Radiation_Green', 'radiation_level.Radiation_Green', 'radiation_level.Radiation_Green', 'radiation_level.Radiation_Green', 'radiation_level.Radiation_Green', 'radiation_level.Radiation_Green', 'radiation_level.Radiation_Green', 'radiation_level.Radiation_Green', 'radiation_level.Radiation_Green', 'radiation_level.Radiation_Green', 'radiation_level.Radiation_Green', 'radiation_level.Radiation_Green', 'radiation_level.Radiation_Green', 'radiation_level.Radiation_Green', 'radiation_level.Radiation_Green', 'radiation_level.Radiation_Green', 'radiation_level.Radiation_Green', 'radiation_level.Radiation_Green', 'radiation_level.Radiation_Green', 'radiation_level.Radiation_Green', 'radiation_level.Radiation_Green', 'radiation_level.Radiation_Green', 'radiation_level.Radiation_Green', 'radiation_level.Radiation_Green', 'radiation_level.Radiation_Green', 'radiation_level.Radiation_Green', 'radiation_level.Radiation_Green', 'radiation_level.Radiation_Green', 'move.1', 'radiation_level.Radiation_Green', 'radiation_level.Radiation_Green', 'radiation_level.Radiation_Green', 'radiation_level.Radiation_Green', 'radiation_level.Radiation_Green', 'radiation_level.Radiation_Green', 'radiation_level.Radiation_Green', 'radiation_level.Radiation_Green', 'radiation_level.Radiation_Green', 'radiation_level.Radiation_Green', 'radiation_level.Radiation_Green', 'radiation_level.Radiation_Green', 'radiation_level.Radiation_Green', 'radiation_level.Radiation_Green', 'radiation_level.Radiation_Green', 'radiation_level.Radiation_Green', 'radiation_level.Radiation_Green', 'arrived_at.1', 'radiation_level.Radiation_Green', 'inspect.1', 'radiation_level.Radiation_Green', 'radiation_level.Radiation_Green', 'radiation_level.Radiation_Green', 'inspected.1', 'radiation_level.Radiation_Green', 'move.2', 'radiation_level.Radiation_Green', 'radiation_level.Radiation_Green', 'radiation_level.Radiation_Green', 'radiation_level.Radiation_Green', 'radiation_level.Radiation_Green', 'radiation_level.Radiation_Green', 'radiation_level.Radiation_Green', 'radiation_level.Radiation_Green', 'radiation_level.Radiation_Green', 'radiation_level.Radiation_Green', 'radiation_level.Radiation_Green', 'radiation_level.Radiation_Green', 'radiation_level.Radiation_Green', 'radiation_level.Radiation_Green', 'radiation_level.Radiation_Green', 'radiation_level.Radiation_Green', 'radiation_level.Radiation_Green', 'radiation_level.Radiation_Green', 'radiation_level.Radiation_Green', 'radiation_level.Radiation_Green', 'radiation_level.Radiation_Green', 'radiation_level.Radiation_Green', 'radiation_level.Radiation_Green', 'radiation_level.Radiation_Green', 'radiation_level.Radiation_Green', 'radiation_level.Radiation_Green', 'arrived_at.2', 'radiation_level.Radiation_Green', 'inspect.2', 'radiation_level.Radiation_Green', 'radiation_level.Radiation_Green', 'radiation_level.Radiation_Green', 'inspected.2', 'move.3']
2026-01-27 19:11:50,279 - varanus - ERROR - The permissible events were: ['radiation_level.Radiation_Orange', 'radiation_level.Radiation_Green', 'radiation_level.Radiation_Red', 'move.2', 'move.1', 'move.0']
2026-01-27 19:11:50,279 - varanus - INFO - Trace file finished with violations
2026-01-27 19:11:52,759 - varanus - INFO - +++ Build Time: 			54.7456569672s +++
2026-01-27 19:11:52,759 - varanus - INFO - +++ Check Time: 			0.027969121933s +++
2026-01-27 19:11:52,759 - varanus - INFO - +++ Average Transition Time: 	0.000129649888224s (134 events) +++
2026-01-27 19:11:52,759 - varanus - INFO - +++ Total Time: 			54.8940899372s +++
