2026-01-27 19:13:56,645 - varanus - INFO - +++ Testing rover_robochart_model_ras_fail_ordering +++
2026-01-27 19:13:56,645 - varanus - INFO - Preprocessing...
2026-01-27 19:13:56,645 - varanus - INFO - Preprocessing: pass
2026-01-27 19:13:56,645 - varanus - INFO - +++ Running Offline +++
2026-01-27 19:13:56,776 - varanus - INFO - Building CSP State Machine. Please Wait
2026-01-27 19:14:52,737 - varanus - INFO - Building CSP State Machine
2026-01-27 19:14:52,741 - varanus - INFO - +++ checking that normal(RCSystem) is deterministic with given alphabets +++
2026-01-27 19:14:52,741 - varanus - INFO - +++ starting monitoring against normal(RCSystem) +++
2026-01-27 19:14:52,741 - varanus - INFO - +++ Running Offline -- Using State Machine +++
2026-01-27 19:14:52,741 - varanus - INFO - Parsing trace file at: oracles/inspection-rover-ras/trace-json-fail-message-order.txt
2026-01-27 19:14:52,751 - varanus - INFO - Parsed trace file OK
2026-01-27 19:14:52,751 - varanus - INFO - Checking trace file: oracles/inspection-rover-ras/trace-json-fail-message-order.txt
2026-01-27 19:14:52,752 - varanus - INFO - In state 16187007277633237420 saw radiation_level.Radiation_Green
2026-01-27 19:14:52,752 - varanus - INFO - In state 16187007277633237420 saw radiation_level.Radiation_Green
2026-01-27 19:14:52,752 - varanus - INFO - In state 16187007277633237420 saw radiation_level.Radiation_Green
2026-01-27 19:14:52,752 - varanus - INFO - In state 16187007277633237420 saw radiation_level.Radiation_Green
2026-01-27 19:14:52,752 - varanus - INFO - In state 16187007277633237420 saw radiation_level.Radiation_Green
2026-01-27 19:14:52,753 - varanus - INFO - In state 16187007277633237420 saw radiation_level.Radiation_Green
2026-01-27 19:14:52,753 - varanus - INFO - In state 16187007277633237420 saw radiation_level.Radiation_Green
2026-01-27 19:14:52,753 - varanus - INFO - In state 16187007277633237420 saw radiation_level.Radiation_Green
2026-01-27 19:14:52,753 - varanus - INFO - In state 16187007277633237420 saw radiation_level.Radiation_Green
2026-01-27 19:14:52,753 - varanus - INFO - In state 16187007277633237420 saw radiation_level.Radiation_Green
2026-01-27 19:14:52,754 - varanus - INFO - In state 16187007277633237420 saw radiation_level.Radiation_Green
2026-01-27 19:14:52,754 - varanus - INFO - In state 16187007277633237420 saw radiation_level.Radiation_Green
2026-01-27 19:14:52,754 - varanus - INFO - In state 16187007277633237420 saw radiation_level.Radiation_Green
2026-01-27 19:14:52,754 - varanus - INFO - In state 16187007277633237420 saw radiation_level.Radiation_Green
2026-01-27 19:14:52,754 - varanus - INFO - In state 16187007277633237420 saw radiation_level.Radiation_Green
2026-01-27 19:14:52,755 - varanus - INFO - In state 16187007277633237420 saw radiation_level.Radiation_Green
2026-01-27 19:14:52,755 - varanus - INFO - In state 16187007277633237420 saw radiation_level.Radiation_Green
2026-01-27 19:14:52,755 - varanus - INFO - In state 16187007277633237420 saw radiation_level.Radiation_Green
2026-01-27 19:14:52,755 - varanus - INFO - In state 16187007277633237420 saw radiation_level.Radiation_Green
2026-01-27 19:14:52,755 - varanus - INFO - In state 16187007277633237420 saw radiation_level.Radiation_Green
2026-01-27 19:14:52,756 - varanus - INFO - In state 16187007277633237420 saw radiation_level.Radiation_Green
2026-01-27 19:14:52,756 - varanus - INFO - In state 16187007277633237420 saw radiation_level.Radiation_Green
2026-01-27 19:14:52,756 - varanus - INFO - In state 16187007277633237420 saw radiation_level.Radiation_Green
2026-01-27 19:14:52,756 - varanus - INFO - In state 16187007277633237420 saw radiation_level.Radiation_Green
2026-01-27 19:14:52,756 - varanus - INFO - In state 16187007277633237420 saw radiation_level.Radiation_Green
2026-01-27 19:14:52,757 - varanus - INFO - In state 16187007277633237420 saw radiation_level.Radiation_Green
2026-01-27 19:14:52,757 - varanus - INFO - In state 16187007277633237420 saw radiation_level.Radiation_Green
2026-01-27 19:14:52,757 - varanus - INFO - In state 16187007277633237420 saw radiation_level.Radiation_Green
2026-01-27 19:14:52,757 - varanus - INFO - In state 16187007277633237420 saw radiation_level.Radiation_Green
2026-01-27 19:14:52,757 - varanus - INFO - In state 16187007277633237420 saw radiation_level.Radiation_Green
2026-01-27 19:14:52,758 - varanus - INFO - In state 16187007277633237420 saw radiation_level.Radiation_Green
2026-01-27 19:14:52,758 - varanus - INFO - In state 16187007277633237420 saw radiation_level.Radiation_Green
2026-01-27 19:14:52,758 - varanus - INFO - In state 16187007277633237420 saw radiation_level.Radiation_Green
2026-01-27 19:14:52,758 - varanus - INFO - In state 16187007277633237420 saw radiation_level.Radiation_Green
2026-01-27 19:14:52,758 - varanus - INFO - In state 16187007277633237420 saw radiation_level.Radiation_Green
2026-01-27 19:14:52,759 - varanus - INFO - In state 16187007277633237420 saw radiation_level.Radiation_Green
2026-01-27 19:14:52,759 - varanus - INFO - In state 16187007277633237420 saw radiation_level.Radiation_Green
2026-01-27 19:14:52,759 - varanus - INFO - In state 16187007277633237420 saw radiation_level.Radiation_Green
2026-01-27 19:14:52,759 - varanus - INFO - In state 16187007277633237420 saw radiation_level.Radiation_Green
2026-01-27 19:14:52,759 - varanus - INFO - In state 16187007277633237420 saw radiation_level.Radiation_Green
2026-01-27 19:14:52,760 - varanus - INFO - In state 16187007277633237420 saw radiation_level.Radiation_Green
2026-01-27 19:14:52,760 - varanus - INFO - In state 16187007277633237420 saw radiation_level.Radiation_Green
2026-01-27 19:14:52,760 - varanus - INFO - In state 16187007277633237420 saw radiation_level.Radiation_Green
2026-01-27 19:14:52,760 - varanus - INFO - In state 16187007277633237420 saw radiation_level.Radiation_Green
2026-01-27 19:14:52,760 - varanus - INFO - In state 16187007277633237420 saw radiation_level.Radiation_Green
2026-01-27 19:14:52,761 - varanus - INFO - In state 16187007277633237420 saw radiation_level.Radiation_Green
2026-01-27 19:14:52,761 - varanus - INFO - In state 16187007277633237420 saw radiation_level.Radiation_Green
2026-01-27 19:14:52,761 - varanus - INFO - In state 16187007277633237420 saw radiation_level.Radiation_Green
2026-01-27 19:14:52,761 - varanus - INFO - In state 16187007277633237420 saw radiation_level.Radiation_Green
2026-01-27 19:14:52,761 - varanus - INFO - In state 16187007277633237420 saw radiation_level.Radiation_Green
2026-01-27 19:14:52,762 - varanus - INFO - In state 16187007277633237420 saw radiation_level.Radiation_Green
2026-01-27 19:14:52,762 - varanus - INFO - In state 16187007277633237420 saw radiation_level.Radiation_Green
2026-01-27 19:14:52,762 - varanus - INFO - In state 16187007277633237420 saw radiation_level.Radiation_Green
2026-01-27 19:14:52,762 - varanus - INFO - In state 16187007277633237420 saw radiation_level.Radiation_Green
2026-01-27 19:14:52,762 - varanus - INFO - In state 16187007277633237420 saw radiation_level.Radiation_Green
2026-01-27 19:14:52,763 - varanus - INFO - In state 16187007277633237420 saw radiation_level.Radiation_Green
2026-01-27 19:14:52,763 - varanus - INFO - In state 16187007277633237420 saw radiation_level.Radiation_Green
2026-01-27 19:14:52,763 - varanus - INFO - In state 16187007277633237420 saw radiation_level.Radiation_Green
2026-01-27 19:14:52,763 - varanus - INFO - In state 16187007277633237420 saw radiation_level.Radiation_Green
2026-01-27 19:14:52,763 - varanus - INFO - In state 16187007277633237420 saw radiation_level.Radiation_Green
2026-01-27 19:14:52,764 - varanus - INFO - In state 16187007277633237420 saw radiation_level.Radiation_Green
2026-01-27 19:14:52,764 - varanus - INFO - In state 16187007277633237420 saw radiation_level.Radiation_Green
2026-01-27 19:14:52,764 - varanus - INFO - In state 16187007277633237420 saw radiation_level.Radiation_Green
2026-01-27 19:14:52,764 - varanus - INFO - In state 16187007277633237420 saw radiation_level.Radiation_Green
2026-01-27 19:14:52,764 - varanus - INFO - In state 16187007277633237420 saw radiation_level.Radiation_Green
2026-01-27 19:14:52,765 - varanus - INFO - In state 16187007277633237420 saw radiation_level.Radiation_Green
2026-01-27 19:14:52,765 - varanus - INFO - In state 16187007277633237420 saw radiation_level.Radiation_Green
2026-01-27 19:14:52,765 - varanus - INFO - In state 16187007277633237420 saw radiation_level.Radiation_Green
2026-01-27 19:14:52,765 - varanus - INFO - In state 16187007277633237420 saw radiation_level.Radiation_Green
2026-01-27 19:14:52,765 - varanus - INFO - In state 16187007277633237420 saw radiation_level.Radiation_Green
2026-01-27 19:14:52,766 - varanus - INFO - In state 16187007277633237420 saw radiation_level.Radiation_Green
2026-01-27 19:14:52,766 - varanus - INFO - In state 16187007277633237420 saw radiation_level.Radiation_Green
2026-01-27 19:14:52,766 - varanus - INFO - In state 16187007277633237420 saw radiation_level.Radiation_Green
2026-01-27 19:14:52,766 - varanus - INFO - In state 16187007277633237420 saw move.1
2026-01-27 19:14:52,766 - varanus - INFO - In state 824750381067182135 saw radiation_level.Radiation_Green
2026-01-27 19:14:52,767 - varanus - INFO - In state 824750381067182135 saw radiation_level.Radiation_Green
2026-01-27 19:14:52,767 - varanus - INFO - In state 824750381067182135 saw radiation_level.Radiation_Green
2026-01-27 19:14:52,767 - varanus - INFO - In state 824750381067182135 saw radiation_level.Radiation_Green
2026-01-27 19:14:52,767 - varanus - INFO - In state 824750381067182135 saw radiation_level.Radiation_Green
2026-01-27 19:14:52,767 - varanus - INFO - In state 824750381067182135 saw radiation_level.Radiation_Green
2026-01-27 19:14:52,768 - varanus - INFO - In state 824750381067182135 saw radiation_level.Radiation_Green
2026-01-27 19:14:52,768 - varanus - INFO - In state 824750381067182135 saw radiation_level.Radiation_Green
2026-01-27 19:14:52,768 - varanus - INFO - In state 824750381067182135 saw radiation_level.Radiation_Green
2026-01-27 19:14:52,768 - varanus - INFO - In state 824750381067182135 saw radiation_level.Radiation_Green
2026-01-27 19:14:52,768 - varanus - INFO - In state 824750381067182135 saw radiation_level.Radiation_Green
2026-01-27 19:14:52,769 - varanus - INFO - In state 824750381067182135 saw radiation_level.Radiation_Green
2026-01-27 19:14:52,769 - varanus - INFO - In state 824750381067182135 saw radiation_level.Radiation_Green
2026-01-27 19:14:52,769 - varanus - INFO - In state 824750381067182135 saw radiation_level.Radiation_Green
2026-01-27 19:14:52,769 - varanus - INFO - In state 824750381067182135 saw radiation_level.Radiation_Green
2026-01-27 19:14:52,769 - varanus - INFO - In state 824750381067182135 saw radiation_level.Radiation_Green
2026-01-27 19:14:52,770 - varanus - INFO - In state 824750381067182135 saw radiation_level.Radiation_Green
2026-01-27 19:14:52,770 - varanus - INFO - In state 824750381067182135 saw arrived_at.1
2026-01-27 19:14:52,770 - varanus - INFO - In state 2681491882390849628 saw radiation_level.Radiation_Green
2026-01-27 19:14:52,770 - varanus - INFO - In state 2681491882390849628 saw inspect.1
2026-01-27 19:14:52,770 - varanus - INFO - In state 5608211198945682904 saw radiation_level.Radiation_Green
2026-01-27 19:14:52,771 - varanus - INFO - In state 5608211198945682904 saw radiation_level.Radiation_Green
2026-01-27 19:14:52,771 - varanus - INFO - In state 5608211198945682904 saw radiation_level.Radiation_Green
2026-01-27 19:14:52,771 - varanus - INFO - In state 5608211198945682904 saw inspected.1
2026-01-27 19:14:52,771 - varanus - INFO - In state 16263782641888418136 saw radiation_level.Radiation_Green
2026-01-27 19:14:52,771 - varanus - INFO - In state 16263782641888418136 saw move.2
2026-01-27 19:14:52,772 - varanus - INFO - In state 13704752137067749531 saw radiation_level.Radiation_Green
2026-01-27 19:14:52,772 - varanus - INFO - In state 13704752137067749531 saw radiation_level.Radiation_Green
2026-01-27 19:14:52,772 - varanus - INFO - In state 13704752137067749531 saw radiation_level.Radiation_Green
2026-01-27 19:14:52,772 - varanus - INFO - In state 13704752137067749531 saw radiation_level.Radiation_Green
2026-01-27 19:14:52,772 - varanus - INFO - In state 13704752137067749531 saw radiation_level.Radiation_Green
2026-01-27 19:14:52,773 - varanus - INFO - In state 13704752137067749531 saw radiation_level.Radiation_Green
2026-01-27 19:14:52,773 - varanus - INFO - In state 13704752137067749531 saw radiation_level.Radiation_Green
2026-01-27 19:14:52,773 - varanus - INFO - In state 13704752137067749531 saw radiation_level.Radiation_Green
2026-01-27 19:14:52,773 - varanus - INFO - In state 13704752137067749531 saw radiation_level.Radiation_Green
2026-01-27 19:14:52,773 - varanus - INFO - In state 13704752137067749531 saw radiation_level.Radiation_Green
2026-01-27 19:14:52,774 - varanus - INFO - In state 13704752137067749531 saw radiation_level.Radiation_Green
2026-01-27 19:14:52,774 - varanus - INFO - In state 13704752137067749531 saw radiation_level.Radiation_Green
2026-01-27 19:14:52,774 - varanus - INFO - In state 13704752137067749531 saw radiation_level.Radiation_Green
2026-01-27 19:14:52,774 - varanus - INFO - In state 13704752137067749531 saw radiation_level.Radiation_Green
2026-01-27 19:14:52,774 - varanus - INFO - In state 13704752137067749531 saw radiation_level.Radiation_Green
2026-01-27 19:14:52,774 - varanus - INFO - In state 13704752137067749531 saw radiation_level.Radiation_Green
2026-01-27 19:14:52,775 - varanus - INFO - In state 13704752137067749531 saw radiation_level.Radiation_Green
2026-01-27 19:14:52,775 - varanus - INFO - In state 13704752137067749531 saw radiation_level.Radiation_Green
2026-01-27 19:14:52,775 - varanus - INFO - In state 13704752137067749531 saw radiation_level.Radiation_Green
2026-01-27 19:14:52,775 - varanus - INFO - In state 13704752137067749531 saw radiation_level.Radiation_Green
2026-01-27 19:14:52,775 - varanus - INFO - In state 13704752137067749531 saw radiation_level.Radiation_Green
2026-01-27 19:14:52,776 - varanus - INFO - In state 13704752137067749531 saw radiation_level.Radiation_Green
2026-01-27 19:14:52,776 - varanus - INFO - In state 13704752137067749531 saw radiation_level.Radiation_Green
2026-01-27 19:14:52,776 - varanus - INFO - In state 13704752137067749531 saw radiation_level.Radiation_Green
2026-01-27 19:14:52,776 - varanus - INFO - In state 13704752137067749531 saw radiation_level.Radiation_Green
2026-01-27 19:14:52,776 - varanus - INFO - In state 13704752137067749531 saw radiation_level.Radiation_Green
2026-01-27 19:14:52,776 - varanus - INFO - In state 13704752137067749531 saw arrived_at.2
2026-01-27 19:14:52,777 - varanus - INFO - In state 7177406467749526592 saw radiation_level.Radiation_Green
2026-01-27 19:14:52,777 - varanus - INFO - In state 7177406467749526592 saw inspect.2
2026-01-27 19:14:52,777 - varanus - INFO - In state 10044710452391292329 saw radiation_level.Radiation_Green
2026-01-27 19:14:52,777 - varanus - INFO - In state 10044710452391292329 saw radiation_level.Radiation_Green
2026-01-27 19:14:52,777 - varanus - INFO - In state 10044710452391292329 saw radiation_level.Radiation_Green
2026-01-27 19:14:52,778 - varanus - INFO - In state 10044710452391292329 saw inspected.2
2026-01-27 19:14:52,778 - varanus - INFO - In state 14328874361088346 saw move.3
2026-01-27 19:14:52,778 - varanus - INFO - UNEXPECTED TRANSITION
2026-01-27 19:14:52,778 - varanus - INFO - Stated alphabet returning bad state i.e. None - saw bad event
2026-01-27 19:14:52,778 - varanus - ERROR - System Violated the Specification with Trace: ['radiation_level.Radiation_Green', 'radiation_level.Radiation_Green', 'radiation_level.Radiation_Green', 'radiation_level.Radiation_Green', 'radiation_level.Radiation_Green', 'radiation_level.Radiation_Green', 'radiation_level.Radiation_Green', 'radiation_level.Radiation_Green', 'radiation_level.Radiation_Green', 'radiation_level.Radiation_Green', 'radiation_level.Radiation_Green', 'radiation_level.Radiation_Green', 'radiation_level.Radiation_Green', 'radiation_level.Radiation_Green', 'radiation_level.Radiation_Green', 'radiation_level.Radiation_Green', 'radiation_level.Radiation_Green', 'radiation_level.Radiation_Green', 'radiation_level.Radiation_Green', 'radiation_level.Radiation_Green', 'radiation_level.Radiation_Green', 'radiation_level.Radiation_Green', 'radiation_level.Radiation_Green', 'radiation_level.Radiation_Green', 'radiation_level.Radiation_Green', 'radiation_level.Radiation_Green', 'radiation_level.Radiation_Green', 'radiation_level.Radiation_Green', 'radiation_level.Radiation_Green', 'radiation_level.Radiation_Green', 'radiation_level.Radiation_Green', 'radiation_level.Radiation_Green', 'radiation_level.Radiation_Green', 'radiation_level.Radiation_Green', 'radiation_level.Radiation_Green', 'radiation_level.Radiation_Green', 'radiation_level.Radiation_Green', 'radiation_level.Radiation_Green', 'radiation_level.Radiation_Green', 'radiation_level.Radiation_Green', 'radiation_level.Radiation_Green', 'radiation_level.Radiation_Green', 'radiation_level.Radiation_Green', 'radiation_level.Radiation_Green', 'radiation_level.Radiation_Green', 'radiation_level.Radiation_Green', 'radiation_level.Radiation_Green', 'radiation_level.Radiation_Green', 'radiation_level.Radiation_Green', 'radiation_level.Radiation_Green', 'radiation_level.Radiation_Green', 'radiation_level.Radiation_Green', 'radiation_level.Radiation_Green', 'radiation_level.Radiation_Green', 'radiation_level.Radiation_Green', 'radiation_level.Radiation_Green', 'radiation_level.Radiation_Green', 'radiation_level.Radiation_Green', 'radiation_level.Radiation_Green', 'radiation_level.Radiation_Green', 'radiation_level.Radiation_Green', 'radiation_level.Radiation_Green', 'radiation_level.Radiation_Green', 'radiation_level.Radiation_Green', 'radiation_level.Radiation_Green', 'radiation_level.Radiation_Green', 'radiation_level.Radiation_Green', 'radiation_level.Radiation_Green', 'radiation_level.Radiation_Green', 'radiation_level.Radiation_Green', 'radiation_level.Radiation_Green', 'radiation_level.Radiation_Green', 'radiation_level.Radiation_Green', 'move.1', 'radiation_level.Radiation_Green', 'radiation_level.Radiation_Green', 'radiation_level.Radiation_Green', 'radiation_level.Radiation_Green', 'radiation_level.Radiation_Green', 'radiation_level.Radiation_Green', 'radiation_level.Radiation_Green', 'radiation_level.Radiation_Green', 'radiation_level.Radiation_Green', 'radiation_level.Radiation_Green', 'radiation_level.Radiation_Green', 'radiation_level.Radiation_Green', 'radiation_level.Radiation_Green', 'radiation_level.Radiation_Green', 'radiation_level.Radiation_Green', 'radiation_level.Radiation_Green', 'radiation_level.Radiation_Green', 'arrived_at.1', 'radiation_level.Radiation_Green', 'inspect.1', 'radiation_level.Radiation_Green', 'radiation_level.Radiation_Green', 'radiation_level.Radiation_Green', 'inspected.1', 'radiation_level.Radiation_Green', 'move.2', 'radiation_level.Radiation_Green', 'radiation_level.Radiation_Green', 'radiation_level.Radiation_Green', 'radiation_level.Radiation_Green', 'radiation_level.Radiation_Green', 'radiation_level.Radiation_Green', 'radiation_level.Radiation_Green', 'radiation_level.Radiation_Green', 'radiation_level.Radiation_Green', 'radiation_level.Radiation_Green', 'radiation_level.Radiation_Green', 'radiation_level.Radiation_Green', 'radiation_level.Radiation_Green', 'radiation_level.Radiation_Green', 'radiation_level.Radiation_Green', 'radiation_level.Radiation_Green', 'radiation_level.Radiation_Green', 'radiation_level.Radiation_Green', 'radiation_level.Radiation_Green', 'radiation_level.Radiation_Green', 'radiation_level.Radiation_Green', 'radiation_level.Radiation_Green', 'radiation_level.Radiation_Green', 'radiation_level.Radiation_Green', 'radiation_level.Radiation_Green', 'radiation_level.Radiation_Green', 'arrived_at.2', 'radiation_level.Radiation_Green', 'inspect.2', 'radiation_level.Radiation_Green', 'radiation_level.Radiation_Green', 'radiation_level.Radiation_Green', 'inspected.2', 'move.3']
2026-01-27 19:14:52,778 - varanus - ERROR - The permissible events were: ['radiation_level.Radiation_Orange', 'radiation_level.Radiation_Green', 'radiation_level.Radiation_Red', 'move.2', 'move.1', 'move.0']
2026-01-27 19:14:52,778 - varanus - INFO - Trace file finished with violations
2026-01-27 19:14:55,303 - varanus - INFO - +++ Build Time: 			55.9649219513s +++
2026-01-27 19:14:55,303 - varanus - INFO - +++ Check Time: 			0.0372030735016s +++
2026-01-27 19:14:55,303 - varanus - INFO - +++ Average Transition Time: 	0.000198540402882s (134 events) +++
2026-01-27 19:14:55,303 - varanus - INFO - +++ Total Time: 			56.1335401535s +++
