2026-01-27 19:16:23,032 - varanus - INFO - +++ Testing rover_robochart_model_ras_fail_ordering +++
2026-01-27 19:16:23,032 - varanus - INFO - Preprocessing...
2026-01-27 19:16:23,032 - varanus - INFO - Preprocessing: pass
2026-01-27 19:16:23,032 - varanus - INFO - +++ Running Offline +++
2026-01-27 19:16:23,151 - varanus - INFO - Building CSP State Machine. Please Wait
2026-01-27 19:17:17,790 - varanus - INFO - Building CSP State Machine
2026-01-27 19:17:17,795 - varanus - INFO - +++ checking that normal(RCSystem) is deterministic with given alphabets +++
2026-01-27 19:17:17,795 - varanus - INFO - +++ starting monitoring against normal(RCSystem) +++
2026-01-27 19:17:17,795 - varanus - INFO - +++ Running Offline -- Using State Machine +++
2026-01-27 19:17:17,796 - varanus - INFO - Parsing trace file at: oracles/inspection-rover-ras/trace-json-fail-message-order.txt
2026-01-27 19:17:17,813 - varanus - INFO - Parsed trace file OK
2026-01-27 19:17:17,813 - varanus - INFO - Checking trace file: oracles/inspection-rover-ras/trace-json-fail-message-order.txt
2026-01-27 19:17:17,813 - varanus - INFO - In state 16187007277633237420 saw radiation_level.Radiation_Green
2026-01-27 19:17:17,814 - varanus - INFO - In state 16187007277633237420 saw radiation_level.Radiation_Green
2026-01-27 19:17:17,814 - varanus - INFO - In state 16187007277633237420 saw radiation_level.Radiation_Green
2026-01-27 19:17:17,814 - varanus - INFO - In state 16187007277633237420 saw radiation_level.Radiation_Green
2026-01-27 19:17:17,814 - varanus - INFO - In state 16187007277633237420 saw radiation_level.Radiation_Green
2026-01-27 19:17:17,815 - varanus - INFO - In state 16187007277633237420 saw radiation_level.Radiation_Green
2026-01-27 19:17:17,815 - varanus - INFO - In state 16187007277633237420 saw radiation_level.Radiation_Green
2026-01-27 19:17:17,815 - varanus - INFO - In state 16187007277633237420 saw radiation_level.Radiation_Green
2026-01-27 19:17:17,815 - varanus - INFO - In state 16187007277633237420 saw radiation_level.Radiation_Green
2026-01-27 19:17:17,816 - varanus - INFO - In state 16187007277633237420 saw radiation_level.Radiation_Green
2026-01-27 19:17:17,816 - varanus - INFO - In state 16187007277633237420 saw radiation_level.Radiation_Green
2026-01-27 19:17:17,816 - varanus - INFO - In state 16187007277633237420 saw radiation_level.Radiation_Green
2026-01-27 19:17:17,816 - varanus - INFO - In state 16187007277633237420 saw radiation_level.Radiation_Green
2026-01-27 19:17:17,817 - varanus - INFO - In state 16187007277633237420 saw radiation_level.Radiation_Green
2026-01-27 19:17:17,817 - varanus - INFO - In state 16187007277633237420 saw radiation_level.Radiation_Green
2026-01-27 19:17:17,817 - varanus - INFO - In state 16187007277633237420 saw radiation_level.Radiation_Green
2026-01-27 19:17:17,817 - varanus - INFO - In state 16187007277633237420 saw radiation_level.Radiation_Green
2026-01-27 19:17:17,818 - varanus - INFO - In state 16187007277633237420 saw radiation_level.Radiation_Green
2026-01-27 19:17:17,818 - varanus - INFO - In state 16187007277633237420 saw radiation_level.Radiation_Green
2026-01-27 19:17:17,818 - varanus - INFO - In state 16187007277633237420 saw radiation_level.Radiation_Green
2026-01-27 19:17:17,818 - varanus - INFO - In state 16187007277633237420 saw radiation_level.Radiation_Green
2026-01-27 19:17:17,819 - varanus - INFO - In state 16187007277633237420 saw radiation_level.Radiation_Green
2026-01-27 19:17:17,819 - varanus - INFO - In state 16187007277633237420 saw radiation_level.Radiation_Green
2026-01-27 19:17:17,819 - varanus - INFO - In state 16187007277633237420 saw radiation_level.Radiation_Green
2026-01-27 19:17:17,819 - varanus - INFO - In state 16187007277633237420 saw radiation_level.Radiation_Green
2026-01-27 19:17:17,820 - varanus - INFO - In state 16187007277633237420 saw radiation_level.Radiation_Green
2026-01-27 19:17:17,820 - varanus - INFO - In state 16187007277633237420 saw radiation_level.Radiation_Green
2026-01-27 19:17:17,820 - varanus - INFO - In state 16187007277633237420 saw radiation_level.Radiation_Green
2026-01-27 19:17:17,820 - varanus - INFO - In state 16187007277633237420 saw radiation_level.Radiation_Green
2026-01-27 19:17:17,821 - varanus - INFO - In state 16187007277633237420 saw radiation_level.Radiation_Green
2026-01-27 19:17:17,821 - varanus - INFO - In state 16187007277633237420 saw radiation_level.Radiation_Green
2026-01-27 19:17:17,821 - varanus - INFO - In state 16187007277633237420 saw radiation_level.Radiation_Green
2026-01-27 19:17:17,821 - varanus - INFO - In state 16187007277633237420 saw radiation_level.Radiation_Green
2026-01-27 19:17:17,822 - varanus - INFO - In state 16187007277633237420 saw radiation_level.Radiation_Green
2026-01-27 19:17:17,822 - varanus - INFO - In state 16187007277633237420 saw radiation_level.Radiation_Green
2026-01-27 19:17:17,822 - varanus - INFO - In state 16187007277633237420 saw radiation_level.Radiation_Green
2026-01-27 19:17:17,822 - varanus - INFO - In state 16187007277633237420 saw radiation_level.Radiation_Green
2026-01-27 19:17:17,823 - varanus - INFO - In state 16187007277633237420 saw radiation_level.Radiation_Green
2026-01-27 19:17:17,823 - varanus - INFO - In state 16187007277633237420 saw radiation_level.Radiation_Green
2026-01-27 19:17:17,823 - varanus - INFO - In state 16187007277633237420 saw radiation_level.Radiation_Green
2026-01-27 19:17:17,823 - varanus - INFO - In state 16187007277633237420 saw radiation_level.Radiation_Green
2026-01-27 19:17:17,824 - varanus - INFO - In state 16187007277633237420 saw radiation_level.Radiation_Green
2026-01-27 19:17:17,824 - varanus - INFO - In state 16187007277633237420 saw radiation_level.Radiation_Green
2026-01-27 19:17:17,824 - varanus - INFO - In state 16187007277633237420 saw radiation_level.Radiation_Green
2026-01-27 19:17:17,824 - varanus - INFO - In state 16187007277633237420 saw radiation_level.Radiation_Green
2026-01-27 19:17:17,825 - varanus - INFO - In state 16187007277633237420 saw radiation_level.Radiation_Green
2026-01-27 19:17:17,825 - varanus - INFO - In state 16187007277633237420 saw radiation_level.Radiation_Green
2026-01-27 19:17:17,825 - varanus - INFO - In state 16187007277633237420 saw radiation_level.Radiation_Green
2026-01-27 19:17:17,825 - varanus - INFO - In state 16187007277633237420 saw radiation_level.Radiation_Green
2026-01-27 19:17:17,826 - varanus - INFO - In state 16187007277633237420 saw radiation_level.Radiation_Green
2026-01-27 19:17:17,826 - varanus - INFO - In state 16187007277633237420 saw radiation_level.Radiation_Green
2026-01-27 19:17:17,826 - varanus - INFO - In state 16187007277633237420 saw radiation_level.Radiation_Green
2026-01-27 19:17:17,826 - varanus - INFO - In state 16187007277633237420 saw radiation_level.Radiation_Green
2026-01-27 19:17:17,826 - varanus - INFO - In state 16187007277633237420 saw radiation_level.Radiation_Green
2026-01-27 19:17:17,827 - varanus - INFO - In state 16187007277633237420 saw radiation_level.Radiation_Green
2026-01-27 19:17:17,827 - varanus - INFO - In state 16187007277633237420 saw radiation_level.Radiation_Green
2026-01-27 19:17:17,827 - varanus - INFO - In state 16187007277633237420 saw radiation_level.Radiation_Green
2026-01-27 19:17:17,827 - varanus - INFO - In state 16187007277633237420 saw radiation_level.Radiation_Green
2026-01-27 19:17:17,828 - varanus - INFO - In state 16187007277633237420 saw radiation_level.Radiation_Green
2026-01-27 19:17:17,828 - varanus - INFO - In state 16187007277633237420 saw radiation_level.Radiation_Green
2026-01-27 19:17:17,828 - varanus - INFO - In state 16187007277633237420 saw radiation_level.Radiation_Green
2026-01-27 19:17:17,828 - varanus - INFO - In state 16187007277633237420 saw radiation_level.Radiation_Green
2026-01-27 19:17:17,829 - varanus - INFO - In state 16187007277633237420 saw radiation_level.Radiation_Green
2026-01-27 19:17:17,829 - varanus - INFO - In state 16187007277633237420 saw radiation_level.Radiation_Green
2026-01-27 19:17:17,829 - varanus - INFO - In state 16187007277633237420 saw radiation_level.Radiation_Green
2026-01-27 19:17:17,829 - varanus - INFO - In state 16187007277633237420 saw radiation_level.Radiation_Green
2026-01-27 19:17:17,829 - varanus - INFO - In state 16187007277633237420 saw radiation_level.Radiation_Green
2026-01-27 19:17:17,830 - varanus - INFO - In state 16187007277633237420 saw radiation_level.Radiation_Green
2026-01-27 19:17:17,830 - varanus - INFO - In state 16187007277633237420 saw radiation_level.Radiation_Green
2026-01-27 19:17:17,830 - varanus - INFO - In state 16187007277633237420 saw radiation_level.Radiation_Green
2026-01-27 19:17:17,830 - varanus - INFO - In state 16187007277633237420 saw radiation_level.Radiation_Green
2026-01-27 19:17:17,831 - varanus - INFO - In state 16187007277633237420 saw radiation_level.Radiation_Green
2026-01-27 19:17:17,831 - varanus - INFO - In state 16187007277633237420 saw radiation_level.Radiation_Green
2026-01-27 19:17:17,831 - varanus - INFO - In state 16187007277633237420 saw move.1
2026-01-27 19:17:17,831 - varanus - INFO - In state 824750381067182135 saw radiation_level.Radiation_Green
2026-01-27 19:17:17,832 - varanus - INFO - In state 824750381067182135 saw radiation_level.Radiation_Green
2026-01-27 19:17:17,832 - varanus - INFO - In state 824750381067182135 saw radiation_level.Radiation_Green
2026-01-27 19:17:17,832 - varanus - INFO - In state 824750381067182135 saw radiation_level.Radiation_Green
2026-01-27 19:17:17,832 - varanus - INFO - In state 824750381067182135 saw radiation_level.Radiation_Green
2026-01-27 19:17:17,832 - varanus - INFO - In state 824750381067182135 saw radiation_level.Radiation_Green
2026-01-27 19:17:17,833 - varanus - INFO - In state 824750381067182135 saw radiation_level.Radiation_Green
2026-01-27 19:17:17,833 - varanus - INFO - In state 824750381067182135 saw radiation_level.Radiation_Green
2026-01-27 19:17:17,833 - varanus - INFO - In state 824750381067182135 saw radiation_level.Radiation_Green
2026-01-27 19:17:17,833 - varanus - INFO - In state 824750381067182135 saw radiation_level.Radiation_Green
2026-01-27 19:17:17,834 - varanus - INFO - In state 824750381067182135 saw radiation_level.Radiation_Green
2026-01-27 19:17:17,834 - varanus - INFO - In state 824750381067182135 saw radiation_level.Radiation_Green
2026-01-27 19:17:17,834 - varanus - INFO - In state 824750381067182135 saw radiation_level.Radiation_Green
2026-01-27 19:17:17,834 - varanus - INFO - In state 824750381067182135 saw radiation_level.Radiation_Green
2026-01-27 19:17:17,834 - varanus - INFO - In state 824750381067182135 saw radiation_level.Radiation_Green
2026-01-27 19:17:17,835 - varanus - INFO - In state 824750381067182135 saw radiation_level.Radiation_Green
2026-01-27 19:17:17,835 - varanus - INFO - In state 824750381067182135 saw radiation_level.Radiation_Green
2026-01-27 19:17:17,835 - varanus - INFO - In state 824750381067182135 saw arrived_at.1
2026-01-27 19:17:17,835 - varanus - INFO - In state 2681491882390849628 saw radiation_level.Radiation_Green
2026-01-27 19:17:17,836 - varanus - INFO - In state 2681491882390849628 saw inspect.1
2026-01-27 19:17:17,836 - varanus - INFO - In state 5608211198945682904 saw radiation_level.Radiation_Green
2026-01-27 19:17:17,836 - varanus - INFO - In state 5608211198945682904 saw radiation_level.Radiation_Green
2026-01-27 19:17:17,836 - varanus - INFO - In state 5608211198945682904 saw radiation_level.Radiation_Green
2026-01-27 19:17:17,837 - varanus - INFO - In state 5608211198945682904 saw inspected.1
2026-01-27 19:17:17,837 - varanus - INFO - In state 16263782641888418136 saw radiation_level.Radiation_Green
2026-01-27 19:17:17,837 - varanus - INFO - In state 16263782641888418136 saw move.2
2026-01-27 19:17:17,837 - varanus - INFO - In state 13704752137067749531 saw radiation_level.Radiation_Green
2026-01-27 19:17:17,838 - varanus - INFO - In state 13704752137067749531 saw radiation_level.Radiation_Green
2026-01-27 19:17:17,838 - varanus - INFO - In state 13704752137067749531 saw radiation_level.Radiation_Green
2026-01-27 19:17:17,838 - varanus - INFO - In state 13704752137067749531 saw radiation_level.Radiation_Green
2026-01-27 19:17:17,838 - varanus - INFO - In state 13704752137067749531 saw radiation_level.Radiation_Green
2026-01-27 19:17:17,838 - varanus - INFO - In state 13704752137067749531 saw radiation_level.Radiation_Green
2026-01-27 19:17:17,839 - varanus - INFO - In state 13704752137067749531 saw radiation_level.Radiation_Green
2026-01-27 19:17:17,839 - varanus - INFO - In state 13704752137067749531 saw radiation_level.Radiation_Green
2026-01-27 19:17:17,839 - varanus - INFO - In state 13704752137067749531 saw radiation_level.Radiation_Green
2026-01-27 19:17:17,839 - varanus - INFO - In state 13704752137067749531 saw radiation_level.Radiation_Green
2026-01-27 19:17:17,840 - varanus - INFO - In state 13704752137067749531 saw radiation_level.Radiation_Green
2026-01-27 19:17:17,840 - varanus - INFO - In state 13704752137067749531 saw radiation_level.Radiation_Green
2026-01-27 19:17:17,840 - varanus - INFO - In state 13704752137067749531 saw radiation_level.Radiation_Green
2026-01-27 19:17:17,840 - varanus - INFO - In state 13704752137067749531 saw radiation_level.Radiation_Green
2026-01-27 19:17:17,840 - varanus - INFO - In state 13704752137067749531 saw radiation_level.Radiation_Green
2026-01-27 19:17:17,841 - varanus - INFO - In state 13704752137067749531 saw radiation_level.Radiation_Green
2026-01-27 19:17:17,841 - varanus - INFO - In state 13704752137067749531 saw radiation_level.Radiation_Green
2026-01-27 19:17:17,841 - varanus - INFO - In state 13704752137067749531 saw radiation_level.Radiation_Green
2026-01-27 19:17:17,841 - varanus - INFO - In state 13704752137067749531 saw radiation_level.Radiation_Green
2026-01-27 19:17:17,842 - varanus - INFO - In state 13704752137067749531 saw radiation_level.Radiation_Green
2026-01-27 19:17:17,842 - varanus - INFO - In state 13704752137067749531 saw radiation_level.Radiation_Green
2026-01-27 19:17:17,842 - varanus - INFO - In state 13704752137067749531 saw radiation_level.Radiation_Green
2026-01-27 19:17:17,842 - varanus - INFO - In state 13704752137067749531 saw radiation_level.Radiation_Green
2026-01-27 19:17:17,843 - varanus - INFO - In state 13704752137067749531 saw radiation_level.Radiation_Green
2026-01-27 19:17:17,843 - varanus - INFO - In state 13704752137067749531 saw radiation_level.Radiation_Green
2026-01-27 19:17:17,843 - varanus - INFO - In state 13704752137067749531 saw radiation_level.Radiation_Green
2026-01-27 19:17:17,843 - varanus - INFO - In state 13704752137067749531 saw arrived_at.2
2026-01-27 19:17:17,844 - varanus - INFO - In state 7177406467749526592 saw radiation_level.Radiation_Green
2026-01-27 19:17:17,844 - varanus - INFO - In state 7177406467749526592 saw inspect.2
2026-01-27 19:17:17,844 - varanus - INFO - In state 10044710452391292329 saw radiation_level.Radiation_Green
2026-01-27 19:17:17,844 - varanus - INFO - In state 10044710452391292329 saw radiation_level.Radiation_Green
2026-01-27 19:17:17,844 - varanus - INFO - In state 10044710452391292329 saw radiation_level.Radiation_Green
2026-01-27 19:17:17,845 - varanus - INFO - In state 10044710452391292329 saw inspected.2
2026-01-27 19:17:17,845 - varanus - INFO - In state 14328874361088346 saw move.3
2026-01-27 19:17:17,845 - varanus - INFO - UNEXPECTED TRANSITION
2026-01-27 19:17:17,845 - varanus - INFO - Stated alphabet returning bad state i.e. None - saw bad event
2026-01-27 19:17:17,845 - varanus - ERROR - System Violated the Specification with Trace: ['radiation_level.Radiation_Green', 'radiation_level.Radiation_Green', 'radiation_level.Radiation_Green', 'radiation_level.Radiation_Green', 'radiation_level.Radiation_Green', 'radiation_level.Radiation_Green', 'radiation_level.Radiation_Green', 'radiation_level.Radiation_Green', 'radiation_level.Radiation_Green', 'radiation_level.Radiation_Green', 'radiation_level.Radiation_Green', 'radiation_level.Radiation_Green', 'radiation_level.Radiation_Green', 'radiation_level.Radiation_Green', 'radiation_level.Radiation_Green', 'radiation_level.Radiation_Green', 'radiation_level.Radiation_Green', 'radiation_level.Radiation_Green', 'radiation_level.Radiation_Green', 'radiation_level.Radiation_Green', 'radiation_level.Radiation_Green', 'radiation_level.Radiation_Green', 'radiation_level.Radiation_Green', 'radiation_level.Radiation_Green', 'radiation_level.Radiation_Green', 'radiation_level.Radiation_Green', 'radiation_level.Radiation_Green', 'radiation_level.Radiation_Green', 'radiation_level.Radiation_Green', 'radiation_level.Radiation_Green', 'radiation_level.Radiation_Green', 'radiation_level.Radiation_Green', 'radiation_level.Radiation_Green', 'radiation_level.Radiation_Green', 'radiation_level.Radiation_Green', 'radiation_level.Radiation_Green', 'radiation_level.Radiation_Green', 'radiation_level.Radiation_Green', 'radiation_level.Radiation_Green', 'radiation_level.Radiation_Green', 'radiation_level.Radiation_Green', 'radiation_level.Radiation_Green', 'radiation_level.Radiation_Green', 'radiation_level.Radiation_Green', 'radiation_level.Radiation_Green', 'radiation_level.Radiation_Green', 'radiation_level.Radiation_Green', 'radiation_level.Radiation_Green', 'radiation_level.Radiation_Green', 'radiation_level.Radiation_Green', 'radiation_level.Radiation_Green', 'radiation_level.Radiation_Green', 'radiation_level.Radiation_Green', 'radiation_level.Radiation_Green', 'radiation_level.Radiation_Green', 'radiation_level.Radiation_Green', 'radiation_level.Radiation_Green', 'radiation_level.Radiation_Green', 'radiation_level.Radiation_Green', 'radiation_level.Radiation_Green', 'radiation_level.Radiation_Green', 'radiation_level.Radiation_Green', 'radiation_level.Radiation_Green', 'radiation_level.Radiation_Green', 'radiation_level.Radiation_Green', 'radiation_level.Radiation_Green', 'radiation_level.Radiation_Green', 'radiation_level.Radiation_Green', 'radiation_level.Radiation_Green', 'radiation_level.Radiation_Green', 'radiation_level.Radiation_Green', 'radiation_level.Radiation_Green', 'radiation_level.Radiation_Green', 'move.1', 'radiation_level.Radiation_Green', 'radiation_level.Radiation_Green', 'radiation_level.Radiation_Green', 'radiation_level.Radiation_Green', 'radiation_level.Radiation_Green', 'radiation_level.Radiation_Green', 'radiation_level.Radiation_Green', 'radiation_level.Radiation_Green', 'radiation_level.Radiation_Green', 'radiation_level.Radiation_Green', 'radiation_level.Radiation_Green', 'radiation_level.Radiation_Green', 'radiation_level.Radiation_Green', 'radiation_level.Radiation_Green', 'radiation_level.Radiation_Green', 'radiation_level.Radiation_Green', 'radiation_level.Radiation_Green', 'arrived_at.1', 'radiation_level.Radiation_Green', 'inspect.1', 'radiation_level.Radiation_Green', 'radiation_level.Radiation_Green', 'radiation_level.Radiation_Green', 'inspected.1', 'radiation_level.Radiation_Green', 'move.2', 'radiation_level.Radiation_Green', 'radiation_level.Radiation_Green', 'radiation_level.Radiation_Green', 'radiation_level.Radiation_Green', 'radiation_level.Radiation_Green', 'radiation_level.Radiation_Green', 'radiation_level.Radiation_Green', 'radiation_level.Radiation_Green', 'radiation_level.Radiation_Green', 'radiation_level.Radiation_Green', 'radiation_level.Radiation_Green', 'radiation_level.Radiation_Green', 'radiation_level.Radiation_Green', 'radiation_level.Radiation_Green', 'radiation_level.Radiation_Green', 'radiation_level.Radiation_Green', 'radiation_level.Radiation_Green', 'radiation_level.Radiation_Green', 'radiation_level.Radiation_Green', 'radiation_level.Radiation_Green', 'radiation_level.Radiation_Green', 'radiation_level.Radiation_Green', 'radiation_level.Radiation_Green', 'radiation_level.Radiation_Green', 'radiation_level.Radiation_Green', 'radiation_level.Radiation_Green', 'arrived_at.2', 'radiation_level.Radiation_Green', 'inspect.2', 'radiation_level.Radiation_Green', 'radiation_level.Radiation_Green', 'radiation_level.Radiation_Green', 'inspected.2', 'move.3']
2026-01-27 19:17:17,846 - varanus - ERROR - The permissible events were: ['radiation_level.Radiation_Orange', 'radiation_level.Radiation_Green', 'radiation_level.Radiation_Red', 'move.2', 'move.1', 'move.0']
2026-01-27 19:17:17,846 - varanus - INFO - Trace file finished with violations
2026-01-27 19:17:20,315 - varanus - INFO - +++ Build Time: 			54.6442439556s +++
2026-01-27 19:17:20,316 - varanus - INFO - +++ Check Time: 			0.0503308773041s +++
2026-01-27 19:17:20,316 - varanus - INFO - +++ Average Transition Time: 	0.000236601971868s (134 events) +++
2026-01-27 19:17:20,316 - varanus - INFO - +++ Total Time: 			54.8136198521s +++
