2026-01-27 19:12:06,407 - varanus - INFO - +++ Testing rover_robochart_model_ras_fail_ordering +++
2026-01-27 19:12:06,407 - varanus - INFO - Preprocessing...
2026-01-27 19:12:06,407 - varanus - INFO - Preprocessing: pass
2026-01-27 19:12:06,408 - varanus - INFO - +++ Running Offline +++
2026-01-27 19:12:06,528 - varanus - INFO - Building CSP State Machine. Please Wait
2026-01-27 19:13:02,577 - varanus - INFO - Building CSP State Machine
2026-01-27 19:13:02,582 - varanus - INFO - +++ checking that normal(RCSystem) is deterministic with given alphabets +++
2026-01-27 19:13:02,582 - varanus - INFO - +++ starting monitoring against normal(RCSystem) +++
2026-01-27 19:13:02,582 - varanus - INFO - +++ Running Offline -- Using State Machine +++
2026-01-27 19:13:02,582 - varanus - INFO - Parsing trace file at: oracles/inspection-rover-ras/trace-json-fail-message-order.txt
2026-01-27 19:13:02,596 - varanus - INFO - Parsed trace file OK
2026-01-27 19:13:02,596 - varanus - INFO - Checking trace file: oracles/inspection-rover-ras/trace-json-fail-message-order.txt
2026-01-27 19:13:02,597 - varanus - INFO - In state 16187007277633237420 saw radiation_level.Radiation_Green
2026-01-27 19:13:02,597 - varanus - INFO - In state 16187007277633237420 saw radiation_level.Radiation_Green
2026-01-27 19:13:02,597 - varanus - INFO - In state 16187007277633237420 saw radiation_level.Radiation_Green
2026-01-27 19:13:02,597 - varanus - INFO - In state 16187007277633237420 saw radiation_level.Radiation_Green
2026-01-27 19:13:02,597 - varanus - INFO - In state 16187007277633237420 saw radiation_level.Radiation_Green
2026-01-27 19:13:02,598 - varanus - INFO - In state 16187007277633237420 saw radiation_level.Radiation_Green
2026-01-27 19:13:02,598 - varanus - INFO - In state 16187007277633237420 saw radiation_level.Radiation_Green
2026-01-27 19:13:02,598 - varanus - INFO - In state 16187007277633237420 saw radiation_level.Radiation_Green
2026-01-27 19:13:02,598 - varanus - INFO - In state 16187007277633237420 saw radiation_level.Radiation_Green
2026-01-27 19:13:02,599 - varanus - INFO - In state 16187007277633237420 saw radiation_level.Radiation_Green
2026-01-27 19:13:02,599 - varanus - INFO - In state 16187007277633237420 saw radiation_level.Radiation_Green
2026-01-27 19:13:02,599 - varanus - INFO - In state 16187007277633237420 saw radiation_level.Radiation_Green
2026-01-27 19:13:02,599 - varanus - INFO - In state 16187007277633237420 saw radiation_level.Radiation_Green
2026-01-27 19:13:02,599 - varanus - INFO - In state 16187007277633237420 saw radiation_level.Radiation_Green
2026-01-27 19:13:02,680 - varanus - INFO - In state 16187007277633237420 saw radiation_level.Radiation_Green
2026-01-27 19:13:02,680 - varanus - INFO - In state 16187007277633237420 saw radiation_level.Radiation_Green
2026-01-27 19:13:02,680 - varanus - INFO - In state 16187007277633237420 saw radiation_level.Radiation_Green
2026-01-27 19:13:02,680 - varanus - INFO - In state 16187007277633237420 saw radiation_level.Radiation_Green
2026-01-27 19:13:02,681 - varanus - INFO - In state 16187007277633237420 saw radiation_level.Radiation_Green
2026-01-27 19:13:02,681 - varanus - INFO - In state 16187007277633237420 saw radiation_level.Radiation_Green
2026-01-27 19:13:02,681 - varanus - INFO - In state 16187007277633237420 saw radiation_level.Radiation_Green
2026-01-27 19:13:02,682 - varanus - INFO - In state 16187007277633237420 saw radiation_level.Radiation_Green
2026-01-27 19:13:02,682 - varanus - INFO - In state 16187007277633237420 saw radiation_level.Radiation_Green
2026-01-27 19:13:02,682 - varanus - INFO - In state 16187007277633237420 saw radiation_level.Radiation_Green
2026-01-27 19:13:02,682 - varanus - INFO - In state 16187007277633237420 saw radiation_level.Radiation_Green
2026-01-27 19:13:02,683 - varanus - INFO - In state 16187007277633237420 saw radiation_level.Radiation_Green
2026-01-27 19:13:02,683 - varanus - INFO - In state 16187007277633237420 saw radiation_level.Radiation_Green
2026-01-27 19:13:02,683 - varanus - INFO - In state 16187007277633237420 saw radiation_level.Radiation_Green
2026-01-27 19:13:02,684 - varanus - INFO - In state 16187007277633237420 saw radiation_level.Radiation_Green
2026-01-27 19:13:02,684 - varanus - INFO - In state 16187007277633237420 saw radiation_level.Radiation_Green
2026-01-27 19:13:02,684 - varanus - INFO - In state 16187007277633237420 saw radiation_level.Radiation_Green
2026-01-27 19:13:02,684 - varanus - INFO - In state 16187007277633237420 saw radiation_level.Radiation_Green
2026-01-27 19:13:02,685 - varanus - INFO - In state 16187007277633237420 saw radiation_level.Radiation_Green
2026-01-27 19:13:02,685 - varanus - INFO - In state 16187007277633237420 saw radiation_level.Radiation_Green
2026-01-27 19:13:02,685 - varanus - INFO - In state 16187007277633237420 saw radiation_level.Radiation_Green
2026-01-27 19:13:02,685 - varanus - INFO - In state 16187007277633237420 saw radiation_level.Radiation_Green
2026-01-27 19:13:02,686 - varanus - INFO - In state 16187007277633237420 saw radiation_level.Radiation_Green
2026-01-27 19:13:02,686 - varanus - INFO - In state 16187007277633237420 saw radiation_level.Radiation_Green
2026-01-27 19:13:02,686 - varanus - INFO - In state 16187007277633237420 saw radiation_level.Radiation_Green
2026-01-27 19:13:02,686 - varanus - INFO - In state 16187007277633237420 saw radiation_level.Radiation_Green
2026-01-27 19:13:02,687 - varanus - INFO - In state 16187007277633237420 saw radiation_level.Radiation_Green
2026-01-27 19:13:02,687 - varanus - INFO - In state 16187007277633237420 saw radiation_level.Radiation_Green
2026-01-27 19:13:02,687 - varanus - INFO - In state 16187007277633237420 saw radiation_level.Radiation_Green
2026-01-27 19:13:02,687 - varanus - INFO - In state 16187007277633237420 saw radiation_level.Radiation_Green
2026-01-27 19:13:02,688 - varanus - INFO - In state 16187007277633237420 saw radiation_level.Radiation_Green
2026-01-27 19:13:02,688 - varanus - INFO - In state 16187007277633237420 saw radiation_level.Radiation_Green
2026-01-27 19:13:02,688 - varanus - INFO - In state 16187007277633237420 saw radiation_level.Radiation_Green
2026-01-27 19:13:02,688 - varanus - INFO - In state 16187007277633237420 saw radiation_level.Radiation_Green
2026-01-27 19:13:02,689 - varanus - INFO - In state 16187007277633237420 saw radiation_level.Radiation_Green
2026-01-27 19:13:02,689 - varanus - INFO - In state 16187007277633237420 saw radiation_level.Radiation_Green
2026-01-27 19:13:02,689 - varanus - INFO - In state 16187007277633237420 saw radiation_level.Radiation_Green
2026-01-27 19:13:02,689 - varanus - INFO - In state 16187007277633237420 saw radiation_level.Radiation_Green
2026-01-27 19:13:02,689 - varanus - INFO - In state 16187007277633237420 saw radiation_level.Radiation_Green
2026-01-27 19:13:02,689 - varanus - INFO - In state 16187007277633237420 saw radiation_level.Radiation_Green
2026-01-27 19:13:02,690 - varanus - INFO - In state 16187007277633237420 saw radiation_level.Radiation_Green
2026-01-27 19:13:02,690 - varanus - INFO - In state 16187007277633237420 saw radiation_level.Radiation_Green
2026-01-27 19:13:02,690 - varanus - INFO - In state 16187007277633237420 saw radiation_level.Radiation_Green
2026-01-27 19:13:02,690 - varanus - INFO - In state 16187007277633237420 saw radiation_level.Radiation_Green
2026-01-27 19:13:02,690 - varanus - INFO - In state 16187007277633237420 saw radiation_level.Radiation_Green
2026-01-27 19:13:02,691 - varanus - INFO - In state 16187007277633237420 saw radiation_level.Radiation_Green
2026-01-27 19:13:02,691 - varanus - INFO - In state 16187007277633237420 saw radiation_level.Radiation_Green
2026-01-27 19:13:02,691 - varanus - INFO - In state 16187007277633237420 saw radiation_level.Radiation_Green
2026-01-27 19:13:02,691 - varanus - INFO - In state 16187007277633237420 saw radiation_level.Radiation_Green
2026-01-27 19:13:02,691 - varanus - INFO - In state 16187007277633237420 saw radiation_level.Radiation_Green
2026-01-27 19:13:02,691 - varanus - INFO - In state 16187007277633237420 saw radiation_level.Radiation_Green
2026-01-27 19:13:02,692 - varanus - INFO - In state 16187007277633237420 saw radiation_level.Radiation_Green
2026-01-27 19:13:02,692 - varanus - INFO - In state 16187007277633237420 saw radiation_level.Radiation_Green
2026-01-27 19:13:02,692 - varanus - INFO - In state 16187007277633237420 saw radiation_level.Radiation_Green
2026-01-27 19:13:02,692 - varanus - INFO - In state 16187007277633237420 saw radiation_level.Radiation_Green
2026-01-27 19:13:02,692 - varanus - INFO - In state 16187007277633237420 saw radiation_level.Radiation_Green
2026-01-27 19:13:02,693 - varanus - INFO - In state 16187007277633237420 saw radiation_level.Radiation_Green
2026-01-27 19:13:02,693 - varanus - INFO - In state 16187007277633237420 saw radiation_level.Radiation_Green
2026-01-27 19:13:02,693 - varanus - INFO - In state 16187007277633237420 saw radiation_level.Radiation_Green
2026-01-27 19:13:02,693 - varanus - INFO - In state 16187007277633237420 saw move.1
2026-01-27 19:13:02,693 - varanus - INFO - In state 824750381067182135 saw radiation_level.Radiation_Green
2026-01-27 19:13:02,693 - varanus - INFO - In state 824750381067182135 saw radiation_level.Radiation_Green
2026-01-27 19:13:02,694 - varanus - INFO - In state 824750381067182135 saw radiation_level.Radiation_Green
2026-01-27 19:13:02,694 - varanus - INFO - In state 824750381067182135 saw radiation_level.Radiation_Green
2026-01-27 19:13:02,694 - varanus - INFO - In state 824750381067182135 saw radiation_level.Radiation_Green
2026-01-27 19:13:02,694 - varanus - INFO - In state 824750381067182135 saw radiation_level.Radiation_Green
2026-01-27 19:13:02,694 - varanus - INFO - In state 824750381067182135 saw radiation_level.Radiation_Green
2026-01-27 19:13:02,694 - varanus - INFO - In state 824750381067182135 saw radiation_level.Radiation_Green
2026-01-27 19:13:02,695 - varanus - INFO - In state 824750381067182135 saw radiation_level.Radiation_Green
2026-01-27 19:13:02,695 - varanus - INFO - In state 824750381067182135 saw radiation_level.Radiation_Green
2026-01-27 19:13:02,695 - varanus - INFO - In state 824750381067182135 saw radiation_level.Radiation_Green
2026-01-27 19:13:02,695 - varanus - INFO - In state 824750381067182135 saw radiation_level.Radiation_Green
2026-01-27 19:13:02,695 - varanus - INFO - In state 824750381067182135 saw radiation_level.Radiation_Green
2026-01-27 19:13:02,696 - varanus - INFO - In state 824750381067182135 saw radiation_level.Radiation_Green
2026-01-27 19:13:02,696 - varanus - INFO - In state 824750381067182135 saw radiation_level.Radiation_Green
2026-01-27 19:13:02,696 - varanus - INFO - In state 824750381067182135 saw radiation_level.Radiation_Green
2026-01-27 19:13:02,696 - varanus - INFO - In state 824750381067182135 saw radiation_level.Radiation_Green
2026-01-27 19:13:02,696 - varanus - INFO - In state 824750381067182135 saw arrived_at.1
2026-01-27 19:13:02,696 - varanus - INFO - In state 2681491882390849628 saw radiation_level.Radiation_Green
2026-01-27 19:13:02,697 - varanus - INFO - In state 2681491882390849628 saw inspect.1
2026-01-27 19:13:02,697 - varanus - INFO - In state 5608211198945682904 saw radiation_level.Radiation_Green
2026-01-27 19:13:02,697 - varanus - INFO - In state 5608211198945682904 saw radiation_level.Radiation_Green
2026-01-27 19:13:02,697 - varanus - INFO - In state 5608211198945682904 saw radiation_level.Radiation_Green
2026-01-27 19:13:02,697 - varanus - INFO - In state 5608211198945682904 saw inspected.1
2026-01-27 19:13:02,698 - varanus - INFO - In state 16263782641888418136 saw radiation_level.Radiation_Green
2026-01-27 19:13:02,698 - varanus - INFO - In state 16263782641888418136 saw move.2
2026-01-27 19:13:02,698 - varanus - INFO - In state 13704752137067749531 saw radiation_level.Radiation_Green
2026-01-27 19:13:02,698 - varanus - INFO - In state 13704752137067749531 saw radiation_level.Radiation_Green
2026-01-27 19:13:02,698 - varanus - INFO - In state 13704752137067749531 saw radiation_level.Radiation_Green
2026-01-27 19:13:02,699 - varanus - INFO - In state 13704752137067749531 saw radiation_level.Radiation_Green
2026-01-27 19:13:02,699 - varanus - INFO - In state 13704752137067749531 saw radiation_level.Radiation_Green
2026-01-27 19:13:02,699 - varanus - INFO - In state 13704752137067749531 saw radiation_level.Radiation_Green
2026-01-27 19:13:02,699 - varanus - INFO - In state 13704752137067749531 saw radiation_level.Radiation_Green
2026-01-27 19:13:02,699 - varanus - INFO - In state 13704752137067749531 saw radiation_level.Radiation_Green
2026-01-27 19:13:02,700 - varanus - INFO - In state 13704752137067749531 saw radiation_level.Radiation_Green
2026-01-27 19:13:02,700 - varanus - INFO - In state 13704752137067749531 saw radiation_level.Radiation_Green
2026-01-27 19:13:02,700 - varanus - INFO - In state 13704752137067749531 saw radiation_level.Radiation_Green
2026-01-27 19:13:02,700 - varanus - INFO - In state 13704752137067749531 saw radiation_level.Radiation_Green
2026-01-27 19:13:02,700 - varanus - INFO - In state 13704752137067749531 saw radiation_level.Radiation_Green
2026-01-27 19:13:02,700 - varanus - INFO - In state 13704752137067749531 saw radiation_level.Radiation_Green
2026-01-27 19:13:02,701 - varanus - INFO - In state 13704752137067749531 saw radiation_level.Radiation_Green
2026-01-27 19:13:02,701 - varanus - INFO - In state 13704752137067749531 saw radiation_level.Radiation_Green
2026-01-27 19:13:02,701 - varanus - INFO - In state 13704752137067749531 saw radiation_level.Radiation_Green
2026-01-27 19:13:02,701 - varanus - INFO - In state 13704752137067749531 saw radiation_level.Radiation_Green
2026-01-27 19:13:02,701 - varanus - INFO - In state 13704752137067749531 saw radiation_level.Radiation_Green
2026-01-27 19:13:02,702 - varanus - INFO - In state 13704752137067749531 saw radiation_level.Radiation_Green
2026-01-27 19:13:02,702 - varanus - INFO - In state 13704752137067749531 saw radiation_level.Radiation_Green
2026-01-27 19:13:02,702 - varanus - INFO - In state 13704752137067749531 saw radiation_level.Radiation_Green
2026-01-27 19:13:02,702 - varanus - INFO - In state 13704752137067749531 saw radiation_level.Radiation_Green
2026-01-27 19:13:02,702 - varanus - INFO - In state 13704752137067749531 saw radiation_level.Radiation_Green
2026-01-27 19:13:02,702 - varanus - INFO - In state 13704752137067749531 saw radiation_level.Radiation_Green
2026-01-27 19:13:02,703 - varanus - INFO - In state 13704752137067749531 saw radiation_level.Radiation_Green
2026-01-27 19:13:02,703 - varanus - INFO - In state 13704752137067749531 saw arrived_at.2
2026-01-27 19:13:02,703 - varanus - INFO - In state 7177406467749526592 saw radiation_level.Radiation_Green
2026-01-27 19:13:02,703 - varanus - INFO - In state 7177406467749526592 saw inspect.2
2026-01-27 19:13:02,703 - varanus - INFO - In state 10044710452391292329 saw radiation_level.Radiation_Green
2026-01-27 19:13:02,704 - varanus - INFO - In state 10044710452391292329 saw radiation_level.Radiation_Green
2026-01-27 19:13:02,704 - varanus - INFO - In state 10044710452391292329 saw radiation_level.Radiation_Green
2026-01-27 19:13:02,704 - varanus - INFO - In state 10044710452391292329 saw inspected.2
2026-01-27 19:13:02,704 - varanus - INFO - In state 14328874361088346 saw move.3
2026-01-27 19:13:02,704 - varanus - INFO - UNEXPECTED TRANSITION
2026-01-27 19:13:02,704 - varanus - INFO - Stated alphabet returning bad state i.e. None - saw bad event
2026-01-27 19:13:02,704 - varanus - ERROR - System Violated the Specification with Trace: ['radiation_level.Radiation_Green', 'radiation_level.Radiation_Green', 'radiation_level.Radiation_Green', 'radiation_level.Radiation_Green', 'radiation_level.Radiation_Green', 'radiation_level.Radiation_Green', 'radiation_level.Radiation_Green', 'radiation_level.Radiation_Green', 'radiation_level.Radiation_Green', 'radiation_level.Radiation_Green', 'radiation_level.Radiation_Green', 'radiation_level.Radiation_Green', 'radiation_level.Radiation_Green', 'radiation_level.Radiation_Green', 'radiation_level.Radiation_Green', 'radiation_level.Radiation_Green', 'radiation_level.Radiation_Green', 'radiation_level.Radiation_Green', 'radiation_level.Radiation_Green', 'radiation_level.Radiation_Green', 'radiation_level.Radiation_Green', 'radiation_level.Radiation_Green', 'radiation_level.Radiation_Green', 'radiation_level.Radiation_Green', 'radiation_level.Radiation_Green', 'radiation_level.Radiation_Green', 'radiation_level.Radiation_Green', 'radiation_level.Radiation_Green', 'radiation_level.Radiation_Green', 'radiation_level.Radiation_Green', 'radiation_level.Radiation_Green', 'radiation_level.Radiation_Green', 'radiation_level.Radiation_Green', 'radiation_level.Radiation_Green', 'radiation_level.Radiation_Green', 'radiation_level.Radiation_Green', 'radiation_level.Radiation_Green', 'radiation_level.Radiation_Green', 'radiation_level.Radiation_Green', 'radiation_level.Radiation_Green', 'radiation_level.Radiation_Green', 'radiation_level.Radiation_Green', 'radiation_level.Radiation_Green', 'radiation_level.Radiation_Green', 'radiation_level.Radiation_Green', 'radiation_level.Radiation_Green', 'radiation_level.Radiation_Green', 'radiation_level.Radiation_Green', 'radiation_level.Radiation_Green', 'radiation_level.Radiation_Green', 'radiation_level.Radiation_Green', 'radiation_level.Radiation_Green', 'radiation_level.Radiation_Green', 'radiation_level.Radiation_Green', 'radiation_level.Radiation_Green', 'radiation_level.Radiation_Green', 'radiation_level.Radiation_Green', 'radiation_level.Radiation_Green', 'radiation_level.Radiation_Green', 'radiation_level.Radiation_Green', 'radiation_level.Radiation_Green', 'radiation_level.Radiation_Green', 'radiation_level.Radiation_Green', 'radiation_level.Radiation_Green', 'radiation_level.Radiation_Green', 'radiation_level.Radiation_Green', 'radiation_level.Radiation_Green', 'radiation_level.Radiation_Green', 'radiation_level.Radiation_Green', 'radiation_level.Radiation_Green', 'radiation_level.Radiation_Green', 'radiation_level.Radiation_Green', 'radiation_level.Radiation_Green', 'move.1', 'radiation_level.Radiation_Green', 'radiation_level.Radiation_Green', 'radiation_level.Radiation_Green', 'radiation_level.Radiation_Green', 'radiation_level.Radiation_Green', 'radiation_level.Radiation_Green', 'radiation_level.Radiation_Green', 'radiation_level.Radiation_Green', 'radiation_level.Radiation_Green', 'radiation_level.Radiation_Green', 'radiation_level.Radiation_Green', 'radiation_level.Radiation_Green', 'radiation_level.Radiation_Green', 'radiation_level.Radiation_Green', 'radiation_level.Radiation_Green', 'radiation_level.Radiation_Green', 'radiation_level.Radiation_Green', 'arrived_at.1', 'radiation_level.Radiation_Green', 'inspect.1', 'radiation_level.Radiation_Green', 'radiation_level.Radiation_Green', 'radiation_level.Radiation_Green', 'inspected.1', 'radiation_level.Radiation_Green', 'move.2', 'radiation_level.Radiation_Green', 'radiation_level.Radiation_Green', 'radiation_level.Radiation_Green', 'radiation_level.Radiation_Green', 'radiation_level.Radiation_Green', 'radiation_level.Radiation_Green', 'radiation_level.Radiation_Green', 'radiation_level.Radiation_Green', 'radiation_level.Radiation_Green', 'radiation_level.Radiation_Green', 'radiation_level.Radiation_Green', 'radiation_level.Radiation_Green', 'radiation_level.Radiation_Green', 'radiation_level.Radiation_Green', 'radiation_level.Radiation_Green', 'radiation_level.Radiation_Green', 'radiation_level.Radiation_Green', 'radiation_level.Radiation_Green', 'radiation_level.Radiation_Green', 'radiation_level.Radiation_Green', 'radiation_level.Radiation_Green', 'radiation_level.Radiation_Green', 'radiation_level.Radiation_Green', 'radiation_level.Radiation_Green', 'radiation_level.Radiation_Green', 'radiation_level.Radiation_Green', 'arrived_at.2', 'radiation_level.Radiation_Green', 'inspect.2', 'radiation_level.Radiation_Green', 'radiation_level.Radiation_Green', 'radiation_level.Radiation_Green', 'inspected.2', 'move.3']
2026-01-27 19:13:02,705 - varanus - ERROR - The permissible events were: ['radiation_level.Radiation_Orange', 'radiation_level.Radiation_Green', 'radiation_level.Radiation_Red', 'move.2', 'move.1', 'move.0']
2026-01-27 19:13:02,705 - varanus - INFO - Trace file finished with violations
2026-01-27 19:13:05,201 - varanus - INFO - +++ Build Time: 			56.054017067s +++
2026-01-27 19:13:05,201 - varanus - INFO - +++ Check Time: 			0.122960090637s +++
2026-01-27 19:13:05,201 - varanus - INFO - +++ Average Transition Time: 	0.000804070216506s (134 events) +++
2026-01-27 19:13:05,201 - varanus - INFO - +++ Total Time: 			56.2973752022s +++
