2026-01-27 19:01:50,411 - varanus - INFO - +++ Testing rover_robochart_model_ras_fail_ordering +++
2026-01-27 19:01:50,411 - varanus - INFO - Preprocessing...
2026-01-27 19:01:50,411 - varanus - INFO - Preprocessing: pass
2026-01-27 19:01:50,411 - varanus - INFO - +++ Running Offline +++
2026-01-27 19:01:50,532 - varanus - INFO - Building CSP State Machine. Please Wait
2026-01-27 19:02:45,080 - varanus - INFO - Building CSP State Machine
2026-01-27 19:02:45,088 - varanus - INFO - +++ checking that normal(RCSystem) is deterministic with given alphabets +++
2026-01-27 19:02:45,088 - varanus - INFO - +++ starting monitoring against normal(RCSystem) +++
2026-01-27 19:02:45,088 - varanus - INFO - +++ Running Offline -- Using State Machine +++
2026-01-27 19:02:45,088 - varanus - INFO - Parsing trace file at: oracles/inspection-rover-ras/trace-json-fail-message-order.txt
2026-01-27 19:02:45,097 - varanus - INFO - Parsed trace file OK
2026-01-27 19:02:45,097 - varanus - INFO - Checking trace file: oracles/inspection-rover-ras/trace-json-fail-message-order.txt
2026-01-27 19:02:45,097 - varanus - INFO - In state 16187007277633237420 saw radiation_level.Radiation_Green
2026-01-27 19:02:45,097 - varanus - INFO - In state 16187007277633237420 saw radiation_level.Radiation_Green
2026-01-27 19:02:45,097 - varanus - INFO - In state 16187007277633237420 saw radiation_level.Radiation_Green
2026-01-27 19:02:45,098 - varanus - INFO - In state 16187007277633237420 saw radiation_level.Radiation_Green
2026-01-27 19:02:45,098 - varanus - INFO - In state 16187007277633237420 saw radiation_level.Radiation_Green
2026-01-27 19:02:45,098 - varanus - INFO - In state 16187007277633237420 saw radiation_level.Radiation_Green
2026-01-27 19:02:45,098 - varanus - INFO - In state 16187007277633237420 saw radiation_level.Radiation_Green
2026-01-27 19:02:45,098 - varanus - INFO - In state 16187007277633237420 saw radiation_level.Radiation_Green
2026-01-27 19:02:45,106 - varanus - INFO - In state 16187007277633237420 saw radiation_level.Radiation_Green
2026-01-27 19:02:45,106 - varanus - INFO - In state 16187007277633237420 saw radiation_level.Radiation_Green
2026-01-27 19:02:45,107 - varanus - INFO - In state 16187007277633237420 saw radiation_level.Radiation_Green
2026-01-27 19:02:45,107 - varanus - INFO - In state 16187007277633237420 saw radiation_level.Radiation_Green
2026-01-27 19:02:45,107 - varanus - INFO - In state 16187007277633237420 saw radiation_level.Radiation_Green
2026-01-27 19:02:45,107 - varanus - INFO - In state 16187007277633237420 saw radiation_level.Radiation_Green
2026-01-27 19:02:45,107 - varanus - INFO - In state 16187007277633237420 saw radiation_level.Radiation_Green
2026-01-27 19:02:45,108 - varanus - INFO - In state 16187007277633237420 saw radiation_level.Radiation_Green
2026-01-27 19:02:45,108 - varanus - INFO - In state 16187007277633237420 saw radiation_level.Radiation_Green
2026-01-27 19:02:45,108 - varanus - INFO - In state 16187007277633237420 saw radiation_level.Radiation_Green
2026-01-27 19:02:45,108 - varanus - INFO - In state 16187007277633237420 saw radiation_level.Radiation_Green
2026-01-27 19:02:45,109 - varanus - INFO - In state 16187007277633237420 saw radiation_level.Radiation_Green
2026-01-27 19:02:45,109 - varanus - INFO - In state 16187007277633237420 saw radiation_level.Radiation_Green
2026-01-27 19:02:45,109 - varanus - INFO - In state 16187007277633237420 saw radiation_level.Radiation_Green
2026-01-27 19:02:45,109 - varanus - INFO - In state 16187007277633237420 saw radiation_level.Radiation_Green
2026-01-27 19:02:45,109 - varanus - INFO - In state 16187007277633237420 saw radiation_level.Radiation_Green
2026-01-27 19:02:45,110 - varanus - INFO - In state 16187007277633237420 saw radiation_level.Radiation_Green
2026-01-27 19:02:45,110 - varanus - INFO - In state 16187007277633237420 saw radiation_level.Radiation_Green
2026-01-27 19:02:45,110 - varanus - INFO - In state 16187007277633237420 saw radiation_level.Radiation_Green
2026-01-27 19:02:45,110 - varanus - INFO - In state 16187007277633237420 saw radiation_level.Radiation_Green
2026-01-27 19:02:45,111 - varanus - INFO - In state 16187007277633237420 saw radiation_level.Radiation_Green
2026-01-27 19:02:45,111 - varanus - INFO - In state 16187007277633237420 saw radiation_level.Radiation_Green
2026-01-27 19:02:45,111 - varanus - INFO - In state 16187007277633237420 saw radiation_level.Radiation_Green
2026-01-27 19:02:45,111 - varanus - INFO - In state 16187007277633237420 saw radiation_level.Radiation_Green
2026-01-27 19:02:45,111 - varanus - INFO - In state 16187007277633237420 saw radiation_level.Radiation_Green
2026-01-27 19:02:45,111 - varanus - INFO - In state 16187007277633237420 saw radiation_level.Radiation_Green
2026-01-27 19:02:45,111 - varanus - INFO - In state 16187007277633237420 saw radiation_level.Radiation_Green
2026-01-27 19:02:45,112 - varanus - INFO - In state 16187007277633237420 saw radiation_level.Radiation_Green
2026-01-27 19:02:45,112 - varanus - INFO - In state 16187007277633237420 saw radiation_level.Radiation_Green
2026-01-27 19:02:45,112 - varanus - INFO - In state 16187007277633237420 saw radiation_level.Radiation_Green
2026-01-27 19:02:45,112 - varanus - INFO - In state 16187007277633237420 saw radiation_level.Radiation_Green
2026-01-27 19:02:45,112 - varanus - INFO - In state 16187007277633237420 saw radiation_level.Radiation_Green
2026-01-27 19:02:45,112 - varanus - INFO - In state 16187007277633237420 saw radiation_level.Radiation_Green
2026-01-27 19:02:45,112 - varanus - INFO - In state 16187007277633237420 saw radiation_level.Radiation_Green
2026-01-27 19:02:45,112 - varanus - INFO - In state 16187007277633237420 saw radiation_level.Radiation_Green
2026-01-27 19:02:45,113 - varanus - INFO - In state 16187007277633237420 saw radiation_level.Radiation_Green
2026-01-27 19:02:45,113 - varanus - INFO - In state 16187007277633237420 saw radiation_level.Radiation_Green
2026-01-27 19:02:45,113 - varanus - INFO - In state 16187007277633237420 saw radiation_level.Radiation_Green
2026-01-27 19:02:45,113 - varanus - INFO - In state 16187007277633237420 saw radiation_level.Radiation_Green
2026-01-27 19:02:45,113 - varanus - INFO - In state 16187007277633237420 saw radiation_level.Radiation_Green
2026-01-27 19:02:45,113 - varanus - INFO - In state 16187007277633237420 saw radiation_level.Radiation_Green
2026-01-27 19:02:45,113 - varanus - INFO - In state 16187007277633237420 saw radiation_level.Radiation_Green
2026-01-27 19:02:45,113 - varanus - INFO - In state 16187007277633237420 saw radiation_level.Radiation_Green
2026-01-27 19:02:45,114 - varanus - INFO - In state 16187007277633237420 saw radiation_level.Radiation_Green
2026-01-27 19:02:45,114 - varanus - INFO - In state 16187007277633237420 saw radiation_level.Radiation_Green
2026-01-27 19:02:45,114 - varanus - INFO - In state 16187007277633237420 saw radiation_level.Radiation_Green
2026-01-27 19:02:45,114 - varanus - INFO - In state 16187007277633237420 saw radiation_level.Radiation_Green
2026-01-27 19:02:45,114 - varanus - INFO - In state 16187007277633237420 saw radiation_level.Radiation_Green
2026-01-27 19:02:45,114 - varanus - INFO - In state 16187007277633237420 saw radiation_level.Radiation_Green
2026-01-27 19:02:45,114 - varanus - INFO - In state 16187007277633237420 saw radiation_level.Radiation_Green
2026-01-27 19:02:45,114 - varanus - INFO - In state 16187007277633237420 saw radiation_level.Radiation_Green
2026-01-27 19:02:45,115 - varanus - INFO - In state 16187007277633237420 saw radiation_level.Radiation_Green
2026-01-27 19:02:45,115 - varanus - INFO - In state 16187007277633237420 saw radiation_level.Radiation_Green
2026-01-27 19:02:45,115 - varanus - INFO - In state 16187007277633237420 saw radiation_level.Radiation_Green
2026-01-27 19:02:45,115 - varanus - INFO - In state 16187007277633237420 saw radiation_level.Radiation_Green
2026-01-27 19:02:45,115 - varanus - INFO - In state 16187007277633237420 saw radiation_level.Radiation_Green
2026-01-27 19:02:45,115 - varanus - INFO - In state 16187007277633237420 saw radiation_level.Radiation_Green
2026-01-27 19:02:45,115 - varanus - INFO - In state 16187007277633237420 saw radiation_level.Radiation_Green
2026-01-27 19:02:45,115 - varanus - INFO - In state 16187007277633237420 saw radiation_level.Radiation_Green
2026-01-27 19:02:45,116 - varanus - INFO - In state 16187007277633237420 saw radiation_level.Radiation_Green
2026-01-27 19:02:45,116 - varanus - INFO - In state 16187007277633237420 saw radiation_level.Radiation_Green
2026-01-27 19:02:45,116 - varanus - INFO - In state 16187007277633237420 saw radiation_level.Radiation_Green
2026-01-27 19:02:45,116 - varanus - INFO - In state 16187007277633237420 saw radiation_level.Radiation_Green
2026-01-27 19:02:45,116 - varanus - INFO - In state 16187007277633237420 saw radiation_level.Radiation_Green
2026-01-27 19:02:45,116 - varanus - INFO - In state 16187007277633237420 saw radiation_level.Radiation_Green
2026-01-27 19:02:45,116 - varanus - INFO - In state 16187007277633237420 saw move.1
2026-01-27 19:02:45,116 - varanus - INFO - In state 824750381067182135 saw radiation_level.Radiation_Green
2026-01-27 19:02:45,117 - varanus - INFO - In state 824750381067182135 saw radiation_level.Radiation_Green
2026-01-27 19:02:45,117 - varanus - INFO - In state 824750381067182135 saw radiation_level.Radiation_Green
2026-01-27 19:02:45,117 - varanus - INFO - In state 824750381067182135 saw radiation_level.Radiation_Green
2026-01-27 19:02:45,117 - varanus - INFO - In state 824750381067182135 saw radiation_level.Radiation_Green
2026-01-27 19:02:45,117 - varanus - INFO - In state 824750381067182135 saw radiation_level.Radiation_Green
2026-01-27 19:02:45,118 - varanus - INFO - In state 824750381067182135 saw radiation_level.Radiation_Green
2026-01-27 19:02:45,118 - varanus - INFO - In state 824750381067182135 saw radiation_level.Radiation_Green
2026-01-27 19:02:45,118 - varanus - INFO - In state 824750381067182135 saw radiation_level.Radiation_Green
2026-01-27 19:02:45,118 - varanus - INFO - In state 824750381067182135 saw radiation_level.Radiation_Green
2026-01-27 19:02:45,118 - varanus - INFO - In state 824750381067182135 saw radiation_level.Radiation_Green
2026-01-27 19:02:45,119 - varanus - INFO - In state 824750381067182135 saw radiation_level.Radiation_Green
2026-01-27 19:02:45,119 - varanus - INFO - In state 824750381067182135 saw radiation_level.Radiation_Green
2026-01-27 19:02:45,119 - varanus - INFO - In state 824750381067182135 saw radiation_level.Radiation_Green
2026-01-27 19:02:45,119 - varanus - INFO - In state 824750381067182135 saw radiation_level.Radiation_Green
2026-01-27 19:02:45,119 - varanus - INFO - In state 824750381067182135 saw radiation_level.Radiation_Green
2026-01-27 19:02:45,120 - varanus - INFO - In state 824750381067182135 saw radiation_level.Radiation_Green
2026-01-27 19:02:45,120 - varanus - INFO - In state 824750381067182135 saw arrived_at.1
2026-01-27 19:02:45,120 - varanus - INFO - In state 2681491882390849628 saw radiation_level.Radiation_Green
2026-01-27 19:02:45,120 - varanus - INFO - In state 2681491882390849628 saw inspect.1
2026-01-27 19:02:45,120 - varanus - INFO - In state 5608211198945682904 saw radiation_level.Radiation_Green
2026-01-27 19:02:45,120 - varanus - INFO - In state 5608211198945682904 saw radiation_level.Radiation_Green
2026-01-27 19:02:45,121 - varanus - INFO - In state 5608211198945682904 saw radiation_level.Radiation_Green
2026-01-27 19:02:45,121 - varanus - INFO - In state 5608211198945682904 saw inspected.1
2026-01-27 19:02:45,121 - varanus - INFO - In state 16263782641888418136 saw radiation_level.Radiation_Green
2026-01-27 19:02:45,121 - varanus - INFO - In state 16263782641888418136 saw move.2
2026-01-27 19:02:45,121 - varanus - INFO - In state 13704752137067749531 saw radiation_level.Radiation_Green
2026-01-27 19:02:45,122 - varanus - INFO - In state 13704752137067749531 saw radiation_level.Radiation_Green
2026-01-27 19:02:45,122 - varanus - INFO - In state 13704752137067749531 saw radiation_level.Radiation_Green
2026-01-27 19:02:45,122 - varanus - INFO - In state 13704752137067749531 saw radiation_level.Radiation_Green
2026-01-27 19:02:45,122 - varanus - INFO - In state 13704752137067749531 saw radiation_level.Radiation_Green
2026-01-27 19:02:45,122 - varanus - INFO - In state 13704752137067749531 saw radiation_level.Radiation_Green
2026-01-27 19:02:45,123 - varanus - INFO - In state 13704752137067749531 saw radiation_level.Radiation_Green
2026-01-27 19:02:45,123 - varanus - INFO - In state 13704752137067749531 saw radiation_level.Radiation_Green
2026-01-27 19:02:45,123 - varanus - INFO - In state 13704752137067749531 saw radiation_level.Radiation_Green
2026-01-27 19:02:45,123 - varanus - INFO - In state 13704752137067749531 saw radiation_level.Radiation_Green
2026-01-27 19:02:45,123 - varanus - INFO - In state 13704752137067749531 saw radiation_level.Radiation_Green
2026-01-27 19:02:45,123 - varanus - INFO - In state 13704752137067749531 saw radiation_level.Radiation_Green
2026-01-27 19:02:45,124 - varanus - INFO - In state 13704752137067749531 saw radiation_level.Radiation_Green
2026-01-27 19:02:45,124 - varanus - INFO - In state 13704752137067749531 saw radiation_level.Radiation_Green
2026-01-27 19:02:45,124 - varanus - INFO - In state 13704752137067749531 saw radiation_level.Radiation_Green
2026-01-27 19:02:45,124 - varanus - INFO - In state 13704752137067749531 saw radiation_level.Radiation_Green
2026-01-27 19:02:45,124 - varanus - INFO - In state 13704752137067749531 saw radiation_level.Radiation_Green
2026-01-27 19:02:45,125 - varanus - INFO - In state 13704752137067749531 saw radiation_level.Radiation_Green
2026-01-27 19:02:45,125 - varanus - INFO - In state 13704752137067749531 saw radiation_level.Radiation_Green
2026-01-27 19:02:45,125 - varanus - INFO - In state 13704752137067749531 saw radiation_level.Radiation_Green
2026-01-27 19:02:45,125 - varanus - INFO - In state 13704752137067749531 saw radiation_level.Radiation_Green
2026-01-27 19:02:45,125 - varanus - INFO - In state 13704752137067749531 saw radiation_level.Radiation_Green
2026-01-27 19:02:45,125 - varanus - INFO - In state 13704752137067749531 saw radiation_level.Radiation_Green
2026-01-27 19:02:45,126 - varanus - INFO - In state 13704752137067749531 saw radiation_level.Radiation_Green
2026-01-27 19:02:45,126 - varanus - INFO - In state 13704752137067749531 saw radiation_level.Radiation_Green
2026-01-27 19:02:45,126 - varanus - INFO - In state 13704752137067749531 saw radiation_level.Radiation_Green
2026-01-27 19:02:45,126 - varanus - INFO - In state 13704752137067749531 saw arrived_at.2
2026-01-27 19:02:45,126 - varanus - INFO - In state 7177406467749526592 saw radiation_level.Radiation_Green
2026-01-27 19:02:45,126 - varanus - INFO - In state 7177406467749526592 saw inspect.2
2026-01-27 19:02:45,126 - varanus - INFO - In state 10044710452391292329 saw radiation_level.Radiation_Green
2026-01-27 19:02:45,127 - varanus - INFO - In state 10044710452391292329 saw radiation_level.Radiation_Green
2026-01-27 19:02:45,127 - varanus - INFO - In state 10044710452391292329 saw radiation_level.Radiation_Green
2026-01-27 19:02:45,127 - varanus - INFO - In state 10044710452391292329 saw inspected.2
2026-01-27 19:02:45,127 - varanus - INFO - In state 14328874361088346 saw move.3
2026-01-27 19:02:45,127 - varanus - INFO - UNEXPECTED TRANSITION
2026-01-27 19:02:45,127 - varanus - INFO - Stated alphabet returning bad state i.e. None - saw bad event
2026-01-27 19:02:45,127 - varanus - ERROR - System Violated the Specification with Trace: ['radiation_level.Radiation_Green', 'radiation_level.Radiation_Green', 'radiation_level.Radiation_Green', 'radiation_level.Radiation_Green', 'radiation_level.Radiation_Green', 'radiation_level.Radiation_Green', 'radiation_level.Radiation_Green', 'radiation_level.Radiation_Green', 'radiation_level.Radiation_Green', 'radiation_level.Radiation_Green', 'radiation_level.Radiation_Green', 'radiation_level.Radiation_Green', 'radiation_level.Radiation_Green', 'radiation_level.Radiation_Green', 'radiation_level.Radiation_Green', 'radiation_level.Radiation_Green', 'radiation_level.Radiation_Green', 'radiation_level.Radiation_Green', 'radiation_level.Radiation_Green', 'radiation_level.Radiation_Green', 'radiation_level.Radiation_Green', 'radiation_level.Radiation_Green', 'radiation_level.Radiation_Green', 'radiation_level.Radiation_Green', 'radiation_level.Radiation_Green', 'radiation_level.Radiation_Green', 'radiation_level.Radiation_Green', 'radiation_level.Radiation_Green', 'radiation_level.Radiation_Green', 'radiation_level.Radiation_Green', 'radiation_level.Radiation_Green', 'radiation_level.Radiation_Green', 'radiation_level.Radiation_Green', 'radiation_level.Radiation_Green', 'radiation_level.Radiation_Green', 'radiation_level.Radiation_Green', 'radiation_level.Radiation_Green', 'radiation_level.Radiation_Green', 'radiation_level.Radiation_Green', 'radiation_level.Radiation_Green', 'radiation_level.Radiation_Green', 'radiation_level.Radiation_Green', 'radiation_level.Radiation_Green', 'radiation_level.Radiation_Green', 'radiation_level.Radiation_Green', 'radiation_level.Radiation_Green', 'radiation_level.Radiation_Green', 'radiation_level.Radiation_Green', 'radiation_level.Radiation_Green', 'radiation_level.Radiation_Green', 'radiation_level.Radiation_Green', 'radiation_level.Radiation_Green', 'radiation_level.Radiation_Green', 'radiation_level.Radiation_Green', 'radiation_level.Radiation_Green', 'radiation_level.Radiation_Green', 'radiation_level.Radiation_Green', 'radiation_level.Radiation_Green', 'radiation_level.Radiation_Green', 'radiation_level.Radiation_Green', 'radiation_level.Radiation_Green', 'radiation_level.Radiation_Green', 'radiation_level.Radiation_Green', 'radiation_level.Radiation_Green', 'radiation_level.Radiation_Green', 'radiation_level.Radiation_Green', 'radiation_level.Radiation_Green', 'radiation_level.Radiation_Green', 'radiation_level.Radiation_Green', 'radiation_level.Radiation_Green', 'radiation_level.Radiation_Green', 'radiation_level.Radiation_Green', 'radiation_level.Radiation_Green', 'move.1', 'radiation_level.Radiation_Green', 'radiation_level.Radiation_Green', 'radiation_level.Radiation_Green', 'radiation_level.Radiation_Green', 'radiation_level.Radiation_Green', 'radiation_level.Radiation_Green', 'radiation_level.Radiation_Green', 'radiation_level.Radiation_Green', 'radiation_level.Radiation_Green', 'radiation_level.Radiation_Green', 'radiation_level.Radiation_Green', 'radiation_level.Radiation_Green', 'radiation_level.Radiation_Green', 'radiation_level.Radiation_Green', 'radiation_level.Radiation_Green', 'radiation_level.Radiation_Green', 'radiation_level.Radiation_Green', 'arrived_at.1', 'radiation_level.Radiation_Green', 'inspect.1', 'radiation_level.Radiation_Green', 'radiation_level.Radiation_Green', 'radiation_level.Radiation_Green', 'inspected.1', 'radiation_level.Radiation_Green', 'move.2', 'radiation_level.Radiation_Green', 'radiation_level.Radiation_Green', 'radiation_level.Radiation_Green', 'radiation_level.Radiation_Green', 'radiation_level.Radiation_Green', 'radiation_level.Radiation_Green', 'radiation_level.Radiation_Green', 'radiation_level.Radiation_Green', 'radiation_level.Radiation_Green', 'radiation_level.Radiation_Green', 'radiation_level.Radiation_Green', 'radiation_level.Radiation_Green', 'radiation_level.Radiation_Green', 'radiation_level.Radiation_Green', 'radiation_level.Radiation_Green', 'radiation_level.Radiation_Green', 'radiation_level.Radiation_Green', 'radiation_level.Radiation_Green', 'radiation_level.Radiation_Green', 'radiation_level.Radiation_Green', 'radiation_level.Radiation_Green', 'radiation_level.Radiation_Green', 'radiation_level.Radiation_Green', 'radiation_level.Radiation_Green', 'radiation_level.Radiation_Green', 'radiation_level.Radiation_Green', 'arrived_at.2', 'radiation_level.Radiation_Green', 'inspect.2', 'radiation_level.Radiation_Green', 'radiation_level.Radiation_Green', 'radiation_level.Radiation_Green', 'inspected.2', 'move.3']
2026-01-27 19:02:45,127 - varanus - ERROR - The permissible events were: ['radiation_level.Radiation_Orange', 'radiation_level.Radiation_Green', 'radiation_level.Radiation_Red', 'move.2', 'move.1', 'move.0']
2026-01-27 19:02:45,127 - varanus - INFO - Trace file finished with violations
2026-01-27 19:02:47,607 - varanus - INFO - +++ Build Time: 			54.5557701588s +++
2026-01-27 19:02:47,607 - varanus - INFO - +++ Check Time: 			0.039281129837s +++
2026-01-27 19:02:47,607 - varanus - INFO - +++ Average Transition Time: 	0.000223127763663s (134 events) +++
2026-01-27 19:02:47,607 - varanus - INFO - +++ Total Time: 			54.7161490917s +++
