2026-01-27 16:52:01,562 - varanus - INFO - +++ Testing rover_model_ras_fail_ordering +++
2026-01-27 16:52:01,562 - varanus - INFO - Preprocessing...
2026-01-27 16:52:01,562 - varanus - INFO - Preprocessing: pass
2026-01-27 16:52:01,562 - varanus - INFO - +++ Running Offline +++
2026-01-27 16:52:01,584 - varanus - INFO - Building CSP State Machine. Please Wait
2026-01-27 16:52:01,800 - varanus - INFO - Building CSP State Machine
2026-01-27 16:52:01,954 - varanus - INFO - +++ checking that ROVER_SYSTEM is deterministic with given alphabets +++
2026-01-27 16:52:01,955 - varanus - INFO - +++ starting monitoring against ROVER_SYSTEM +++
2026-01-27 16:52:01,955 - varanus - INFO - +++ Running Offline -- Using State Machine +++
2026-01-27 16:52:01,955 - varanus - INFO - Parsing trace file at: oracles/inspection-rover-ras/trace-json-fail-message-order.txt
2026-01-27 16:52:01,967 - varanus - INFO - Parsed trace file OK
2026-01-27 16:52:01,968 - varanus - INFO - Checking trace file: oracles/inspection-rover-ras/trace-json-fail-message-order.txt
2026-01-27 16:52:01,968 - varanus - INFO - In state 17976143188387390655 saw radiation_level.Green
2026-01-27 16:52:01,968 - varanus - INFO - In state 17976143188387390655 saw radiation_level.Green
2026-01-27 16:52:01,968 - varanus - INFO - In state 17976143188387390655 saw radiation_level.Green
2026-01-27 16:52:01,969 - varanus - INFO - In state 17976143188387390655 saw radiation_level.Green
2026-01-27 16:52:01,969 - varanus - INFO - In state 17976143188387390655 saw radiation_level.Green
2026-01-27 16:52:01,969 - varanus - INFO - In state 17976143188387390655 saw radiation_level.Green
2026-01-27 16:52:01,969 - varanus - INFO - In state 17976143188387390655 saw radiation_level.Green
2026-01-27 16:52:01,970 - varanus - INFO - In state 17976143188387390655 saw radiation_level.Green
2026-01-27 16:52:01,970 - varanus - INFO - In state 17976143188387390655 saw radiation_level.Green
2026-01-27 16:52:01,970 - varanus - INFO - In state 17976143188387390655 saw radiation_level.Green
2026-01-27 16:52:01,970 - varanus - INFO - In state 17976143188387390655 saw radiation_level.Green
2026-01-27 16:52:01,971 - varanus - INFO - In state 17976143188387390655 saw radiation_level.Green
2026-01-27 16:52:01,971 - varanus - INFO - In state 17976143188387390655 saw radiation_level.Green
2026-01-27 16:52:01,971 - varanus - INFO - In state 17976143188387390655 saw radiation_level.Green
2026-01-27 16:52:01,972 - varanus - INFO - In state 17976143188387390655 saw radiation_level.Green
2026-01-27 16:52:01,972 - varanus - INFO - In state 17976143188387390655 saw radiation_level.Green
2026-01-27 16:52:01,972 - varanus - INFO - In state 17976143188387390655 saw radiation_level.Green
2026-01-27 16:52:01,972 - varanus - INFO - In state 17976143188387390655 saw radiation_level.Green
2026-01-27 16:52:01,973 - varanus - INFO - In state 17976143188387390655 saw radiation_level.Green
2026-01-27 16:52:01,973 - varanus - INFO - In state 17976143188387390655 saw radiation_level.Green
2026-01-27 16:52:01,973 - varanus - INFO - In state 17976143188387390655 saw radiation_level.Green
2026-01-27 16:52:01,973 - varanus - INFO - In state 17976143188387390655 saw radiation_level.Green
2026-01-27 16:52:01,974 - varanus - INFO - In state 17976143188387390655 saw radiation_level.Green
2026-01-27 16:52:01,974 - varanus - INFO - In state 17976143188387390655 saw radiation_level.Green
2026-01-27 16:52:01,974 - varanus - INFO - In state 17976143188387390655 saw radiation_level.Green
2026-01-27 16:52:01,974 - varanus - INFO - In state 17976143188387390655 saw radiation_level.Green
2026-01-27 16:52:01,975 - varanus - INFO - In state 17976143188387390655 saw radiation_level.Green
2026-01-27 16:52:01,975 - varanus - INFO - In state 17976143188387390655 saw radiation_level.Green
2026-01-27 16:52:01,975 - varanus - INFO - In state 17976143188387390655 saw radiation_level.Green
2026-01-27 16:52:01,975 - varanus - INFO - In state 17976143188387390655 saw radiation_level.Green
2026-01-27 16:52:01,976 - varanus - INFO - In state 17976143188387390655 saw radiation_level.Green
2026-01-27 16:52:01,976 - varanus - INFO - In state 17976143188387390655 saw radiation_level.Green
2026-01-27 16:52:01,976 - varanus - INFO - In state 17976143188387390655 saw radiation_level.Green
2026-01-27 16:52:01,976 - varanus - INFO - In state 17976143188387390655 saw radiation_level.Green
2026-01-27 16:52:01,977 - varanus - INFO - In state 17976143188387390655 saw radiation_level.Green
2026-01-27 16:52:01,977 - varanus - INFO - In state 17976143188387390655 saw radiation_level.Green
2026-01-27 16:52:01,977 - varanus - INFO - In state 17976143188387390655 saw radiation_level.Green
2026-01-27 16:52:01,977 - varanus - INFO - In state 17976143188387390655 saw radiation_level.Green
2026-01-27 16:52:01,978 - varanus - INFO - In state 17976143188387390655 saw radiation_level.Green
2026-01-27 16:52:01,978 - varanus - INFO - In state 17976143188387390655 saw radiation_level.Green
2026-01-27 16:52:01,978 - varanus - INFO - In state 17976143188387390655 saw radiation_level.Green
2026-01-27 16:52:01,978 - varanus - INFO - In state 17976143188387390655 saw radiation_level.Green
2026-01-27 16:52:01,979 - varanus - INFO - In state 17976143188387390655 saw radiation_level.Green
2026-01-27 16:52:01,979 - varanus - INFO - In state 17976143188387390655 saw radiation_level.Green
2026-01-27 16:52:01,979 - varanus - INFO - In state 17976143188387390655 saw radiation_level.Green
2026-01-27 16:52:01,979 - varanus - INFO - In state 17976143188387390655 saw radiation_level.Green
2026-01-27 16:52:01,980 - varanus - INFO - In state 17976143188387390655 saw radiation_level.Green
2026-01-27 16:52:01,980 - varanus - INFO - In state 17976143188387390655 saw radiation_level.Green
2026-01-27 16:52:01,980 - varanus - INFO - In state 17976143188387390655 saw radiation_level.Green
2026-01-27 16:52:01,980 - varanus - INFO - In state 17976143188387390655 saw radiation_level.Green
2026-01-27 16:52:01,981 - varanus - INFO - In state 17976143188387390655 saw radiation_level.Green
2026-01-27 16:52:01,981 - varanus - INFO - In state 17976143188387390655 saw radiation_level.Green
2026-01-27 16:52:01,981 - varanus - INFO - In state 17976143188387390655 saw radiation_level.Green
2026-01-27 16:52:01,981 - varanus - INFO - In state 17976143188387390655 saw radiation_level.Green
2026-01-27 16:52:01,982 - varanus - INFO - In state 17976143188387390655 saw radiation_level.Green
2026-01-27 16:52:01,982 - varanus - INFO - In state 17976143188387390655 saw radiation_level.Green
2026-01-27 16:52:01,982 - varanus - INFO - In state 17976143188387390655 saw radiation_level.Green
2026-01-27 16:52:01,982 - varanus - INFO - In state 17976143188387390655 saw radiation_level.Green
2026-01-27 16:52:01,983 - varanus - INFO - In state 17976143188387390655 saw radiation_level.Green
2026-01-27 16:52:01,983 - varanus - INFO - In state 17976143188387390655 saw radiation_level.Green
2026-01-27 16:52:01,983 - varanus - INFO - In state 17976143188387390655 saw radiation_level.Green
2026-01-27 16:52:01,984 - varanus - INFO - In state 17976143188387390655 saw radiation_level.Green
2026-01-27 16:52:01,984 - varanus - INFO - In state 17976143188387390655 saw radiation_level.Green
2026-01-27 16:52:01,984 - varanus - INFO - In state 17976143188387390655 saw radiation_level.Green
2026-01-27 16:52:01,984 - varanus - INFO - In state 17976143188387390655 saw radiation_level.Green
2026-01-27 16:52:01,985 - varanus - INFO - In state 17976143188387390655 saw radiation_level.Green
2026-01-27 16:52:01,985 - varanus - INFO - In state 17976143188387390655 saw radiation_level.Green
2026-01-27 16:52:01,985 - varanus - INFO - In state 17976143188387390655 saw radiation_level.Green
2026-01-27 16:52:01,985 - varanus - INFO - In state 17976143188387390655 saw radiation_level.Green
2026-01-27 16:52:01,986 - varanus - INFO - In state 17976143188387390655 saw radiation_level.Green
2026-01-27 16:52:01,986 - varanus - INFO - In state 17976143188387390655 saw radiation_level.Green
2026-01-27 16:52:01,986 - varanus - INFO - In state 17976143188387390655 saw radiation_level.Green
2026-01-27 16:52:01,986 - varanus - INFO - In state 17976143188387390655 saw radiation_level.Green
2026-01-27 16:52:01,987 - varanus - INFO - In state 17976143188387390655 saw move.1
2026-01-27 16:52:01,987 - varanus - INFO - In state 2681491882390849628 saw radiation_level.Green
2026-01-27 16:52:01,987 - varanus - INFO - In state 2681491882390849628 saw radiation_level.Green
2026-01-27 16:52:01,987 - varanus - INFO - In state 2681491882390849628 saw radiation_level.Green
2026-01-27 16:52:01,988 - varanus - INFO - In state 2681491882390849628 saw radiation_level.Green
2026-01-27 16:52:01,988 - varanus - INFO - In state 2681491882390849628 saw radiation_level.Green
2026-01-27 16:52:01,988 - varanus - INFO - In state 2681491882390849628 saw radiation_level.Green
2026-01-27 16:52:01,988 - varanus - INFO - In state 2681491882390849628 saw radiation_level.Green
2026-01-27 16:52:01,989 - varanus - INFO - In state 2681491882390849628 saw radiation_level.Green
2026-01-27 16:52:01,989 - varanus - INFO - In state 2681491882390849628 saw radiation_level.Green
2026-01-27 16:52:01,989 - varanus - INFO - In state 2681491882390849628 saw radiation_level.Green
2026-01-27 16:52:01,989 - varanus - INFO - In state 2681491882390849628 saw radiation_level.Green
2026-01-27 16:52:01,990 - varanus - INFO - In state 2681491882390849628 saw radiation_level.Green
2026-01-27 16:52:01,990 - varanus - INFO - In state 2681491882390849628 saw radiation_level.Green
2026-01-27 16:52:01,990 - varanus - INFO - In state 2681491882390849628 saw radiation_level.Green
2026-01-27 16:52:01,990 - varanus - INFO - In state 2681491882390849628 saw radiation_level.Green
2026-01-27 16:52:01,991 - varanus - INFO - In state 2681491882390849628 saw radiation_level.Green
2026-01-27 16:52:01,991 - varanus - INFO - In state 2681491882390849628 saw radiation_level.Green
2026-01-27 16:52:01,991 - varanus - INFO - In state 2681491882390849628 saw arrived_at.1
2026-01-27 16:52:01,991 - varanus - INFO - In state 4838965131539084411 saw radiation_level.Green
2026-01-27 16:52:01,992 - varanus - INFO - In state 4838965131539084411 saw inspect.1
2026-01-27 16:52:01,992 - varanus - INFO - In state 15366558349166237975 saw radiation_level.Green
2026-01-27 16:52:01,992 - varanus - INFO - In state 15366558349166237975 saw radiation_level.Green
2026-01-27 16:52:01,992 - varanus - INFO - In state 15366558349166237975 saw radiation_level.Green
2026-01-27 16:52:01,993 - varanus - INFO - In state 15366558349166237975 saw inspected.1
2026-01-27 16:52:01,993 - varanus - INFO - In state 4934536404935645896 saw radiation_level.Green
2026-01-27 16:52:01,993 - varanus - INFO - In state 4934536404935645896 saw move.2
2026-01-27 16:52:01,993 - varanus - INFO - In state 10299127975201442196 saw radiation_level.Green
2026-01-27 16:52:01,994 - varanus - INFO - In state 10299127975201442196 saw radiation_level.Green
2026-01-27 16:52:01,994 - varanus - INFO - In state 10299127975201442196 saw radiation_level.Green
2026-01-27 16:52:01,994 - varanus - INFO - In state 10299127975201442196 saw radiation_level.Green
2026-01-27 16:52:01,994 - varanus - INFO - In state 10299127975201442196 saw radiation_level.Green
2026-01-27 16:52:01,995 - varanus - INFO - In state 10299127975201442196 saw radiation_level.Green
2026-01-27 16:52:01,995 - varanus - INFO - In state 10299127975201442196 saw radiation_level.Green
2026-01-27 16:52:01,995 - varanus - INFO - In state 10299127975201442196 saw radiation_level.Green
2026-01-27 16:52:01,995 - varanus - INFO - In state 10299127975201442196 saw radiation_level.Green
2026-01-27 16:52:01,996 - varanus - INFO - In state 10299127975201442196 saw radiation_level.Green
2026-01-27 16:52:01,996 - varanus - INFO - In state 10299127975201442196 saw radiation_level.Green
2026-01-27 16:52:01,996 - varanus - INFO - In state 10299127975201442196 saw radiation_level.Green
2026-01-27 16:52:01,996 - varanus - INFO - In state 10299127975201442196 saw radiation_level.Green
2026-01-27 16:52:01,997 - varanus - INFO - In state 10299127975201442196 saw radiation_level.Green
2026-01-27 16:52:01,997 - varanus - INFO - In state 10299127975201442196 saw radiation_level.Green
2026-01-27 16:52:01,997 - varanus - INFO - In state 10299127975201442196 saw radiation_level.Green
2026-01-27 16:52:01,997 - varanus - INFO - In state 10299127975201442196 saw radiation_level.Green
2026-01-27 16:52:01,998 - varanus - INFO - In state 10299127975201442196 saw radiation_level.Green
2026-01-27 16:52:01,998 - varanus - INFO - In state 10299127975201442196 saw radiation_level.Green
2026-01-27 16:52:01,998 - varanus - INFO - In state 10299127975201442196 saw radiation_level.Green
2026-01-27 16:52:01,998 - varanus - INFO - In state 10299127975201442196 saw radiation_level.Green
2026-01-27 16:52:01,999 - varanus - INFO - In state 10299127975201442196 saw radiation_level.Green
2026-01-27 16:52:01,999 - varanus - INFO - In state 10299127975201442196 saw radiation_level.Green
2026-01-27 16:52:01,999 - varanus - INFO - In state 10299127975201442196 saw radiation_level.Green
2026-01-27 16:52:01,999 - varanus - INFO - In state 10299127975201442196 saw radiation_level.Green
2026-01-27 16:52:02,000 - varanus - INFO - In state 10299127975201442196 saw radiation_level.Green
2026-01-27 16:52:02,000 - varanus - INFO - In state 10299127975201442196 saw arrived_at.2
2026-01-27 16:52:02,000 - varanus - INFO - In state 8606736006536026831 saw radiation_level.Green
2026-01-27 16:52:02,000 - varanus - INFO - In state 8606736006536026831 saw inspect.2
2026-01-27 16:52:02,001 - varanus - INFO - In state 9874926409750488651 saw radiation_level.Green
2026-01-27 16:52:02,001 - varanus - INFO - In state 9874926409750488651 saw radiation_level.Green
2026-01-27 16:52:02,001 - varanus - INFO - In state 9874926409750488651 saw radiation_level.Green
2026-01-27 16:52:02,001 - varanus - INFO - In state 9874926409750488651 saw inspected.2
2026-01-27 16:52:02,002 - varanus - INFO - In state 1002990068859250494 saw move.3
2026-01-27 16:52:02,002 - varanus - INFO - In state 848502878028662445 saw radiation_level.Green
2026-01-27 16:52:02,002 - varanus - INFO - In state 848502878028662445 saw radiation_level.Green
2026-01-27 16:52:02,003 - varanus - INFO - In state 848502878028662445 saw radiation_level.Green
2026-01-27 16:52:02,003 - varanus - INFO - In state 848502878028662445 saw radiation_level.Green
2026-01-27 16:52:02,003 - varanus - INFO - In state 848502878028662445 saw radiation_level.Green
2026-01-27 16:52:02,003 - varanus - INFO - In state 848502878028662445 saw radiation_level.Green
2026-01-27 16:52:02,004 - varanus - INFO - In state 848502878028662445 saw radiation_level.Green
2026-01-27 16:52:02,004 - varanus - INFO - In state 848502878028662445 saw radiation_level.Green
2026-01-27 16:52:02,004 - varanus - INFO - In state 848502878028662445 saw radiation_level.Green
2026-01-27 16:52:02,015 - varanus - INFO - In state 848502878028662445 saw radiation_level.Green
2026-01-27 16:52:02,015 - varanus - INFO - In state 848502878028662445 saw radiation_level.Green
2026-01-27 16:52:02,016 - varanus - INFO - In state 848502878028662445 saw radiation_level.Green
2026-01-27 16:52:02,016 - varanus - INFO - In state 848502878028662445 saw radiation_level.Green
2026-01-27 16:52:02,016 - varanus - INFO - In state 848502878028662445 saw radiation_level.Green
2026-01-27 16:52:02,016 - varanus - INFO - In state 848502878028662445 saw radiation_level.Green
2026-01-27 16:52:02,017 - varanus - INFO - In state 848502878028662445 saw radiation_level.Green
2026-01-27 16:52:02,017 - varanus - INFO - In state 848502878028662445 saw radiation_level.Green
2026-01-27 16:52:02,017 - varanus - INFO - In state 848502878028662445 saw radiation_level.Green
2026-01-27 16:52:02,017 - varanus - INFO - In state 848502878028662445 saw radiation_level.Green
2026-01-27 16:52:02,018 - varanus - INFO - In state 848502878028662445 saw arrived_at.3
2026-01-27 16:52:02,018 - varanus - INFO - In state 18358507212355868629 saw inspect.3
2026-01-27 16:52:02,018 - varanus - INFO - In state 8937319153557804027 saw radiation_level.Green
2026-01-27 16:52:02,018 - varanus - INFO - In state 8937319153557804027 saw radiation_level.Green
2026-01-27 16:52:02,019 - varanus - INFO - In state 8937319153557804027 saw radiation_level.Green
2026-01-27 16:52:02,019 - varanus - INFO - In state 8937319153557804027 saw inspected.3
2026-01-27 16:52:02,019 - varanus - INFO - In state 6125819018793330642 saw radiation_level.Green
2026-01-27 16:52:02,020 - varanus - INFO - In state 6125819018793330642 saw inspect.4
2026-01-27 16:52:02,020 - varanus - INFO - UNEXPECTED TRANSITION
2026-01-27 16:52:02,020 - varanus - INFO - Stated alphabet returning bad state i.e. None - saw bad event
2026-01-27 16:52:02,020 - varanus - ERROR - System Violated the Specification with Trace: ['radiation_level.Green', 'radiation_level.Green', 'radiation_level.Green', 'radiation_level.Green', 'radiation_level.Green', 'radiation_level.Green', 'radiation_level.Green', 'radiation_level.Green', 'radiation_level.Green', 'radiation_level.Green', 'radiation_level.Green', 'radiation_level.Green', 'radiation_level.Green', 'radiation_level.Green', 'radiation_level.Green', 'radiation_level.Green', 'radiation_level.Green', 'radiation_level.Green', 'radiation_level.Green', 'radiation_level.Green', 'radiation_level.Green', 'radiation_level.Green', 'radiation_level.Green', 'radiation_level.Green', 'radiation_level.Green', 'radiation_level.Green', 'radiation_level.Green', 'radiation_level.Green', 'radiation_level.Green', 'radiation_level.Green', 'radiation_level.Green', 'radiation_level.Green', 'radiation_level.Green', 'radiation_level.Green', 'radiation_level.Green', 'radiation_level.Green', 'radiation_level.Green', 'radiation_level.Green', 'radiation_level.Green', 'radiation_level.Green', 'radiation_level.Green', 'radiation_level.Green', 'radiation_level.Green', 'radiation_level.Green', 'radiation_level.Green', 'radiation_level.Green', 'radiation_level.Green', 'radiation_level.Green', 'radiation_level.Green', 'radiation_level.Green', 'radiation_level.Green', 'radiation_level.Green', 'radiation_level.Green', 'radiation_level.Green', 'radiation_level.Green', 'radiation_level.Green', 'radiation_level.Green', 'radiation_level.Green', 'radiation_level.Green', 'radiation_level.Green', 'radiation_level.Green', 'radiation_level.Green', 'radiation_level.Green', 'radiation_level.Green', 'radiation_level.Green', 'radiation_level.Green', 'radiation_level.Green', 'radiation_level.Green', 'radiation_level.Green', 'radiation_level.Green', 'radiation_level.Green', 'radiation_level.Green', 'radiation_level.Green', 'move.1', 'radiation_level.Green', 'radiation_level.Green', 'radiation_level.Green', 'radiation_level.Green', 'radiation_level.Green', 'radiation_level.Green', 'radiation_level.Green', 'radiation_level.Green', 'radiation_level.Green', 'radiation_level.Green', 'radiation_level.Green', 'radiation_level.Green', 'radiation_level.Green', 'radiation_level.Green', 'radiation_level.Green', 'radiation_level.Green', 'radiation_level.Green', 'arrived_at.1', 'radiation_level.Green', 'inspect.1', 'radiation_level.Green', 'radiation_level.Green', 'radiation_level.Green', 'inspected.1', 'radiation_level.Green', 'move.2', 'radiation_level.Green', 'radiation_level.Green', 'radiation_level.Green', 'radiation_level.Green', 'radiation_level.Green', 'radiation_level.Green', 'radiation_level.Green', 'radiation_level.Green', 'radiation_level.Green', 'radiation_level.Green', 'radiation_level.Green', 'radiation_level.Green', 'radiation_level.Green', 'radiation_level.Green', 'radiation_level.Green', 'radiation_level.Green', 'radiation_level.Green', 'radiation_level.Green', 'radiation_level.Green', 'radiation_level.Green', 'radiation_level.Green', 'radiation_level.Green', 'radiation_level.Green', 'radiation_level.Green', 'radiation_level.Green', 'radiation_level.Green', 'arrived_at.2', 'radiation_level.Green', 'inspect.2', 'radiation_level.Green', 'radiation_level.Green', 'radiation_level.Green', 'inspected.2', 'move.3', 'radiation_level.Green', 'radiation_level.Green', 'radiation_level.Green', 'radiation_level.Green', 'radiation_level.Green', 'radiation_level.Green', 'radiation_level.Green', 'radiation_level.Green', 'radiation_level.Green', 'radiation_level.Green', 'radiation_level.Green', 'radiation_level.Green', 'radiation_level.Green', 'radiation_level.Green', 'radiation_level.Green', 'radiation_level.Green', 'radiation_level.Green', 'radiation_level.Green', 'radiation_level.Green', 'arrived_at.3', 'inspect.3', 'radiation_level.Green', 'radiation_level.Green', 'radiation_level.Green', 'inspected.3', 'radiation_level.Green', 'inspect.4']
2026-01-27 16:52:02,020 - varanus - ERROR - The permissible events were: ['radiation_level.Orange', 'radiation_level.Green', 'radiation_level.Red', 'move.5', 'move.4', 'move.3', 'move.2', 'move.1', 'move.0']
2026-01-27 16:52:02,020 - varanus - INFO - Trace file finished with violations
2026-01-27 16:52:02,022 - varanus - INFO - +++ Build Time: 			0.370568037033s +++
2026-01-27 16:52:02,022 - varanus - INFO - +++ Check Time: 			0.0656440258026s +++
2026-01-27 16:52:02,022 - varanus - INFO - +++ Average Transition Time: 	0.000322929820659s (161 events) +++
2026-01-27 16:52:02,022 - varanus - INFO - +++ Total Time: 			0.458682060242s +++
