2026-01-27 16:51:51,615 - varanus - INFO - +++ Testing rover_model_ras_fail_ordering +++
2026-01-27 16:51:51,615 - varanus - INFO - Preprocessing...
2026-01-27 16:51:51,615 - varanus - INFO - Preprocessing: pass
2026-01-27 16:51:51,615 - varanus - INFO - +++ Running Offline +++
2026-01-27 16:51:51,636 - varanus - INFO - Building CSP State Machine. Please Wait
2026-01-27 16:51:51,860 - varanus - INFO - Building CSP State Machine
2026-01-27 16:51:52,021 - varanus - INFO - +++ checking that ROVER_SYSTEM is deterministic with given alphabets +++
2026-01-27 16:51:52,021 - varanus - INFO - +++ starting monitoring against ROVER_SYSTEM +++
2026-01-27 16:51:52,021 - varanus - INFO - +++ Running Offline -- Using State Machine +++
2026-01-27 16:51:52,021 - varanus - INFO - Parsing trace file at: oracles/inspection-rover-ras/trace-json-fail-message-order.txt
2026-01-27 16:51:52,037 - varanus - INFO - Parsed trace file OK
2026-01-27 16:51:52,037 - varanus - INFO - Checking trace file: oracles/inspection-rover-ras/trace-json-fail-message-order.txt
2026-01-27 16:51:52,037 - varanus - INFO - In state 17976143188387390655 saw radiation_level.Green
2026-01-27 16:51:52,037 - varanus - INFO - In state 17976143188387390655 saw radiation_level.Green
2026-01-27 16:51:52,037 - varanus - INFO - In state 17976143188387390655 saw radiation_level.Green
2026-01-27 16:51:52,038 - varanus - INFO - In state 17976143188387390655 saw radiation_level.Green
2026-01-27 16:51:52,038 - varanus - INFO - In state 17976143188387390655 saw radiation_level.Green
2026-01-27 16:51:52,038 - varanus - INFO - In state 17976143188387390655 saw radiation_level.Green
2026-01-27 16:51:52,039 - varanus - INFO - In state 17976143188387390655 saw radiation_level.Green
2026-01-27 16:51:52,039 - varanus - INFO - In state 17976143188387390655 saw radiation_level.Green
2026-01-27 16:51:52,039 - varanus - INFO - In state 17976143188387390655 saw radiation_level.Green
2026-01-27 16:51:52,039 - varanus - INFO - In state 17976143188387390655 saw radiation_level.Green
2026-01-27 16:51:52,040 - varanus - INFO - In state 17976143188387390655 saw radiation_level.Green
2026-01-27 16:51:52,040 - varanus - INFO - In state 17976143188387390655 saw radiation_level.Green
2026-01-27 16:51:52,040 - varanus - INFO - In state 17976143188387390655 saw radiation_level.Green
2026-01-27 16:51:52,040 - varanus - INFO - In state 17976143188387390655 saw radiation_level.Green
2026-01-27 16:51:52,041 - varanus - INFO - In state 17976143188387390655 saw radiation_level.Green
2026-01-27 16:51:52,041 - varanus - INFO - In state 17976143188387390655 saw radiation_level.Green
2026-01-27 16:51:52,041 - varanus - INFO - In state 17976143188387390655 saw radiation_level.Green
2026-01-27 16:51:52,042 - varanus - INFO - In state 17976143188387390655 saw radiation_level.Green
2026-01-27 16:51:52,042 - varanus - INFO - In state 17976143188387390655 saw radiation_level.Green
2026-01-27 16:51:52,042 - varanus - INFO - In state 17976143188387390655 saw radiation_level.Green
2026-01-27 16:51:52,042 - varanus - INFO - In state 17976143188387390655 saw radiation_level.Green
2026-01-27 16:51:52,043 - varanus - INFO - In state 17976143188387390655 saw radiation_level.Green
2026-01-27 16:51:52,043 - varanus - INFO - In state 17976143188387390655 saw radiation_level.Green
2026-01-27 16:51:52,043 - varanus - INFO - In state 17976143188387390655 saw radiation_level.Green
2026-01-27 16:51:52,043 - varanus - INFO - In state 17976143188387390655 saw radiation_level.Green
2026-01-27 16:51:52,044 - varanus - INFO - In state 17976143188387390655 saw radiation_level.Green
2026-01-27 16:51:52,044 - varanus - INFO - In state 17976143188387390655 saw radiation_level.Green
2026-01-27 16:51:52,044 - varanus - INFO - In state 17976143188387390655 saw radiation_level.Green
2026-01-27 16:51:52,044 - varanus - INFO - In state 17976143188387390655 saw radiation_level.Green
2026-01-27 16:51:52,045 - varanus - INFO - In state 17976143188387390655 saw radiation_level.Green
2026-01-27 16:51:52,045 - varanus - INFO - In state 17976143188387390655 saw radiation_level.Green
2026-01-27 16:51:52,045 - varanus - INFO - In state 17976143188387390655 saw radiation_level.Green
2026-01-27 16:51:52,045 - varanus - INFO - In state 17976143188387390655 saw radiation_level.Green
2026-01-27 16:51:52,046 - varanus - INFO - In state 17976143188387390655 saw radiation_level.Green
2026-01-27 16:51:52,046 - varanus - INFO - In state 17976143188387390655 saw radiation_level.Green
2026-01-27 16:51:52,046 - varanus - INFO - In state 17976143188387390655 saw radiation_level.Green
2026-01-27 16:51:52,046 - varanus - INFO - In state 17976143188387390655 saw radiation_level.Green
2026-01-27 16:51:52,047 - varanus - INFO - In state 17976143188387390655 saw radiation_level.Green
2026-01-27 16:51:52,047 - varanus - INFO - In state 17976143188387390655 saw radiation_level.Green
2026-01-27 16:51:52,047 - varanus - INFO - In state 17976143188387390655 saw radiation_level.Green
2026-01-27 16:51:52,047 - varanus - INFO - In state 17976143188387390655 saw radiation_level.Green
2026-01-27 16:51:52,048 - varanus - INFO - In state 17976143188387390655 saw radiation_level.Green
2026-01-27 16:51:52,048 - varanus - INFO - In state 17976143188387390655 saw radiation_level.Green
2026-01-27 16:51:52,048 - varanus - INFO - In state 17976143188387390655 saw radiation_level.Green
2026-01-27 16:51:52,048 - varanus - INFO - In state 17976143188387390655 saw radiation_level.Green
2026-01-27 16:51:52,049 - varanus - INFO - In state 17976143188387390655 saw radiation_level.Green
2026-01-27 16:51:52,049 - varanus - INFO - In state 17976143188387390655 saw radiation_level.Green
2026-01-27 16:51:52,049 - varanus - INFO - In state 17976143188387390655 saw radiation_level.Green
2026-01-27 16:51:52,049 - varanus - INFO - In state 17976143188387390655 saw radiation_level.Green
2026-01-27 16:51:52,050 - varanus - INFO - In state 17976143188387390655 saw radiation_level.Green
2026-01-27 16:51:52,050 - varanus - INFO - In state 17976143188387390655 saw radiation_level.Green
2026-01-27 16:51:52,050 - varanus - INFO - In state 17976143188387390655 saw radiation_level.Green
2026-01-27 16:51:52,050 - varanus - INFO - In state 17976143188387390655 saw radiation_level.Green
2026-01-27 16:51:52,051 - varanus - INFO - In state 17976143188387390655 saw radiation_level.Green
2026-01-27 16:51:52,051 - varanus - INFO - In state 17976143188387390655 saw radiation_level.Green
2026-01-27 16:51:52,051 - varanus - INFO - In state 17976143188387390655 saw radiation_level.Green
2026-01-27 16:51:52,051 - varanus - INFO - In state 17976143188387390655 saw radiation_level.Green
2026-01-27 16:51:52,052 - varanus - INFO - In state 17976143188387390655 saw radiation_level.Green
2026-01-27 16:51:52,052 - varanus - INFO - In state 17976143188387390655 saw radiation_level.Green
2026-01-27 16:51:52,052 - varanus - INFO - In state 17976143188387390655 saw radiation_level.Green
2026-01-27 16:51:52,052 - varanus - INFO - In state 17976143188387390655 saw radiation_level.Green
2026-01-27 16:51:52,053 - varanus - INFO - In state 17976143188387390655 saw radiation_level.Green
2026-01-27 16:51:52,053 - varanus - INFO - In state 17976143188387390655 saw radiation_level.Green
2026-01-27 16:51:52,053 - varanus - INFO - In state 17976143188387390655 saw radiation_level.Green
2026-01-27 16:51:52,053 - varanus - INFO - In state 17976143188387390655 saw radiation_level.Green
2026-01-27 16:51:52,054 - varanus - INFO - In state 17976143188387390655 saw radiation_level.Green
2026-01-27 16:51:52,054 - varanus - INFO - In state 17976143188387390655 saw radiation_level.Green
2026-01-27 16:51:52,054 - varanus - INFO - In state 17976143188387390655 saw radiation_level.Green
2026-01-27 16:51:52,054 - varanus - INFO - In state 17976143188387390655 saw radiation_level.Green
2026-01-27 16:51:52,055 - varanus - INFO - In state 17976143188387390655 saw radiation_level.Green
2026-01-27 16:51:52,055 - varanus - INFO - In state 17976143188387390655 saw radiation_level.Green
2026-01-27 16:51:52,055 - varanus - INFO - In state 17976143188387390655 saw radiation_level.Green
2026-01-27 16:51:52,056 - varanus - INFO - In state 17976143188387390655 saw radiation_level.Green
2026-01-27 16:51:52,056 - varanus - INFO - In state 17976143188387390655 saw move.1
2026-01-27 16:51:52,056 - varanus - INFO - In state 2681491882390849628 saw radiation_level.Green
2026-01-27 16:51:52,056 - varanus - INFO - In state 2681491882390849628 saw radiation_level.Green
2026-01-27 16:51:52,057 - varanus - INFO - In state 2681491882390849628 saw radiation_level.Green
2026-01-27 16:51:52,057 - varanus - INFO - In state 2681491882390849628 saw radiation_level.Green
2026-01-27 16:51:52,057 - varanus - INFO - In state 2681491882390849628 saw radiation_level.Green
2026-01-27 16:51:52,057 - varanus - INFO - In state 2681491882390849628 saw radiation_level.Green
2026-01-27 16:51:52,058 - varanus - INFO - In state 2681491882390849628 saw radiation_level.Green
2026-01-27 16:51:52,058 - varanus - INFO - In state 2681491882390849628 saw radiation_level.Green
2026-01-27 16:51:52,058 - varanus - INFO - In state 2681491882390849628 saw radiation_level.Green
2026-01-27 16:51:52,059 - varanus - INFO - In state 2681491882390849628 saw radiation_level.Green
2026-01-27 16:51:52,059 - varanus - INFO - In state 2681491882390849628 saw radiation_level.Green
2026-01-27 16:51:52,060 - varanus - INFO - In state 2681491882390849628 saw radiation_level.Green
2026-01-27 16:51:52,060 - varanus - INFO - In state 2681491882390849628 saw radiation_level.Green
2026-01-27 16:51:52,060 - varanus - INFO - In state 2681491882390849628 saw radiation_level.Green
2026-01-27 16:51:52,061 - varanus - INFO - In state 2681491882390849628 saw radiation_level.Green
2026-01-27 16:51:52,061 - varanus - INFO - In state 2681491882390849628 saw radiation_level.Green
2026-01-27 16:51:52,062 - varanus - INFO - In state 2681491882390849628 saw radiation_level.Green
2026-01-27 16:51:52,062 - varanus - INFO - In state 2681491882390849628 saw arrived_at.1
2026-01-27 16:51:52,062 - varanus - INFO - In state 4838965131539084411 saw radiation_level.Green
2026-01-27 16:51:52,063 - varanus - INFO - In state 4838965131539084411 saw inspect.1
2026-01-27 16:51:52,063 - varanus - INFO - In state 15366558349166237975 saw radiation_level.Green
2026-01-27 16:51:52,063 - varanus - INFO - In state 15366558349166237975 saw radiation_level.Green
2026-01-27 16:51:52,064 - varanus - INFO - In state 15366558349166237975 saw radiation_level.Green
2026-01-27 16:51:52,064 - varanus - INFO - In state 15366558349166237975 saw inspected.1
2026-01-27 16:51:52,065 - varanus - INFO - In state 4934536404935645896 saw radiation_level.Green
2026-01-27 16:51:52,065 - varanus - INFO - In state 4934536404935645896 saw move.2
2026-01-27 16:51:52,065 - varanus - INFO - In state 10299127975201442196 saw radiation_level.Green
2026-01-27 16:51:52,066 - varanus - INFO - In state 10299127975201442196 saw radiation_level.Green
2026-01-27 16:51:52,066 - varanus - INFO - In state 10299127975201442196 saw radiation_level.Green
2026-01-27 16:51:52,067 - varanus - INFO - In state 10299127975201442196 saw radiation_level.Green
2026-01-27 16:51:52,067 - varanus - INFO - In state 10299127975201442196 saw radiation_level.Green
2026-01-27 16:51:52,067 - varanus - INFO - In state 10299127975201442196 saw radiation_level.Green
2026-01-27 16:51:52,068 - varanus - INFO - In state 10299127975201442196 saw radiation_level.Green
2026-01-27 16:51:52,068 - varanus - INFO - In state 10299127975201442196 saw radiation_level.Green
2026-01-27 16:51:52,068 - varanus - INFO - In state 10299127975201442196 saw radiation_level.Green
2026-01-27 16:51:52,069 - varanus - INFO - In state 10299127975201442196 saw radiation_level.Green
2026-01-27 16:51:52,069 - varanus - INFO - In state 10299127975201442196 saw radiation_level.Green
2026-01-27 16:51:52,070 - varanus - INFO - In state 10299127975201442196 saw radiation_level.Green
2026-01-27 16:51:52,070 - varanus - INFO - In state 10299127975201442196 saw radiation_level.Green
2026-01-27 16:51:52,071 - varanus - INFO - In state 10299127975201442196 saw radiation_level.Green
2026-01-27 16:51:52,071 - varanus - INFO - In state 10299127975201442196 saw radiation_level.Green
2026-01-27 16:51:52,071 - varanus - INFO - In state 10299127975201442196 saw radiation_level.Green
2026-01-27 16:51:52,072 - varanus - INFO - In state 10299127975201442196 saw radiation_level.Green
2026-01-27 16:51:52,072 - varanus - INFO - In state 10299127975201442196 saw radiation_level.Green
2026-01-27 16:51:52,073 - varanus - INFO - In state 10299127975201442196 saw radiation_level.Green
2026-01-27 16:51:52,073 - varanus - INFO - In state 10299127975201442196 saw radiation_level.Green
2026-01-27 16:51:52,073 - varanus - INFO - In state 10299127975201442196 saw radiation_level.Green
2026-01-27 16:51:52,074 - varanus - INFO - In state 10299127975201442196 saw radiation_level.Green
2026-01-27 16:51:52,074 - varanus - INFO - In state 10299127975201442196 saw radiation_level.Green
2026-01-27 16:51:52,075 - varanus - INFO - In state 10299127975201442196 saw radiation_level.Green
2026-01-27 16:51:52,075 - varanus - INFO - In state 10299127975201442196 saw radiation_level.Green
2026-01-27 16:51:52,084 - varanus - INFO - In state 10299127975201442196 saw radiation_level.Green
2026-01-27 16:51:52,084 - varanus - INFO - In state 10299127975201442196 saw arrived_at.2
2026-01-27 16:51:52,084 - varanus - INFO - In state 8606736006536026831 saw radiation_level.Green
2026-01-27 16:51:52,085 - varanus - INFO - In state 8606736006536026831 saw inspect.2
2026-01-27 16:51:52,085 - varanus - INFO - In state 9874926409750488651 saw radiation_level.Green
2026-01-27 16:51:52,086 - varanus - INFO - In state 9874926409750488651 saw radiation_level.Green
2026-01-27 16:51:52,086 - varanus - INFO - In state 9874926409750488651 saw radiation_level.Green
2026-01-27 16:51:52,086 - varanus - INFO - In state 9874926409750488651 saw inspected.2
2026-01-27 16:51:52,087 - varanus - INFO - In state 1002990068859250494 saw move.3
2026-01-27 16:51:52,087 - varanus - INFO - In state 848502878028662445 saw radiation_level.Green
2026-01-27 16:51:52,088 - varanus - INFO - In state 848502878028662445 saw radiation_level.Green
2026-01-27 16:51:52,088 - varanus - INFO - In state 848502878028662445 saw radiation_level.Green
2026-01-27 16:51:52,088 - varanus - INFO - In state 848502878028662445 saw radiation_level.Green
2026-01-27 16:51:52,089 - varanus - INFO - In state 848502878028662445 saw radiation_level.Green
2026-01-27 16:51:52,089 - varanus - INFO - In state 848502878028662445 saw radiation_level.Green
2026-01-27 16:51:52,090 - varanus - INFO - In state 848502878028662445 saw radiation_level.Green
2026-01-27 16:51:52,090 - varanus - INFO - In state 848502878028662445 saw radiation_level.Green
2026-01-27 16:51:52,090 - varanus - INFO - In state 848502878028662445 saw radiation_level.Green
2026-01-27 16:51:52,091 - varanus - INFO - In state 848502878028662445 saw radiation_level.Green
2026-01-27 16:51:52,091 - varanus - INFO - In state 848502878028662445 saw radiation_level.Green
2026-01-27 16:51:52,092 - varanus - INFO - In state 848502878028662445 saw radiation_level.Green
2026-01-27 16:51:52,092 - varanus - INFO - In state 848502878028662445 saw radiation_level.Green
2026-01-27 16:51:52,092 - varanus - INFO - In state 848502878028662445 saw radiation_level.Green
2026-01-27 16:51:52,093 - varanus - INFO - In state 848502878028662445 saw radiation_level.Green
2026-01-27 16:51:52,093 - varanus - INFO - In state 848502878028662445 saw radiation_level.Green
2026-01-27 16:51:52,094 - varanus - INFO - In state 848502878028662445 saw radiation_level.Green
2026-01-27 16:51:52,094 - varanus - INFO - In state 848502878028662445 saw radiation_level.Green
2026-01-27 16:51:52,094 - varanus - INFO - In state 848502878028662445 saw radiation_level.Green
2026-01-27 16:51:52,095 - varanus - INFO - In state 848502878028662445 saw arrived_at.3
2026-01-27 16:51:52,095 - varanus - INFO - In state 18358507212355868629 saw inspect.3
2026-01-27 16:51:52,096 - varanus - INFO - In state 8937319153557804027 saw radiation_level.Green
2026-01-27 16:51:52,096 - varanus - INFO - In state 8937319153557804027 saw radiation_level.Green
2026-01-27 16:51:52,096 - varanus - INFO - In state 8937319153557804027 saw radiation_level.Green
2026-01-27 16:51:52,097 - varanus - INFO - In state 8937319153557804027 saw inspected.3
2026-01-27 16:51:52,097 - varanus - INFO - In state 6125819018793330642 saw radiation_level.Green
2026-01-27 16:51:52,097 - varanus - INFO - In state 6125819018793330642 saw inspect.4
2026-01-27 16:51:52,098 - varanus - INFO - UNEXPECTED TRANSITION
2026-01-27 16:51:52,098 - varanus - INFO - Stated alphabet returning bad state i.e. None - saw bad event
2026-01-27 16:51:52,098 - varanus - ERROR - System Violated the Specification with Trace: ['radiation_level.Green', 'radiation_level.Green', 'radiation_level.Green', 'radiation_level.Green', 'radiation_level.Green', 'radiation_level.Green', 'radiation_level.Green', 'radiation_level.Green', 'radiation_level.Green', 'radiation_level.Green', 'radiation_level.Green', 'radiation_level.Green', 'radiation_level.Green', 'radiation_level.Green', 'radiation_level.Green', 'radiation_level.Green', 'radiation_level.Green', 'radiation_level.Green', 'radiation_level.Green', 'radiation_level.Green', 'radiation_level.Green', 'radiation_level.Green', 'radiation_level.Green', 'radiation_level.Green', 'radiation_level.Green', 'radiation_level.Green', 'radiation_level.Green', 'radiation_level.Green', 'radiation_level.Green', 'radiation_level.Green', 'radiation_level.Green', 'radiation_level.Green', 'radiation_level.Green', 'radiation_level.Green', 'radiation_level.Green', 'radiation_level.Green', 'radiation_level.Green', 'radiation_level.Green', 'radiation_level.Green', 'radiation_level.Green', 'radiation_level.Green', 'radiation_level.Green', 'radiation_level.Green', 'radiation_level.Green', 'radiation_level.Green', 'radiation_level.Green', 'radiation_level.Green', 'radiation_level.Green', 'radiation_level.Green', 'radiation_level.Green', 'radiation_level.Green', 'radiation_level.Green', 'radiation_level.Green', 'radiation_level.Green', 'radiation_level.Green', 'radiation_level.Green', 'radiation_level.Green', 'radiation_level.Green', 'radiation_level.Green', 'radiation_level.Green', 'radiation_level.Green', 'radiation_level.Green', 'radiation_level.Green', 'radiation_level.Green', 'radiation_level.Green', 'radiation_level.Green', 'radiation_level.Green', 'radiation_level.Green', 'radiation_level.Green', 'radiation_level.Green', 'radiation_level.Green', 'radiation_level.Green', 'radiation_level.Green', 'move.1', 'radiation_level.Green', 'radiation_level.Green', 'radiation_level.Green', 'radiation_level.Green', 'radiation_level.Green', 'radiation_level.Green', 'radiation_level.Green', 'radiation_level.Green', 'radiation_level.Green', 'radiation_level.Green', 'radiation_level.Green', 'radiation_level.Green', 'radiation_level.Green', 'radiation_level.Green', 'radiation_level.Green', 'radiation_level.Green', 'radiation_level.Green', 'arrived_at.1', 'radiation_level.Green', 'inspect.1', 'radiation_level.Green', 'radiation_level.Green', 'radiation_level.Green', 'inspected.1', 'radiation_level.Green', 'move.2', 'radiation_level.Green', 'radiation_level.Green', 'radiation_level.Green', 'radiation_level.Green', 'radiation_level.Green', 'radiation_level.Green', 'radiation_level.Green', 'radiation_level.Green', 'radiation_level.Green', 'radiation_level.Green', 'radiation_level.Green', 'radiation_level.Green', 'radiation_level.Green', 'radiation_level.Green', 'radiation_level.Green', 'radiation_level.Green', 'radiation_level.Green', 'radiation_level.Green', 'radiation_level.Green', 'radiation_level.Green', 'radiation_level.Green', 'radiation_level.Green', 'radiation_level.Green', 'radiation_level.Green', 'radiation_level.Green', 'radiation_level.Green', 'arrived_at.2', 'radiation_level.Green', 'inspect.2', 'radiation_level.Green', 'radiation_level.Green', 'radiation_level.Green', 'inspected.2', 'move.3', 'radiation_level.Green', 'radiation_level.Green', 'radiation_level.Green', 'radiation_level.Green', 'radiation_level.Green', 'radiation_level.Green', 'radiation_level.Green', 'radiation_level.Green', 'radiation_level.Green', 'radiation_level.Green', 'radiation_level.Green', 'radiation_level.Green', 'radiation_level.Green', 'radiation_level.Green', 'radiation_level.Green', 'radiation_level.Green', 'radiation_level.Green', 'radiation_level.Green', 'radiation_level.Green', 'arrived_at.3', 'inspect.3', 'radiation_level.Green', 'radiation_level.Green', 'radiation_level.Green', 'inspected.3', 'radiation_level.Green', 'inspect.4']
2026-01-27 16:51:52,098 - varanus - ERROR - The permissible events were: ['radiation_level.Orange', 'radiation_level.Green', 'radiation_level.Red', 'move.5', 'move.4', 'move.3', 'move.2', 'move.1', 'move.0']
2026-01-27 16:51:52,099 - varanus - INFO - Trace file finished with violations
2026-01-27 16:51:52,100 - varanus - INFO - +++ Build Time: 			0.384627103806s +++
2026-01-27 16:51:52,101 - varanus - INFO - +++ Check Time: 			0.0773258209229s +++
2026-01-27 16:51:52,101 - varanus - INFO - +++ Average Transition Time: 	0.000379580148259s (161 events) +++
2026-01-27 16:51:52,101 - varanus - INFO - +++ Total Time: 			0.483816146851s +++
