2026-01-27 16:51:58,317 - varanus - INFO - +++ Testing rover_model_ras_fail_ordering +++
2026-01-27 16:51:58,317 - varanus - INFO - Preprocessing...
2026-01-27 16:51:58,317 - varanus - INFO - Preprocessing: pass
2026-01-27 16:51:58,317 - varanus - INFO - +++ Running Offline +++
2026-01-27 16:51:58,339 - varanus - INFO - Building CSP State Machine. Please Wait
2026-01-27 16:51:58,571 - varanus - INFO - Building CSP State Machine
2026-01-27 16:51:58,723 - varanus - INFO - +++ checking that ROVER_SYSTEM is deterministic with given alphabets +++
2026-01-27 16:51:58,723 - varanus - INFO - +++ starting monitoring against ROVER_SYSTEM +++
2026-01-27 16:51:58,723 - varanus - INFO - +++ Running Offline -- Using State Machine +++
2026-01-27 16:51:58,723 - varanus - INFO - Parsing trace file at: oracles/inspection-rover-ras/trace-json-fail-message-order.txt
2026-01-27 16:51:58,738 - varanus - INFO - Parsed trace file OK
2026-01-27 16:51:58,738 - varanus - INFO - Checking trace file: oracles/inspection-rover-ras/trace-json-fail-message-order.txt
2026-01-27 16:51:58,739 - varanus - INFO - In state 17976143188387390655 saw radiation_level.Green
2026-01-27 16:51:58,739 - varanus - INFO - In state 17976143188387390655 saw radiation_level.Green
2026-01-27 16:51:58,739 - varanus - INFO - In state 17976143188387390655 saw radiation_level.Green
2026-01-27 16:51:58,740 - varanus - INFO - In state 17976143188387390655 saw radiation_level.Green
2026-01-27 16:51:58,740 - varanus - INFO - In state 17976143188387390655 saw radiation_level.Green
2026-01-27 16:51:58,740 - varanus - INFO - In state 17976143188387390655 saw radiation_level.Green
2026-01-27 16:51:58,740 - varanus - INFO - In state 17976143188387390655 saw radiation_level.Green
2026-01-27 16:51:58,741 - varanus - INFO - In state 17976143188387390655 saw radiation_level.Green
2026-01-27 16:51:58,741 - varanus - INFO - In state 17976143188387390655 saw radiation_level.Green
2026-01-27 16:51:58,741 - varanus - INFO - In state 17976143188387390655 saw radiation_level.Green
2026-01-27 16:51:58,741 - varanus - INFO - In state 17976143188387390655 saw radiation_level.Green
2026-01-27 16:51:58,742 - varanus - INFO - In state 17976143188387390655 saw radiation_level.Green
2026-01-27 16:51:58,742 - varanus - INFO - In state 17976143188387390655 saw radiation_level.Green
2026-01-27 16:51:58,742 - varanus - INFO - In state 17976143188387390655 saw radiation_level.Green
2026-01-27 16:51:58,742 - varanus - INFO - In state 17976143188387390655 saw radiation_level.Green
2026-01-27 16:51:58,743 - varanus - INFO - In state 17976143188387390655 saw radiation_level.Green
2026-01-27 16:51:58,743 - varanus - INFO - In state 17976143188387390655 saw radiation_level.Green
2026-01-27 16:51:58,743 - varanus - INFO - In state 17976143188387390655 saw radiation_level.Green
2026-01-27 16:51:58,744 - varanus - INFO - In state 17976143188387390655 saw radiation_level.Green
2026-01-27 16:51:58,744 - varanus - INFO - In state 17976143188387390655 saw radiation_level.Green
2026-01-27 16:51:58,744 - varanus - INFO - In state 17976143188387390655 saw radiation_level.Green
2026-01-27 16:51:58,745 - varanus - INFO - In state 17976143188387390655 saw radiation_level.Green
2026-01-27 16:51:58,745 - varanus - INFO - In state 17976143188387390655 saw radiation_level.Green
2026-01-27 16:51:58,745 - varanus - INFO - In state 17976143188387390655 saw radiation_level.Green
2026-01-27 16:51:58,745 - varanus - INFO - In state 17976143188387390655 saw radiation_level.Green
2026-01-27 16:51:58,746 - varanus - INFO - In state 17976143188387390655 saw radiation_level.Green
2026-01-27 16:51:58,746 - varanus - INFO - In state 17976143188387390655 saw radiation_level.Green
2026-01-27 16:51:58,746 - varanus - INFO - In state 17976143188387390655 saw radiation_level.Green
2026-01-27 16:51:58,746 - varanus - INFO - In state 17976143188387390655 saw radiation_level.Green
2026-01-27 16:51:58,747 - varanus - INFO - In state 17976143188387390655 saw radiation_level.Green
2026-01-27 16:51:58,747 - varanus - INFO - In state 17976143188387390655 saw radiation_level.Green
2026-01-27 16:51:58,747 - varanus - INFO - In state 17976143188387390655 saw radiation_level.Green
2026-01-27 16:51:58,747 - varanus - INFO - In state 17976143188387390655 saw radiation_level.Green
2026-01-27 16:51:58,748 - varanus - INFO - In state 17976143188387390655 saw radiation_level.Green
2026-01-27 16:51:58,748 - varanus - INFO - In state 17976143188387390655 saw radiation_level.Green
2026-01-27 16:51:58,748 - varanus - INFO - In state 17976143188387390655 saw radiation_level.Green
2026-01-27 16:51:58,748 - varanus - INFO - In state 17976143188387390655 saw radiation_level.Green
2026-01-27 16:51:58,749 - varanus - INFO - In state 17976143188387390655 saw radiation_level.Green
2026-01-27 16:51:58,749 - varanus - INFO - In state 17976143188387390655 saw radiation_level.Green
2026-01-27 16:51:58,749 - varanus - INFO - In state 17976143188387390655 saw radiation_level.Green
2026-01-27 16:51:58,749 - varanus - INFO - In state 17976143188387390655 saw radiation_level.Green
2026-01-27 16:51:58,750 - varanus - INFO - In state 17976143188387390655 saw radiation_level.Green
2026-01-27 16:51:58,750 - varanus - INFO - In state 17976143188387390655 saw radiation_level.Green
2026-01-27 16:51:58,750 - varanus - INFO - In state 17976143188387390655 saw radiation_level.Green
2026-01-27 16:51:58,750 - varanus - INFO - In state 17976143188387390655 saw radiation_level.Green
2026-01-27 16:51:58,751 - varanus - INFO - In state 17976143188387390655 saw radiation_level.Green
2026-01-27 16:51:58,751 - varanus - INFO - In state 17976143188387390655 saw radiation_level.Green
2026-01-27 16:51:58,751 - varanus - INFO - In state 17976143188387390655 saw radiation_level.Green
2026-01-27 16:51:58,752 - varanus - INFO - In state 17976143188387390655 saw radiation_level.Green
2026-01-27 16:51:58,752 - varanus - INFO - In state 17976143188387390655 saw radiation_level.Green
2026-01-27 16:51:58,752 - varanus - INFO - In state 17976143188387390655 saw radiation_level.Green
2026-01-27 16:51:58,752 - varanus - INFO - In state 17976143188387390655 saw radiation_level.Green
2026-01-27 16:51:58,753 - varanus - INFO - In state 17976143188387390655 saw radiation_level.Green
2026-01-27 16:51:58,753 - varanus - INFO - In state 17976143188387390655 saw radiation_level.Green
2026-01-27 16:51:58,753 - varanus - INFO - In state 17976143188387390655 saw radiation_level.Green
2026-01-27 16:51:58,753 - varanus - INFO - In state 17976143188387390655 saw radiation_level.Green
2026-01-27 16:51:58,754 - varanus - INFO - In state 17976143188387390655 saw radiation_level.Green
2026-01-27 16:51:58,754 - varanus - INFO - In state 17976143188387390655 saw radiation_level.Green
2026-01-27 16:51:58,754 - varanus - INFO - In state 17976143188387390655 saw radiation_level.Green
2026-01-27 16:51:58,754 - varanus - INFO - In state 17976143188387390655 saw radiation_level.Green
2026-01-27 16:51:58,755 - varanus - INFO - In state 17976143188387390655 saw radiation_level.Green
2026-01-27 16:51:58,755 - varanus - INFO - In state 17976143188387390655 saw radiation_level.Green
2026-01-27 16:51:58,755 - varanus - INFO - In state 17976143188387390655 saw radiation_level.Green
2026-01-27 16:51:58,755 - varanus - INFO - In state 17976143188387390655 saw radiation_level.Green
2026-01-27 16:51:58,756 - varanus - INFO - In state 17976143188387390655 saw radiation_level.Green
2026-01-27 16:51:58,756 - varanus - INFO - In state 17976143188387390655 saw radiation_level.Green
2026-01-27 16:51:58,756 - varanus - INFO - In state 17976143188387390655 saw radiation_level.Green
2026-01-27 16:51:58,757 - varanus - INFO - In state 17976143188387390655 saw radiation_level.Green
2026-01-27 16:51:58,757 - varanus - INFO - In state 17976143188387390655 saw radiation_level.Green
2026-01-27 16:51:58,757 - varanus - INFO - In state 17976143188387390655 saw radiation_level.Green
2026-01-27 16:51:58,757 - varanus - INFO - In state 17976143188387390655 saw radiation_level.Green
2026-01-27 16:51:58,758 - varanus - INFO - In state 17976143188387390655 saw radiation_level.Green
2026-01-27 16:51:58,758 - varanus - INFO - In state 17976143188387390655 saw radiation_level.Green
2026-01-27 16:51:58,758 - varanus - INFO - In state 17976143188387390655 saw move.1
2026-01-27 16:51:58,758 - varanus - INFO - In state 2681491882390849628 saw radiation_level.Green
2026-01-27 16:51:58,759 - varanus - INFO - In state 2681491882390849628 saw radiation_level.Green
2026-01-27 16:51:58,759 - varanus - INFO - In state 2681491882390849628 saw radiation_level.Green
2026-01-27 16:51:58,759 - varanus - INFO - In state 2681491882390849628 saw radiation_level.Green
2026-01-27 16:51:58,759 - varanus - INFO - In state 2681491882390849628 saw radiation_level.Green
2026-01-27 16:51:58,760 - varanus - INFO - In state 2681491882390849628 saw radiation_level.Green
2026-01-27 16:51:58,760 - varanus - INFO - In state 2681491882390849628 saw radiation_level.Green
2026-01-27 16:51:58,761 - varanus - INFO - In state 2681491882390849628 saw radiation_level.Green
2026-01-27 16:51:58,761 - varanus - INFO - In state 2681491882390849628 saw radiation_level.Green
2026-01-27 16:51:58,762 - varanus - INFO - In state 2681491882390849628 saw radiation_level.Green
2026-01-27 16:51:58,762 - varanus - INFO - In state 2681491882390849628 saw radiation_level.Green
2026-01-27 16:51:58,763 - varanus - INFO - In state 2681491882390849628 saw radiation_level.Green
2026-01-27 16:51:58,763 - varanus - INFO - In state 2681491882390849628 saw radiation_level.Green
2026-01-27 16:51:58,763 - varanus - INFO - In state 2681491882390849628 saw radiation_level.Green
2026-01-27 16:51:58,764 - varanus - INFO - In state 2681491882390849628 saw radiation_level.Green
2026-01-27 16:51:58,764 - varanus - INFO - In state 2681491882390849628 saw radiation_level.Green
2026-01-27 16:51:58,765 - varanus - INFO - In state 2681491882390849628 saw radiation_level.Green
2026-01-27 16:51:58,765 - varanus - INFO - In state 2681491882390849628 saw arrived_at.1
2026-01-27 16:51:58,766 - varanus - INFO - In state 4838965131539084411 saw radiation_level.Green
2026-01-27 16:51:58,766 - varanus - INFO - In state 4838965131539084411 saw inspect.1
2026-01-27 16:51:58,767 - varanus - INFO - In state 15366558349166237975 saw radiation_level.Green
2026-01-27 16:51:58,767 - varanus - INFO - In state 15366558349166237975 saw radiation_level.Green
2026-01-27 16:51:58,768 - varanus - INFO - In state 15366558349166237975 saw radiation_level.Green
2026-01-27 16:51:58,768 - varanus - INFO - In state 15366558349166237975 saw inspected.1
2026-01-27 16:51:58,769 - varanus - INFO - In state 4934536404935645896 saw radiation_level.Green
2026-01-27 16:51:58,769 - varanus - INFO - In state 4934536404935645896 saw move.2
2026-01-27 16:51:58,770 - varanus - INFO - In state 10299127975201442196 saw radiation_level.Green
2026-01-27 16:51:58,770 - varanus - INFO - In state 10299127975201442196 saw radiation_level.Green
2026-01-27 16:51:58,770 - varanus - INFO - In state 10299127975201442196 saw radiation_level.Green
2026-01-27 16:51:58,771 - varanus - INFO - In state 10299127975201442196 saw radiation_level.Green
2026-01-27 16:51:58,771 - varanus - INFO - In state 10299127975201442196 saw radiation_level.Green
2026-01-27 16:51:58,772 - varanus - INFO - In state 10299127975201442196 saw radiation_level.Green
2026-01-27 16:51:58,772 - varanus - INFO - In state 10299127975201442196 saw radiation_level.Green
2026-01-27 16:51:58,773 - varanus - INFO - In state 10299127975201442196 saw radiation_level.Green
2026-01-27 16:51:58,773 - varanus - INFO - In state 10299127975201442196 saw radiation_level.Green
2026-01-27 16:51:58,774 - varanus - INFO - In state 10299127975201442196 saw radiation_level.Green
2026-01-27 16:51:58,774 - varanus - INFO - In state 10299127975201442196 saw radiation_level.Green
2026-01-27 16:51:58,774 - varanus - INFO - In state 10299127975201442196 saw radiation_level.Green
2026-01-27 16:51:58,775 - varanus - INFO - In state 10299127975201442196 saw radiation_level.Green
2026-01-27 16:51:58,775 - varanus - INFO - In state 10299127975201442196 saw radiation_level.Green
2026-01-27 16:51:58,776 - varanus - INFO - In state 10299127975201442196 saw radiation_level.Green
2026-01-27 16:51:58,776 - varanus - INFO - In state 10299127975201442196 saw radiation_level.Green
2026-01-27 16:51:58,776 - varanus - INFO - In state 10299127975201442196 saw radiation_level.Green
2026-01-27 16:51:58,777 - varanus - INFO - In state 10299127975201442196 saw radiation_level.Green
2026-01-27 16:51:58,777 - varanus - INFO - In state 10299127975201442196 saw radiation_level.Green
2026-01-27 16:51:58,782 - varanus - INFO - In state 10299127975201442196 saw radiation_level.Green
2026-01-27 16:51:58,782 - varanus - INFO - In state 10299127975201442196 saw radiation_level.Green
2026-01-27 16:51:58,783 - varanus - INFO - In state 10299127975201442196 saw radiation_level.Green
2026-01-27 16:51:58,783 - varanus - INFO - In state 10299127975201442196 saw radiation_level.Green
2026-01-27 16:51:58,784 - varanus - INFO - In state 10299127975201442196 saw radiation_level.Green
2026-01-27 16:51:58,784 - varanus - INFO - In state 10299127975201442196 saw radiation_level.Green
2026-01-27 16:51:58,784 - varanus - INFO - In state 10299127975201442196 saw radiation_level.Green
2026-01-27 16:51:58,785 - varanus - INFO - In state 10299127975201442196 saw arrived_at.2
2026-01-27 16:51:58,785 - varanus - INFO - In state 8606736006536026831 saw radiation_level.Green
2026-01-27 16:51:58,786 - varanus - INFO - In state 8606736006536026831 saw inspect.2
2026-01-27 16:51:58,786 - varanus - INFO - In state 9874926409750488651 saw radiation_level.Green
2026-01-27 16:51:58,786 - varanus - INFO - In state 9874926409750488651 saw radiation_level.Green
2026-01-27 16:51:58,787 - varanus - INFO - In state 9874926409750488651 saw radiation_level.Green
2026-01-27 16:51:58,787 - varanus - INFO - In state 9874926409750488651 saw inspected.2
2026-01-27 16:51:58,788 - varanus - INFO - In state 1002990068859250494 saw move.3
2026-01-27 16:51:58,788 - varanus - INFO - In state 848502878028662445 saw radiation_level.Green
2026-01-27 16:51:58,789 - varanus - INFO - In state 848502878028662445 saw radiation_level.Green
2026-01-27 16:51:58,789 - varanus - INFO - In state 848502878028662445 saw radiation_level.Green
2026-01-27 16:51:58,789 - varanus - INFO - In state 848502878028662445 saw radiation_level.Green
2026-01-27 16:51:58,790 - varanus - INFO - In state 848502878028662445 saw radiation_level.Green
2026-01-27 16:51:58,790 - varanus - INFO - In state 848502878028662445 saw radiation_level.Green
2026-01-27 16:51:58,791 - varanus - INFO - In state 848502878028662445 saw radiation_level.Green
2026-01-27 16:51:58,791 - varanus - INFO - In state 848502878028662445 saw radiation_level.Green
2026-01-27 16:51:58,791 - varanus - INFO - In state 848502878028662445 saw radiation_level.Green
2026-01-27 16:51:58,792 - varanus - INFO - In state 848502878028662445 saw radiation_level.Green
2026-01-27 16:51:58,792 - varanus - INFO - In state 848502878028662445 saw radiation_level.Green
2026-01-27 16:51:58,792 - varanus - INFO - In state 848502878028662445 saw radiation_level.Green
2026-01-27 16:51:58,793 - varanus - INFO - In state 848502878028662445 saw radiation_level.Green
2026-01-27 16:51:58,793 - varanus - INFO - In state 848502878028662445 saw radiation_level.Green
2026-01-27 16:51:58,793 - varanus - INFO - In state 848502878028662445 saw radiation_level.Green
2026-01-27 16:51:58,794 - varanus - INFO - In state 848502878028662445 saw radiation_level.Green
2026-01-27 16:51:58,794 - varanus - INFO - In state 848502878028662445 saw radiation_level.Green
2026-01-27 16:51:58,794 - varanus - INFO - In state 848502878028662445 saw radiation_level.Green
2026-01-27 16:51:58,794 - varanus - INFO - In state 848502878028662445 saw radiation_level.Green
2026-01-27 16:51:58,795 - varanus - INFO - In state 848502878028662445 saw arrived_at.3
2026-01-27 16:51:58,795 - varanus - INFO - In state 18358507212355868629 saw inspect.3
2026-01-27 16:51:58,795 - varanus - INFO - In state 8937319153557804027 saw radiation_level.Green
2026-01-27 16:51:58,796 - varanus - INFO - In state 8937319153557804027 saw radiation_level.Green
2026-01-27 16:51:58,796 - varanus - INFO - In state 8937319153557804027 saw radiation_level.Green
2026-01-27 16:51:58,796 - varanus - INFO - In state 8937319153557804027 saw inspected.3
2026-01-27 16:51:58,796 - varanus - INFO - In state 6125819018793330642 saw radiation_level.Green
2026-01-27 16:51:58,797 - varanus - INFO - In state 6125819018793330642 saw inspect.4
2026-01-27 16:51:58,797 - varanus - INFO - UNEXPECTED TRANSITION
2026-01-27 16:51:58,797 - varanus - INFO - Stated alphabet returning bad state i.e. None - saw bad event
2026-01-27 16:51:58,797 - varanus - ERROR - System Violated the Specification with Trace: ['radiation_level.Green', 'radiation_level.Green', 'radiation_level.Green', 'radiation_level.Green', 'radiation_level.Green', 'radiation_level.Green', 'radiation_level.Green', 'radiation_level.Green', 'radiation_level.Green', 'radiation_level.Green', 'radiation_level.Green', 'radiation_level.Green', 'radiation_level.Green', 'radiation_level.Green', 'radiation_level.Green', 'radiation_level.Green', 'radiation_level.Green', 'radiation_level.Green', 'radiation_level.Green', 'radiation_level.Green', 'radiation_level.Green', 'radiation_level.Green', 'radiation_level.Green', 'radiation_level.Green', 'radiation_level.Green', 'radiation_level.Green', 'radiation_level.Green', 'radiation_level.Green', 'radiation_level.Green', 'radiation_level.Green', 'radiation_level.Green', 'radiation_level.Green', 'radiation_level.Green', 'radiation_level.Green', 'radiation_level.Green', 'radiation_level.Green', 'radiation_level.Green', 'radiation_level.Green', 'radiation_level.Green', 'radiation_level.Green', 'radiation_level.Green', 'radiation_level.Green', 'radiation_level.Green', 'radiation_level.Green', 'radiation_level.Green', 'radiation_level.Green', 'radiation_level.Green', 'radiation_level.Green', 'radiation_level.Green', 'radiation_level.Green', 'radiation_level.Green', 'radiation_level.Green', 'radiation_level.Green', 'radiation_level.Green', 'radiation_level.Green', 'radiation_level.Green', 'radiation_level.Green', 'radiation_level.Green', 'radiation_level.Green', 'radiation_level.Green', 'radiation_level.Green', 'radiation_level.Green', 'radiation_level.Green', 'radiation_level.Green', 'radiation_level.Green', 'radiation_level.Green', 'radiation_level.Green', 'radiation_level.Green', 'radiation_level.Green', 'radiation_level.Green', 'radiation_level.Green', 'radiation_level.Green', 'radiation_level.Green', 'move.1', 'radiation_level.Green', 'radiation_level.Green', 'radiation_level.Green', 'radiation_level.Green', 'radiation_level.Green', 'radiation_level.Green', 'radiation_level.Green', 'radiation_level.Green', 'radiation_level.Green', 'radiation_level.Green', 'radiation_level.Green', 'radiation_level.Green', 'radiation_level.Green', 'radiation_level.Green', 'radiation_level.Green', 'radiation_level.Green', 'radiation_level.Green', 'arrived_at.1', 'radiation_level.Green', 'inspect.1', 'radiation_level.Green', 'radiation_level.Green', 'radiation_level.Green', 'inspected.1', 'radiation_level.Green', 'move.2', 'radiation_level.Green', 'radiation_level.Green', 'radiation_level.Green', 'radiation_level.Green', 'radiation_level.Green', 'radiation_level.Green', 'radiation_level.Green', 'radiation_level.Green', 'radiation_level.Green', 'radiation_level.Green', 'radiation_level.Green', 'radiation_level.Green', 'radiation_level.Green', 'radiation_level.Green', 'radiation_level.Green', 'radiation_level.Green', 'radiation_level.Green', 'radiation_level.Green', 'radiation_level.Green', 'radiation_level.Green', 'radiation_level.Green', 'radiation_level.Green', 'radiation_level.Green', 'radiation_level.Green', 'radiation_level.Green', 'radiation_level.Green', 'arrived_at.2', 'radiation_level.Green', 'inspect.2', 'radiation_level.Green', 'radiation_level.Green', 'radiation_level.Green', 'inspected.2', 'move.3', 'radiation_level.Green', 'radiation_level.Green', 'radiation_level.Green', 'radiation_level.Green', 'radiation_level.Green', 'radiation_level.Green', 'radiation_level.Green', 'radiation_level.Green', 'radiation_level.Green', 'radiation_level.Green', 'radiation_level.Green', 'radiation_level.Green', 'radiation_level.Green', 'radiation_level.Green', 'radiation_level.Green', 'radiation_level.Green', 'radiation_level.Green', 'radiation_level.Green', 'radiation_level.Green', 'arrived_at.3', 'inspect.3', 'radiation_level.Green', 'radiation_level.Green', 'radiation_level.Green', 'inspected.3', 'radiation_level.Green', 'inspect.4']
2026-01-27 16:51:58,797 - varanus - ERROR - The permissible events were: ['radiation_level.Orange', 'move.3', 'radiation_level.Red', 'move.5', 'move.4', 'radiation_level.Green', 'move.2', 'move.1', 'move.0']
2026-01-27 16:51:58,797 - varanus - INFO - Trace file finished with violations
2026-01-27 16:51:58,799 - varanus - INFO - +++ Build Time: 			0.384091854095s +++
2026-01-27 16:51:58,799 - varanus - INFO - +++ Check Time: 			0.0741100311279s +++
2026-01-27 16:51:58,799 - varanus - INFO - +++ Average Transition Time: 	0.000359997245836s (161 events) +++
2026-01-27 16:51:58,799 - varanus - INFO - +++ Total Time: 			0.480480909348s +++
