2026-01-27 16:51:56,699 - varanus - INFO - +++ Testing rover_model_ras_fail_ordering +++
2026-01-27 16:51:56,700 - varanus - INFO - Preprocessing...
2026-01-27 16:51:56,700 - varanus - INFO - Preprocessing: pass
2026-01-27 16:51:56,700 - varanus - INFO - +++ Running Offline +++
2026-01-27 16:51:56,723 - varanus - INFO - Building CSP State Machine. Please Wait
2026-01-27 16:51:56,954 - varanus - INFO - Building CSP State Machine
2026-01-27 16:51:57,102 - varanus - INFO - +++ checking that ROVER_SYSTEM is deterministic with given alphabets +++
2026-01-27 16:51:57,103 - varanus - INFO - +++ starting monitoring against ROVER_SYSTEM +++
2026-01-27 16:51:57,103 - varanus - INFO - +++ Running Offline -- Using State Machine +++
2026-01-27 16:51:57,103 - varanus - INFO - Parsing trace file at: oracles/inspection-rover-ras/trace-json-fail-message-order.txt
2026-01-27 16:51:57,118 - varanus - INFO - Parsed trace file OK
2026-01-27 16:51:57,118 - varanus - INFO - Checking trace file: oracles/inspection-rover-ras/trace-json-fail-message-order.txt
2026-01-27 16:51:57,118 - varanus - INFO - In state 17976143188387390655 saw radiation_level.Green
2026-01-27 16:51:57,119 - varanus - INFO - In state 17976143188387390655 saw radiation_level.Green
2026-01-27 16:51:57,119 - varanus - INFO - In state 17976143188387390655 saw radiation_level.Green
2026-01-27 16:51:57,119 - varanus - INFO - In state 17976143188387390655 saw radiation_level.Green
2026-01-27 16:51:57,119 - varanus - INFO - In state 17976143188387390655 saw radiation_level.Green
2026-01-27 16:51:57,120 - varanus - INFO - In state 17976143188387390655 saw radiation_level.Green
2026-01-27 16:51:57,120 - varanus - INFO - In state 17976143188387390655 saw radiation_level.Green
2026-01-27 16:51:57,120 - varanus - INFO - In state 17976143188387390655 saw radiation_level.Green
2026-01-27 16:51:57,120 - varanus - INFO - In state 17976143188387390655 saw radiation_level.Green
2026-01-27 16:51:57,121 - varanus - INFO - In state 17976143188387390655 saw radiation_level.Green
2026-01-27 16:51:57,121 - varanus - INFO - In state 17976143188387390655 saw radiation_level.Green
2026-01-27 16:51:57,121 - varanus - INFO - In state 17976143188387390655 saw radiation_level.Green
2026-01-27 16:51:57,121 - varanus - INFO - In state 17976143188387390655 saw radiation_level.Green
2026-01-27 16:51:57,122 - varanus - INFO - In state 17976143188387390655 saw radiation_level.Green
2026-01-27 16:51:57,122 - varanus - INFO - In state 17976143188387390655 saw radiation_level.Green
2026-01-27 16:51:57,122 - varanus - INFO - In state 17976143188387390655 saw radiation_level.Green
2026-01-27 16:51:57,122 - varanus - INFO - In state 17976143188387390655 saw radiation_level.Green
2026-01-27 16:51:57,123 - varanus - INFO - In state 17976143188387390655 saw radiation_level.Green
2026-01-27 16:51:57,123 - varanus - INFO - In state 17976143188387390655 saw radiation_level.Green
2026-01-27 16:51:57,123 - varanus - INFO - In state 17976143188387390655 saw radiation_level.Green
2026-01-27 16:51:57,123 - varanus - INFO - In state 17976143188387390655 saw radiation_level.Green
2026-01-27 16:51:57,124 - varanus - INFO - In state 17976143188387390655 saw radiation_level.Green
2026-01-27 16:51:57,124 - varanus - INFO - In state 17976143188387390655 saw radiation_level.Green
2026-01-27 16:51:57,124 - varanus - INFO - In state 17976143188387390655 saw radiation_level.Green
2026-01-27 16:51:57,124 - varanus - INFO - In state 17976143188387390655 saw radiation_level.Green
2026-01-27 16:51:57,124 - varanus - INFO - In state 17976143188387390655 saw radiation_level.Green
2026-01-27 16:51:57,125 - varanus - INFO - In state 17976143188387390655 saw radiation_level.Green
2026-01-27 16:51:57,125 - varanus - INFO - In state 17976143188387390655 saw radiation_level.Green
2026-01-27 16:51:57,125 - varanus - INFO - In state 17976143188387390655 saw radiation_level.Green
2026-01-27 16:51:57,125 - varanus - INFO - In state 17976143188387390655 saw radiation_level.Green
2026-01-27 16:51:57,126 - varanus - INFO - In state 17976143188387390655 saw radiation_level.Green
2026-01-27 16:51:57,126 - varanus - INFO - In state 17976143188387390655 saw radiation_level.Green
2026-01-27 16:51:57,126 - varanus - INFO - In state 17976143188387390655 saw radiation_level.Green
2026-01-27 16:51:57,126 - varanus - INFO - In state 17976143188387390655 saw radiation_level.Green
2026-01-27 16:51:57,127 - varanus - INFO - In state 17976143188387390655 saw radiation_level.Green
2026-01-27 16:51:57,127 - varanus - INFO - In state 17976143188387390655 saw radiation_level.Green
2026-01-27 16:51:57,127 - varanus - INFO - In state 17976143188387390655 saw radiation_level.Green
2026-01-27 16:51:57,127 - varanus - INFO - In state 17976143188387390655 saw radiation_level.Green
2026-01-27 16:51:57,128 - varanus - INFO - In state 17976143188387390655 saw radiation_level.Green
2026-01-27 16:51:57,128 - varanus - INFO - In state 17976143188387390655 saw radiation_level.Green
2026-01-27 16:51:57,128 - varanus - INFO - In state 17976143188387390655 saw radiation_level.Green
2026-01-27 16:51:57,128 - varanus - INFO - In state 17976143188387390655 saw radiation_level.Green
2026-01-27 16:51:57,129 - varanus - INFO - In state 17976143188387390655 saw radiation_level.Green
2026-01-27 16:51:57,129 - varanus - INFO - In state 17976143188387390655 saw radiation_level.Green
2026-01-27 16:51:57,129 - varanus - INFO - In state 17976143188387390655 saw radiation_level.Green
2026-01-27 16:51:57,129 - varanus - INFO - In state 17976143188387390655 saw radiation_level.Green
2026-01-27 16:51:57,130 - varanus - INFO - In state 17976143188387390655 saw radiation_level.Green
2026-01-27 16:51:57,130 - varanus - INFO - In state 17976143188387390655 saw radiation_level.Green
2026-01-27 16:51:57,130 - varanus - INFO - In state 17976143188387390655 saw radiation_level.Green
2026-01-27 16:51:57,130 - varanus - INFO - In state 17976143188387390655 saw radiation_level.Green
2026-01-27 16:51:57,131 - varanus - INFO - In state 17976143188387390655 saw radiation_level.Green
2026-01-27 16:51:57,131 - varanus - INFO - In state 17976143188387390655 saw radiation_level.Green
2026-01-27 16:51:57,131 - varanus - INFO - In state 17976143188387390655 saw radiation_level.Green
2026-01-27 16:51:57,131 - varanus - INFO - In state 17976143188387390655 saw radiation_level.Green
2026-01-27 16:51:57,132 - varanus - INFO - In state 17976143188387390655 saw radiation_level.Green
2026-01-27 16:51:57,132 - varanus - INFO - In state 17976143188387390655 saw radiation_level.Green
2026-01-27 16:51:57,132 - varanus - INFO - In state 17976143188387390655 saw radiation_level.Green
2026-01-27 16:51:57,132 - varanus - INFO - In state 17976143188387390655 saw radiation_level.Green
2026-01-27 16:51:57,133 - varanus - INFO - In state 17976143188387390655 saw radiation_level.Green
2026-01-27 16:51:57,133 - varanus - INFO - In state 17976143188387390655 saw radiation_level.Green
2026-01-27 16:51:57,133 - varanus - INFO - In state 17976143188387390655 saw radiation_level.Green
2026-01-27 16:51:57,134 - varanus - INFO - In state 17976143188387390655 saw radiation_level.Green
2026-01-27 16:51:57,134 - varanus - INFO - In state 17976143188387390655 saw radiation_level.Green
2026-01-27 16:51:57,134 - varanus - INFO - In state 17976143188387390655 saw radiation_level.Green
2026-01-27 16:51:57,134 - varanus - INFO - In state 17976143188387390655 saw radiation_level.Green
2026-01-27 16:51:57,135 - varanus - INFO - In state 17976143188387390655 saw radiation_level.Green
2026-01-27 16:51:57,135 - varanus - INFO - In state 17976143188387390655 saw radiation_level.Green
2026-01-27 16:51:57,135 - varanus - INFO - In state 17976143188387390655 saw radiation_level.Green
2026-01-27 16:51:57,135 - varanus - INFO - In state 17976143188387390655 saw radiation_level.Green
2026-01-27 16:51:57,136 - varanus - INFO - In state 17976143188387390655 saw radiation_level.Green
2026-01-27 16:51:57,136 - varanus - INFO - In state 17976143188387390655 saw radiation_level.Green
2026-01-27 16:51:57,136 - varanus - INFO - In state 17976143188387390655 saw radiation_level.Green
2026-01-27 16:51:57,136 - varanus - INFO - In state 17976143188387390655 saw radiation_level.Green
2026-01-27 16:51:57,137 - varanus - INFO - In state 17976143188387390655 saw move.1
2026-01-27 16:51:57,137 - varanus - INFO - In state 2681491882390849628 saw radiation_level.Green
2026-01-27 16:51:57,137 - varanus - INFO - In state 2681491882390849628 saw radiation_level.Green
2026-01-27 16:51:57,137 - varanus - INFO - In state 2681491882390849628 saw radiation_level.Green
2026-01-27 16:51:57,138 - varanus - INFO - In state 2681491882390849628 saw radiation_level.Green
2026-01-27 16:51:57,138 - varanus - INFO - In state 2681491882390849628 saw radiation_level.Green
2026-01-27 16:51:57,138 - varanus - INFO - In state 2681491882390849628 saw radiation_level.Green
2026-01-27 16:51:57,138 - varanus - INFO - In state 2681491882390849628 saw radiation_level.Green
2026-01-27 16:51:57,139 - varanus - INFO - In state 2681491882390849628 saw radiation_level.Green
2026-01-27 16:51:57,139 - varanus - INFO - In state 2681491882390849628 saw radiation_level.Green
2026-01-27 16:51:57,139 - varanus - INFO - In state 2681491882390849628 saw radiation_level.Green
2026-01-27 16:51:57,139 - varanus - INFO - In state 2681491882390849628 saw radiation_level.Green
2026-01-27 16:51:57,140 - varanus - INFO - In state 2681491882390849628 saw radiation_level.Green
2026-01-27 16:51:57,140 - varanus - INFO - In state 2681491882390849628 saw radiation_level.Green
2026-01-27 16:51:57,141 - varanus - INFO - In state 2681491882390849628 saw radiation_level.Green
2026-01-27 16:51:57,141 - varanus - INFO - In state 2681491882390849628 saw radiation_level.Green
2026-01-27 16:51:57,141 - varanus - INFO - In state 2681491882390849628 saw radiation_level.Green
2026-01-27 16:51:57,142 - varanus - INFO - In state 2681491882390849628 saw radiation_level.Green
2026-01-27 16:51:57,142 - varanus - INFO - In state 2681491882390849628 saw arrived_at.1
2026-01-27 16:51:57,142 - varanus - INFO - In state 4838965131539084411 saw radiation_level.Green
2026-01-27 16:51:57,143 - varanus - INFO - In state 4838965131539084411 saw inspect.1
2026-01-27 16:51:57,143 - varanus - INFO - In state 15366558349166237975 saw radiation_level.Green
2026-01-27 16:51:57,145 - varanus - INFO - In state 15366558349166237975 saw radiation_level.Green
2026-01-27 16:51:57,146 - varanus - INFO - In state 15366558349166237975 saw radiation_level.Green
2026-01-27 16:51:57,146 - varanus - INFO - In state 15366558349166237975 saw inspected.1
2026-01-27 16:51:57,146 - varanus - INFO - In state 4934536404935645896 saw radiation_level.Green
2026-01-27 16:51:57,146 - varanus - INFO - In state 4934536404935645896 saw move.2
2026-01-27 16:51:57,147 - varanus - INFO - In state 10299127975201442196 saw radiation_level.Green
2026-01-27 16:51:57,147 - varanus - INFO - In state 10299127975201442196 saw radiation_level.Green
2026-01-27 16:51:57,147 - varanus - INFO - In state 10299127975201442196 saw radiation_level.Green
2026-01-27 16:51:57,147 - varanus - INFO - In state 10299127975201442196 saw radiation_level.Green
2026-01-27 16:51:57,148 - varanus - INFO - In state 10299127975201442196 saw radiation_level.Green
2026-01-27 16:51:57,148 - varanus - INFO - In state 10299127975201442196 saw radiation_level.Green
2026-01-27 16:51:57,148 - varanus - INFO - In state 10299127975201442196 saw radiation_level.Green
2026-01-27 16:51:57,148 - varanus - INFO - In state 10299127975201442196 saw radiation_level.Green
2026-01-27 16:51:57,149 - varanus - INFO - In state 10299127975201442196 saw radiation_level.Green
2026-01-27 16:51:57,149 - varanus - INFO - In state 10299127975201442196 saw radiation_level.Green
2026-01-27 16:51:57,149 - varanus - INFO - In state 10299127975201442196 saw radiation_level.Green
2026-01-27 16:51:57,149 - varanus - INFO - In state 10299127975201442196 saw radiation_level.Green
2026-01-27 16:51:57,150 - varanus - INFO - In state 10299127975201442196 saw radiation_level.Green
2026-01-27 16:51:57,150 - varanus - INFO - In state 10299127975201442196 saw radiation_level.Green
2026-01-27 16:51:57,150 - varanus - INFO - In state 10299127975201442196 saw radiation_level.Green
2026-01-27 16:51:57,150 - varanus - INFO - In state 10299127975201442196 saw radiation_level.Green
2026-01-27 16:51:57,151 - varanus - INFO - In state 10299127975201442196 saw radiation_level.Green
2026-01-27 16:51:57,151 - varanus - INFO - In state 10299127975201442196 saw radiation_level.Green
2026-01-27 16:51:57,151 - varanus - INFO - In state 10299127975201442196 saw radiation_level.Green
2026-01-27 16:51:57,151 - varanus - INFO - In state 10299127975201442196 saw radiation_level.Green
2026-01-27 16:51:57,152 - varanus - INFO - In state 10299127975201442196 saw radiation_level.Green
2026-01-27 16:51:57,152 - varanus - INFO - In state 10299127975201442196 saw radiation_level.Green
2026-01-27 16:51:57,152 - varanus - INFO - In state 10299127975201442196 saw radiation_level.Green
2026-01-27 16:51:57,153 - varanus - INFO - In state 10299127975201442196 saw radiation_level.Green
2026-01-27 16:51:57,153 - varanus - INFO - In state 10299127975201442196 saw radiation_level.Green
2026-01-27 16:51:57,153 - varanus - INFO - In state 10299127975201442196 saw radiation_level.Green
2026-01-27 16:51:57,153 - varanus - INFO - In state 10299127975201442196 saw arrived_at.2
2026-01-27 16:51:57,153 - varanus - INFO - In state 8606736006536026831 saw radiation_level.Green
2026-01-27 16:51:57,154 - varanus - INFO - In state 8606736006536026831 saw inspect.2
2026-01-27 16:51:57,154 - varanus - INFO - In state 9874926409750488651 saw radiation_level.Green
2026-01-27 16:51:57,154 - varanus - INFO - In state 9874926409750488651 saw radiation_level.Green
2026-01-27 16:51:57,155 - varanus - INFO - In state 9874926409750488651 saw radiation_level.Green
2026-01-27 16:51:57,155 - varanus - INFO - In state 9874926409750488651 saw inspected.2
2026-01-27 16:51:57,155 - varanus - INFO - In state 1002990068859250494 saw move.3
2026-01-27 16:51:57,155 - varanus - INFO - In state 848502878028662445 saw radiation_level.Green
2026-01-27 16:51:57,156 - varanus - INFO - In state 848502878028662445 saw radiation_level.Green
2026-01-27 16:51:57,156 - varanus - INFO - In state 848502878028662445 saw radiation_level.Green
2026-01-27 16:51:57,156 - varanus - INFO - In state 848502878028662445 saw radiation_level.Green
2026-01-27 16:51:57,156 - varanus - INFO - In state 848502878028662445 saw radiation_level.Green
2026-01-27 16:51:57,157 - varanus - INFO - In state 848502878028662445 saw radiation_level.Green
2026-01-27 16:51:57,157 - varanus - INFO - In state 848502878028662445 saw radiation_level.Green
2026-01-27 16:51:57,157 - varanus - INFO - In state 848502878028662445 saw radiation_level.Green
2026-01-27 16:51:57,157 - varanus - INFO - In state 848502878028662445 saw radiation_level.Green
2026-01-27 16:51:57,158 - varanus - INFO - In state 848502878028662445 saw radiation_level.Green
2026-01-27 16:51:57,158 - varanus - INFO - In state 848502878028662445 saw radiation_level.Green
2026-01-27 16:51:57,158 - varanus - INFO - In state 848502878028662445 saw radiation_level.Green
2026-01-27 16:51:57,158 - varanus - INFO - In state 848502878028662445 saw radiation_level.Green
2026-01-27 16:51:57,159 - varanus - INFO - In state 848502878028662445 saw radiation_level.Green
2026-01-27 16:51:57,159 - varanus - INFO - In state 848502878028662445 saw radiation_level.Green
2026-01-27 16:51:57,159 - varanus - INFO - In state 848502878028662445 saw radiation_level.Green
2026-01-27 16:51:57,161 - varanus - INFO - In state 848502878028662445 saw radiation_level.Green
2026-01-27 16:51:57,161 - varanus - INFO - In state 848502878028662445 saw radiation_level.Green
2026-01-27 16:51:57,162 - varanus - INFO - In state 848502878028662445 saw radiation_level.Green
2026-01-27 16:51:57,162 - varanus - INFO - In state 848502878028662445 saw arrived_at.3
2026-01-27 16:51:57,162 - varanus - INFO - In state 18358507212355868629 saw inspect.3
2026-01-27 16:51:57,162 - varanus - INFO - In state 8937319153557804027 saw radiation_level.Green
2026-01-27 16:51:57,163 - varanus - INFO - In state 8937319153557804027 saw radiation_level.Green
2026-01-27 16:51:57,163 - varanus - INFO - In state 8937319153557804027 saw radiation_level.Green
2026-01-27 16:51:57,163 - varanus - INFO - In state 8937319153557804027 saw inspected.3
2026-01-27 16:51:57,164 - varanus - INFO - In state 6125819018793330642 saw radiation_level.Green
2026-01-27 16:51:57,164 - varanus - INFO - In state 6125819018793330642 saw inspect.4
2026-01-27 16:51:57,164 - varanus - INFO - UNEXPECTED TRANSITION
2026-01-27 16:51:57,164 - varanus - INFO - Stated alphabet returning bad state i.e. None - saw bad event
2026-01-27 16:51:57,164 - varanus - ERROR - System Violated the Specification with Trace: ['radiation_level.Green', 'radiation_level.Green', 'radiation_level.Green', 'radiation_level.Green', 'radiation_level.Green', 'radiation_level.Green', 'radiation_level.Green', 'radiation_level.Green', 'radiation_level.Green', 'radiation_level.Green', 'radiation_level.Green', 'radiation_level.Green', 'radiation_level.Green', 'radiation_level.Green', 'radiation_level.Green', 'radiation_level.Green', 'radiation_level.Green', 'radiation_level.Green', 'radiation_level.Green', 'radiation_level.Green', 'radiation_level.Green', 'radiation_level.Green', 'radiation_level.Green', 'radiation_level.Green', 'radiation_level.Green', 'radiation_level.Green', 'radiation_level.Green', 'radiation_level.Green', 'radiation_level.Green', 'radiation_level.Green', 'radiation_level.Green', 'radiation_level.Green', 'radiation_level.Green', 'radiation_level.Green', 'radiation_level.Green', 'radiation_level.Green', 'radiation_level.Green', 'radiation_level.Green', 'radiation_level.Green', 'radiation_level.Green', 'radiation_level.Green', 'radiation_level.Green', 'radiation_level.Green', 'radiation_level.Green', 'radiation_level.Green', 'radiation_level.Green', 'radiation_level.Green', 'radiation_level.Green', 'radiation_level.Green', 'radiation_level.Green', 'radiation_level.Green', 'radiation_level.Green', 'radiation_level.Green', 'radiation_level.Green', 'radiation_level.Green', 'radiation_level.Green', 'radiation_level.Green', 'radiation_level.Green', 'radiation_level.Green', 'radiation_level.Green', 'radiation_level.Green', 'radiation_level.Green', 'radiation_level.Green', 'radiation_level.Green', 'radiation_level.Green', 'radiation_level.Green', 'radiation_level.Green', 'radiation_level.Green', 'radiation_level.Green', 'radiation_level.Green', 'radiation_level.Green', 'radiation_level.Green', 'radiation_level.Green', 'move.1', 'radiation_level.Green', 'radiation_level.Green', 'radiation_level.Green', 'radiation_level.Green', 'radiation_level.Green', 'radiation_level.Green', 'radiation_level.Green', 'radiation_level.Green', 'radiation_level.Green', 'radiation_level.Green', 'radiation_level.Green', 'radiation_level.Green', 'radiation_level.Green', 'radiation_level.Green', 'radiation_level.Green', 'radiation_level.Green', 'radiation_level.Green', 'arrived_at.1', 'radiation_level.Green', 'inspect.1', 'radiation_level.Green', 'radiation_level.Green', 'radiation_level.Green', 'inspected.1', 'radiation_level.Green', 'move.2', 'radiation_level.Green', 'radiation_level.Green', 'radiation_level.Green', 'radiation_level.Green', 'radiation_level.Green', 'radiation_level.Green', 'radiation_level.Green', 'radiation_level.Green', 'radiation_level.Green', 'radiation_level.Green', 'radiation_level.Green', 'radiation_level.Green', 'radiation_level.Green', 'radiation_level.Green', 'radiation_level.Green', 'radiation_level.Green', 'radiation_level.Green', 'radiation_level.Green', 'radiation_level.Green', 'radiation_level.Green', 'radiation_level.Green', 'radiation_level.Green', 'radiation_level.Green', 'radiation_level.Green', 'radiation_level.Green', 'radiation_level.Green', 'arrived_at.2', 'radiation_level.Green', 'inspect.2', 'radiation_level.Green', 'radiation_level.Green', 'radiation_level.Green', 'inspected.2', 'move.3', 'radiation_level.Green', 'radiation_level.Green', 'radiation_level.Green', 'radiation_level.Green', 'radiation_level.Green', 'radiation_level.Green', 'radiation_level.Green', 'radiation_level.Green', 'radiation_level.Green', 'radiation_level.Green', 'radiation_level.Green', 'radiation_level.Green', 'radiation_level.Green', 'radiation_level.Green', 'radiation_level.Green', 'radiation_level.Green', 'radiation_level.Green', 'radiation_level.Green', 'radiation_level.Green', 'arrived_at.3', 'inspect.3', 'radiation_level.Green', 'radiation_level.Green', 'radiation_level.Green', 'inspected.3', 'radiation_level.Green', 'inspect.4']
2026-01-27 16:51:57,164 - varanus - ERROR - The permissible events were: ['radiation_level.Orange', 'radiation_level.Green', 'radiation_level.Red', 'move.5', 'move.4', 'move.3', 'move.2', 'move.1', 'move.0']
2026-01-27 16:51:57,164 - varanus - INFO - Trace file finished with violations
2026-01-27 16:51:57,166 - varanus - INFO - +++ Build Time: 			0.379732131958s +++
2026-01-27 16:51:57,166 - varanus - INFO - +++ Check Time: 			0.0619239807129s +++
2026-01-27 16:51:57,166 - varanus - INFO - +++ Average Transition Time: 	0.000284779886281s (161 events) +++
2026-01-27 16:51:57,166 - varanus - INFO - +++ Total Time: 			0.464945077896s +++
