2026-01-27 16:51:48,631 - varanus - INFO - +++ Testing rover_model_ras_fail_ordering +++
2026-01-27 16:51:48,632 - varanus - INFO - Preprocessing...
2026-01-27 16:51:48,632 - varanus - INFO - Preprocessing: pass
2026-01-27 16:51:48,632 - varanus - INFO - +++ Running Offline +++
2026-01-27 16:51:48,653 - varanus - INFO - Building CSP State Machine. Please Wait
2026-01-27 16:51:48,899 - varanus - INFO - Building CSP State Machine
2026-01-27 16:51:49,074 - varanus - INFO - +++ checking that ROVER_SYSTEM is deterministic with given alphabets +++
2026-01-27 16:51:49,074 - varanus - INFO - +++ starting monitoring against ROVER_SYSTEM +++
2026-01-27 16:51:49,074 - varanus - INFO - +++ Running Offline -- Using State Machine +++
2026-01-27 16:51:49,074 - varanus - INFO - Parsing trace file at: oracles/inspection-rover-ras/trace-json-fail-message-order.txt
2026-01-27 16:51:49,096 - varanus - INFO - Parsed trace file OK
2026-01-27 16:51:49,096 - varanus - INFO - Checking trace file: oracles/inspection-rover-ras/trace-json-fail-message-order.txt
2026-01-27 16:51:49,096 - varanus - INFO - In state 17976143188387390655 saw radiation_level.Green
2026-01-27 16:51:49,097 - varanus - INFO - In state 17976143188387390655 saw radiation_level.Green
2026-01-27 16:51:49,097 - varanus - INFO - In state 17976143188387390655 saw radiation_level.Green
2026-01-27 16:51:49,097 - varanus - INFO - In state 17976143188387390655 saw radiation_level.Green
2026-01-27 16:51:49,098 - varanus - INFO - In state 17976143188387390655 saw radiation_level.Green
2026-01-27 16:51:49,098 - varanus - INFO - In state 17976143188387390655 saw radiation_level.Green
2026-01-27 16:51:49,099 - varanus - INFO - In state 17976143188387390655 saw radiation_level.Green
2026-01-27 16:51:49,099 - varanus - INFO - In state 17976143188387390655 saw radiation_level.Green
2026-01-27 16:51:49,099 - varanus - INFO - In state 17976143188387390655 saw radiation_level.Green
2026-01-27 16:51:49,100 - varanus - INFO - In state 17976143188387390655 saw radiation_level.Green
2026-01-27 16:51:49,100 - varanus - INFO - In state 17976143188387390655 saw radiation_level.Green
2026-01-27 16:51:49,101 - varanus - INFO - In state 17976143188387390655 saw radiation_level.Green
2026-01-27 16:51:49,101 - varanus - INFO - In state 17976143188387390655 saw radiation_level.Green
2026-01-27 16:51:49,101 - varanus - INFO - In state 17976143188387390655 saw radiation_level.Green
2026-01-27 16:51:49,102 - varanus - INFO - In state 17976143188387390655 saw radiation_level.Green
2026-01-27 16:51:49,102 - varanus - INFO - In state 17976143188387390655 saw radiation_level.Green
2026-01-27 16:51:49,103 - varanus - INFO - In state 17976143188387390655 saw radiation_level.Green
2026-01-27 16:51:49,103 - varanus - INFO - In state 17976143188387390655 saw radiation_level.Green
2026-01-27 16:51:49,103 - varanus - INFO - In state 17976143188387390655 saw radiation_level.Green
2026-01-27 16:51:49,104 - varanus - INFO - In state 17976143188387390655 saw radiation_level.Green
2026-01-27 16:51:49,104 - varanus - INFO - In state 17976143188387390655 saw radiation_level.Green
2026-01-27 16:51:49,105 - varanus - INFO - In state 17976143188387390655 saw radiation_level.Green
2026-01-27 16:51:49,105 - varanus - INFO - In state 17976143188387390655 saw radiation_level.Green
2026-01-27 16:51:49,105 - varanus - INFO - In state 17976143188387390655 saw radiation_level.Green
2026-01-27 16:51:49,106 - varanus - INFO - In state 17976143188387390655 saw radiation_level.Green
2026-01-27 16:51:49,106 - varanus - INFO - In state 17976143188387390655 saw radiation_level.Green
2026-01-27 16:51:49,107 - varanus - INFO - In state 17976143188387390655 saw radiation_level.Green
2026-01-27 16:51:49,107 - varanus - INFO - In state 17976143188387390655 saw radiation_level.Green
2026-01-27 16:51:49,107 - varanus - INFO - In state 17976143188387390655 saw radiation_level.Green
2026-01-27 16:51:49,108 - varanus - INFO - In state 17976143188387390655 saw radiation_level.Green
2026-01-27 16:51:49,108 - varanus - INFO - In state 17976143188387390655 saw radiation_level.Green
2026-01-27 16:51:49,109 - varanus - INFO - In state 17976143188387390655 saw radiation_level.Green
2026-01-27 16:51:49,109 - varanus - INFO - In state 17976143188387390655 saw radiation_level.Green
2026-01-27 16:51:49,109 - varanus - INFO - In state 17976143188387390655 saw radiation_level.Green
2026-01-27 16:51:49,110 - varanus - INFO - In state 17976143188387390655 saw radiation_level.Green
2026-01-27 16:51:49,110 - varanus - INFO - In state 17976143188387390655 saw radiation_level.Green
2026-01-27 16:51:49,111 - varanus - INFO - In state 17976143188387390655 saw radiation_level.Green
2026-01-27 16:51:49,111 - varanus - INFO - In state 17976143188387390655 saw radiation_level.Green
2026-01-27 16:51:49,111 - varanus - INFO - In state 17976143188387390655 saw radiation_level.Green
2026-01-27 16:51:49,112 - varanus - INFO - In state 17976143188387390655 saw radiation_level.Green
2026-01-27 16:51:49,112 - varanus - INFO - In state 17976143188387390655 saw radiation_level.Green
2026-01-27 16:51:49,113 - varanus - INFO - In state 17976143188387390655 saw radiation_level.Green
2026-01-27 16:51:49,113 - varanus - INFO - In state 17976143188387390655 saw radiation_level.Green
2026-01-27 16:51:49,113 - varanus - INFO - In state 17976143188387390655 saw radiation_level.Green
2026-01-27 16:51:49,114 - varanus - INFO - In state 17976143188387390655 saw radiation_level.Green
2026-01-27 16:51:49,114 - varanus - INFO - In state 17976143188387390655 saw radiation_level.Green
2026-01-27 16:51:49,115 - varanus - INFO - In state 17976143188387390655 saw radiation_level.Green
2026-01-27 16:51:49,115 - varanus - INFO - In state 17976143188387390655 saw radiation_level.Green
2026-01-27 16:51:49,115 - varanus - INFO - In state 17976143188387390655 saw radiation_level.Green
2026-01-27 16:51:49,116 - varanus - INFO - In state 17976143188387390655 saw radiation_level.Green
2026-01-27 16:51:49,116 - varanus - INFO - In state 17976143188387390655 saw radiation_level.Green
2026-01-27 16:51:49,117 - varanus - INFO - In state 17976143188387390655 saw radiation_level.Green
2026-01-27 16:51:49,117 - varanus - INFO - In state 17976143188387390655 saw radiation_level.Green
2026-01-27 16:51:49,117 - varanus - INFO - In state 17976143188387390655 saw radiation_level.Green
2026-01-27 16:51:49,118 - varanus - INFO - In state 17976143188387390655 saw radiation_level.Green
2026-01-27 16:51:49,118 - varanus - INFO - In state 17976143188387390655 saw radiation_level.Green
2026-01-27 16:51:49,119 - varanus - INFO - In state 17976143188387390655 saw radiation_level.Green
2026-01-27 16:51:49,119 - varanus - INFO - In state 17976143188387390655 saw radiation_level.Green
2026-01-27 16:51:49,119 - varanus - INFO - In state 17976143188387390655 saw radiation_level.Green
2026-01-27 16:51:49,120 - varanus - INFO - In state 17976143188387390655 saw radiation_level.Green
2026-01-27 16:51:49,120 - varanus - INFO - In state 17976143188387390655 saw radiation_level.Green
2026-01-27 16:51:49,121 - varanus - INFO - In state 17976143188387390655 saw radiation_level.Green
2026-01-27 16:51:49,121 - varanus - INFO - In state 17976143188387390655 saw radiation_level.Green
2026-01-27 16:51:49,121 - varanus - INFO - In state 17976143188387390655 saw radiation_level.Green
2026-01-27 16:51:49,122 - varanus - INFO - In state 17976143188387390655 saw radiation_level.Green
2026-01-27 16:51:49,122 - varanus - INFO - In state 17976143188387390655 saw radiation_level.Green
2026-01-27 16:51:49,122 - varanus - INFO - In state 17976143188387390655 saw radiation_level.Green
2026-01-27 16:51:49,123 - varanus - INFO - In state 17976143188387390655 saw radiation_level.Green
2026-01-27 16:51:49,123 - varanus - INFO - In state 17976143188387390655 saw radiation_level.Green
2026-01-27 16:51:49,123 - varanus - INFO - In state 17976143188387390655 saw radiation_level.Green
2026-01-27 16:51:49,124 - varanus - INFO - In state 17976143188387390655 saw radiation_level.Green
2026-01-27 16:51:49,124 - varanus - INFO - In state 17976143188387390655 saw radiation_level.Green
2026-01-27 16:51:49,127 - varanus - INFO - In state 17976143188387390655 saw radiation_level.Green
2026-01-27 16:51:49,127 - varanus - INFO - In state 17976143188387390655 saw move.1
2026-01-27 16:51:49,127 - varanus - INFO - In state 2681491882390849628 saw radiation_level.Green
2026-01-27 16:51:49,128 - varanus - INFO - In state 2681491882390849628 saw radiation_level.Green
2026-01-27 16:51:49,128 - varanus - INFO - In state 2681491882390849628 saw radiation_level.Green
2026-01-27 16:51:49,128 - varanus - INFO - In state 2681491882390849628 saw radiation_level.Green
2026-01-27 16:51:49,128 - varanus - INFO - In state 2681491882390849628 saw radiation_level.Green
2026-01-27 16:51:49,128 - varanus - INFO - In state 2681491882390849628 saw radiation_level.Green
2026-01-27 16:51:49,129 - varanus - INFO - In state 2681491882390849628 saw radiation_level.Green
2026-01-27 16:51:49,129 - varanus - INFO - In state 2681491882390849628 saw radiation_level.Green
2026-01-27 16:51:49,129 - varanus - INFO - In state 2681491882390849628 saw radiation_level.Green
2026-01-27 16:51:49,129 - varanus - INFO - In state 2681491882390849628 saw radiation_level.Green
2026-01-27 16:51:49,130 - varanus - INFO - In state 2681491882390849628 saw radiation_level.Green
2026-01-27 16:51:49,130 - varanus - INFO - In state 2681491882390849628 saw radiation_level.Green
2026-01-27 16:51:49,130 - varanus - INFO - In state 2681491882390849628 saw radiation_level.Green
2026-01-27 16:51:49,130 - varanus - INFO - In state 2681491882390849628 saw radiation_level.Green
2026-01-27 16:51:49,131 - varanus - INFO - In state 2681491882390849628 saw radiation_level.Green
2026-01-27 16:51:49,131 - varanus - INFO - In state 2681491882390849628 saw radiation_level.Green
2026-01-27 16:51:49,131 - varanus - INFO - In state 2681491882390849628 saw radiation_level.Green
2026-01-27 16:51:49,131 - varanus - INFO - In state 2681491882390849628 saw arrived_at.1
2026-01-27 16:51:49,132 - varanus - INFO - In state 4838965131539084411 saw radiation_level.Green
2026-01-27 16:51:49,132 - varanus - INFO - In state 4838965131539084411 saw inspect.1
2026-01-27 16:51:49,132 - varanus - INFO - In state 15366558349166237975 saw radiation_level.Green
2026-01-27 16:51:49,132 - varanus - INFO - In state 15366558349166237975 saw radiation_level.Green
2026-01-27 16:51:49,133 - varanus - INFO - In state 15366558349166237975 saw radiation_level.Green
2026-01-27 16:51:49,133 - varanus - INFO - In state 15366558349166237975 saw inspected.1
2026-01-27 16:51:49,133 - varanus - INFO - In state 4934536404935645896 saw radiation_level.Green
2026-01-27 16:51:49,133 - varanus - INFO - In state 4934536404935645896 saw move.2
2026-01-27 16:51:49,133 - varanus - INFO - In state 10299127975201442196 saw radiation_level.Green
2026-01-27 16:51:49,134 - varanus - INFO - In state 10299127975201442196 saw radiation_level.Green
2026-01-27 16:51:49,134 - varanus - INFO - In state 10299127975201442196 saw radiation_level.Green
2026-01-27 16:51:49,134 - varanus - INFO - In state 10299127975201442196 saw radiation_level.Green
2026-01-27 16:51:49,134 - varanus - INFO - In state 10299127975201442196 saw radiation_level.Green
2026-01-27 16:51:49,135 - varanus - INFO - In state 10299127975201442196 saw radiation_level.Green
2026-01-27 16:51:49,135 - varanus - INFO - In state 10299127975201442196 saw radiation_level.Green
2026-01-27 16:51:49,135 - varanus - INFO - In state 10299127975201442196 saw radiation_level.Green
2026-01-27 16:51:49,135 - varanus - INFO - In state 10299127975201442196 saw radiation_level.Green
2026-01-27 16:51:49,136 - varanus - INFO - In state 10299127975201442196 saw radiation_level.Green
2026-01-27 16:51:49,136 - varanus - INFO - In state 10299127975201442196 saw radiation_level.Green
2026-01-27 16:51:49,136 - varanus - INFO - In state 10299127975201442196 saw radiation_level.Green
2026-01-27 16:51:49,136 - varanus - INFO - In state 10299127975201442196 saw radiation_level.Green
2026-01-27 16:51:49,137 - varanus - INFO - In state 10299127975201442196 saw radiation_level.Green
2026-01-27 16:51:49,137 - varanus - INFO - In state 10299127975201442196 saw radiation_level.Green
2026-01-27 16:51:49,137 - varanus - INFO - In state 10299127975201442196 saw radiation_level.Green
2026-01-27 16:51:49,137 - varanus - INFO - In state 10299127975201442196 saw radiation_level.Green
2026-01-27 16:51:49,137 - varanus - INFO - In state 10299127975201442196 saw radiation_level.Green
2026-01-27 16:51:49,138 - varanus - INFO - In state 10299127975201442196 saw radiation_level.Green
2026-01-27 16:51:49,138 - varanus - INFO - In state 10299127975201442196 saw radiation_level.Green
2026-01-27 16:51:49,138 - varanus - INFO - In state 10299127975201442196 saw radiation_level.Green
2026-01-27 16:51:49,139 - varanus - INFO - In state 10299127975201442196 saw radiation_level.Green
2026-01-27 16:51:49,139 - varanus - INFO - In state 10299127975201442196 saw radiation_level.Green
2026-01-27 16:51:49,139 - varanus - INFO - In state 10299127975201442196 saw radiation_level.Green
2026-01-27 16:51:49,139 - varanus - INFO - In state 10299127975201442196 saw radiation_level.Green
2026-01-27 16:51:49,140 - varanus - INFO - In state 10299127975201442196 saw radiation_level.Green
2026-01-27 16:51:49,140 - varanus - INFO - In state 10299127975201442196 saw arrived_at.2
2026-01-27 16:51:49,140 - varanus - INFO - In state 8606736006536026831 saw radiation_level.Green
2026-01-27 16:51:49,141 - varanus - INFO - In state 8606736006536026831 saw inspect.2
2026-01-27 16:51:49,141 - varanus - INFO - In state 9874926409750488651 saw radiation_level.Green
2026-01-27 16:51:49,143 - varanus - INFO - In state 9874926409750488651 saw radiation_level.Green
2026-01-27 16:51:49,143 - varanus - INFO - In state 9874926409750488651 saw radiation_level.Green
2026-01-27 16:51:49,143 - varanus - INFO - In state 9874926409750488651 saw inspected.2
2026-01-27 16:51:49,144 - varanus - INFO - In state 1002990068859250494 saw move.3
2026-01-27 16:51:49,144 - varanus - INFO - In state 848502878028662445 saw radiation_level.Green
2026-01-27 16:51:49,144 - varanus - INFO - In state 848502878028662445 saw radiation_level.Green
2026-01-27 16:51:49,144 - varanus - INFO - In state 848502878028662445 saw radiation_level.Green
2026-01-27 16:51:49,145 - varanus - INFO - In state 848502878028662445 saw radiation_level.Green
2026-01-27 16:51:49,145 - varanus - INFO - In state 848502878028662445 saw radiation_level.Green
2026-01-27 16:51:49,145 - varanus - INFO - In state 848502878028662445 saw radiation_level.Green
2026-01-27 16:51:49,145 - varanus - INFO - In state 848502878028662445 saw radiation_level.Green
2026-01-27 16:51:49,146 - varanus - INFO - In state 848502878028662445 saw radiation_level.Green
2026-01-27 16:51:49,146 - varanus - INFO - In state 848502878028662445 saw radiation_level.Green
2026-01-27 16:51:49,146 - varanus - INFO - In state 848502878028662445 saw radiation_level.Green
2026-01-27 16:51:49,146 - varanus - INFO - In state 848502878028662445 saw radiation_level.Green
2026-01-27 16:51:49,147 - varanus - INFO - In state 848502878028662445 saw radiation_level.Green
2026-01-27 16:51:49,147 - varanus - INFO - In state 848502878028662445 saw radiation_level.Green
2026-01-27 16:51:49,147 - varanus - INFO - In state 848502878028662445 saw radiation_level.Green
2026-01-27 16:51:49,147 - varanus - INFO - In state 848502878028662445 saw radiation_level.Green
2026-01-27 16:51:49,148 - varanus - INFO - In state 848502878028662445 saw radiation_level.Green
2026-01-27 16:51:49,148 - varanus - INFO - In state 848502878028662445 saw radiation_level.Green
2026-01-27 16:51:49,148 - varanus - INFO - In state 848502878028662445 saw radiation_level.Green
2026-01-27 16:51:49,148 - varanus - INFO - In state 848502878028662445 saw radiation_level.Green
2026-01-27 16:51:49,149 - varanus - INFO - In state 848502878028662445 saw arrived_at.3
2026-01-27 16:51:49,149 - varanus - INFO - In state 18358507212355868629 saw inspect.3
2026-01-27 16:51:49,149 - varanus - INFO - In state 8937319153557804027 saw radiation_level.Green
2026-01-27 16:51:49,149 - varanus - INFO - In state 8937319153557804027 saw radiation_level.Green
2026-01-27 16:51:49,150 - varanus - INFO - In state 8937319153557804027 saw radiation_level.Green
2026-01-27 16:51:49,150 - varanus - INFO - In state 8937319153557804027 saw inspected.3
2026-01-27 16:51:49,150 - varanus - INFO - In state 6125819018793330642 saw radiation_level.Green
2026-01-27 16:51:49,150 - varanus - INFO - In state 6125819018793330642 saw inspect.4
2026-01-27 16:51:49,151 - varanus - INFO - UNEXPECTED TRANSITION
2026-01-27 16:51:49,151 - varanus - INFO - Stated alphabet returning bad state i.e. None - saw bad event
2026-01-27 16:51:49,151 - varanus - ERROR - System Violated the Specification with Trace: ['radiation_level.Green', 'radiation_level.Green', 'radiation_level.Green', 'radiation_level.Green', 'radiation_level.Green', 'radiation_level.Green', 'radiation_level.Green', 'radiation_level.Green', 'radiation_level.Green', 'radiation_level.Green', 'radiation_level.Green', 'radiation_level.Green', 'radiation_level.Green', 'radiation_level.Green', 'radiation_level.Green', 'radiation_level.Green', 'radiation_level.Green', 'radiation_level.Green', 'radiation_level.Green', 'radiation_level.Green', 'radiation_level.Green', 'radiation_level.Green', 'radiation_level.Green', 'radiation_level.Green', 'radiation_level.Green', 'radiation_level.Green', 'radiation_level.Green', 'radiation_level.Green', 'radiation_level.Green', 'radiation_level.Green', 'radiation_level.Green', 'radiation_level.Green', 'radiation_level.Green', 'radiation_level.Green', 'radiation_level.Green', 'radiation_level.Green', 'radiation_level.Green', 'radiation_level.Green', 'radiation_level.Green', 'radiation_level.Green', 'radiation_level.Green', 'radiation_level.Green', 'radiation_level.Green', 'radiation_level.Green', 'radiation_level.Green', 'radiation_level.Green', 'radiation_level.Green', 'radiation_level.Green', 'radiation_level.Green', 'radiation_level.Green', 'radiation_level.Green', 'radiation_level.Green', 'radiation_level.Green', 'radiation_level.Green', 'radiation_level.Green', 'radiation_level.Green', 'radiation_level.Green', 'radiation_level.Green', 'radiation_level.Green', 'radiation_level.Green', 'radiation_level.Green', 'radiation_level.Green', 'radiation_level.Green', 'radiation_level.Green', 'radiation_level.Green', 'radiation_level.Green', 'radiation_level.Green', 'radiation_level.Green', 'radiation_level.Green', 'radiation_level.Green', 'radiation_level.Green', 'radiation_level.Green', 'radiation_level.Green', 'move.1', 'radiation_level.Green', 'radiation_level.Green', 'radiation_level.Green', 'radiation_level.Green', 'radiation_level.Green', 'radiation_level.Green', 'radiation_level.Green', 'radiation_level.Green', 'radiation_level.Green', 'radiation_level.Green', 'radiation_level.Green', 'radiation_level.Green', 'radiation_level.Green', 'radiation_level.Green', 'radiation_level.Green', 'radiation_level.Green', 'radiation_level.Green', 'arrived_at.1', 'radiation_level.Green', 'inspect.1', 'radiation_level.Green', 'radiation_level.Green', 'radiation_level.Green', 'inspected.1', 'radiation_level.Green', 'move.2', 'radiation_level.Green', 'radiation_level.Green', 'radiation_level.Green', 'radiation_level.Green', 'radiation_level.Green', 'radiation_level.Green', 'radiation_level.Green', 'radiation_level.Green', 'radiation_level.Green', 'radiation_level.Green', 'radiation_level.Green', 'radiation_level.Green', 'radiation_level.Green', 'radiation_level.Green', 'radiation_level.Green', 'radiation_level.Green', 'radiation_level.Green', 'radiation_level.Green', 'radiation_level.Green', 'radiation_level.Green', 'radiation_level.Green', 'radiation_level.Green', 'radiation_level.Green', 'radiation_level.Green', 'radiation_level.Green', 'radiation_level.Green', 'arrived_at.2', 'radiation_level.Green', 'inspect.2', 'radiation_level.Green', 'radiation_level.Green', 'radiation_level.Green', 'inspected.2', 'move.3', 'radiation_level.Green', 'radiation_level.Green', 'radiation_level.Green', 'radiation_level.Green', 'radiation_level.Green', 'radiation_level.Green', 'radiation_level.Green', 'radiation_level.Green', 'radiation_level.Green', 'radiation_level.Green', 'radiation_level.Green', 'radiation_level.Green', 'radiation_level.Green', 'radiation_level.Green', 'radiation_level.Green', 'radiation_level.Green', 'radiation_level.Green', 'radiation_level.Green', 'radiation_level.Green', 'arrived_at.3', 'inspect.3', 'radiation_level.Green', 'radiation_level.Green', 'radiation_level.Green', 'inspected.3', 'radiation_level.Green', 'inspect.4']
2026-01-27 16:51:49,151 - varanus - ERROR - The permissible events were: ['radiation_level.Orange', 'move.3', 'radiation_level.Red', 'move.5', 'move.4', 'radiation_level.Green', 'move.2', 'move.1', 'move.0']
2026-01-27 16:51:49,151 - varanus - INFO - Trace file finished with violations
2026-01-27 16:51:49,153 - varanus - INFO - +++ Build Time: 			0.420609951019s +++
2026-01-27 16:51:49,153 - varanus - INFO - +++ Check Time: 			0.0770890712738s +++
2026-01-27 16:51:49,153 - varanus - INFO - +++ Average Transition Time: 	0.000339192633303s (161 events) +++
2026-01-27 16:51:49,153 - varanus - INFO - +++ Total Time: 			0.519519090652s +++
