2026-01-29 19:06:02,043 - varanus - INFO - +++ Testing rover_model_ras_pass +++
2026-01-29 19:06:02,043 - varanus - INFO - Preprocessing...
2026-01-29 19:06:02,043 - varanus - INFO - Preprocessing: pass
2026-01-29 19:06:02,043 - varanus - INFO - +++ Running Offline +++
2026-01-29 19:06:02,064 - varanus - INFO - Building CSP State Machine. Please Wait
2026-01-29 19:06:02,284 - varanus - INFO - Building CSP State Machine
2026-01-29 19:06:02,367 - varanus - INFO - +++ checking that normal(ROVER_SYSTEM) is deterministic with given alphabets +++
2026-01-29 19:06:02,368 - varanus - INFO - +++ starting monitoring against normal(ROVER_SYSTEM) +++
2026-01-29 19:06:02,368 - varanus - INFO - +++ Running Offline -- Using State Machine +++
2026-01-29 19:06:02,368 - varanus - INFO - Parsing trace file at: oracles/inspection-rover-ras/trace-json-pass.txt
2026-01-29 19:06:02,381 - varanus - INFO - Parsed trace file OK
2026-01-29 19:06:02,382 - varanus - INFO - Checking trace file: oracles/inspection-rover-ras/trace-json-pass.txt
2026-01-29 19:06:02,382 - varanus - INFO - In state 6706320920252439311 saw radiation_level.Green
2026-01-29 19:06:02,382 - varanus - INFO - In state 6706320920252439311 saw radiation_level.Green
2026-01-29 19:06:02,383 - varanus - INFO - In state 6706320920252439311 saw radiation_level.Green
2026-01-29 19:06:02,383 - varanus - INFO - In state 6706320920252439311 saw radiation_level.Green
2026-01-29 19:06:02,384 - varanus - INFO - In state 6706320920252439311 saw radiation_level.Green
2026-01-29 19:06:02,384 - varanus - INFO - In state 6706320920252439311 saw radiation_level.Green
2026-01-29 19:06:02,384 - varanus - INFO - In state 6706320920252439311 saw radiation_level.Green
2026-01-29 19:06:02,385 - varanus - INFO - In state 6706320920252439311 saw radiation_level.Green
2026-01-29 19:06:02,385 - varanus - INFO - In state 6706320920252439311 saw radiation_level.Green
2026-01-29 19:06:02,386 - varanus - INFO - In state 6706320920252439311 saw radiation_level.Green
2026-01-29 19:06:02,386 - varanus - INFO - In state 6706320920252439311 saw radiation_level.Green
2026-01-29 19:06:02,386 - varanus - INFO - In state 6706320920252439311 saw radiation_level.Green
2026-01-29 19:06:02,387 - varanus - INFO - In state 6706320920252439311 saw radiation_level.Green
2026-01-29 19:06:02,387 - varanus - INFO - In state 6706320920252439311 saw radiation_level.Green
2026-01-29 19:06:02,387 - varanus - INFO - In state 6706320920252439311 saw radiation_level.Green
2026-01-29 19:06:02,388 - varanus - INFO - In state 6706320920252439311 saw radiation_level.Green
2026-01-29 19:06:02,388 - varanus - INFO - In state 6706320920252439311 saw radiation_level.Green
2026-01-29 19:06:02,389 - varanus - INFO - In state 6706320920252439311 saw radiation_level.Green
2026-01-29 19:06:02,389 - varanus - INFO - In state 6706320920252439311 saw radiation_level.Green
2026-01-29 19:06:02,389 - varanus - INFO - In state 6706320920252439311 saw radiation_level.Green
2026-01-29 19:06:02,390 - varanus - INFO - In state 6706320920252439311 saw radiation_level.Green
2026-01-29 19:06:02,390 - varanus - INFO - In state 6706320920252439311 saw radiation_level.Green
2026-01-29 19:06:02,391 - varanus - INFO - In state 6706320920252439311 saw radiation_level.Green
2026-01-29 19:06:02,391 - varanus - INFO - In state 6706320920252439311 saw radiation_level.Green
2026-01-29 19:06:02,391 - varanus - INFO - In state 6706320920252439311 saw radiation_level.Green
2026-01-29 19:06:02,392 - varanus - INFO - In state 6706320920252439311 saw radiation_level.Green
2026-01-29 19:06:02,392 - varanus - INFO - In state 6706320920252439311 saw radiation_level.Green
2026-01-29 19:06:02,393 - varanus - INFO - In state 6706320920252439311 saw radiation_level.Green
2026-01-29 19:06:02,393 - varanus - INFO - In state 6706320920252439311 saw radiation_level.Green
2026-01-29 19:06:02,393 - varanus - INFO - In state 6706320920252439311 saw radiation_level.Green
2026-01-29 19:06:02,394 - varanus - INFO - In state 6706320920252439311 saw radiation_level.Green
2026-01-29 19:06:02,394 - varanus - INFO - In state 6706320920252439311 saw radiation_level.Green
2026-01-29 19:06:02,394 - varanus - INFO - In state 6706320920252439311 saw radiation_level.Green
2026-01-29 19:06:02,395 - varanus - INFO - In state 6706320920252439311 saw radiation_level.Green
2026-01-29 19:06:02,395 - varanus - INFO - In state 6706320920252439311 saw radiation_level.Green
2026-01-29 19:06:02,396 - varanus - INFO - In state 6706320920252439311 saw radiation_level.Green
2026-01-29 19:06:02,396 - varanus - INFO - In state 6706320920252439311 saw radiation_level.Green
2026-01-29 19:06:02,396 - varanus - INFO - In state 6706320920252439311 saw radiation_level.Green
2026-01-29 19:06:02,397 - varanus - INFO - In state 6706320920252439311 saw radiation_level.Green
2026-01-29 19:06:02,397 - varanus - INFO - In state 6706320920252439311 saw radiation_level.Green
2026-01-29 19:06:02,397 - varanus - INFO - In state 6706320920252439311 saw radiation_level.Green
2026-01-29 19:06:02,398 - varanus - INFO - In state 6706320920252439311 saw radiation_level.Green
2026-01-29 19:06:02,398 - varanus - INFO - In state 6706320920252439311 saw radiation_level.Green
2026-01-29 19:06:02,398 - varanus - INFO - In state 6706320920252439311 saw radiation_level.Green
2026-01-29 19:06:02,399 - varanus - INFO - In state 6706320920252439311 saw radiation_level.Green
2026-01-29 19:06:02,399 - varanus - INFO - In state 6706320920252439311 saw radiation_level.Green
2026-01-29 19:06:02,399 - varanus - INFO - In state 6706320920252439311 saw radiation_level.Green
2026-01-29 19:06:02,400 - varanus - INFO - In state 6706320920252439311 saw radiation_level.Green
2026-01-29 19:06:02,400 - varanus - INFO - In state 6706320920252439311 saw radiation_level.Green
2026-01-29 19:06:02,400 - varanus - INFO - In state 6706320920252439311 saw radiation_level.Green
2026-01-29 19:06:02,401 - varanus - INFO - In state 6706320920252439311 saw radiation_level.Green
2026-01-29 19:06:02,401 - varanus - INFO - In state 6706320920252439311 saw radiation_level.Green
2026-01-29 19:06:02,401 - varanus - INFO - In state 6706320920252439311 saw radiation_level.Green
2026-01-29 19:06:02,402 - varanus - INFO - In state 6706320920252439311 saw radiation_level.Green
2026-01-29 19:06:02,402 - varanus - INFO - In state 6706320920252439311 saw radiation_level.Green
2026-01-29 19:06:02,402 - varanus - INFO - In state 6706320920252439311 saw radiation_level.Green
2026-01-29 19:06:02,402 - varanus - INFO - In state 6706320920252439311 saw radiation_level.Green
2026-01-29 19:06:02,403 - varanus - INFO - In state 6706320920252439311 saw radiation_level.Green
2026-01-29 19:06:02,403 - varanus - INFO - In state 6706320920252439311 saw radiation_level.Green
2026-01-29 19:06:02,403 - varanus - INFO - In state 6706320920252439311 saw radiation_level.Green
2026-01-29 19:06:02,403 - varanus - INFO - In state 6706320920252439311 saw radiation_level.Green
2026-01-29 19:06:02,404 - varanus - INFO - In state 6706320920252439311 saw radiation_level.Green
2026-01-29 19:06:02,404 - varanus - INFO - In state 6706320920252439311 saw radiation_level.Green
2026-01-29 19:06:02,404 - varanus - INFO - In state 6706320920252439311 saw radiation_level.Green
2026-01-29 19:06:02,405 - varanus - INFO - In state 6706320920252439311 saw radiation_level.Green
2026-01-29 19:06:02,405 - varanus - INFO - In state 6706320920252439311 saw radiation_level.Green
2026-01-29 19:06:02,405 - varanus - INFO - In state 6706320920252439311 saw radiation_level.Green
2026-01-29 19:06:02,405 - varanus - INFO - In state 6706320920252439311 saw radiation_level.Green
2026-01-29 19:06:02,406 - varanus - INFO - In state 6706320920252439311 saw radiation_level.Green
2026-01-29 19:06:02,406 - varanus - INFO - In state 6706320920252439311 saw radiation_level.Green
2026-01-29 19:06:02,408 - varanus - INFO - In state 6706320920252439311 saw radiation_level.Green
2026-01-29 19:06:02,408 - varanus - INFO - In state 6706320920252439311 saw radiation_level.Green
2026-01-29 19:06:02,409 - varanus - INFO - In state 6706320920252439311 saw radiation_level.Green
2026-01-29 19:06:02,409 - varanus - INFO - In state 6706320920252439311 saw move.1
2026-01-29 19:06:02,410 - varanus - INFO - In state 824750381067182135 saw radiation_level.Green
2026-01-29 19:06:02,410 - varanus - INFO - In state 824750381067182135 saw radiation_level.Green
2026-01-29 19:06:02,410 - varanus - INFO - In state 824750381067182135 saw radiation_level.Green
2026-01-29 19:06:02,411 - varanus - INFO - In state 824750381067182135 saw radiation_level.Green
2026-01-29 19:06:02,411 - varanus - INFO - In state 824750381067182135 saw radiation_level.Green
2026-01-29 19:06:02,411 - varanus - INFO - In state 824750381067182135 saw radiation_level.Green
2026-01-29 19:06:02,412 - varanus - INFO - In state 824750381067182135 saw radiation_level.Green
2026-01-29 19:06:02,412 - varanus - INFO - In state 824750381067182135 saw radiation_level.Green
2026-01-29 19:06:02,413 - varanus - INFO - In state 824750381067182135 saw radiation_level.Green
2026-01-29 19:06:02,413 - varanus - INFO - In state 824750381067182135 saw radiation_level.Green
2026-01-29 19:06:02,413 - varanus - INFO - In state 824750381067182135 saw radiation_level.Green
2026-01-29 19:06:02,414 - varanus - INFO - In state 824750381067182135 saw radiation_level.Green
2026-01-29 19:06:02,414 - varanus - INFO - In state 824750381067182135 saw radiation_level.Green
2026-01-29 19:06:02,414 - varanus - INFO - In state 824750381067182135 saw radiation_level.Green
2026-01-29 19:06:02,415 - varanus - INFO - In state 824750381067182135 saw radiation_level.Green
2026-01-29 19:06:02,415 - varanus - INFO - In state 824750381067182135 saw radiation_level.Green
2026-01-29 19:06:02,416 - varanus - INFO - In state 824750381067182135 saw radiation_level.Green
2026-01-29 19:06:02,416 - varanus - INFO - In state 824750381067182135 saw arrived_at.1
2026-01-29 19:06:02,416 - varanus - INFO - In state 2143010516886977913 saw radiation_level.Green
2026-01-29 19:06:02,417 - varanus - INFO - In state 2143010516886977913 saw inspect.1
2026-01-29 19:06:02,417 - varanus - INFO - In state 17966327563922277726 saw radiation_level.Green
2026-01-29 19:06:02,417 - varanus - INFO - In state 17966327563922277726 saw radiation_level.Green
2026-01-29 19:06:02,418 - varanus - INFO - In state 17966327563922277726 saw radiation_level.Green
2026-01-29 19:06:02,418 - varanus - INFO - In state 17966327563922277726 saw inspected.1
2026-01-29 19:06:02,419 - varanus - INFO - In state 4556553826494422719 saw radiation_level.Green
2026-01-29 19:06:02,419 - varanus - INFO - In state 4556553826494422719 saw move.2
2026-01-29 19:06:02,419 - varanus - INFO - In state 13030611131465497699 saw radiation_level.Green
2026-01-29 19:06:02,420 - varanus - INFO - In state 13030611131465497699 saw radiation_level.Green
2026-01-29 19:06:02,420 - varanus - INFO - In state 13030611131465497699 saw radiation_level.Green
2026-01-29 19:06:02,420 - varanus - INFO - In state 13030611131465497699 saw radiation_level.Green
2026-01-29 19:06:02,421 - varanus - INFO - In state 13030611131465497699 saw radiation_level.Green
2026-01-29 19:06:02,421 - varanus - INFO - In state 13030611131465497699 saw radiation_level.Green
2026-01-29 19:06:02,422 - varanus - INFO - In state 13030611131465497699 saw radiation_level.Green
2026-01-29 19:06:02,422 - varanus - INFO - In state 13030611131465497699 saw radiation_level.Green
2026-01-29 19:06:02,422 - varanus - INFO - In state 13030611131465497699 saw radiation_level.Green
2026-01-29 19:06:02,422 - varanus - INFO - In state 13030611131465497699 saw radiation_level.Green
2026-01-29 19:06:02,423 - varanus - INFO - In state 13030611131465497699 saw radiation_level.Green
2026-01-29 19:06:02,423 - varanus - INFO - In state 13030611131465497699 saw radiation_level.Green
2026-01-29 19:06:02,423 - varanus - INFO - In state 13030611131465497699 saw radiation_level.Green
2026-01-29 19:06:02,424 - varanus - INFO - In state 13030611131465497699 saw radiation_level.Green
2026-01-29 19:06:02,424 - varanus - INFO - In state 13030611131465497699 saw radiation_level.Green
2026-01-29 19:06:02,424 - varanus - INFO - In state 13030611131465497699 saw radiation_level.Green
2026-01-29 19:06:02,425 - varanus - INFO - In state 13030611131465497699 saw radiation_level.Green
2026-01-29 19:06:02,425 - varanus - INFO - In state 13030611131465497699 saw radiation_level.Green
2026-01-29 19:06:02,425 - varanus - INFO - In state 13030611131465497699 saw radiation_level.Green
2026-01-29 19:06:02,425 - varanus - INFO - In state 13030611131465497699 saw radiation_level.Green
2026-01-29 19:06:02,426 - varanus - INFO - In state 13030611131465497699 saw radiation_level.Green
2026-01-29 19:06:02,426 - varanus - INFO - In state 13030611131465497699 saw radiation_level.Green
2026-01-29 19:06:02,426 - varanus - INFO - In state 13030611131465497699 saw radiation_level.Green
2026-01-29 19:06:02,427 - varanus - INFO - In state 13030611131465497699 saw radiation_level.Green
2026-01-29 19:06:02,427 - varanus - INFO - In state 13030611131465497699 saw radiation_level.Green
2026-01-29 19:06:02,427 - varanus - INFO - In state 13030611131465497699 saw radiation_level.Green
2026-01-29 19:06:02,427 - varanus - INFO - In state 13030611131465497699 saw arrived_at.2
2026-01-29 19:06:02,428 - varanus - INFO - In state 12708368547058107902 saw radiation_level.Green
2026-01-29 19:06:02,428 - varanus - INFO - In state 12708368547058107902 saw inspect.2
2026-01-29 19:06:02,428 - varanus - INFO - In state 10754129796640851007 saw radiation_level.Green
2026-01-29 19:06:02,428 - varanus - INFO - In state 10754129796640851007 saw radiation_level.Green
2026-01-29 19:06:02,429 - varanus - INFO - In state 10754129796640851007 saw radiation_level.Green
2026-01-29 19:06:02,429 - varanus - INFO - In state 10754129796640851007 saw inspected.2
2026-01-29 19:06:02,429 - varanus - INFO - In state 10177341285736213011 saw move.3
2026-01-29 19:06:02,429 - varanus - INFO - In state 6038311734094917723 saw radiation_level.Green
2026-01-29 19:06:02,430 - varanus - INFO - In state 6038311734094917723 saw radiation_level.Green
2026-01-29 19:06:02,430 - varanus - INFO - In state 6038311734094917723 saw radiation_level.Green
2026-01-29 19:06:02,430 - varanus - INFO - In state 6038311734094917723 saw radiation_level.Green
2026-01-29 19:06:02,430 - varanus - INFO - In state 6038311734094917723 saw radiation_level.Green
2026-01-29 19:06:02,431 - varanus - INFO - In state 6038311734094917723 saw radiation_level.Green
2026-01-29 19:06:02,431 - varanus - INFO - In state 6038311734094917723 saw radiation_level.Green
2026-01-29 19:06:02,431 - varanus - INFO - In state 6038311734094917723 saw radiation_level.Green
2026-01-29 19:06:02,431 - varanus - INFO - In state 6038311734094917723 saw radiation_level.Green
2026-01-29 19:06:02,432 - varanus - INFO - In state 6038311734094917723 saw radiation_level.Green
2026-01-29 19:06:02,432 - varanus - INFO - In state 6038311734094917723 saw radiation_level.Green
2026-01-29 19:06:02,432 - varanus - INFO - In state 6038311734094917723 saw radiation_level.Green
2026-01-29 19:06:02,432 - varanus - INFO - In state 6038311734094917723 saw radiation_level.Green
2026-01-29 19:06:02,433 - varanus - INFO - In state 6038311734094917723 saw radiation_level.Green
2026-01-29 19:06:02,433 - varanus - INFO - In state 6038311734094917723 saw radiation_level.Green
2026-01-29 19:06:02,433 - varanus - INFO - In state 6038311734094917723 saw radiation_level.Green
2026-01-29 19:06:02,433 - varanus - INFO - In state 6038311734094917723 saw radiation_level.Green
2026-01-29 19:06:02,434 - varanus - INFO - In state 6038311734094917723 saw radiation_level.Green
2026-01-29 19:06:02,434 - varanus - INFO - In state 6038311734094917723 saw radiation_level.Green
2026-01-29 19:06:02,434 - varanus - INFO - In state 6038311734094917723 saw arrived_at.3
2026-01-29 19:06:02,434 - varanus - INFO - In state 8084423707488099728 saw inspect.3
2026-01-29 19:06:02,435 - varanus - INFO - In state 3460469475060877041 saw radiation_level.Green
2026-01-29 19:06:02,435 - varanus - INFO - In state 3460469475060877041 saw radiation_level.Green
2026-01-29 19:06:02,435 - varanus - INFO - In state 3460469475060877041 saw radiation_level.Green
2026-01-29 19:06:02,435 - varanus - INFO - In state 3460469475060877041 saw inspected.3
2026-01-29 19:06:02,436 - varanus - INFO - In state 11741425350770578110 saw radiation_level.Green
2026-01-29 19:06:02,436 - varanus - INFO - In state 11741425350770578110 saw move.4
2026-01-29 19:06:02,436 - varanus - INFO - In state 15194537587343769058 saw radiation_level.Green
2026-01-29 19:06:02,436 - varanus - INFO - In state 15194537587343769058 saw radiation_level.Green
2026-01-29 19:06:02,437 - varanus - INFO - In state 15194537587343769058 saw radiation_level.Green
2026-01-29 19:06:02,437 - varanus - INFO - In state 15194537587343769058 saw radiation_level.Green
2026-01-29 19:06:02,437 - varanus - INFO - In state 15194537587343769058 saw radiation_level.Green
2026-01-29 19:06:02,438 - varanus - INFO - In state 15194537587343769058 saw radiation_level.Green
2026-01-29 19:06:02,438 - varanus - INFO - In state 15194537587343769058 saw radiation_level.Green
2026-01-29 19:06:02,438 - varanus - INFO - In state 15194537587343769058 saw radiation_level.Green
2026-01-29 19:06:02,438 - varanus - INFO - In state 15194537587343769058 saw radiation_level.Green
2026-01-29 19:06:02,439 - varanus - INFO - In state 15194537587343769058 saw radiation_level.Green
2026-01-29 19:06:02,439 - varanus - INFO - In state 15194537587343769058 saw radiation_level.Green
2026-01-29 19:06:02,439 - varanus - INFO - In state 15194537587343769058 saw radiation_level.Green
2026-01-29 19:06:02,439 - varanus - INFO - In state 15194537587343769058 saw radiation_level.Green
2026-01-29 19:06:02,447 - varanus - INFO - In state 15194537587343769058 saw radiation_level.Green
2026-01-29 19:06:02,447 - varanus - INFO - In state 15194537587343769058 saw radiation_level.Green
2026-01-29 19:06:02,447 - varanus - INFO - In state 15194537587343769058 saw radiation_level.Green
2026-01-29 19:06:02,447 - varanus - INFO - In state 15194537587343769058 saw radiation_level.Green
2026-01-29 19:06:02,448 - varanus - INFO - In state 15194537587343769058 saw radiation_level.Green
2026-01-29 19:06:02,448 - varanus - INFO - In state 15194537587343769058 saw radiation_level.Green
2026-01-29 19:06:02,448 - varanus - INFO - In state 15194537587343769058 saw radiation_level.Green
2026-01-29 19:06:02,448 - varanus - INFO - In state 15194537587343769058 saw radiation_level.Green
2026-01-29 19:06:02,449 - varanus - INFO - In state 15194537587343769058 saw radiation_level.Green
2026-01-29 19:06:02,449 - varanus - INFO - In state 15194537587343769058 saw radiation_level.Green
2026-01-29 19:06:02,449 - varanus - INFO - In state 15194537587343769058 saw arrived_at.4
2026-01-29 19:06:02,449 - varanus - INFO - In state 12032538192322389629 saw radiation_level.Green
2026-01-29 19:06:02,450 - varanus - INFO - In state 12032538192322389629 saw inspect.4
2026-01-29 19:06:02,450 - varanus - INFO - In state 5530708608083238932 saw radiation_level.Green
2026-01-29 19:06:02,450 - varanus - INFO - In state 5530708608083238932 saw radiation_level.Green
2026-01-29 19:06:02,451 - varanus - INFO - In state 5530708608083238932 saw inspected.4
2026-01-29 19:06:02,451 - varanus - INFO - In state 1071502396488624108 saw radiation_level.Green
2026-01-29 19:06:02,451 - varanus - INFO - In state 1071502396488624108 saw move.5
2026-01-29 19:06:02,451 - varanus - INFO - In state 8840838117653732805 saw radiation_level.Green
2026-01-29 19:06:02,452 - varanus - INFO - In state 8840838117653732805 saw radiation_level.Green
2026-01-29 19:06:02,452 - varanus - INFO - In state 8840838117653732805 saw radiation_level.Green
2026-01-29 19:06:02,452 - varanus - INFO - In state 8840838117653732805 saw radiation_level.Green
2026-01-29 19:06:02,452 - varanus - INFO - In state 8840838117653732805 saw radiation_level.Green
2026-01-29 19:06:02,453 - varanus - INFO - In state 8840838117653732805 saw radiation_level.Green
2026-01-29 19:06:02,453 - varanus - INFO - In state 8840838117653732805 saw radiation_level.Green
2026-01-29 19:06:02,453 - varanus - INFO - In state 8840838117653732805 saw radiation_level.Green
2026-01-29 19:06:02,453 - varanus - INFO - In state 8840838117653732805 saw radiation_level.Green
2026-01-29 19:06:02,454 - varanus - INFO - In state 8840838117653732805 saw radiation_level.Green
2026-01-29 19:06:02,454 - varanus - INFO - In state 8840838117653732805 saw radiation_level.Green
2026-01-29 19:06:02,454 - varanus - INFO - In state 8840838117653732805 saw radiation_level.Green
2026-01-29 19:06:02,455 - varanus - INFO - In state 8840838117653732805 saw arrived_at.5
2026-01-29 19:06:02,455 - varanus - INFO - In state 11796252357409124059 saw radiation_level.Green
2026-01-29 19:06:02,455 - varanus - INFO - In state 11796252357409124059 saw inspect.5
2026-01-29 19:06:02,455 - varanus - INFO - In state 14769194920431684038 saw radiation_level.Green
2026-01-29 19:06:02,456 - varanus - INFO - In state 14769194920431684038 saw radiation_level.Green
2026-01-29 19:06:02,456 - varanus - INFO - In state 14769194920431684038 saw inspected.5
2026-01-29 19:06:02,456 - varanus - INFO - In state 14789682402440888388 saw radiation_level.Green
2026-01-29 19:06:02,456 - varanus - INFO - In state 14789682402440888388 saw radiation_level.Green
2026-01-29 19:06:02,457 - varanus - INFO - In state 14789682402440888388 saw radiation_level.Green
2026-01-29 19:06:02,457 - varanus - INFO - In state 14789682402440888388 saw move.0
2026-01-29 19:06:02,457 - varanus - INFO - In state 4873469397254139780 saw radiation_level.Green
2026-01-29 19:06:02,458 - varanus - INFO - In state 4873469397254139780 saw radiation_level.Green
2026-01-29 19:06:02,458 - varanus - INFO - In state 4873469397254139780 saw radiation_level.Green
2026-01-29 19:06:02,458 - varanus - INFO - In state 4873469397254139780 saw radiation_level.Green
2026-01-29 19:06:02,458 - varanus - INFO - In state 4873469397254139780 saw radiation_level.Green
2026-01-29 19:06:02,459 - varanus - INFO - In state 4873469397254139780 saw radiation_level.Green
2026-01-29 19:06:02,459 - varanus - INFO - In state 4873469397254139780 saw radiation_level.Green
2026-01-29 19:06:02,459 - varanus - INFO - In state 4873469397254139780 saw radiation_level.Green
2026-01-29 19:06:02,459 - varanus - INFO - In state 4873469397254139780 saw radiation_level.Green
2026-01-29 19:06:02,460 - varanus - INFO - In state 4873469397254139780 saw radiation_level.Green
2026-01-29 19:06:02,460 - varanus - INFO - In state 4873469397254139780 saw radiation_level.Green
2026-01-29 19:06:02,460 - varanus - INFO - In state 4873469397254139780 saw radiation_level.Green
2026-01-29 19:06:02,460 - varanus - INFO - In state 4873469397254139780 saw radiation_level.Green
2026-01-29 19:06:02,461 - varanus - INFO - In state 4873469397254139780 saw radiation_level.Green
2026-01-29 19:06:02,461 - varanus - INFO - In state 4873469397254139780 saw radiation_level.Green
2026-01-29 19:06:02,461 - varanus - INFO - In state 4873469397254139780 saw radiation_level.Green
2026-01-29 19:06:02,461 - varanus - INFO - In state 4873469397254139780 saw radiation_level.Green
2026-01-29 19:06:02,462 - varanus - INFO - In state 4873469397254139780 saw arrived_at.0
2026-01-29 19:06:02,462 - varanus - INFO - In state 10331207552863718274 saw radiation_level.Green
2026-01-29 19:06:02,462 - varanus - INFO - Trace file finished with no violations
2026-01-29 19:06:02,463 - varanus - INFO - +++ Build Time: 			0.302976131439s +++
2026-01-29 19:06:02,463 - varanus - INFO - +++ Check Time: 			0.0944330692291s +++
2026-01-29 19:06:02,463 - varanus - INFO - +++ Average Transition Time: 	0.000340665358842s (233 events) +++
2026-01-29 19:06:02,464 - varanus - INFO - +++ Total Time: 			0.418812036514s +++
