2026-01-29 19:05:59,178 - varanus - INFO - +++ Testing rover_model_ras_pass +++
2026-01-29 19:05:59,178 - varanus - INFO - Preprocessing...
2026-01-29 19:05:59,178 - varanus - INFO - Preprocessing: pass
2026-01-29 19:05:59,179 - varanus - INFO - +++ Running Offline +++
2026-01-29 19:05:59,200 - varanus - INFO - Building CSP State Machine. Please Wait
2026-01-29 19:05:59,444 - varanus - INFO - Building CSP State Machine
2026-01-29 19:05:59,531 - varanus - INFO - +++ checking that normal(ROVER_SYSTEM) is deterministic with given alphabets +++
2026-01-29 19:05:59,531 - varanus - INFO - +++ starting monitoring against normal(ROVER_SYSTEM) +++
2026-01-29 19:05:59,531 - varanus - INFO - +++ Running Offline -- Using State Machine +++
2026-01-29 19:05:59,531 - varanus - INFO - Parsing trace file at: oracles/inspection-rover-ras/trace-json-pass.txt
2026-01-29 19:05:59,545 - varanus - INFO - Parsed trace file OK
2026-01-29 19:05:59,545 - varanus - INFO - Checking trace file: oracles/inspection-rover-ras/trace-json-pass.txt
2026-01-29 19:05:59,545 - varanus - INFO - In state 6706320920252439311 saw radiation_level.Green
2026-01-29 19:05:59,546 - varanus - INFO - In state 6706320920252439311 saw radiation_level.Green
2026-01-29 19:05:59,546 - varanus - INFO - In state 6706320920252439311 saw radiation_level.Green
2026-01-29 19:05:59,546 - varanus - INFO - In state 6706320920252439311 saw radiation_level.Green
2026-01-29 19:05:59,547 - varanus - INFO - In state 6706320920252439311 saw radiation_level.Green
2026-01-29 19:05:59,547 - varanus - INFO - In state 6706320920252439311 saw radiation_level.Green
2026-01-29 19:05:59,547 - varanus - INFO - In state 6706320920252439311 saw radiation_level.Green
2026-01-29 19:05:59,547 - varanus - INFO - In state 6706320920252439311 saw radiation_level.Green
2026-01-29 19:05:59,548 - varanus - INFO - In state 6706320920252439311 saw radiation_level.Green
2026-01-29 19:05:59,548 - varanus - INFO - In state 6706320920252439311 saw radiation_level.Green
2026-01-29 19:05:59,548 - varanus - INFO - In state 6706320920252439311 saw radiation_level.Green
2026-01-29 19:05:59,549 - varanus - INFO - In state 6706320920252439311 saw radiation_level.Green
2026-01-29 19:05:59,549 - varanus - INFO - In state 6706320920252439311 saw radiation_level.Green
2026-01-29 19:05:59,549 - varanus - INFO - In state 6706320920252439311 saw radiation_level.Green
2026-01-29 19:05:59,549 - varanus - INFO - In state 6706320920252439311 saw radiation_level.Green
2026-01-29 19:05:59,550 - varanus - INFO - In state 6706320920252439311 saw radiation_level.Green
2026-01-29 19:05:59,550 - varanus - INFO - In state 6706320920252439311 saw radiation_level.Green
2026-01-29 19:05:59,550 - varanus - INFO - In state 6706320920252439311 saw radiation_level.Green
2026-01-29 19:05:59,550 - varanus - INFO - In state 6706320920252439311 saw radiation_level.Green
2026-01-29 19:05:59,551 - varanus - INFO - In state 6706320920252439311 saw radiation_level.Green
2026-01-29 19:05:59,551 - varanus - INFO - In state 6706320920252439311 saw radiation_level.Green
2026-01-29 19:05:59,551 - varanus - INFO - In state 6706320920252439311 saw radiation_level.Green
2026-01-29 19:05:59,552 - varanus - INFO - In state 6706320920252439311 saw radiation_level.Green
2026-01-29 19:05:59,552 - varanus - INFO - In state 6706320920252439311 saw radiation_level.Green
2026-01-29 19:05:59,552 - varanus - INFO - In state 6706320920252439311 saw radiation_level.Green
2026-01-29 19:05:59,552 - varanus - INFO - In state 6706320920252439311 saw radiation_level.Green
2026-01-29 19:05:59,553 - varanus - INFO - In state 6706320920252439311 saw radiation_level.Green
2026-01-29 19:05:59,553 - varanus - INFO - In state 6706320920252439311 saw radiation_level.Green
2026-01-29 19:05:59,553 - varanus - INFO - In state 6706320920252439311 saw radiation_level.Green
2026-01-29 19:05:59,554 - varanus - INFO - In state 6706320920252439311 saw radiation_level.Green
2026-01-29 19:05:59,554 - varanus - INFO - In state 6706320920252439311 saw radiation_level.Green
2026-01-29 19:05:59,554 - varanus - INFO - In state 6706320920252439311 saw radiation_level.Green
2026-01-29 19:05:59,554 - varanus - INFO - In state 6706320920252439311 saw radiation_level.Green
2026-01-29 19:05:59,555 - varanus - INFO - In state 6706320920252439311 saw radiation_level.Green
2026-01-29 19:05:59,555 - varanus - INFO - In state 6706320920252439311 saw radiation_level.Green
2026-01-29 19:05:59,555 - varanus - INFO - In state 6706320920252439311 saw radiation_level.Green
2026-01-29 19:05:59,555 - varanus - INFO - In state 6706320920252439311 saw radiation_level.Green
2026-01-29 19:05:59,556 - varanus - INFO - In state 6706320920252439311 saw radiation_level.Green
2026-01-29 19:05:59,556 - varanus - INFO - In state 6706320920252439311 saw radiation_level.Green
2026-01-29 19:05:59,556 - varanus - INFO - In state 6706320920252439311 saw radiation_level.Green
2026-01-29 19:05:59,557 - varanus - INFO - In state 6706320920252439311 saw radiation_level.Green
2026-01-29 19:05:59,557 - varanus - INFO - In state 6706320920252439311 saw radiation_level.Green
2026-01-29 19:05:59,557 - varanus - INFO - In state 6706320920252439311 saw radiation_level.Green
2026-01-29 19:05:59,557 - varanus - INFO - In state 6706320920252439311 saw radiation_level.Green
2026-01-29 19:05:59,558 - varanus - INFO - In state 6706320920252439311 saw radiation_level.Green
2026-01-29 19:05:59,558 - varanus - INFO - In state 6706320920252439311 saw radiation_level.Green
2026-01-29 19:05:59,558 - varanus - INFO - In state 6706320920252439311 saw radiation_level.Green
2026-01-29 19:05:59,558 - varanus - INFO - In state 6706320920252439311 saw radiation_level.Green
2026-01-29 19:05:59,559 - varanus - INFO - In state 6706320920252439311 saw radiation_level.Green
2026-01-29 19:05:59,559 - varanus - INFO - In state 6706320920252439311 saw radiation_level.Green
2026-01-29 19:05:59,559 - varanus - INFO - In state 6706320920252439311 saw radiation_level.Green
2026-01-29 19:05:59,559 - varanus - INFO - In state 6706320920252439311 saw radiation_level.Green
2026-01-29 19:05:59,560 - varanus - INFO - In state 6706320920252439311 saw radiation_level.Green
2026-01-29 19:05:59,560 - varanus - INFO - In state 6706320920252439311 saw radiation_level.Green
2026-01-29 19:05:59,560 - varanus - INFO - In state 6706320920252439311 saw radiation_level.Green
2026-01-29 19:05:59,560 - varanus - INFO - In state 6706320920252439311 saw radiation_level.Green
2026-01-29 19:05:59,561 - varanus - INFO - In state 6706320920252439311 saw radiation_level.Green
2026-01-29 19:05:59,561 - varanus - INFO - In state 6706320920252439311 saw radiation_level.Green
2026-01-29 19:05:59,561 - varanus - INFO - In state 6706320920252439311 saw radiation_level.Green
2026-01-29 19:05:59,561 - varanus - INFO - In state 6706320920252439311 saw radiation_level.Green
2026-01-29 19:05:59,561 - varanus - INFO - In state 6706320920252439311 saw radiation_level.Green
2026-01-29 19:05:59,562 - varanus - INFO - In state 6706320920252439311 saw radiation_level.Green
2026-01-29 19:05:59,562 - varanus - INFO - In state 6706320920252439311 saw radiation_level.Green
2026-01-29 19:05:59,562 - varanus - INFO - In state 6706320920252439311 saw radiation_level.Green
2026-01-29 19:05:59,562 - varanus - INFO - In state 6706320920252439311 saw radiation_level.Green
2026-01-29 19:05:59,563 - varanus - INFO - In state 6706320920252439311 saw radiation_level.Green
2026-01-29 19:05:59,563 - varanus - INFO - In state 6706320920252439311 saw radiation_level.Green
2026-01-29 19:05:59,563 - varanus - INFO - In state 6706320920252439311 saw radiation_level.Green
2026-01-29 19:05:59,563 - varanus - INFO - In state 6706320920252439311 saw radiation_level.Green
2026-01-29 19:05:59,564 - varanus - INFO - In state 6706320920252439311 saw radiation_level.Green
2026-01-29 19:05:59,564 - varanus - INFO - In state 6706320920252439311 saw radiation_level.Green
2026-01-29 19:05:59,564 - varanus - INFO - In state 6706320920252439311 saw radiation_level.Green
2026-01-29 19:05:59,564 - varanus - INFO - In state 6706320920252439311 saw radiation_level.Green
2026-01-29 19:05:59,565 - varanus - INFO - In state 6706320920252439311 saw move.1
2026-01-29 19:05:59,565 - varanus - INFO - In state 5608211198945682904 saw radiation_level.Green
2026-01-29 19:05:59,565 - varanus - INFO - In state 5608211198945682904 saw radiation_level.Green
2026-01-29 19:05:59,565 - varanus - INFO - In state 5608211198945682904 saw radiation_level.Green
2026-01-29 19:05:59,566 - varanus - INFO - In state 5608211198945682904 saw radiation_level.Green
2026-01-29 19:05:59,566 - varanus - INFO - In state 5608211198945682904 saw radiation_level.Green
2026-01-29 19:05:59,566 - varanus - INFO - In state 5608211198945682904 saw radiation_level.Green
2026-01-29 19:05:59,566 - varanus - INFO - In state 5608211198945682904 saw radiation_level.Green
2026-01-29 19:05:59,567 - varanus - INFO - In state 5608211198945682904 saw radiation_level.Green
2026-01-29 19:05:59,567 - varanus - INFO - In state 5608211198945682904 saw radiation_level.Green
2026-01-29 19:05:59,567 - varanus - INFO - In state 5608211198945682904 saw radiation_level.Green
2026-01-29 19:05:59,567 - varanus - INFO - In state 5608211198945682904 saw radiation_level.Green
2026-01-29 19:05:59,568 - varanus - INFO - In state 5608211198945682904 saw radiation_level.Green
2026-01-29 19:05:59,568 - varanus - INFO - In state 5608211198945682904 saw radiation_level.Green
2026-01-29 19:05:59,568 - varanus - INFO - In state 5608211198945682904 saw radiation_level.Green
2026-01-29 19:05:59,568 - varanus - INFO - In state 5608211198945682904 saw radiation_level.Green
2026-01-29 19:05:59,569 - varanus - INFO - In state 5608211198945682904 saw radiation_level.Green
2026-01-29 19:05:59,569 - varanus - INFO - In state 5608211198945682904 saw radiation_level.Green
2026-01-29 19:05:59,569 - varanus - INFO - In state 5608211198945682904 saw arrived_at.1
2026-01-29 19:05:59,578 - varanus - INFO - In state 3232734884248277670 saw radiation_level.Green
2026-01-29 19:05:59,578 - varanus - INFO - In state 3232734884248277670 saw inspect.1
2026-01-29 19:05:59,579 - varanus - INFO - In state 17059743875309732985 saw radiation_level.Green
2026-01-29 19:05:59,579 - varanus - INFO - In state 17059743875309732985 saw radiation_level.Green
2026-01-29 19:05:59,579 - varanus - INFO - In state 17059743875309732985 saw radiation_level.Green
2026-01-29 19:05:59,579 - varanus - INFO - In state 17059743875309732985 saw inspected.1
2026-01-29 19:05:59,580 - varanus - INFO - In state 4556553826494422719 saw radiation_level.Green
2026-01-29 19:05:59,580 - varanus - INFO - In state 4556553826494422719 saw move.2
2026-01-29 19:05:59,580 - varanus - INFO - In state 5289873827637802600 saw radiation_level.Green
2026-01-29 19:05:59,580 - varanus - INFO - In state 5289873827637802600 saw radiation_level.Green
2026-01-29 19:05:59,581 - varanus - INFO - In state 5289873827637802600 saw radiation_level.Green
2026-01-29 19:05:59,581 - varanus - INFO - In state 5289873827637802600 saw radiation_level.Green
2026-01-29 19:05:59,581 - varanus - INFO - In state 5289873827637802600 saw radiation_level.Green
2026-01-29 19:05:59,581 - varanus - INFO - In state 5289873827637802600 saw radiation_level.Green
2026-01-29 19:05:59,582 - varanus - INFO - In state 5289873827637802600 saw radiation_level.Green
2026-01-29 19:05:59,582 - varanus - INFO - In state 5289873827637802600 saw radiation_level.Green
2026-01-29 19:05:59,582 - varanus - INFO - In state 5289873827637802600 saw radiation_level.Green
2026-01-29 19:05:59,582 - varanus - INFO - In state 5289873827637802600 saw radiation_level.Green
2026-01-29 19:05:59,583 - varanus - INFO - In state 5289873827637802600 saw radiation_level.Green
2026-01-29 19:05:59,583 - varanus - INFO - In state 5289873827637802600 saw radiation_level.Green
2026-01-29 19:05:59,583 - varanus - INFO - In state 5289873827637802600 saw radiation_level.Green
2026-01-29 19:05:59,583 - varanus - INFO - In state 5289873827637802600 saw radiation_level.Green
2026-01-29 19:05:59,584 - varanus - INFO - In state 5289873827637802600 saw radiation_level.Green
2026-01-29 19:05:59,584 - varanus - INFO - In state 5289873827637802600 saw radiation_level.Green
2026-01-29 19:05:59,584 - varanus - INFO - In state 5289873827637802600 saw radiation_level.Green
2026-01-29 19:05:59,584 - varanus - INFO - In state 5289873827637802600 saw radiation_level.Green
2026-01-29 19:05:59,585 - varanus - INFO - In state 5289873827637802600 saw radiation_level.Green
2026-01-29 19:05:59,585 - varanus - INFO - In state 5289873827637802600 saw radiation_level.Green
2026-01-29 19:05:59,585 - varanus - INFO - In state 5289873827637802600 saw radiation_level.Green
2026-01-29 19:05:59,585 - varanus - INFO - In state 5289873827637802600 saw radiation_level.Green
2026-01-29 19:05:59,586 - varanus - INFO - In state 5289873827637802600 saw radiation_level.Green
2026-01-29 19:05:59,586 - varanus - INFO - In state 5289873827637802600 saw radiation_level.Green
2026-01-29 19:05:59,587 - varanus - INFO - In state 5289873827637802600 saw radiation_level.Green
2026-01-29 19:05:59,587 - varanus - INFO - In state 5289873827637802600 saw radiation_level.Green
2026-01-29 19:05:59,587 - varanus - INFO - In state 5289873827637802600 saw arrived_at.2
2026-01-29 19:05:59,588 - varanus - INFO - In state 14047080630282986183 saw radiation_level.Green
2026-01-29 19:05:59,588 - varanus - INFO - In state 14047080630282986183 saw inspect.2
2026-01-29 19:05:59,588 - varanus - INFO - In state 10113000597840602285 saw radiation_level.Green
2026-01-29 19:05:59,588 - varanus - INFO - In state 10113000597840602285 saw radiation_level.Green
2026-01-29 19:05:59,589 - varanus - INFO - In state 10113000597840602285 saw radiation_level.Green
2026-01-29 19:05:59,589 - varanus - INFO - In state 10113000597840602285 saw inspected.2
2026-01-29 19:05:59,589 - varanus - INFO - In state 10177341285736213011 saw move.3
2026-01-29 19:05:59,589 - varanus - INFO - In state 14886666200555059058 saw radiation_level.Green
2026-01-29 19:05:59,590 - varanus - INFO - In state 14886666200555059058 saw radiation_level.Green
2026-01-29 19:05:59,590 - varanus - INFO - In state 14886666200555059058 saw radiation_level.Green
2026-01-29 19:05:59,590 - varanus - INFO - In state 14886666200555059058 saw radiation_level.Green
2026-01-29 19:05:59,590 - varanus - INFO - In state 14886666200555059058 saw radiation_level.Green
2026-01-29 19:05:59,591 - varanus - INFO - In state 14886666200555059058 saw radiation_level.Green
2026-01-29 19:05:59,591 - varanus - INFO - In state 14886666200555059058 saw radiation_level.Green
2026-01-29 19:05:59,591 - varanus - INFO - In state 14886666200555059058 saw radiation_level.Green
2026-01-29 19:05:59,591 - varanus - INFO - In state 14886666200555059058 saw radiation_level.Green
2026-01-29 19:05:59,592 - varanus - INFO - In state 14886666200555059058 saw radiation_level.Green
2026-01-29 19:05:59,592 - varanus - INFO - In state 14886666200555059058 saw radiation_level.Green
2026-01-29 19:05:59,592 - varanus - INFO - In state 14886666200555059058 saw radiation_level.Green
2026-01-29 19:05:59,592 - varanus - INFO - In state 14886666200555059058 saw radiation_level.Green
2026-01-29 19:05:59,593 - varanus - INFO - In state 14886666200555059058 saw radiation_level.Green
2026-01-29 19:05:59,593 - varanus - INFO - In state 14886666200555059058 saw radiation_level.Green
2026-01-29 19:05:59,593 - varanus - INFO - In state 14886666200555059058 saw radiation_level.Green
2026-01-29 19:05:59,593 - varanus - INFO - In state 14886666200555059058 saw radiation_level.Green
2026-01-29 19:05:59,594 - varanus - INFO - In state 14886666200555059058 saw radiation_level.Green
2026-01-29 19:05:59,594 - varanus - INFO - In state 14886666200555059058 saw radiation_level.Green
2026-01-29 19:05:59,594 - varanus - INFO - In state 14886666200555059058 saw arrived_at.3
2026-01-29 19:05:59,594 - varanus - INFO - In state 7360369614710333208 saw inspect.3
2026-01-29 19:05:59,595 - varanus - INFO - In state 10267796530484561693 saw radiation_level.Green
2026-01-29 19:05:59,595 - varanus - INFO - In state 10267796530484561693 saw radiation_level.Green
2026-01-29 19:05:59,595 - varanus - INFO - In state 10267796530484561693 saw radiation_level.Green
2026-01-29 19:05:59,595 - varanus - INFO - In state 10267796530484561693 saw inspected.3
2026-01-29 19:05:59,596 - varanus - INFO - In state 11741425350770578110 saw radiation_level.Green
2026-01-29 19:05:59,596 - varanus - INFO - In state 11741425350770578110 saw move.4
2026-01-29 19:05:59,596 - varanus - INFO - In state 8913269302512093833 saw radiation_level.Green
2026-01-29 19:05:59,596 - varanus - INFO - In state 8913269302512093833 saw radiation_level.Green
2026-01-29 19:05:59,597 - varanus - INFO - In state 8913269302512093833 saw radiation_level.Green
2026-01-29 19:05:59,597 - varanus - INFO - In state 8913269302512093833 saw radiation_level.Green
2026-01-29 19:05:59,597 - varanus - INFO - In state 8913269302512093833 saw radiation_level.Green
2026-01-29 19:05:59,597 - varanus - INFO - In state 8913269302512093833 saw radiation_level.Green
2026-01-29 19:05:59,598 - varanus - INFO - In state 8913269302512093833 saw radiation_level.Green
2026-01-29 19:05:59,598 - varanus - INFO - In state 8913269302512093833 saw radiation_level.Green
2026-01-29 19:05:59,598 - varanus - INFO - In state 8913269302512093833 saw radiation_level.Green
2026-01-29 19:05:59,598 - varanus - INFO - In state 8913269302512093833 saw radiation_level.Green
2026-01-29 19:05:59,599 - varanus - INFO - In state 8913269302512093833 saw radiation_level.Green
2026-01-29 19:05:59,599 - varanus - INFO - In state 8913269302512093833 saw radiation_level.Green
2026-01-29 19:05:59,599 - varanus - INFO - In state 8913269302512093833 saw radiation_level.Green
2026-01-29 19:05:59,599 - varanus - INFO - In state 8913269302512093833 saw radiation_level.Green
2026-01-29 19:05:59,600 - varanus - INFO - In state 8913269302512093833 saw radiation_level.Green
2026-01-29 19:05:59,600 - varanus - INFO - In state 8913269302512093833 saw radiation_level.Green
2026-01-29 19:05:59,600 - varanus - INFO - In state 8913269302512093833 saw radiation_level.Green
2026-01-29 19:05:59,600 - varanus - INFO - In state 8913269302512093833 saw radiation_level.Green
2026-01-29 19:05:59,601 - varanus - INFO - In state 8913269302512093833 saw radiation_level.Green
2026-01-29 19:05:59,601 - varanus - INFO - In state 8913269302512093833 saw radiation_level.Green
2026-01-29 19:05:59,601 - varanus - INFO - In state 8913269302512093833 saw radiation_level.Green
2026-01-29 19:05:59,601 - varanus - INFO - In state 8913269302512093833 saw radiation_level.Green
2026-01-29 19:05:59,602 - varanus - INFO - In state 8913269302512093833 saw radiation_level.Green
2026-01-29 19:05:59,602 - varanus - INFO - In state 8913269302512093833 saw arrived_at.4
2026-01-29 19:05:59,602 - varanus - INFO - In state 162574267969549523 saw radiation_level.Green
2026-01-29 19:05:59,602 - varanus - INFO - In state 162574267969549523 saw inspect.4
2026-01-29 19:05:59,605 - varanus - INFO - In state 11518999430799532033 saw radiation_level.Green
2026-01-29 19:05:59,605 - varanus - INFO - In state 11518999430799532033 saw radiation_level.Green
2026-01-29 19:05:59,605 - varanus - INFO - In state 11518999430799532033 saw inspected.4
2026-01-29 19:05:59,606 - varanus - INFO - In state 1071502396488624108 saw radiation_level.Green
2026-01-29 19:05:59,606 - varanus - INFO - In state 1071502396488624108 saw move.5
2026-01-29 19:05:59,606 - varanus - INFO - In state 8840838117653732805 saw radiation_level.Green
2026-01-29 19:05:59,606 - varanus - INFO - In state 8840838117653732805 saw radiation_level.Green
2026-01-29 19:05:59,607 - varanus - INFO - In state 8840838117653732805 saw radiation_level.Green
2026-01-29 19:05:59,607 - varanus - INFO - In state 8840838117653732805 saw radiation_level.Green
2026-01-29 19:05:59,607 - varanus - INFO - In state 8840838117653732805 saw radiation_level.Green
2026-01-29 19:05:59,607 - varanus - INFO - In state 8840838117653732805 saw radiation_level.Green
2026-01-29 19:05:59,608 - varanus - INFO - In state 8840838117653732805 saw radiation_level.Green
2026-01-29 19:05:59,608 - varanus - INFO - In state 8840838117653732805 saw radiation_level.Green
2026-01-29 19:05:59,608 - varanus - INFO - In state 8840838117653732805 saw radiation_level.Green
2026-01-29 19:05:59,608 - varanus - INFO - In state 8840838117653732805 saw radiation_level.Green
2026-01-29 19:05:59,609 - varanus - INFO - In state 8840838117653732805 saw radiation_level.Green
2026-01-29 19:05:59,609 - varanus - INFO - In state 8840838117653732805 saw radiation_level.Green
2026-01-29 19:05:59,609 - varanus - INFO - In state 8840838117653732805 saw arrived_at.5
2026-01-29 19:05:59,609 - varanus - INFO - In state 11796252357409124059 saw radiation_level.Green
2026-01-29 19:05:59,610 - varanus - INFO - In state 11796252357409124059 saw inspect.5
2026-01-29 19:05:59,610 - varanus - INFO - In state 14769194920431684038 saw radiation_level.Green
2026-01-29 19:05:59,610 - varanus - INFO - In state 14769194920431684038 saw radiation_level.Green
2026-01-29 19:05:59,610 - varanus - INFO - In state 14769194920431684038 saw inspected.5
2026-01-29 19:05:59,611 - varanus - INFO - In state 14789682402440888388 saw radiation_level.Green
2026-01-29 19:05:59,611 - varanus - INFO - In state 14789682402440888388 saw radiation_level.Green
2026-01-29 19:05:59,611 - varanus - INFO - In state 14789682402440888388 saw radiation_level.Green
2026-01-29 19:05:59,611 - varanus - INFO - In state 14789682402440888388 saw move.0
2026-01-29 19:05:59,612 - varanus - INFO - In state 4873469397254139780 saw radiation_level.Green
2026-01-29 19:05:59,612 - varanus - INFO - In state 4873469397254139780 saw radiation_level.Green
2026-01-29 19:05:59,612 - varanus - INFO - In state 4873469397254139780 saw radiation_level.Green
2026-01-29 19:05:59,612 - varanus - INFO - In state 4873469397254139780 saw radiation_level.Green
2026-01-29 19:05:59,613 - varanus - INFO - In state 4873469397254139780 saw radiation_level.Green
2026-01-29 19:05:59,613 - varanus - INFO - In state 4873469397254139780 saw radiation_level.Green
2026-01-29 19:05:59,613 - varanus - INFO - In state 4873469397254139780 saw radiation_level.Green
2026-01-29 19:05:59,613 - varanus - INFO - In state 4873469397254139780 saw radiation_level.Green
2026-01-29 19:05:59,614 - varanus - INFO - In state 4873469397254139780 saw radiation_level.Green
2026-01-29 19:05:59,614 - varanus - INFO - In state 4873469397254139780 saw radiation_level.Green
2026-01-29 19:05:59,614 - varanus - INFO - In state 4873469397254139780 saw radiation_level.Green
2026-01-29 19:05:59,614 - varanus - INFO - In state 4873469397254139780 saw radiation_level.Green
2026-01-29 19:05:59,615 - varanus - INFO - In state 4873469397254139780 saw radiation_level.Green
2026-01-29 19:05:59,615 - varanus - INFO - In state 4873469397254139780 saw radiation_level.Green
2026-01-29 19:05:59,615 - varanus - INFO - In state 4873469397254139780 saw radiation_level.Green
2026-01-29 19:05:59,615 - varanus - INFO - In state 4873469397254139780 saw radiation_level.Green
2026-01-29 19:05:59,616 - varanus - INFO - In state 4873469397254139780 saw radiation_level.Green
2026-01-29 19:05:59,616 - varanus - INFO - In state 4873469397254139780 saw arrived_at.0
2026-01-29 19:05:59,616 - varanus - INFO - In state 10331207552863718274 saw radiation_level.Green
2026-01-29 19:05:59,616 - varanus - INFO - Trace file finished with no violations
2026-01-29 19:05:59,618 - varanus - INFO - +++ Build Time: 			0.330798864365s +++
2026-01-29 19:05:59,618 - varanus - INFO - +++ Check Time: 			0.0853188037872s +++
2026-01-29 19:05:59,618 - varanus - INFO - +++ Average Transition Time: 	0.00030183382812s (233 events) +++
2026-01-29 19:05:59,618 - varanus - INFO - +++ Total Time: 			0.437899112701s +++
