2026-01-29 19:05:57,815 - varanus - INFO - +++ Testing rover_model_ras_pass +++
2026-01-29 19:05:57,815 - varanus - INFO - Preprocessing...
2026-01-29 19:05:57,815 - varanus - INFO - Preprocessing: pass
2026-01-29 19:05:57,815 - varanus - INFO - +++ Running Offline +++
2026-01-29 19:05:57,841 - varanus - INFO - Building CSP State Machine. Please Wait
2026-01-29 19:05:58,071 - varanus - INFO - Building CSP State Machine
2026-01-29 19:05:58,157 - varanus - INFO - +++ checking that normal(ROVER_SYSTEM) is deterministic with given alphabets +++
2026-01-29 19:05:58,158 - varanus - INFO - +++ starting monitoring against normal(ROVER_SYSTEM) +++
2026-01-29 19:05:58,158 - varanus - INFO - +++ Running Offline -- Using State Machine +++
2026-01-29 19:05:58,158 - varanus - INFO - Parsing trace file at: oracles/inspection-rover-ras/trace-json-pass.txt
2026-01-29 19:05:58,174 - varanus - INFO - Parsed trace file OK
2026-01-29 19:05:58,174 - varanus - INFO - Checking trace file: oracles/inspection-rover-ras/trace-json-pass.txt
2026-01-29 19:05:58,174 - varanus - INFO - In state 2681491882390849628 saw radiation_level.Green
2026-01-29 19:05:58,175 - varanus - INFO - In state 2681491882390849628 saw radiation_level.Green
2026-01-29 19:05:58,175 - varanus - INFO - In state 2681491882390849628 saw radiation_level.Green
2026-01-29 19:05:58,175 - varanus - INFO - In state 2681491882390849628 saw radiation_level.Green
2026-01-29 19:05:58,176 - varanus - INFO - In state 2681491882390849628 saw radiation_level.Green
2026-01-29 19:05:58,176 - varanus - INFO - In state 2681491882390849628 saw radiation_level.Green
2026-01-29 19:05:58,176 - varanus - INFO - In state 2681491882390849628 saw radiation_level.Green
2026-01-29 19:05:58,176 - varanus - INFO - In state 2681491882390849628 saw radiation_level.Green
2026-01-29 19:05:58,177 - varanus - INFO - In state 2681491882390849628 saw radiation_level.Green
2026-01-29 19:05:58,177 - varanus - INFO - In state 2681491882390849628 saw radiation_level.Green
2026-01-29 19:05:58,177 - varanus - INFO - In state 2681491882390849628 saw radiation_level.Green
2026-01-29 19:05:58,178 - varanus - INFO - In state 2681491882390849628 saw radiation_level.Green
2026-01-29 19:05:58,178 - varanus - INFO - In state 2681491882390849628 saw radiation_level.Green
2026-01-29 19:05:58,178 - varanus - INFO - In state 2681491882390849628 saw radiation_level.Green
2026-01-29 19:05:58,179 - varanus - INFO - In state 2681491882390849628 saw radiation_level.Green
2026-01-29 19:05:58,179 - varanus - INFO - In state 2681491882390849628 saw radiation_level.Green
2026-01-29 19:05:58,180 - varanus - INFO - In state 2681491882390849628 saw radiation_level.Green
2026-01-29 19:05:58,180 - varanus - INFO - In state 2681491882390849628 saw radiation_level.Green
2026-01-29 19:05:58,180 - varanus - INFO - In state 2681491882390849628 saw radiation_level.Green
2026-01-29 19:05:58,181 - varanus - INFO - In state 2681491882390849628 saw radiation_level.Green
2026-01-29 19:05:58,181 - varanus - INFO - In state 2681491882390849628 saw radiation_level.Green
2026-01-29 19:05:58,182 - varanus - INFO - In state 2681491882390849628 saw radiation_level.Green
2026-01-29 19:05:58,182 - varanus - INFO - In state 2681491882390849628 saw radiation_level.Green
2026-01-29 19:05:58,183 - varanus - INFO - In state 2681491882390849628 saw radiation_level.Green
2026-01-29 19:05:58,183 - varanus - INFO - In state 2681491882390849628 saw radiation_level.Green
2026-01-29 19:05:58,184 - varanus - INFO - In state 2681491882390849628 saw radiation_level.Green
2026-01-29 19:05:58,184 - varanus - INFO - In state 2681491882390849628 saw radiation_level.Green
2026-01-29 19:05:58,184 - varanus - INFO - In state 2681491882390849628 saw radiation_level.Green
2026-01-29 19:05:58,185 - varanus - INFO - In state 2681491882390849628 saw radiation_level.Green
2026-01-29 19:05:58,185 - varanus - INFO - In state 2681491882390849628 saw radiation_level.Green
2026-01-29 19:05:58,186 - varanus - INFO - In state 2681491882390849628 saw radiation_level.Green
2026-01-29 19:05:58,186 - varanus - INFO - In state 2681491882390849628 saw radiation_level.Green
2026-01-29 19:05:58,186 - varanus - INFO - In state 2681491882390849628 saw radiation_level.Green
2026-01-29 19:05:58,187 - varanus - INFO - In state 2681491882390849628 saw radiation_level.Green
2026-01-29 19:05:58,187 - varanus - INFO - In state 2681491882390849628 saw radiation_level.Green
2026-01-29 19:05:58,188 - varanus - INFO - In state 2681491882390849628 saw radiation_level.Green
2026-01-29 19:05:58,188 - varanus - INFO - In state 2681491882390849628 saw radiation_level.Green
2026-01-29 19:05:58,188 - varanus - INFO - In state 2681491882390849628 saw radiation_level.Green
2026-01-29 19:05:58,189 - varanus - INFO - In state 2681491882390849628 saw radiation_level.Green
2026-01-29 19:05:58,189 - varanus - INFO - In state 2681491882390849628 saw radiation_level.Green
2026-01-29 19:05:58,190 - varanus - INFO - In state 2681491882390849628 saw radiation_level.Green
2026-01-29 19:05:58,190 - varanus - INFO - In state 2681491882390849628 saw radiation_level.Green
2026-01-29 19:05:58,190 - varanus - INFO - In state 2681491882390849628 saw radiation_level.Green
2026-01-29 19:05:58,191 - varanus - INFO - In state 2681491882390849628 saw radiation_level.Green
2026-01-29 19:05:58,191 - varanus - INFO - In state 2681491882390849628 saw radiation_level.Green
2026-01-29 19:05:58,191 - varanus - INFO - In state 2681491882390849628 saw radiation_level.Green
2026-01-29 19:05:58,192 - varanus - INFO - In state 2681491882390849628 saw radiation_level.Green
2026-01-29 19:05:58,192 - varanus - INFO - In state 2681491882390849628 saw radiation_level.Green
2026-01-29 19:05:58,193 - varanus - INFO - In state 2681491882390849628 saw radiation_level.Green
2026-01-29 19:05:58,193 - varanus - INFO - In state 2681491882390849628 saw radiation_level.Green
2026-01-29 19:05:58,193 - varanus - INFO - In state 2681491882390849628 saw radiation_level.Green
2026-01-29 19:05:58,194 - varanus - INFO - In state 2681491882390849628 saw radiation_level.Green
2026-01-29 19:05:58,194 - varanus - INFO - In state 2681491882390849628 saw radiation_level.Green
2026-01-29 19:05:58,194 - varanus - INFO - In state 2681491882390849628 saw radiation_level.Green
2026-01-29 19:05:58,195 - varanus - INFO - In state 2681491882390849628 saw radiation_level.Green
2026-01-29 19:05:58,195 - varanus - INFO - In state 2681491882390849628 saw radiation_level.Green
2026-01-29 19:05:58,196 - varanus - INFO - In state 2681491882390849628 saw radiation_level.Green
2026-01-29 19:05:58,196 - varanus - INFO - In state 2681491882390849628 saw radiation_level.Green
2026-01-29 19:05:58,196 - varanus - INFO - In state 2681491882390849628 saw radiation_level.Green
2026-01-29 19:05:58,198 - varanus - INFO - In state 2681491882390849628 saw radiation_level.Green
2026-01-29 19:05:58,198 - varanus - INFO - In state 2681491882390849628 saw radiation_level.Green
2026-01-29 19:05:58,199 - varanus - INFO - In state 2681491882390849628 saw radiation_level.Green
2026-01-29 19:05:58,199 - varanus - INFO - In state 2681491882390849628 saw radiation_level.Green
2026-01-29 19:05:58,200 - varanus - INFO - In state 2681491882390849628 saw radiation_level.Green
2026-01-29 19:05:58,200 - varanus - INFO - In state 2681491882390849628 saw radiation_level.Green
2026-01-29 19:05:58,200 - varanus - INFO - In state 2681491882390849628 saw radiation_level.Green
2026-01-29 19:05:58,201 - varanus - INFO - In state 2681491882390849628 saw radiation_level.Green
2026-01-29 19:05:58,201 - varanus - INFO - In state 2681491882390849628 saw radiation_level.Green
2026-01-29 19:05:58,201 - varanus - INFO - In state 2681491882390849628 saw radiation_level.Green
2026-01-29 19:05:58,202 - varanus - INFO - In state 2681491882390849628 saw radiation_level.Green
2026-01-29 19:05:58,202 - varanus - INFO - In state 2681491882390849628 saw radiation_level.Green
2026-01-29 19:05:58,203 - varanus - INFO - In state 2681491882390849628 saw radiation_level.Green
2026-01-29 19:05:58,203 - varanus - INFO - In state 2681491882390849628 saw radiation_level.Green
2026-01-29 19:05:58,203 - varanus - INFO - In state 2681491882390849628 saw move.1
2026-01-29 19:05:58,204 - varanus - INFO - In state 5608211198945682904 saw radiation_level.Green
2026-01-29 19:05:58,204 - varanus - INFO - In state 5608211198945682904 saw radiation_level.Green
2026-01-29 19:05:58,204 - varanus - INFO - In state 5608211198945682904 saw radiation_level.Green
2026-01-29 19:05:58,205 - varanus - INFO - In state 5608211198945682904 saw radiation_level.Green
2026-01-29 19:05:58,205 - varanus - INFO - In state 5608211198945682904 saw radiation_level.Green
2026-01-29 19:05:58,205 - varanus - INFO - In state 5608211198945682904 saw radiation_level.Green
2026-01-29 19:05:58,206 - varanus - INFO - In state 5608211198945682904 saw radiation_level.Green
2026-01-29 19:05:58,206 - varanus - INFO - In state 5608211198945682904 saw radiation_level.Green
2026-01-29 19:05:58,207 - varanus - INFO - In state 5608211198945682904 saw radiation_level.Green
2026-01-29 19:05:58,207 - varanus - INFO - In state 5608211198945682904 saw radiation_level.Green
2026-01-29 19:05:58,207 - varanus - INFO - In state 5608211198945682904 saw radiation_level.Green
2026-01-29 19:05:58,208 - varanus - INFO - In state 5608211198945682904 saw radiation_level.Green
2026-01-29 19:05:58,208 - varanus - INFO - In state 5608211198945682904 saw radiation_level.Green
2026-01-29 19:05:58,208 - varanus - INFO - In state 5608211198945682904 saw radiation_level.Green
2026-01-29 19:05:58,209 - varanus - INFO - In state 5608211198945682904 saw radiation_level.Green
2026-01-29 19:05:58,209 - varanus - INFO - In state 5608211198945682904 saw radiation_level.Green
2026-01-29 19:05:58,209 - varanus - INFO - In state 5608211198945682904 saw radiation_level.Green
2026-01-29 19:05:58,210 - varanus - INFO - In state 5608211198945682904 saw arrived_at.1
2026-01-29 19:05:58,210 - varanus - INFO - In state 3232734884248277670 saw radiation_level.Green
2026-01-29 19:05:58,211 - varanus - INFO - In state 3232734884248277670 saw inspect.1
2026-01-29 19:05:58,211 - varanus - INFO - In state 17059743875309732985 saw radiation_level.Green
2026-01-29 19:05:58,211 - varanus - INFO - In state 17059743875309732985 saw radiation_level.Green
2026-01-29 19:05:58,212 - varanus - INFO - In state 17059743875309732985 saw radiation_level.Green
2026-01-29 19:05:58,212 - varanus - INFO - In state 17059743875309732985 saw inspected.1
2026-01-29 19:05:58,213 - varanus - INFO - In state 4556553826494422719 saw radiation_level.Green
2026-01-29 19:05:58,213 - varanus - INFO - In state 4556553826494422719 saw move.2
2026-01-29 19:05:58,213 - varanus - INFO - In state 7160293480173553428 saw radiation_level.Green
2026-01-29 19:05:58,214 - varanus - INFO - In state 7160293480173553428 saw radiation_level.Green
2026-01-29 19:05:58,214 - varanus - INFO - In state 7160293480173553428 saw radiation_level.Green
2026-01-29 19:05:58,214 - varanus - INFO - In state 7160293480173553428 saw radiation_level.Green
2026-01-29 19:05:58,215 - varanus - INFO - In state 7160293480173553428 saw radiation_level.Green
2026-01-29 19:05:58,215 - varanus - INFO - In state 7160293480173553428 saw radiation_level.Green
2026-01-29 19:05:58,216 - varanus - INFO - In state 7160293480173553428 saw radiation_level.Green
2026-01-29 19:05:58,216 - varanus - INFO - In state 7160293480173553428 saw radiation_level.Green
2026-01-29 19:05:58,216 - varanus - INFO - In state 7160293480173553428 saw radiation_level.Green
2026-01-29 19:05:58,217 - varanus - INFO - In state 7160293480173553428 saw radiation_level.Green
2026-01-29 19:05:58,217 - varanus - INFO - In state 7160293480173553428 saw radiation_level.Green
2026-01-29 19:05:58,217 - varanus - INFO - In state 7160293480173553428 saw radiation_level.Green
2026-01-29 19:05:58,218 - varanus - INFO - In state 7160293480173553428 saw radiation_level.Green
2026-01-29 19:05:58,218 - varanus - INFO - In state 7160293480173553428 saw radiation_level.Green
2026-01-29 19:05:58,218 - varanus - INFO - In state 7160293480173553428 saw radiation_level.Green
2026-01-29 19:05:58,219 - varanus - INFO - In state 7160293480173553428 saw radiation_level.Green
2026-01-29 19:05:58,219 - varanus - INFO - In state 7160293480173553428 saw radiation_level.Green
2026-01-29 19:05:58,219 - varanus - INFO - In state 7160293480173553428 saw radiation_level.Green
2026-01-29 19:05:58,220 - varanus - INFO - In state 7160293480173553428 saw radiation_level.Green
2026-01-29 19:05:58,220 - varanus - INFO - In state 7160293480173553428 saw radiation_level.Green
2026-01-29 19:05:58,221 - varanus - INFO - In state 7160293480173553428 saw radiation_level.Green
2026-01-29 19:05:58,221 - varanus - INFO - In state 7160293480173553428 saw radiation_level.Green
2026-01-29 19:05:58,221 - varanus - INFO - In state 7160293480173553428 saw radiation_level.Green
2026-01-29 19:05:58,222 - varanus - INFO - In state 7160293480173553428 saw radiation_level.Green
2026-01-29 19:05:58,222 - varanus - INFO - In state 7160293480173553428 saw radiation_level.Green
2026-01-29 19:05:58,223 - varanus - INFO - In state 7160293480173553428 saw radiation_level.Green
2026-01-29 19:05:58,223 - varanus - INFO - In state 7160293480173553428 saw arrived_at.2
2026-01-29 19:05:58,223 - varanus - INFO - In state 7159469025283769339 saw radiation_level.Green
2026-01-29 19:05:58,224 - varanus - INFO - In state 7159469025283769339 saw inspect.2
2026-01-29 19:05:58,224 - varanus - INFO - In state 2084635629800926445 saw radiation_level.Green
2026-01-29 19:05:58,224 - varanus - INFO - In state 2084635629800926445 saw radiation_level.Green
2026-01-29 19:05:58,225 - varanus - INFO - In state 2084635629800926445 saw radiation_level.Green
2026-01-29 19:05:58,225 - varanus - INFO - In state 2084635629800926445 saw inspected.2
2026-01-29 19:05:58,225 - varanus - INFO - In state 10177341285736213011 saw move.3
2026-01-29 19:05:58,226 - varanus - INFO - In state 16181200451447690847 saw radiation_level.Green
2026-01-29 19:05:58,226 - varanus - INFO - In state 16181200451447690847 saw radiation_level.Green
2026-01-29 19:05:58,227 - varanus - INFO - In state 16181200451447690847 saw radiation_level.Green
2026-01-29 19:05:58,227 - varanus - INFO - In state 16181200451447690847 saw radiation_level.Green
2026-01-29 19:05:58,227 - varanus - INFO - In state 16181200451447690847 saw radiation_level.Green
2026-01-29 19:05:58,228 - varanus - INFO - In state 16181200451447690847 saw radiation_level.Green
2026-01-29 19:05:58,228 - varanus - INFO - In state 16181200451447690847 saw radiation_level.Green
2026-01-29 19:05:58,228 - varanus - INFO - In state 16181200451447690847 saw radiation_level.Green
2026-01-29 19:05:58,229 - varanus - INFO - In state 16181200451447690847 saw radiation_level.Green
2026-01-29 19:05:58,229 - varanus - INFO - In state 16181200451447690847 saw radiation_level.Green
2026-01-29 19:05:58,229 - varanus - INFO - In state 16181200451447690847 saw radiation_level.Green
2026-01-29 19:05:58,230 - varanus - INFO - In state 16181200451447690847 saw radiation_level.Green
2026-01-29 19:05:58,230 - varanus - INFO - In state 16181200451447690847 saw radiation_level.Green
2026-01-29 19:05:58,231 - varanus - INFO - In state 16181200451447690847 saw radiation_level.Green
2026-01-29 19:05:58,231 - varanus - INFO - In state 16181200451447690847 saw radiation_level.Green
2026-01-29 19:05:58,231 - varanus - INFO - In state 16181200451447690847 saw radiation_level.Green
2026-01-29 19:05:58,232 - varanus - INFO - In state 16181200451447690847 saw radiation_level.Green
2026-01-29 19:05:58,232 - varanus - INFO - In state 16181200451447690847 saw radiation_level.Green
2026-01-29 19:05:58,232 - varanus - INFO - In state 16181200451447690847 saw radiation_level.Green
2026-01-29 19:05:58,233 - varanus - INFO - In state 16181200451447690847 saw arrived_at.3
2026-01-29 19:05:58,233 - varanus - INFO - In state 14486501877386933121 saw inspect.3
2026-01-29 19:05:58,234 - varanus - INFO - In state 8163938927505970738 saw radiation_level.Green
2026-01-29 19:05:58,234 - varanus - INFO - In state 8163938927505970738 saw radiation_level.Green
2026-01-29 19:05:58,234 - varanus - INFO - In state 8163938927505970738 saw radiation_level.Green
2026-01-29 19:05:58,235 - varanus - INFO - In state 8163938927505970738 saw inspected.3
2026-01-29 19:05:58,235 - varanus - INFO - In state 11741425350770578110 saw radiation_level.Green
2026-01-29 19:05:58,235 - varanus - INFO - In state 11741425350770578110 saw move.4
2026-01-29 19:05:58,236 - varanus - INFO - In state 8913269302512093833 saw radiation_level.Green
2026-01-29 19:05:58,236 - varanus - INFO - In state 8913269302512093833 saw radiation_level.Green
2026-01-29 19:05:58,237 - varanus - INFO - In state 8913269302512093833 saw radiation_level.Green
2026-01-29 19:05:58,237 - varanus - INFO - In state 8913269302512093833 saw radiation_level.Green
2026-01-29 19:05:58,237 - varanus - INFO - In state 8913269302512093833 saw radiation_level.Green
2026-01-29 19:05:58,238 - varanus - INFO - In state 8913269302512093833 saw radiation_level.Green
2026-01-29 19:05:58,238 - varanus - INFO - In state 8913269302512093833 saw radiation_level.Green
2026-01-29 19:05:58,238 - varanus - INFO - In state 8913269302512093833 saw radiation_level.Green
2026-01-29 19:05:58,239 - varanus - INFO - In state 8913269302512093833 saw radiation_level.Green
2026-01-29 19:05:58,239 - varanus - INFO - In state 8913269302512093833 saw radiation_level.Green
2026-01-29 19:05:58,239 - varanus - INFO - In state 8913269302512093833 saw radiation_level.Green
2026-01-29 19:05:58,240 - varanus - INFO - In state 8913269302512093833 saw radiation_level.Green
2026-01-29 19:05:58,240 - varanus - INFO - In state 8913269302512093833 saw radiation_level.Green
2026-01-29 19:05:58,241 - varanus - INFO - In state 8913269302512093833 saw radiation_level.Green
2026-01-29 19:05:58,241 - varanus - INFO - In state 8913269302512093833 saw radiation_level.Green
2026-01-29 19:05:58,241 - varanus - INFO - In state 8913269302512093833 saw radiation_level.Green
2026-01-29 19:05:58,242 - varanus - INFO - In state 8913269302512093833 saw radiation_level.Green
2026-01-29 19:05:58,242 - varanus - INFO - In state 8913269302512093833 saw radiation_level.Green
2026-01-29 19:05:58,242 - varanus - INFO - In state 8913269302512093833 saw radiation_level.Green
2026-01-29 19:05:58,243 - varanus - INFO - In state 8913269302512093833 saw radiation_level.Green
2026-01-29 19:05:58,243 - varanus - INFO - In state 8913269302512093833 saw radiation_level.Green
2026-01-29 19:05:58,243 - varanus - INFO - In state 8913269302512093833 saw radiation_level.Green
2026-01-29 19:05:58,244 - varanus - INFO - In state 8913269302512093833 saw radiation_level.Green
2026-01-29 19:05:58,244 - varanus - INFO - In state 8913269302512093833 saw arrived_at.4
2026-01-29 19:05:58,244 - varanus - INFO - In state 162574267969549523 saw radiation_level.Green
2026-01-29 19:05:58,245 - varanus - INFO - In state 162574267969549523 saw inspect.4
2026-01-29 19:05:58,245 - varanus - INFO - In state 11518999430799532033 saw radiation_level.Green
2026-01-29 19:05:58,245 - varanus - INFO - In state 11518999430799532033 saw radiation_level.Green
2026-01-29 19:05:58,246 - varanus - INFO - In state 11518999430799532033 saw inspected.4
2026-01-29 19:05:58,246 - varanus - INFO - In state 1071502396488624108 saw radiation_level.Green
2026-01-29 19:05:58,246 - varanus - INFO - In state 1071502396488624108 saw move.5
2026-01-29 19:05:58,247 - varanus - INFO - In state 8840838117653732805 saw radiation_level.Green
2026-01-29 19:05:58,247 - varanus - INFO - In state 8840838117653732805 saw radiation_level.Green
2026-01-29 19:05:58,248 - varanus - INFO - In state 8840838117653732805 saw radiation_level.Green
2026-01-29 19:05:58,248 - varanus - INFO - In state 8840838117653732805 saw radiation_level.Green
2026-01-29 19:05:58,248 - varanus - INFO - In state 8840838117653732805 saw radiation_level.Green
2026-01-29 19:05:58,249 - varanus - INFO - In state 8840838117653732805 saw radiation_level.Green
2026-01-29 19:05:58,249 - varanus - INFO - In state 8840838117653732805 saw radiation_level.Green
2026-01-29 19:05:58,249 - varanus - INFO - In state 8840838117653732805 saw radiation_level.Green
2026-01-29 19:05:58,250 - varanus - INFO - In state 8840838117653732805 saw radiation_level.Green
2026-01-29 19:05:58,250 - varanus - INFO - In state 8840838117653732805 saw radiation_level.Green
2026-01-29 19:05:58,251 - varanus - INFO - In state 8840838117653732805 saw radiation_level.Green
2026-01-29 19:05:58,251 - varanus - INFO - In state 8840838117653732805 saw radiation_level.Green
2026-01-29 19:05:58,251 - varanus - INFO - In state 8840838117653732805 saw arrived_at.5
2026-01-29 19:05:58,252 - varanus - INFO - In state 11796252357409124059 saw radiation_level.Green
2026-01-29 19:05:58,252 - varanus - INFO - In state 11796252357409124059 saw inspect.5
2026-01-29 19:05:58,252 - varanus - INFO - In state 14769194920431684038 saw radiation_level.Green
2026-01-29 19:05:58,253 - varanus - INFO - In state 14769194920431684038 saw radiation_level.Green
2026-01-29 19:05:58,253 - varanus - INFO - In state 14769194920431684038 saw inspected.5
2026-01-29 19:05:58,253 - varanus - INFO - In state 14789682402440888388 saw radiation_level.Green
2026-01-29 19:05:58,254 - varanus - INFO - In state 14789682402440888388 saw radiation_level.Green
2026-01-29 19:05:58,254 - varanus - INFO - In state 14789682402440888388 saw radiation_level.Green
2026-01-29 19:05:58,254 - varanus - INFO - In state 14789682402440888388 saw move.0
2026-01-29 19:05:58,255 - varanus - INFO - In state 4873469397254139780 saw radiation_level.Green
2026-01-29 19:05:58,255 - varanus - INFO - In state 4873469397254139780 saw radiation_level.Green
2026-01-29 19:05:58,256 - varanus - INFO - In state 4873469397254139780 saw radiation_level.Green
2026-01-29 19:05:58,256 - varanus - INFO - In state 4873469397254139780 saw radiation_level.Green
2026-01-29 19:05:58,256 - varanus - INFO - In state 4873469397254139780 saw radiation_level.Green
2026-01-29 19:05:58,257 - varanus - INFO - In state 4873469397254139780 saw radiation_level.Green
2026-01-29 19:05:58,257 - varanus - INFO - In state 4873469397254139780 saw radiation_level.Green
2026-01-29 19:05:58,257 - varanus - INFO - In state 4873469397254139780 saw radiation_level.Green
2026-01-29 19:05:58,258 - varanus - INFO - In state 4873469397254139780 saw radiation_level.Green
2026-01-29 19:05:58,258 - varanus - INFO - In state 4873469397254139780 saw radiation_level.Green
2026-01-29 19:05:58,259 - varanus - INFO - In state 4873469397254139780 saw radiation_level.Green
2026-01-29 19:05:58,259 - varanus - INFO - In state 4873469397254139780 saw radiation_level.Green
2026-01-29 19:05:58,259 - varanus - INFO - In state 4873469397254139780 saw radiation_level.Green
2026-01-29 19:05:58,260 - varanus - INFO - In state 4873469397254139780 saw radiation_level.Green
2026-01-29 19:05:58,260 - varanus - INFO - In state 4873469397254139780 saw radiation_level.Green
2026-01-29 19:05:58,260 - varanus - INFO - In state 4873469397254139780 saw radiation_level.Green
2026-01-29 19:05:58,261 - varanus - INFO - In state 4873469397254139780 saw radiation_level.Green
2026-01-29 19:05:58,261 - varanus - INFO - In state 4873469397254139780 saw arrived_at.0
2026-01-29 19:05:58,261 - varanus - INFO - In state 10331207552863718274 saw radiation_level.Green
2026-01-29 19:05:58,262 - varanus - INFO - Trace file finished with no violations
2026-01-29 19:05:58,264 - varanus - INFO - +++ Build Time: 			0.315911769867s +++
2026-01-29 19:05:58,264 - varanus - INFO - +++ Check Time: 			0.104076862335s +++
2026-01-29 19:05:58,264 - varanus - INFO - +++ Average Transition Time: 	0.000370623216097s (233 events) +++
2026-01-29 19:05:58,264 - varanus - INFO - +++ Total Time: 			0.446527004242s +++
