2026-01-29 19:05:56,280 - varanus - INFO - +++ Testing rover_model_ras_pass +++
2026-01-29 19:05:56,280 - varanus - INFO - Preprocessing...
2026-01-29 19:05:56,280 - varanus - INFO - Preprocessing: pass
2026-01-29 19:05:56,280 - varanus - INFO - +++ Running Offline +++
2026-01-29 19:05:56,302 - varanus - INFO - Building CSP State Machine. Please Wait
2026-01-29 19:05:56,542 - varanus - INFO - Building CSP State Machine
2026-01-29 19:05:56,623 - varanus - INFO - +++ checking that normal(ROVER_SYSTEM) is deterministic with given alphabets +++
2026-01-29 19:05:56,623 - varanus - INFO - +++ starting monitoring against normal(ROVER_SYSTEM) +++
2026-01-29 19:05:56,623 - varanus - INFO - +++ Running Offline -- Using State Machine +++
2026-01-29 19:05:56,624 - varanus - INFO - Parsing trace file at: oracles/inspection-rover-ras/trace-json-pass.txt
2026-01-29 19:05:56,640 - varanus - INFO - Parsed trace file OK
2026-01-29 19:05:56,640 - varanus - INFO - Checking trace file: oracles/inspection-rover-ras/trace-json-pass.txt
2026-01-29 19:05:56,640 - varanus - INFO - In state 6706320920252439311 saw radiation_level.Green
2026-01-29 19:05:56,640 - varanus - INFO - In state 6706320920252439311 saw radiation_level.Green
2026-01-29 19:05:56,641 - varanus - INFO - In state 6706320920252439311 saw radiation_level.Green
2026-01-29 19:05:56,641 - varanus - INFO - In state 6706320920252439311 saw radiation_level.Green
2026-01-29 19:05:56,641 - varanus - INFO - In state 6706320920252439311 saw radiation_level.Green
2026-01-29 19:05:56,641 - varanus - INFO - In state 6706320920252439311 saw radiation_level.Green
2026-01-29 19:05:56,642 - varanus - INFO - In state 6706320920252439311 saw radiation_level.Green
2026-01-29 19:05:56,642 - varanus - INFO - In state 6706320920252439311 saw radiation_level.Green
2026-01-29 19:05:56,642 - varanus - INFO - In state 6706320920252439311 saw radiation_level.Green
2026-01-29 19:05:56,642 - varanus - INFO - In state 6706320920252439311 saw radiation_level.Green
2026-01-29 19:05:56,643 - varanus - INFO - In state 6706320920252439311 saw radiation_level.Green
2026-01-29 19:05:56,643 - varanus - INFO - In state 6706320920252439311 saw radiation_level.Green
2026-01-29 19:05:56,643 - varanus - INFO - In state 6706320920252439311 saw radiation_level.Green
2026-01-29 19:05:56,643 - varanus - INFO - In state 6706320920252439311 saw radiation_level.Green
2026-01-29 19:05:56,644 - varanus - INFO - In state 6706320920252439311 saw radiation_level.Green
2026-01-29 19:05:56,644 - varanus - INFO - In state 6706320920252439311 saw radiation_level.Green
2026-01-29 19:05:56,644 - varanus - INFO - In state 6706320920252439311 saw radiation_level.Green
2026-01-29 19:05:56,644 - varanus - INFO - In state 6706320920252439311 saw radiation_level.Green
2026-01-29 19:05:56,645 - varanus - INFO - In state 6706320920252439311 saw radiation_level.Green
2026-01-29 19:05:56,645 - varanus - INFO - In state 6706320920252439311 saw radiation_level.Green
2026-01-29 19:05:56,645 - varanus - INFO - In state 6706320920252439311 saw radiation_level.Green
2026-01-29 19:05:56,645 - varanus - INFO - In state 6706320920252439311 saw radiation_level.Green
2026-01-29 19:05:56,646 - varanus - INFO - In state 6706320920252439311 saw radiation_level.Green
2026-01-29 19:05:56,646 - varanus - INFO - In state 6706320920252439311 saw radiation_level.Green
2026-01-29 19:05:56,646 - varanus - INFO - In state 6706320920252439311 saw radiation_level.Green
2026-01-29 19:05:56,646 - varanus - INFO - In state 6706320920252439311 saw radiation_level.Green
2026-01-29 19:05:56,647 - varanus - INFO - In state 6706320920252439311 saw radiation_level.Green
2026-01-29 19:05:56,647 - varanus - INFO - In state 6706320920252439311 saw radiation_level.Green
2026-01-29 19:05:56,647 - varanus - INFO - In state 6706320920252439311 saw radiation_level.Green
2026-01-29 19:05:56,647 - varanus - INFO - In state 6706320920252439311 saw radiation_level.Green
2026-01-29 19:05:56,648 - varanus - INFO - In state 6706320920252439311 saw radiation_level.Green
2026-01-29 19:05:56,648 - varanus - INFO - In state 6706320920252439311 saw radiation_level.Green
2026-01-29 19:05:56,648 - varanus - INFO - In state 6706320920252439311 saw radiation_level.Green
2026-01-29 19:05:56,648 - varanus - INFO - In state 6706320920252439311 saw radiation_level.Green
2026-01-29 19:05:56,649 - varanus - INFO - In state 6706320920252439311 saw radiation_level.Green
2026-01-29 19:05:56,649 - varanus - INFO - In state 6706320920252439311 saw radiation_level.Green
2026-01-29 19:05:56,649 - varanus - INFO - In state 6706320920252439311 saw radiation_level.Green
2026-01-29 19:05:56,649 - varanus - INFO - In state 6706320920252439311 saw radiation_level.Green
2026-01-29 19:05:56,650 - varanus - INFO - In state 6706320920252439311 saw radiation_level.Green
2026-01-29 19:05:56,650 - varanus - INFO - In state 6706320920252439311 saw radiation_level.Green
2026-01-29 19:05:56,650 - varanus - INFO - In state 6706320920252439311 saw radiation_level.Green
2026-01-29 19:05:56,650 - varanus - INFO - In state 6706320920252439311 saw radiation_level.Green
2026-01-29 19:05:56,651 - varanus - INFO - In state 6706320920252439311 saw radiation_level.Green
2026-01-29 19:05:56,651 - varanus - INFO - In state 6706320920252439311 saw radiation_level.Green
2026-01-29 19:05:56,651 - varanus - INFO - In state 6706320920252439311 saw radiation_level.Green
2026-01-29 19:05:56,651 - varanus - INFO - In state 6706320920252439311 saw radiation_level.Green
2026-01-29 19:05:56,652 - varanus - INFO - In state 6706320920252439311 saw radiation_level.Green
2026-01-29 19:05:56,652 - varanus - INFO - In state 6706320920252439311 saw radiation_level.Green
2026-01-29 19:05:56,652 - varanus - INFO - In state 6706320920252439311 saw radiation_level.Green
2026-01-29 19:05:56,652 - varanus - INFO - In state 6706320920252439311 saw radiation_level.Green
2026-01-29 19:05:56,652 - varanus - INFO - In state 6706320920252439311 saw radiation_level.Green
2026-01-29 19:05:56,653 - varanus - INFO - In state 6706320920252439311 saw radiation_level.Green
2026-01-29 19:05:56,653 - varanus - INFO - In state 6706320920252439311 saw radiation_level.Green
2026-01-29 19:05:56,653 - varanus - INFO - In state 6706320920252439311 saw radiation_level.Green
2026-01-29 19:05:56,653 - varanus - INFO - In state 6706320920252439311 saw radiation_level.Green
2026-01-29 19:05:56,654 - varanus - INFO - In state 6706320920252439311 saw radiation_level.Green
2026-01-29 19:05:56,654 - varanus - INFO - In state 6706320920252439311 saw radiation_level.Green
2026-01-29 19:05:56,654 - varanus - INFO - In state 6706320920252439311 saw radiation_level.Green
2026-01-29 19:05:56,654 - varanus - INFO - In state 6706320920252439311 saw radiation_level.Green
2026-01-29 19:05:56,655 - varanus - INFO - In state 6706320920252439311 saw radiation_level.Green
2026-01-29 19:05:56,655 - varanus - INFO - In state 6706320920252439311 saw radiation_level.Green
2026-01-29 19:05:56,655 - varanus - INFO - In state 6706320920252439311 saw radiation_level.Green
2026-01-29 19:05:56,655 - varanus - INFO - In state 6706320920252439311 saw radiation_level.Green
2026-01-29 19:05:56,656 - varanus - INFO - In state 6706320920252439311 saw radiation_level.Green
2026-01-29 19:05:56,656 - varanus - INFO - In state 6706320920252439311 saw radiation_level.Green
2026-01-29 19:05:56,656 - varanus - INFO - In state 6706320920252439311 saw radiation_level.Green
2026-01-29 19:05:56,656 - varanus - INFO - In state 6706320920252439311 saw radiation_level.Green
2026-01-29 19:05:56,657 - varanus - INFO - In state 6706320920252439311 saw radiation_level.Green
2026-01-29 19:05:56,657 - varanus - INFO - In state 6706320920252439311 saw radiation_level.Green
2026-01-29 19:05:56,657 - varanus - INFO - In state 6706320920252439311 saw radiation_level.Green
2026-01-29 19:05:56,657 - varanus - INFO - In state 6706320920252439311 saw radiation_level.Green
2026-01-29 19:05:56,658 - varanus - INFO - In state 6706320920252439311 saw radiation_level.Green
2026-01-29 19:05:56,658 - varanus - INFO - In state 6706320920252439311 saw radiation_level.Green
2026-01-29 19:05:56,658 - varanus - INFO - In state 6706320920252439311 saw move.1
2026-01-29 19:05:56,658 - varanus - INFO - In state 7211846245439209908 saw radiation_level.Green
2026-01-29 19:05:56,659 - varanus - INFO - In state 7211846245439209908 saw radiation_level.Green
2026-01-29 19:05:56,659 - varanus - INFO - In state 7211846245439209908 saw radiation_level.Green
2026-01-29 19:05:56,659 - varanus - INFO - In state 7211846245439209908 saw radiation_level.Green
2026-01-29 19:05:56,659 - varanus - INFO - In state 7211846245439209908 saw radiation_level.Green
2026-01-29 19:05:56,660 - varanus - INFO - In state 7211846245439209908 saw radiation_level.Green
2026-01-29 19:05:56,660 - varanus - INFO - In state 7211846245439209908 saw radiation_level.Green
2026-01-29 19:05:56,660 - varanus - INFO - In state 7211846245439209908 saw radiation_level.Green
2026-01-29 19:05:56,660 - varanus - INFO - In state 7211846245439209908 saw radiation_level.Green
2026-01-29 19:05:56,661 - varanus - INFO - In state 7211846245439209908 saw radiation_level.Green
2026-01-29 19:05:56,661 - varanus - INFO - In state 7211846245439209908 saw radiation_level.Green
2026-01-29 19:05:56,661 - varanus - INFO - In state 7211846245439209908 saw radiation_level.Green
2026-01-29 19:05:56,661 - varanus - INFO - In state 7211846245439209908 saw radiation_level.Green
2026-01-29 19:05:56,661 - varanus - INFO - In state 7211846245439209908 saw radiation_level.Green
2026-01-29 19:05:56,662 - varanus - INFO - In state 7211846245439209908 saw radiation_level.Green
2026-01-29 19:05:56,662 - varanus - INFO - In state 7211846245439209908 saw radiation_level.Green
2026-01-29 19:05:56,662 - varanus - INFO - In state 7211846245439209908 saw radiation_level.Green
2026-01-29 19:05:56,662 - varanus - INFO - In state 7211846245439209908 saw arrived_at.1
2026-01-29 19:05:56,663 - varanus - INFO - In state 10261768897652040890 saw radiation_level.Green
2026-01-29 19:05:56,663 - varanus - INFO - In state 10261768897652040890 saw inspect.1
2026-01-29 19:05:56,663 - varanus - INFO - In state 17059743875309732985 saw radiation_level.Green
2026-01-29 19:05:56,663 - varanus - INFO - In state 17059743875309732985 saw radiation_level.Green
2026-01-29 19:05:56,664 - varanus - INFO - In state 17059743875309732985 saw radiation_level.Green
2026-01-29 19:05:56,664 - varanus - INFO - In state 17059743875309732985 saw inspected.1
2026-01-29 19:05:56,664 - varanus - INFO - In state 4556553826494422719 saw radiation_level.Green
2026-01-29 19:05:56,664 - varanus - INFO - In state 4556553826494422719 saw move.2
2026-01-29 19:05:56,665 - varanus - INFO - In state 13030611131465497699 saw radiation_level.Green
2026-01-29 19:05:56,665 - varanus - INFO - In state 13030611131465497699 saw radiation_level.Green
2026-01-29 19:05:56,665 - varanus - INFO - In state 13030611131465497699 saw radiation_level.Green
2026-01-29 19:05:56,665 - varanus - INFO - In state 13030611131465497699 saw radiation_level.Green
2026-01-29 19:05:56,666 - varanus - INFO - In state 13030611131465497699 saw radiation_level.Green
2026-01-29 19:05:56,666 - varanus - INFO - In state 13030611131465497699 saw radiation_level.Green
2026-01-29 19:05:56,666 - varanus - INFO - In state 13030611131465497699 saw radiation_level.Green
2026-01-29 19:05:56,666 - varanus - INFO - In state 13030611131465497699 saw radiation_level.Green
2026-01-29 19:05:56,667 - varanus - INFO - In state 13030611131465497699 saw radiation_level.Green
2026-01-29 19:05:56,667 - varanus - INFO - In state 13030611131465497699 saw radiation_level.Green
2026-01-29 19:05:56,667 - varanus - INFO - In state 13030611131465497699 saw radiation_level.Green
2026-01-29 19:05:56,670 - varanus - INFO - In state 13030611131465497699 saw radiation_level.Green
2026-01-29 19:05:56,671 - varanus - INFO - In state 13030611131465497699 saw radiation_level.Green
2026-01-29 19:05:56,671 - varanus - INFO - In state 13030611131465497699 saw radiation_level.Green
2026-01-29 19:05:56,671 - varanus - INFO - In state 13030611131465497699 saw radiation_level.Green
2026-01-29 19:05:56,672 - varanus - INFO - In state 13030611131465497699 saw radiation_level.Green
2026-01-29 19:05:56,672 - varanus - INFO - In state 13030611131465497699 saw radiation_level.Green
2026-01-29 19:05:56,672 - varanus - INFO - In state 13030611131465497699 saw radiation_level.Green
2026-01-29 19:05:56,672 - varanus - INFO - In state 13030611131465497699 saw radiation_level.Green
2026-01-29 19:05:56,673 - varanus - INFO - In state 13030611131465497699 saw radiation_level.Green
2026-01-29 19:05:56,673 - varanus - INFO - In state 13030611131465497699 saw radiation_level.Green
2026-01-29 19:05:56,673 - varanus - INFO - In state 13030611131465497699 saw radiation_level.Green
2026-01-29 19:05:56,674 - varanus - INFO - In state 13030611131465497699 saw radiation_level.Green
2026-01-29 19:05:56,674 - varanus - INFO - In state 13030611131465497699 saw radiation_level.Green
2026-01-29 19:05:56,674 - varanus - INFO - In state 13030611131465497699 saw radiation_level.Green
2026-01-29 19:05:56,674 - varanus - INFO - In state 13030611131465497699 saw radiation_level.Green
2026-01-29 19:05:56,675 - varanus - INFO - In state 13030611131465497699 saw arrived_at.2
2026-01-29 19:05:56,675 - varanus - INFO - In state 12708368547058107902 saw radiation_level.Green
2026-01-29 19:05:56,675 - varanus - INFO - In state 12708368547058107902 saw inspect.2
2026-01-29 19:05:56,675 - varanus - INFO - In state 10754129796640851007 saw radiation_level.Green
2026-01-29 19:05:56,676 - varanus - INFO - In state 10754129796640851007 saw radiation_level.Green
2026-01-29 19:05:56,676 - varanus - INFO - In state 10754129796640851007 saw radiation_level.Green
2026-01-29 19:05:56,676 - varanus - INFO - In state 10754129796640851007 saw inspected.2
2026-01-29 19:05:56,676 - varanus - INFO - In state 10177341285736213011 saw move.3
2026-01-29 19:05:56,677 - varanus - INFO - In state 9032829754056307460 saw radiation_level.Green
2026-01-29 19:05:56,677 - varanus - INFO - In state 9032829754056307460 saw radiation_level.Green
2026-01-29 19:05:56,677 - varanus - INFO - In state 9032829754056307460 saw radiation_level.Green
2026-01-29 19:05:56,677 - varanus - INFO - In state 9032829754056307460 saw radiation_level.Green
2026-01-29 19:05:56,678 - varanus - INFO - In state 9032829754056307460 saw radiation_level.Green
2026-01-29 19:05:56,678 - varanus - INFO - In state 9032829754056307460 saw radiation_level.Green
2026-01-29 19:05:56,678 - varanus - INFO - In state 9032829754056307460 saw radiation_level.Green
2026-01-29 19:05:56,678 - varanus - INFO - In state 9032829754056307460 saw radiation_level.Green
2026-01-29 19:05:56,679 - varanus - INFO - In state 9032829754056307460 saw radiation_level.Green
2026-01-29 19:05:56,679 - varanus - INFO - In state 9032829754056307460 saw radiation_level.Green
2026-01-29 19:05:56,679 - varanus - INFO - In state 9032829754056307460 saw radiation_level.Green
2026-01-29 19:05:56,679 - varanus - INFO - In state 9032829754056307460 saw radiation_level.Green
2026-01-29 19:05:56,680 - varanus - INFO - In state 9032829754056307460 saw radiation_level.Green
2026-01-29 19:05:56,680 - varanus - INFO - In state 9032829754056307460 saw radiation_level.Green
2026-01-29 19:05:56,680 - varanus - INFO - In state 9032829754056307460 saw radiation_level.Green
2026-01-29 19:05:56,680 - varanus - INFO - In state 9032829754056307460 saw radiation_level.Green
2026-01-29 19:05:56,681 - varanus - INFO - In state 9032829754056307460 saw radiation_level.Green
2026-01-29 19:05:56,681 - varanus - INFO - In state 9032829754056307460 saw radiation_level.Green
2026-01-29 19:05:56,681 - varanus - INFO - In state 9032829754056307460 saw radiation_level.Green
2026-01-29 19:05:56,681 - varanus - INFO - In state 9032829754056307460 saw arrived_at.3
2026-01-29 19:05:56,682 - varanus - INFO - In state 5390127886291351538 saw inspect.3
2026-01-29 19:05:56,682 - varanus - INFO - In state 9596820191747577320 saw radiation_level.Green
2026-01-29 19:05:56,682 - varanus - INFO - In state 9596820191747577320 saw radiation_level.Green
2026-01-29 19:05:56,682 - varanus - INFO - In state 9596820191747577320 saw radiation_level.Green
2026-01-29 19:05:56,683 - varanus - INFO - In state 9596820191747577320 saw inspected.3
2026-01-29 19:05:56,683 - varanus - INFO - In state 11741425350770578110 saw radiation_level.Green
2026-01-29 19:05:56,683 - varanus - INFO - In state 11741425350770578110 saw move.4
2026-01-29 19:05:56,683 - varanus - INFO - In state 11194768165082767284 saw radiation_level.Green
2026-01-29 19:05:56,685 - varanus - INFO - In state 11194768165082767284 saw radiation_level.Green
2026-01-29 19:05:56,685 - varanus - INFO - In state 11194768165082767284 saw radiation_level.Green
2026-01-29 19:05:56,685 - varanus - INFO - In state 11194768165082767284 saw radiation_level.Green
2026-01-29 19:05:56,686 - varanus - INFO - In state 11194768165082767284 saw radiation_level.Green
2026-01-29 19:05:56,686 - varanus - INFO - In state 11194768165082767284 saw radiation_level.Green
2026-01-29 19:05:56,686 - varanus - INFO - In state 11194768165082767284 saw radiation_level.Green
2026-01-29 19:05:56,686 - varanus - INFO - In state 11194768165082767284 saw radiation_level.Green
2026-01-29 19:05:56,687 - varanus - INFO - In state 11194768165082767284 saw radiation_level.Green
2026-01-29 19:05:56,687 - varanus - INFO - In state 11194768165082767284 saw radiation_level.Green
2026-01-29 19:05:56,687 - varanus - INFO - In state 11194768165082767284 saw radiation_level.Green
2026-01-29 19:05:56,687 - varanus - INFO - In state 11194768165082767284 saw radiation_level.Green
2026-01-29 19:05:56,688 - varanus - INFO - In state 11194768165082767284 saw radiation_level.Green
2026-01-29 19:05:56,688 - varanus - INFO - In state 11194768165082767284 saw radiation_level.Green
2026-01-29 19:05:56,688 - varanus - INFO - In state 11194768165082767284 saw radiation_level.Green
2026-01-29 19:05:56,688 - varanus - INFO - In state 11194768165082767284 saw radiation_level.Green
2026-01-29 19:05:56,689 - varanus - INFO - In state 11194768165082767284 saw radiation_level.Green
2026-01-29 19:05:56,689 - varanus - INFO - In state 11194768165082767284 saw radiation_level.Green
2026-01-29 19:05:56,689 - varanus - INFO - In state 11194768165082767284 saw radiation_level.Green
2026-01-29 19:05:56,689 - varanus - INFO - In state 11194768165082767284 saw radiation_level.Green
2026-01-29 19:05:56,690 - varanus - INFO - In state 11194768165082767284 saw radiation_level.Green
2026-01-29 19:05:56,690 - varanus - INFO - In state 11194768165082767284 saw radiation_level.Green
2026-01-29 19:05:56,690 - varanus - INFO - In state 11194768165082767284 saw radiation_level.Green
2026-01-29 19:05:56,690 - varanus - INFO - In state 11194768165082767284 saw arrived_at.4
2026-01-29 19:05:56,691 - varanus - INFO - In state 421518633948493802 saw radiation_level.Green
2026-01-29 19:05:56,691 - varanus - INFO - In state 421518633948493802 saw inspect.4
2026-01-29 19:05:56,691 - varanus - INFO - In state 3061463758669814955 saw radiation_level.Green
2026-01-29 19:05:56,691 - varanus - INFO - In state 3061463758669814955 saw radiation_level.Green
2026-01-29 19:05:56,692 - varanus - INFO - In state 3061463758669814955 saw inspected.4
2026-01-29 19:05:56,692 - varanus - INFO - In state 1071502396488624108 saw radiation_level.Green
2026-01-29 19:05:56,692 - varanus - INFO - In state 1071502396488624108 saw move.5
2026-01-29 19:05:56,692 - varanus - INFO - In state 5447293798886156073 saw radiation_level.Green
2026-01-29 19:05:56,693 - varanus - INFO - In state 5447293798886156073 saw radiation_level.Green
2026-01-29 19:05:56,693 - varanus - INFO - In state 5447293798886156073 saw radiation_level.Green
2026-01-29 19:05:56,693 - varanus - INFO - In state 5447293798886156073 saw radiation_level.Green
2026-01-29 19:05:56,693 - varanus - INFO - In state 5447293798886156073 saw radiation_level.Green
2026-01-29 19:05:56,694 - varanus - INFO - In state 5447293798886156073 saw radiation_level.Green
2026-01-29 19:05:56,694 - varanus - INFO - In state 5447293798886156073 saw radiation_level.Green
2026-01-29 19:05:56,694 - varanus - INFO - In state 5447293798886156073 saw radiation_level.Green
2026-01-29 19:05:56,694 - varanus - INFO - In state 5447293798886156073 saw radiation_level.Green
2026-01-29 19:05:56,695 - varanus - INFO - In state 5447293798886156073 saw radiation_level.Green
2026-01-29 19:05:56,695 - varanus - INFO - In state 5447293798886156073 saw radiation_level.Green
2026-01-29 19:05:56,695 - varanus - INFO - In state 5447293798886156073 saw radiation_level.Green
2026-01-29 19:05:56,695 - varanus - INFO - In state 5447293798886156073 saw arrived_at.5
2026-01-29 19:05:56,696 - varanus - INFO - In state 15364471679895430474 saw radiation_level.Green
2026-01-29 19:05:56,696 - varanus - INFO - In state 15364471679895430474 saw inspect.5
2026-01-29 19:05:56,696 - varanus - INFO - In state 465611500842186111 saw radiation_level.Green
2026-01-29 19:05:56,696 - varanus - INFO - In state 465611500842186111 saw radiation_level.Green
2026-01-29 19:05:56,697 - varanus - INFO - In state 465611500842186111 saw inspected.5
2026-01-29 19:05:56,697 - varanus - INFO - In state 14789682402440888388 saw radiation_level.Green
2026-01-29 19:05:56,697 - varanus - INFO - In state 14789682402440888388 saw radiation_level.Green
2026-01-29 19:05:56,697 - varanus - INFO - In state 14789682402440888388 saw radiation_level.Green
2026-01-29 19:05:56,698 - varanus - INFO - In state 14789682402440888388 saw move.0
2026-01-29 19:05:56,698 - varanus - INFO - In state 4873469397254139780 saw radiation_level.Green
2026-01-29 19:05:56,698 - varanus - INFO - In state 4873469397254139780 saw radiation_level.Green
2026-01-29 19:05:56,699 - varanus - INFO - In state 4873469397254139780 saw radiation_level.Green
2026-01-29 19:05:56,699 - varanus - INFO - In state 4873469397254139780 saw radiation_level.Green
2026-01-29 19:05:56,699 - varanus - INFO - In state 4873469397254139780 saw radiation_level.Green
2026-01-29 19:05:56,699 - varanus - INFO - In state 4873469397254139780 saw radiation_level.Green
2026-01-29 19:05:56,700 - varanus - INFO - In state 4873469397254139780 saw radiation_level.Green
2026-01-29 19:05:56,700 - varanus - INFO - In state 4873469397254139780 saw radiation_level.Green
2026-01-29 19:05:56,700 - varanus - INFO - In state 4873469397254139780 saw radiation_level.Green
2026-01-29 19:05:56,701 - varanus - INFO - In state 4873469397254139780 saw radiation_level.Green
2026-01-29 19:05:56,702 - varanus - INFO - In state 4873469397254139780 saw radiation_level.Green
2026-01-29 19:05:56,702 - varanus - INFO - In state 4873469397254139780 saw radiation_level.Green
2026-01-29 19:05:56,702 - varanus - INFO - In state 4873469397254139780 saw radiation_level.Green
2026-01-29 19:05:56,703 - varanus - INFO - In state 4873469397254139780 saw radiation_level.Green
2026-01-29 19:05:56,703 - varanus - INFO - In state 4873469397254139780 saw radiation_level.Green
2026-01-29 19:05:56,703 - varanus - INFO - In state 4873469397254139780 saw radiation_level.Green
2026-01-29 19:05:56,703 - varanus - INFO - In state 4873469397254139780 saw radiation_level.Green
2026-01-29 19:05:56,704 - varanus - INFO - In state 4873469397254139780 saw arrived_at.0
2026-01-29 19:05:56,704 - varanus - INFO - In state 10331207552863718274 saw radiation_level.Green
2026-01-29 19:05:56,704 - varanus - INFO - Trace file finished with no violations
2026-01-29 19:05:56,705 - varanus - INFO - +++ Build Time: 			0.320849895477s +++
2026-01-29 19:05:56,706 - varanus - INFO - +++ Check Time: 			0.0805580615997s +++
2026-01-29 19:05:56,706 - varanus - INFO - +++ Average Transition Time: 	0.000271252808141s (233 events) +++
2026-01-29 19:05:56,706 - varanus - INFO - +++ Total Time: 			0.424129009247s +++
