2026-01-29 19:06:06,104 - varanus - INFO - +++ Testing rover_model_ras_pass +++
2026-01-29 19:06:06,104 - varanus - INFO - Preprocessing...
2026-01-29 19:06:06,104 - varanus - INFO - Preprocessing: pass
2026-01-29 19:06:06,104 - varanus - INFO - +++ Running Offline +++
2026-01-29 19:06:06,126 - varanus - INFO - Building CSP State Machine. Please Wait
2026-01-29 19:06:06,345 - varanus - INFO - Building CSP State Machine
2026-01-29 19:06:06,436 - varanus - INFO - +++ checking that normal(ROVER_SYSTEM) is deterministic with given alphabets +++
2026-01-29 19:06:06,436 - varanus - INFO - +++ starting monitoring against normal(ROVER_SYSTEM) +++
2026-01-29 19:06:06,436 - varanus - INFO - +++ Running Offline -- Using State Machine +++
2026-01-29 19:06:06,436 - varanus - INFO - Parsing trace file at: oracles/inspection-rover-ras/trace-json-pass.txt
2026-01-29 19:06:06,454 - varanus - INFO - Parsed trace file OK
2026-01-29 19:06:06,454 - varanus - INFO - Checking trace file: oracles/inspection-rover-ras/trace-json-pass.txt
2026-01-29 19:06:06,455 - varanus - INFO - In state 6706320920252439311 saw radiation_level.Green
2026-01-29 19:06:06,455 - varanus - INFO - In state 6706320920252439311 saw radiation_level.Green
2026-01-29 19:06:06,456 - varanus - INFO - In state 6706320920252439311 saw radiation_level.Green
2026-01-29 19:06:06,456 - varanus - INFO - In state 6706320920252439311 saw radiation_level.Green
2026-01-29 19:06:06,456 - varanus - INFO - In state 6706320920252439311 saw radiation_level.Green
2026-01-29 19:06:06,457 - varanus - INFO - In state 6706320920252439311 saw radiation_level.Green
2026-01-29 19:06:06,457 - varanus - INFO - In state 6706320920252439311 saw radiation_level.Green
2026-01-29 19:06:06,457 - varanus - INFO - In state 6706320920252439311 saw radiation_level.Green
2026-01-29 19:06:06,458 - varanus - INFO - In state 6706320920252439311 saw radiation_level.Green
2026-01-29 19:06:06,458 - varanus - INFO - In state 6706320920252439311 saw radiation_level.Green
2026-01-29 19:06:06,459 - varanus - INFO - In state 6706320920252439311 saw radiation_level.Green
2026-01-29 19:06:06,459 - varanus - INFO - In state 6706320920252439311 saw radiation_level.Green
2026-01-29 19:06:06,459 - varanus - INFO - In state 6706320920252439311 saw radiation_level.Green
2026-01-29 19:06:06,460 - varanus - INFO - In state 6706320920252439311 saw radiation_level.Green
2026-01-29 19:06:06,460 - varanus - INFO - In state 6706320920252439311 saw radiation_level.Green
2026-01-29 19:06:06,461 - varanus - INFO - In state 6706320920252439311 saw radiation_level.Green
2026-01-29 19:06:06,461 - varanus - INFO - In state 6706320920252439311 saw radiation_level.Green
2026-01-29 19:06:06,461 - varanus - INFO - In state 6706320920252439311 saw radiation_level.Green
2026-01-29 19:06:06,462 - varanus - INFO - In state 6706320920252439311 saw radiation_level.Green
2026-01-29 19:06:06,462 - varanus - INFO - In state 6706320920252439311 saw radiation_level.Green
2026-01-29 19:06:06,463 - varanus - INFO - In state 6706320920252439311 saw radiation_level.Green
2026-01-29 19:06:06,463 - varanus - INFO - In state 6706320920252439311 saw radiation_level.Green
2026-01-29 19:06:06,463 - varanus - INFO - In state 6706320920252439311 saw radiation_level.Green
2026-01-29 19:06:06,464 - varanus - INFO - In state 6706320920252439311 saw radiation_level.Green
2026-01-29 19:06:06,464 - varanus - INFO - In state 6706320920252439311 saw radiation_level.Green
2026-01-29 19:06:06,465 - varanus - INFO - In state 6706320920252439311 saw radiation_level.Green
2026-01-29 19:06:06,465 - varanus - INFO - In state 6706320920252439311 saw radiation_level.Green
2026-01-29 19:06:06,465 - varanus - INFO - In state 6706320920252439311 saw radiation_level.Green
2026-01-29 19:06:06,466 - varanus - INFO - In state 6706320920252439311 saw radiation_level.Green
2026-01-29 19:06:06,466 - varanus - INFO - In state 6706320920252439311 saw radiation_level.Green
2026-01-29 19:06:06,467 - varanus - INFO - In state 6706320920252439311 saw radiation_level.Green
2026-01-29 19:06:06,467 - varanus - INFO - In state 6706320920252439311 saw radiation_level.Green
2026-01-29 19:06:06,467 - varanus - INFO - In state 6706320920252439311 saw radiation_level.Green
2026-01-29 19:06:06,468 - varanus - INFO - In state 6706320920252439311 saw radiation_level.Green
2026-01-29 19:06:06,468 - varanus - INFO - In state 6706320920252439311 saw radiation_level.Green
2026-01-29 19:06:06,469 - varanus - INFO - In state 6706320920252439311 saw radiation_level.Green
2026-01-29 19:06:06,469 - varanus - INFO - In state 6706320920252439311 saw radiation_level.Green
2026-01-29 19:06:06,469 - varanus - INFO - In state 6706320920252439311 saw radiation_level.Green
2026-01-29 19:06:06,470 - varanus - INFO - In state 6706320920252439311 saw radiation_level.Green
2026-01-29 19:06:06,470 - varanus - INFO - In state 6706320920252439311 saw radiation_level.Green
2026-01-29 19:06:06,471 - varanus - INFO - In state 6706320920252439311 saw radiation_level.Green
2026-01-29 19:06:06,471 - varanus - INFO - In state 6706320920252439311 saw radiation_level.Green
2026-01-29 19:06:06,471 - varanus - INFO - In state 6706320920252439311 saw radiation_level.Green
2026-01-29 19:06:06,472 - varanus - INFO - In state 6706320920252439311 saw radiation_level.Green
2026-01-29 19:06:06,472 - varanus - INFO - In state 6706320920252439311 saw radiation_level.Green
2026-01-29 19:06:06,472 - varanus - INFO - In state 6706320920252439311 saw radiation_level.Green
2026-01-29 19:06:06,473 - varanus - INFO - In state 6706320920252439311 saw radiation_level.Green
2026-01-29 19:06:06,473 - varanus - INFO - In state 6706320920252439311 saw radiation_level.Green
2026-01-29 19:06:06,474 - varanus - INFO - In state 6706320920252439311 saw radiation_level.Green
2026-01-29 19:06:06,474 - varanus - INFO - In state 6706320920252439311 saw radiation_level.Green
2026-01-29 19:06:06,474 - varanus - INFO - In state 6706320920252439311 saw radiation_level.Green
2026-01-29 19:06:06,475 - varanus - INFO - In state 6706320920252439311 saw radiation_level.Green
2026-01-29 19:06:06,475 - varanus - INFO - In state 6706320920252439311 saw radiation_level.Green
2026-01-29 19:06:06,476 - varanus - INFO - In state 6706320920252439311 saw radiation_level.Green
2026-01-29 19:06:06,476 - varanus - INFO - In state 6706320920252439311 saw radiation_level.Green
2026-01-29 19:06:06,476 - varanus - INFO - In state 6706320920252439311 saw radiation_level.Green
2026-01-29 19:06:06,477 - varanus - INFO - In state 6706320920252439311 saw radiation_level.Green
2026-01-29 19:06:06,477 - varanus - INFO - In state 6706320920252439311 saw radiation_level.Green
2026-01-29 19:06:06,478 - varanus - INFO - In state 6706320920252439311 saw radiation_level.Green
2026-01-29 19:06:06,478 - varanus - INFO - In state 6706320920252439311 saw radiation_level.Green
2026-01-29 19:06:06,478 - varanus - INFO - In state 6706320920252439311 saw radiation_level.Green
2026-01-29 19:06:06,479 - varanus - INFO - In state 6706320920252439311 saw radiation_level.Green
2026-01-29 19:06:06,479 - varanus - INFO - In state 6706320920252439311 saw radiation_level.Green
2026-01-29 19:06:06,480 - varanus - INFO - In state 6706320920252439311 saw radiation_level.Green
2026-01-29 19:06:06,480 - varanus - INFO - In state 6706320920252439311 saw radiation_level.Green
2026-01-29 19:06:06,480 - varanus - INFO - In state 6706320920252439311 saw radiation_level.Green
2026-01-29 19:06:06,481 - varanus - INFO - In state 6706320920252439311 saw radiation_level.Green
2026-01-29 19:06:06,481 - varanus - INFO - In state 6706320920252439311 saw radiation_level.Green
2026-01-29 19:06:06,482 - varanus - INFO - In state 6706320920252439311 saw radiation_level.Green
2026-01-29 19:06:06,482 - varanus - INFO - In state 6706320920252439311 saw radiation_level.Green
2026-01-29 19:06:06,482 - varanus - INFO - In state 6706320920252439311 saw radiation_level.Green
2026-01-29 19:06:06,483 - varanus - INFO - In state 6706320920252439311 saw radiation_level.Green
2026-01-29 19:06:06,483 - varanus - INFO - In state 6706320920252439311 saw radiation_level.Green
2026-01-29 19:06:06,484 - varanus - INFO - In state 6706320920252439311 saw move.1
2026-01-29 19:06:06,484 - varanus - INFO - In state 10261768897652040890 saw radiation_level.Green
2026-01-29 19:06:06,484 - varanus - INFO - In state 10261768897652040890 saw radiation_level.Green
2026-01-29 19:06:06,485 - varanus - INFO - In state 10261768897652040890 saw radiation_level.Green
2026-01-29 19:06:06,485 - varanus - INFO - In state 10261768897652040890 saw radiation_level.Green
2026-01-29 19:06:06,486 - varanus - INFO - In state 10261768897652040890 saw radiation_level.Green
2026-01-29 19:06:06,487 - varanus - INFO - In state 10261768897652040890 saw radiation_level.Green
2026-01-29 19:06:06,488 - varanus - INFO - In state 10261768897652040890 saw radiation_level.Green
2026-01-29 19:06:06,488 - varanus - INFO - In state 10261768897652040890 saw radiation_level.Green
2026-01-29 19:06:06,489 - varanus - INFO - In state 10261768897652040890 saw radiation_level.Green
2026-01-29 19:06:06,489 - varanus - INFO - In state 10261768897652040890 saw radiation_level.Green
2026-01-29 19:06:06,489 - varanus - INFO - In state 10261768897652040890 saw radiation_level.Green
2026-01-29 19:06:06,490 - varanus - INFO - In state 10261768897652040890 saw radiation_level.Green
2026-01-29 19:06:06,490 - varanus - INFO - In state 10261768897652040890 saw radiation_level.Green
2026-01-29 19:06:06,490 - varanus - INFO - In state 10261768897652040890 saw radiation_level.Green
2026-01-29 19:06:06,491 - varanus - INFO - In state 10261768897652040890 saw radiation_level.Green
2026-01-29 19:06:06,491 - varanus - INFO - In state 10261768897652040890 saw radiation_level.Green
2026-01-29 19:06:06,492 - varanus - INFO - In state 10261768897652040890 saw radiation_level.Green
2026-01-29 19:06:06,492 - varanus - INFO - In state 10261768897652040890 saw arrived_at.1
2026-01-29 19:06:06,492 - varanus - INFO - In state 11484522733088990296 saw radiation_level.Green
2026-01-29 19:06:06,493 - varanus - INFO - In state 11484522733088990296 saw inspect.1
2026-01-29 19:06:06,493 - varanus - INFO - In state 17059743875309732985 saw radiation_level.Green
2026-01-29 19:06:06,493 - varanus - INFO - In state 17059743875309732985 saw radiation_level.Green
2026-01-29 19:06:06,494 - varanus - INFO - In state 17059743875309732985 saw radiation_level.Green
2026-01-29 19:06:06,494 - varanus - INFO - In state 17059743875309732985 saw inspected.1
2026-01-29 19:06:06,495 - varanus - INFO - In state 13952162655289761659 saw radiation_level.Green
2026-01-29 19:06:06,495 - varanus - INFO - In state 13952162655289761659 saw move.2
2026-01-29 19:06:06,495 - varanus - INFO - In state 13742088956895862052 saw radiation_level.Green
2026-01-29 19:06:06,496 - varanus - INFO - In state 13742088956895862052 saw radiation_level.Green
2026-01-29 19:06:06,496 - varanus - INFO - In state 13742088956895862052 saw radiation_level.Green
2026-01-29 19:06:06,497 - varanus - INFO - In state 13742088956895862052 saw radiation_level.Green
2026-01-29 19:06:06,497 - varanus - INFO - In state 13742088956895862052 saw radiation_level.Green
2026-01-29 19:06:06,497 - varanus - INFO - In state 13742088956895862052 saw radiation_level.Green
2026-01-29 19:06:06,498 - varanus - INFO - In state 13742088956895862052 saw radiation_level.Green
2026-01-29 19:06:06,498 - varanus - INFO - In state 13742088956895862052 saw radiation_level.Green
2026-01-29 19:06:06,498 - varanus - INFO - In state 13742088956895862052 saw radiation_level.Green
2026-01-29 19:06:06,499 - varanus - INFO - In state 13742088956895862052 saw radiation_level.Green
2026-01-29 19:06:06,499 - varanus - INFO - In state 13742088956895862052 saw radiation_level.Green
2026-01-29 19:06:06,500 - varanus - INFO - In state 13742088956895862052 saw radiation_level.Green
2026-01-29 19:06:06,500 - varanus - INFO - In state 13742088956895862052 saw radiation_level.Green
2026-01-29 19:06:06,500 - varanus - INFO - In state 13742088956895862052 saw radiation_level.Green
2026-01-29 19:06:06,501 - varanus - INFO - In state 13742088956895862052 saw radiation_level.Green
2026-01-29 19:06:06,501 - varanus - INFO - In state 13742088956895862052 saw radiation_level.Green
2026-01-29 19:06:06,502 - varanus - INFO - In state 13742088956895862052 saw radiation_level.Green
2026-01-29 19:06:06,502 - varanus - INFO - In state 13742088956895862052 saw radiation_level.Green
2026-01-29 19:06:06,503 - varanus - INFO - In state 13742088956895862052 saw radiation_level.Green
2026-01-29 19:06:06,503 - varanus - INFO - In state 13742088956895862052 saw radiation_level.Green
2026-01-29 19:06:06,503 - varanus - INFO - In state 13742088956895862052 saw radiation_level.Green
2026-01-29 19:06:06,504 - varanus - INFO - In state 13742088956895862052 saw radiation_level.Green
2026-01-29 19:06:06,504 - varanus - INFO - In state 13742088956895862052 saw radiation_level.Green
2026-01-29 19:06:06,505 - varanus - INFO - In state 13742088956895862052 saw radiation_level.Green
2026-01-29 19:06:06,505 - varanus - INFO - In state 13742088956895862052 saw radiation_level.Green
2026-01-29 19:06:06,506 - varanus - INFO - In state 13742088956895862052 saw radiation_level.Green
2026-01-29 19:06:06,506 - varanus - INFO - In state 13742088956895862052 saw arrived_at.2
2026-01-29 19:06:06,506 - varanus - INFO - In state 39046847996861888 saw radiation_level.Green
2026-01-29 19:06:06,507 - varanus - INFO - In state 39046847996861888 saw inspect.2
2026-01-29 19:06:06,507 - varanus - INFO - In state 9724317845500499752 saw radiation_level.Green
2026-01-29 19:06:06,508 - varanus - INFO - In state 9724317845500499752 saw radiation_level.Green
2026-01-29 19:06:06,508 - varanus - INFO - In state 9724317845500499752 saw radiation_level.Green
2026-01-29 19:06:06,508 - varanus - INFO - In state 9724317845500499752 saw inspected.2
2026-01-29 19:06:06,509 - varanus - INFO - In state 15406177187186613591 saw move.3
2026-01-29 19:06:06,509 - varanus - INFO - In state 8000123207294706869 saw radiation_level.Green
2026-01-29 19:06:06,510 - varanus - INFO - In state 8000123207294706869 saw radiation_level.Green
2026-01-29 19:06:06,510 - varanus - INFO - In state 8000123207294706869 saw radiation_level.Green
2026-01-29 19:06:06,510 - varanus - INFO - In state 8000123207294706869 saw radiation_level.Green
2026-01-29 19:06:06,511 - varanus - INFO - In state 8000123207294706869 saw radiation_level.Green
2026-01-29 19:06:06,511 - varanus - INFO - In state 8000123207294706869 saw radiation_level.Green
2026-01-29 19:06:06,512 - varanus - INFO - In state 8000123207294706869 saw radiation_level.Green
2026-01-29 19:06:06,512 - varanus - INFO - In state 8000123207294706869 saw radiation_level.Green
2026-01-29 19:06:06,512 - varanus - INFO - In state 8000123207294706869 saw radiation_level.Green
2026-01-29 19:06:06,513 - varanus - INFO - In state 8000123207294706869 saw radiation_level.Green
2026-01-29 19:06:06,513 - varanus - INFO - In state 8000123207294706869 saw radiation_level.Green
2026-01-29 19:06:06,514 - varanus - INFO - In state 8000123207294706869 saw radiation_level.Green
2026-01-29 19:06:06,514 - varanus - INFO - In state 8000123207294706869 saw radiation_level.Green
2026-01-29 19:06:06,514 - varanus - INFO - In state 8000123207294706869 saw radiation_level.Green
2026-01-29 19:06:06,515 - varanus - INFO - In state 8000123207294706869 saw radiation_level.Green
2026-01-29 19:06:06,515 - varanus - INFO - In state 8000123207294706869 saw radiation_level.Green
2026-01-29 19:06:06,516 - varanus - INFO - In state 8000123207294706869 saw radiation_level.Green
2026-01-29 19:06:06,516 - varanus - INFO - In state 8000123207294706869 saw radiation_level.Green
2026-01-29 19:06:06,517 - varanus - INFO - In state 8000123207294706869 saw radiation_level.Green
2026-01-29 19:06:06,517 - varanus - INFO - In state 8000123207294706869 saw arrived_at.3
2026-01-29 19:06:06,517 - varanus - INFO - In state 10474454176897157797 saw inspect.3
2026-01-29 19:06:06,518 - varanus - INFO - In state 11220874680820199557 saw radiation_level.Green
2026-01-29 19:06:06,518 - varanus - INFO - In state 11220874680820199557 saw radiation_level.Green
2026-01-29 19:06:06,519 - varanus - INFO - In state 11220874680820199557 saw radiation_level.Green
2026-01-29 19:06:06,519 - varanus - INFO - In state 11220874680820199557 saw inspected.3
2026-01-29 19:06:06,519 - varanus - INFO - In state 6540755551803968803 saw radiation_level.Green
2026-01-29 19:06:06,520 - varanus - INFO - In state 6540755551803968803 saw move.4
2026-01-29 19:06:06,520 - varanus - INFO - In state 10139946144849388290 saw radiation_level.Green
2026-01-29 19:06:06,521 - varanus - INFO - In state 10139946144849388290 saw radiation_level.Green
2026-01-29 19:06:06,521 - varanus - INFO - In state 10139946144849388290 saw radiation_level.Green
2026-01-29 19:06:06,521 - varanus - INFO - In state 10139946144849388290 saw radiation_level.Green
2026-01-29 19:06:06,522 - varanus - INFO - In state 10139946144849388290 saw radiation_level.Green
2026-01-29 19:06:06,522 - varanus - INFO - In state 10139946144849388290 saw radiation_level.Green
2026-01-29 19:06:06,522 - varanus - INFO - In state 10139946144849388290 saw radiation_level.Green
2026-01-29 19:06:06,523 - varanus - INFO - In state 10139946144849388290 saw radiation_level.Green
2026-01-29 19:06:06,523 - varanus - INFO - In state 10139946144849388290 saw radiation_level.Green
2026-01-29 19:06:06,524 - varanus - INFO - In state 10139946144849388290 saw radiation_level.Green
2026-01-29 19:06:06,524 - varanus - INFO - In state 10139946144849388290 saw radiation_level.Green
2026-01-29 19:06:06,524 - varanus - INFO - In state 10139946144849388290 saw radiation_level.Green
2026-01-29 19:06:06,525 - varanus - INFO - In state 10139946144849388290 saw radiation_level.Green
2026-01-29 19:06:06,525 - varanus - INFO - In state 10139946144849388290 saw radiation_level.Green
2026-01-29 19:06:06,525 - varanus - INFO - In state 10139946144849388290 saw radiation_level.Green
2026-01-29 19:06:06,526 - varanus - INFO - In state 10139946144849388290 saw radiation_level.Green
2026-01-29 19:06:06,526 - varanus - INFO - In state 10139946144849388290 saw radiation_level.Green
2026-01-29 19:06:06,527 - varanus - INFO - In state 10139946144849388290 saw radiation_level.Green
2026-01-29 19:06:06,527 - varanus - INFO - In state 10139946144849388290 saw radiation_level.Green
2026-01-29 19:06:06,527 - varanus - INFO - In state 10139946144849388290 saw radiation_level.Green
2026-01-29 19:06:06,528 - varanus - INFO - In state 10139946144849388290 saw radiation_level.Green
2026-01-29 19:06:06,528 - varanus - INFO - In state 10139946144849388290 saw radiation_level.Green
2026-01-29 19:06:06,528 - varanus - INFO - In state 10139946144849388290 saw radiation_level.Green
2026-01-29 19:06:06,529 - varanus - INFO - In state 10139946144849388290 saw arrived_at.4
2026-01-29 19:06:06,529 - varanus - INFO - In state 3706189330701720305 saw radiation_level.Green
2026-01-29 19:06:06,530 - varanus - INFO - In state 3706189330701720305 saw inspect.4
2026-01-29 19:06:06,530 - varanus - INFO - In state 7383282923433262238 saw radiation_level.Green
2026-01-29 19:06:06,530 - varanus - INFO - In state 7383282923433262238 saw radiation_level.Green
2026-01-29 19:06:06,531 - varanus - INFO - In state 7383282923433262238 saw inspected.4
2026-01-29 19:06:06,531 - varanus - INFO - In state 17876842848357541210 saw radiation_level.Green
2026-01-29 19:06:06,532 - varanus - INFO - In state 17876842848357541210 saw move.5
2026-01-29 19:06:06,532 - varanus - INFO - In state 5447293798886156073 saw radiation_level.Green
2026-01-29 19:06:06,532 - varanus - INFO - In state 5447293798886156073 saw radiation_level.Green
2026-01-29 19:06:06,533 - varanus - INFO - In state 5447293798886156073 saw radiation_level.Green
2026-01-29 19:06:06,533 - varanus - INFO - In state 5447293798886156073 saw radiation_level.Green
2026-01-29 19:06:06,533 - varanus - INFO - In state 5447293798886156073 saw radiation_level.Green
2026-01-29 19:06:06,534 - varanus - INFO - In state 5447293798886156073 saw radiation_level.Green
2026-01-29 19:06:06,534 - varanus - INFO - In state 5447293798886156073 saw radiation_level.Green
2026-01-29 19:06:06,535 - varanus - INFO - In state 5447293798886156073 saw radiation_level.Green
2026-01-29 19:06:06,535 - varanus - INFO - In state 5447293798886156073 saw radiation_level.Green
2026-01-29 19:06:06,535 - varanus - INFO - In state 5447293798886156073 saw radiation_level.Green
2026-01-29 19:06:06,536 - varanus - INFO - In state 5447293798886156073 saw radiation_level.Green
2026-01-29 19:06:06,536 - varanus - INFO - In state 5447293798886156073 saw radiation_level.Green
2026-01-29 19:06:06,537 - varanus - INFO - In state 5447293798886156073 saw arrived_at.5
2026-01-29 19:06:06,537 - varanus - INFO - In state 15364471679895430474 saw radiation_level.Green
2026-01-29 19:06:06,537 - varanus - INFO - In state 15364471679895430474 saw inspect.5
2026-01-29 19:06:06,538 - varanus - INFO - In state 465611500842186111 saw radiation_level.Green
2026-01-29 19:06:06,538 - varanus - INFO - In state 465611500842186111 saw radiation_level.Green
2026-01-29 19:06:06,539 - varanus - INFO - In state 465611500842186111 saw inspected.5
2026-01-29 19:06:06,539 - varanus - INFO - In state 14789682402440888388 saw radiation_level.Green
2026-01-29 19:06:06,539 - varanus - INFO - In state 14789682402440888388 saw radiation_level.Green
2026-01-29 19:06:06,540 - varanus - INFO - In state 14789682402440888388 saw radiation_level.Green
2026-01-29 19:06:06,540 - varanus - INFO - In state 14789682402440888388 saw move.0
2026-01-29 19:06:06,541 - varanus - INFO - In state 4873469397254139780 saw radiation_level.Green
2026-01-29 19:06:06,541 - varanus - INFO - In state 4873469397254139780 saw radiation_level.Green
2026-01-29 19:06:06,541 - varanus - INFO - In state 4873469397254139780 saw radiation_level.Green
2026-01-29 19:06:06,542 - varanus - INFO - In state 4873469397254139780 saw radiation_level.Green
2026-01-29 19:06:06,542 - varanus - INFO - In state 4873469397254139780 saw radiation_level.Green
2026-01-29 19:06:06,542 - varanus - INFO - In state 4873469397254139780 saw radiation_level.Green
2026-01-29 19:06:06,543 - varanus - INFO - In state 4873469397254139780 saw radiation_level.Green
2026-01-29 19:06:06,543 - varanus - INFO - In state 4873469397254139780 saw radiation_level.Green
2026-01-29 19:06:06,544 - varanus - INFO - In state 4873469397254139780 saw radiation_level.Green
2026-01-29 19:06:06,544 - varanus - INFO - In state 4873469397254139780 saw radiation_level.Green
2026-01-29 19:06:06,544 - varanus - INFO - In state 4873469397254139780 saw radiation_level.Green
2026-01-29 19:06:06,545 - varanus - INFO - In state 4873469397254139780 saw radiation_level.Green
2026-01-29 19:06:06,545 - varanus - INFO - In state 4873469397254139780 saw radiation_level.Green
2026-01-29 19:06:06,546 - varanus - INFO - In state 4873469397254139780 saw radiation_level.Green
2026-01-29 19:06:06,546 - varanus - INFO - In state 4873469397254139780 saw radiation_level.Green
2026-01-29 19:06:06,546 - varanus - INFO - In state 4873469397254139780 saw radiation_level.Green
2026-01-29 19:06:06,547 - varanus - INFO - In state 4873469397254139780 saw radiation_level.Green
2026-01-29 19:06:06,547 - varanus - INFO - In state 4873469397254139780 saw arrived_at.0
2026-01-29 19:06:06,548 - varanus - INFO - In state 10331207552863718274 saw radiation_level.Green
2026-01-29 19:06:06,548 - varanus - INFO - Trace file finished with no violations
2026-01-29 19:06:06,550 - varanus - INFO - +++ Build Time: 			0.310398101807s +++
2026-01-29 19:06:06,550 - varanus - INFO - +++ Check Time: 			0.111531972885s +++
2026-01-29 19:06:06,550 - varanus - INFO - +++ Average Transition Time: 	0.000395183399512s (233 events) +++
2026-01-29 19:06:06,550 - varanus - INFO - +++ Total Time: 			0.443557977676s +++
