2026-01-29 19:06:04,717 - varanus - INFO - +++ Testing rover_model_ras_pass +++
2026-01-29 19:06:04,718 - varanus - INFO - Preprocessing...
2026-01-29 19:06:04,718 - varanus - INFO - Preprocessing: pass
2026-01-29 19:06:04,718 - varanus - INFO - +++ Running Offline +++
2026-01-29 19:06:04,740 - varanus - INFO - Building CSP State Machine. Please Wait
2026-01-29 19:06:04,979 - varanus - INFO - Building CSP State Machine
2026-01-29 19:06:05,068 - varanus - INFO - +++ checking that normal(ROVER_SYSTEM) is deterministic with given alphabets +++
2026-01-29 19:06:05,068 - varanus - INFO - +++ starting monitoring against normal(ROVER_SYSTEM) +++
2026-01-29 19:06:05,068 - varanus - INFO - +++ Running Offline -- Using State Machine +++
2026-01-29 19:06:05,068 - varanus - INFO - Parsing trace file at: oracles/inspection-rover-ras/trace-json-pass.txt
2026-01-29 19:06:05,081 - varanus - INFO - Parsed trace file OK
2026-01-29 19:06:05,081 - varanus - INFO - Checking trace file: oracles/inspection-rover-ras/trace-json-pass.txt
2026-01-29 19:06:05,081 - varanus - INFO - In state 6706320920252439311 saw radiation_level.Green
2026-01-29 19:06:05,082 - varanus - INFO - In state 6706320920252439311 saw radiation_level.Green
2026-01-29 19:06:05,082 - varanus - INFO - In state 6706320920252439311 saw radiation_level.Green
2026-01-29 19:06:05,082 - varanus - INFO - In state 6706320920252439311 saw radiation_level.Green
2026-01-29 19:06:05,082 - varanus - INFO - In state 6706320920252439311 saw radiation_level.Green
2026-01-29 19:06:05,083 - varanus - INFO - In state 6706320920252439311 saw radiation_level.Green
2026-01-29 19:06:05,083 - varanus - INFO - In state 6706320920252439311 saw radiation_level.Green
2026-01-29 19:06:05,083 - varanus - INFO - In state 6706320920252439311 saw radiation_level.Green
2026-01-29 19:06:05,083 - varanus - INFO - In state 6706320920252439311 saw radiation_level.Green
2026-01-29 19:06:05,084 - varanus - INFO - In state 6706320920252439311 saw radiation_level.Green
2026-01-29 19:06:05,084 - varanus - INFO - In state 6706320920252439311 saw radiation_level.Green
2026-01-29 19:06:05,084 - varanus - INFO - In state 6706320920252439311 saw radiation_level.Green
2026-01-29 19:06:05,084 - varanus - INFO - In state 6706320920252439311 saw radiation_level.Green
2026-01-29 19:06:05,085 - varanus - INFO - In state 6706320920252439311 saw radiation_level.Green
2026-01-29 19:06:05,085 - varanus - INFO - In state 6706320920252439311 saw radiation_level.Green
2026-01-29 19:06:05,085 - varanus - INFO - In state 6706320920252439311 saw radiation_level.Green
2026-01-29 19:06:05,085 - varanus - INFO - In state 6706320920252439311 saw radiation_level.Green
2026-01-29 19:06:05,085 - varanus - INFO - In state 6706320920252439311 saw radiation_level.Green
2026-01-29 19:06:05,086 - varanus - INFO - In state 6706320920252439311 saw radiation_level.Green
2026-01-29 19:06:05,086 - varanus - INFO - In state 6706320920252439311 saw radiation_level.Green
2026-01-29 19:06:05,086 - varanus - INFO - In state 6706320920252439311 saw radiation_level.Green
2026-01-29 19:06:05,086 - varanus - INFO - In state 6706320920252439311 saw radiation_level.Green
2026-01-29 19:06:05,087 - varanus - INFO - In state 6706320920252439311 saw radiation_level.Green
2026-01-29 19:06:05,087 - varanus - INFO - In state 6706320920252439311 saw radiation_level.Green
2026-01-29 19:06:05,087 - varanus - INFO - In state 6706320920252439311 saw radiation_level.Green
2026-01-29 19:06:05,087 - varanus - INFO - In state 6706320920252439311 saw radiation_level.Green
2026-01-29 19:06:05,088 - varanus - INFO - In state 6706320920252439311 saw radiation_level.Green
2026-01-29 19:06:05,088 - varanus - INFO - In state 6706320920252439311 saw radiation_level.Green
2026-01-29 19:06:05,088 - varanus - INFO - In state 6706320920252439311 saw radiation_level.Green
2026-01-29 19:06:05,088 - varanus - INFO - In state 6706320920252439311 saw radiation_level.Green
2026-01-29 19:06:05,089 - varanus - INFO - In state 6706320920252439311 saw radiation_level.Green
2026-01-29 19:06:05,089 - varanus - INFO - In state 6706320920252439311 saw radiation_level.Green
2026-01-29 19:06:05,089 - varanus - INFO - In state 6706320920252439311 saw radiation_level.Green
2026-01-29 19:06:05,089 - varanus - INFO - In state 6706320920252439311 saw radiation_level.Green
2026-01-29 19:06:05,090 - varanus - INFO - In state 6706320920252439311 saw radiation_level.Green
2026-01-29 19:06:05,090 - varanus - INFO - In state 6706320920252439311 saw radiation_level.Green
2026-01-29 19:06:05,090 - varanus - INFO - In state 6706320920252439311 saw radiation_level.Green
2026-01-29 19:06:05,090 - varanus - INFO - In state 6706320920252439311 saw radiation_level.Green
2026-01-29 19:06:05,091 - varanus - INFO - In state 6706320920252439311 saw radiation_level.Green
2026-01-29 19:06:05,091 - varanus - INFO - In state 6706320920252439311 saw radiation_level.Green
2026-01-29 19:06:05,091 - varanus - INFO - In state 6706320920252439311 saw radiation_level.Green
2026-01-29 19:06:05,091 - varanus - INFO - In state 6706320920252439311 saw radiation_level.Green
2026-01-29 19:06:05,091 - varanus - INFO - In state 6706320920252439311 saw radiation_level.Green
2026-01-29 19:06:05,092 - varanus - INFO - In state 6706320920252439311 saw radiation_level.Green
2026-01-29 19:06:05,092 - varanus - INFO - In state 6706320920252439311 saw radiation_level.Green
2026-01-29 19:06:05,092 - varanus - INFO - In state 6706320920252439311 saw radiation_level.Green
2026-01-29 19:06:05,092 - varanus - INFO - In state 6706320920252439311 saw radiation_level.Green
2026-01-29 19:06:05,093 - varanus - INFO - In state 6706320920252439311 saw radiation_level.Green
2026-01-29 19:06:05,093 - varanus - INFO - In state 6706320920252439311 saw radiation_level.Green
2026-01-29 19:06:05,093 - varanus - INFO - In state 6706320920252439311 saw radiation_level.Green
2026-01-29 19:06:05,093 - varanus - INFO - In state 6706320920252439311 saw radiation_level.Green
2026-01-29 19:06:05,094 - varanus - INFO - In state 6706320920252439311 saw radiation_level.Green
2026-01-29 19:06:05,094 - varanus - INFO - In state 6706320920252439311 saw radiation_level.Green
2026-01-29 19:06:05,094 - varanus - INFO - In state 6706320920252439311 saw radiation_level.Green
2026-01-29 19:06:05,094 - varanus - INFO - In state 6706320920252439311 saw radiation_level.Green
2026-01-29 19:06:05,095 - varanus - INFO - In state 6706320920252439311 saw radiation_level.Green
2026-01-29 19:06:05,095 - varanus - INFO - In state 6706320920252439311 saw radiation_level.Green
2026-01-29 19:06:05,095 - varanus - INFO - In state 6706320920252439311 saw radiation_level.Green
2026-01-29 19:06:05,095 - varanus - INFO - In state 6706320920252439311 saw radiation_level.Green
2026-01-29 19:06:05,096 - varanus - INFO - In state 6706320920252439311 saw radiation_level.Green
2026-01-29 19:06:05,096 - varanus - INFO - In state 6706320920252439311 saw radiation_level.Green
2026-01-29 19:06:05,096 - varanus - INFO - In state 6706320920252439311 saw radiation_level.Green
2026-01-29 19:06:05,096 - varanus - INFO - In state 6706320920252439311 saw radiation_level.Green
2026-01-29 19:06:05,097 - varanus - INFO - In state 6706320920252439311 saw radiation_level.Green
2026-01-29 19:06:05,097 - varanus - INFO - In state 6706320920252439311 saw radiation_level.Green
2026-01-29 19:06:05,097 - varanus - INFO - In state 6706320920252439311 saw radiation_level.Green
2026-01-29 19:06:05,097 - varanus - INFO - In state 6706320920252439311 saw radiation_level.Green
2026-01-29 19:06:05,098 - varanus - INFO - In state 6706320920252439311 saw radiation_level.Green
2026-01-29 19:06:05,098 - varanus - INFO - In state 6706320920252439311 saw radiation_level.Green
2026-01-29 19:06:05,098 - varanus - INFO - In state 6706320920252439311 saw radiation_level.Green
2026-01-29 19:06:05,098 - varanus - INFO - In state 6706320920252439311 saw radiation_level.Green
2026-01-29 19:06:05,098 - varanus - INFO - In state 6706320920252439311 saw radiation_level.Green
2026-01-29 19:06:05,099 - varanus - INFO - In state 6706320920252439311 saw radiation_level.Green
2026-01-29 19:06:05,099 - varanus - INFO - In state 6706320920252439311 saw move.1
2026-01-29 19:06:05,099 - varanus - INFO - In state 5608211198945682904 saw radiation_level.Green
2026-01-29 19:06:05,099 - varanus - INFO - In state 5608211198945682904 saw radiation_level.Green
2026-01-29 19:06:05,100 - varanus - INFO - In state 5608211198945682904 saw radiation_level.Green
2026-01-29 19:06:05,100 - varanus - INFO - In state 5608211198945682904 saw radiation_level.Green
2026-01-29 19:06:05,100 - varanus - INFO - In state 5608211198945682904 saw radiation_level.Green
2026-01-29 19:06:05,100 - varanus - INFO - In state 5608211198945682904 saw radiation_level.Green
2026-01-29 19:06:05,101 - varanus - INFO - In state 5608211198945682904 saw radiation_level.Green
2026-01-29 19:06:05,101 - varanus - INFO - In state 5608211198945682904 saw radiation_level.Green
2026-01-29 19:06:05,101 - varanus - INFO - In state 5608211198945682904 saw radiation_level.Green
2026-01-29 19:06:05,101 - varanus - INFO - In state 5608211198945682904 saw radiation_level.Green
2026-01-29 19:06:05,102 - varanus - INFO - In state 5608211198945682904 saw radiation_level.Green
2026-01-29 19:06:05,102 - varanus - INFO - In state 5608211198945682904 saw radiation_level.Green
2026-01-29 19:06:05,103 - varanus - INFO - In state 5608211198945682904 saw radiation_level.Green
2026-01-29 19:06:05,103 - varanus - INFO - In state 5608211198945682904 saw radiation_level.Green
2026-01-29 19:06:05,103 - varanus - INFO - In state 5608211198945682904 saw radiation_level.Green
2026-01-29 19:06:05,103 - varanus - INFO - In state 5608211198945682904 saw radiation_level.Green
2026-01-29 19:06:05,104 - varanus - INFO - In state 5608211198945682904 saw radiation_level.Green
2026-01-29 19:06:05,104 - varanus - INFO - In state 5608211198945682904 saw arrived_at.1
2026-01-29 19:06:05,104 - varanus - INFO - In state 3232734884248277670 saw radiation_level.Green
2026-01-29 19:06:05,104 - varanus - INFO - In state 3232734884248277670 saw inspect.1
2026-01-29 19:06:05,104 - varanus - INFO - In state 17059743875309732985 saw radiation_level.Green
2026-01-29 19:06:05,105 - varanus - INFO - In state 17059743875309732985 saw radiation_level.Green
2026-01-29 19:06:05,114 - varanus - INFO - In state 17059743875309732985 saw radiation_level.Green
2026-01-29 19:06:05,115 - varanus - INFO - In state 17059743875309732985 saw inspected.1
2026-01-29 19:06:05,115 - varanus - INFO - In state 977789352872227929 saw radiation_level.Green
2026-01-29 19:06:05,115 - varanus - INFO - In state 977789352872227929 saw move.2
2026-01-29 19:06:05,115 - varanus - INFO - In state 15973455166774612768 saw radiation_level.Green
2026-01-29 19:06:05,116 - varanus - INFO - In state 15973455166774612768 saw radiation_level.Green
2026-01-29 19:06:05,116 - varanus - INFO - In state 15973455166774612768 saw radiation_level.Green
2026-01-29 19:06:05,116 - varanus - INFO - In state 15973455166774612768 saw radiation_level.Green
2026-01-29 19:06:05,116 - varanus - INFO - In state 15973455166774612768 saw radiation_level.Green
2026-01-29 19:06:05,117 - varanus - INFO - In state 15973455166774612768 saw radiation_level.Green
2026-01-29 19:06:05,117 - varanus - INFO - In state 15973455166774612768 saw radiation_level.Green
2026-01-29 19:06:05,117 - varanus - INFO - In state 15973455166774612768 saw radiation_level.Green
2026-01-29 19:06:05,117 - varanus - INFO - In state 15973455166774612768 saw radiation_level.Green
2026-01-29 19:06:05,118 - varanus - INFO - In state 15973455166774612768 saw radiation_level.Green
2026-01-29 19:06:05,118 - varanus - INFO - In state 15973455166774612768 saw radiation_level.Green
2026-01-29 19:06:05,118 - varanus - INFO - In state 15973455166774612768 saw radiation_level.Green
2026-01-29 19:06:05,119 - varanus - INFO - In state 15973455166774612768 saw radiation_level.Green
2026-01-29 19:06:05,119 - varanus - INFO - In state 15973455166774612768 saw radiation_level.Green
2026-01-29 19:06:05,119 - varanus - INFO - In state 15973455166774612768 saw radiation_level.Green
2026-01-29 19:06:05,120 - varanus - INFO - In state 15973455166774612768 saw radiation_level.Green
2026-01-29 19:06:05,120 - varanus - INFO - In state 15973455166774612768 saw radiation_level.Green
2026-01-29 19:06:05,120 - varanus - INFO - In state 15973455166774612768 saw radiation_level.Green
2026-01-29 19:06:05,120 - varanus - INFO - In state 15973455166774612768 saw radiation_level.Green
2026-01-29 19:06:05,121 - varanus - INFO - In state 15973455166774612768 saw radiation_level.Green
2026-01-29 19:06:05,121 - varanus - INFO - In state 15973455166774612768 saw radiation_level.Green
2026-01-29 19:06:05,121 - varanus - INFO - In state 15973455166774612768 saw radiation_level.Green
2026-01-29 19:06:05,122 - varanus - INFO - In state 15973455166774612768 saw radiation_level.Green
2026-01-29 19:06:05,123 - varanus - INFO - In state 15973455166774612768 saw radiation_level.Green
2026-01-29 19:06:05,123 - varanus - INFO - In state 15973455166774612768 saw radiation_level.Green
2026-01-29 19:06:05,123 - varanus - INFO - In state 15973455166774612768 saw radiation_level.Green
2026-01-29 19:06:05,123 - varanus - INFO - In state 15973455166774612768 saw arrived_at.2
2026-01-29 19:06:05,124 - varanus - INFO - In state 10138928875368370608 saw radiation_level.Green
2026-01-29 19:06:05,124 - varanus - INFO - In state 10138928875368370608 saw inspect.2
2026-01-29 19:06:05,124 - varanus - INFO - In state 8160898315001337400 saw radiation_level.Green
2026-01-29 19:06:05,124 - varanus - INFO - In state 8160898315001337400 saw radiation_level.Green
2026-01-29 19:06:05,125 - varanus - INFO - In state 8160898315001337400 saw radiation_level.Green
2026-01-29 19:06:05,125 - varanus - INFO - In state 8160898315001337400 saw inspected.2
2026-01-29 19:06:05,125 - varanus - INFO - In state 8745254869820977912 saw move.3
2026-01-29 19:06:05,125 - varanus - INFO - In state 13762921700034591759 saw radiation_level.Green
2026-01-29 19:06:05,126 - varanus - INFO - In state 13762921700034591759 saw radiation_level.Green
2026-01-29 19:06:05,126 - varanus - INFO - In state 13762921700034591759 saw radiation_level.Green
2026-01-29 19:06:05,126 - varanus - INFO - In state 13762921700034591759 saw radiation_level.Green
2026-01-29 19:06:05,127 - varanus - INFO - In state 13762921700034591759 saw radiation_level.Green
2026-01-29 19:06:05,127 - varanus - INFO - In state 13762921700034591759 saw radiation_level.Green
2026-01-29 19:06:05,127 - varanus - INFO - In state 13762921700034591759 saw radiation_level.Green
2026-01-29 19:06:05,127 - varanus - INFO - In state 13762921700034591759 saw radiation_level.Green
2026-01-29 19:06:05,128 - varanus - INFO - In state 13762921700034591759 saw radiation_level.Green
2026-01-29 19:06:05,128 - varanus - INFO - In state 13762921700034591759 saw radiation_level.Green
2026-01-29 19:06:05,128 - varanus - INFO - In state 13762921700034591759 saw radiation_level.Green
2026-01-29 19:06:05,128 - varanus - INFO - In state 13762921700034591759 saw radiation_level.Green
2026-01-29 19:06:05,129 - varanus - INFO - In state 13762921700034591759 saw radiation_level.Green
2026-01-29 19:06:05,129 - varanus - INFO - In state 13762921700034591759 saw radiation_level.Green
2026-01-29 19:06:05,129 - varanus - INFO - In state 13762921700034591759 saw radiation_level.Green
2026-01-29 19:06:05,129 - varanus - INFO - In state 13762921700034591759 saw radiation_level.Green
2026-01-29 19:06:05,130 - varanus - INFO - In state 13762921700034591759 saw radiation_level.Green
2026-01-29 19:06:05,130 - varanus - INFO - In state 13762921700034591759 saw radiation_level.Green
2026-01-29 19:06:05,130 - varanus - INFO - In state 13762921700034591759 saw radiation_level.Green
2026-01-29 19:06:05,130 - varanus - INFO - In state 13762921700034591759 saw arrived_at.3
2026-01-29 19:06:05,131 - varanus - INFO - In state 8244232879661382615 saw inspect.3
2026-01-29 19:06:05,131 - varanus - INFO - In state 11955961083266936867 saw radiation_level.Green
2026-01-29 19:06:05,131 - varanus - INFO - In state 11955961083266936867 saw radiation_level.Green
2026-01-29 19:06:05,131 - varanus - INFO - In state 11955961083266936867 saw radiation_level.Green
2026-01-29 19:06:05,132 - varanus - INFO - In state 11955961083266936867 saw inspected.3
2026-01-29 19:06:05,132 - varanus - INFO - In state 6540755551803968803 saw radiation_level.Green
2026-01-29 19:06:05,132 - varanus - INFO - In state 6540755551803968803 saw move.4
2026-01-29 19:06:05,132 - varanus - INFO - In state 10139946144849388290 saw radiation_level.Green
2026-01-29 19:06:05,133 - varanus - INFO - In state 10139946144849388290 saw radiation_level.Green
2026-01-29 19:06:05,133 - varanus - INFO - In state 10139946144849388290 saw radiation_level.Green
2026-01-29 19:06:05,133 - varanus - INFO - In state 10139946144849388290 saw radiation_level.Green
2026-01-29 19:06:05,133 - varanus - INFO - In state 10139946144849388290 saw radiation_level.Green
2026-01-29 19:06:05,134 - varanus - INFO - In state 10139946144849388290 saw radiation_level.Green
2026-01-29 19:06:05,134 - varanus - INFO - In state 10139946144849388290 saw radiation_level.Green
2026-01-29 19:06:05,134 - varanus - INFO - In state 10139946144849388290 saw radiation_level.Green
2026-01-29 19:06:05,134 - varanus - INFO - In state 10139946144849388290 saw radiation_level.Green
2026-01-29 19:06:05,135 - varanus - INFO - In state 10139946144849388290 saw radiation_level.Green
2026-01-29 19:06:05,135 - varanus - INFO - In state 10139946144849388290 saw radiation_level.Green
2026-01-29 19:06:05,135 - varanus - INFO - In state 10139946144849388290 saw radiation_level.Green
2026-01-29 19:06:05,136 - varanus - INFO - In state 10139946144849388290 saw radiation_level.Green
2026-01-29 19:06:05,136 - varanus - INFO - In state 10139946144849388290 saw radiation_level.Green
2026-01-29 19:06:05,136 - varanus - INFO - In state 10139946144849388290 saw radiation_level.Green
2026-01-29 19:06:05,137 - varanus - INFO - In state 10139946144849388290 saw radiation_level.Green
2026-01-29 19:06:05,137 - varanus - INFO - In state 10139946144849388290 saw radiation_level.Green
2026-01-29 19:06:05,137 - varanus - INFO - In state 10139946144849388290 saw radiation_level.Green
2026-01-29 19:06:05,137 - varanus - INFO - In state 10139946144849388290 saw radiation_level.Green
2026-01-29 19:06:05,138 - varanus - INFO - In state 10139946144849388290 saw radiation_level.Green
2026-01-29 19:06:05,138 - varanus - INFO - In state 10139946144849388290 saw radiation_level.Green
2026-01-29 19:06:05,138 - varanus - INFO - In state 10139946144849388290 saw radiation_level.Green
2026-01-29 19:06:05,140 - varanus - INFO - In state 10139946144849388290 saw radiation_level.Green
2026-01-29 19:06:05,141 - varanus - INFO - In state 10139946144849388290 saw arrived_at.4
2026-01-29 19:06:05,141 - varanus - INFO - In state 3706189330701720305 saw radiation_level.Green
2026-01-29 19:06:05,141 - varanus - INFO - In state 3706189330701720305 saw inspect.4
2026-01-29 19:06:05,142 - varanus - INFO - In state 7383282923433262238 saw radiation_level.Green
2026-01-29 19:06:05,142 - varanus - INFO - In state 7383282923433262238 saw radiation_level.Green
2026-01-29 19:06:05,142 - varanus - INFO - In state 7383282923433262238 saw inspected.4
2026-01-29 19:06:05,142 - varanus - INFO - In state 17876842848357541210 saw radiation_level.Green
2026-01-29 19:06:05,143 - varanus - INFO - In state 17876842848357541210 saw move.5
2026-01-29 19:06:05,143 - varanus - INFO - In state 5447293798886156073 saw radiation_level.Green
2026-01-29 19:06:05,143 - varanus - INFO - In state 5447293798886156073 saw radiation_level.Green
2026-01-29 19:06:05,143 - varanus - INFO - In state 5447293798886156073 saw radiation_level.Green
2026-01-29 19:06:05,144 - varanus - INFO - In state 5447293798886156073 saw radiation_level.Green
2026-01-29 19:06:05,144 - varanus - INFO - In state 5447293798886156073 saw radiation_level.Green
2026-01-29 19:06:05,144 - varanus - INFO - In state 5447293798886156073 saw radiation_level.Green
2026-01-29 19:06:05,144 - varanus - INFO - In state 5447293798886156073 saw radiation_level.Green
2026-01-29 19:06:05,145 - varanus - INFO - In state 5447293798886156073 saw radiation_level.Green
2026-01-29 19:06:05,145 - varanus - INFO - In state 5447293798886156073 saw radiation_level.Green
2026-01-29 19:06:05,145 - varanus - INFO - In state 5447293798886156073 saw radiation_level.Green
2026-01-29 19:06:05,145 - varanus - INFO - In state 5447293798886156073 saw radiation_level.Green
2026-01-29 19:06:05,146 - varanus - INFO - In state 5447293798886156073 saw radiation_level.Green
2026-01-29 19:06:05,146 - varanus - INFO - In state 5447293798886156073 saw arrived_at.5
2026-01-29 19:06:05,146 - varanus - INFO - In state 15364471679895430474 saw radiation_level.Green
2026-01-29 19:06:05,146 - varanus - INFO - In state 15364471679895430474 saw inspect.5
2026-01-29 19:06:05,147 - varanus - INFO - In state 465611500842186111 saw radiation_level.Green
2026-01-29 19:06:05,147 - varanus - INFO - In state 465611500842186111 saw radiation_level.Green
2026-01-29 19:06:05,147 - varanus - INFO - In state 465611500842186111 saw inspected.5
2026-01-29 19:06:05,147 - varanus - INFO - In state 14789682402440888388 saw radiation_level.Green
2026-01-29 19:06:05,148 - varanus - INFO - In state 14789682402440888388 saw radiation_level.Green
2026-01-29 19:06:05,148 - varanus - INFO - In state 14789682402440888388 saw radiation_level.Green
2026-01-29 19:06:05,148 - varanus - INFO - In state 14789682402440888388 saw move.0
2026-01-29 19:06:05,148 - varanus - INFO - In state 4873469397254139780 saw radiation_level.Green
2026-01-29 19:06:05,149 - varanus - INFO - In state 4873469397254139780 saw radiation_level.Green
2026-01-29 19:06:05,149 - varanus - INFO - In state 4873469397254139780 saw radiation_level.Green
2026-01-29 19:06:05,149 - varanus - INFO - In state 4873469397254139780 saw radiation_level.Green
2026-01-29 19:06:05,149 - varanus - INFO - In state 4873469397254139780 saw radiation_level.Green
2026-01-29 19:06:05,150 - varanus - INFO - In state 4873469397254139780 saw radiation_level.Green
2026-01-29 19:06:05,150 - varanus - INFO - In state 4873469397254139780 saw radiation_level.Green
2026-01-29 19:06:05,150 - varanus - INFO - In state 4873469397254139780 saw radiation_level.Green
2026-01-29 19:06:05,150 - varanus - INFO - In state 4873469397254139780 saw radiation_level.Green
2026-01-29 19:06:05,151 - varanus - INFO - In state 4873469397254139780 saw radiation_level.Green
2026-01-29 19:06:05,151 - varanus - INFO - In state 4873469397254139780 saw radiation_level.Green
2026-01-29 19:06:05,151 - varanus - INFO - In state 4873469397254139780 saw radiation_level.Green
2026-01-29 19:06:05,151 - varanus - INFO - In state 4873469397254139780 saw radiation_level.Green
2026-01-29 19:06:05,152 - varanus - INFO - In state 4873469397254139780 saw radiation_level.Green
2026-01-29 19:06:05,152 - varanus - INFO - In state 4873469397254139780 saw radiation_level.Green
2026-01-29 19:06:05,153 - varanus - INFO - In state 4873469397254139780 saw radiation_level.Green
2026-01-29 19:06:05,153 - varanus - INFO - In state 4873469397254139780 saw radiation_level.Green
2026-01-29 19:06:05,153 - varanus - INFO - In state 4873469397254139780 saw arrived_at.0
2026-01-29 19:06:05,153 - varanus - INFO - In state 10331207552863718274 saw radiation_level.Green
2026-01-29 19:06:05,153 - varanus - INFO - Trace file finished with no violations
2026-01-29 19:06:05,155 - varanus - INFO - +++ Build Time: 			0.327148914337s +++
2026-01-29 19:06:05,155 - varanus - INFO - +++ Check Time: 			0.0858159065247s +++
2026-01-29 19:06:05,155 - varanus - INFO - +++ Average Transition Time: 	0.000307555874018s (233 events) +++
2026-01-29 19:06:05,155 - varanus - INFO - +++ Total Time: 			0.436098098755s +++
