2026-01-29 19:05:54,405 - varanus - INFO - +++ Testing rover_model_ras_pass +++
2026-01-29 19:05:54,405 - varanus - INFO - Preprocessing...
2026-01-29 19:05:54,405 - varanus - INFO - Preprocessing: pass
2026-01-29 19:05:54,405 - varanus - INFO - +++ Running Offline +++
2026-01-29 19:05:54,428 - varanus - INFO - Building CSP State Machine. Please Wait
2026-01-29 19:05:54,980 - varanus - INFO - Building CSP State Machine
2026-01-29 19:05:55,093 - varanus - INFO - +++ checking that normal(ROVER_SYSTEM) is deterministic with given alphabets +++
2026-01-29 19:05:55,094 - varanus - INFO - +++ starting monitoring against normal(ROVER_SYSTEM) +++
2026-01-29 19:05:55,094 - varanus - INFO - +++ Running Offline -- Using State Machine +++
2026-01-29 19:05:55,094 - varanus - INFO - Parsing trace file at: oracles/inspection-rover-ras/trace-json-pass.txt
2026-01-29 19:05:55,116 - varanus - INFO - Parsed trace file OK
2026-01-29 19:05:55,116 - varanus - INFO - Checking trace file: oracles/inspection-rover-ras/trace-json-pass.txt
2026-01-29 19:05:55,116 - varanus - INFO - In state 6706320920252439311 saw radiation_level.Green
2026-01-29 19:05:55,117 - varanus - INFO - In state 6706320920252439311 saw radiation_level.Green
2026-01-29 19:05:55,117 - varanus - INFO - In state 6706320920252439311 saw radiation_level.Green
2026-01-29 19:05:55,117 - varanus - INFO - In state 6706320920252439311 saw radiation_level.Green
2026-01-29 19:05:55,118 - varanus - INFO - In state 6706320920252439311 saw radiation_level.Green
2026-01-29 19:05:55,118 - varanus - INFO - In state 6706320920252439311 saw radiation_level.Green
2026-01-29 19:05:55,118 - varanus - INFO - In state 6706320920252439311 saw radiation_level.Green
2026-01-29 19:05:55,118 - varanus - INFO - In state 6706320920252439311 saw radiation_level.Green
2026-01-29 19:05:55,118 - varanus - INFO - In state 6706320920252439311 saw radiation_level.Green
2026-01-29 19:05:55,119 - varanus - INFO - In state 6706320920252439311 saw radiation_level.Green
2026-01-29 19:05:55,119 - varanus - INFO - In state 6706320920252439311 saw radiation_level.Green
2026-01-29 19:05:55,119 - varanus - INFO - In state 6706320920252439311 saw radiation_level.Green
2026-01-29 19:05:55,119 - varanus - INFO - In state 6706320920252439311 saw radiation_level.Green
2026-01-29 19:05:55,120 - varanus - INFO - In state 6706320920252439311 saw radiation_level.Green
2026-01-29 19:05:55,120 - varanus - INFO - In state 6706320920252439311 saw radiation_level.Green
2026-01-29 19:05:55,120 - varanus - INFO - In state 6706320920252439311 saw radiation_level.Green
2026-01-29 19:05:55,120 - varanus - INFO - In state 6706320920252439311 saw radiation_level.Green
2026-01-29 19:05:55,121 - varanus - INFO - In state 6706320920252439311 saw radiation_level.Green
2026-01-29 19:05:55,121 - varanus - INFO - In state 6706320920252439311 saw radiation_level.Green
2026-01-29 19:05:55,121 - varanus - INFO - In state 6706320920252439311 saw radiation_level.Green
2026-01-29 19:05:55,121 - varanus - INFO - In state 6706320920252439311 saw radiation_level.Green
2026-01-29 19:05:55,122 - varanus - INFO - In state 6706320920252439311 saw radiation_level.Green
2026-01-29 19:05:55,122 - varanus - INFO - In state 6706320920252439311 saw radiation_level.Green
2026-01-29 19:05:55,122 - varanus - INFO - In state 6706320920252439311 saw radiation_level.Green
2026-01-29 19:05:55,122 - varanus - INFO - In state 6706320920252439311 saw radiation_level.Green
2026-01-29 19:05:55,123 - varanus - INFO - In state 6706320920252439311 saw radiation_level.Green
2026-01-29 19:05:55,123 - varanus - INFO - In state 6706320920252439311 saw radiation_level.Green
2026-01-29 19:05:55,123 - varanus - INFO - In state 6706320920252439311 saw radiation_level.Green
2026-01-29 19:05:55,123 - varanus - INFO - In state 6706320920252439311 saw radiation_level.Green
2026-01-29 19:05:55,124 - varanus - INFO - In state 6706320920252439311 saw radiation_level.Green
2026-01-29 19:05:55,124 - varanus - INFO - In state 6706320920252439311 saw radiation_level.Green
2026-01-29 19:05:55,124 - varanus - INFO - In state 6706320920252439311 saw radiation_level.Green
2026-01-29 19:05:55,124 - varanus - INFO - In state 6706320920252439311 saw radiation_level.Green
2026-01-29 19:05:55,125 - varanus - INFO - In state 6706320920252439311 saw radiation_level.Green
2026-01-29 19:05:55,126 - varanus - INFO - In state 6706320920252439311 saw radiation_level.Green
2026-01-29 19:05:55,126 - varanus - INFO - In state 6706320920252439311 saw radiation_level.Green
2026-01-29 19:05:55,127 - varanus - INFO - In state 6706320920252439311 saw radiation_level.Green
2026-01-29 19:05:55,127 - varanus - INFO - In state 6706320920252439311 saw radiation_level.Green
2026-01-29 19:05:55,127 - varanus - INFO - In state 6706320920252439311 saw radiation_level.Green
2026-01-29 19:05:55,127 - varanus - INFO - In state 6706320920252439311 saw radiation_level.Green
2026-01-29 19:05:55,128 - varanus - INFO - In state 6706320920252439311 saw radiation_level.Green
2026-01-29 19:05:55,128 - varanus - INFO - In state 6706320920252439311 saw radiation_level.Green
2026-01-29 19:05:55,128 - varanus - INFO - In state 6706320920252439311 saw radiation_level.Green
2026-01-29 19:05:55,128 - varanus - INFO - In state 6706320920252439311 saw radiation_level.Green
2026-01-29 19:05:55,129 - varanus - INFO - In state 6706320920252439311 saw radiation_level.Green
2026-01-29 19:05:55,129 - varanus - INFO - In state 6706320920252439311 saw radiation_level.Green
2026-01-29 19:05:55,129 - varanus - INFO - In state 6706320920252439311 saw radiation_level.Green
2026-01-29 19:05:55,129 - varanus - INFO - In state 6706320920252439311 saw radiation_level.Green
2026-01-29 19:05:55,130 - varanus - INFO - In state 6706320920252439311 saw radiation_level.Green
2026-01-29 19:05:55,130 - varanus - INFO - In state 6706320920252439311 saw radiation_level.Green
2026-01-29 19:05:55,130 - varanus - INFO - In state 6706320920252439311 saw radiation_level.Green
2026-01-29 19:05:55,130 - varanus - INFO - In state 6706320920252439311 saw radiation_level.Green
2026-01-29 19:05:55,131 - varanus - INFO - In state 6706320920252439311 saw radiation_level.Green
2026-01-29 19:05:55,131 - varanus - INFO - In state 6706320920252439311 saw radiation_level.Green
2026-01-29 19:05:55,131 - varanus - INFO - In state 6706320920252439311 saw radiation_level.Green
2026-01-29 19:05:55,131 - varanus - INFO - In state 6706320920252439311 saw radiation_level.Green
2026-01-29 19:05:55,132 - varanus - INFO - In state 6706320920252439311 saw radiation_level.Green
2026-01-29 19:05:55,132 - varanus - INFO - In state 6706320920252439311 saw radiation_level.Green
2026-01-29 19:05:55,132 - varanus - INFO - In state 6706320920252439311 saw radiation_level.Green
2026-01-29 19:05:55,132 - varanus - INFO - In state 6706320920252439311 saw radiation_level.Green
2026-01-29 19:05:55,133 - varanus - INFO - In state 6706320920252439311 saw radiation_level.Green
2026-01-29 19:05:55,133 - varanus - INFO - In state 6706320920252439311 saw radiation_level.Green
2026-01-29 19:05:55,133 - varanus - INFO - In state 6706320920252439311 saw radiation_level.Green
2026-01-29 19:05:55,133 - varanus - INFO - In state 6706320920252439311 saw radiation_level.Green
2026-01-29 19:05:55,133 - varanus - INFO - In state 6706320920252439311 saw radiation_level.Green
2026-01-29 19:05:55,134 - varanus - INFO - In state 6706320920252439311 saw radiation_level.Green
2026-01-29 19:05:55,134 - varanus - INFO - In state 6706320920252439311 saw radiation_level.Green
2026-01-29 19:05:55,134 - varanus - INFO - In state 6706320920252439311 saw radiation_level.Green
2026-01-29 19:05:55,134 - varanus - INFO - In state 6706320920252439311 saw radiation_level.Green
2026-01-29 19:05:55,135 - varanus - INFO - In state 6706320920252439311 saw radiation_level.Green
2026-01-29 19:05:55,135 - varanus - INFO - In state 6706320920252439311 saw radiation_level.Green
2026-01-29 19:05:55,135 - varanus - INFO - In state 6706320920252439311 saw radiation_level.Green
2026-01-29 19:05:55,135 - varanus - INFO - In state 6706320920252439311 saw radiation_level.Green
2026-01-29 19:05:55,136 - varanus - INFO - In state 6706320920252439311 saw move.1
2026-01-29 19:05:55,136 - varanus - INFO - In state 11484522733088990296 saw radiation_level.Green
2026-01-29 19:05:55,136 - varanus - INFO - In state 11484522733088990296 saw radiation_level.Green
2026-01-29 19:05:55,136 - varanus - INFO - In state 11484522733088990296 saw radiation_level.Green
2026-01-29 19:05:55,137 - varanus - INFO - In state 11484522733088990296 saw radiation_level.Green
2026-01-29 19:05:55,137 - varanus - INFO - In state 11484522733088990296 saw radiation_level.Green
2026-01-29 19:05:55,137 - varanus - INFO - In state 11484522733088990296 saw radiation_level.Green
2026-01-29 19:05:55,137 - varanus - INFO - In state 11484522733088990296 saw radiation_level.Green
2026-01-29 19:05:55,138 - varanus - INFO - In state 11484522733088990296 saw radiation_level.Green
2026-01-29 19:05:55,138 - varanus - INFO - In state 11484522733088990296 saw radiation_level.Green
2026-01-29 19:05:55,138 - varanus - INFO - In state 11484522733088990296 saw radiation_level.Green
2026-01-29 19:05:55,138 - varanus - INFO - In state 11484522733088990296 saw radiation_level.Green
2026-01-29 19:05:55,139 - varanus - INFO - In state 11484522733088990296 saw radiation_level.Green
2026-01-29 19:05:55,139 - varanus - INFO - In state 11484522733088990296 saw radiation_level.Green
2026-01-29 19:05:55,139 - varanus - INFO - In state 11484522733088990296 saw radiation_level.Green
2026-01-29 19:05:55,139 - varanus - INFO - In state 11484522733088990296 saw radiation_level.Green
2026-01-29 19:05:55,140 - varanus - INFO - In state 11484522733088990296 saw radiation_level.Green
2026-01-29 19:05:55,140 - varanus - INFO - In state 11484522733088990296 saw radiation_level.Green
2026-01-29 19:05:55,140 - varanus - INFO - In state 11484522733088990296 saw arrived_at.1
2026-01-29 19:05:55,140 - varanus - INFO - In state 17966327563922277726 saw radiation_level.Green
2026-01-29 19:05:55,140 - varanus - INFO - In state 17966327563922277726 saw inspect.1
2026-01-29 19:05:55,141 - varanus - INFO - In state 17059743875309732985 saw radiation_level.Green
2026-01-29 19:05:55,141 - varanus - INFO - In state 17059743875309732985 saw radiation_level.Green
2026-01-29 19:05:55,141 - varanus - INFO - In state 17059743875309732985 saw radiation_level.Green
2026-01-29 19:05:55,141 - varanus - INFO - In state 17059743875309732985 saw inspected.1
2026-01-29 19:05:55,142 - varanus - INFO - In state 4556553826494422719 saw radiation_level.Green
2026-01-29 19:05:55,142 - varanus - INFO - In state 4556553826494422719 saw move.2
2026-01-29 19:05:55,142 - varanus - INFO - In state 13030611131465497699 saw radiation_level.Green
2026-01-29 19:05:55,142 - varanus - INFO - In state 13030611131465497699 saw radiation_level.Green
2026-01-29 19:05:55,143 - varanus - INFO - In state 13030611131465497699 saw radiation_level.Green
2026-01-29 19:05:55,143 - varanus - INFO - In state 13030611131465497699 saw radiation_level.Green
2026-01-29 19:05:55,143 - varanus - INFO - In state 13030611131465497699 saw radiation_level.Green
2026-01-29 19:05:55,143 - varanus - INFO - In state 13030611131465497699 saw radiation_level.Green
2026-01-29 19:05:55,144 - varanus - INFO - In state 13030611131465497699 saw radiation_level.Green
2026-01-29 19:05:55,144 - varanus - INFO - In state 13030611131465497699 saw radiation_level.Green
2026-01-29 19:05:55,144 - varanus - INFO - In state 13030611131465497699 saw radiation_level.Green
2026-01-29 19:05:55,144 - varanus - INFO - In state 13030611131465497699 saw radiation_level.Green
2026-01-29 19:05:55,145 - varanus - INFO - In state 13030611131465497699 saw radiation_level.Green
2026-01-29 19:05:55,145 - varanus - INFO - In state 13030611131465497699 saw radiation_level.Green
2026-01-29 19:05:55,145 - varanus - INFO - In state 13030611131465497699 saw radiation_level.Green
2026-01-29 19:05:55,145 - varanus - INFO - In state 13030611131465497699 saw radiation_level.Green
2026-01-29 19:05:55,146 - varanus - INFO - In state 13030611131465497699 saw radiation_level.Green
2026-01-29 19:05:55,146 - varanus - INFO - In state 13030611131465497699 saw radiation_level.Green
2026-01-29 19:05:55,146 - varanus - INFO - In state 13030611131465497699 saw radiation_level.Green
2026-01-29 19:05:55,146 - varanus - INFO - In state 13030611131465497699 saw radiation_level.Green
2026-01-29 19:05:55,146 - varanus - INFO - In state 13030611131465497699 saw radiation_level.Green
2026-01-29 19:05:55,147 - varanus - INFO - In state 13030611131465497699 saw radiation_level.Green
2026-01-29 19:05:55,147 - varanus - INFO - In state 13030611131465497699 saw radiation_level.Green
2026-01-29 19:05:55,147 - varanus - INFO - In state 13030611131465497699 saw radiation_level.Green
2026-01-29 19:05:55,148 - varanus - INFO - In state 13030611131465497699 saw radiation_level.Green
2026-01-29 19:05:55,148 - varanus - INFO - In state 13030611131465497699 saw radiation_level.Green
2026-01-29 19:05:55,148 - varanus - INFO - In state 13030611131465497699 saw radiation_level.Green
2026-01-29 19:05:55,148 - varanus - INFO - In state 13030611131465497699 saw radiation_level.Green
2026-01-29 19:05:55,149 - varanus - INFO - In state 13030611131465497699 saw arrived_at.2
2026-01-29 19:05:55,149 - varanus - INFO - In state 12708368547058107902 saw radiation_level.Green
2026-01-29 19:05:55,149 - varanus - INFO - In state 12708368547058107902 saw inspect.2
2026-01-29 19:05:55,149 - varanus - INFO - In state 10754129796640851007 saw radiation_level.Green
2026-01-29 19:05:55,150 - varanus - INFO - In state 10754129796640851007 saw radiation_level.Green
2026-01-29 19:05:55,150 - varanus - INFO - In state 10754129796640851007 saw radiation_level.Green
2026-01-29 19:05:55,150 - varanus - INFO - In state 10754129796640851007 saw inspected.2
2026-01-29 19:05:55,150 - varanus - INFO - In state 10177341285736213011 saw move.3
2026-01-29 19:05:55,150 - varanus - INFO - In state 14886666200555059058 saw radiation_level.Green
2026-01-29 19:05:55,151 - varanus - INFO - In state 14886666200555059058 saw radiation_level.Green
2026-01-29 19:05:55,151 - varanus - INFO - In state 14886666200555059058 saw radiation_level.Green
2026-01-29 19:05:55,151 - varanus - INFO - In state 14886666200555059058 saw radiation_level.Green
2026-01-29 19:05:55,151 - varanus - INFO - In state 14886666200555059058 saw radiation_level.Green
2026-01-29 19:05:55,152 - varanus - INFO - In state 14886666200555059058 saw radiation_level.Green
2026-01-29 19:05:55,152 - varanus - INFO - In state 14886666200555059058 saw radiation_level.Green
2026-01-29 19:05:55,152 - varanus - INFO - In state 14886666200555059058 saw radiation_level.Green
2026-01-29 19:05:55,152 - varanus - INFO - In state 14886666200555059058 saw radiation_level.Green
2026-01-29 19:05:55,153 - varanus - INFO - In state 14886666200555059058 saw radiation_level.Green
2026-01-29 19:05:55,153 - varanus - INFO - In state 14886666200555059058 saw radiation_level.Green
2026-01-29 19:05:55,153 - varanus - INFO - In state 14886666200555059058 saw radiation_level.Green
2026-01-29 19:05:55,153 - varanus - INFO - In state 14886666200555059058 saw radiation_level.Green
2026-01-29 19:05:55,154 - varanus - INFO - In state 14886666200555059058 saw radiation_level.Green
2026-01-29 19:05:55,154 - varanus - INFO - In state 14886666200555059058 saw radiation_level.Green
2026-01-29 19:05:55,154 - varanus - INFO - In state 14886666200555059058 saw radiation_level.Green
2026-01-29 19:05:55,154 - varanus - INFO - In state 14886666200555059058 saw radiation_level.Green
2026-01-29 19:05:55,155 - varanus - INFO - In state 14886666200555059058 saw radiation_level.Green
2026-01-29 19:05:55,155 - varanus - INFO - In state 14886666200555059058 saw radiation_level.Green
2026-01-29 19:05:55,155 - varanus - INFO - In state 14886666200555059058 saw arrived_at.3
2026-01-29 19:05:55,155 - varanus - INFO - In state 7360369614710333208 saw inspect.3
2026-01-29 19:05:55,156 - varanus - INFO - In state 10267796530484561693 saw radiation_level.Green
2026-01-29 19:05:55,156 - varanus - INFO - In state 10267796530484561693 saw radiation_level.Green
2026-01-29 19:05:55,157 - varanus - INFO - In state 10267796530484561693 saw radiation_level.Green
2026-01-29 19:05:55,157 - varanus - INFO - In state 10267796530484561693 saw inspected.3
2026-01-29 19:05:55,157 - varanus - INFO - In state 11741425350770578110 saw radiation_level.Green
2026-01-29 19:05:55,157 - varanus - INFO - In state 11741425350770578110 saw move.4
2026-01-29 19:05:55,158 - varanus - INFO - In state 16634275125306817348 saw radiation_level.Green
2026-01-29 19:05:55,158 - varanus - INFO - In state 16634275125306817348 saw radiation_level.Green
2026-01-29 19:05:55,158 - varanus - INFO - In state 16634275125306817348 saw radiation_level.Green
2026-01-29 19:05:55,158 - varanus - INFO - In state 16634275125306817348 saw radiation_level.Green
2026-01-29 19:05:55,159 - varanus - INFO - In state 16634275125306817348 saw radiation_level.Green
2026-01-29 19:05:55,164 - varanus - INFO - In state 16634275125306817348 saw radiation_level.Green
2026-01-29 19:05:55,164 - varanus - INFO - In state 16634275125306817348 saw radiation_level.Green
2026-01-29 19:05:55,165 - varanus - INFO - In state 16634275125306817348 saw radiation_level.Green
2026-01-29 19:05:55,165 - varanus - INFO - In state 16634275125306817348 saw radiation_level.Green
2026-01-29 19:05:55,165 - varanus - INFO - In state 16634275125306817348 saw radiation_level.Green
2026-01-29 19:05:55,165 - varanus - INFO - In state 16634275125306817348 saw radiation_level.Green
2026-01-29 19:05:55,166 - varanus - INFO - In state 16634275125306817348 saw radiation_level.Green
2026-01-29 19:05:55,166 - varanus - INFO - In state 16634275125306817348 saw radiation_level.Green
2026-01-29 19:05:55,166 - varanus - INFO - In state 16634275125306817348 saw radiation_level.Green
2026-01-29 19:05:55,166 - varanus - INFO - In state 16634275125306817348 saw radiation_level.Green
2026-01-29 19:05:55,167 - varanus - INFO - In state 16634275125306817348 saw radiation_level.Green
2026-01-29 19:05:55,167 - varanus - INFO - In state 16634275125306817348 saw radiation_level.Green
2026-01-29 19:05:55,167 - varanus - INFO - In state 16634275125306817348 saw radiation_level.Green
2026-01-29 19:05:55,167 - varanus - INFO - In state 16634275125306817348 saw radiation_level.Green
2026-01-29 19:05:55,168 - varanus - INFO - In state 16634275125306817348 saw radiation_level.Green
2026-01-29 19:05:55,168 - varanus - INFO - In state 16634275125306817348 saw radiation_level.Green
2026-01-29 19:05:55,168 - varanus - INFO - In state 16634275125306817348 saw radiation_level.Green
2026-01-29 19:05:55,168 - varanus - INFO - In state 16634275125306817348 saw radiation_level.Green
2026-01-29 19:05:55,168 - varanus - INFO - In state 16634275125306817348 saw arrived_at.4
2026-01-29 19:05:55,169 - varanus - INFO - In state 3183678155375823245 saw radiation_level.Green
2026-01-29 19:05:55,169 - varanus - INFO - In state 3183678155375823245 saw inspect.4
2026-01-29 19:05:55,169 - varanus - INFO - In state 6349846352649522183 saw radiation_level.Green
2026-01-29 19:05:55,169 - varanus - INFO - In state 6349846352649522183 saw radiation_level.Green
2026-01-29 19:05:55,170 - varanus - INFO - In state 6349846352649522183 saw inspected.4
2026-01-29 19:05:55,170 - varanus - INFO - In state 1071502396488624108 saw radiation_level.Green
2026-01-29 19:05:55,170 - varanus - INFO - In state 1071502396488624108 saw move.5
2026-01-29 19:05:55,170 - varanus - INFO - In state 5447293798886156073 saw radiation_level.Green
2026-01-29 19:05:55,171 - varanus - INFO - In state 5447293798886156073 saw radiation_level.Green
2026-01-29 19:05:55,171 - varanus - INFO - In state 5447293798886156073 saw radiation_level.Green
2026-01-29 19:05:55,171 - varanus - INFO - In state 5447293798886156073 saw radiation_level.Green
2026-01-29 19:05:55,171 - varanus - INFO - In state 5447293798886156073 saw radiation_level.Green
2026-01-29 19:05:55,172 - varanus - INFO - In state 5447293798886156073 saw radiation_level.Green
2026-01-29 19:05:55,172 - varanus - INFO - In state 5447293798886156073 saw radiation_level.Green
2026-01-29 19:05:55,173 - varanus - INFO - In state 5447293798886156073 saw radiation_level.Green
2026-01-29 19:05:55,173 - varanus - INFO - In state 5447293798886156073 saw radiation_level.Green
2026-01-29 19:05:55,173 - varanus - INFO - In state 5447293798886156073 saw radiation_level.Green
2026-01-29 19:05:55,173 - varanus - INFO - In state 5447293798886156073 saw radiation_level.Green
2026-01-29 19:05:55,174 - varanus - INFO - In state 5447293798886156073 saw radiation_level.Green
2026-01-29 19:05:55,174 - varanus - INFO - In state 5447293798886156073 saw arrived_at.5
2026-01-29 19:05:55,174 - varanus - INFO - In state 15364471679895430474 saw radiation_level.Green
2026-01-29 19:05:55,174 - varanus - INFO - In state 15364471679895430474 saw inspect.5
2026-01-29 19:05:55,175 - varanus - INFO - In state 465611500842186111 saw radiation_level.Green
2026-01-29 19:05:55,175 - varanus - INFO - In state 465611500842186111 saw radiation_level.Green
2026-01-29 19:05:55,176 - varanus - INFO - In state 465611500842186111 saw inspected.5
2026-01-29 19:05:55,177 - varanus - INFO - In state 14789682402440888388 saw radiation_level.Green
2026-01-29 19:05:55,177 - varanus - INFO - In state 14789682402440888388 saw radiation_level.Green
2026-01-29 19:05:55,177 - varanus - INFO - In state 14789682402440888388 saw radiation_level.Green
2026-01-29 19:05:55,177 - varanus - INFO - In state 14789682402440888388 saw move.0
2026-01-29 19:05:55,178 - varanus - INFO - In state 4873469397254139780 saw radiation_level.Green
2026-01-29 19:05:55,178 - varanus - INFO - In state 4873469397254139780 saw radiation_level.Green
2026-01-29 19:05:55,178 - varanus - INFO - In state 4873469397254139780 saw radiation_level.Green
2026-01-29 19:05:55,179 - varanus - INFO - In state 4873469397254139780 saw radiation_level.Green
2026-01-29 19:05:55,179 - varanus - INFO - In state 4873469397254139780 saw radiation_level.Green
2026-01-29 19:05:55,179 - varanus - INFO - In state 4873469397254139780 saw radiation_level.Green
2026-01-29 19:05:55,179 - varanus - INFO - In state 4873469397254139780 saw radiation_level.Green
2026-01-29 19:05:55,179 - varanus - INFO - In state 4873469397254139780 saw radiation_level.Green
2026-01-29 19:05:55,180 - varanus - INFO - In state 4873469397254139780 saw radiation_level.Green
2026-01-29 19:05:55,180 - varanus - INFO - In state 4873469397254139780 saw radiation_level.Green
2026-01-29 19:05:55,180 - varanus - INFO - In state 4873469397254139780 saw radiation_level.Green
2026-01-29 19:05:55,180 - varanus - INFO - In state 4873469397254139780 saw radiation_level.Green
2026-01-29 19:05:55,181 - varanus - INFO - In state 4873469397254139780 saw radiation_level.Green
2026-01-29 19:05:55,181 - varanus - INFO - In state 4873469397254139780 saw radiation_level.Green
2026-01-29 19:05:55,181 - varanus - INFO - In state 4873469397254139780 saw radiation_level.Green
2026-01-29 19:05:55,181 - varanus - INFO - In state 4873469397254139780 saw radiation_level.Green
2026-01-29 19:05:55,182 - varanus - INFO - In state 4873469397254139780 saw radiation_level.Green
2026-01-29 19:05:55,182 - varanus - INFO - In state 4873469397254139780 saw arrived_at.0
2026-01-29 19:05:55,182 - varanus - INFO - In state 10331207552863718274 saw radiation_level.Green
2026-01-29 19:05:55,182 - varanus - INFO - Trace file finished with no violations
2026-01-29 19:05:55,184 - varanus - INFO - +++ Build Time: 			0.665852069855s +++
2026-01-29 19:05:55,184 - varanus - INFO - +++ Check Time: 			0.0885610580444s +++
2026-01-29 19:05:55,184 - varanus - INFO - +++ Average Transition Time: 	0.000280043597897s (233 events) +++
2026-01-29 19:05:55,184 - varanus - INFO - +++ Total Time: 			0.776968002319s +++
