2026-01-29 19:06:03,384 - varanus - INFO - +++ Testing rover_model_ras_pass +++
2026-01-29 19:06:03,384 - varanus - INFO - Preprocessing...
2026-01-29 19:06:03,384 - varanus - INFO - Preprocessing: pass
2026-01-29 19:06:03,385 - varanus - INFO - +++ Running Offline +++
2026-01-29 19:06:03,406 - varanus - INFO - Building CSP State Machine. Please Wait
2026-01-29 19:06:03,641 - varanus - INFO - Building CSP State Machine
2026-01-29 19:06:03,724 - varanus - INFO - +++ checking that normal(ROVER_SYSTEM) is deterministic with given alphabets +++
2026-01-29 19:06:03,724 - varanus - INFO - +++ starting monitoring against normal(ROVER_SYSTEM) +++
2026-01-29 19:06:03,724 - varanus - INFO - +++ Running Offline -- Using State Machine +++
2026-01-29 19:06:03,724 - varanus - INFO - Parsing trace file at: oracles/inspection-rover-ras/trace-json-pass.txt
2026-01-29 19:06:03,739 - varanus - INFO - Parsed trace file OK
2026-01-29 19:06:03,740 - varanus - INFO - Checking trace file: oracles/inspection-rover-ras/trace-json-pass.txt
2026-01-29 19:06:03,740 - varanus - INFO - In state 6706320920252439311 saw radiation_level.Green
2026-01-29 19:06:03,740 - varanus - INFO - In state 6706320920252439311 saw radiation_level.Green
2026-01-29 19:06:03,741 - varanus - INFO - In state 6706320920252439311 saw radiation_level.Green
2026-01-29 19:06:03,741 - varanus - INFO - In state 6706320920252439311 saw radiation_level.Green
2026-01-29 19:06:03,741 - varanus - INFO - In state 6706320920252439311 saw radiation_level.Green
2026-01-29 19:06:03,742 - varanus - INFO - In state 6706320920252439311 saw radiation_level.Green
2026-01-29 19:06:03,742 - varanus - INFO - In state 6706320920252439311 saw radiation_level.Green
2026-01-29 19:06:03,743 - varanus - INFO - In state 6706320920252439311 saw radiation_level.Green
2026-01-29 19:06:03,743 - varanus - INFO - In state 6706320920252439311 saw radiation_level.Green
2026-01-29 19:06:03,744 - varanus - INFO - In state 6706320920252439311 saw radiation_level.Green
2026-01-29 19:06:03,744 - varanus - INFO - In state 6706320920252439311 saw radiation_level.Green
2026-01-29 19:06:03,744 - varanus - INFO - In state 6706320920252439311 saw radiation_level.Green
2026-01-29 19:06:03,745 - varanus - INFO - In state 6706320920252439311 saw radiation_level.Green
2026-01-29 19:06:03,745 - varanus - INFO - In state 6706320920252439311 saw radiation_level.Green
2026-01-29 19:06:03,746 - varanus - INFO - In state 6706320920252439311 saw radiation_level.Green
2026-01-29 19:06:03,746 - varanus - INFO - In state 6706320920252439311 saw radiation_level.Green
2026-01-29 19:06:03,746 - varanus - INFO - In state 6706320920252439311 saw radiation_level.Green
2026-01-29 19:06:03,747 - varanus - INFO - In state 6706320920252439311 saw radiation_level.Green
2026-01-29 19:06:03,747 - varanus - INFO - In state 6706320920252439311 saw radiation_level.Green
2026-01-29 19:06:03,747 - varanus - INFO - In state 6706320920252439311 saw radiation_level.Green
2026-01-29 19:06:03,748 - varanus - INFO - In state 6706320920252439311 saw radiation_level.Green
2026-01-29 19:06:03,748 - varanus - INFO - In state 6706320920252439311 saw radiation_level.Green
2026-01-29 19:06:03,749 - varanus - INFO - In state 6706320920252439311 saw radiation_level.Green
2026-01-29 19:06:03,749 - varanus - INFO - In state 6706320920252439311 saw radiation_level.Green
2026-01-29 19:06:03,749 - varanus - INFO - In state 6706320920252439311 saw radiation_level.Green
2026-01-29 19:06:03,750 - varanus - INFO - In state 6706320920252439311 saw radiation_level.Green
2026-01-29 19:06:03,750 - varanus - INFO - In state 6706320920252439311 saw radiation_level.Green
2026-01-29 19:06:03,751 - varanus - INFO - In state 6706320920252439311 saw radiation_level.Green
2026-01-29 19:06:03,751 - varanus - INFO - In state 6706320920252439311 saw radiation_level.Green
2026-01-29 19:06:03,751 - varanus - INFO - In state 6706320920252439311 saw radiation_level.Green
2026-01-29 19:06:03,752 - varanus - INFO - In state 6706320920252439311 saw radiation_level.Green
2026-01-29 19:06:03,752 - varanus - INFO - In state 6706320920252439311 saw radiation_level.Green
2026-01-29 19:06:03,753 - varanus - INFO - In state 6706320920252439311 saw radiation_level.Green
2026-01-29 19:06:03,753 - varanus - INFO - In state 6706320920252439311 saw radiation_level.Green
2026-01-29 19:06:03,753 - varanus - INFO - In state 6706320920252439311 saw radiation_level.Green
2026-01-29 19:06:03,754 - varanus - INFO - In state 6706320920252439311 saw radiation_level.Green
2026-01-29 19:06:03,754 - varanus - INFO - In state 6706320920252439311 saw radiation_level.Green
2026-01-29 19:06:03,755 - varanus - INFO - In state 6706320920252439311 saw radiation_level.Green
2026-01-29 19:06:03,755 - varanus - INFO - In state 6706320920252439311 saw radiation_level.Green
2026-01-29 19:06:03,755 - varanus - INFO - In state 6706320920252439311 saw radiation_level.Green
2026-01-29 19:06:03,756 - varanus - INFO - In state 6706320920252439311 saw radiation_level.Green
2026-01-29 19:06:03,756 - varanus - INFO - In state 6706320920252439311 saw radiation_level.Green
2026-01-29 19:06:03,757 - varanus - INFO - In state 6706320920252439311 saw radiation_level.Green
2026-01-29 19:06:03,757 - varanus - INFO - In state 6706320920252439311 saw radiation_level.Green
2026-01-29 19:06:03,757 - varanus - INFO - In state 6706320920252439311 saw radiation_level.Green
2026-01-29 19:06:03,758 - varanus - INFO - In state 6706320920252439311 saw radiation_level.Green
2026-01-29 19:06:03,758 - varanus - INFO - In state 6706320920252439311 saw radiation_level.Green
2026-01-29 19:06:03,759 - varanus - INFO - In state 6706320920252439311 saw radiation_level.Green
2026-01-29 19:06:03,759 - varanus - INFO - In state 6706320920252439311 saw radiation_level.Green
2026-01-29 19:06:03,759 - varanus - INFO - In state 6706320920252439311 saw radiation_level.Green
2026-01-29 19:06:03,760 - varanus - INFO - In state 6706320920252439311 saw radiation_level.Green
2026-01-29 19:06:03,760 - varanus - INFO - In state 6706320920252439311 saw radiation_level.Green
2026-01-29 19:06:03,760 - varanus - INFO - In state 6706320920252439311 saw radiation_level.Green
2026-01-29 19:06:03,761 - varanus - INFO - In state 6706320920252439311 saw radiation_level.Green
2026-01-29 19:06:03,761 - varanus - INFO - In state 6706320920252439311 saw radiation_level.Green
2026-01-29 19:06:03,762 - varanus - INFO - In state 6706320920252439311 saw radiation_level.Green
2026-01-29 19:06:03,762 - varanus - INFO - In state 6706320920252439311 saw radiation_level.Green
2026-01-29 19:06:03,763 - varanus - INFO - In state 6706320920252439311 saw radiation_level.Green
2026-01-29 19:06:03,763 - varanus - INFO - In state 6706320920252439311 saw radiation_level.Green
2026-01-29 19:06:03,763 - varanus - INFO - In state 6706320920252439311 saw radiation_level.Green
2026-01-29 19:06:03,764 - varanus - INFO - In state 6706320920252439311 saw radiation_level.Green
2026-01-29 19:06:03,764 - varanus - INFO - In state 6706320920252439311 saw radiation_level.Green
2026-01-29 19:06:03,765 - varanus - INFO - In state 6706320920252439311 saw radiation_level.Green
2026-01-29 19:06:03,765 - varanus - INFO - In state 6706320920252439311 saw radiation_level.Green
2026-01-29 19:06:03,765 - varanus - INFO - In state 6706320920252439311 saw radiation_level.Green
2026-01-29 19:06:03,765 - varanus - INFO - In state 6706320920252439311 saw radiation_level.Green
2026-01-29 19:06:03,766 - varanus - INFO - In state 6706320920252439311 saw radiation_level.Green
2026-01-29 19:06:03,766 - varanus - INFO - In state 6706320920252439311 saw radiation_level.Green
2026-01-29 19:06:03,766 - varanus - INFO - In state 6706320920252439311 saw radiation_level.Green
2026-01-29 19:06:03,768 - varanus - INFO - In state 6706320920252439311 saw radiation_level.Green
2026-01-29 19:06:03,768 - varanus - INFO - In state 6706320920252439311 saw radiation_level.Green
2026-01-29 19:06:03,769 - varanus - INFO - In state 6706320920252439311 saw radiation_level.Green
2026-01-29 19:06:03,769 - varanus - INFO - In state 6706320920252439311 saw radiation_level.Green
2026-01-29 19:06:03,769 - varanus - INFO - In state 6706320920252439311 saw move.1
2026-01-29 19:06:03,770 - varanus - INFO - In state 8582144201218532978 saw radiation_level.Green
2026-01-29 19:06:03,770 - varanus - INFO - In state 8582144201218532978 saw radiation_level.Green
2026-01-29 19:06:03,770 - varanus - INFO - In state 8582144201218532978 saw radiation_level.Green
2026-01-29 19:06:03,770 - varanus - INFO - In state 8582144201218532978 saw radiation_level.Green
2026-01-29 19:06:03,771 - varanus - INFO - In state 8582144201218532978 saw radiation_level.Green
2026-01-29 19:06:03,771 - varanus - INFO - In state 8582144201218532978 saw radiation_level.Green
2026-01-29 19:06:03,771 - varanus - INFO - In state 8582144201218532978 saw radiation_level.Green
2026-01-29 19:06:03,771 - varanus - INFO - In state 8582144201218532978 saw radiation_level.Green
2026-01-29 19:06:03,771 - varanus - INFO - In state 8582144201218532978 saw radiation_level.Green
2026-01-29 19:06:03,772 - varanus - INFO - In state 8582144201218532978 saw radiation_level.Green
2026-01-29 19:06:03,772 - varanus - INFO - In state 8582144201218532978 saw radiation_level.Green
2026-01-29 19:06:03,772 - varanus - INFO - In state 8582144201218532978 saw radiation_level.Green
2026-01-29 19:06:03,772 - varanus - INFO - In state 8582144201218532978 saw radiation_level.Green
2026-01-29 19:06:03,773 - varanus - INFO - In state 8582144201218532978 saw radiation_level.Green
2026-01-29 19:06:03,773 - varanus - INFO - In state 8582144201218532978 saw radiation_level.Green
2026-01-29 19:06:03,773 - varanus - INFO - In state 8582144201218532978 saw radiation_level.Green
2026-01-29 19:06:03,773 - varanus - INFO - In state 8582144201218532978 saw radiation_level.Green
2026-01-29 19:06:03,774 - varanus - INFO - In state 8582144201218532978 saw arrived_at.1
2026-01-29 19:06:03,774 - varanus - INFO - In state 10261768897652040890 saw radiation_level.Green
2026-01-29 19:06:03,774 - varanus - INFO - In state 10261768897652040890 saw inspect.1
2026-01-29 19:06:03,774 - varanus - INFO - In state 17966327563922277726 saw radiation_level.Green
2026-01-29 19:06:03,775 - varanus - INFO - In state 17966327563922277726 saw radiation_level.Green
2026-01-29 19:06:03,775 - varanus - INFO - In state 17966327563922277726 saw radiation_level.Green
2026-01-29 19:06:03,775 - varanus - INFO - In state 17966327563922277726 saw inspected.1
2026-01-29 19:06:03,775 - varanus - INFO - In state 13664535575506369757 saw radiation_level.Green
2026-01-29 19:06:03,776 - varanus - INFO - In state 13664535575506369757 saw move.2
2026-01-29 19:06:03,776 - varanus - INFO - In state 1603180417608594870 saw radiation_level.Green
2026-01-29 19:06:03,776 - varanus - INFO - In state 1603180417608594870 saw radiation_level.Green
2026-01-29 19:06:03,776 - varanus - INFO - In state 1603180417608594870 saw radiation_level.Green
2026-01-29 19:06:03,777 - varanus - INFO - In state 1603180417608594870 saw radiation_level.Green
2026-01-29 19:06:03,777 - varanus - INFO - In state 1603180417608594870 saw radiation_level.Green
2026-01-29 19:06:03,777 - varanus - INFO - In state 1603180417608594870 saw radiation_level.Green
2026-01-29 19:06:03,777 - varanus - INFO - In state 1603180417608594870 saw radiation_level.Green
2026-01-29 19:06:03,778 - varanus - INFO - In state 1603180417608594870 saw radiation_level.Green
2026-01-29 19:06:03,778 - varanus - INFO - In state 1603180417608594870 saw radiation_level.Green
2026-01-29 19:06:03,778 - varanus - INFO - In state 1603180417608594870 saw radiation_level.Green
2026-01-29 19:06:03,778 - varanus - INFO - In state 1603180417608594870 saw radiation_level.Green
2026-01-29 19:06:03,779 - varanus - INFO - In state 1603180417608594870 saw radiation_level.Green
2026-01-29 19:06:03,779 - varanus - INFO - In state 1603180417608594870 saw radiation_level.Green
2026-01-29 19:06:03,779 - varanus - INFO - In state 1603180417608594870 saw radiation_level.Green
2026-01-29 19:06:03,779 - varanus - INFO - In state 1603180417608594870 saw radiation_level.Green
2026-01-29 19:06:03,780 - varanus - INFO - In state 1603180417608594870 saw radiation_level.Green
2026-01-29 19:06:03,780 - varanus - INFO - In state 1603180417608594870 saw radiation_level.Green
2026-01-29 19:06:03,780 - varanus - INFO - In state 1603180417608594870 saw radiation_level.Green
2026-01-29 19:06:03,781 - varanus - INFO - In state 1603180417608594870 saw radiation_level.Green
2026-01-29 19:06:03,781 - varanus - INFO - In state 1603180417608594870 saw radiation_level.Green
2026-01-29 19:06:03,781 - varanus - INFO - In state 1603180417608594870 saw radiation_level.Green
2026-01-29 19:06:03,782 - varanus - INFO - In state 1603180417608594870 saw radiation_level.Green
2026-01-29 19:06:03,782 - varanus - INFO - In state 1603180417608594870 saw radiation_level.Green
2026-01-29 19:06:03,782 - varanus - INFO - In state 1603180417608594870 saw radiation_level.Green
2026-01-29 19:06:03,783 - varanus - INFO - In state 1603180417608594870 saw radiation_level.Green
2026-01-29 19:06:03,783 - varanus - INFO - In state 1603180417608594870 saw radiation_level.Green
2026-01-29 19:06:03,784 - varanus - INFO - In state 1603180417608594870 saw arrived_at.2
2026-01-29 19:06:03,785 - varanus - INFO - In state 17395270154473010737 saw radiation_level.Green
2026-01-29 19:06:03,785 - varanus - INFO - In state 17395270154473010737 saw inspect.2
2026-01-29 19:06:03,785 - varanus - INFO - In state 1178254609524677596 saw radiation_level.Green
2026-01-29 19:06:03,786 - varanus - INFO - In state 1178254609524677596 saw radiation_level.Green
2026-01-29 19:06:03,786 - varanus - INFO - In state 1178254609524677596 saw radiation_level.Green
2026-01-29 19:06:03,786 - varanus - INFO - In state 1178254609524677596 saw inspected.2
2026-01-29 19:06:03,787 - varanus - INFO - In state 3353705334854216945 saw move.3
2026-01-29 19:06:03,787 - varanus - INFO - In state 9650529769746124987 saw radiation_level.Green
2026-01-29 19:06:03,788 - varanus - INFO - In state 9650529769746124987 saw radiation_level.Green
2026-01-29 19:06:03,788 - varanus - INFO - In state 9650529769746124987 saw radiation_level.Green
2026-01-29 19:06:03,788 - varanus - INFO - In state 9650529769746124987 saw radiation_level.Green
2026-01-29 19:06:03,789 - varanus - INFO - In state 9650529769746124987 saw radiation_level.Green
2026-01-29 19:06:03,789 - varanus - INFO - In state 9650529769746124987 saw radiation_level.Green
2026-01-29 19:06:03,789 - varanus - INFO - In state 9650529769746124987 saw radiation_level.Green
2026-01-29 19:06:03,790 - varanus - INFO - In state 9650529769746124987 saw radiation_level.Green
2026-01-29 19:06:03,790 - varanus - INFO - In state 9650529769746124987 saw radiation_level.Green
2026-01-29 19:06:03,791 - varanus - INFO - In state 9650529769746124987 saw radiation_level.Green
2026-01-29 19:06:03,791 - varanus - INFO - In state 9650529769746124987 saw radiation_level.Green
2026-01-29 19:06:03,791 - varanus - INFO - In state 9650529769746124987 saw radiation_level.Green
2026-01-29 19:06:03,792 - varanus - INFO - In state 9650529769746124987 saw radiation_level.Green
2026-01-29 19:06:03,792 - varanus - INFO - In state 9650529769746124987 saw radiation_level.Green
2026-01-29 19:06:03,792 - varanus - INFO - In state 9650529769746124987 saw radiation_level.Green
2026-01-29 19:06:03,793 - varanus - INFO - In state 9650529769746124987 saw radiation_level.Green
2026-01-29 19:06:03,793 - varanus - INFO - In state 9650529769746124987 saw radiation_level.Green
2026-01-29 19:06:03,794 - varanus - INFO - In state 9650529769746124987 saw radiation_level.Green
2026-01-29 19:06:03,794 - varanus - INFO - In state 9650529769746124987 saw radiation_level.Green
2026-01-29 19:06:03,794 - varanus - INFO - In state 9650529769746124987 saw arrived_at.3
2026-01-29 19:06:03,795 - varanus - INFO - In state 18371965947968006451 saw inspect.3
2026-01-29 19:06:03,795 - varanus - INFO - In state 12210639139451575560 saw radiation_level.Green
2026-01-29 19:06:03,795 - varanus - INFO - In state 12210639139451575560 saw radiation_level.Green
2026-01-29 19:06:03,796 - varanus - INFO - In state 12210639139451575560 saw radiation_level.Green
2026-01-29 19:06:03,796 - varanus - INFO - In state 12210639139451575560 saw inspected.3
2026-01-29 19:06:03,797 - varanus - INFO - In state 2930075009418833 saw radiation_level.Green
2026-01-29 19:06:03,797 - varanus - INFO - In state 2930075009418833 saw move.4
2026-01-29 19:06:03,797 - varanus - INFO - In state 8104894794628678383 saw radiation_level.Green
2026-01-29 19:06:03,798 - varanus - INFO - In state 8104894794628678383 saw radiation_level.Green
2026-01-29 19:06:03,798 - varanus - INFO - In state 8104894794628678383 saw radiation_level.Green
2026-01-29 19:06:03,799 - varanus - INFO - In state 8104894794628678383 saw radiation_level.Green
2026-01-29 19:06:03,799 - varanus - INFO - In state 8104894794628678383 saw radiation_level.Green
2026-01-29 19:06:03,799 - varanus - INFO - In state 8104894794628678383 saw radiation_level.Green
2026-01-29 19:06:03,800 - varanus - INFO - In state 8104894794628678383 saw radiation_level.Green
2026-01-29 19:06:03,800 - varanus - INFO - In state 8104894794628678383 saw radiation_level.Green
2026-01-29 19:06:03,801 - varanus - INFO - In state 8104894794628678383 saw radiation_level.Green
2026-01-29 19:06:03,801 - varanus - INFO - In state 8104894794628678383 saw radiation_level.Green
2026-01-29 19:06:03,801 - varanus - INFO - In state 8104894794628678383 saw radiation_level.Green
2026-01-29 19:06:03,802 - varanus - INFO - In state 8104894794628678383 saw radiation_level.Green
2026-01-29 19:06:03,802 - varanus - INFO - In state 8104894794628678383 saw radiation_level.Green
2026-01-29 19:06:03,802 - varanus - INFO - In state 8104894794628678383 saw radiation_level.Green
2026-01-29 19:06:03,803 - varanus - INFO - In state 8104894794628678383 saw radiation_level.Green
2026-01-29 19:06:03,803 - varanus - INFO - In state 8104894794628678383 saw radiation_level.Green
2026-01-29 19:06:03,804 - varanus - INFO - In state 8104894794628678383 saw radiation_level.Green
2026-01-29 19:06:03,804 - varanus - INFO - In state 8104894794628678383 saw radiation_level.Green
2026-01-29 19:06:03,804 - varanus - INFO - In state 8104894794628678383 saw radiation_level.Green
2026-01-29 19:06:03,805 - varanus - INFO - In state 8104894794628678383 saw radiation_level.Green
2026-01-29 19:06:03,805 - varanus - INFO - In state 8104894794628678383 saw radiation_level.Green
2026-01-29 19:06:03,806 - varanus - INFO - In state 8104894794628678383 saw radiation_level.Green
2026-01-29 19:06:03,806 - varanus - INFO - In state 8104894794628678383 saw radiation_level.Green
2026-01-29 19:06:03,806 - varanus - INFO - In state 8104894794628678383 saw arrived_at.4
2026-01-29 19:06:03,807 - varanus - INFO - In state 17616225115158572098 saw radiation_level.Green
2026-01-29 19:06:03,807 - varanus - INFO - In state 17616225115158572098 saw inspect.4
2026-01-29 19:06:03,807 - varanus - INFO - In state 4612575558211776478 saw radiation_level.Green
2026-01-29 19:06:03,808 - varanus - INFO - In state 4612575558211776478 saw radiation_level.Green
2026-01-29 19:06:03,808 - varanus - INFO - In state 4612575558211776478 saw inspected.4
2026-01-29 19:06:03,809 - varanus - INFO - In state 7230087352828967315 saw radiation_level.Green
2026-01-29 19:06:03,809 - varanus - INFO - In state 7230087352828967315 saw move.5
2026-01-29 19:06:03,809 - varanus - INFO - In state 8840838117653732805 saw radiation_level.Green
2026-01-29 19:06:03,810 - varanus - INFO - In state 8840838117653732805 saw radiation_level.Green
2026-01-29 19:06:03,810 - varanus - INFO - In state 8840838117653732805 saw radiation_level.Green
2026-01-29 19:06:03,811 - varanus - INFO - In state 8840838117653732805 saw radiation_level.Green
2026-01-29 19:06:03,811 - varanus - INFO - In state 8840838117653732805 saw radiation_level.Green
2026-01-29 19:06:03,811 - varanus - INFO - In state 8840838117653732805 saw radiation_level.Green
2026-01-29 19:06:03,812 - varanus - INFO - In state 8840838117653732805 saw radiation_level.Green
2026-01-29 19:06:03,812 - varanus - INFO - In state 8840838117653732805 saw radiation_level.Green
2026-01-29 19:06:03,813 - varanus - INFO - In state 8840838117653732805 saw radiation_level.Green
2026-01-29 19:06:03,813 - varanus - INFO - In state 8840838117653732805 saw radiation_level.Green
2026-01-29 19:06:03,813 - varanus - INFO - In state 8840838117653732805 saw radiation_level.Green
2026-01-29 19:06:03,814 - varanus - INFO - In state 8840838117653732805 saw radiation_level.Green
2026-01-29 19:06:03,814 - varanus - INFO - In state 8840838117653732805 saw arrived_at.5
2026-01-29 19:06:03,815 - varanus - INFO - In state 11796252357409124059 saw radiation_level.Green
2026-01-29 19:06:03,815 - varanus - INFO - In state 11796252357409124059 saw inspect.5
2026-01-29 19:06:03,815 - varanus - INFO - In state 14769194920431684038 saw radiation_level.Green
2026-01-29 19:06:03,816 - varanus - INFO - In state 14769194920431684038 saw radiation_level.Green
2026-01-29 19:06:03,816 - varanus - INFO - In state 14769194920431684038 saw inspected.5
2026-01-29 19:06:03,816 - varanus - INFO - In state 14789682402440888388 saw radiation_level.Green
2026-01-29 19:06:03,817 - varanus - INFO - In state 14789682402440888388 saw radiation_level.Green
2026-01-29 19:06:03,817 - varanus - INFO - In state 14789682402440888388 saw radiation_level.Green
2026-01-29 19:06:03,817 - varanus - INFO - In state 14789682402440888388 saw move.0
2026-01-29 19:06:03,818 - varanus - INFO - In state 4873469397254139780 saw radiation_level.Green
2026-01-29 19:06:03,818 - varanus - INFO - In state 4873469397254139780 saw radiation_level.Green
2026-01-29 19:06:03,819 - varanus - INFO - In state 4873469397254139780 saw radiation_level.Green
2026-01-29 19:06:03,819 - varanus - INFO - In state 4873469397254139780 saw radiation_level.Green
2026-01-29 19:06:03,819 - varanus - INFO - In state 4873469397254139780 saw radiation_level.Green
2026-01-29 19:06:03,820 - varanus - INFO - In state 4873469397254139780 saw radiation_level.Green
2026-01-29 19:06:03,820 - varanus - INFO - In state 4873469397254139780 saw radiation_level.Green
2026-01-29 19:06:03,821 - varanus - INFO - In state 4873469397254139780 saw radiation_level.Green
2026-01-29 19:06:03,821 - varanus - INFO - In state 4873469397254139780 saw radiation_level.Green
2026-01-29 19:06:03,821 - varanus - INFO - In state 4873469397254139780 saw radiation_level.Green
2026-01-29 19:06:03,822 - varanus - INFO - In state 4873469397254139780 saw radiation_level.Green
2026-01-29 19:06:03,822 - varanus - INFO - In state 4873469397254139780 saw radiation_level.Green
2026-01-29 19:06:03,822 - varanus - INFO - In state 4873469397254139780 saw radiation_level.Green
2026-01-29 19:06:03,823 - varanus - INFO - In state 4873469397254139780 saw radiation_level.Green
2026-01-29 19:06:03,823 - varanus - INFO - In state 4873469397254139780 saw radiation_level.Green
2026-01-29 19:06:03,824 - varanus - INFO - In state 4873469397254139780 saw radiation_level.Green
2026-01-29 19:06:03,824 - varanus - INFO - In state 4873469397254139780 saw radiation_level.Green
2026-01-29 19:06:03,824 - varanus - INFO - In state 4873469397254139780 saw arrived_at.0
2026-01-29 19:06:03,825 - varanus - INFO - In state 10331207552863718274 saw radiation_level.Green
2026-01-29 19:06:03,825 - varanus - INFO - Trace file finished with no violations
2026-01-29 19:06:03,827 - varanus - INFO - +++ Build Time: 			0.318140983582s +++
2026-01-29 19:06:03,827 - varanus - INFO - +++ Check Time: 			0.101045846939s +++
2026-01-29 19:06:03,827 - varanus - INFO - +++ Average Transition Time: 	0.000361712705424s (233 events) +++
2026-01-29 19:06:03,827 - varanus - INFO - +++ Total Time: 			0.440667152405s +++
