2026-01-29 19:06:00,569 - varanus - INFO - +++ Testing rover_model_ras_pass +++
2026-01-29 19:06:00,569 - varanus - INFO - Preprocessing...
2026-01-29 19:06:00,569 - varanus - INFO - Preprocessing: pass
2026-01-29 19:06:00,569 - varanus - INFO - +++ Running Offline +++
2026-01-29 19:06:00,590 - varanus - INFO - Building CSP State Machine. Please Wait
2026-01-29 19:06:00,831 - varanus - INFO - Building CSP State Machine
2026-01-29 19:06:00,935 - varanus - INFO - +++ checking that normal(ROVER_SYSTEM) is deterministic with given alphabets +++
2026-01-29 19:06:00,935 - varanus - INFO - +++ starting monitoring against normal(ROVER_SYSTEM) +++
2026-01-29 19:06:00,935 - varanus - INFO - +++ Running Offline -- Using State Machine +++
2026-01-29 19:06:00,936 - varanus - INFO - Parsing trace file at: oracles/inspection-rover-ras/trace-json-pass.txt
2026-01-29 19:06:00,963 - varanus - INFO - Parsed trace file OK
2026-01-29 19:06:00,963 - varanus - INFO - Checking trace file: oracles/inspection-rover-ras/trace-json-pass.txt
2026-01-29 19:06:00,963 - varanus - INFO - In state 6706320920252439311 saw radiation_level.Green
2026-01-29 19:06:00,964 - varanus - INFO - In state 6706320920252439311 saw radiation_level.Green
2026-01-29 19:06:00,964 - varanus - INFO - In state 6706320920252439311 saw radiation_level.Green
2026-01-29 19:06:00,965 - varanus - INFO - In state 6706320920252439311 saw radiation_level.Green
2026-01-29 19:06:00,965 - varanus - INFO - In state 6706320920252439311 saw radiation_level.Green
2026-01-29 19:06:00,966 - varanus - INFO - In state 6706320920252439311 saw radiation_level.Green
2026-01-29 19:06:00,966 - varanus - INFO - In state 6706320920252439311 saw radiation_level.Green
2026-01-29 19:06:00,967 - varanus - INFO - In state 6706320920252439311 saw radiation_level.Green
2026-01-29 19:06:00,967 - varanus - INFO - In state 6706320920252439311 saw radiation_level.Green
2026-01-29 19:06:00,968 - varanus - INFO - In state 6706320920252439311 saw radiation_level.Green
2026-01-29 19:06:00,968 - varanus - INFO - In state 6706320920252439311 saw radiation_level.Green
2026-01-29 19:06:00,968 - varanus - INFO - In state 6706320920252439311 saw radiation_level.Green
2026-01-29 19:06:00,969 - varanus - INFO - In state 6706320920252439311 saw radiation_level.Green
2026-01-29 19:06:00,969 - varanus - INFO - In state 6706320920252439311 saw radiation_level.Green
2026-01-29 19:06:00,970 - varanus - INFO - In state 6706320920252439311 saw radiation_level.Green
2026-01-29 19:06:00,970 - varanus - INFO - In state 6706320920252439311 saw radiation_level.Green
2026-01-29 19:06:00,970 - varanus - INFO - In state 6706320920252439311 saw radiation_level.Green
2026-01-29 19:06:00,971 - varanus - INFO - In state 6706320920252439311 saw radiation_level.Green
2026-01-29 19:06:00,971 - varanus - INFO - In state 6706320920252439311 saw radiation_level.Green
2026-01-29 19:06:00,971 - varanus - INFO - In state 6706320920252439311 saw radiation_level.Green
2026-01-29 19:06:00,972 - varanus - INFO - In state 6706320920252439311 saw radiation_level.Green
2026-01-29 19:06:00,973 - varanus - INFO - In state 6706320920252439311 saw radiation_level.Green
2026-01-29 19:06:00,973 - varanus - INFO - In state 6706320920252439311 saw radiation_level.Green
2026-01-29 19:06:00,974 - varanus - INFO - In state 6706320920252439311 saw radiation_level.Green
2026-01-29 19:06:00,974 - varanus - INFO - In state 6706320920252439311 saw radiation_level.Green
2026-01-29 19:06:00,975 - varanus - INFO - In state 6706320920252439311 saw radiation_level.Green
2026-01-29 19:06:00,975 - varanus - INFO - In state 6706320920252439311 saw radiation_level.Green
2026-01-29 19:06:00,975 - varanus - INFO - In state 6706320920252439311 saw radiation_level.Green
2026-01-29 19:06:00,976 - varanus - INFO - In state 6706320920252439311 saw radiation_level.Green
2026-01-29 19:06:00,976 - varanus - INFO - In state 6706320920252439311 saw radiation_level.Green
2026-01-29 19:06:00,977 - varanus - INFO - In state 6706320920252439311 saw radiation_level.Green
2026-01-29 19:06:00,977 - varanus - INFO - In state 6706320920252439311 saw radiation_level.Green
2026-01-29 19:06:00,978 - varanus - INFO - In state 6706320920252439311 saw radiation_level.Green
2026-01-29 19:06:00,978 - varanus - INFO - In state 6706320920252439311 saw radiation_level.Green
2026-01-29 19:06:00,979 - varanus - INFO - In state 6706320920252439311 saw radiation_level.Green
2026-01-29 19:06:00,979 - varanus - INFO - In state 6706320920252439311 saw radiation_level.Green
2026-01-29 19:06:00,979 - varanus - INFO - In state 6706320920252439311 saw radiation_level.Green
2026-01-29 19:06:00,980 - varanus - INFO - In state 6706320920252439311 saw radiation_level.Green
2026-01-29 19:06:00,980 - varanus - INFO - In state 6706320920252439311 saw radiation_level.Green
2026-01-29 19:06:00,981 - varanus - INFO - In state 6706320920252439311 saw radiation_level.Green
2026-01-29 19:06:00,981 - varanus - INFO - In state 6706320920252439311 saw radiation_level.Green
2026-01-29 19:06:00,982 - varanus - INFO - In state 6706320920252439311 saw radiation_level.Green
2026-01-29 19:06:00,982 - varanus - INFO - In state 6706320920252439311 saw radiation_level.Green
2026-01-29 19:06:00,983 - varanus - INFO - In state 6706320920252439311 saw radiation_level.Green
2026-01-29 19:06:00,983 - varanus - INFO - In state 6706320920252439311 saw radiation_level.Green
2026-01-29 19:06:00,983 - varanus - INFO - In state 6706320920252439311 saw radiation_level.Green
2026-01-29 19:06:00,984 - varanus - INFO - In state 6706320920252439311 saw radiation_level.Green
2026-01-29 19:06:00,984 - varanus - INFO - In state 6706320920252439311 saw radiation_level.Green
2026-01-29 19:06:00,985 - varanus - INFO - In state 6706320920252439311 saw radiation_level.Green
2026-01-29 19:06:00,985 - varanus - INFO - In state 6706320920252439311 saw radiation_level.Green
2026-01-29 19:06:00,986 - varanus - INFO - In state 6706320920252439311 saw radiation_level.Green
2026-01-29 19:06:00,986 - varanus - INFO - In state 6706320920252439311 saw radiation_level.Green
2026-01-29 19:06:00,986 - varanus - INFO - In state 6706320920252439311 saw radiation_level.Green
2026-01-29 19:06:00,987 - varanus - INFO - In state 6706320920252439311 saw radiation_level.Green
2026-01-29 19:06:00,987 - varanus - INFO - In state 6706320920252439311 saw radiation_level.Green
2026-01-29 19:06:00,987 - varanus - INFO - In state 6706320920252439311 saw radiation_level.Green
2026-01-29 19:06:00,988 - varanus - INFO - In state 6706320920252439311 saw radiation_level.Green
2026-01-29 19:06:00,988 - varanus - INFO - In state 6706320920252439311 saw radiation_level.Green
2026-01-29 19:06:00,990 - varanus - INFO - In state 6706320920252439311 saw radiation_level.Green
2026-01-29 19:06:00,990 - varanus - INFO - In state 6706320920252439311 saw radiation_level.Green
2026-01-29 19:06:00,991 - varanus - INFO - In state 6706320920252439311 saw radiation_level.Green
2026-01-29 19:06:00,991 - varanus - INFO - In state 6706320920252439311 saw radiation_level.Green
2026-01-29 19:06:00,992 - varanus - INFO - In state 6706320920252439311 saw radiation_level.Green
2026-01-29 19:06:00,992 - varanus - INFO - In state 6706320920252439311 saw radiation_level.Green
2026-01-29 19:06:00,993 - varanus - INFO - In state 6706320920252439311 saw radiation_level.Green
2026-01-29 19:06:00,993 - varanus - INFO - In state 6706320920252439311 saw radiation_level.Green
2026-01-29 19:06:00,994 - varanus - INFO - In state 6706320920252439311 saw radiation_level.Green
2026-01-29 19:06:00,994 - varanus - INFO - In state 6706320920252439311 saw radiation_level.Green
2026-01-29 19:06:00,995 - varanus - INFO - In state 6706320920252439311 saw radiation_level.Green
2026-01-29 19:06:00,995 - varanus - INFO - In state 6706320920252439311 saw radiation_level.Green
2026-01-29 19:06:00,995 - varanus - INFO - In state 6706320920252439311 saw radiation_level.Green
2026-01-29 19:06:00,996 - varanus - INFO - In state 6706320920252439311 saw radiation_level.Green
2026-01-29 19:06:00,996 - varanus - INFO - In state 6706320920252439311 saw radiation_level.Green
2026-01-29 19:06:00,997 - varanus - INFO - In state 6706320920252439311 saw move.1
2026-01-29 19:06:00,997 - varanus - INFO - In state 11484522733088990296 saw radiation_level.Green
2026-01-29 19:06:00,998 - varanus - INFO - In state 11484522733088990296 saw radiation_level.Green
2026-01-29 19:06:00,998 - varanus - INFO - In state 11484522733088990296 saw radiation_level.Green
2026-01-29 19:06:00,999 - varanus - INFO - In state 11484522733088990296 saw radiation_level.Green
2026-01-29 19:06:00,999 - varanus - INFO - In state 11484522733088990296 saw radiation_level.Green
2026-01-29 19:06:00,999 - varanus - INFO - In state 11484522733088990296 saw radiation_level.Green
2026-01-29 19:06:01,000 - varanus - INFO - In state 11484522733088990296 saw radiation_level.Green
2026-01-29 19:06:01,000 - varanus - INFO - In state 11484522733088990296 saw radiation_level.Green
2026-01-29 19:06:01,001 - varanus - INFO - In state 11484522733088990296 saw radiation_level.Green
2026-01-29 19:06:01,001 - varanus - INFO - In state 11484522733088990296 saw radiation_level.Green
2026-01-29 19:06:01,002 - varanus - INFO - In state 11484522733088990296 saw radiation_level.Green
2026-01-29 19:06:01,002 - varanus - INFO - In state 11484522733088990296 saw radiation_level.Green
2026-01-29 19:06:01,002 - varanus - INFO - In state 11484522733088990296 saw radiation_level.Green
2026-01-29 19:06:01,003 - varanus - INFO - In state 11484522733088990296 saw radiation_level.Green
2026-01-29 19:06:01,003 - varanus - INFO - In state 11484522733088990296 saw radiation_level.Green
2026-01-29 19:06:01,003 - varanus - INFO - In state 11484522733088990296 saw radiation_level.Green
2026-01-29 19:06:01,004 - varanus - INFO - In state 11484522733088990296 saw radiation_level.Green
2026-01-29 19:06:01,004 - varanus - INFO - In state 11484522733088990296 saw arrived_at.1
2026-01-29 19:06:01,005 - varanus - INFO - In state 17966327563922277726 saw radiation_level.Green
2026-01-29 19:06:01,005 - varanus - INFO - In state 17966327563922277726 saw inspect.1
2026-01-29 19:06:01,005 - varanus - INFO - In state 17059743875309732985 saw radiation_level.Green
2026-01-29 19:06:01,006 - varanus - INFO - In state 17059743875309732985 saw radiation_level.Green
2026-01-29 19:06:01,007 - varanus - INFO - In state 17059743875309732985 saw radiation_level.Green
2026-01-29 19:06:01,007 - varanus - INFO - In state 17059743875309732985 saw inspected.1
2026-01-29 19:06:01,007 - varanus - INFO - In state 4556553826494422719 saw radiation_level.Green
2026-01-29 19:06:01,008 - varanus - INFO - In state 4556553826494422719 saw move.2
2026-01-29 19:06:01,008 - varanus - INFO - In state 7160293480173553428 saw radiation_level.Green
2026-01-29 19:06:01,009 - varanus - INFO - In state 7160293480173553428 saw radiation_level.Green
2026-01-29 19:06:01,009 - varanus - INFO - In state 7160293480173553428 saw radiation_level.Green
2026-01-29 19:06:01,010 - varanus - INFO - In state 7160293480173553428 saw radiation_level.Green
2026-01-29 19:06:01,010 - varanus - INFO - In state 7160293480173553428 saw radiation_level.Green
2026-01-29 19:06:01,010 - varanus - INFO - In state 7160293480173553428 saw radiation_level.Green
2026-01-29 19:06:01,011 - varanus - INFO - In state 7160293480173553428 saw radiation_level.Green
2026-01-29 19:06:01,011 - varanus - INFO - In state 7160293480173553428 saw radiation_level.Green
2026-01-29 19:06:01,012 - varanus - INFO - In state 7160293480173553428 saw radiation_level.Green
2026-01-29 19:06:01,012 - varanus - INFO - In state 7160293480173553428 saw radiation_level.Green
2026-01-29 19:06:01,013 - varanus - INFO - In state 7160293480173553428 saw radiation_level.Green
2026-01-29 19:06:01,013 - varanus - INFO - In state 7160293480173553428 saw radiation_level.Green
2026-01-29 19:06:01,013 - varanus - INFO - In state 7160293480173553428 saw radiation_level.Green
2026-01-29 19:06:01,014 - varanus - INFO - In state 7160293480173553428 saw radiation_level.Green
2026-01-29 19:06:01,014 - varanus - INFO - In state 7160293480173553428 saw radiation_level.Green
2026-01-29 19:06:01,015 - varanus - INFO - In state 7160293480173553428 saw radiation_level.Green
2026-01-29 19:06:01,015 - varanus - INFO - In state 7160293480173553428 saw radiation_level.Green
2026-01-29 19:06:01,016 - varanus - INFO - In state 7160293480173553428 saw radiation_level.Green
2026-01-29 19:06:01,016 - varanus - INFO - In state 7160293480173553428 saw radiation_level.Green
2026-01-29 19:06:01,017 - varanus - INFO - In state 7160293480173553428 saw radiation_level.Green
2026-01-29 19:06:01,017 - varanus - INFO - In state 7160293480173553428 saw radiation_level.Green
2026-01-29 19:06:01,018 - varanus - INFO - In state 7160293480173553428 saw radiation_level.Green
2026-01-29 19:06:01,018 - varanus - INFO - In state 7160293480173553428 saw radiation_level.Green
2026-01-29 19:06:01,018 - varanus - INFO - In state 7160293480173553428 saw radiation_level.Green
2026-01-29 19:06:01,019 - varanus - INFO - In state 7160293480173553428 saw radiation_level.Green
2026-01-29 19:06:01,019 - varanus - INFO - In state 7160293480173553428 saw radiation_level.Green
2026-01-29 19:06:01,020 - varanus - INFO - In state 7160293480173553428 saw arrived_at.2
2026-01-29 19:06:01,020 - varanus - INFO - In state 7159469025283769339 saw radiation_level.Green
2026-01-29 19:06:01,020 - varanus - INFO - In state 7159469025283769339 saw inspect.2
2026-01-29 19:06:01,021 - varanus - INFO - In state 2084635629800926445 saw radiation_level.Green
2026-01-29 19:06:01,021 - varanus - INFO - In state 2084635629800926445 saw radiation_level.Green
2026-01-29 19:06:01,021 - varanus - INFO - In state 2084635629800926445 saw radiation_level.Green
2026-01-29 19:06:01,022 - varanus - INFO - In state 2084635629800926445 saw inspected.2
2026-01-29 19:06:01,022 - varanus - INFO - In state 10177341285736213011 saw move.3
2026-01-29 19:06:01,023 - varanus - INFO - In state 9032829754056307460 saw radiation_level.Green
2026-01-29 19:06:01,024 - varanus - INFO - In state 9032829754056307460 saw radiation_level.Green
2026-01-29 19:06:01,024 - varanus - INFO - In state 9032829754056307460 saw radiation_level.Green
2026-01-29 19:06:01,025 - varanus - INFO - In state 9032829754056307460 saw radiation_level.Green
2026-01-29 19:06:01,025 - varanus - INFO - In state 9032829754056307460 saw radiation_level.Green
2026-01-29 19:06:01,025 - varanus - INFO - In state 9032829754056307460 saw radiation_level.Green
2026-01-29 19:06:01,026 - varanus - INFO - In state 9032829754056307460 saw radiation_level.Green
2026-01-29 19:06:01,026 - varanus - INFO - In state 9032829754056307460 saw radiation_level.Green
2026-01-29 19:06:01,027 - varanus - INFO - In state 9032829754056307460 saw radiation_level.Green
2026-01-29 19:06:01,027 - varanus - INFO - In state 9032829754056307460 saw radiation_level.Green
2026-01-29 19:06:01,028 - varanus - INFO - In state 9032829754056307460 saw radiation_level.Green
2026-01-29 19:06:01,028 - varanus - INFO - In state 9032829754056307460 saw radiation_level.Green
2026-01-29 19:06:01,029 - varanus - INFO - In state 9032829754056307460 saw radiation_level.Green
2026-01-29 19:06:01,029 - varanus - INFO - In state 9032829754056307460 saw radiation_level.Green
2026-01-29 19:06:01,029 - varanus - INFO - In state 9032829754056307460 saw radiation_level.Green
2026-01-29 19:06:01,030 - varanus - INFO - In state 9032829754056307460 saw radiation_level.Green
2026-01-29 19:06:01,030 - varanus - INFO - In state 9032829754056307460 saw radiation_level.Green
2026-01-29 19:06:01,031 - varanus - INFO - In state 9032829754056307460 saw radiation_level.Green
2026-01-29 19:06:01,031 - varanus - INFO - In state 9032829754056307460 saw radiation_level.Green
2026-01-29 19:06:01,032 - varanus - INFO - In state 9032829754056307460 saw arrived_at.3
2026-01-29 19:06:01,032 - varanus - INFO - In state 5390127886291351538 saw inspect.3
2026-01-29 19:06:01,032 - varanus - INFO - In state 9596820191747577320 saw radiation_level.Green
2026-01-29 19:06:01,033 - varanus - INFO - In state 9596820191747577320 saw radiation_level.Green
2026-01-29 19:06:01,033 - varanus - INFO - In state 9596820191747577320 saw radiation_level.Green
2026-01-29 19:06:01,033 - varanus - INFO - In state 9596820191747577320 saw inspected.3
2026-01-29 19:06:01,034 - varanus - INFO - In state 11741425350770578110 saw radiation_level.Green
2026-01-29 19:06:01,034 - varanus - INFO - In state 11741425350770578110 saw move.4
2026-01-29 19:06:01,034 - varanus - INFO - In state 8913269302512093833 saw radiation_level.Green
2026-01-29 19:06:01,034 - varanus - INFO - In state 8913269302512093833 saw radiation_level.Green
2026-01-29 19:06:01,035 - varanus - INFO - In state 8913269302512093833 saw radiation_level.Green
2026-01-29 19:06:01,035 - varanus - INFO - In state 8913269302512093833 saw radiation_level.Green
2026-01-29 19:06:01,035 - varanus - INFO - In state 8913269302512093833 saw radiation_level.Green
2026-01-29 19:06:01,035 - varanus - INFO - In state 8913269302512093833 saw radiation_level.Green
2026-01-29 19:06:01,036 - varanus - INFO - In state 8913269302512093833 saw radiation_level.Green
2026-01-29 19:06:01,036 - varanus - INFO - In state 8913269302512093833 saw radiation_level.Green
2026-01-29 19:06:01,036 - varanus - INFO - In state 8913269302512093833 saw radiation_level.Green
2026-01-29 19:06:01,036 - varanus - INFO - In state 8913269302512093833 saw radiation_level.Green
2026-01-29 19:06:01,037 - varanus - INFO - In state 8913269302512093833 saw radiation_level.Green
2026-01-29 19:06:01,037 - varanus - INFO - In state 8913269302512093833 saw radiation_level.Green
2026-01-29 19:06:01,037 - varanus - INFO - In state 8913269302512093833 saw radiation_level.Green
2026-01-29 19:06:01,037 - varanus - INFO - In state 8913269302512093833 saw radiation_level.Green
2026-01-29 19:06:01,038 - varanus - INFO - In state 8913269302512093833 saw radiation_level.Green
2026-01-29 19:06:01,039 - varanus - INFO - In state 8913269302512093833 saw radiation_level.Green
2026-01-29 19:06:01,040 - varanus - INFO - In state 8913269302512093833 saw radiation_level.Green
2026-01-29 19:06:01,040 - varanus - INFO - In state 8913269302512093833 saw radiation_level.Green
2026-01-29 19:06:01,040 - varanus - INFO - In state 8913269302512093833 saw radiation_level.Green
2026-01-29 19:06:01,040 - varanus - INFO - In state 8913269302512093833 saw radiation_level.Green
2026-01-29 19:06:01,041 - varanus - INFO - In state 8913269302512093833 saw radiation_level.Green
2026-01-29 19:06:01,041 - varanus - INFO - In state 8913269302512093833 saw radiation_level.Green
2026-01-29 19:06:01,041 - varanus - INFO - In state 8913269302512093833 saw radiation_level.Green
2026-01-29 19:06:01,041 - varanus - INFO - In state 8913269302512093833 saw arrived_at.4
2026-01-29 19:06:01,042 - varanus - INFO - In state 162574267969549523 saw radiation_level.Green
2026-01-29 19:06:01,042 - varanus - INFO - In state 162574267969549523 saw inspect.4
2026-01-29 19:06:01,042 - varanus - INFO - In state 11518999430799532033 saw radiation_level.Green
2026-01-29 19:06:01,042 - varanus - INFO - In state 11518999430799532033 saw radiation_level.Green
2026-01-29 19:06:01,043 - varanus - INFO - In state 11518999430799532033 saw inspected.4
2026-01-29 19:06:01,043 - varanus - INFO - In state 1071502396488624108 saw radiation_level.Green
2026-01-29 19:06:01,043 - varanus - INFO - In state 1071502396488624108 saw move.5
2026-01-29 19:06:01,043 - varanus - INFO - In state 5447293798886156073 saw radiation_level.Green
2026-01-29 19:06:01,044 - varanus - INFO - In state 5447293798886156073 saw radiation_level.Green
2026-01-29 19:06:01,044 - varanus - INFO - In state 5447293798886156073 saw radiation_level.Green
2026-01-29 19:06:01,044 - varanus - INFO - In state 5447293798886156073 saw radiation_level.Green
2026-01-29 19:06:01,044 - varanus - INFO - In state 5447293798886156073 saw radiation_level.Green
2026-01-29 19:06:01,045 - varanus - INFO - In state 5447293798886156073 saw radiation_level.Green
2026-01-29 19:06:01,045 - varanus - INFO - In state 5447293798886156073 saw radiation_level.Green
2026-01-29 19:06:01,045 - varanus - INFO - In state 5447293798886156073 saw radiation_level.Green
2026-01-29 19:06:01,045 - varanus - INFO - In state 5447293798886156073 saw radiation_level.Green
2026-01-29 19:06:01,046 - varanus - INFO - In state 5447293798886156073 saw radiation_level.Green
2026-01-29 19:06:01,046 - varanus - INFO - In state 5447293798886156073 saw radiation_level.Green
2026-01-29 19:06:01,046 - varanus - INFO - In state 5447293798886156073 saw radiation_level.Green
2026-01-29 19:06:01,046 - varanus - INFO - In state 5447293798886156073 saw arrived_at.5
2026-01-29 19:06:01,047 - varanus - INFO - In state 15364471679895430474 saw radiation_level.Green
2026-01-29 19:06:01,047 - varanus - INFO - In state 15364471679895430474 saw inspect.5
2026-01-29 19:06:01,047 - varanus - INFO - In state 465611500842186111 saw radiation_level.Green
2026-01-29 19:06:01,047 - varanus - INFO - In state 465611500842186111 saw radiation_level.Green
2026-01-29 19:06:01,048 - varanus - INFO - In state 465611500842186111 saw inspected.5
2026-01-29 19:06:01,048 - varanus - INFO - In state 14789682402440888388 saw radiation_level.Green
2026-01-29 19:06:01,048 - varanus - INFO - In state 14789682402440888388 saw radiation_level.Green
2026-01-29 19:06:01,048 - varanus - INFO - In state 14789682402440888388 saw radiation_level.Green
2026-01-29 19:06:01,048 - varanus - INFO - In state 14789682402440888388 saw move.0
2026-01-29 19:06:01,049 - varanus - INFO - In state 4873469397254139780 saw radiation_level.Green
2026-01-29 19:06:01,049 - varanus - INFO - In state 4873469397254139780 saw radiation_level.Green
2026-01-29 19:06:01,049 - varanus - INFO - In state 4873469397254139780 saw radiation_level.Green
2026-01-29 19:06:01,049 - varanus - INFO - In state 4873469397254139780 saw radiation_level.Green
2026-01-29 19:06:01,050 - varanus - INFO - In state 4873469397254139780 saw radiation_level.Green
2026-01-29 19:06:01,050 - varanus - INFO - In state 4873469397254139780 saw radiation_level.Green
2026-01-29 19:06:01,050 - varanus - INFO - In state 4873469397254139780 saw radiation_level.Green
2026-01-29 19:06:01,050 - varanus - INFO - In state 4873469397254139780 saw radiation_level.Green
2026-01-29 19:06:01,051 - varanus - INFO - In state 4873469397254139780 saw radiation_level.Green
2026-01-29 19:06:01,051 - varanus - INFO - In state 4873469397254139780 saw radiation_level.Green
2026-01-29 19:06:01,051 - varanus - INFO - In state 4873469397254139780 saw radiation_level.Green
2026-01-29 19:06:01,052 - varanus - INFO - In state 4873469397254139780 saw radiation_level.Green
2026-01-29 19:06:01,052 - varanus - INFO - In state 4873469397254139780 saw radiation_level.Green
2026-01-29 19:06:01,053 - varanus - INFO - In state 4873469397254139780 saw radiation_level.Green
2026-01-29 19:06:01,053 - varanus - INFO - In state 4873469397254139780 saw radiation_level.Green
2026-01-29 19:06:01,053 - varanus - INFO - In state 4873469397254139780 saw radiation_level.Green
2026-01-29 19:06:01,054 - varanus - INFO - In state 4873469397254139780 saw radiation_level.Green
2026-01-29 19:06:01,054 - varanus - INFO - In state 4873469397254139780 saw arrived_at.0
2026-01-29 19:06:01,054 - varanus - INFO - In state 10331207552863718274 saw radiation_level.Green
2026-01-29 19:06:01,054 - varanus - INFO - Trace file finished with no violations
2026-01-29 19:06:01,056 - varanus - INFO - +++ Build Time: 			0.34489607811s +++
2026-01-29 19:06:01,056 - varanus - INFO - +++ Check Time: 			0.118875980377s +++
2026-01-29 19:06:01,057 - varanus - INFO - +++ Average Transition Time: 	0.000385660981927s (233 events) +++
2026-01-29 19:06:01,057 - varanus - INFO - +++ Total Time: 			0.485481977463s +++
