2026-01-29 19:06:07,433 - varanus - INFO - +++ Testing rover_model_ras_pass +++
2026-01-29 19:06:07,433 - varanus - INFO - Preprocessing...
2026-01-29 19:06:07,433 - varanus - INFO - Preprocessing: pass
2026-01-29 19:06:07,433 - varanus - INFO - +++ Running Offline +++
2026-01-29 19:06:07,455 - varanus - INFO - Building CSP State Machine. Please Wait
2026-01-29 19:06:07,704 - varanus - INFO - Building CSP State Machine
2026-01-29 19:06:07,789 - varanus - INFO - +++ checking that normal(ROVER_SYSTEM) is deterministic with given alphabets +++
2026-01-29 19:06:07,790 - varanus - INFO - +++ starting monitoring against normal(ROVER_SYSTEM) +++
2026-01-29 19:06:07,790 - varanus - INFO - +++ Running Offline -- Using State Machine +++
2026-01-29 19:06:07,790 - varanus - INFO - Parsing trace file at: oracles/inspection-rover-ras/trace-json-pass.txt
2026-01-29 19:06:07,805 - varanus - INFO - Parsed trace file OK
2026-01-29 19:06:07,806 - varanus - INFO - Checking trace file: oracles/inspection-rover-ras/trace-json-pass.txt
2026-01-29 19:06:07,806 - varanus - INFO - In state 6706320920252439311 saw radiation_level.Green
2026-01-29 19:06:07,806 - varanus - INFO - In state 6706320920252439311 saw radiation_level.Green
2026-01-29 19:06:07,807 - varanus - INFO - In state 6706320920252439311 saw radiation_level.Green
2026-01-29 19:06:07,807 - varanus - INFO - In state 6706320920252439311 saw radiation_level.Green
2026-01-29 19:06:07,808 - varanus - INFO - In state 6706320920252439311 saw radiation_level.Green
2026-01-29 19:06:07,808 - varanus - INFO - In state 6706320920252439311 saw radiation_level.Green
2026-01-29 19:06:07,808 - varanus - INFO - In state 6706320920252439311 saw radiation_level.Green
2026-01-29 19:06:07,809 - varanus - INFO - In state 6706320920252439311 saw radiation_level.Green
2026-01-29 19:06:07,809 - varanus - INFO - In state 6706320920252439311 saw radiation_level.Green
2026-01-29 19:06:07,810 - varanus - INFO - In state 6706320920252439311 saw radiation_level.Green
2026-01-29 19:06:07,810 - varanus - INFO - In state 6706320920252439311 saw radiation_level.Green
2026-01-29 19:06:07,810 - varanus - INFO - In state 6706320920252439311 saw radiation_level.Green
2026-01-29 19:06:07,811 - varanus - INFO - In state 6706320920252439311 saw radiation_level.Green
2026-01-29 19:06:07,811 - varanus - INFO - In state 6706320920252439311 saw radiation_level.Green
2026-01-29 19:06:07,812 - varanus - INFO - In state 6706320920252439311 saw radiation_level.Green
2026-01-29 19:06:07,812 - varanus - INFO - In state 6706320920252439311 saw radiation_level.Green
2026-01-29 19:06:07,812 - varanus - INFO - In state 6706320920252439311 saw radiation_level.Green
2026-01-29 19:06:07,813 - varanus - INFO - In state 6706320920252439311 saw radiation_level.Green
2026-01-29 19:06:07,813 - varanus - INFO - In state 6706320920252439311 saw radiation_level.Green
2026-01-29 19:06:07,814 - varanus - INFO - In state 6706320920252439311 saw radiation_level.Green
2026-01-29 19:06:07,814 - varanus - INFO - In state 6706320920252439311 saw radiation_level.Green
2026-01-29 19:06:07,814 - varanus - INFO - In state 6706320920252439311 saw radiation_level.Green
2026-01-29 19:06:07,815 - varanus - INFO - In state 6706320920252439311 saw radiation_level.Green
2026-01-29 19:06:07,815 - varanus - INFO - In state 6706320920252439311 saw radiation_level.Green
2026-01-29 19:06:07,815 - varanus - INFO - In state 6706320920252439311 saw radiation_level.Green
2026-01-29 19:06:07,816 - varanus - INFO - In state 6706320920252439311 saw radiation_level.Green
2026-01-29 19:06:07,816 - varanus - INFO - In state 6706320920252439311 saw radiation_level.Green
2026-01-29 19:06:07,816 - varanus - INFO - In state 6706320920252439311 saw radiation_level.Green
2026-01-29 19:06:07,817 - varanus - INFO - In state 6706320920252439311 saw radiation_level.Green
2026-01-29 19:06:07,817 - varanus - INFO - In state 6706320920252439311 saw radiation_level.Green
2026-01-29 19:06:07,818 - varanus - INFO - In state 6706320920252439311 saw radiation_level.Green
2026-01-29 19:06:07,818 - varanus - INFO - In state 6706320920252439311 saw radiation_level.Green
2026-01-29 19:06:07,818 - varanus - INFO - In state 6706320920252439311 saw radiation_level.Green
2026-01-29 19:06:07,819 - varanus - INFO - In state 6706320920252439311 saw radiation_level.Green
2026-01-29 19:06:07,819 - varanus - INFO - In state 6706320920252439311 saw radiation_level.Green
2026-01-29 19:06:07,820 - varanus - INFO - In state 6706320920252439311 saw radiation_level.Green
2026-01-29 19:06:07,820 - varanus - INFO - In state 6706320920252439311 saw radiation_level.Green
2026-01-29 19:06:07,820 - varanus - INFO - In state 6706320920252439311 saw radiation_level.Green
2026-01-29 19:06:07,821 - varanus - INFO - In state 6706320920252439311 saw radiation_level.Green
2026-01-29 19:06:07,821 - varanus - INFO - In state 6706320920252439311 saw radiation_level.Green
2026-01-29 19:06:07,821 - varanus - INFO - In state 6706320920252439311 saw radiation_level.Green
2026-01-29 19:06:07,822 - varanus - INFO - In state 6706320920252439311 saw radiation_level.Green
2026-01-29 19:06:07,822 - varanus - INFO - In state 6706320920252439311 saw radiation_level.Green
2026-01-29 19:06:07,823 - varanus - INFO - In state 6706320920252439311 saw radiation_level.Green
2026-01-29 19:06:07,823 - varanus - INFO - In state 6706320920252439311 saw radiation_level.Green
2026-01-29 19:06:07,823 - varanus - INFO - In state 6706320920252439311 saw radiation_level.Green
2026-01-29 19:06:07,824 - varanus - INFO - In state 6706320920252439311 saw radiation_level.Green
2026-01-29 19:06:07,824 - varanus - INFO - In state 6706320920252439311 saw radiation_level.Green
2026-01-29 19:06:07,824 - varanus - INFO - In state 6706320920252439311 saw radiation_level.Green
2026-01-29 19:06:07,825 - varanus - INFO - In state 6706320920252439311 saw radiation_level.Green
2026-01-29 19:06:07,825 - varanus - INFO - In state 6706320920252439311 saw radiation_level.Green
2026-01-29 19:06:07,825 - varanus - INFO - In state 6706320920252439311 saw radiation_level.Green
2026-01-29 19:06:07,826 - varanus - INFO - In state 6706320920252439311 saw radiation_level.Green
2026-01-29 19:06:07,826 - varanus - INFO - In state 6706320920252439311 saw radiation_level.Green
2026-01-29 19:06:07,827 - varanus - INFO - In state 6706320920252439311 saw radiation_level.Green
2026-01-29 19:06:07,827 - varanus - INFO - In state 6706320920252439311 saw radiation_level.Green
2026-01-29 19:06:07,828 - varanus - INFO - In state 6706320920252439311 saw radiation_level.Green
2026-01-29 19:06:07,828 - varanus - INFO - In state 6706320920252439311 saw radiation_level.Green
2026-01-29 19:06:07,828 - varanus - INFO - In state 6706320920252439311 saw radiation_level.Green
2026-01-29 19:06:07,829 - varanus - INFO - In state 6706320920252439311 saw radiation_level.Green
2026-01-29 19:06:07,829 - varanus - INFO - In state 6706320920252439311 saw radiation_level.Green
2026-01-29 19:06:07,830 - varanus - INFO - In state 6706320920252439311 saw radiation_level.Green
2026-01-29 19:06:07,830 - varanus - INFO - In state 6706320920252439311 saw radiation_level.Green
2026-01-29 19:06:07,831 - varanus - INFO - In state 6706320920252439311 saw radiation_level.Green
2026-01-29 19:06:07,831 - varanus - INFO - In state 6706320920252439311 saw radiation_level.Green
2026-01-29 19:06:07,831 - varanus - INFO - In state 6706320920252439311 saw radiation_level.Green
2026-01-29 19:06:07,832 - varanus - INFO - In state 6706320920252439311 saw radiation_level.Green
2026-01-29 19:06:07,832 - varanus - INFO - In state 6706320920252439311 saw radiation_level.Green
2026-01-29 19:06:07,833 - varanus - INFO - In state 6706320920252439311 saw radiation_level.Green
2026-01-29 19:06:07,833 - varanus - INFO - In state 6706320920252439311 saw radiation_level.Green
2026-01-29 19:06:07,833 - varanus - INFO - In state 6706320920252439311 saw radiation_level.Green
2026-01-29 19:06:07,834 - varanus - INFO - In state 6706320920252439311 saw radiation_level.Green
2026-01-29 19:06:07,834 - varanus - INFO - In state 6706320920252439311 saw radiation_level.Green
2026-01-29 19:06:07,835 - varanus - INFO - In state 6706320920252439311 saw move.1
2026-01-29 19:06:07,835 - varanus - INFO - In state 7211846245439209908 saw radiation_level.Green
2026-01-29 19:06:07,835 - varanus - INFO - In state 7211846245439209908 saw radiation_level.Green
2026-01-29 19:06:07,836 - varanus - INFO - In state 7211846245439209908 saw radiation_level.Green
2026-01-29 19:06:07,836 - varanus - INFO - In state 7211846245439209908 saw radiation_level.Green
2026-01-29 19:06:07,836 - varanus - INFO - In state 7211846245439209908 saw radiation_level.Green
2026-01-29 19:06:07,837 - varanus - INFO - In state 7211846245439209908 saw radiation_level.Green
2026-01-29 19:06:07,837 - varanus - INFO - In state 7211846245439209908 saw radiation_level.Green
2026-01-29 19:06:07,838 - varanus - INFO - In state 7211846245439209908 saw radiation_level.Green
2026-01-29 19:06:07,838 - varanus - INFO - In state 7211846245439209908 saw radiation_level.Green
2026-01-29 19:06:07,838 - varanus - INFO - In state 7211846245439209908 saw radiation_level.Green
2026-01-29 19:06:07,839 - varanus - INFO - In state 7211846245439209908 saw radiation_level.Green
2026-01-29 19:06:07,839 - varanus - INFO - In state 7211846245439209908 saw radiation_level.Green
2026-01-29 19:06:07,839 - varanus - INFO - In state 7211846245439209908 saw radiation_level.Green
2026-01-29 19:06:07,840 - varanus - INFO - In state 7211846245439209908 saw radiation_level.Green
2026-01-29 19:06:07,840 - varanus - INFO - In state 7211846245439209908 saw radiation_level.Green
2026-01-29 19:06:07,841 - varanus - INFO - In state 7211846245439209908 saw radiation_level.Green
2026-01-29 19:06:07,841 - varanus - INFO - In state 7211846245439209908 saw radiation_level.Green
2026-01-29 19:06:07,841 - varanus - INFO - In state 7211846245439209908 saw arrived_at.1
2026-01-29 19:06:07,842 - varanus - INFO - In state 10261768897652040890 saw radiation_level.Green
2026-01-29 19:06:07,842 - varanus - INFO - In state 10261768897652040890 saw inspect.1
2026-01-29 19:06:07,843 - varanus - INFO - In state 17059743875309732985 saw radiation_level.Green
2026-01-29 19:06:07,843 - varanus - INFO - In state 17059743875309732985 saw radiation_level.Green
2026-01-29 19:06:07,843 - varanus - INFO - In state 17059743875309732985 saw radiation_level.Green
2026-01-29 19:06:07,844 - varanus - INFO - In state 17059743875309732985 saw inspected.1
2026-01-29 19:06:07,844 - varanus - INFO - In state 977789352872227929 saw radiation_level.Green
2026-01-29 19:06:07,845 - varanus - INFO - In state 977789352872227929 saw move.2
2026-01-29 19:06:07,845 - varanus - INFO - In state 13742088956895862052 saw radiation_level.Green
2026-01-29 19:06:07,845 - varanus - INFO - In state 13742088956895862052 saw radiation_level.Green
2026-01-29 19:06:07,846 - varanus - INFO - In state 13742088956895862052 saw radiation_level.Green
2026-01-29 19:06:07,846 - varanus - INFO - In state 13742088956895862052 saw radiation_level.Green
2026-01-29 19:06:07,847 - varanus - INFO - In state 13742088956895862052 saw radiation_level.Green
2026-01-29 19:06:07,847 - varanus - INFO - In state 13742088956895862052 saw radiation_level.Green
2026-01-29 19:06:07,847 - varanus - INFO - In state 13742088956895862052 saw radiation_level.Green
2026-01-29 19:06:07,848 - varanus - INFO - In state 13742088956895862052 saw radiation_level.Green
2026-01-29 19:06:07,848 - varanus - INFO - In state 13742088956895862052 saw radiation_level.Green
2026-01-29 19:06:07,849 - varanus - INFO - In state 13742088956895862052 saw radiation_level.Green
2026-01-29 19:06:07,849 - varanus - INFO - In state 13742088956895862052 saw radiation_level.Green
2026-01-29 19:06:07,849 - varanus - INFO - In state 13742088956895862052 saw radiation_level.Green
2026-01-29 19:06:07,850 - varanus - INFO - In state 13742088956895862052 saw radiation_level.Green
2026-01-29 19:06:07,850 - varanus - INFO - In state 13742088956895862052 saw radiation_level.Green
2026-01-29 19:06:07,850 - varanus - INFO - In state 13742088956895862052 saw radiation_level.Green
2026-01-29 19:06:07,851 - varanus - INFO - In state 13742088956895862052 saw radiation_level.Green
2026-01-29 19:06:07,851 - varanus - INFO - In state 13742088956895862052 saw radiation_level.Green
2026-01-29 19:06:07,852 - varanus - INFO - In state 13742088956895862052 saw radiation_level.Green
2026-01-29 19:06:07,852 - varanus - INFO - In state 13742088956895862052 saw radiation_level.Green
2026-01-29 19:06:07,852 - varanus - INFO - In state 13742088956895862052 saw radiation_level.Green
2026-01-29 19:06:07,853 - varanus - INFO - In state 13742088956895862052 saw radiation_level.Green
2026-01-29 19:06:07,853 - varanus - INFO - In state 13742088956895862052 saw radiation_level.Green
2026-01-29 19:06:07,854 - varanus - INFO - In state 13742088956895862052 saw radiation_level.Green
2026-01-29 19:06:07,854 - varanus - INFO - In state 13742088956895862052 saw radiation_level.Green
2026-01-29 19:06:07,854 - varanus - INFO - In state 13742088956895862052 saw radiation_level.Green
2026-01-29 19:06:07,855 - varanus - INFO - In state 13742088956895862052 saw radiation_level.Green
2026-01-29 19:06:07,855 - varanus - INFO - In state 13742088956895862052 saw arrived_at.2
2026-01-29 19:06:07,856 - varanus - INFO - In state 39046847996861888 saw radiation_level.Green
2026-01-29 19:06:07,856 - varanus - INFO - In state 39046847996861888 saw inspect.2
2026-01-29 19:06:07,856 - varanus - INFO - In state 9724317845500499752 saw radiation_level.Green
2026-01-29 19:06:07,857 - varanus - INFO - In state 9724317845500499752 saw radiation_level.Green
2026-01-29 19:06:07,857 - varanus - INFO - In state 9724317845500499752 saw radiation_level.Green
2026-01-29 19:06:07,858 - varanus - INFO - In state 9724317845500499752 saw inspected.2
2026-01-29 19:06:07,858 - varanus - INFO - In state 15406177187186613591 saw move.3
2026-01-29 19:06:07,858 - varanus - INFO - In state 8362329832025812384 saw radiation_level.Green
2026-01-29 19:06:07,859 - varanus - INFO - In state 8362329832025812384 saw radiation_level.Green
2026-01-29 19:06:07,859 - varanus - INFO - In state 8362329832025812384 saw radiation_level.Green
2026-01-29 19:06:07,860 - varanus - INFO - In state 8362329832025812384 saw radiation_level.Green
2026-01-29 19:06:07,860 - varanus - INFO - In state 8362329832025812384 saw radiation_level.Green
2026-01-29 19:06:07,860 - varanus - INFO - In state 8362329832025812384 saw radiation_level.Green
2026-01-29 19:06:07,861 - varanus - INFO - In state 8362329832025812384 saw radiation_level.Green
2026-01-29 19:06:07,861 - varanus - INFO - In state 8362329832025812384 saw radiation_level.Green
2026-01-29 19:06:07,861 - varanus - INFO - In state 8362329832025812384 saw radiation_level.Green
2026-01-29 19:06:07,862 - varanus - INFO - In state 8362329832025812384 saw radiation_level.Green
2026-01-29 19:06:07,862 - varanus - INFO - In state 8362329832025812384 saw radiation_level.Green
2026-01-29 19:06:07,862 - varanus - INFO - In state 8362329832025812384 saw radiation_level.Green
2026-01-29 19:06:07,863 - varanus - INFO - In state 8362329832025812384 saw radiation_level.Green
2026-01-29 19:06:07,863 - varanus - INFO - In state 8362329832025812384 saw radiation_level.Green
2026-01-29 19:06:07,863 - varanus - INFO - In state 8362329832025812384 saw radiation_level.Green
2026-01-29 19:06:07,864 - varanus - INFO - In state 8362329832025812384 saw radiation_level.Green
2026-01-29 19:06:07,864 - varanus - INFO - In state 8362329832025812384 saw radiation_level.Green
2026-01-29 19:06:07,865 - varanus - INFO - In state 8362329832025812384 saw radiation_level.Green
2026-01-29 19:06:07,865 - varanus - INFO - In state 8362329832025812384 saw radiation_level.Green
2026-01-29 19:06:07,865 - varanus - INFO - In state 8362329832025812384 saw arrived_at.3
2026-01-29 19:06:07,866 - varanus - INFO - In state 18055178828963592645 saw inspect.3
2026-01-29 19:06:07,866 - varanus - INFO - In state 8557091219765963062 saw radiation_level.Green
2026-01-29 19:06:07,867 - varanus - INFO - In state 8557091219765963062 saw radiation_level.Green
2026-01-29 19:06:07,867 - varanus - INFO - In state 8557091219765963062 saw radiation_level.Green
2026-01-29 19:06:07,867 - varanus - INFO - In state 8557091219765963062 saw inspected.3
2026-01-29 19:06:07,868 - varanus - INFO - In state 2450398450119432805 saw radiation_level.Green
2026-01-29 19:06:07,868 - varanus - INFO - In state 2450398450119432805 saw move.4
2026-01-29 19:06:07,869 - varanus - INFO - In state 781040978111208252 saw radiation_level.Green
2026-01-29 19:06:07,869 - varanus - INFO - In state 781040978111208252 saw radiation_level.Green
2026-01-29 19:06:07,869 - varanus - INFO - In state 781040978111208252 saw radiation_level.Green
2026-01-29 19:06:07,870 - varanus - INFO - In state 781040978111208252 saw radiation_level.Green
2026-01-29 19:06:07,870 - varanus - INFO - In state 781040978111208252 saw radiation_level.Green
2026-01-29 19:06:07,870 - varanus - INFO - In state 781040978111208252 saw radiation_level.Green
2026-01-29 19:06:07,871 - varanus - INFO - In state 781040978111208252 saw radiation_level.Green
2026-01-29 19:06:07,871 - varanus - INFO - In state 781040978111208252 saw radiation_level.Green
2026-01-29 19:06:07,872 - varanus - INFO - In state 781040978111208252 saw radiation_level.Green
2026-01-29 19:06:07,872 - varanus - INFO - In state 781040978111208252 saw radiation_level.Green
2026-01-29 19:06:07,872 - varanus - INFO - In state 781040978111208252 saw radiation_level.Green
2026-01-29 19:06:07,873 - varanus - INFO - In state 781040978111208252 saw radiation_level.Green
2026-01-29 19:06:07,873 - varanus - INFO - In state 781040978111208252 saw radiation_level.Green
2026-01-29 19:06:07,873 - varanus - INFO - In state 781040978111208252 saw radiation_level.Green
2026-01-29 19:06:07,874 - varanus - INFO - In state 781040978111208252 saw radiation_level.Green
2026-01-29 19:06:07,874 - varanus - INFO - In state 781040978111208252 saw radiation_level.Green
2026-01-29 19:06:07,875 - varanus - INFO - In state 781040978111208252 saw radiation_level.Green
2026-01-29 19:06:07,875 - varanus - INFO - In state 781040978111208252 saw radiation_level.Green
2026-01-29 19:06:07,875 - varanus - INFO - In state 781040978111208252 saw radiation_level.Green
2026-01-29 19:06:07,876 - varanus - INFO - In state 781040978111208252 saw radiation_level.Green
2026-01-29 19:06:07,876 - varanus - INFO - In state 781040978111208252 saw radiation_level.Green
2026-01-29 19:06:07,876 - varanus - INFO - In state 781040978111208252 saw radiation_level.Green
2026-01-29 19:06:07,877 - varanus - INFO - In state 781040978111208252 saw radiation_level.Green
2026-01-29 19:06:07,877 - varanus - INFO - In state 781040978111208252 saw arrived_at.4
2026-01-29 19:06:07,877 - varanus - INFO - In state 16791170857749331682 saw radiation_level.Green
2026-01-29 19:06:07,878 - varanus - INFO - In state 16791170857749331682 saw inspect.4
2026-01-29 19:06:07,878 - varanus - INFO - In state 590399219860344048 saw radiation_level.Green
2026-01-29 19:06:07,878 - varanus - INFO - In state 590399219860344048 saw radiation_level.Green
2026-01-29 19:06:07,879 - varanus - INFO - In state 590399219860344048 saw inspected.4
2026-01-29 19:06:07,879 - varanus - INFO - In state 4215163707509934249 saw radiation_level.Green
2026-01-29 19:06:07,879 - varanus - INFO - In state 4215163707509934249 saw move.5
2026-01-29 19:06:07,880 - varanus - INFO - In state 11530209536776075075 saw radiation_level.Green
2026-01-29 19:06:07,880 - varanus - INFO - In state 11530209536776075075 saw radiation_level.Green
2026-01-29 19:06:07,880 - varanus - INFO - In state 11530209536776075075 saw radiation_level.Green
2026-01-29 19:06:07,881 - varanus - INFO - In state 11530209536776075075 saw radiation_level.Green
2026-01-29 19:06:07,881 - varanus - INFO - In state 11530209536776075075 saw radiation_level.Green
2026-01-29 19:06:07,882 - varanus - INFO - In state 11530209536776075075 saw radiation_level.Green
2026-01-29 19:06:07,882 - varanus - INFO - In state 11530209536776075075 saw radiation_level.Green
2026-01-29 19:06:07,882 - varanus - INFO - In state 11530209536776075075 saw radiation_level.Green
2026-01-29 19:06:07,883 - varanus - INFO - In state 11530209536776075075 saw radiation_level.Green
2026-01-29 19:06:07,883 - varanus - INFO - In state 11530209536776075075 saw radiation_level.Green
2026-01-29 19:06:07,884 - varanus - INFO - In state 11530209536776075075 saw radiation_level.Green
2026-01-29 19:06:07,884 - varanus - INFO - In state 11530209536776075075 saw radiation_level.Green
2026-01-29 19:06:07,884 - varanus - INFO - In state 11530209536776075075 saw arrived_at.5
2026-01-29 19:06:07,885 - varanus - INFO - In state 1714874102520254857 saw radiation_level.Green
2026-01-29 19:06:07,885 - varanus - INFO - In state 1714874102520254857 saw inspect.5
2026-01-29 19:06:07,886 - varanus - INFO - In state 8074625055225453823 saw radiation_level.Green
2026-01-29 19:06:07,886 - varanus - INFO - In state 8074625055225453823 saw radiation_level.Green
2026-01-29 19:06:07,886 - varanus - INFO - In state 8074625055225453823 saw inspected.5
2026-01-29 19:06:07,887 - varanus - INFO - In state 14789682402440888388 saw radiation_level.Green
2026-01-29 19:06:07,887 - varanus - INFO - In state 14789682402440888388 saw radiation_level.Green
2026-01-29 19:06:07,888 - varanus - INFO - In state 14789682402440888388 saw radiation_level.Green
2026-01-29 19:06:07,888 - varanus - INFO - In state 14789682402440888388 saw move.0
2026-01-29 19:06:07,888 - varanus - INFO - In state 4873469397254139780 saw radiation_level.Green
2026-01-29 19:06:07,889 - varanus - INFO - In state 4873469397254139780 saw radiation_level.Green
2026-01-29 19:06:07,889 - varanus - INFO - In state 4873469397254139780 saw radiation_level.Green
2026-01-29 19:06:07,890 - varanus - INFO - In state 4873469397254139780 saw radiation_level.Green
2026-01-29 19:06:07,890 - varanus - INFO - In state 4873469397254139780 saw radiation_level.Green
2026-01-29 19:06:07,890 - varanus - INFO - In state 4873469397254139780 saw radiation_level.Green
2026-01-29 19:06:07,891 - varanus - INFO - In state 4873469397254139780 saw radiation_level.Green
2026-01-29 19:06:07,891 - varanus - INFO - In state 4873469397254139780 saw radiation_level.Green
2026-01-29 19:06:07,891 - varanus - INFO - In state 4873469397254139780 saw radiation_level.Green
2026-01-29 19:06:07,892 - varanus - INFO - In state 4873469397254139780 saw radiation_level.Green
2026-01-29 19:06:07,892 - varanus - INFO - In state 4873469397254139780 saw radiation_level.Green
2026-01-29 19:06:07,893 - varanus - INFO - In state 4873469397254139780 saw radiation_level.Green
2026-01-29 19:06:07,893 - varanus - INFO - In state 4873469397254139780 saw radiation_level.Green
2026-01-29 19:06:07,893 - varanus - INFO - In state 4873469397254139780 saw radiation_level.Green
2026-01-29 19:06:07,894 - varanus - INFO - In state 4873469397254139780 saw radiation_level.Green
2026-01-29 19:06:07,894 - varanus - INFO - In state 4873469397254139780 saw radiation_level.Green
2026-01-29 19:06:07,894 - varanus - INFO - In state 4873469397254139780 saw radiation_level.Green
2026-01-29 19:06:07,895 - varanus - INFO - In state 4873469397254139780 saw arrived_at.0
2026-01-29 19:06:07,895 - varanus - INFO - In state 10331207552863718274 saw radiation_level.Green
2026-01-29 19:06:07,895 - varanus - INFO - Trace file finished with no violations
2026-01-29 19:06:07,897 - varanus - INFO - +++ Build Time: 			0.33465886116s +++
2026-01-29 19:06:07,897 - varanus - INFO - +++ Check Time: 			0.105705976486s +++
2026-01-29 19:06:07,898 - varanus - INFO - +++ Average Transition Time: 	0.000379118284954s (233 events) +++
2026-01-29 19:06:07,898 - varanus - INFO - +++ Total Time: 			0.461982011795s +++
