2026-01-27 19:29:34,354 - varanus - INFO - +++ Testing rover_model_ras_fail_ordering +++
2026-01-27 19:29:34,354 - varanus - INFO - Preprocessing...
2026-01-27 19:29:34,354 - varanus - INFO - Preprocessing: pass
2026-01-27 19:29:34,354 - varanus - INFO - +++ Running Offline +++
2026-01-27 19:29:34,377 - varanus - INFO - Building CSP State Machine. Please Wait
2026-01-27 19:29:34,608 - varanus - INFO - Building CSP State Machine
2026-01-27 19:29:34,758 - varanus - INFO - +++ checking that ROVER_SYSTEM is deterministic with given alphabets +++
2026-01-27 19:29:34,758 - varanus - INFO - +++ starting monitoring against ROVER_SYSTEM +++
2026-01-27 19:29:34,758 - varanus - INFO - +++ Running Offline -- Using State Machine +++
2026-01-27 19:29:34,758 - varanus - INFO - Parsing trace file at: oracles/inspection-rover-ras/trace-json-fail-message-order.txt
2026-01-27 19:29:34,772 - varanus - INFO - Parsed trace file OK
2026-01-27 19:29:34,772 - varanus - INFO - Checking trace file: oracles/inspection-rover-ras/trace-json-fail-message-order.txt
2026-01-27 19:29:34,772 - varanus - INFO - In state 17976143188387390655 saw radiation_level.Green
2026-01-27 19:29:34,772 - varanus - INFO - In state 17976143188387390655 saw radiation_level.Green
2026-01-27 19:29:34,773 - varanus - INFO - In state 17976143188387390655 saw radiation_level.Green
2026-01-27 19:29:34,773 - varanus - INFO - In state 17976143188387390655 saw radiation_level.Green
2026-01-27 19:29:34,773 - varanus - INFO - In state 17976143188387390655 saw radiation_level.Green
2026-01-27 19:29:34,773 - varanus - INFO - In state 17976143188387390655 saw radiation_level.Green
2026-01-27 19:29:34,774 - varanus - INFO - In state 17976143188387390655 saw radiation_level.Green
2026-01-27 19:29:34,774 - varanus - INFO - In state 17976143188387390655 saw radiation_level.Green
2026-01-27 19:29:34,774 - varanus - INFO - In state 17976143188387390655 saw radiation_level.Green
2026-01-27 19:29:34,774 - varanus - INFO - In state 17976143188387390655 saw radiation_level.Green
2026-01-27 19:29:34,775 - varanus - INFO - In state 17976143188387390655 saw radiation_level.Green
2026-01-27 19:29:34,775 - varanus - INFO - In state 17976143188387390655 saw radiation_level.Green
2026-01-27 19:29:34,775 - varanus - INFO - In state 17976143188387390655 saw radiation_level.Green
2026-01-27 19:29:34,776 - varanus - INFO - In state 17976143188387390655 saw radiation_level.Green
2026-01-27 19:29:34,776 - varanus - INFO - In state 17976143188387390655 saw radiation_level.Green
2026-01-27 19:29:34,776 - varanus - INFO - In state 17976143188387390655 saw radiation_level.Green
2026-01-27 19:29:34,776 - varanus - INFO - In state 17976143188387390655 saw radiation_level.Green
2026-01-27 19:29:34,777 - varanus - INFO - In state 17976143188387390655 saw radiation_level.Green
2026-01-27 19:29:34,777 - varanus - INFO - In state 17976143188387390655 saw radiation_level.Green
2026-01-27 19:29:34,777 - varanus - INFO - In state 17976143188387390655 saw radiation_level.Green
2026-01-27 19:29:34,777 - varanus - INFO - In state 17976143188387390655 saw radiation_level.Green
2026-01-27 19:29:34,778 - varanus - INFO - In state 17976143188387390655 saw radiation_level.Green
2026-01-27 19:29:34,778 - varanus - INFO - In state 17976143188387390655 saw radiation_level.Green
2026-01-27 19:29:34,778 - varanus - INFO - In state 17976143188387390655 saw radiation_level.Green
2026-01-27 19:29:34,778 - varanus - INFO - In state 17976143188387390655 saw radiation_level.Green
2026-01-27 19:29:34,779 - varanus - INFO - In state 17976143188387390655 saw radiation_level.Green
2026-01-27 19:29:34,779 - varanus - INFO - In state 17976143188387390655 saw radiation_level.Green
2026-01-27 19:29:34,779 - varanus - INFO - In state 17976143188387390655 saw radiation_level.Green
2026-01-27 19:29:34,779 - varanus - INFO - In state 17976143188387390655 saw radiation_level.Green
2026-01-27 19:29:34,780 - varanus - INFO - In state 17976143188387390655 saw radiation_level.Green
2026-01-27 19:29:34,780 - varanus - INFO - In state 17976143188387390655 saw radiation_level.Green
2026-01-27 19:29:34,780 - varanus - INFO - In state 17976143188387390655 saw radiation_level.Green
2026-01-27 19:29:34,780 - varanus - INFO - In state 17976143188387390655 saw radiation_level.Green
2026-01-27 19:29:34,781 - varanus - INFO - In state 17976143188387390655 saw radiation_level.Green
2026-01-27 19:29:34,781 - varanus - INFO - In state 17976143188387390655 saw radiation_level.Green
2026-01-27 19:29:34,781 - varanus - INFO - In state 17976143188387390655 saw radiation_level.Green
2026-01-27 19:29:34,781 - varanus - INFO - In state 17976143188387390655 saw radiation_level.Green
2026-01-27 19:29:34,782 - varanus - INFO - In state 17976143188387390655 saw radiation_level.Green
2026-01-27 19:29:34,782 - varanus - INFO - In state 17976143188387390655 saw radiation_level.Green
2026-01-27 19:29:34,782 - varanus - INFO - In state 17976143188387390655 saw radiation_level.Green
2026-01-27 19:29:34,782 - varanus - INFO - In state 17976143188387390655 saw radiation_level.Green
2026-01-27 19:29:34,783 - varanus - INFO - In state 17976143188387390655 saw radiation_level.Green
2026-01-27 19:29:34,783 - varanus - INFO - In state 17976143188387390655 saw radiation_level.Green
2026-01-27 19:29:34,783 - varanus - INFO - In state 17976143188387390655 saw radiation_level.Green
2026-01-27 19:29:34,783 - varanus - INFO - In state 17976143188387390655 saw radiation_level.Green
2026-01-27 19:29:34,784 - varanus - INFO - In state 17976143188387390655 saw radiation_level.Green
2026-01-27 19:29:34,784 - varanus - INFO - In state 17976143188387390655 saw radiation_level.Green
2026-01-27 19:29:34,784 - varanus - INFO - In state 17976143188387390655 saw radiation_level.Green
2026-01-27 19:29:34,784 - varanus - INFO - In state 17976143188387390655 saw radiation_level.Green
2026-01-27 19:29:34,785 - varanus - INFO - In state 17976143188387390655 saw radiation_level.Green
2026-01-27 19:29:34,785 - varanus - INFO - In state 17976143188387390655 saw radiation_level.Green
2026-01-27 19:29:34,785 - varanus - INFO - In state 17976143188387390655 saw radiation_level.Green
2026-01-27 19:29:34,786 - varanus - INFO - In state 17976143188387390655 saw radiation_level.Green
2026-01-27 19:29:34,786 - varanus - INFO - In state 17976143188387390655 saw radiation_level.Green
2026-01-27 19:29:34,786 - varanus - INFO - In state 17976143188387390655 saw radiation_level.Green
2026-01-27 19:29:34,786 - varanus - INFO - In state 17976143188387390655 saw radiation_level.Green
2026-01-27 19:29:34,787 - varanus - INFO - In state 17976143188387390655 saw radiation_level.Green
2026-01-27 19:29:34,787 - varanus - INFO - In state 17976143188387390655 saw radiation_level.Green
2026-01-27 19:29:34,787 - varanus - INFO - In state 17976143188387390655 saw radiation_level.Green
2026-01-27 19:29:34,787 - varanus - INFO - In state 17976143188387390655 saw radiation_level.Green
2026-01-27 19:29:34,788 - varanus - INFO - In state 17976143188387390655 saw radiation_level.Green
2026-01-27 19:29:34,788 - varanus - INFO - In state 17976143188387390655 saw radiation_level.Green
2026-01-27 19:29:34,788 - varanus - INFO - In state 17976143188387390655 saw radiation_level.Green
2026-01-27 19:29:34,788 - varanus - INFO - In state 17976143188387390655 saw radiation_level.Green
2026-01-27 19:29:34,789 - varanus - INFO - In state 17976143188387390655 saw radiation_level.Green
2026-01-27 19:29:34,789 - varanus - INFO - In state 17976143188387390655 saw radiation_level.Green
2026-01-27 19:29:34,789 - varanus - INFO - In state 17976143188387390655 saw radiation_level.Green
2026-01-27 19:29:34,790 - varanus - INFO - In state 17976143188387390655 saw radiation_level.Green
2026-01-27 19:29:34,790 - varanus - INFO - In state 17976143188387390655 saw radiation_level.Green
2026-01-27 19:29:34,790 - varanus - INFO - In state 17976143188387390655 saw radiation_level.Green
2026-01-27 19:29:34,790 - varanus - INFO - In state 17976143188387390655 saw radiation_level.Green
2026-01-27 19:29:34,791 - varanus - INFO - In state 17976143188387390655 saw radiation_level.Green
2026-01-27 19:29:34,791 - varanus - INFO - In state 17976143188387390655 saw radiation_level.Green
2026-01-27 19:29:34,791 - varanus - INFO - In state 17976143188387390655 saw move.1
2026-01-27 19:29:34,791 - varanus - INFO - In state 2681491882390849628 saw radiation_level.Green
2026-01-27 19:29:34,792 - varanus - INFO - In state 2681491882390849628 saw radiation_level.Green
2026-01-27 19:29:34,792 - varanus - INFO - In state 2681491882390849628 saw radiation_level.Green
2026-01-27 19:29:34,792 - varanus - INFO - In state 2681491882390849628 saw radiation_level.Green
2026-01-27 19:29:34,792 - varanus - INFO - In state 2681491882390849628 saw radiation_level.Green
2026-01-27 19:29:34,793 - varanus - INFO - In state 2681491882390849628 saw radiation_level.Green
2026-01-27 19:29:34,793 - varanus - INFO - In state 2681491882390849628 saw radiation_level.Green
2026-01-27 19:29:34,793 - varanus - INFO - In state 2681491882390849628 saw radiation_level.Green
2026-01-27 19:29:34,793 - varanus - INFO - In state 2681491882390849628 saw radiation_level.Green
2026-01-27 19:29:34,794 - varanus - INFO - In state 2681491882390849628 saw radiation_level.Green
2026-01-27 19:29:34,794 - varanus - INFO - In state 2681491882390849628 saw radiation_level.Green
2026-01-27 19:29:34,794 - varanus - INFO - In state 2681491882390849628 saw radiation_level.Green
2026-01-27 19:29:34,794 - varanus - INFO - In state 2681491882390849628 saw radiation_level.Green
2026-01-27 19:29:34,795 - varanus - INFO - In state 2681491882390849628 saw radiation_level.Green
2026-01-27 19:29:34,795 - varanus - INFO - In state 2681491882390849628 saw radiation_level.Green
2026-01-27 19:29:34,795 - varanus - INFO - In state 2681491882390849628 saw radiation_level.Green
2026-01-27 19:29:34,795 - varanus - INFO - In state 2681491882390849628 saw radiation_level.Green
2026-01-27 19:29:34,796 - varanus - INFO - In state 2681491882390849628 saw arrived_at.1
2026-01-27 19:29:34,796 - varanus - INFO - In state 4838965131539084411 saw radiation_level.Green
2026-01-27 19:29:34,796 - varanus - INFO - In state 4838965131539084411 saw inspect.1
2026-01-27 19:29:34,796 - varanus - INFO - In state 15366558349166237975 saw radiation_level.Green
2026-01-27 19:29:34,797 - varanus - INFO - In state 15366558349166237975 saw radiation_level.Green
2026-01-27 19:29:34,797 - varanus - INFO - In state 15366558349166237975 saw radiation_level.Green
2026-01-27 19:29:34,797 - varanus - INFO - In state 15366558349166237975 saw inspected.1
2026-01-27 19:29:34,797 - varanus - INFO - In state 4934536404935645896 saw radiation_level.Green
2026-01-27 19:29:34,798 - varanus - INFO - In state 4934536404935645896 saw inspect.2
2026-01-27 19:29:34,798 - varanus - INFO - UNEXPECTED TRANSITION
2026-01-27 19:29:34,798 - varanus - INFO - Stated alphabet returning bad state i.e. None - saw bad event
2026-01-27 19:29:34,798 - varanus - ERROR - System Violated the Specification with Trace: ['radiation_level.Green', 'radiation_level.Green', 'radiation_level.Green', 'radiation_level.Green', 'radiation_level.Green', 'radiation_level.Green', 'radiation_level.Green', 'radiation_level.Green', 'radiation_level.Green', 'radiation_level.Green', 'radiation_level.Green', 'radiation_level.Green', 'radiation_level.Green', 'radiation_level.Green', 'radiation_level.Green', 'radiation_level.Green', 'radiation_level.Green', 'radiation_level.Green', 'radiation_level.Green', 'radiation_level.Green', 'radiation_level.Green', 'radiation_level.Green', 'radiation_level.Green', 'radiation_level.Green', 'radiation_level.Green', 'radiation_level.Green', 'radiation_level.Green', 'radiation_level.Green', 'radiation_level.Green', 'radiation_level.Green', 'radiation_level.Green', 'radiation_level.Green', 'radiation_level.Green', 'radiation_level.Green', 'radiation_level.Green', 'radiation_level.Green', 'radiation_level.Green', 'radiation_level.Green', 'radiation_level.Green', 'radiation_level.Green', 'radiation_level.Green', 'radiation_level.Green', 'radiation_level.Green', 'radiation_level.Green', 'radiation_level.Green', 'radiation_level.Green', 'radiation_level.Green', 'radiation_level.Green', 'radiation_level.Green', 'radiation_level.Green', 'radiation_level.Green', 'radiation_level.Green', 'radiation_level.Green', 'radiation_level.Green', 'radiation_level.Green', 'radiation_level.Green', 'radiation_level.Green', 'radiation_level.Green', 'radiation_level.Green', 'radiation_level.Green', 'radiation_level.Green', 'radiation_level.Green', 'radiation_level.Green', 'radiation_level.Green', 'radiation_level.Green', 'radiation_level.Green', 'radiation_level.Green', 'radiation_level.Green', 'radiation_level.Green', 'radiation_level.Green', 'radiation_level.Green', 'radiation_level.Green', 'radiation_level.Green', 'move.1', 'radiation_level.Green', 'radiation_level.Green', 'radiation_level.Green', 'radiation_level.Green', 'radiation_level.Green', 'radiation_level.Green', 'radiation_level.Green', 'radiation_level.Green', 'radiation_level.Green', 'radiation_level.Green', 'radiation_level.Green', 'radiation_level.Green', 'radiation_level.Green', 'radiation_level.Green', 'radiation_level.Green', 'radiation_level.Green', 'radiation_level.Green', 'arrived_at.1', 'radiation_level.Green', 'inspect.1', 'radiation_level.Green', 'radiation_level.Green', 'radiation_level.Green', 'inspected.1', 'radiation_level.Green', 'inspect.2']
2026-01-27 19:29:34,798 - varanus - ERROR - The permissible events were: ['radiation_level.Orange', 'move.3', 'radiation_level.Red', 'move.5', 'move.4', 'radiation_level.Green', 'move.2', 'move.1', 'move.0']
2026-01-27 19:29:34,798 - varanus - INFO - Trace file finished with violations
2026-01-27 19:29:34,800 - varanus - INFO - +++ Build Time: 			0.380910158157s +++
2026-01-27 19:29:34,800 - varanus - INFO - +++ Check Time: 			0.0400340557098s +++
2026-01-27 19:29:34,800 - varanus - INFO - +++ Average Transition Time: 	0.000259776115417s (100 events) +++
2026-01-27 19:29:34,800 - varanus - INFO - +++ Total Time: 			0.444379091263s +++
