2026-01-27 16:51:53,417 - varanus - INFO - +++ Testing rover_model_ras_fail_ordering +++
2026-01-27 16:51:53,417 - varanus - INFO - Preprocessing...
2026-01-27 16:51:53,417 - varanus - INFO - Preprocessing: pass
2026-01-27 16:51:53,417 - varanus - INFO - +++ Running Offline +++
2026-01-27 16:51:53,441 - varanus - INFO - Building CSP State Machine. Please Wait
2026-01-27 16:51:53,677 - varanus - INFO - Building CSP State Machine
2026-01-27 16:51:53,831 - varanus - INFO - +++ checking that ROVER_SYSTEM is deterministic with given alphabets +++
2026-01-27 16:51:53,831 - varanus - INFO - +++ starting monitoring against ROVER_SYSTEM +++
2026-01-27 16:51:53,831 - varanus - INFO - +++ Running Offline -- Using State Machine +++
2026-01-27 16:51:53,831 - varanus - INFO - Parsing trace file at: oracles/inspection-rover-ras/trace-json-fail-message-order.txt
2026-01-27 16:51:53,844 - varanus - INFO - Parsed trace file OK
2026-01-27 16:51:53,844 - varanus - INFO - Checking trace file: oracles/inspection-rover-ras/trace-json-fail-message-order.txt
2026-01-27 16:51:53,844 - varanus - INFO - In state 17976143188387390655 saw radiation_level.Green
2026-01-27 16:51:53,844 - varanus - INFO - In state 17976143188387390655 saw radiation_level.Green
2026-01-27 16:51:53,845 - varanus - INFO - In state 17976143188387390655 saw radiation_level.Green
2026-01-27 16:51:53,845 - varanus - INFO - In state 17976143188387390655 saw radiation_level.Green
2026-01-27 16:51:53,845 - varanus - INFO - In state 17976143188387390655 saw radiation_level.Green
2026-01-27 16:51:53,845 - varanus - INFO - In state 17976143188387390655 saw radiation_level.Green
2026-01-27 16:51:53,846 - varanus - INFO - In state 17976143188387390655 saw radiation_level.Green
2026-01-27 16:51:53,846 - varanus - INFO - In state 17976143188387390655 saw radiation_level.Green
2026-01-27 16:51:53,846 - varanus - INFO - In state 17976143188387390655 saw radiation_level.Green
2026-01-27 16:51:53,846 - varanus - INFO - In state 17976143188387390655 saw radiation_level.Green
2026-01-27 16:51:53,847 - varanus - INFO - In state 17976143188387390655 saw radiation_level.Green
2026-01-27 16:51:53,847 - varanus - INFO - In state 17976143188387390655 saw radiation_level.Green
2026-01-27 16:51:53,847 - varanus - INFO - In state 17976143188387390655 saw radiation_level.Green
2026-01-27 16:51:53,847 - varanus - INFO - In state 17976143188387390655 saw radiation_level.Green
2026-01-27 16:51:53,848 - varanus - INFO - In state 17976143188387390655 saw radiation_level.Green
2026-01-27 16:51:53,848 - varanus - INFO - In state 17976143188387390655 saw radiation_level.Green
2026-01-27 16:51:53,848 - varanus - INFO - In state 17976143188387390655 saw radiation_level.Green
2026-01-27 16:51:53,849 - varanus - INFO - In state 17976143188387390655 saw radiation_level.Green
2026-01-27 16:51:53,849 - varanus - INFO - In state 17976143188387390655 saw radiation_level.Green
2026-01-27 16:51:53,849 - varanus - INFO - In state 17976143188387390655 saw radiation_level.Green
2026-01-27 16:51:53,849 - varanus - INFO - In state 17976143188387390655 saw radiation_level.Green
2026-01-27 16:51:53,850 - varanus - INFO - In state 17976143188387390655 saw radiation_level.Green
2026-01-27 16:51:53,850 - varanus - INFO - In state 17976143188387390655 saw radiation_level.Green
2026-01-27 16:51:53,850 - varanus - INFO - In state 17976143188387390655 saw radiation_level.Green
2026-01-27 16:51:53,850 - varanus - INFO - In state 17976143188387390655 saw radiation_level.Green
2026-01-27 16:51:53,851 - varanus - INFO - In state 17976143188387390655 saw radiation_level.Green
2026-01-27 16:51:53,851 - varanus - INFO - In state 17976143188387390655 saw radiation_level.Green
2026-01-27 16:51:53,851 - varanus - INFO - In state 17976143188387390655 saw radiation_level.Green
2026-01-27 16:51:53,851 - varanus - INFO - In state 17976143188387390655 saw radiation_level.Green
2026-01-27 16:51:53,852 - varanus - INFO - In state 17976143188387390655 saw radiation_level.Green
2026-01-27 16:51:53,852 - varanus - INFO - In state 17976143188387390655 saw radiation_level.Green
2026-01-27 16:51:53,852 - varanus - INFO - In state 17976143188387390655 saw radiation_level.Green
2026-01-27 16:51:53,852 - varanus - INFO - In state 17976143188387390655 saw radiation_level.Green
2026-01-27 16:51:53,853 - varanus - INFO - In state 17976143188387390655 saw radiation_level.Green
2026-01-27 16:51:53,853 - varanus - INFO - In state 17976143188387390655 saw radiation_level.Green
2026-01-27 16:51:53,853 - varanus - INFO - In state 17976143188387390655 saw radiation_level.Green
2026-01-27 16:51:53,853 - varanus - INFO - In state 17976143188387390655 saw radiation_level.Green
2026-01-27 16:51:53,854 - varanus - INFO - In state 17976143188387390655 saw radiation_level.Green
2026-01-27 16:51:53,854 - varanus - INFO - In state 17976143188387390655 saw radiation_level.Green
2026-01-27 16:51:53,854 - varanus - INFO - In state 17976143188387390655 saw radiation_level.Green
2026-01-27 16:51:53,854 - varanus - INFO - In state 17976143188387390655 saw radiation_level.Green
2026-01-27 16:51:53,855 - varanus - INFO - In state 17976143188387390655 saw radiation_level.Green
2026-01-27 16:51:53,855 - varanus - INFO - In state 17976143188387390655 saw radiation_level.Green
2026-01-27 16:51:53,855 - varanus - INFO - In state 17976143188387390655 saw radiation_level.Green
2026-01-27 16:51:53,855 - varanus - INFO - In state 17976143188387390655 saw radiation_level.Green
2026-01-27 16:51:53,856 - varanus - INFO - In state 17976143188387390655 saw radiation_level.Green
2026-01-27 16:51:53,856 - varanus - INFO - In state 17976143188387390655 saw radiation_level.Green
2026-01-27 16:51:53,856 - varanus - INFO - In state 17976143188387390655 saw radiation_level.Green
2026-01-27 16:51:53,856 - varanus - INFO - In state 17976143188387390655 saw radiation_level.Green
2026-01-27 16:51:53,857 - varanus - INFO - In state 17976143188387390655 saw radiation_level.Green
2026-01-27 16:51:53,857 - varanus - INFO - In state 17976143188387390655 saw radiation_level.Green
2026-01-27 16:51:53,857 - varanus - INFO - In state 17976143188387390655 saw radiation_level.Green
2026-01-27 16:51:53,857 - varanus - INFO - In state 17976143188387390655 saw radiation_level.Green
2026-01-27 16:51:53,858 - varanus - INFO - In state 17976143188387390655 saw radiation_level.Green
2026-01-27 16:51:53,858 - varanus - INFO - In state 17976143188387390655 saw radiation_level.Green
2026-01-27 16:51:53,858 - varanus - INFO - In state 17976143188387390655 saw radiation_level.Green
2026-01-27 16:51:53,858 - varanus - INFO - In state 17976143188387390655 saw radiation_level.Green
2026-01-27 16:51:53,859 - varanus - INFO - In state 17976143188387390655 saw radiation_level.Green
2026-01-27 16:51:53,859 - varanus - INFO - In state 17976143188387390655 saw radiation_level.Green
2026-01-27 16:51:53,859 - varanus - INFO - In state 17976143188387390655 saw radiation_level.Green
2026-01-27 16:51:53,859 - varanus - INFO - In state 17976143188387390655 saw radiation_level.Green
2026-01-27 16:51:53,860 - varanus - INFO - In state 17976143188387390655 saw radiation_level.Green
2026-01-27 16:51:53,860 - varanus - INFO - In state 17976143188387390655 saw radiation_level.Green
2026-01-27 16:51:53,860 - varanus - INFO - In state 17976143188387390655 saw radiation_level.Green
2026-01-27 16:51:53,861 - varanus - INFO - In state 17976143188387390655 saw radiation_level.Green
2026-01-27 16:51:53,861 - varanus - INFO - In state 17976143188387390655 saw radiation_level.Green
2026-01-27 16:51:53,861 - varanus - INFO - In state 17976143188387390655 saw radiation_level.Green
2026-01-27 16:51:53,861 - varanus - INFO - In state 17976143188387390655 saw radiation_level.Green
2026-01-27 16:51:53,862 - varanus - INFO - In state 17976143188387390655 saw radiation_level.Green
2026-01-27 16:51:53,862 - varanus - INFO - In state 17976143188387390655 saw radiation_level.Green
2026-01-27 16:51:53,862 - varanus - INFO - In state 17976143188387390655 saw radiation_level.Green
2026-01-27 16:51:53,862 - varanus - INFO - In state 17976143188387390655 saw radiation_level.Green
2026-01-27 16:51:53,863 - varanus - INFO - In state 17976143188387390655 saw radiation_level.Green
2026-01-27 16:51:53,863 - varanus - INFO - In state 17976143188387390655 saw move.1
2026-01-27 16:51:53,863 - varanus - INFO - In state 2681491882390849628 saw radiation_level.Green
2026-01-27 16:51:53,863 - varanus - INFO - In state 2681491882390849628 saw radiation_level.Green
2026-01-27 16:51:53,864 - varanus - INFO - In state 2681491882390849628 saw radiation_level.Green
2026-01-27 16:51:53,864 - varanus - INFO - In state 2681491882390849628 saw radiation_level.Green
2026-01-27 16:51:53,864 - varanus - INFO - In state 2681491882390849628 saw radiation_level.Green
2026-01-27 16:51:53,864 - varanus - INFO - In state 2681491882390849628 saw radiation_level.Green
2026-01-27 16:51:53,865 - varanus - INFO - In state 2681491882390849628 saw radiation_level.Green
2026-01-27 16:51:53,865 - varanus - INFO - In state 2681491882390849628 saw radiation_level.Green
2026-01-27 16:51:53,865 - varanus - INFO - In state 2681491882390849628 saw radiation_level.Green
2026-01-27 16:51:53,865 - varanus - INFO - In state 2681491882390849628 saw radiation_level.Green
2026-01-27 16:51:53,866 - varanus - INFO - In state 2681491882390849628 saw radiation_level.Green
2026-01-27 16:51:53,866 - varanus - INFO - In state 2681491882390849628 saw radiation_level.Green
2026-01-27 16:51:53,866 - varanus - INFO - In state 2681491882390849628 saw radiation_level.Green
2026-01-27 16:51:53,866 - varanus - INFO - In state 2681491882390849628 saw radiation_level.Green
2026-01-27 16:51:53,867 - varanus - INFO - In state 2681491882390849628 saw radiation_level.Green
2026-01-27 16:51:53,867 - varanus - INFO - In state 2681491882390849628 saw radiation_level.Green
2026-01-27 16:51:53,867 - varanus - INFO - In state 2681491882390849628 saw radiation_level.Green
2026-01-27 16:51:53,867 - varanus - INFO - In state 2681491882390849628 saw arrived_at.1
2026-01-27 16:51:53,868 - varanus - INFO - In state 4838965131539084411 saw radiation_level.Green
2026-01-27 16:51:53,868 - varanus - INFO - In state 4838965131539084411 saw inspect.1
2026-01-27 16:51:53,868 - varanus - INFO - In state 15366558349166237975 saw radiation_level.Green
2026-01-27 16:51:53,868 - varanus - INFO - In state 15366558349166237975 saw radiation_level.Green
2026-01-27 16:51:53,869 - varanus - INFO - In state 15366558349166237975 saw radiation_level.Green
2026-01-27 16:51:53,869 - varanus - INFO - In state 15366558349166237975 saw inspected.1
2026-01-27 16:51:53,869 - varanus - INFO - In state 4934536404935645896 saw radiation_level.Green
2026-01-27 16:51:53,869 - varanus - INFO - In state 4934536404935645896 saw move.2
2026-01-27 16:51:53,870 - varanus - INFO - In state 10299127975201442196 saw radiation_level.Green
2026-01-27 16:51:53,870 - varanus - INFO - In state 10299127975201442196 saw radiation_level.Green
2026-01-27 16:51:53,870 - varanus - INFO - In state 10299127975201442196 saw radiation_level.Green
2026-01-27 16:51:53,870 - varanus - INFO - In state 10299127975201442196 saw radiation_level.Green
2026-01-27 16:51:53,871 - varanus - INFO - In state 10299127975201442196 saw radiation_level.Green
2026-01-27 16:51:53,871 - varanus - INFO - In state 10299127975201442196 saw radiation_level.Green
2026-01-27 16:51:53,871 - varanus - INFO - In state 10299127975201442196 saw radiation_level.Green
2026-01-27 16:51:53,871 - varanus - INFO - In state 10299127975201442196 saw radiation_level.Green
2026-01-27 16:51:53,872 - varanus - INFO - In state 10299127975201442196 saw radiation_level.Green
2026-01-27 16:51:53,872 - varanus - INFO - In state 10299127975201442196 saw radiation_level.Green
2026-01-27 16:51:53,872 - varanus - INFO - In state 10299127975201442196 saw radiation_level.Green
2026-01-27 16:51:53,872 - varanus - INFO - In state 10299127975201442196 saw radiation_level.Green
2026-01-27 16:51:53,873 - varanus - INFO - In state 10299127975201442196 saw radiation_level.Green
2026-01-27 16:51:53,873 - varanus - INFO - In state 10299127975201442196 saw radiation_level.Green
2026-01-27 16:51:53,873 - varanus - INFO - In state 10299127975201442196 saw radiation_level.Green
2026-01-27 16:51:53,874 - varanus - INFO - In state 10299127975201442196 saw radiation_level.Green
2026-01-27 16:51:53,874 - varanus - INFO - In state 10299127975201442196 saw radiation_level.Green
2026-01-27 16:51:53,874 - varanus - INFO - In state 10299127975201442196 saw radiation_level.Green
2026-01-27 16:51:53,875 - varanus - INFO - In state 10299127975201442196 saw radiation_level.Green
2026-01-27 16:51:53,875 - varanus - INFO - In state 10299127975201442196 saw radiation_level.Green
2026-01-27 16:51:53,876 - varanus - INFO - In state 10299127975201442196 saw radiation_level.Green
2026-01-27 16:51:53,876 - varanus - INFO - In state 10299127975201442196 saw radiation_level.Green
2026-01-27 16:51:53,876 - varanus - INFO - In state 10299127975201442196 saw radiation_level.Green
2026-01-27 16:51:53,877 - varanus - INFO - In state 10299127975201442196 saw radiation_level.Green
2026-01-27 16:51:53,877 - varanus - INFO - In state 10299127975201442196 saw radiation_level.Green
2026-01-27 16:51:53,880 - varanus - INFO - In state 10299127975201442196 saw radiation_level.Green
2026-01-27 16:51:53,881 - varanus - INFO - In state 10299127975201442196 saw arrived_at.2
2026-01-27 16:51:53,881 - varanus - INFO - In state 8606736006536026831 saw radiation_level.Green
2026-01-27 16:51:53,881 - varanus - INFO - In state 8606736006536026831 saw inspect.2
2026-01-27 16:51:53,882 - varanus - INFO - In state 9874926409750488651 saw radiation_level.Green
2026-01-27 16:51:53,882 - varanus - INFO - In state 9874926409750488651 saw radiation_level.Green
2026-01-27 16:51:53,883 - varanus - INFO - In state 9874926409750488651 saw radiation_level.Green
2026-01-27 16:51:53,883 - varanus - INFO - In state 9874926409750488651 saw inspected.2
2026-01-27 16:51:53,883 - varanus - INFO - In state 1002990068859250494 saw move.3
2026-01-27 16:51:53,884 - varanus - INFO - In state 848502878028662445 saw radiation_level.Green
2026-01-27 16:51:53,884 - varanus - INFO - In state 848502878028662445 saw radiation_level.Green
2026-01-27 16:51:53,885 - varanus - INFO - In state 848502878028662445 saw radiation_level.Green
2026-01-27 16:51:53,885 - varanus - INFO - In state 848502878028662445 saw radiation_level.Green
2026-01-27 16:51:53,885 - varanus - INFO - In state 848502878028662445 saw radiation_level.Green
2026-01-27 16:51:53,886 - varanus - INFO - In state 848502878028662445 saw radiation_level.Green
2026-01-27 16:51:53,886 - varanus - INFO - In state 848502878028662445 saw radiation_level.Green
2026-01-27 16:51:53,887 - varanus - INFO - In state 848502878028662445 saw radiation_level.Green
2026-01-27 16:51:53,887 - varanus - INFO - In state 848502878028662445 saw radiation_level.Green
2026-01-27 16:51:53,887 - varanus - INFO - In state 848502878028662445 saw radiation_level.Green
2026-01-27 16:51:53,888 - varanus - INFO - In state 848502878028662445 saw radiation_level.Green
2026-01-27 16:51:53,888 - varanus - INFO - In state 848502878028662445 saw radiation_level.Green
2026-01-27 16:51:53,889 - varanus - INFO - In state 848502878028662445 saw radiation_level.Green
2026-01-27 16:51:53,889 - varanus - INFO - In state 848502878028662445 saw radiation_level.Green
2026-01-27 16:51:53,890 - varanus - INFO - In state 848502878028662445 saw radiation_level.Green
2026-01-27 16:51:53,891 - varanus - INFO - In state 848502878028662445 saw radiation_level.Green
2026-01-27 16:51:53,891 - varanus - INFO - In state 848502878028662445 saw radiation_level.Green
2026-01-27 16:51:53,892 - varanus - INFO - In state 848502878028662445 saw radiation_level.Green
2026-01-27 16:51:53,892 - varanus - INFO - In state 848502878028662445 saw radiation_level.Green
2026-01-27 16:51:53,893 - varanus - INFO - In state 848502878028662445 saw arrived_at.3
2026-01-27 16:51:53,893 - varanus - INFO - In state 18358507212355868629 saw inspect.3
2026-01-27 16:51:53,893 - varanus - INFO - In state 8937319153557804027 saw radiation_level.Green
2026-01-27 16:51:53,893 - varanus - INFO - In state 8937319153557804027 saw radiation_level.Green
2026-01-27 16:51:53,894 - varanus - INFO - In state 8937319153557804027 saw radiation_level.Green
2026-01-27 16:51:53,894 - varanus - INFO - In state 8937319153557804027 saw inspected.3
2026-01-27 16:51:53,894 - varanus - INFO - In state 6125819018793330642 saw radiation_level.Green
2026-01-27 16:51:53,894 - varanus - INFO - In state 6125819018793330642 saw inspect.4
2026-01-27 16:51:53,895 - varanus - INFO - UNEXPECTED TRANSITION
2026-01-27 16:51:53,895 - varanus - INFO - Stated alphabet returning bad state i.e. None - saw bad event
2026-01-27 16:51:53,895 - varanus - ERROR - System Violated the Specification with Trace: ['radiation_level.Green', 'radiation_level.Green', 'radiation_level.Green', 'radiation_level.Green', 'radiation_level.Green', 'radiation_level.Green', 'radiation_level.Green', 'radiation_level.Green', 'radiation_level.Green', 'radiation_level.Green', 'radiation_level.Green', 'radiation_level.Green', 'radiation_level.Green', 'radiation_level.Green', 'radiation_level.Green', 'radiation_level.Green', 'radiation_level.Green', 'radiation_level.Green', 'radiation_level.Green', 'radiation_level.Green', 'radiation_level.Green', 'radiation_level.Green', 'radiation_level.Green', 'radiation_level.Green', 'radiation_level.Green', 'radiation_level.Green', 'radiation_level.Green', 'radiation_level.Green', 'radiation_level.Green', 'radiation_level.Green', 'radiation_level.Green', 'radiation_level.Green', 'radiation_level.Green', 'radiation_level.Green', 'radiation_level.Green', 'radiation_level.Green', 'radiation_level.Green', 'radiation_level.Green', 'radiation_level.Green', 'radiation_level.Green', 'radiation_level.Green', 'radiation_level.Green', 'radiation_level.Green', 'radiation_level.Green', 'radiation_level.Green', 'radiation_level.Green', 'radiation_level.Green', 'radiation_level.Green', 'radiation_level.Green', 'radiation_level.Green', 'radiation_level.Green', 'radiation_level.Green', 'radiation_level.Green', 'radiation_level.Green', 'radiation_level.Green', 'radiation_level.Green', 'radiation_level.Green', 'radiation_level.Green', 'radiation_level.Green', 'radiation_level.Green', 'radiation_level.Green', 'radiation_level.Green', 'radiation_level.Green', 'radiation_level.Green', 'radiation_level.Green', 'radiation_level.Green', 'radiation_level.Green', 'radiation_level.Green', 'radiation_level.Green', 'radiation_level.Green', 'radiation_level.Green', 'radiation_level.Green', 'radiation_level.Green', 'move.1', 'radiation_level.Green', 'radiation_level.Green', 'radiation_level.Green', 'radiation_level.Green', 'radiation_level.Green', 'radiation_level.Green', 'radiation_level.Green', 'radiation_level.Green', 'radiation_level.Green', 'radiation_level.Green', 'radiation_level.Green', 'radiation_level.Green', 'radiation_level.Green', 'radiation_level.Green', 'radiation_level.Green', 'radiation_level.Green', 'radiation_level.Green', 'arrived_at.1', 'radiation_level.Green', 'inspect.1', 'radiation_level.Green', 'radiation_level.Green', 'radiation_level.Green', 'inspected.1', 'radiation_level.Green', 'move.2', 'radiation_level.Green', 'radiation_level.Green', 'radiation_level.Green', 'radiation_level.Green', 'radiation_level.Green', 'radiation_level.Green', 'radiation_level.Green', 'radiation_level.Green', 'radiation_level.Green', 'radiation_level.Green', 'radiation_level.Green', 'radiation_level.Green', 'radiation_level.Green', 'radiation_level.Green', 'radiation_level.Green', 'radiation_level.Green', 'radiation_level.Green', 'radiation_level.Green', 'radiation_level.Green', 'radiation_level.Green', 'radiation_level.Green', 'radiation_level.Green', 'radiation_level.Green', 'radiation_level.Green', 'radiation_level.Green', 'radiation_level.Green', 'arrived_at.2', 'radiation_level.Green', 'inspect.2', 'radiation_level.Green', 'radiation_level.Green', 'radiation_level.Green', 'inspected.2', 'move.3', 'radiation_level.Green', 'radiation_level.Green', 'radiation_level.Green', 'radiation_level.Green', 'radiation_level.Green', 'radiation_level.Green', 'radiation_level.Green', 'radiation_level.Green', 'radiation_level.Green', 'radiation_level.Green', 'radiation_level.Green', 'radiation_level.Green', 'radiation_level.Green', 'radiation_level.Green', 'radiation_level.Green', 'radiation_level.Green', 'radiation_level.Green', 'radiation_level.Green', 'radiation_level.Green', 'arrived_at.3', 'inspect.3', 'radiation_level.Green', 'radiation_level.Green', 'radiation_level.Green', 'inspected.3', 'radiation_level.Green', 'inspect.4']
2026-01-27 16:51:53,898 - varanus - ERROR - The permissible events were: ['radiation_level.Orange', 'radiation_level.Green', 'radiation_level.Red', 'move.5', 'move.4', 'move.3', 'move.2', 'move.1', 'move.0']
2026-01-27 16:51:53,898 - varanus - INFO - Trace file finished with violations
2026-01-27 16:51:53,900 - varanus - INFO - +++ Build Time: 			0.389710903168s +++
2026-01-27 16:51:53,900 - varanus - INFO - +++ Check Time: 			0.0672221183777s +++
2026-01-27 16:51:53,900 - varanus - INFO - +++ Average Transition Time: 	0.000332548011164s (161 events) +++
2026-01-27 16:51:53,900 - varanus - INFO - +++ Total Time: 			0.48106098175s +++
