2026-01-27 19:29:33,039 - varanus - INFO - +++ Testing rover_model_ras_fail_ordering +++
2026-01-27 19:29:33,039 - varanus - INFO - Preprocessing...
2026-01-27 19:29:33,039 - varanus - INFO - Preprocessing: pass
2026-01-27 19:29:33,039 - varanus - INFO - +++ Running Offline +++
2026-01-27 19:29:33,063 - varanus - INFO - Building CSP State Machine. Please Wait
2026-01-27 19:29:33,315 - varanus - INFO - Building CSP State Machine
2026-01-27 19:29:33,490 - varanus - INFO - +++ checking that ROVER_SYSTEM is deterministic with given alphabets +++
2026-01-27 19:29:33,490 - varanus - INFO - +++ starting monitoring against ROVER_SYSTEM +++
2026-01-27 19:29:33,490 - varanus - INFO - +++ Running Offline -- Using State Machine +++
2026-01-27 19:29:33,490 - varanus - INFO - Parsing trace file at: oracles/inspection-rover-ras/trace-json-fail-message-order.txt
2026-01-27 19:29:33,503 - varanus - INFO - Parsed trace file OK
2026-01-27 19:29:33,503 - varanus - INFO - Checking trace file: oracles/inspection-rover-ras/trace-json-fail-message-order.txt
2026-01-27 19:29:33,504 - varanus - INFO - In state 17976143188387390655 saw radiation_level.Green
2026-01-27 19:29:33,504 - varanus - INFO - In state 17976143188387390655 saw radiation_level.Green
2026-01-27 19:29:33,504 - varanus - INFO - In state 17976143188387390655 saw radiation_level.Green
2026-01-27 19:29:33,505 - varanus - INFO - In state 17976143188387390655 saw radiation_level.Green
2026-01-27 19:29:33,505 - varanus - INFO - In state 17976143188387390655 saw radiation_level.Green
2026-01-27 19:29:33,505 - varanus - INFO - In state 17976143188387390655 saw radiation_level.Green
2026-01-27 19:29:33,505 - varanus - INFO - In state 17976143188387390655 saw radiation_level.Green
2026-01-27 19:29:33,506 - varanus - INFO - In state 17976143188387390655 saw radiation_level.Green
2026-01-27 19:29:33,506 - varanus - INFO - In state 17976143188387390655 saw radiation_level.Green
2026-01-27 19:29:33,506 - varanus - INFO - In state 17976143188387390655 saw radiation_level.Green
2026-01-27 19:29:33,506 - varanus - INFO - In state 17976143188387390655 saw radiation_level.Green
2026-01-27 19:29:33,507 - varanus - INFO - In state 17976143188387390655 saw radiation_level.Green
2026-01-27 19:29:33,507 - varanus - INFO - In state 17976143188387390655 saw radiation_level.Green
2026-01-27 19:29:33,507 - varanus - INFO - In state 17976143188387390655 saw radiation_level.Green
2026-01-27 19:29:33,507 - varanus - INFO - In state 17976143188387390655 saw radiation_level.Green
2026-01-27 19:29:33,508 - varanus - INFO - In state 17976143188387390655 saw radiation_level.Green
2026-01-27 19:29:33,508 - varanus - INFO - In state 17976143188387390655 saw radiation_level.Green
2026-01-27 19:29:33,508 - varanus - INFO - In state 17976143188387390655 saw radiation_level.Green
2026-01-27 19:29:33,509 - varanus - INFO - In state 17976143188387390655 saw radiation_level.Green
2026-01-27 19:29:33,509 - varanus - INFO - In state 17976143188387390655 saw radiation_level.Green
2026-01-27 19:29:33,509 - varanus - INFO - In state 17976143188387390655 saw radiation_level.Green
2026-01-27 19:29:33,509 - varanus - INFO - In state 17976143188387390655 saw radiation_level.Green
2026-01-27 19:29:33,510 - varanus - INFO - In state 17976143188387390655 saw radiation_level.Green
2026-01-27 19:29:33,510 - varanus - INFO - In state 17976143188387390655 saw radiation_level.Green
2026-01-27 19:29:33,510 - varanus - INFO - In state 17976143188387390655 saw radiation_level.Green
2026-01-27 19:29:33,511 - varanus - INFO - In state 17976143188387390655 saw radiation_level.Green
2026-01-27 19:29:33,511 - varanus - INFO - In state 17976143188387390655 saw radiation_level.Green
2026-01-27 19:29:33,511 - varanus - INFO - In state 17976143188387390655 saw radiation_level.Green
2026-01-27 19:29:33,511 - varanus - INFO - In state 17976143188387390655 saw radiation_level.Green
2026-01-27 19:29:33,512 - varanus - INFO - In state 17976143188387390655 saw radiation_level.Green
2026-01-27 19:29:33,512 - varanus - INFO - In state 17976143188387390655 saw radiation_level.Green
2026-01-27 19:29:33,512 - varanus - INFO - In state 17976143188387390655 saw radiation_level.Green
2026-01-27 19:29:33,512 - varanus - INFO - In state 17976143188387390655 saw radiation_level.Green
2026-01-27 19:29:33,513 - varanus - INFO - In state 17976143188387390655 saw radiation_level.Green
2026-01-27 19:29:33,513 - varanus - INFO - In state 17976143188387390655 saw radiation_level.Green
2026-01-27 19:29:33,513 - varanus - INFO - In state 17976143188387390655 saw radiation_level.Green
2026-01-27 19:29:33,513 - varanus - INFO - In state 17976143188387390655 saw radiation_level.Green
2026-01-27 19:29:33,514 - varanus - INFO - In state 17976143188387390655 saw radiation_level.Green
2026-01-27 19:29:33,514 - varanus - INFO - In state 17976143188387390655 saw radiation_level.Green
2026-01-27 19:29:33,514 - varanus - INFO - In state 17976143188387390655 saw radiation_level.Green
2026-01-27 19:29:33,514 - varanus - INFO - In state 17976143188387390655 saw radiation_level.Green
2026-01-27 19:29:33,515 - varanus - INFO - In state 17976143188387390655 saw radiation_level.Green
2026-01-27 19:29:33,515 - varanus - INFO - In state 17976143188387390655 saw radiation_level.Green
2026-01-27 19:29:33,515 - varanus - INFO - In state 17976143188387390655 saw radiation_level.Green
2026-01-27 19:29:33,515 - varanus - INFO - In state 17976143188387390655 saw radiation_level.Green
2026-01-27 19:29:33,516 - varanus - INFO - In state 17976143188387390655 saw radiation_level.Green
2026-01-27 19:29:33,516 - varanus - INFO - In state 17976143188387390655 saw radiation_level.Green
2026-01-27 19:29:33,516 - varanus - INFO - In state 17976143188387390655 saw radiation_level.Green
2026-01-27 19:29:33,516 - varanus - INFO - In state 17976143188387390655 saw radiation_level.Green
2026-01-27 19:29:33,517 - varanus - INFO - In state 17976143188387390655 saw radiation_level.Green
2026-01-27 19:29:33,517 - varanus - INFO - In state 17976143188387390655 saw radiation_level.Green
2026-01-27 19:29:33,517 - varanus - INFO - In state 17976143188387390655 saw radiation_level.Green
2026-01-27 19:29:33,517 - varanus - INFO - In state 17976143188387390655 saw radiation_level.Green
2026-01-27 19:29:33,518 - varanus - INFO - In state 17976143188387390655 saw radiation_level.Green
2026-01-27 19:29:33,518 - varanus - INFO - In state 17976143188387390655 saw radiation_level.Green
2026-01-27 19:29:33,518 - varanus - INFO - In state 17976143188387390655 saw radiation_level.Green
2026-01-27 19:29:33,518 - varanus - INFO - In state 17976143188387390655 saw radiation_level.Green
2026-01-27 19:29:33,519 - varanus - INFO - In state 17976143188387390655 saw radiation_level.Green
2026-01-27 19:29:33,519 - varanus - INFO - In state 17976143188387390655 saw radiation_level.Green
2026-01-27 19:29:33,519 - varanus - INFO - In state 17976143188387390655 saw radiation_level.Green
2026-01-27 19:29:33,519 - varanus - INFO - In state 17976143188387390655 saw radiation_level.Green
2026-01-27 19:29:33,520 - varanus - INFO - In state 17976143188387390655 saw radiation_level.Green
2026-01-27 19:29:33,520 - varanus - INFO - In state 17976143188387390655 saw radiation_level.Green
2026-01-27 19:29:33,520 - varanus - INFO - In state 17976143188387390655 saw radiation_level.Green
2026-01-27 19:29:33,521 - varanus - INFO - In state 17976143188387390655 saw radiation_level.Green
2026-01-27 19:29:33,521 - varanus - INFO - In state 17976143188387390655 saw radiation_level.Green
2026-01-27 19:29:33,521 - varanus - INFO - In state 17976143188387390655 saw radiation_level.Green
2026-01-27 19:29:33,521 - varanus - INFO - In state 17976143188387390655 saw radiation_level.Green
2026-01-27 19:29:33,522 - varanus - INFO - In state 17976143188387390655 saw radiation_level.Green
2026-01-27 19:29:33,522 - varanus - INFO - In state 17976143188387390655 saw radiation_level.Green
2026-01-27 19:29:33,522 - varanus - INFO - In state 17976143188387390655 saw radiation_level.Green
2026-01-27 19:29:33,522 - varanus - INFO - In state 17976143188387390655 saw radiation_level.Green
2026-01-27 19:29:33,523 - varanus - INFO - In state 17976143188387390655 saw radiation_level.Green
2026-01-27 19:29:33,523 - varanus - INFO - In state 17976143188387390655 saw move.1
2026-01-27 19:29:33,523 - varanus - INFO - In state 2681491882390849628 saw radiation_level.Green
2026-01-27 19:29:33,523 - varanus - INFO - In state 2681491882390849628 saw radiation_level.Green
2026-01-27 19:29:33,524 - varanus - INFO - In state 2681491882390849628 saw radiation_level.Green
2026-01-27 19:29:33,524 - varanus - INFO - In state 2681491882390849628 saw radiation_level.Green
2026-01-27 19:29:33,524 - varanus - INFO - In state 2681491882390849628 saw radiation_level.Green
2026-01-27 19:29:33,524 - varanus - INFO - In state 2681491882390849628 saw radiation_level.Green
2026-01-27 19:29:33,525 - varanus - INFO - In state 2681491882390849628 saw radiation_level.Green
2026-01-27 19:29:33,525 - varanus - INFO - In state 2681491882390849628 saw radiation_level.Green
2026-01-27 19:29:33,525 - varanus - INFO - In state 2681491882390849628 saw radiation_level.Green
2026-01-27 19:29:33,525 - varanus - INFO - In state 2681491882390849628 saw radiation_level.Green
2026-01-27 19:29:33,526 - varanus - INFO - In state 2681491882390849628 saw radiation_level.Green
2026-01-27 19:29:33,526 - varanus - INFO - In state 2681491882390849628 saw radiation_level.Green
2026-01-27 19:29:33,526 - varanus - INFO - In state 2681491882390849628 saw radiation_level.Green
2026-01-27 19:29:33,526 - varanus - INFO - In state 2681491882390849628 saw radiation_level.Green
2026-01-27 19:29:33,527 - varanus - INFO - In state 2681491882390849628 saw radiation_level.Green
2026-01-27 19:29:33,527 - varanus - INFO - In state 2681491882390849628 saw radiation_level.Green
2026-01-27 19:29:33,527 - varanus - INFO - In state 2681491882390849628 saw radiation_level.Green
2026-01-27 19:29:33,527 - varanus - INFO - In state 2681491882390849628 saw arrived_at.1
2026-01-27 19:29:33,528 - varanus - INFO - In state 4838965131539084411 saw radiation_level.Green
2026-01-27 19:29:33,528 - varanus - INFO - In state 4838965131539084411 saw inspect.1
2026-01-27 19:29:33,528 - varanus - INFO - In state 15366558349166237975 saw radiation_level.Green
2026-01-27 19:29:33,528 - varanus - INFO - In state 15366558349166237975 saw radiation_level.Green
2026-01-27 19:29:33,529 - varanus - INFO - In state 15366558349166237975 saw radiation_level.Green
2026-01-27 19:29:33,529 - varanus - INFO - In state 15366558349166237975 saw inspected.1
2026-01-27 19:29:33,529 - varanus - INFO - In state 4934536404935645896 saw radiation_level.Green
2026-01-27 19:29:33,529 - varanus - INFO - In state 4934536404935645896 saw inspect.2
2026-01-27 19:29:33,529 - varanus - INFO - UNEXPECTED TRANSITION
2026-01-27 19:29:33,530 - varanus - INFO - Stated alphabet returning bad state i.e. None - saw bad event
2026-01-27 19:29:33,530 - varanus - ERROR - System Violated the Specification with Trace: ['radiation_level.Green', 'radiation_level.Green', 'radiation_level.Green', 'radiation_level.Green', 'radiation_level.Green', 'radiation_level.Green', 'radiation_level.Green', 'radiation_level.Green', 'radiation_level.Green', 'radiation_level.Green', 'radiation_level.Green', 'radiation_level.Green', 'radiation_level.Green', 'radiation_level.Green', 'radiation_level.Green', 'radiation_level.Green', 'radiation_level.Green', 'radiation_level.Green', 'radiation_level.Green', 'radiation_level.Green', 'radiation_level.Green', 'radiation_level.Green', 'radiation_level.Green', 'radiation_level.Green', 'radiation_level.Green', 'radiation_level.Green', 'radiation_level.Green', 'radiation_level.Green', 'radiation_level.Green', 'radiation_level.Green', 'radiation_level.Green', 'radiation_level.Green', 'radiation_level.Green', 'radiation_level.Green', 'radiation_level.Green', 'radiation_level.Green', 'radiation_level.Green', 'radiation_level.Green', 'radiation_level.Green', 'radiation_level.Green', 'radiation_level.Green', 'radiation_level.Green', 'radiation_level.Green', 'radiation_level.Green', 'radiation_level.Green', 'radiation_level.Green', 'radiation_level.Green', 'radiation_level.Green', 'radiation_level.Green', 'radiation_level.Green', 'radiation_level.Green', 'radiation_level.Green', 'radiation_level.Green', 'radiation_level.Green', 'radiation_level.Green', 'radiation_level.Green', 'radiation_level.Green', 'radiation_level.Green', 'radiation_level.Green', 'radiation_level.Green', 'radiation_level.Green', 'radiation_level.Green', 'radiation_level.Green', 'radiation_level.Green', 'radiation_level.Green', 'radiation_level.Green', 'radiation_level.Green', 'radiation_level.Green', 'radiation_level.Green', 'radiation_level.Green', 'radiation_level.Green', 'radiation_level.Green', 'radiation_level.Green', 'move.1', 'radiation_level.Green', 'radiation_level.Green', 'radiation_level.Green', 'radiation_level.Green', 'radiation_level.Green', 'radiation_level.Green', 'radiation_level.Green', 'radiation_level.Green', 'radiation_level.Green', 'radiation_level.Green', 'radiation_level.Green', 'radiation_level.Green', 'radiation_level.Green', 'radiation_level.Green', 'radiation_level.Green', 'radiation_level.Green', 'radiation_level.Green', 'arrived_at.1', 'radiation_level.Green', 'inspect.1', 'radiation_level.Green', 'radiation_level.Green', 'radiation_level.Green', 'inspected.1', 'radiation_level.Green', 'inspect.2']
2026-01-27 19:29:33,530 - varanus - ERROR - The permissible events were: ['radiation_level.Orange', 'move.3', 'radiation_level.Red', 'move.5', 'move.4', 'radiation_level.Green', 'move.2', 'move.1', 'move.0']
2026-01-27 19:29:33,530 - varanus - INFO - Trace file finished with violations
2026-01-27 19:29:33,531 - varanus - INFO - +++ Build Time: 			0.426305055618s +++
2026-01-27 19:29:33,531 - varanus - INFO - +++ Check Time: 			0.0401880741119s +++
2026-01-27 19:29:33,531 - varanus - INFO - +++ Average Transition Time: 	0.000260441303253s (100 events) +++
2026-01-27 19:29:33,532 - varanus - INFO - +++ Total Time: 			0.490873098373s +++
