2026-01-27 19:29:36,934 - varanus - INFO - +++ Testing rover_model_ras_fail_ordering +++
2026-01-27 19:29:36,934 - varanus - INFO - Preprocessing...
2026-01-27 19:29:36,934 - varanus - INFO - Preprocessing: pass
2026-01-27 19:29:36,935 - varanus - INFO - +++ Running Offline +++
2026-01-27 19:29:36,957 - varanus - INFO - Building CSP State Machine. Please Wait
2026-01-27 19:29:37,865 - varanus - INFO - Building CSP State Machine
2026-01-27 19:29:38,096 - varanus - INFO - +++ checking that ROVER_SYSTEM is deterministic with given alphabets +++
2026-01-27 19:29:38,097 - varanus - INFO - +++ starting monitoring against ROVER_SYSTEM +++
2026-01-27 19:29:38,097 - varanus - INFO - +++ Running Offline -- Using State Machine +++
2026-01-27 19:29:38,097 - varanus - INFO - Parsing trace file at: oracles/inspection-rover-ras/trace-json-fail-message-order.txt
2026-01-27 19:29:38,114 - varanus - INFO - Parsed trace file OK
2026-01-27 19:29:38,114 - varanus - INFO - Checking trace file: oracles/inspection-rover-ras/trace-json-fail-message-order.txt
2026-01-27 19:29:38,114 - varanus - INFO - In state 17976143188387390655 saw radiation_level.Green
2026-01-27 19:29:38,115 - varanus - INFO - In state 17976143188387390655 saw radiation_level.Green
2026-01-27 19:29:38,115 - varanus - INFO - In state 17976143188387390655 saw radiation_level.Green
2026-01-27 19:29:38,115 - varanus - INFO - In state 17976143188387390655 saw radiation_level.Green
2026-01-27 19:29:38,115 - varanus - INFO - In state 17976143188387390655 saw radiation_level.Green
2026-01-27 19:29:38,116 - varanus - INFO - In state 17976143188387390655 saw radiation_level.Green
2026-01-27 19:29:38,116 - varanus - INFO - In state 17976143188387390655 saw radiation_level.Green
2026-01-27 19:29:38,116 - varanus - INFO - In state 17976143188387390655 saw radiation_level.Green
2026-01-27 19:29:38,116 - varanus - INFO - In state 17976143188387390655 saw radiation_level.Green
2026-01-27 19:29:38,117 - varanus - INFO - In state 17976143188387390655 saw radiation_level.Green
2026-01-27 19:29:38,117 - varanus - INFO - In state 17976143188387390655 saw radiation_level.Green
2026-01-27 19:29:38,117 - varanus - INFO - In state 17976143188387390655 saw radiation_level.Green
2026-01-27 19:29:38,117 - varanus - INFO - In state 17976143188387390655 saw radiation_level.Green
2026-01-27 19:29:38,118 - varanus - INFO - In state 17976143188387390655 saw radiation_level.Green
2026-01-27 19:29:38,118 - varanus - INFO - In state 17976143188387390655 saw radiation_level.Green
2026-01-27 19:29:38,118 - varanus - INFO - In state 17976143188387390655 saw radiation_level.Green
2026-01-27 19:29:38,119 - varanus - INFO - In state 17976143188387390655 saw radiation_level.Green
2026-01-27 19:29:38,119 - varanus - INFO - In state 17976143188387390655 saw radiation_level.Green
2026-01-27 19:29:38,119 - varanus - INFO - In state 17976143188387390655 saw radiation_level.Green
2026-01-27 19:29:38,119 - varanus - INFO - In state 17976143188387390655 saw radiation_level.Green
2026-01-27 19:29:38,120 - varanus - INFO - In state 17976143188387390655 saw radiation_level.Green
2026-01-27 19:29:38,120 - varanus - INFO - In state 17976143188387390655 saw radiation_level.Green
2026-01-27 19:29:38,120 - varanus - INFO - In state 17976143188387390655 saw radiation_level.Green
2026-01-27 19:29:38,120 - varanus - INFO - In state 17976143188387390655 saw radiation_level.Green
2026-01-27 19:29:38,121 - varanus - INFO - In state 17976143188387390655 saw radiation_level.Green
2026-01-27 19:29:38,121 - varanus - INFO - In state 17976143188387390655 saw radiation_level.Green
2026-01-27 19:29:38,121 - varanus - INFO - In state 17976143188387390655 saw radiation_level.Green
2026-01-27 19:29:38,121 - varanus - INFO - In state 17976143188387390655 saw radiation_level.Green
2026-01-27 19:29:38,122 - varanus - INFO - In state 17976143188387390655 saw radiation_level.Green
2026-01-27 19:29:38,122 - varanus - INFO - In state 17976143188387390655 saw radiation_level.Green
2026-01-27 19:29:38,122 - varanus - INFO - In state 17976143188387390655 saw radiation_level.Green
2026-01-27 19:29:38,122 - varanus - INFO - In state 17976143188387390655 saw radiation_level.Green
2026-01-27 19:29:38,123 - varanus - INFO - In state 17976143188387390655 saw radiation_level.Green
2026-01-27 19:29:38,123 - varanus - INFO - In state 17976143188387390655 saw radiation_level.Green
2026-01-27 19:29:38,123 - varanus - INFO - In state 17976143188387390655 saw radiation_level.Green
2026-01-27 19:29:38,123 - varanus - INFO - In state 17976143188387390655 saw radiation_level.Green
2026-01-27 19:29:38,124 - varanus - INFO - In state 17976143188387390655 saw radiation_level.Green
2026-01-27 19:29:38,124 - varanus - INFO - In state 17976143188387390655 saw radiation_level.Green
2026-01-27 19:29:38,124 - varanus - INFO - In state 17976143188387390655 saw radiation_level.Green
2026-01-27 19:29:38,124 - varanus - INFO - In state 17976143188387390655 saw radiation_level.Green
2026-01-27 19:29:38,125 - varanus - INFO - In state 17976143188387390655 saw radiation_level.Green
2026-01-27 19:29:38,125 - varanus - INFO - In state 17976143188387390655 saw radiation_level.Green
2026-01-27 19:29:38,125 - varanus - INFO - In state 17976143188387390655 saw radiation_level.Green
2026-01-27 19:29:38,126 - varanus - INFO - In state 17976143188387390655 saw radiation_level.Green
2026-01-27 19:29:38,126 - varanus - INFO - In state 17976143188387390655 saw radiation_level.Green
2026-01-27 19:29:38,126 - varanus - INFO - In state 17976143188387390655 saw radiation_level.Green
2026-01-27 19:29:38,126 - varanus - INFO - In state 17976143188387390655 saw radiation_level.Green
2026-01-27 19:29:38,127 - varanus - INFO - In state 17976143188387390655 saw radiation_level.Green
2026-01-27 19:29:38,127 - varanus - INFO - In state 17976143188387390655 saw radiation_level.Green
2026-01-27 19:29:38,127 - varanus - INFO - In state 17976143188387390655 saw radiation_level.Green
2026-01-27 19:29:38,127 - varanus - INFO - In state 17976143188387390655 saw radiation_level.Green
2026-01-27 19:29:38,128 - varanus - INFO - In state 17976143188387390655 saw radiation_level.Green
2026-01-27 19:29:38,128 - varanus - INFO - In state 17976143188387390655 saw radiation_level.Green
2026-01-27 19:29:38,128 - varanus - INFO - In state 17976143188387390655 saw radiation_level.Green
2026-01-27 19:29:38,128 - varanus - INFO - In state 17976143188387390655 saw radiation_level.Green
2026-01-27 19:29:38,129 - varanus - INFO - In state 17976143188387390655 saw radiation_level.Green
2026-01-27 19:29:38,129 - varanus - INFO - In state 17976143188387390655 saw radiation_level.Green
2026-01-27 19:29:38,129 - varanus - INFO - In state 17976143188387390655 saw radiation_level.Green
2026-01-27 19:29:38,129 - varanus - INFO - In state 17976143188387390655 saw radiation_level.Green
2026-01-27 19:29:38,130 - varanus - INFO - In state 17976143188387390655 saw radiation_level.Green
2026-01-27 19:29:38,130 - varanus - INFO - In state 17976143188387390655 saw radiation_level.Green
2026-01-27 19:29:38,130 - varanus - INFO - In state 17976143188387390655 saw radiation_level.Green
2026-01-27 19:29:38,130 - varanus - INFO - In state 17976143188387390655 saw radiation_level.Green
2026-01-27 19:29:38,131 - varanus - INFO - In state 17976143188387390655 saw radiation_level.Green
2026-01-27 19:29:38,131 - varanus - INFO - In state 17976143188387390655 saw radiation_level.Green
2026-01-27 19:29:38,131 - varanus - INFO - In state 17976143188387390655 saw radiation_level.Green
2026-01-27 19:29:38,131 - varanus - INFO - In state 17976143188387390655 saw radiation_level.Green
2026-01-27 19:29:38,132 - varanus - INFO - In state 17976143188387390655 saw radiation_level.Green
2026-01-27 19:29:38,132 - varanus - INFO - In state 17976143188387390655 saw radiation_level.Green
2026-01-27 19:29:38,132 - varanus - INFO - In state 17976143188387390655 saw radiation_level.Green
2026-01-27 19:29:38,132 - varanus - INFO - In state 17976143188387390655 saw radiation_level.Green
2026-01-27 19:29:38,133 - varanus - INFO - In state 17976143188387390655 saw radiation_level.Green
2026-01-27 19:29:38,133 - varanus - INFO - In state 17976143188387390655 saw radiation_level.Green
2026-01-27 19:29:38,133 - varanus - INFO - In state 17976143188387390655 saw move.1
2026-01-27 19:29:38,133 - varanus - INFO - In state 2681491882390849628 saw radiation_level.Green
2026-01-27 19:29:38,134 - varanus - INFO - In state 2681491882390849628 saw radiation_level.Green
2026-01-27 19:29:38,134 - varanus - INFO - In state 2681491882390849628 saw radiation_level.Green
2026-01-27 19:29:38,134 - varanus - INFO - In state 2681491882390849628 saw radiation_level.Green
2026-01-27 19:29:38,134 - varanus - INFO - In state 2681491882390849628 saw radiation_level.Green
2026-01-27 19:29:38,135 - varanus - INFO - In state 2681491882390849628 saw radiation_level.Green
2026-01-27 19:29:38,135 - varanus - INFO - In state 2681491882390849628 saw radiation_level.Green
2026-01-27 19:29:38,135 - varanus - INFO - In state 2681491882390849628 saw radiation_level.Green
2026-01-27 19:29:38,136 - varanus - INFO - In state 2681491882390849628 saw radiation_level.Green
2026-01-27 19:29:38,136 - varanus - INFO - In state 2681491882390849628 saw radiation_level.Green
2026-01-27 19:29:38,136 - varanus - INFO - In state 2681491882390849628 saw radiation_level.Green
2026-01-27 19:29:38,137 - varanus - INFO - In state 2681491882390849628 saw radiation_level.Green
2026-01-27 19:29:38,137 - varanus - INFO - In state 2681491882390849628 saw radiation_level.Green
2026-01-27 19:29:38,137 - varanus - INFO - In state 2681491882390849628 saw radiation_level.Green
2026-01-27 19:29:38,137 - varanus - INFO - In state 2681491882390849628 saw radiation_level.Green
2026-01-27 19:29:38,138 - varanus - INFO - In state 2681491882390849628 saw radiation_level.Green
2026-01-27 19:29:38,138 - varanus - INFO - In state 2681491882390849628 saw radiation_level.Green
2026-01-27 19:29:38,138 - varanus - INFO - In state 2681491882390849628 saw arrived_at.1
2026-01-27 19:29:38,138 - varanus - INFO - In state 4838965131539084411 saw radiation_level.Green
2026-01-27 19:29:38,139 - varanus - INFO - In state 4838965131539084411 saw inspect.1
2026-01-27 19:29:38,139 - varanus - INFO - In state 15366558349166237975 saw radiation_level.Green
2026-01-27 19:29:38,139 - varanus - INFO - In state 15366558349166237975 saw radiation_level.Green
2026-01-27 19:29:38,139 - varanus - INFO - In state 15366558349166237975 saw radiation_level.Green
2026-01-27 19:29:38,140 - varanus - INFO - In state 15366558349166237975 saw inspected.1
2026-01-27 19:29:38,140 - varanus - INFO - In state 4934536404935645896 saw radiation_level.Green
2026-01-27 19:29:38,140 - varanus - INFO - In state 4934536404935645896 saw inspect.2
2026-01-27 19:29:38,140 - varanus - INFO - UNEXPECTED TRANSITION
2026-01-27 19:29:38,140 - varanus - INFO - Stated alphabet returning bad state i.e. None - saw bad event
2026-01-27 19:29:38,140 - varanus - ERROR - System Violated the Specification with Trace: ['radiation_level.Green', 'radiation_level.Green', 'radiation_level.Green', 'radiation_level.Green', 'radiation_level.Green', 'radiation_level.Green', 'radiation_level.Green', 'radiation_level.Green', 'radiation_level.Green', 'radiation_level.Green', 'radiation_level.Green', 'radiation_level.Green', 'radiation_level.Green', 'radiation_level.Green', 'radiation_level.Green', 'radiation_level.Green', 'radiation_level.Green', 'radiation_level.Green', 'radiation_level.Green', 'radiation_level.Green', 'radiation_level.Green', 'radiation_level.Green', 'radiation_level.Green', 'radiation_level.Green', 'radiation_level.Green', 'radiation_level.Green', 'radiation_level.Green', 'radiation_level.Green', 'radiation_level.Green', 'radiation_level.Green', 'radiation_level.Green', 'radiation_level.Green', 'radiation_level.Green', 'radiation_level.Green', 'radiation_level.Green', 'radiation_level.Green', 'radiation_level.Green', 'radiation_level.Green', 'radiation_level.Green', 'radiation_level.Green', 'radiation_level.Green', 'radiation_level.Green', 'radiation_level.Green', 'radiation_level.Green', 'radiation_level.Green', 'radiation_level.Green', 'radiation_level.Green', 'radiation_level.Green', 'radiation_level.Green', 'radiation_level.Green', 'radiation_level.Green', 'radiation_level.Green', 'radiation_level.Green', 'radiation_level.Green', 'radiation_level.Green', 'radiation_level.Green', 'radiation_level.Green', 'radiation_level.Green', 'radiation_level.Green', 'radiation_level.Green', 'radiation_level.Green', 'radiation_level.Green', 'radiation_level.Green', 'radiation_level.Green', 'radiation_level.Green', 'radiation_level.Green', 'radiation_level.Green', 'radiation_level.Green', 'radiation_level.Green', 'radiation_level.Green', 'radiation_level.Green', 'radiation_level.Green', 'radiation_level.Green', 'move.1', 'radiation_level.Green', 'radiation_level.Green', 'radiation_level.Green', 'radiation_level.Green', 'radiation_level.Green', 'radiation_level.Green', 'radiation_level.Green', 'radiation_level.Green', 'radiation_level.Green', 'radiation_level.Green', 'radiation_level.Green', 'radiation_level.Green', 'radiation_level.Green', 'radiation_level.Green', 'radiation_level.Green', 'radiation_level.Green', 'radiation_level.Green', 'arrived_at.1', 'radiation_level.Green', 'inspect.1', 'radiation_level.Green', 'radiation_level.Green', 'radiation_level.Green', 'inspected.1', 'radiation_level.Green', 'inspect.2']
2026-01-27 19:29:38,141 - varanus - ERROR - The permissible events were: ['radiation_level.Orange', 'radiation_level.Green', 'radiation_level.Red', 'move.5', 'move.4', 'move.3', 'move.2', 'move.1', 'move.0']
2026-01-27 19:29:38,141 - varanus - INFO - Trace file finished with violations
2026-01-27 19:29:38,142 - varanus - INFO - +++ Build Time: 			1.13906097412s +++
2026-01-27 19:29:38,142 - varanus - INFO - +++ Check Time: 			0.0440871715546s +++
2026-01-27 19:29:38,142 - varanus - INFO - +++ Average Transition Time: 	0.000262429714203s (100 events) +++
2026-01-27 19:29:38,142 - varanus - INFO - +++ Total Time: 			1.20629096031s +++
