2026-01-27 16:51:59,960 - varanus - INFO - +++ Testing rover_model_ras_fail_ordering +++
2026-01-27 16:51:59,960 - varanus - INFO - Preprocessing...
2026-01-27 16:51:59,960 - varanus - INFO - Preprocessing: pass
2026-01-27 16:51:59,960 - varanus - INFO - +++ Running Offline +++
2026-01-27 16:51:59,982 - varanus - INFO - Building CSP State Machine. Please Wait
2026-01-27 16:52:00,192 - varanus - INFO - Building CSP State Machine
2026-01-27 16:52:00,341 - varanus - INFO - +++ checking that ROVER_SYSTEM is deterministic with given alphabets +++
2026-01-27 16:52:00,341 - varanus - INFO - +++ starting monitoring against ROVER_SYSTEM +++
2026-01-27 16:52:00,341 - varanus - INFO - +++ Running Offline -- Using State Machine +++
2026-01-27 16:52:00,341 - varanus - INFO - Parsing trace file at: oracles/inspection-rover-ras/trace-json-fail-message-order.txt
2026-01-27 16:52:00,358 - varanus - INFO - Parsed trace file OK
2026-01-27 16:52:00,358 - varanus - INFO - Checking trace file: oracles/inspection-rover-ras/trace-json-fail-message-order.txt
2026-01-27 16:52:00,359 - varanus - INFO - In state 17976143188387390655 saw radiation_level.Green
2026-01-27 16:52:00,359 - varanus - INFO - In state 17976143188387390655 saw radiation_level.Green
2026-01-27 16:52:00,359 - varanus - INFO - In state 17976143188387390655 saw radiation_level.Green
2026-01-27 16:52:00,360 - varanus - INFO - In state 17976143188387390655 saw radiation_level.Green
2026-01-27 16:52:00,360 - varanus - INFO - In state 17976143188387390655 saw radiation_level.Green
2026-01-27 16:52:00,361 - varanus - INFO - In state 17976143188387390655 saw radiation_level.Green
2026-01-27 16:52:00,361 - varanus - INFO - In state 17976143188387390655 saw radiation_level.Green
2026-01-27 16:52:00,361 - varanus - INFO - In state 17976143188387390655 saw radiation_level.Green
2026-01-27 16:52:00,362 - varanus - INFO - In state 17976143188387390655 saw radiation_level.Green
2026-01-27 16:52:00,362 - varanus - INFO - In state 17976143188387390655 saw radiation_level.Green
2026-01-27 16:52:00,363 - varanus - INFO - In state 17976143188387390655 saw radiation_level.Green
2026-01-27 16:52:00,363 - varanus - INFO - In state 17976143188387390655 saw radiation_level.Green
2026-01-27 16:52:00,363 - varanus - INFO - In state 17976143188387390655 saw radiation_level.Green
2026-01-27 16:52:00,364 - varanus - INFO - In state 17976143188387390655 saw radiation_level.Green
2026-01-27 16:52:00,364 - varanus - INFO - In state 17976143188387390655 saw radiation_level.Green
2026-01-27 16:52:00,365 - varanus - INFO - In state 17976143188387390655 saw radiation_level.Green
2026-01-27 16:52:00,365 - varanus - INFO - In state 17976143188387390655 saw radiation_level.Green
2026-01-27 16:52:00,365 - varanus - INFO - In state 17976143188387390655 saw radiation_level.Green
2026-01-27 16:52:00,366 - varanus - INFO - In state 17976143188387390655 saw radiation_level.Green
2026-01-27 16:52:00,366 - varanus - INFO - In state 17976143188387390655 saw radiation_level.Green
2026-01-27 16:52:00,367 - varanus - INFO - In state 17976143188387390655 saw radiation_level.Green
2026-01-27 16:52:00,367 - varanus - INFO - In state 17976143188387390655 saw radiation_level.Green
2026-01-27 16:52:00,367 - varanus - INFO - In state 17976143188387390655 saw radiation_level.Green
2026-01-27 16:52:00,368 - varanus - INFO - In state 17976143188387390655 saw radiation_level.Green
2026-01-27 16:52:00,368 - varanus - INFO - In state 17976143188387390655 saw radiation_level.Green
2026-01-27 16:52:00,369 - varanus - INFO - In state 17976143188387390655 saw radiation_level.Green
2026-01-27 16:52:00,369 - varanus - INFO - In state 17976143188387390655 saw radiation_level.Green
2026-01-27 16:52:00,370 - varanus - INFO - In state 17976143188387390655 saw radiation_level.Green
2026-01-27 16:52:00,370 - varanus - INFO - In state 17976143188387390655 saw radiation_level.Green
2026-01-27 16:52:00,370 - varanus - INFO - In state 17976143188387390655 saw radiation_level.Green
2026-01-27 16:52:00,371 - varanus - INFO - In state 17976143188387390655 saw radiation_level.Green
2026-01-27 16:52:00,371 - varanus - INFO - In state 17976143188387390655 saw radiation_level.Green
2026-01-27 16:52:00,372 - varanus - INFO - In state 17976143188387390655 saw radiation_level.Green
2026-01-27 16:52:00,372 - varanus - INFO - In state 17976143188387390655 saw radiation_level.Green
2026-01-27 16:52:00,372 - varanus - INFO - In state 17976143188387390655 saw radiation_level.Green
2026-01-27 16:52:00,373 - varanus - INFO - In state 17976143188387390655 saw radiation_level.Green
2026-01-27 16:52:00,373 - varanus - INFO - In state 17976143188387390655 saw radiation_level.Green
2026-01-27 16:52:00,373 - varanus - INFO - In state 17976143188387390655 saw radiation_level.Green
2026-01-27 16:52:00,374 - varanus - INFO - In state 17976143188387390655 saw radiation_level.Green
2026-01-27 16:52:00,374 - varanus - INFO - In state 17976143188387390655 saw radiation_level.Green
2026-01-27 16:52:00,375 - varanus - INFO - In state 17976143188387390655 saw radiation_level.Green
2026-01-27 16:52:00,375 - varanus - INFO - In state 17976143188387390655 saw radiation_level.Green
2026-01-27 16:52:00,375 - varanus - INFO - In state 17976143188387390655 saw radiation_level.Green
2026-01-27 16:52:00,376 - varanus - INFO - In state 17976143188387390655 saw radiation_level.Green
2026-01-27 16:52:00,376 - varanus - INFO - In state 17976143188387390655 saw radiation_level.Green
2026-01-27 16:52:00,377 - varanus - INFO - In state 17976143188387390655 saw radiation_level.Green
2026-01-27 16:52:00,377 - varanus - INFO - In state 17976143188387390655 saw radiation_level.Green
2026-01-27 16:52:00,378 - varanus - INFO - In state 17976143188387390655 saw radiation_level.Green
2026-01-27 16:52:00,378 - varanus - INFO - In state 17976143188387390655 saw radiation_level.Green
2026-01-27 16:52:00,378 - varanus - INFO - In state 17976143188387390655 saw radiation_level.Green
2026-01-27 16:52:00,379 - varanus - INFO - In state 17976143188387390655 saw radiation_level.Green
2026-01-27 16:52:00,379 - varanus - INFO - In state 17976143188387390655 saw radiation_level.Green
2026-01-27 16:52:00,379 - varanus - INFO - In state 17976143188387390655 saw radiation_level.Green
2026-01-27 16:52:00,380 - varanus - INFO - In state 17976143188387390655 saw radiation_level.Green
2026-01-27 16:52:00,380 - varanus - INFO - In state 17976143188387390655 saw radiation_level.Green
2026-01-27 16:52:00,381 - varanus - INFO - In state 17976143188387390655 saw radiation_level.Green
2026-01-27 16:52:00,381 - varanus - INFO - In state 17976143188387390655 saw radiation_level.Green
2026-01-27 16:52:00,381 - varanus - INFO - In state 17976143188387390655 saw radiation_level.Green
2026-01-27 16:52:00,382 - varanus - INFO - In state 17976143188387390655 saw radiation_level.Green
2026-01-27 16:52:00,382 - varanus - INFO - In state 17976143188387390655 saw radiation_level.Green
2026-01-27 16:52:00,383 - varanus - INFO - In state 17976143188387390655 saw radiation_level.Green
2026-01-27 16:52:00,383 - varanus - INFO - In state 17976143188387390655 saw radiation_level.Green
2026-01-27 16:52:00,384 - varanus - INFO - In state 17976143188387390655 saw radiation_level.Green
2026-01-27 16:52:00,384 - varanus - INFO - In state 17976143188387390655 saw radiation_level.Green
2026-01-27 16:52:00,384 - varanus - INFO - In state 17976143188387390655 saw radiation_level.Green
2026-01-27 16:52:00,385 - varanus - INFO - In state 17976143188387390655 saw radiation_level.Green
2026-01-27 16:52:00,385 - varanus - INFO - In state 17976143188387390655 saw radiation_level.Green
2026-01-27 16:52:00,385 - varanus - INFO - In state 17976143188387390655 saw radiation_level.Green
2026-01-27 16:52:00,386 - varanus - INFO - In state 17976143188387390655 saw radiation_level.Green
2026-01-27 16:52:00,387 - varanus - INFO - In state 17976143188387390655 saw radiation_level.Green
2026-01-27 16:52:00,388 - varanus - INFO - In state 17976143188387390655 saw radiation_level.Green
2026-01-27 16:52:00,388 - varanus - INFO - In state 17976143188387390655 saw radiation_level.Green
2026-01-27 16:52:00,388 - varanus - INFO - In state 17976143188387390655 saw radiation_level.Green
2026-01-27 16:52:00,389 - varanus - INFO - In state 17976143188387390655 saw move.1
2026-01-27 16:52:00,389 - varanus - INFO - In state 2681491882390849628 saw radiation_level.Green
2026-01-27 16:52:00,390 - varanus - INFO - In state 2681491882390849628 saw radiation_level.Green
2026-01-27 16:52:00,390 - varanus - INFO - In state 2681491882390849628 saw radiation_level.Green
2026-01-27 16:52:00,390 - varanus - INFO - In state 2681491882390849628 saw radiation_level.Green
2026-01-27 16:52:00,391 - varanus - INFO - In state 2681491882390849628 saw radiation_level.Green
2026-01-27 16:52:00,391 - varanus - INFO - In state 2681491882390849628 saw radiation_level.Green
2026-01-27 16:52:00,391 - varanus - INFO - In state 2681491882390849628 saw radiation_level.Green
2026-01-27 16:52:00,392 - varanus - INFO - In state 2681491882390849628 saw radiation_level.Green
2026-01-27 16:52:00,392 - varanus - INFO - In state 2681491882390849628 saw radiation_level.Green
2026-01-27 16:52:00,393 - varanus - INFO - In state 2681491882390849628 saw radiation_level.Green
2026-01-27 16:52:00,393 - varanus - INFO - In state 2681491882390849628 saw radiation_level.Green
2026-01-27 16:52:00,393 - varanus - INFO - In state 2681491882390849628 saw radiation_level.Green
2026-01-27 16:52:00,394 - varanus - INFO - In state 2681491882390849628 saw radiation_level.Green
2026-01-27 16:52:00,394 - varanus - INFO - In state 2681491882390849628 saw radiation_level.Green
2026-01-27 16:52:00,395 - varanus - INFO - In state 2681491882390849628 saw radiation_level.Green
2026-01-27 16:52:00,395 - varanus - INFO - In state 2681491882390849628 saw radiation_level.Green
2026-01-27 16:52:00,395 - varanus - INFO - In state 2681491882390849628 saw radiation_level.Green
2026-01-27 16:52:00,396 - varanus - INFO - In state 2681491882390849628 saw arrived_at.1
2026-01-27 16:52:00,396 - varanus - INFO - In state 4838965131539084411 saw radiation_level.Green
2026-01-27 16:52:00,397 - varanus - INFO - In state 4838965131539084411 saw inspect.1
2026-01-27 16:52:00,397 - varanus - INFO - In state 15366558349166237975 saw radiation_level.Green
2026-01-27 16:52:00,397 - varanus - INFO - In state 15366558349166237975 saw radiation_level.Green
2026-01-27 16:52:00,398 - varanus - INFO - In state 15366558349166237975 saw radiation_level.Green
2026-01-27 16:52:00,398 - varanus - INFO - In state 15366558349166237975 saw inspected.1
2026-01-27 16:52:00,398 - varanus - INFO - In state 4934536404935645896 saw radiation_level.Green
2026-01-27 16:52:00,399 - varanus - INFO - In state 4934536404935645896 saw move.2
2026-01-27 16:52:00,399 - varanus - INFO - In state 10299127975201442196 saw radiation_level.Green
2026-01-27 16:52:00,400 - varanus - INFO - In state 10299127975201442196 saw radiation_level.Green
2026-01-27 16:52:00,400 - varanus - INFO - In state 10299127975201442196 saw radiation_level.Green
2026-01-27 16:52:00,401 - varanus - INFO - In state 10299127975201442196 saw radiation_level.Green
2026-01-27 16:52:00,401 - varanus - INFO - In state 10299127975201442196 saw radiation_level.Green
2026-01-27 16:52:00,401 - varanus - INFO - In state 10299127975201442196 saw radiation_level.Green
2026-01-27 16:52:00,402 - varanus - INFO - In state 10299127975201442196 saw radiation_level.Green
2026-01-27 16:52:00,402 - varanus - INFO - In state 10299127975201442196 saw radiation_level.Green
2026-01-27 16:52:00,403 - varanus - INFO - In state 10299127975201442196 saw radiation_level.Green
2026-01-27 16:52:00,403 - varanus - INFO - In state 10299127975201442196 saw radiation_level.Green
2026-01-27 16:52:00,403 - varanus - INFO - In state 10299127975201442196 saw radiation_level.Green
2026-01-27 16:52:00,404 - varanus - INFO - In state 10299127975201442196 saw radiation_level.Green
2026-01-27 16:52:00,404 - varanus - INFO - In state 10299127975201442196 saw radiation_level.Green
2026-01-27 16:52:00,405 - varanus - INFO - In state 10299127975201442196 saw radiation_level.Green
2026-01-27 16:52:00,405 - varanus - INFO - In state 10299127975201442196 saw radiation_level.Green
2026-01-27 16:52:00,405 - varanus - INFO - In state 10299127975201442196 saw radiation_level.Green
2026-01-27 16:52:00,406 - varanus - INFO - In state 10299127975201442196 saw radiation_level.Green
2026-01-27 16:52:00,406 - varanus - INFO - In state 10299127975201442196 saw radiation_level.Green
2026-01-27 16:52:00,407 - varanus - INFO - In state 10299127975201442196 saw radiation_level.Green
2026-01-27 16:52:00,407 - varanus - INFO - In state 10299127975201442196 saw radiation_level.Green
2026-01-27 16:52:00,407 - varanus - INFO - In state 10299127975201442196 saw radiation_level.Green
2026-01-27 16:52:00,408 - varanus - INFO - In state 10299127975201442196 saw radiation_level.Green
2026-01-27 16:52:00,408 - varanus - INFO - In state 10299127975201442196 saw radiation_level.Green
2026-01-27 16:52:00,408 - varanus - INFO - In state 10299127975201442196 saw radiation_level.Green
2026-01-27 16:52:00,409 - varanus - INFO - In state 10299127975201442196 saw radiation_level.Green
2026-01-27 16:52:00,409 - varanus - INFO - In state 10299127975201442196 saw radiation_level.Green
2026-01-27 16:52:00,410 - varanus - INFO - In state 10299127975201442196 saw arrived_at.2
2026-01-27 16:52:00,410 - varanus - INFO - In state 8606736006536026831 saw radiation_level.Green
2026-01-27 16:52:00,410 - varanus - INFO - In state 8606736006536026831 saw inspect.2
2026-01-27 16:52:00,411 - varanus - INFO - In state 9874926409750488651 saw radiation_level.Green
2026-01-27 16:52:00,411 - varanus - INFO - In state 9874926409750488651 saw radiation_level.Green
2026-01-27 16:52:00,412 - varanus - INFO - In state 9874926409750488651 saw radiation_level.Green
2026-01-27 16:52:00,412 - varanus - INFO - In state 9874926409750488651 saw inspected.2
2026-01-27 16:52:00,412 - varanus - INFO - In state 1002990068859250494 saw move.3
2026-01-27 16:52:00,413 - varanus - INFO - In state 848502878028662445 saw radiation_level.Green
2026-01-27 16:52:00,413 - varanus - INFO - In state 848502878028662445 saw radiation_level.Green
2026-01-27 16:52:00,413 - varanus - INFO - In state 848502878028662445 saw radiation_level.Green
2026-01-27 16:52:00,414 - varanus - INFO - In state 848502878028662445 saw radiation_level.Green
2026-01-27 16:52:00,414 - varanus - INFO - In state 848502878028662445 saw radiation_level.Green
2026-01-27 16:52:00,415 - varanus - INFO - In state 848502878028662445 saw radiation_level.Green
2026-01-27 16:52:00,415 - varanus - INFO - In state 848502878028662445 saw radiation_level.Green
2026-01-27 16:52:00,415 - varanus - INFO - In state 848502878028662445 saw radiation_level.Green
2026-01-27 16:52:00,416 - varanus - INFO - In state 848502878028662445 saw radiation_level.Green
2026-01-27 16:52:00,416 - varanus - INFO - In state 848502878028662445 saw radiation_level.Green
2026-01-27 16:52:00,417 - varanus - INFO - In state 848502878028662445 saw radiation_level.Green
2026-01-27 16:52:00,417 - varanus - INFO - In state 848502878028662445 saw radiation_level.Green
2026-01-27 16:52:00,417 - varanus - INFO - In state 848502878028662445 saw radiation_level.Green
2026-01-27 16:52:00,418 - varanus - INFO - In state 848502878028662445 saw radiation_level.Green
2026-01-27 16:52:00,418 - varanus - INFO - In state 848502878028662445 saw radiation_level.Green
2026-01-27 16:52:00,419 - varanus - INFO - In state 848502878028662445 saw radiation_level.Green
2026-01-27 16:52:00,419 - varanus - INFO - In state 848502878028662445 saw radiation_level.Green
2026-01-27 16:52:00,419 - varanus - INFO - In state 848502878028662445 saw radiation_level.Green
2026-01-27 16:52:00,420 - varanus - INFO - In state 848502878028662445 saw radiation_level.Green
2026-01-27 16:52:00,420 - varanus - INFO - In state 848502878028662445 saw arrived_at.3
2026-01-27 16:52:00,421 - varanus - INFO - In state 18358507212355868629 saw inspect.3
2026-01-27 16:52:00,421 - varanus - INFO - In state 8937319153557804027 saw radiation_level.Green
2026-01-27 16:52:00,421 - varanus - INFO - In state 8937319153557804027 saw radiation_level.Green
2026-01-27 16:52:00,422 - varanus - INFO - In state 8937319153557804027 saw radiation_level.Green
2026-01-27 16:52:00,422 - varanus - INFO - In state 8937319153557804027 saw inspected.3
2026-01-27 16:52:00,423 - varanus - INFO - In state 6125819018793330642 saw radiation_level.Green
2026-01-27 16:52:00,423 - varanus - INFO - In state 6125819018793330642 saw inspect.4
2026-01-27 16:52:00,423 - varanus - INFO - UNEXPECTED TRANSITION
2026-01-27 16:52:00,423 - varanus - INFO - Stated alphabet returning bad state i.e. None - saw bad event
2026-01-27 16:52:00,424 - varanus - ERROR - System Violated the Specification with Trace: ['radiation_level.Green', 'radiation_level.Green', 'radiation_level.Green', 'radiation_level.Green', 'radiation_level.Green', 'radiation_level.Green', 'radiation_level.Green', 'radiation_level.Green', 'radiation_level.Green', 'radiation_level.Green', 'radiation_level.Green', 'radiation_level.Green', 'radiation_level.Green', 'radiation_level.Green', 'radiation_level.Green', 'radiation_level.Green', 'radiation_level.Green', 'radiation_level.Green', 'radiation_level.Green', 'radiation_level.Green', 'radiation_level.Green', 'radiation_level.Green', 'radiation_level.Green', 'radiation_level.Green', 'radiation_level.Green', 'radiation_level.Green', 'radiation_level.Green', 'radiation_level.Green', 'radiation_level.Green', 'radiation_level.Green', 'radiation_level.Green', 'radiation_level.Green', 'radiation_level.Green', 'radiation_level.Green', 'radiation_level.Green', 'radiation_level.Green', 'radiation_level.Green', 'radiation_level.Green', 'radiation_level.Green', 'radiation_level.Green', 'radiation_level.Green', 'radiation_level.Green', 'radiation_level.Green', 'radiation_level.Green', 'radiation_level.Green', 'radiation_level.Green', 'radiation_level.Green', 'radiation_level.Green', 'radiation_level.Green', 'radiation_level.Green', 'radiation_level.Green', 'radiation_level.Green', 'radiation_level.Green', 'radiation_level.Green', 'radiation_level.Green', 'radiation_level.Green', 'radiation_level.Green', 'radiation_level.Green', 'radiation_level.Green', 'radiation_level.Green', 'radiation_level.Green', 'radiation_level.Green', 'radiation_level.Green', 'radiation_level.Green', 'radiation_level.Green', 'radiation_level.Green', 'radiation_level.Green', 'radiation_level.Green', 'radiation_level.Green', 'radiation_level.Green', 'radiation_level.Green', 'radiation_level.Green', 'radiation_level.Green', 'move.1', 'radiation_level.Green', 'radiation_level.Green', 'radiation_level.Green', 'radiation_level.Green', 'radiation_level.Green', 'radiation_level.Green', 'radiation_level.Green', 'radiation_level.Green', 'radiation_level.Green', 'radiation_level.Green', 'radiation_level.Green', 'radiation_level.Green', 'radiation_level.Green', 'radiation_level.Green', 'radiation_level.Green', 'radiation_level.Green', 'radiation_level.Green', 'arrived_at.1', 'radiation_level.Green', 'inspect.1', 'radiation_level.Green', 'radiation_level.Green', 'radiation_level.Green', 'inspected.1', 'radiation_level.Green', 'move.2', 'radiation_level.Green', 'radiation_level.Green', 'radiation_level.Green', 'radiation_level.Green', 'radiation_level.Green', 'radiation_level.Green', 'radiation_level.Green', 'radiation_level.Green', 'radiation_level.Green', 'radiation_level.Green', 'radiation_level.Green', 'radiation_level.Green', 'radiation_level.Green', 'radiation_level.Green', 'radiation_level.Green', 'radiation_level.Green', 'radiation_level.Green', 'radiation_level.Green', 'radiation_level.Green', 'radiation_level.Green', 'radiation_level.Green', 'radiation_level.Green', 'radiation_level.Green', 'radiation_level.Green', 'radiation_level.Green', 'radiation_level.Green', 'arrived_at.2', 'radiation_level.Green', 'inspect.2', 'radiation_level.Green', 'radiation_level.Green', 'radiation_level.Green', 'inspected.2', 'move.3', 'radiation_level.Green', 'radiation_level.Green', 'radiation_level.Green', 'radiation_level.Green', 'radiation_level.Green', 'radiation_level.Green', 'radiation_level.Green', 'radiation_level.Green', 'radiation_level.Green', 'radiation_level.Green', 'radiation_level.Green', 'radiation_level.Green', 'radiation_level.Green', 'radiation_level.Green', 'radiation_level.Green', 'radiation_level.Green', 'radiation_level.Green', 'radiation_level.Green', 'radiation_level.Green', 'arrived_at.3', 'inspect.3', 'radiation_level.Green', 'radiation_level.Green', 'radiation_level.Green', 'inspected.3', 'radiation_level.Green', 'inspect.4']
2026-01-27 16:52:00,424 - varanus - ERROR - The permissible events were: ['radiation_level.Orange', 'move.3', 'radiation_level.Red', 'move.5', 'move.4', 'radiation_level.Green', 'move.2', 'move.1', 'move.0']
2026-01-27 16:52:00,424 - varanus - INFO - Trace file finished with violations
2026-01-27 16:52:00,426 - varanus - INFO - +++ Build Time: 			0.358767032623s +++
2026-01-27 16:52:00,426 - varanus - INFO - +++ Check Time: 			0.0828819274902s +++
2026-01-27 16:52:00,426 - varanus - INFO - +++ Average Transition Time: 	0.000403057714427s (161 events) +++
2026-01-27 16:52:00,426 - varanus - INFO - +++ Total Time: 			0.464112997055s +++
