2026-01-27 16:51:50,099 - varanus - INFO - +++ Testing rover_model_ras_fail_ordering +++
2026-01-27 16:51:50,099 - varanus - INFO - Preprocessing...
2026-01-27 16:51:50,099 - varanus - INFO - Preprocessing: pass
2026-01-27 16:51:50,099 - varanus - INFO - +++ Running Offline +++
2026-01-27 16:51:50,121 - varanus - INFO - Building CSP State Machine. Please Wait
2026-01-27 16:51:50,348 - varanus - INFO - Building CSP State Machine
2026-01-27 16:51:50,515 - varanus - INFO - +++ checking that ROVER_SYSTEM is deterministic with given alphabets +++
2026-01-27 16:51:50,515 - varanus - INFO - +++ starting monitoring against ROVER_SYSTEM +++
2026-01-27 16:51:50,515 - varanus - INFO - +++ Running Offline -- Using State Machine +++
2026-01-27 16:51:50,515 - varanus - INFO - Parsing trace file at: oracles/inspection-rover-ras/trace-json-fail-message-order.txt
2026-01-27 16:51:50,529 - varanus - INFO - Parsed trace file OK
2026-01-27 16:51:50,529 - varanus - INFO - Checking trace file: oracles/inspection-rover-ras/trace-json-fail-message-order.txt
2026-01-27 16:51:50,529 - varanus - INFO - In state 17976143188387390655 saw radiation_level.Green
2026-01-27 16:51:50,529 - varanus - INFO - In state 17976143188387390655 saw radiation_level.Green
2026-01-27 16:51:50,530 - varanus - INFO - In state 17976143188387390655 saw radiation_level.Green
2026-01-27 16:51:50,530 - varanus - INFO - In state 17976143188387390655 saw radiation_level.Green
2026-01-27 16:51:50,530 - varanus - INFO - In state 17976143188387390655 saw radiation_level.Green
2026-01-27 16:51:50,530 - varanus - INFO - In state 17976143188387390655 saw radiation_level.Green
2026-01-27 16:51:50,531 - varanus - INFO - In state 17976143188387390655 saw radiation_level.Green
2026-01-27 16:51:50,531 - varanus - INFO - In state 17976143188387390655 saw radiation_level.Green
2026-01-27 16:51:50,531 - varanus - INFO - In state 17976143188387390655 saw radiation_level.Green
2026-01-27 16:51:50,531 - varanus - INFO - In state 17976143188387390655 saw radiation_level.Green
2026-01-27 16:51:50,532 - varanus - INFO - In state 17976143188387390655 saw radiation_level.Green
2026-01-27 16:51:50,532 - varanus - INFO - In state 17976143188387390655 saw radiation_level.Green
2026-01-27 16:51:50,532 - varanus - INFO - In state 17976143188387390655 saw radiation_level.Green
2026-01-27 16:51:50,532 - varanus - INFO - In state 17976143188387390655 saw radiation_level.Green
2026-01-27 16:51:50,533 - varanus - INFO - In state 17976143188387390655 saw radiation_level.Green
2026-01-27 16:51:50,533 - varanus - INFO - In state 17976143188387390655 saw radiation_level.Green
2026-01-27 16:51:50,533 - varanus - INFO - In state 17976143188387390655 saw radiation_level.Green
2026-01-27 16:51:50,533 - varanus - INFO - In state 17976143188387390655 saw radiation_level.Green
2026-01-27 16:51:50,534 - varanus - INFO - In state 17976143188387390655 saw radiation_level.Green
2026-01-27 16:51:50,534 - varanus - INFO - In state 17976143188387390655 saw radiation_level.Green
2026-01-27 16:51:50,534 - varanus - INFO - In state 17976143188387390655 saw radiation_level.Green
2026-01-27 16:51:50,534 - varanus - INFO - In state 17976143188387390655 saw radiation_level.Green
2026-01-27 16:51:50,535 - varanus - INFO - In state 17976143188387390655 saw radiation_level.Green
2026-01-27 16:51:50,535 - varanus - INFO - In state 17976143188387390655 saw radiation_level.Green
2026-01-27 16:51:50,535 - varanus - INFO - In state 17976143188387390655 saw radiation_level.Green
2026-01-27 16:51:50,535 - varanus - INFO - In state 17976143188387390655 saw radiation_level.Green
2026-01-27 16:51:50,536 - varanus - INFO - In state 17976143188387390655 saw radiation_level.Green
2026-01-27 16:51:50,536 - varanus - INFO - In state 17976143188387390655 saw radiation_level.Green
2026-01-27 16:51:50,536 - varanus - INFO - In state 17976143188387390655 saw radiation_level.Green
2026-01-27 16:51:50,536 - varanus - INFO - In state 17976143188387390655 saw radiation_level.Green
2026-01-27 16:51:50,537 - varanus - INFO - In state 17976143188387390655 saw radiation_level.Green
2026-01-27 16:51:50,537 - varanus - INFO - In state 17976143188387390655 saw radiation_level.Green
2026-01-27 16:51:50,537 - varanus - INFO - In state 17976143188387390655 saw radiation_level.Green
2026-01-27 16:51:50,538 - varanus - INFO - In state 17976143188387390655 saw radiation_level.Green
2026-01-27 16:51:50,538 - varanus - INFO - In state 17976143188387390655 saw radiation_level.Green
2026-01-27 16:51:50,538 - varanus - INFO - In state 17976143188387390655 saw radiation_level.Green
2026-01-27 16:51:50,538 - varanus - INFO - In state 17976143188387390655 saw radiation_level.Green
2026-01-27 16:51:50,539 - varanus - INFO - In state 17976143188387390655 saw radiation_level.Green
2026-01-27 16:51:50,539 - varanus - INFO - In state 17976143188387390655 saw radiation_level.Green
2026-01-27 16:51:50,539 - varanus - INFO - In state 17976143188387390655 saw radiation_level.Green
2026-01-27 16:51:50,539 - varanus - INFO - In state 17976143188387390655 saw radiation_level.Green
2026-01-27 16:51:50,540 - varanus - INFO - In state 17976143188387390655 saw radiation_level.Green
2026-01-27 16:51:50,540 - varanus - INFO - In state 17976143188387390655 saw radiation_level.Green
2026-01-27 16:51:50,540 - varanus - INFO - In state 17976143188387390655 saw radiation_level.Green
2026-01-27 16:51:50,540 - varanus - INFO - In state 17976143188387390655 saw radiation_level.Green
2026-01-27 16:51:50,541 - varanus - INFO - In state 17976143188387390655 saw radiation_level.Green
2026-01-27 16:51:50,541 - varanus - INFO - In state 17976143188387390655 saw radiation_level.Green
2026-01-27 16:51:50,541 - varanus - INFO - In state 17976143188387390655 saw radiation_level.Green
2026-01-27 16:51:50,541 - varanus - INFO - In state 17976143188387390655 saw radiation_level.Green
2026-01-27 16:51:50,542 - varanus - INFO - In state 17976143188387390655 saw radiation_level.Green
2026-01-27 16:51:50,542 - varanus - INFO - In state 17976143188387390655 saw radiation_level.Green
2026-01-27 16:51:50,542 - varanus - INFO - In state 17976143188387390655 saw radiation_level.Green
2026-01-27 16:51:50,542 - varanus - INFO - In state 17976143188387390655 saw radiation_level.Green
2026-01-27 16:51:50,543 - varanus - INFO - In state 17976143188387390655 saw radiation_level.Green
2026-01-27 16:51:50,543 - varanus - INFO - In state 17976143188387390655 saw radiation_level.Green
2026-01-27 16:51:50,543 - varanus - INFO - In state 17976143188387390655 saw radiation_level.Green
2026-01-27 16:51:50,543 - varanus - INFO - In state 17976143188387390655 saw radiation_level.Green
2026-01-27 16:51:50,544 - varanus - INFO - In state 17976143188387390655 saw radiation_level.Green
2026-01-27 16:51:50,544 - varanus - INFO - In state 17976143188387390655 saw radiation_level.Green
2026-01-27 16:51:50,544 - varanus - INFO - In state 17976143188387390655 saw radiation_level.Green
2026-01-27 16:51:50,544 - varanus - INFO - In state 17976143188387390655 saw radiation_level.Green
2026-01-27 16:51:50,545 - varanus - INFO - In state 17976143188387390655 saw radiation_level.Green
2026-01-27 16:51:50,545 - varanus - INFO - In state 17976143188387390655 saw radiation_level.Green
2026-01-27 16:51:50,545 - varanus - INFO - In state 17976143188387390655 saw radiation_level.Green
2026-01-27 16:51:50,546 - varanus - INFO - In state 17976143188387390655 saw radiation_level.Green
2026-01-27 16:51:50,546 - varanus - INFO - In state 17976143188387390655 saw radiation_level.Green
2026-01-27 16:51:50,546 - varanus - INFO - In state 17976143188387390655 saw radiation_level.Green
2026-01-27 16:51:50,546 - varanus - INFO - In state 17976143188387390655 saw radiation_level.Green
2026-01-27 16:51:50,547 - varanus - INFO - In state 17976143188387390655 saw radiation_level.Green
2026-01-27 16:51:50,547 - varanus - INFO - In state 17976143188387390655 saw radiation_level.Green
2026-01-27 16:51:50,547 - varanus - INFO - In state 17976143188387390655 saw radiation_level.Green
2026-01-27 16:51:50,547 - varanus - INFO - In state 17976143188387390655 saw radiation_level.Green
2026-01-27 16:51:50,548 - varanus - INFO - In state 17976143188387390655 saw radiation_level.Green
2026-01-27 16:51:50,548 - varanus - INFO - In state 17976143188387390655 saw move.1
2026-01-27 16:51:50,548 - varanus - INFO - In state 2681491882390849628 saw radiation_level.Green
2026-01-27 16:51:50,548 - varanus - INFO - In state 2681491882390849628 saw radiation_level.Green
2026-01-27 16:51:50,549 - varanus - INFO - In state 2681491882390849628 saw radiation_level.Green
2026-01-27 16:51:50,549 - varanus - INFO - In state 2681491882390849628 saw radiation_level.Green
2026-01-27 16:51:50,549 - varanus - INFO - In state 2681491882390849628 saw radiation_level.Green
2026-01-27 16:51:50,549 - varanus - INFO - In state 2681491882390849628 saw radiation_level.Green
2026-01-27 16:51:50,550 - varanus - INFO - In state 2681491882390849628 saw radiation_level.Green
2026-01-27 16:51:50,550 - varanus - INFO - In state 2681491882390849628 saw radiation_level.Green
2026-01-27 16:51:50,550 - varanus - INFO - In state 2681491882390849628 saw radiation_level.Green
2026-01-27 16:51:50,550 - varanus - INFO - In state 2681491882390849628 saw radiation_level.Green
2026-01-27 16:51:50,551 - varanus - INFO - In state 2681491882390849628 saw radiation_level.Green
2026-01-27 16:51:50,551 - varanus - INFO - In state 2681491882390849628 saw radiation_level.Green
2026-01-27 16:51:50,551 - varanus - INFO - In state 2681491882390849628 saw radiation_level.Green
2026-01-27 16:51:50,551 - varanus - INFO - In state 2681491882390849628 saw radiation_level.Green
2026-01-27 16:51:50,552 - varanus - INFO - In state 2681491882390849628 saw radiation_level.Green
2026-01-27 16:51:50,552 - varanus - INFO - In state 2681491882390849628 saw radiation_level.Green
2026-01-27 16:51:50,552 - varanus - INFO - In state 2681491882390849628 saw radiation_level.Green
2026-01-27 16:51:50,552 - varanus - INFO - In state 2681491882390849628 saw arrived_at.1
2026-01-27 16:51:50,553 - varanus - INFO - In state 4838965131539084411 saw radiation_level.Green
2026-01-27 16:51:50,553 - varanus - INFO - In state 4838965131539084411 saw inspect.1
2026-01-27 16:51:50,553 - varanus - INFO - In state 15366558349166237975 saw radiation_level.Green
2026-01-27 16:51:50,553 - varanus - INFO - In state 15366558349166237975 saw radiation_level.Green
2026-01-27 16:51:50,554 - varanus - INFO - In state 15366558349166237975 saw radiation_level.Green
2026-01-27 16:51:50,554 - varanus - INFO - In state 15366558349166237975 saw inspected.1
2026-01-27 16:51:50,554 - varanus - INFO - In state 4934536404935645896 saw radiation_level.Green
2026-01-27 16:51:50,554 - varanus - INFO - In state 4934536404935645896 saw move.2
2026-01-27 16:51:50,555 - varanus - INFO - In state 10299127975201442196 saw radiation_level.Green
2026-01-27 16:51:50,555 - varanus - INFO - In state 10299127975201442196 saw radiation_level.Green
2026-01-27 16:51:50,555 - varanus - INFO - In state 10299127975201442196 saw radiation_level.Green
2026-01-27 16:51:50,555 - varanus - INFO - In state 10299127975201442196 saw radiation_level.Green
2026-01-27 16:51:50,556 - varanus - INFO - In state 10299127975201442196 saw radiation_level.Green
2026-01-27 16:51:50,556 - varanus - INFO - In state 10299127975201442196 saw radiation_level.Green
2026-01-27 16:51:50,556 - varanus - INFO - In state 10299127975201442196 saw radiation_level.Green
2026-01-27 16:51:50,556 - varanus - INFO - In state 10299127975201442196 saw radiation_level.Green
2026-01-27 16:51:50,557 - varanus - INFO - In state 10299127975201442196 saw radiation_level.Green
2026-01-27 16:51:50,557 - varanus - INFO - In state 10299127975201442196 saw radiation_level.Green
2026-01-27 16:51:50,557 - varanus - INFO - In state 10299127975201442196 saw radiation_level.Green
2026-01-27 16:51:50,557 - varanus - INFO - In state 10299127975201442196 saw radiation_level.Green
2026-01-27 16:51:50,558 - varanus - INFO - In state 10299127975201442196 saw radiation_level.Green
2026-01-27 16:51:50,558 - varanus - INFO - In state 10299127975201442196 saw radiation_level.Green
2026-01-27 16:51:50,558 - varanus - INFO - In state 10299127975201442196 saw radiation_level.Green
2026-01-27 16:51:50,558 - varanus - INFO - In state 10299127975201442196 saw radiation_level.Green
2026-01-27 16:51:50,562 - varanus - INFO - In state 10299127975201442196 saw radiation_level.Green
2026-01-27 16:51:50,563 - varanus - INFO - In state 10299127975201442196 saw radiation_level.Green
2026-01-27 16:51:50,563 - varanus - INFO - In state 10299127975201442196 saw radiation_level.Green
2026-01-27 16:51:50,563 - varanus - INFO - In state 10299127975201442196 saw radiation_level.Green
2026-01-27 16:51:50,563 - varanus - INFO - In state 10299127975201442196 saw radiation_level.Green
2026-01-27 16:51:50,564 - varanus - INFO - In state 10299127975201442196 saw radiation_level.Green
2026-01-27 16:51:50,564 - varanus - INFO - In state 10299127975201442196 saw radiation_level.Green
2026-01-27 16:51:50,564 - varanus - INFO - In state 10299127975201442196 saw radiation_level.Green
2026-01-27 16:51:50,565 - varanus - INFO - In state 10299127975201442196 saw radiation_level.Green
2026-01-27 16:51:50,565 - varanus - INFO - In state 10299127975201442196 saw radiation_level.Green
2026-01-27 16:51:50,565 - varanus - INFO - In state 10299127975201442196 saw arrived_at.2
2026-01-27 16:51:50,565 - varanus - INFO - In state 8606736006536026831 saw radiation_level.Green
2026-01-27 16:51:50,566 - varanus - INFO - In state 8606736006536026831 saw inspect.2
2026-01-27 16:51:50,566 - varanus - INFO - In state 9874926409750488651 saw radiation_level.Green
2026-01-27 16:51:50,566 - varanus - INFO - In state 9874926409750488651 saw radiation_level.Green
2026-01-27 16:51:50,566 - varanus - INFO - In state 9874926409750488651 saw radiation_level.Green
2026-01-27 16:51:50,567 - varanus - INFO - In state 9874926409750488651 saw inspected.2
2026-01-27 16:51:50,567 - varanus - INFO - In state 1002990068859250494 saw move.3
2026-01-27 16:51:50,567 - varanus - INFO - In state 848502878028662445 saw radiation_level.Green
2026-01-27 16:51:50,567 - varanus - INFO - In state 848502878028662445 saw radiation_level.Green
2026-01-27 16:51:50,568 - varanus - INFO - In state 848502878028662445 saw radiation_level.Green
2026-01-27 16:51:50,568 - varanus - INFO - In state 848502878028662445 saw radiation_level.Green
2026-01-27 16:51:50,568 - varanus - INFO - In state 848502878028662445 saw radiation_level.Green
2026-01-27 16:51:50,568 - varanus - INFO - In state 848502878028662445 saw radiation_level.Green
2026-01-27 16:51:50,569 - varanus - INFO - In state 848502878028662445 saw radiation_level.Green
2026-01-27 16:51:50,569 - varanus - INFO - In state 848502878028662445 saw radiation_level.Green
2026-01-27 16:51:50,569 - varanus - INFO - In state 848502878028662445 saw radiation_level.Green
2026-01-27 16:51:50,569 - varanus - INFO - In state 848502878028662445 saw radiation_level.Green
2026-01-27 16:51:50,570 - varanus - INFO - In state 848502878028662445 saw radiation_level.Green
2026-01-27 16:51:50,570 - varanus - INFO - In state 848502878028662445 saw radiation_level.Green
2026-01-27 16:51:50,570 - varanus - INFO - In state 848502878028662445 saw radiation_level.Green
2026-01-27 16:51:50,570 - varanus - INFO - In state 848502878028662445 saw radiation_level.Green
2026-01-27 16:51:50,571 - varanus - INFO - In state 848502878028662445 saw radiation_level.Green
2026-01-27 16:51:50,571 - varanus - INFO - In state 848502878028662445 saw radiation_level.Green
2026-01-27 16:51:50,571 - varanus - INFO - In state 848502878028662445 saw radiation_level.Green
2026-01-27 16:51:50,571 - varanus - INFO - In state 848502878028662445 saw radiation_level.Green
2026-01-27 16:51:50,572 - varanus - INFO - In state 848502878028662445 saw radiation_level.Green
2026-01-27 16:51:50,572 - varanus - INFO - In state 848502878028662445 saw arrived_at.3
2026-01-27 16:51:50,572 - varanus - INFO - In state 18358507212355868629 saw inspect.3
2026-01-27 16:51:50,572 - varanus - INFO - In state 8937319153557804027 saw radiation_level.Green
2026-01-27 16:51:50,573 - varanus - INFO - In state 8937319153557804027 saw radiation_level.Green
2026-01-27 16:51:50,573 - varanus - INFO - In state 8937319153557804027 saw radiation_level.Green
2026-01-27 16:51:50,573 - varanus - INFO - In state 8937319153557804027 saw inspected.3
2026-01-27 16:51:50,574 - varanus - INFO - In state 6125819018793330642 saw radiation_level.Green
2026-01-27 16:51:50,574 - varanus - INFO - In state 6125819018793330642 saw inspect.4
2026-01-27 16:51:50,574 - varanus - INFO - UNEXPECTED TRANSITION
2026-01-27 16:51:50,574 - varanus - INFO - Stated alphabet returning bad state i.e. None - saw bad event
2026-01-27 16:51:50,574 - varanus - ERROR - System Violated the Specification with Trace: ['radiation_level.Green', 'radiation_level.Green', 'radiation_level.Green', 'radiation_level.Green', 'radiation_level.Green', 'radiation_level.Green', 'radiation_level.Green', 'radiation_level.Green', 'radiation_level.Green', 'radiation_level.Green', 'radiation_level.Green', 'radiation_level.Green', 'radiation_level.Green', 'radiation_level.Green', 'radiation_level.Green', 'radiation_level.Green', 'radiation_level.Green', 'radiation_level.Green', 'radiation_level.Green', 'radiation_level.Green', 'radiation_level.Green', 'radiation_level.Green', 'radiation_level.Green', 'radiation_level.Green', 'radiation_level.Green', 'radiation_level.Green', 'radiation_level.Green', 'radiation_level.Green', 'radiation_level.Green', 'radiation_level.Green', 'radiation_level.Green', 'radiation_level.Green', 'radiation_level.Green', 'radiation_level.Green', 'radiation_level.Green', 'radiation_level.Green', 'radiation_level.Green', 'radiation_level.Green', 'radiation_level.Green', 'radiation_level.Green', 'radiation_level.Green', 'radiation_level.Green', 'radiation_level.Green', 'radiation_level.Green', 'radiation_level.Green', 'radiation_level.Green', 'radiation_level.Green', 'radiation_level.Green', 'radiation_level.Green', 'radiation_level.Green', 'radiation_level.Green', 'radiation_level.Green', 'radiation_level.Green', 'radiation_level.Green', 'radiation_level.Green', 'radiation_level.Green', 'radiation_level.Green', 'radiation_level.Green', 'radiation_level.Green', 'radiation_level.Green', 'radiation_level.Green', 'radiation_level.Green', 'radiation_level.Green', 'radiation_level.Green', 'radiation_level.Green', 'radiation_level.Green', 'radiation_level.Green', 'radiation_level.Green', 'radiation_level.Green', 'radiation_level.Green', 'radiation_level.Green', 'radiation_level.Green', 'radiation_level.Green', 'move.1', 'radiation_level.Green', 'radiation_level.Green', 'radiation_level.Green', 'radiation_level.Green', 'radiation_level.Green', 'radiation_level.Green', 'radiation_level.Green', 'radiation_level.Green', 'radiation_level.Green', 'radiation_level.Green', 'radiation_level.Green', 'radiation_level.Green', 'radiation_level.Green', 'radiation_level.Green', 'radiation_level.Green', 'radiation_level.Green', 'radiation_level.Green', 'arrived_at.1', 'radiation_level.Green', 'inspect.1', 'radiation_level.Green', 'radiation_level.Green', 'radiation_level.Green', 'inspected.1', 'radiation_level.Green', 'move.2', 'radiation_level.Green', 'radiation_level.Green', 'radiation_level.Green', 'radiation_level.Green', 'radiation_level.Green', 'radiation_level.Green', 'radiation_level.Green', 'radiation_level.Green', 'radiation_level.Green', 'radiation_level.Green', 'radiation_level.Green', 'radiation_level.Green', 'radiation_level.Green', 'radiation_level.Green', 'radiation_level.Green', 'radiation_level.Green', 'radiation_level.Green', 'radiation_level.Green', 'radiation_level.Green', 'radiation_level.Green', 'radiation_level.Green', 'radiation_level.Green', 'radiation_level.Green', 'radiation_level.Green', 'radiation_level.Green', 'radiation_level.Green', 'arrived_at.2', 'radiation_level.Green', 'inspect.2', 'radiation_level.Green', 'radiation_level.Green', 'radiation_level.Green', 'inspected.2', 'move.3', 'radiation_level.Green', 'radiation_level.Green', 'radiation_level.Green', 'radiation_level.Green', 'radiation_level.Green', 'radiation_level.Green', 'radiation_level.Green', 'radiation_level.Green', 'radiation_level.Green', 'radiation_level.Green', 'radiation_level.Green', 'radiation_level.Green', 'radiation_level.Green', 'radiation_level.Green', 'radiation_level.Green', 'radiation_level.Green', 'radiation_level.Green', 'radiation_level.Green', 'radiation_level.Green', 'arrived_at.3', 'inspect.3', 'radiation_level.Green', 'radiation_level.Green', 'radiation_level.Green', 'inspected.3', 'radiation_level.Green', 'inspect.4']
2026-01-27 16:51:50,574 - varanus - ERROR - The permissible events were: ['radiation_level.Orange', 'move.3', 'radiation_level.Red', 'move.5', 'move.4', 'radiation_level.Green', 'move.2', 'move.1', 'move.0']
2026-01-27 16:51:50,575 - varanus - INFO - Trace file finished with violations
2026-01-27 16:51:50,576 - varanus - INFO - +++ Build Time: 			0.394217967987s +++
2026-01-27 16:51:50,577 - varanus - INFO - +++ Check Time: 			0.0595579147339s +++
2026-01-27 16:51:50,577 - varanus - INFO - +++ Average Transition Time: 	0.000280611263299s (161 events) +++
2026-01-27 16:51:50,577 - varanus - INFO - +++ Total Time: 			0.475615978241s +++
