2026-01-27 16:51:55,024 - varanus - INFO - +++ Testing rover_model_ras_fail_ordering +++
2026-01-27 16:51:55,024 - varanus - INFO - Preprocessing...
2026-01-27 16:51:55,024 - varanus - INFO - Preprocessing: pass
2026-01-27 16:51:55,024 - varanus - INFO - +++ Running Offline +++
2026-01-27 16:51:55,047 - varanus - INFO - Building CSP State Machine. Please Wait
2026-01-27 16:51:55,293 - varanus - INFO - Building CSP State Machine
2026-01-27 16:51:55,444 - varanus - INFO - +++ checking that ROVER_SYSTEM is deterministic with given alphabets +++
2026-01-27 16:51:55,444 - varanus - INFO - +++ starting monitoring against ROVER_SYSTEM +++
2026-01-27 16:51:55,444 - varanus - INFO - +++ Running Offline -- Using State Machine +++
2026-01-27 16:51:55,444 - varanus - INFO - Parsing trace file at: oracles/inspection-rover-ras/trace-json-fail-message-order.txt
2026-01-27 16:51:55,469 - varanus - INFO - Parsed trace file OK
2026-01-27 16:51:55,469 - varanus - INFO - Checking trace file: oracles/inspection-rover-ras/trace-json-fail-message-order.txt
2026-01-27 16:51:55,470 - varanus - INFO - In state 17976143188387390655 saw radiation_level.Green
2026-01-27 16:51:55,470 - varanus - INFO - In state 17976143188387390655 saw radiation_level.Green
2026-01-27 16:51:55,471 - varanus - INFO - In state 17976143188387390655 saw radiation_level.Green
2026-01-27 16:51:55,471 - varanus - INFO - In state 17976143188387390655 saw radiation_level.Green
2026-01-27 16:51:55,472 - varanus - INFO - In state 17976143188387390655 saw radiation_level.Green
2026-01-27 16:51:55,472 - varanus - INFO - In state 17976143188387390655 saw radiation_level.Green
2026-01-27 16:51:55,472 - varanus - INFO - In state 17976143188387390655 saw radiation_level.Green
2026-01-27 16:51:55,473 - varanus - INFO - In state 17976143188387390655 saw radiation_level.Green
2026-01-27 16:51:55,473 - varanus - INFO - In state 17976143188387390655 saw radiation_level.Green
2026-01-27 16:51:55,474 - varanus - INFO - In state 17976143188387390655 saw radiation_level.Green
2026-01-27 16:51:55,474 - varanus - INFO - In state 17976143188387390655 saw radiation_level.Green
2026-01-27 16:51:55,475 - varanus - INFO - In state 17976143188387390655 saw radiation_level.Green
2026-01-27 16:51:55,475 - varanus - INFO - In state 17976143188387390655 saw radiation_level.Green
2026-01-27 16:51:55,476 - varanus - INFO - In state 17976143188387390655 saw radiation_level.Green
2026-01-27 16:51:55,476 - varanus - INFO - In state 17976143188387390655 saw radiation_level.Green
2026-01-27 16:51:55,477 - varanus - INFO - In state 17976143188387390655 saw radiation_level.Green
2026-01-27 16:51:55,477 - varanus - INFO - In state 17976143188387390655 saw radiation_level.Green
2026-01-27 16:51:55,478 - varanus - INFO - In state 17976143188387390655 saw radiation_level.Green
2026-01-27 16:51:55,478 - varanus - INFO - In state 17976143188387390655 saw radiation_level.Green
2026-01-27 16:51:55,478 - varanus - INFO - In state 17976143188387390655 saw radiation_level.Green
2026-01-27 16:51:55,479 - varanus - INFO - In state 17976143188387390655 saw radiation_level.Green
2026-01-27 16:51:55,479 - varanus - INFO - In state 17976143188387390655 saw radiation_level.Green
2026-01-27 16:51:55,480 - varanus - INFO - In state 17976143188387390655 saw radiation_level.Green
2026-01-27 16:51:55,480 - varanus - INFO - In state 17976143188387390655 saw radiation_level.Green
2026-01-27 16:51:55,481 - varanus - INFO - In state 17976143188387390655 saw radiation_level.Green
2026-01-27 16:51:55,481 - varanus - INFO - In state 17976143188387390655 saw radiation_level.Green
2026-01-27 16:51:55,482 - varanus - INFO - In state 17976143188387390655 saw radiation_level.Green
2026-01-27 16:51:55,482 - varanus - INFO - In state 17976143188387390655 saw radiation_level.Green
2026-01-27 16:51:55,482 - varanus - INFO - In state 17976143188387390655 saw radiation_level.Green
2026-01-27 16:51:55,483 - varanus - INFO - In state 17976143188387390655 saw radiation_level.Green
2026-01-27 16:51:55,483 - varanus - INFO - In state 17976143188387390655 saw radiation_level.Green
2026-01-27 16:51:55,483 - varanus - INFO - In state 17976143188387390655 saw radiation_level.Green
2026-01-27 16:51:55,485 - varanus - INFO - In state 17976143188387390655 saw radiation_level.Green
2026-01-27 16:51:55,486 - varanus - INFO - In state 17976143188387390655 saw radiation_level.Green
2026-01-27 16:51:55,486 - varanus - INFO - In state 17976143188387390655 saw radiation_level.Green
2026-01-27 16:51:55,487 - varanus - INFO - In state 17976143188387390655 saw radiation_level.Green
2026-01-27 16:51:55,487 - varanus - INFO - In state 17976143188387390655 saw radiation_level.Green
2026-01-27 16:51:55,488 - varanus - INFO - In state 17976143188387390655 saw radiation_level.Green
2026-01-27 16:51:55,488 - varanus - INFO - In state 17976143188387390655 saw radiation_level.Green
2026-01-27 16:51:55,489 - varanus - INFO - In state 17976143188387390655 saw radiation_level.Green
2026-01-27 16:51:55,489 - varanus - INFO - In state 17976143188387390655 saw radiation_level.Green
2026-01-27 16:51:55,490 - varanus - INFO - In state 17976143188387390655 saw radiation_level.Green
2026-01-27 16:51:55,490 - varanus - INFO - In state 17976143188387390655 saw radiation_level.Green
2026-01-27 16:51:55,491 - varanus - INFO - In state 17976143188387390655 saw radiation_level.Green
2026-01-27 16:51:55,491 - varanus - INFO - In state 17976143188387390655 saw radiation_level.Green
2026-01-27 16:51:55,491 - varanus - INFO - In state 17976143188387390655 saw radiation_level.Green
2026-01-27 16:51:55,492 - varanus - INFO - In state 17976143188387390655 saw radiation_level.Green
2026-01-27 16:51:55,492 - varanus - INFO - In state 17976143188387390655 saw radiation_level.Green
2026-01-27 16:51:55,493 - varanus - INFO - In state 17976143188387390655 saw radiation_level.Green
2026-01-27 16:51:55,493 - varanus - INFO - In state 17976143188387390655 saw radiation_level.Green
2026-01-27 16:51:55,494 - varanus - INFO - In state 17976143188387390655 saw radiation_level.Green
2026-01-27 16:51:55,494 - varanus - INFO - In state 17976143188387390655 saw radiation_level.Green
2026-01-27 16:51:55,495 - varanus - INFO - In state 17976143188387390655 saw radiation_level.Green
2026-01-27 16:51:55,495 - varanus - INFO - In state 17976143188387390655 saw radiation_level.Green
2026-01-27 16:51:55,496 - varanus - INFO - In state 17976143188387390655 saw radiation_level.Green
2026-01-27 16:51:55,496 - varanus - INFO - In state 17976143188387390655 saw radiation_level.Green
2026-01-27 16:51:55,497 - varanus - INFO - In state 17976143188387390655 saw radiation_level.Green
2026-01-27 16:51:55,497 - varanus - INFO - In state 17976143188387390655 saw radiation_level.Green
2026-01-27 16:51:55,497 - varanus - INFO - In state 17976143188387390655 saw radiation_level.Green
2026-01-27 16:51:55,498 - varanus - INFO - In state 17976143188387390655 saw radiation_level.Green
2026-01-27 16:51:55,498 - varanus - INFO - In state 17976143188387390655 saw radiation_level.Green
2026-01-27 16:51:55,499 - varanus - INFO - In state 17976143188387390655 saw radiation_level.Green
2026-01-27 16:51:55,499 - varanus - INFO - In state 17976143188387390655 saw radiation_level.Green
2026-01-27 16:51:55,499 - varanus - INFO - In state 17976143188387390655 saw radiation_level.Green
2026-01-27 16:51:55,500 - varanus - INFO - In state 17976143188387390655 saw radiation_level.Green
2026-01-27 16:51:55,500 - varanus - INFO - In state 17976143188387390655 saw radiation_level.Green
2026-01-27 16:51:55,507 - varanus - INFO - In state 17976143188387390655 saw radiation_level.Green
2026-01-27 16:51:55,508 - varanus - INFO - In state 17976143188387390655 saw radiation_level.Green
2026-01-27 16:51:55,508 - varanus - INFO - In state 17976143188387390655 saw radiation_level.Green
2026-01-27 16:51:55,509 - varanus - INFO - In state 17976143188387390655 saw radiation_level.Green
2026-01-27 16:51:55,509 - varanus - INFO - In state 17976143188387390655 saw radiation_level.Green
2026-01-27 16:51:55,509 - varanus - INFO - In state 17976143188387390655 saw radiation_level.Green
2026-01-27 16:51:55,510 - varanus - INFO - In state 17976143188387390655 saw radiation_level.Green
2026-01-27 16:51:55,510 - varanus - INFO - In state 17976143188387390655 saw move.1
2026-01-27 16:51:55,511 - varanus - INFO - In state 2681491882390849628 saw radiation_level.Green
2026-01-27 16:51:55,511 - varanus - INFO - In state 2681491882390849628 saw radiation_level.Green
2026-01-27 16:51:55,512 - varanus - INFO - In state 2681491882390849628 saw radiation_level.Green
2026-01-27 16:51:55,512 - varanus - INFO - In state 2681491882390849628 saw radiation_level.Green
2026-01-27 16:51:55,513 - varanus - INFO - In state 2681491882390849628 saw radiation_level.Green
2026-01-27 16:51:55,513 - varanus - INFO - In state 2681491882390849628 saw radiation_level.Green
2026-01-27 16:51:55,514 - varanus - INFO - In state 2681491882390849628 saw radiation_level.Green
2026-01-27 16:51:55,514 - varanus - INFO - In state 2681491882390849628 saw radiation_level.Green
2026-01-27 16:51:55,515 - varanus - INFO - In state 2681491882390849628 saw radiation_level.Green
2026-01-27 16:51:55,515 - varanus - INFO - In state 2681491882390849628 saw radiation_level.Green
2026-01-27 16:51:55,515 - varanus - INFO - In state 2681491882390849628 saw radiation_level.Green
2026-01-27 16:51:55,516 - varanus - INFO - In state 2681491882390849628 saw radiation_level.Green
2026-01-27 16:51:55,516 - varanus - INFO - In state 2681491882390849628 saw radiation_level.Green
2026-01-27 16:51:55,517 - varanus - INFO - In state 2681491882390849628 saw radiation_level.Green
2026-01-27 16:51:55,517 - varanus - INFO - In state 2681491882390849628 saw radiation_level.Green
2026-01-27 16:51:55,517 - varanus - INFO - In state 2681491882390849628 saw radiation_level.Green
2026-01-27 16:51:55,518 - varanus - INFO - In state 2681491882390849628 saw radiation_level.Green
2026-01-27 16:51:55,518 - varanus - INFO - In state 2681491882390849628 saw arrived_at.1
2026-01-27 16:51:55,519 - varanus - INFO - In state 4838965131539084411 saw radiation_level.Green
2026-01-27 16:51:55,519 - varanus - INFO - In state 4838965131539084411 saw inspect.1
2026-01-27 16:51:55,520 - varanus - INFO - In state 15366558349166237975 saw radiation_level.Green
2026-01-27 16:51:55,520 - varanus - INFO - In state 15366558349166237975 saw radiation_level.Green
2026-01-27 16:51:55,521 - varanus - INFO - In state 15366558349166237975 saw radiation_level.Green
2026-01-27 16:51:55,521 - varanus - INFO - In state 15366558349166237975 saw inspected.1
2026-01-27 16:51:55,522 - varanus - INFO - In state 4934536404935645896 saw radiation_level.Green
2026-01-27 16:51:55,522 - varanus - INFO - In state 4934536404935645896 saw move.2
2026-01-27 16:51:55,523 - varanus - INFO - In state 10299127975201442196 saw radiation_level.Green
2026-01-27 16:51:55,523 - varanus - INFO - In state 10299127975201442196 saw radiation_level.Green
2026-01-27 16:51:55,523 - varanus - INFO - In state 10299127975201442196 saw radiation_level.Green
2026-01-27 16:51:55,524 - varanus - INFO - In state 10299127975201442196 saw radiation_level.Green
2026-01-27 16:51:55,524 - varanus - INFO - In state 10299127975201442196 saw radiation_level.Green
2026-01-27 16:51:55,525 - varanus - INFO - In state 10299127975201442196 saw radiation_level.Green
2026-01-27 16:51:55,525 - varanus - INFO - In state 10299127975201442196 saw radiation_level.Green
2026-01-27 16:51:55,526 - varanus - INFO - In state 10299127975201442196 saw radiation_level.Green
2026-01-27 16:51:55,526 - varanus - INFO - In state 10299127975201442196 saw radiation_level.Green
2026-01-27 16:51:55,527 - varanus - INFO - In state 10299127975201442196 saw radiation_level.Green
2026-01-27 16:51:55,527 - varanus - INFO - In state 10299127975201442196 saw radiation_level.Green
2026-01-27 16:51:55,528 - varanus - INFO - In state 10299127975201442196 saw radiation_level.Green
2026-01-27 16:51:55,528 - varanus - INFO - In state 10299127975201442196 saw radiation_level.Green
2026-01-27 16:51:55,529 - varanus - INFO - In state 10299127975201442196 saw radiation_level.Green
2026-01-27 16:51:55,529 - varanus - INFO - In state 10299127975201442196 saw radiation_level.Green
2026-01-27 16:51:55,530 - varanus - INFO - In state 10299127975201442196 saw radiation_level.Green
2026-01-27 16:51:55,530 - varanus - INFO - In state 10299127975201442196 saw radiation_level.Green
2026-01-27 16:51:55,530 - varanus - INFO - In state 10299127975201442196 saw radiation_level.Green
2026-01-27 16:51:55,531 - varanus - INFO - In state 10299127975201442196 saw radiation_level.Green
2026-01-27 16:51:55,531 - varanus - INFO - In state 10299127975201442196 saw radiation_level.Green
2026-01-27 16:51:55,532 - varanus - INFO - In state 10299127975201442196 saw radiation_level.Green
2026-01-27 16:51:55,532 - varanus - INFO - In state 10299127975201442196 saw radiation_level.Green
2026-01-27 16:51:55,532 - varanus - INFO - In state 10299127975201442196 saw radiation_level.Green
2026-01-27 16:51:55,533 - varanus - INFO - In state 10299127975201442196 saw radiation_level.Green
2026-01-27 16:51:55,533 - varanus - INFO - In state 10299127975201442196 saw radiation_level.Green
2026-01-27 16:51:55,534 - varanus - INFO - In state 10299127975201442196 saw radiation_level.Green
2026-01-27 16:51:55,534 - varanus - INFO - In state 10299127975201442196 saw arrived_at.2
2026-01-27 16:51:55,535 - varanus - INFO - In state 8606736006536026831 saw radiation_level.Green
2026-01-27 16:51:55,535 - varanus - INFO - In state 8606736006536026831 saw inspect.2
2026-01-27 16:51:55,536 - varanus - INFO - In state 9874926409750488651 saw radiation_level.Green
2026-01-27 16:51:55,536 - varanus - INFO - In state 9874926409750488651 saw radiation_level.Green
2026-01-27 16:51:55,537 - varanus - INFO - In state 9874926409750488651 saw radiation_level.Green
2026-01-27 16:51:55,537 - varanus - INFO - In state 9874926409750488651 saw inspected.2
2026-01-27 16:51:55,538 - varanus - INFO - In state 1002990068859250494 saw move.3
2026-01-27 16:51:55,538 - varanus - INFO - In state 848502878028662445 saw radiation_level.Green
2026-01-27 16:51:55,539 - varanus - INFO - In state 848502878028662445 saw radiation_level.Green
2026-01-27 16:51:55,539 - varanus - INFO - In state 848502878028662445 saw radiation_level.Green
2026-01-27 16:51:55,540 - varanus - INFO - In state 848502878028662445 saw radiation_level.Green
2026-01-27 16:51:55,540 - varanus - INFO - In state 848502878028662445 saw radiation_level.Green
2026-01-27 16:51:55,541 - varanus - INFO - In state 848502878028662445 saw radiation_level.Green
2026-01-27 16:51:55,541 - varanus - INFO - In state 848502878028662445 saw radiation_level.Green
2026-01-27 16:51:55,542 - varanus - INFO - In state 848502878028662445 saw radiation_level.Green
2026-01-27 16:51:55,542 - varanus - INFO - In state 848502878028662445 saw radiation_level.Green
2026-01-27 16:51:55,543 - varanus - INFO - In state 848502878028662445 saw radiation_level.Green
2026-01-27 16:51:55,543 - varanus - INFO - In state 848502878028662445 saw radiation_level.Green
2026-01-27 16:51:55,543 - varanus - INFO - In state 848502878028662445 saw radiation_level.Green
2026-01-27 16:51:55,544 - varanus - INFO - In state 848502878028662445 saw radiation_level.Green
2026-01-27 16:51:55,544 - varanus - INFO - In state 848502878028662445 saw radiation_level.Green
2026-01-27 16:51:55,545 - varanus - INFO - In state 848502878028662445 saw radiation_level.Green
2026-01-27 16:51:55,545 - varanus - INFO - In state 848502878028662445 saw radiation_level.Green
2026-01-27 16:51:55,546 - varanus - INFO - In state 848502878028662445 saw radiation_level.Green
2026-01-27 16:51:55,546 - varanus - INFO - In state 848502878028662445 saw radiation_level.Green
2026-01-27 16:51:55,547 - varanus - INFO - In state 848502878028662445 saw radiation_level.Green
2026-01-27 16:51:55,547 - varanus - INFO - In state 848502878028662445 saw arrived_at.3
2026-01-27 16:51:55,548 - varanus - INFO - In state 18358507212355868629 saw inspect.3
2026-01-27 16:51:55,548 - varanus - INFO - In state 8937319153557804027 saw radiation_level.Green
2026-01-27 16:51:55,548 - varanus - INFO - In state 8937319153557804027 saw radiation_level.Green
2026-01-27 16:51:55,549 - varanus - INFO - In state 8937319153557804027 saw radiation_level.Green
2026-01-27 16:51:55,549 - varanus - INFO - In state 8937319153557804027 saw inspected.3
2026-01-27 16:51:55,549 - varanus - INFO - In state 6125819018793330642 saw radiation_level.Green
2026-01-27 16:51:55,550 - varanus - INFO - In state 6125819018793330642 saw inspect.4
2026-01-27 16:51:55,550 - varanus - INFO - UNEXPECTED TRANSITION
2026-01-27 16:51:55,550 - varanus - INFO - Stated alphabet returning bad state i.e. None - saw bad event
2026-01-27 16:51:55,551 - varanus - ERROR - System Violated the Specification with Trace: ['radiation_level.Green', 'radiation_level.Green', 'radiation_level.Green', 'radiation_level.Green', 'radiation_level.Green', 'radiation_level.Green', 'radiation_level.Green', 'radiation_level.Green', 'radiation_level.Green', 'radiation_level.Green', 'radiation_level.Green', 'radiation_level.Green', 'radiation_level.Green', 'radiation_level.Green', 'radiation_level.Green', 'radiation_level.Green', 'radiation_level.Green', 'radiation_level.Green', 'radiation_level.Green', 'radiation_level.Green', 'radiation_level.Green', 'radiation_level.Green', 'radiation_level.Green', 'radiation_level.Green', 'radiation_level.Green', 'radiation_level.Green', 'radiation_level.Green', 'radiation_level.Green', 'radiation_level.Green', 'radiation_level.Green', 'radiation_level.Green', 'radiation_level.Green', 'radiation_level.Green', 'radiation_level.Green', 'radiation_level.Green', 'radiation_level.Green', 'radiation_level.Green', 'radiation_level.Green', 'radiation_level.Green', 'radiation_level.Green', 'radiation_level.Green', 'radiation_level.Green', 'radiation_level.Green', 'radiation_level.Green', 'radiation_level.Green', 'radiation_level.Green', 'radiation_level.Green', 'radiation_level.Green', 'radiation_level.Green', 'radiation_level.Green', 'radiation_level.Green', 'radiation_level.Green', 'radiation_level.Green', 'radiation_level.Green', 'radiation_level.Green', 'radiation_level.Green', 'radiation_level.Green', 'radiation_level.Green', 'radiation_level.Green', 'radiation_level.Green', 'radiation_level.Green', 'radiation_level.Green', 'radiation_level.Green', 'radiation_level.Green', 'radiation_level.Green', 'radiation_level.Green', 'radiation_level.Green', 'radiation_level.Green', 'radiation_level.Green', 'radiation_level.Green', 'radiation_level.Green', 'radiation_level.Green', 'radiation_level.Green', 'move.1', 'radiation_level.Green', 'radiation_level.Green', 'radiation_level.Green', 'radiation_level.Green', 'radiation_level.Green', 'radiation_level.Green', 'radiation_level.Green', 'radiation_level.Green', 'radiation_level.Green', 'radiation_level.Green', 'radiation_level.Green', 'radiation_level.Green', 'radiation_level.Green', 'radiation_level.Green', 'radiation_level.Green', 'radiation_level.Green', 'radiation_level.Green', 'arrived_at.1', 'radiation_level.Green', 'inspect.1', 'radiation_level.Green', 'radiation_level.Green', 'radiation_level.Green', 'inspected.1', 'radiation_level.Green', 'move.2', 'radiation_level.Green', 'radiation_level.Green', 'radiation_level.Green', 'radiation_level.Green', 'radiation_level.Green', 'radiation_level.Green', 'radiation_level.Green', 'radiation_level.Green', 'radiation_level.Green', 'radiation_level.Green', 'radiation_level.Green', 'radiation_level.Green', 'radiation_level.Green', 'radiation_level.Green', 'radiation_level.Green', 'radiation_level.Green', 'radiation_level.Green', 'radiation_level.Green', 'radiation_level.Green', 'radiation_level.Green', 'radiation_level.Green', 'radiation_level.Green', 'radiation_level.Green', 'radiation_level.Green', 'radiation_level.Green', 'radiation_level.Green', 'arrived_at.2', 'radiation_level.Green', 'inspect.2', 'radiation_level.Green', 'radiation_level.Green', 'radiation_level.Green', 'inspected.2', 'move.3', 'radiation_level.Green', 'radiation_level.Green', 'radiation_level.Green', 'radiation_level.Green', 'radiation_level.Green', 'radiation_level.Green', 'radiation_level.Green', 'radiation_level.Green', 'radiation_level.Green', 'radiation_level.Green', 'radiation_level.Green', 'radiation_level.Green', 'radiation_level.Green', 'radiation_level.Green', 'radiation_level.Green', 'radiation_level.Green', 'radiation_level.Green', 'radiation_level.Green', 'radiation_level.Green', 'arrived_at.3', 'inspect.3', 'radiation_level.Green', 'radiation_level.Green', 'radiation_level.Green', 'inspected.3', 'radiation_level.Green', 'inspect.4']
2026-01-27 16:51:55,551 - varanus - ERROR - The permissible events were: ['radiation_level.Orange', 'radiation_level.Green', 'radiation_level.Red', 'move.5', 'move.4', 'move.3', 'move.2', 'move.1', 'move.0']
2026-01-27 16:51:55,552 - varanus - INFO - Trace file finished with violations
2026-01-27 16:51:55,554 - varanus - INFO - +++ Build Time: 			0.39725112915s +++
2026-01-27 16:51:55,554 - varanus - INFO - +++ Check Time: 			0.107493877411s +++
2026-01-27 16:51:55,554 - varanus - INFO - +++ Average Transition Time: 	0.000504881698893s (161 events) +++
2026-01-27 16:51:55,554 - varanus - INFO - +++ Total Time: 			0.52746295929s +++
