2026-01-27 19:29:28,349 - varanus - INFO - +++ Testing rover_model_ras_fail_ordering +++
2026-01-27 19:29:28,349 - varanus - INFO - Preprocessing...
2026-01-27 19:29:28,349 - varanus - INFO - Preprocessing: pass
2026-01-27 19:29:28,349 - varanus - INFO - +++ Running Offline +++
2026-01-27 19:29:28,372 - varanus - INFO - Building CSP State Machine. Please Wait
2026-01-27 19:29:28,826 - varanus - INFO - Building CSP State Machine
2026-01-27 19:29:29,053 - varanus - INFO - +++ checking that ROVER_SYSTEM is deterministic with given alphabets +++
2026-01-27 19:29:29,053 - varanus - INFO - +++ starting monitoring against ROVER_SYSTEM +++
2026-01-27 19:29:29,053 - varanus - INFO - +++ Running Offline -- Using State Machine +++
2026-01-27 19:29:29,053 - varanus - INFO - Parsing trace file at: oracles/inspection-rover-ras/trace-json-fail-message-order.txt
2026-01-27 19:29:29,070 - varanus - INFO - Parsed trace file OK
2026-01-27 19:29:29,070 - varanus - INFO - Checking trace file: oracles/inspection-rover-ras/trace-json-fail-message-order.txt
2026-01-27 19:29:29,071 - varanus - INFO - In state 17976143188387390655 saw radiation_level.Green
2026-01-27 19:29:29,071 - varanus - INFO - In state 17976143188387390655 saw radiation_level.Green
2026-01-27 19:29:29,071 - varanus - INFO - In state 17976143188387390655 saw radiation_level.Green
2026-01-27 19:29:29,072 - varanus - INFO - In state 17976143188387390655 saw radiation_level.Green
2026-01-27 19:29:29,073 - varanus - INFO - In state 17976143188387390655 saw radiation_level.Green
2026-01-27 19:29:29,073 - varanus - INFO - In state 17976143188387390655 saw radiation_level.Green
2026-01-27 19:29:29,074 - varanus - INFO - In state 17976143188387390655 saw radiation_level.Green
2026-01-27 19:29:29,074 - varanus - INFO - In state 17976143188387390655 saw radiation_level.Green
2026-01-27 19:29:29,074 - varanus - INFO - In state 17976143188387390655 saw radiation_level.Green
2026-01-27 19:29:29,075 - varanus - INFO - In state 17976143188387390655 saw radiation_level.Green
2026-01-27 19:29:29,075 - varanus - INFO - In state 17976143188387390655 saw radiation_level.Green
2026-01-27 19:29:29,076 - varanus - INFO - In state 17976143188387390655 saw radiation_level.Green
2026-01-27 19:29:29,076 - varanus - INFO - In state 17976143188387390655 saw radiation_level.Green
2026-01-27 19:29:29,076 - varanus - INFO - In state 17976143188387390655 saw radiation_level.Green
2026-01-27 19:29:29,077 - varanus - INFO - In state 17976143188387390655 saw radiation_level.Green
2026-01-27 19:29:29,077 - varanus - INFO - In state 17976143188387390655 saw radiation_level.Green
2026-01-27 19:29:29,078 - varanus - INFO - In state 17976143188387390655 saw radiation_level.Green
2026-01-27 19:29:29,078 - varanus - INFO - In state 17976143188387390655 saw radiation_level.Green
2026-01-27 19:29:29,078 - varanus - INFO - In state 17976143188387390655 saw radiation_level.Green
2026-01-27 19:29:29,079 - varanus - INFO - In state 17976143188387390655 saw radiation_level.Green
2026-01-27 19:29:29,079 - varanus - INFO - In state 17976143188387390655 saw radiation_level.Green
2026-01-27 19:29:29,080 - varanus - INFO - In state 17976143188387390655 saw radiation_level.Green
2026-01-27 19:29:29,080 - varanus - INFO - In state 17976143188387390655 saw radiation_level.Green
2026-01-27 19:29:29,080 - varanus - INFO - In state 17976143188387390655 saw radiation_level.Green
2026-01-27 19:29:29,081 - varanus - INFO - In state 17976143188387390655 saw radiation_level.Green
2026-01-27 19:29:29,081 - varanus - INFO - In state 17976143188387390655 saw radiation_level.Green
2026-01-27 19:29:29,082 - varanus - INFO - In state 17976143188387390655 saw radiation_level.Green
2026-01-27 19:29:29,082 - varanus - INFO - In state 17976143188387390655 saw radiation_level.Green
2026-01-27 19:29:29,083 - varanus - INFO - In state 17976143188387390655 saw radiation_level.Green
2026-01-27 19:29:29,083 - varanus - INFO - In state 17976143188387390655 saw radiation_level.Green
2026-01-27 19:29:29,083 - varanus - INFO - In state 17976143188387390655 saw radiation_level.Green
2026-01-27 19:29:29,084 - varanus - INFO - In state 17976143188387390655 saw radiation_level.Green
2026-01-27 19:29:29,084 - varanus - INFO - In state 17976143188387390655 saw radiation_level.Green
2026-01-27 19:29:29,085 - varanus - INFO - In state 17976143188387390655 saw radiation_level.Green
2026-01-27 19:29:29,085 - varanus - INFO - In state 17976143188387390655 saw radiation_level.Green
2026-01-27 19:29:29,085 - varanus - INFO - In state 17976143188387390655 saw radiation_level.Green
2026-01-27 19:29:29,086 - varanus - INFO - In state 17976143188387390655 saw radiation_level.Green
2026-01-27 19:29:29,086 - varanus - INFO - In state 17976143188387390655 saw radiation_level.Green
2026-01-27 19:29:29,087 - varanus - INFO - In state 17976143188387390655 saw radiation_level.Green
2026-01-27 19:29:29,087 - varanus - INFO - In state 17976143188387390655 saw radiation_level.Green
2026-01-27 19:29:29,087 - varanus - INFO - In state 17976143188387390655 saw radiation_level.Green
2026-01-27 19:29:29,088 - varanus - INFO - In state 17976143188387390655 saw radiation_level.Green
2026-01-27 19:29:29,088 - varanus - INFO - In state 17976143188387390655 saw radiation_level.Green
2026-01-27 19:29:29,088 - varanus - INFO - In state 17976143188387390655 saw radiation_level.Green
2026-01-27 19:29:29,089 - varanus - INFO - In state 17976143188387390655 saw radiation_level.Green
2026-01-27 19:29:29,089 - varanus - INFO - In state 17976143188387390655 saw radiation_level.Green
2026-01-27 19:29:29,090 - varanus - INFO - In state 17976143188387390655 saw radiation_level.Green
2026-01-27 19:29:29,090 - varanus - INFO - In state 17976143188387390655 saw radiation_level.Green
2026-01-27 19:29:29,090 - varanus - INFO - In state 17976143188387390655 saw radiation_level.Green
2026-01-27 19:29:29,091 - varanus - INFO - In state 17976143188387390655 saw radiation_level.Green
2026-01-27 19:29:29,091 - varanus - INFO - In state 17976143188387390655 saw radiation_level.Green
2026-01-27 19:29:29,092 - varanus - INFO - In state 17976143188387390655 saw radiation_level.Green
2026-01-27 19:29:29,092 - varanus - INFO - In state 17976143188387390655 saw radiation_level.Green
2026-01-27 19:29:29,092 - varanus - INFO - In state 17976143188387390655 saw radiation_level.Green
2026-01-27 19:29:29,093 - varanus - INFO - In state 17976143188387390655 saw radiation_level.Green
2026-01-27 19:29:29,093 - varanus - INFO - In state 17976143188387390655 saw radiation_level.Green
2026-01-27 19:29:29,094 - varanus - INFO - In state 17976143188387390655 saw radiation_level.Green
2026-01-27 19:29:29,094 - varanus - INFO - In state 17976143188387390655 saw radiation_level.Green
2026-01-27 19:29:29,095 - varanus - INFO - In state 17976143188387390655 saw radiation_level.Green
2026-01-27 19:29:29,095 - varanus - INFO - In state 17976143188387390655 saw radiation_level.Green
2026-01-27 19:29:29,095 - varanus - INFO - In state 17976143188387390655 saw radiation_level.Green
2026-01-27 19:29:29,096 - varanus - INFO - In state 17976143188387390655 saw radiation_level.Green
2026-01-27 19:29:29,096 - varanus - INFO - In state 17976143188387390655 saw radiation_level.Green
2026-01-27 19:29:29,097 - varanus - INFO - In state 17976143188387390655 saw radiation_level.Green
2026-01-27 19:29:29,097 - varanus - INFO - In state 17976143188387390655 saw radiation_level.Green
2026-01-27 19:29:29,097 - varanus - INFO - In state 17976143188387390655 saw radiation_level.Green
2026-01-27 19:29:29,098 - varanus - INFO - In state 17976143188387390655 saw radiation_level.Green
2026-01-27 19:29:29,098 - varanus - INFO - In state 17976143188387390655 saw radiation_level.Green
2026-01-27 19:29:29,099 - varanus - INFO - In state 17976143188387390655 saw radiation_level.Green
2026-01-27 19:29:29,099 - varanus - INFO - In state 17976143188387390655 saw radiation_level.Green
2026-01-27 19:29:29,099 - varanus - INFO - In state 17976143188387390655 saw radiation_level.Green
2026-01-27 19:29:29,100 - varanus - INFO - In state 17976143188387390655 saw radiation_level.Green
2026-01-27 19:29:29,100 - varanus - INFO - In state 17976143188387390655 saw radiation_level.Green
2026-01-27 19:29:29,100 - varanus - INFO - In state 17976143188387390655 saw move.1
2026-01-27 19:29:29,101 - varanus - INFO - In state 2681491882390849628 saw radiation_level.Green
2026-01-27 19:29:29,101 - varanus - INFO - In state 2681491882390849628 saw radiation_level.Green
2026-01-27 19:29:29,102 - varanus - INFO - In state 2681491882390849628 saw radiation_level.Green
2026-01-27 19:29:29,102 - varanus - INFO - In state 2681491882390849628 saw radiation_level.Green
2026-01-27 19:29:29,102 - varanus - INFO - In state 2681491882390849628 saw radiation_level.Green
2026-01-27 19:29:29,103 - varanus - INFO - In state 2681491882390849628 saw radiation_level.Green
2026-01-27 19:29:29,103 - varanus - INFO - In state 2681491882390849628 saw radiation_level.Green
2026-01-27 19:29:29,104 - varanus - INFO - In state 2681491882390849628 saw radiation_level.Green
2026-01-27 19:29:29,104 - varanus - INFO - In state 2681491882390849628 saw radiation_level.Green
2026-01-27 19:29:29,104 - varanus - INFO - In state 2681491882390849628 saw radiation_level.Green
2026-01-27 19:29:29,105 - varanus - INFO - In state 2681491882390849628 saw radiation_level.Green
2026-01-27 19:29:29,105 - varanus - INFO - In state 2681491882390849628 saw radiation_level.Green
2026-01-27 19:29:29,106 - varanus - INFO - In state 2681491882390849628 saw radiation_level.Green
2026-01-27 19:29:29,106 - varanus - INFO - In state 2681491882390849628 saw radiation_level.Green
2026-01-27 19:29:29,106 - varanus - INFO - In state 2681491882390849628 saw radiation_level.Green
2026-01-27 19:29:29,107 - varanus - INFO - In state 2681491882390849628 saw radiation_level.Green
2026-01-27 19:29:29,107 - varanus - INFO - In state 2681491882390849628 saw radiation_level.Green
2026-01-27 19:29:29,108 - varanus - INFO - In state 2681491882390849628 saw arrived_at.1
2026-01-27 19:29:29,108 - varanus - INFO - In state 4838965131539084411 saw radiation_level.Green
2026-01-27 19:29:29,108 - varanus - INFO - In state 4838965131539084411 saw inspect.1
2026-01-27 19:29:29,109 - varanus - INFO - In state 15366558349166237975 saw radiation_level.Green
2026-01-27 19:29:29,109 - varanus - INFO - In state 15366558349166237975 saw radiation_level.Green
2026-01-27 19:29:29,110 - varanus - INFO - In state 15366558349166237975 saw radiation_level.Green
2026-01-27 19:29:29,110 - varanus - INFO - In state 15366558349166237975 saw inspected.1
2026-01-27 19:29:29,110 - varanus - INFO - In state 4934536404935645896 saw radiation_level.Green
2026-01-27 19:29:29,111 - varanus - INFO - In state 4934536404935645896 saw inspect.2
2026-01-27 19:29:29,111 - varanus - INFO - UNEXPECTED TRANSITION
2026-01-27 19:29:29,111 - varanus - INFO - Stated alphabet returning bad state i.e. None - saw bad event
2026-01-27 19:29:29,111 - varanus - ERROR - System Violated the Specification with Trace: ['radiation_level.Green', 'radiation_level.Green', 'radiation_level.Green', 'radiation_level.Green', 'radiation_level.Green', 'radiation_level.Green', 'radiation_level.Green', 'radiation_level.Green', 'radiation_level.Green', 'radiation_level.Green', 'radiation_level.Green', 'radiation_level.Green', 'radiation_level.Green', 'radiation_level.Green', 'radiation_level.Green', 'radiation_level.Green', 'radiation_level.Green', 'radiation_level.Green', 'radiation_level.Green', 'radiation_level.Green', 'radiation_level.Green', 'radiation_level.Green', 'radiation_level.Green', 'radiation_level.Green', 'radiation_level.Green', 'radiation_level.Green', 'radiation_level.Green', 'radiation_level.Green', 'radiation_level.Green', 'radiation_level.Green', 'radiation_level.Green', 'radiation_level.Green', 'radiation_level.Green', 'radiation_level.Green', 'radiation_level.Green', 'radiation_level.Green', 'radiation_level.Green', 'radiation_level.Green', 'radiation_level.Green', 'radiation_level.Green', 'radiation_level.Green', 'radiation_level.Green', 'radiation_level.Green', 'radiation_level.Green', 'radiation_level.Green', 'radiation_level.Green', 'radiation_level.Green', 'radiation_level.Green', 'radiation_level.Green', 'radiation_level.Green', 'radiation_level.Green', 'radiation_level.Green', 'radiation_level.Green', 'radiation_level.Green', 'radiation_level.Green', 'radiation_level.Green', 'radiation_level.Green', 'radiation_level.Green', 'radiation_level.Green', 'radiation_level.Green', 'radiation_level.Green', 'radiation_level.Green', 'radiation_level.Green', 'radiation_level.Green', 'radiation_level.Green', 'radiation_level.Green', 'radiation_level.Green', 'radiation_level.Green', 'radiation_level.Green', 'radiation_level.Green', 'radiation_level.Green', 'radiation_level.Green', 'radiation_level.Green', 'move.1', 'radiation_level.Green', 'radiation_level.Green', 'radiation_level.Green', 'radiation_level.Green', 'radiation_level.Green', 'radiation_level.Green', 'radiation_level.Green', 'radiation_level.Green', 'radiation_level.Green', 'radiation_level.Green', 'radiation_level.Green', 'radiation_level.Green', 'radiation_level.Green', 'radiation_level.Green', 'radiation_level.Green', 'radiation_level.Green', 'radiation_level.Green', 'arrived_at.1', 'radiation_level.Green', 'inspect.1', 'radiation_level.Green', 'radiation_level.Green', 'radiation_level.Green', 'inspected.1', 'radiation_level.Green', 'inspect.2']
2026-01-27 19:29:29,112 - varanus - ERROR - The permissible events were: ['radiation_level.Orange', 'radiation_level.Green', 'radiation_level.Red', 'move.5', 'move.4', 'move.3', 'move.2', 'move.1', 'move.0']
2026-01-27 19:29:29,112 - varanus - INFO - Trace file finished with violations
2026-01-27 19:29:29,114 - varanus - INFO - +++ Build Time: 			0.680718183517s +++
2026-01-27 19:29:29,114 - varanus - INFO - +++ Check Time: 			0.0585808753967s +++
2026-01-27 19:29:29,114 - varanus - INFO - +++ Average Transition Time: 	0.000409240722656s (100 events) +++
2026-01-27 19:29:29,114 - varanus - INFO - +++ Total Time: 			0.762501001358s +++
