2026-01-27 19:29:35,672 - varanus - INFO - +++ Testing rover_model_ras_fail_ordering +++
2026-01-27 19:29:35,672 - varanus - INFO - Preprocessing...
2026-01-27 19:29:35,672 - varanus - INFO - Preprocessing: pass
2026-01-27 19:29:35,672 - varanus - INFO - +++ Running Offline +++
2026-01-27 19:29:35,695 - varanus - INFO - Building CSP State Machine. Please Wait
2026-01-27 19:29:35,922 - varanus - INFO - Building CSP State Machine
2026-01-27 19:29:36,088 - varanus - INFO - +++ checking that ROVER_SYSTEM is deterministic with given alphabets +++
2026-01-27 19:29:36,089 - varanus - INFO - +++ starting monitoring against ROVER_SYSTEM +++
2026-01-27 19:29:36,089 - varanus - INFO - +++ Running Offline -- Using State Machine +++
2026-01-27 19:29:36,089 - varanus - INFO - Parsing trace file at: oracles/inspection-rover-ras/trace-json-fail-message-order.txt
2026-01-27 19:29:36,101 - varanus - INFO - Parsed trace file OK
2026-01-27 19:29:36,102 - varanus - INFO - Checking trace file: oracles/inspection-rover-ras/trace-json-fail-message-order.txt
2026-01-27 19:29:36,102 - varanus - INFO - In state 17976143188387390655 saw radiation_level.Green
2026-01-27 19:29:36,102 - varanus - INFO - In state 17976143188387390655 saw radiation_level.Green
2026-01-27 19:29:36,102 - varanus - INFO - In state 17976143188387390655 saw radiation_level.Green
2026-01-27 19:29:36,103 - varanus - INFO - In state 17976143188387390655 saw radiation_level.Green
2026-01-27 19:29:36,103 - varanus - INFO - In state 17976143188387390655 saw radiation_level.Green
2026-01-27 19:29:36,103 - varanus - INFO - In state 17976143188387390655 saw radiation_level.Green
2026-01-27 19:29:36,103 - varanus - INFO - In state 17976143188387390655 saw radiation_level.Green
2026-01-27 19:29:36,104 - varanus - INFO - In state 17976143188387390655 saw radiation_level.Green
2026-01-27 19:29:36,104 - varanus - INFO - In state 17976143188387390655 saw radiation_level.Green
2026-01-27 19:29:36,104 - varanus - INFO - In state 17976143188387390655 saw radiation_level.Green
2026-01-27 19:29:36,105 - varanus - INFO - In state 17976143188387390655 saw radiation_level.Green
2026-01-27 19:29:36,105 - varanus - INFO - In state 17976143188387390655 saw radiation_level.Green
2026-01-27 19:29:36,105 - varanus - INFO - In state 17976143188387390655 saw radiation_level.Green
2026-01-27 19:29:36,106 - varanus - INFO - In state 17976143188387390655 saw radiation_level.Green
2026-01-27 19:29:36,106 - varanus - INFO - In state 17976143188387390655 saw radiation_level.Green
2026-01-27 19:29:36,106 - varanus - INFO - In state 17976143188387390655 saw radiation_level.Green
2026-01-27 19:29:36,107 - varanus - INFO - In state 17976143188387390655 saw radiation_level.Green
2026-01-27 19:29:36,107 - varanus - INFO - In state 17976143188387390655 saw radiation_level.Green
2026-01-27 19:29:36,108 - varanus - INFO - In state 17976143188387390655 saw radiation_level.Green
2026-01-27 19:29:36,108 - varanus - INFO - In state 17976143188387390655 saw radiation_level.Green
2026-01-27 19:29:36,108 - varanus - INFO - In state 17976143188387390655 saw radiation_level.Green
2026-01-27 19:29:36,109 - varanus - INFO - In state 17976143188387390655 saw radiation_level.Green
2026-01-27 19:29:36,109 - varanus - INFO - In state 17976143188387390655 saw radiation_level.Green
2026-01-27 19:29:36,110 - varanus - INFO - In state 17976143188387390655 saw radiation_level.Green
2026-01-27 19:29:36,110 - varanus - INFO - In state 17976143188387390655 saw radiation_level.Green
2026-01-27 19:29:36,111 - varanus - INFO - In state 17976143188387390655 saw radiation_level.Green
2026-01-27 19:29:36,111 - varanus - INFO - In state 17976143188387390655 saw radiation_level.Green
2026-01-27 19:29:36,111 - varanus - INFO - In state 17976143188387390655 saw radiation_level.Green
2026-01-27 19:29:36,112 - varanus - INFO - In state 17976143188387390655 saw radiation_level.Green
2026-01-27 19:29:36,112 - varanus - INFO - In state 17976143188387390655 saw radiation_level.Green
2026-01-27 19:29:36,112 - varanus - INFO - In state 17976143188387390655 saw radiation_level.Green
2026-01-27 19:29:36,113 - varanus - INFO - In state 17976143188387390655 saw radiation_level.Green
2026-01-27 19:29:36,113 - varanus - INFO - In state 17976143188387390655 saw radiation_level.Green
2026-01-27 19:29:36,114 - varanus - INFO - In state 17976143188387390655 saw radiation_level.Green
2026-01-27 19:29:36,114 - varanus - INFO - In state 17976143188387390655 saw radiation_level.Green
2026-01-27 19:29:36,114 - varanus - INFO - In state 17976143188387390655 saw radiation_level.Green
2026-01-27 19:29:36,115 - varanus - INFO - In state 17976143188387390655 saw radiation_level.Green
2026-01-27 19:29:36,115 - varanus - INFO - In state 17976143188387390655 saw radiation_level.Green
2026-01-27 19:29:36,116 - varanus - INFO - In state 17976143188387390655 saw radiation_level.Green
2026-01-27 19:29:36,116 - varanus - INFO - In state 17976143188387390655 saw radiation_level.Green
2026-01-27 19:29:36,116 - varanus - INFO - In state 17976143188387390655 saw radiation_level.Green
2026-01-27 19:29:36,117 - varanus - INFO - In state 17976143188387390655 saw radiation_level.Green
2026-01-27 19:29:36,117 - varanus - INFO - In state 17976143188387390655 saw radiation_level.Green
2026-01-27 19:29:36,118 - varanus - INFO - In state 17976143188387390655 saw radiation_level.Green
2026-01-27 19:29:36,118 - varanus - INFO - In state 17976143188387390655 saw radiation_level.Green
2026-01-27 19:29:36,118 - varanus - INFO - In state 17976143188387390655 saw radiation_level.Green
2026-01-27 19:29:36,119 - varanus - INFO - In state 17976143188387390655 saw radiation_level.Green
2026-01-27 19:29:36,119 - varanus - INFO - In state 17976143188387390655 saw radiation_level.Green
2026-01-27 19:29:36,120 - varanus - INFO - In state 17976143188387390655 saw radiation_level.Green
2026-01-27 19:29:36,120 - varanus - INFO - In state 17976143188387390655 saw radiation_level.Green
2026-01-27 19:29:36,120 - varanus - INFO - In state 17976143188387390655 saw radiation_level.Green
2026-01-27 19:29:36,121 - varanus - INFO - In state 17976143188387390655 saw radiation_level.Green
2026-01-27 19:29:36,121 - varanus - INFO - In state 17976143188387390655 saw radiation_level.Green
2026-01-27 19:29:36,121 - varanus - INFO - In state 17976143188387390655 saw radiation_level.Green
2026-01-27 19:29:36,122 - varanus - INFO - In state 17976143188387390655 saw radiation_level.Green
2026-01-27 19:29:36,122 - varanus - INFO - In state 17976143188387390655 saw radiation_level.Green
2026-01-27 19:29:36,123 - varanus - INFO - In state 17976143188387390655 saw radiation_level.Green
2026-01-27 19:29:36,123 - varanus - INFO - In state 17976143188387390655 saw radiation_level.Green
2026-01-27 19:29:36,123 - varanus - INFO - In state 17976143188387390655 saw radiation_level.Green
2026-01-27 19:29:36,124 - varanus - INFO - In state 17976143188387390655 saw radiation_level.Green
2026-01-27 19:29:36,124 - varanus - INFO - In state 17976143188387390655 saw radiation_level.Green
2026-01-27 19:29:36,125 - varanus - INFO - In state 17976143188387390655 saw radiation_level.Green
2026-01-27 19:29:36,125 - varanus - INFO - In state 17976143188387390655 saw radiation_level.Green
2026-01-27 19:29:36,126 - varanus - INFO - In state 17976143188387390655 saw radiation_level.Green
2026-01-27 19:29:36,126 - varanus - INFO - In state 17976143188387390655 saw radiation_level.Green
2026-01-27 19:29:36,126 - varanus - INFO - In state 17976143188387390655 saw radiation_level.Green
2026-01-27 19:29:36,127 - varanus - INFO - In state 17976143188387390655 saw radiation_level.Green
2026-01-27 19:29:36,127 - varanus - INFO - In state 17976143188387390655 saw radiation_level.Green
2026-01-27 19:29:36,128 - varanus - INFO - In state 17976143188387390655 saw radiation_level.Green
2026-01-27 19:29:36,128 - varanus - INFO - In state 17976143188387390655 saw radiation_level.Green
2026-01-27 19:29:36,128 - varanus - INFO - In state 17976143188387390655 saw radiation_level.Green
2026-01-27 19:29:36,129 - varanus - INFO - In state 17976143188387390655 saw radiation_level.Green
2026-01-27 19:29:36,129 - varanus - INFO - In state 17976143188387390655 saw radiation_level.Green
2026-01-27 19:29:36,130 - varanus - INFO - In state 17976143188387390655 saw move.1
2026-01-27 19:29:36,130 - varanus - INFO - In state 2681491882390849628 saw radiation_level.Green
2026-01-27 19:29:36,130 - varanus - INFO - In state 2681491882390849628 saw radiation_level.Green
2026-01-27 19:29:36,131 - varanus - INFO - In state 2681491882390849628 saw radiation_level.Green
2026-01-27 19:29:36,131 - varanus - INFO - In state 2681491882390849628 saw radiation_level.Green
2026-01-27 19:29:36,132 - varanus - INFO - In state 2681491882390849628 saw radiation_level.Green
2026-01-27 19:29:36,132 - varanus - INFO - In state 2681491882390849628 saw radiation_level.Green
2026-01-27 19:29:36,132 - varanus - INFO - In state 2681491882390849628 saw radiation_level.Green
2026-01-27 19:29:36,133 - varanus - INFO - In state 2681491882390849628 saw radiation_level.Green
2026-01-27 19:29:36,133 - varanus - INFO - In state 2681491882390849628 saw radiation_level.Green
2026-01-27 19:29:36,134 - varanus - INFO - In state 2681491882390849628 saw radiation_level.Green
2026-01-27 19:29:36,134 - varanus - INFO - In state 2681491882390849628 saw radiation_level.Green
2026-01-27 19:29:36,134 - varanus - INFO - In state 2681491882390849628 saw radiation_level.Green
2026-01-27 19:29:36,135 - varanus - INFO - In state 2681491882390849628 saw radiation_level.Green
2026-01-27 19:29:36,135 - varanus - INFO - In state 2681491882390849628 saw radiation_level.Green
2026-01-27 19:29:36,136 - varanus - INFO - In state 2681491882390849628 saw radiation_level.Green
2026-01-27 19:29:36,136 - varanus - INFO - In state 2681491882390849628 saw radiation_level.Green
2026-01-27 19:29:36,136 - varanus - INFO - In state 2681491882390849628 saw radiation_level.Green
2026-01-27 19:29:36,137 - varanus - INFO - In state 2681491882390849628 saw arrived_at.1
2026-01-27 19:29:36,137 - varanus - INFO - In state 4838965131539084411 saw radiation_level.Green
2026-01-27 19:29:36,138 - varanus - INFO - In state 4838965131539084411 saw inspect.1
2026-01-27 19:29:36,138 - varanus - INFO - In state 15366558349166237975 saw radiation_level.Green
2026-01-27 19:29:36,141 - varanus - INFO - In state 15366558349166237975 saw radiation_level.Green
2026-01-27 19:29:36,141 - varanus - INFO - In state 15366558349166237975 saw radiation_level.Green
2026-01-27 19:29:36,141 - varanus - INFO - In state 15366558349166237975 saw inspected.1
2026-01-27 19:29:36,142 - varanus - INFO - In state 4934536404935645896 saw radiation_level.Green
2026-01-27 19:29:36,142 - varanus - INFO - In state 4934536404935645896 saw inspect.2
2026-01-27 19:29:36,142 - varanus - INFO - UNEXPECTED TRANSITION
2026-01-27 19:29:36,143 - varanus - INFO - Stated alphabet returning bad state i.e. None - saw bad event
2026-01-27 19:29:36,143 - varanus - ERROR - System Violated the Specification with Trace: ['radiation_level.Green', 'radiation_level.Green', 'radiation_level.Green', 'radiation_level.Green', 'radiation_level.Green', 'radiation_level.Green', 'radiation_level.Green', 'radiation_level.Green', 'radiation_level.Green', 'radiation_level.Green', 'radiation_level.Green', 'radiation_level.Green', 'radiation_level.Green', 'radiation_level.Green', 'radiation_level.Green', 'radiation_level.Green', 'radiation_level.Green', 'radiation_level.Green', 'radiation_level.Green', 'radiation_level.Green', 'radiation_level.Green', 'radiation_level.Green', 'radiation_level.Green', 'radiation_level.Green', 'radiation_level.Green', 'radiation_level.Green', 'radiation_level.Green', 'radiation_level.Green', 'radiation_level.Green', 'radiation_level.Green', 'radiation_level.Green', 'radiation_level.Green', 'radiation_level.Green', 'radiation_level.Green', 'radiation_level.Green', 'radiation_level.Green', 'radiation_level.Green', 'radiation_level.Green', 'radiation_level.Green', 'radiation_level.Green', 'radiation_level.Green', 'radiation_level.Green', 'radiation_level.Green', 'radiation_level.Green', 'radiation_level.Green', 'radiation_level.Green', 'radiation_level.Green', 'radiation_level.Green', 'radiation_level.Green', 'radiation_level.Green', 'radiation_level.Green', 'radiation_level.Green', 'radiation_level.Green', 'radiation_level.Green', 'radiation_level.Green', 'radiation_level.Green', 'radiation_level.Green', 'radiation_level.Green', 'radiation_level.Green', 'radiation_level.Green', 'radiation_level.Green', 'radiation_level.Green', 'radiation_level.Green', 'radiation_level.Green', 'radiation_level.Green', 'radiation_level.Green', 'radiation_level.Green', 'radiation_level.Green', 'radiation_level.Green', 'radiation_level.Green', 'radiation_level.Green', 'radiation_level.Green', 'radiation_level.Green', 'move.1', 'radiation_level.Green', 'radiation_level.Green', 'radiation_level.Green', 'radiation_level.Green', 'radiation_level.Green', 'radiation_level.Green', 'radiation_level.Green', 'radiation_level.Green', 'radiation_level.Green', 'radiation_level.Green', 'radiation_level.Green', 'radiation_level.Green', 'radiation_level.Green', 'radiation_level.Green', 'radiation_level.Green', 'radiation_level.Green', 'radiation_level.Green', 'arrived_at.1', 'radiation_level.Green', 'inspect.1', 'radiation_level.Green', 'radiation_level.Green', 'radiation_level.Green', 'inspected.1', 'radiation_level.Green', 'inspect.2']
2026-01-27 19:29:36,143 - varanus - ERROR - The permissible events were: ['radiation_level.Orange', 'move.3', 'radiation_level.Red', 'move.5', 'move.4', 'radiation_level.Green', 'move.2', 'move.1', 'move.0']
2026-01-27 19:29:36,143 - varanus - INFO - Trace file finished with violations
2026-01-27 19:29:36,145 - varanus - INFO - +++ Build Time: 			0.393728017807s +++
2026-01-27 19:29:36,145 - varanus - INFO - +++ Check Time: 			0.0547411441803s +++
2026-01-27 19:29:36,145 - varanus - INFO - +++ Average Transition Time: 	0.000410192012787s (100 events) +++
2026-01-27 19:29:36,146 - varanus - INFO - +++ Total Time: 			0.47145819664s +++
