2026-01-27 19:29:25,257 - varanus - INFO - +++ Testing rover_model_ras_fail_ordering +++
2026-01-27 19:29:25,257 - varanus - INFO - Preprocessing...
2026-01-27 19:29:25,257 - varanus - INFO - Preprocessing: pass
2026-01-27 19:29:25,257 - varanus - INFO - +++ Running Offline +++
2026-01-27 19:29:25,280 - varanus - INFO - Building CSP State Machine. Please Wait
2026-01-27 19:29:25,516 - varanus - INFO - Building CSP State Machine
2026-01-27 19:29:25,699 - varanus - INFO - +++ checking that ROVER_SYSTEM is deterministic with given alphabets +++
2026-01-27 19:29:25,699 - varanus - INFO - +++ starting monitoring against ROVER_SYSTEM +++
2026-01-27 19:29:25,699 - varanus - INFO - +++ Running Offline -- Using State Machine +++
2026-01-27 19:29:25,699 - varanus - INFO - Parsing trace file at: oracles/inspection-rover-ras/trace-json-fail-message-order.txt
2026-01-27 19:29:25,711 - varanus - INFO - Parsed trace file OK
2026-01-27 19:29:25,712 - varanus - INFO - Checking trace file: oracles/inspection-rover-ras/trace-json-fail-message-order.txt
2026-01-27 19:29:25,712 - varanus - INFO - In state 17976143188387390655 saw radiation_level.Green
2026-01-27 19:29:25,712 - varanus - INFO - In state 17976143188387390655 saw radiation_level.Green
2026-01-27 19:29:25,712 - varanus - INFO - In state 17976143188387390655 saw radiation_level.Green
2026-01-27 19:29:25,713 - varanus - INFO - In state 17976143188387390655 saw radiation_level.Green
2026-01-27 19:29:25,713 - varanus - INFO - In state 17976143188387390655 saw radiation_level.Green
2026-01-27 19:29:25,713 - varanus - INFO - In state 17976143188387390655 saw radiation_level.Green
2026-01-27 19:29:25,713 - varanus - INFO - In state 17976143188387390655 saw radiation_level.Green
2026-01-27 19:29:25,714 - varanus - INFO - In state 17976143188387390655 saw radiation_level.Green
2026-01-27 19:29:25,714 - varanus - INFO - In state 17976143188387390655 saw radiation_level.Green
2026-01-27 19:29:25,714 - varanus - INFO - In state 17976143188387390655 saw radiation_level.Green
2026-01-27 19:29:25,714 - varanus - INFO - In state 17976143188387390655 saw radiation_level.Green
2026-01-27 19:29:25,714 - varanus - INFO - In state 17976143188387390655 saw radiation_level.Green
2026-01-27 19:29:25,715 - varanus - INFO - In state 17976143188387390655 saw radiation_level.Green
2026-01-27 19:29:25,715 - varanus - INFO - In state 17976143188387390655 saw radiation_level.Green
2026-01-27 19:29:25,715 - varanus - INFO - In state 17976143188387390655 saw radiation_level.Green
2026-01-27 19:29:25,715 - varanus - INFO - In state 17976143188387390655 saw radiation_level.Green
2026-01-27 19:29:25,716 - varanus - INFO - In state 17976143188387390655 saw radiation_level.Green
2026-01-27 19:29:25,716 - varanus - INFO - In state 17976143188387390655 saw radiation_level.Green
2026-01-27 19:29:25,716 - varanus - INFO - In state 17976143188387390655 saw radiation_level.Green
2026-01-27 19:29:25,716 - varanus - INFO - In state 17976143188387390655 saw radiation_level.Green
2026-01-27 19:29:25,717 - varanus - INFO - In state 17976143188387390655 saw radiation_level.Green
2026-01-27 19:29:25,717 - varanus - INFO - In state 17976143188387390655 saw radiation_level.Green
2026-01-27 19:29:25,717 - varanus - INFO - In state 17976143188387390655 saw radiation_level.Green
2026-01-27 19:29:25,717 - varanus - INFO - In state 17976143188387390655 saw radiation_level.Green
2026-01-27 19:29:25,718 - varanus - INFO - In state 17976143188387390655 saw radiation_level.Green
2026-01-27 19:29:25,718 - varanus - INFO - In state 17976143188387390655 saw radiation_level.Green
2026-01-27 19:29:25,718 - varanus - INFO - In state 17976143188387390655 saw radiation_level.Green
2026-01-27 19:29:25,718 - varanus - INFO - In state 17976143188387390655 saw radiation_level.Green
2026-01-27 19:29:25,719 - varanus - INFO - In state 17976143188387390655 saw radiation_level.Green
2026-01-27 19:29:25,719 - varanus - INFO - In state 17976143188387390655 saw radiation_level.Green
2026-01-27 19:29:25,719 - varanus - INFO - In state 17976143188387390655 saw radiation_level.Green
2026-01-27 19:29:25,719 - varanus - INFO - In state 17976143188387390655 saw radiation_level.Green
2026-01-27 19:29:25,720 - varanus - INFO - In state 17976143188387390655 saw radiation_level.Green
2026-01-27 19:29:25,720 - varanus - INFO - In state 17976143188387390655 saw radiation_level.Green
2026-01-27 19:29:25,720 - varanus - INFO - In state 17976143188387390655 saw radiation_level.Green
2026-01-27 19:29:25,720 - varanus - INFO - In state 17976143188387390655 saw radiation_level.Green
2026-01-27 19:29:25,721 - varanus - INFO - In state 17976143188387390655 saw radiation_level.Green
2026-01-27 19:29:25,721 - varanus - INFO - In state 17976143188387390655 saw radiation_level.Green
2026-01-27 19:29:25,721 - varanus - INFO - In state 17976143188387390655 saw radiation_level.Green
2026-01-27 19:29:25,721 - varanus - INFO - In state 17976143188387390655 saw radiation_level.Green
2026-01-27 19:29:25,722 - varanus - INFO - In state 17976143188387390655 saw radiation_level.Green
2026-01-27 19:29:25,722 - varanus - INFO - In state 17976143188387390655 saw radiation_level.Green
2026-01-27 19:29:25,722 - varanus - INFO - In state 17976143188387390655 saw radiation_level.Green
2026-01-27 19:29:25,722 - varanus - INFO - In state 17976143188387390655 saw radiation_level.Green
2026-01-27 19:29:25,722 - varanus - INFO - In state 17976143188387390655 saw radiation_level.Green
2026-01-27 19:29:25,723 - varanus - INFO - In state 17976143188387390655 saw radiation_level.Green
2026-01-27 19:29:25,723 - varanus - INFO - In state 17976143188387390655 saw radiation_level.Green
2026-01-27 19:29:25,723 - varanus - INFO - In state 17976143188387390655 saw radiation_level.Green
2026-01-27 19:29:25,723 - varanus - INFO - In state 17976143188387390655 saw radiation_level.Green
2026-01-27 19:29:25,724 - varanus - INFO - In state 17976143188387390655 saw radiation_level.Green
2026-01-27 19:29:25,724 - varanus - INFO - In state 17976143188387390655 saw radiation_level.Green
2026-01-27 19:29:25,724 - varanus - INFO - In state 17976143188387390655 saw radiation_level.Green
2026-01-27 19:29:25,724 - varanus - INFO - In state 17976143188387390655 saw radiation_level.Green
2026-01-27 19:29:25,725 - varanus - INFO - In state 17976143188387390655 saw radiation_level.Green
2026-01-27 19:29:25,725 - varanus - INFO - In state 17976143188387390655 saw radiation_level.Green
2026-01-27 19:29:25,725 - varanus - INFO - In state 17976143188387390655 saw radiation_level.Green
2026-01-27 19:29:25,725 - varanus - INFO - In state 17976143188387390655 saw radiation_level.Green
2026-01-27 19:29:25,726 - varanus - INFO - In state 17976143188387390655 saw radiation_level.Green
2026-01-27 19:29:25,726 - varanus - INFO - In state 17976143188387390655 saw radiation_level.Green
2026-01-27 19:29:25,726 - varanus - INFO - In state 17976143188387390655 saw radiation_level.Green
2026-01-27 19:29:25,726 - varanus - INFO - In state 17976143188387390655 saw radiation_level.Green
2026-01-27 19:29:25,727 - varanus - INFO - In state 17976143188387390655 saw radiation_level.Green
2026-01-27 19:29:25,727 - varanus - INFO - In state 17976143188387390655 saw radiation_level.Green
2026-01-27 19:29:25,727 - varanus - INFO - In state 17976143188387390655 saw radiation_level.Green
2026-01-27 19:29:25,727 - varanus - INFO - In state 17976143188387390655 saw radiation_level.Green
2026-01-27 19:29:25,728 - varanus - INFO - In state 17976143188387390655 saw radiation_level.Green
2026-01-27 19:29:25,728 - varanus - INFO - In state 17976143188387390655 saw radiation_level.Green
2026-01-27 19:29:25,728 - varanus - INFO - In state 17976143188387390655 saw radiation_level.Green
2026-01-27 19:29:25,729 - varanus - INFO - In state 17976143188387390655 saw radiation_level.Green
2026-01-27 19:29:25,729 - varanus - INFO - In state 17976143188387390655 saw radiation_level.Green
2026-01-27 19:29:25,729 - varanus - INFO - In state 17976143188387390655 saw radiation_level.Green
2026-01-27 19:29:25,730 - varanus - INFO - In state 17976143188387390655 saw radiation_level.Green
2026-01-27 19:29:25,730 - varanus - INFO - In state 17976143188387390655 saw radiation_level.Green
2026-01-27 19:29:25,731 - varanus - INFO - In state 17976143188387390655 saw move.1
2026-01-27 19:29:25,731 - varanus - INFO - In state 2681491882390849628 saw radiation_level.Green
2026-01-27 19:29:25,731 - varanus - INFO - In state 2681491882390849628 saw radiation_level.Green
2026-01-27 19:29:25,732 - varanus - INFO - In state 2681491882390849628 saw radiation_level.Green
2026-01-27 19:29:25,732 - varanus - INFO - In state 2681491882390849628 saw radiation_level.Green
2026-01-27 19:29:25,732 - varanus - INFO - In state 2681491882390849628 saw radiation_level.Green
2026-01-27 19:29:25,733 - varanus - INFO - In state 2681491882390849628 saw radiation_level.Green
2026-01-27 19:29:25,733 - varanus - INFO - In state 2681491882390849628 saw radiation_level.Green
2026-01-27 19:29:25,733 - varanus - INFO - In state 2681491882390849628 saw radiation_level.Green
2026-01-27 19:29:25,733 - varanus - INFO - In state 2681491882390849628 saw radiation_level.Green
2026-01-27 19:29:25,734 - varanus - INFO - In state 2681491882390849628 saw radiation_level.Green
2026-01-27 19:29:25,734 - varanus - INFO - In state 2681491882390849628 saw radiation_level.Green
2026-01-27 19:29:25,734 - varanus - INFO - In state 2681491882390849628 saw radiation_level.Green
2026-01-27 19:29:25,735 - varanus - INFO - In state 2681491882390849628 saw radiation_level.Green
2026-01-27 19:29:25,735 - varanus - INFO - In state 2681491882390849628 saw radiation_level.Green
2026-01-27 19:29:25,735 - varanus - INFO - In state 2681491882390849628 saw radiation_level.Green
2026-01-27 19:29:25,735 - varanus - INFO - In state 2681491882390849628 saw radiation_level.Green
2026-01-27 19:29:25,736 - varanus - INFO - In state 2681491882390849628 saw radiation_level.Green
2026-01-27 19:29:25,736 - varanus - INFO - In state 2681491882390849628 saw arrived_at.1
2026-01-27 19:29:25,736 - varanus - INFO - In state 4838965131539084411 saw radiation_level.Green
2026-01-27 19:29:25,736 - varanus - INFO - In state 4838965131539084411 saw inspect.1
2026-01-27 19:29:25,736 - varanus - INFO - In state 15366558349166237975 saw radiation_level.Green
2026-01-27 19:29:25,737 - varanus - INFO - In state 15366558349166237975 saw radiation_level.Green
2026-01-27 19:29:25,737 - varanus - INFO - In state 15366558349166237975 saw radiation_level.Green
2026-01-27 19:29:25,737 - varanus - INFO - In state 15366558349166237975 saw inspected.1
2026-01-27 19:29:25,737 - varanus - INFO - In state 4934536404935645896 saw radiation_level.Green
2026-01-27 19:29:25,738 - varanus - INFO - In state 4934536404935645896 saw inspect.2
2026-01-27 19:29:25,738 - varanus - INFO - UNEXPECTED TRANSITION
2026-01-27 19:29:25,738 - varanus - INFO - Stated alphabet returning bad state i.e. None - saw bad event
2026-01-27 19:29:25,738 - varanus - ERROR - System Violated the Specification with Trace: ['radiation_level.Green', 'radiation_level.Green', 'radiation_level.Green', 'radiation_level.Green', 'radiation_level.Green', 'radiation_level.Green', 'radiation_level.Green', 'radiation_level.Green', 'radiation_level.Green', 'radiation_level.Green', 'radiation_level.Green', 'radiation_level.Green', 'radiation_level.Green', 'radiation_level.Green', 'radiation_level.Green', 'radiation_level.Green', 'radiation_level.Green', 'radiation_level.Green', 'radiation_level.Green', 'radiation_level.Green', 'radiation_level.Green', 'radiation_level.Green', 'radiation_level.Green', 'radiation_level.Green', 'radiation_level.Green', 'radiation_level.Green', 'radiation_level.Green', 'radiation_level.Green', 'radiation_level.Green', 'radiation_level.Green', 'radiation_level.Green', 'radiation_level.Green', 'radiation_level.Green', 'radiation_level.Green', 'radiation_level.Green', 'radiation_level.Green', 'radiation_level.Green', 'radiation_level.Green', 'radiation_level.Green', 'radiation_level.Green', 'radiation_level.Green', 'radiation_level.Green', 'radiation_level.Green', 'radiation_level.Green', 'radiation_level.Green', 'radiation_level.Green', 'radiation_level.Green', 'radiation_level.Green', 'radiation_level.Green', 'radiation_level.Green', 'radiation_level.Green', 'radiation_level.Green', 'radiation_level.Green', 'radiation_level.Green', 'radiation_level.Green', 'radiation_level.Green', 'radiation_level.Green', 'radiation_level.Green', 'radiation_level.Green', 'radiation_level.Green', 'radiation_level.Green', 'radiation_level.Green', 'radiation_level.Green', 'radiation_level.Green', 'radiation_level.Green', 'radiation_level.Green', 'radiation_level.Green', 'radiation_level.Green', 'radiation_level.Green', 'radiation_level.Green', 'radiation_level.Green', 'radiation_level.Green', 'radiation_level.Green', 'move.1', 'radiation_level.Green', 'radiation_level.Green', 'radiation_level.Green', 'radiation_level.Green', 'radiation_level.Green', 'radiation_level.Green', 'radiation_level.Green', 'radiation_level.Green', 'radiation_level.Green', 'radiation_level.Green', 'radiation_level.Green', 'radiation_level.Green', 'radiation_level.Green', 'radiation_level.Green', 'radiation_level.Green', 'radiation_level.Green', 'radiation_level.Green', 'arrived_at.1', 'radiation_level.Green', 'inspect.1', 'radiation_level.Green', 'radiation_level.Green', 'radiation_level.Green', 'inspected.1', 'radiation_level.Green', 'inspect.2']
2026-01-27 19:29:25,738 - varanus - ERROR - The permissible events were: ['radiation_level.Orange', 'radiation_level.Green', 'radiation_level.Red', 'move.5', 'move.4', 'move.3', 'move.2', 'move.1', 'move.0']
2026-01-27 19:29:25,738 - varanus - INFO - Trace file finished with violations
2026-01-27 19:29:25,740 - varanus - INFO - +++ Build Time: 			0.418904066086s +++
2026-01-27 19:29:25,740 - varanus - INFO - +++ Check Time: 			0.0392079353333s +++
2026-01-27 19:29:25,740 - varanus - INFO - +++ Average Transition Time: 	0.000262749195099s (100 events) +++
2026-01-27 19:29:25,740 - varanus - INFO - +++ Total Time: 			0.481218099594s +++
