2026-01-27 19:29:26,774 - varanus - INFO - +++ Testing rover_model_ras_fail_ordering +++
2026-01-27 19:29:26,774 - varanus - INFO - Preprocessing...
2026-01-27 19:29:26,774 - varanus - INFO - Preprocessing: pass
2026-01-27 19:29:26,774 - varanus - INFO - +++ Running Offline +++
2026-01-27 19:29:26,796 - varanus - INFO - Building CSP State Machine. Please Wait
2026-01-27 19:29:27,192 - varanus - INFO - Building CSP State Machine
2026-01-27 19:29:27,408 - varanus - INFO - +++ checking that ROVER_SYSTEM is deterministic with given alphabets +++
2026-01-27 19:29:27,409 - varanus - INFO - +++ starting monitoring against ROVER_SYSTEM +++
2026-01-27 19:29:27,409 - varanus - INFO - +++ Running Offline -- Using State Machine +++
2026-01-27 19:29:27,409 - varanus - INFO - Parsing trace file at: oracles/inspection-rover-ras/trace-json-fail-message-order.txt
2026-01-27 19:29:27,421 - varanus - INFO - Parsed trace file OK
2026-01-27 19:29:27,421 - varanus - INFO - Checking trace file: oracles/inspection-rover-ras/trace-json-fail-message-order.txt
2026-01-27 19:29:27,421 - varanus - INFO - In state 17976143188387390655 saw radiation_level.Green
2026-01-27 19:29:27,422 - varanus - INFO - In state 17976143188387390655 saw radiation_level.Green
2026-01-27 19:29:27,422 - varanus - INFO - In state 17976143188387390655 saw radiation_level.Green
2026-01-27 19:29:27,422 - varanus - INFO - In state 17976143188387390655 saw radiation_level.Green
2026-01-27 19:29:27,423 - varanus - INFO - In state 17976143188387390655 saw radiation_level.Green
2026-01-27 19:29:27,423 - varanus - INFO - In state 17976143188387390655 saw radiation_level.Green
2026-01-27 19:29:27,423 - varanus - INFO - In state 17976143188387390655 saw radiation_level.Green
2026-01-27 19:29:27,423 - varanus - INFO - In state 17976143188387390655 saw radiation_level.Green
2026-01-27 19:29:27,424 - varanus - INFO - In state 17976143188387390655 saw radiation_level.Green
2026-01-27 19:29:27,424 - varanus - INFO - In state 17976143188387390655 saw radiation_level.Green
2026-01-27 19:29:27,424 - varanus - INFO - In state 17976143188387390655 saw radiation_level.Green
2026-01-27 19:29:27,424 - varanus - INFO - In state 17976143188387390655 saw radiation_level.Green
2026-01-27 19:29:27,424 - varanus - INFO - In state 17976143188387390655 saw radiation_level.Green
2026-01-27 19:29:27,425 - varanus - INFO - In state 17976143188387390655 saw radiation_level.Green
2026-01-27 19:29:27,425 - varanus - INFO - In state 17976143188387390655 saw radiation_level.Green
2026-01-27 19:29:27,425 - varanus - INFO - In state 17976143188387390655 saw radiation_level.Green
2026-01-27 19:29:27,425 - varanus - INFO - In state 17976143188387390655 saw radiation_level.Green
2026-01-27 19:29:27,426 - varanus - INFO - In state 17976143188387390655 saw radiation_level.Green
2026-01-27 19:29:27,426 - varanus - INFO - In state 17976143188387390655 saw radiation_level.Green
2026-01-27 19:29:27,426 - varanus - INFO - In state 17976143188387390655 saw radiation_level.Green
2026-01-27 19:29:27,426 - varanus - INFO - In state 17976143188387390655 saw radiation_level.Green
2026-01-27 19:29:27,427 - varanus - INFO - In state 17976143188387390655 saw radiation_level.Green
2026-01-27 19:29:27,427 - varanus - INFO - In state 17976143188387390655 saw radiation_level.Green
2026-01-27 19:29:27,427 - varanus - INFO - In state 17976143188387390655 saw radiation_level.Green
2026-01-27 19:29:27,427 - varanus - INFO - In state 17976143188387390655 saw radiation_level.Green
2026-01-27 19:29:27,428 - varanus - INFO - In state 17976143188387390655 saw radiation_level.Green
2026-01-27 19:29:27,428 - varanus - INFO - In state 17976143188387390655 saw radiation_level.Green
2026-01-27 19:29:27,429 - varanus - INFO - In state 17976143188387390655 saw radiation_level.Green
2026-01-27 19:29:27,429 - varanus - INFO - In state 17976143188387390655 saw radiation_level.Green
2026-01-27 19:29:27,429 - varanus - INFO - In state 17976143188387390655 saw radiation_level.Green
2026-01-27 19:29:27,430 - varanus - INFO - In state 17976143188387390655 saw radiation_level.Green
2026-01-27 19:29:27,430 - varanus - INFO - In state 17976143188387390655 saw radiation_level.Green
2026-01-27 19:29:27,430 - varanus - INFO - In state 17976143188387390655 saw radiation_level.Green
2026-01-27 19:29:27,431 - varanus - INFO - In state 17976143188387390655 saw radiation_level.Green
2026-01-27 19:29:27,431 - varanus - INFO - In state 17976143188387390655 saw radiation_level.Green
2026-01-27 19:29:27,432 - varanus - INFO - In state 17976143188387390655 saw radiation_level.Green
2026-01-27 19:29:27,432 - varanus - INFO - In state 17976143188387390655 saw radiation_level.Green
2026-01-27 19:29:27,432 - varanus - INFO - In state 17976143188387390655 saw radiation_level.Green
2026-01-27 19:29:27,433 - varanus - INFO - In state 17976143188387390655 saw radiation_level.Green
2026-01-27 19:29:27,433 - varanus - INFO - In state 17976143188387390655 saw radiation_level.Green
2026-01-27 19:29:27,434 - varanus - INFO - In state 17976143188387390655 saw radiation_level.Green
2026-01-27 19:29:27,434 - varanus - INFO - In state 17976143188387390655 saw radiation_level.Green
2026-01-27 19:29:27,434 - varanus - INFO - In state 17976143188387390655 saw radiation_level.Green
2026-01-27 19:29:27,435 - varanus - INFO - In state 17976143188387390655 saw radiation_level.Green
2026-01-27 19:29:27,435 - varanus - INFO - In state 17976143188387390655 saw radiation_level.Green
2026-01-27 19:29:27,436 - varanus - INFO - In state 17976143188387390655 saw radiation_level.Green
2026-01-27 19:29:27,436 - varanus - INFO - In state 17976143188387390655 saw radiation_level.Green
2026-01-27 19:29:27,436 - varanus - INFO - In state 17976143188387390655 saw radiation_level.Green
2026-01-27 19:29:27,437 - varanus - INFO - In state 17976143188387390655 saw radiation_level.Green
2026-01-27 19:29:27,437 - varanus - INFO - In state 17976143188387390655 saw radiation_level.Green
2026-01-27 19:29:27,438 - varanus - INFO - In state 17976143188387390655 saw radiation_level.Green
2026-01-27 19:29:27,438 - varanus - INFO - In state 17976143188387390655 saw radiation_level.Green
2026-01-27 19:29:27,438 - varanus - INFO - In state 17976143188387390655 saw radiation_level.Green
2026-01-27 19:29:27,439 - varanus - INFO - In state 17976143188387390655 saw radiation_level.Green
2026-01-27 19:29:27,439 - varanus - INFO - In state 17976143188387390655 saw radiation_level.Green
2026-01-27 19:29:27,440 - varanus - INFO - In state 17976143188387390655 saw radiation_level.Green
2026-01-27 19:29:27,440 - varanus - INFO - In state 17976143188387390655 saw radiation_level.Green
2026-01-27 19:29:27,440 - varanus - INFO - In state 17976143188387390655 saw radiation_level.Green
2026-01-27 19:29:27,441 - varanus - INFO - In state 17976143188387390655 saw radiation_level.Green
2026-01-27 19:29:27,441 - varanus - INFO - In state 17976143188387390655 saw radiation_level.Green
2026-01-27 19:29:27,441 - varanus - INFO - In state 17976143188387390655 saw radiation_level.Green
2026-01-27 19:29:27,442 - varanus - INFO - In state 17976143188387390655 saw radiation_level.Green
2026-01-27 19:29:27,442 - varanus - INFO - In state 17976143188387390655 saw radiation_level.Green
2026-01-27 19:29:27,443 - varanus - INFO - In state 17976143188387390655 saw radiation_level.Green
2026-01-27 19:29:27,443 - varanus - INFO - In state 17976143188387390655 saw radiation_level.Green
2026-01-27 19:29:27,443 - varanus - INFO - In state 17976143188387390655 saw radiation_level.Green
2026-01-27 19:29:27,444 - varanus - INFO - In state 17976143188387390655 saw radiation_level.Green
2026-01-27 19:29:27,444 - varanus - INFO - In state 17976143188387390655 saw radiation_level.Green
2026-01-27 19:29:27,444 - varanus - INFO - In state 17976143188387390655 saw radiation_level.Green
2026-01-27 19:29:27,445 - varanus - INFO - In state 17976143188387390655 saw radiation_level.Green
2026-01-27 19:29:27,445 - varanus - INFO - In state 17976143188387390655 saw radiation_level.Green
2026-01-27 19:29:27,446 - varanus - INFO - In state 17976143188387390655 saw radiation_level.Green
2026-01-27 19:29:27,446 - varanus - INFO - In state 17976143188387390655 saw radiation_level.Green
2026-01-27 19:29:27,446 - varanus - INFO - In state 17976143188387390655 saw move.1
2026-01-27 19:29:27,447 - varanus - INFO - In state 2681491882390849628 saw radiation_level.Green
2026-01-27 19:29:27,447 - varanus - INFO - In state 2681491882390849628 saw radiation_level.Green
2026-01-27 19:29:27,447 - varanus - INFO - In state 2681491882390849628 saw radiation_level.Green
2026-01-27 19:29:27,448 - varanus - INFO - In state 2681491882390849628 saw radiation_level.Green
2026-01-27 19:29:27,448 - varanus - INFO - In state 2681491882390849628 saw radiation_level.Green
2026-01-27 19:29:27,449 - varanus - INFO - In state 2681491882390849628 saw radiation_level.Green
2026-01-27 19:29:27,449 - varanus - INFO - In state 2681491882390849628 saw radiation_level.Green
2026-01-27 19:29:27,449 - varanus - INFO - In state 2681491882390849628 saw radiation_level.Green
2026-01-27 19:29:27,450 - varanus - INFO - In state 2681491882390849628 saw radiation_level.Green
2026-01-27 19:29:27,450 - varanus - INFO - In state 2681491882390849628 saw radiation_level.Green
2026-01-27 19:29:27,451 - varanus - INFO - In state 2681491882390849628 saw radiation_level.Green
2026-01-27 19:29:27,451 - varanus - INFO - In state 2681491882390849628 saw radiation_level.Green
2026-01-27 19:29:27,452 - varanus - INFO - In state 2681491882390849628 saw radiation_level.Green
2026-01-27 19:29:27,452 - varanus - INFO - In state 2681491882390849628 saw radiation_level.Green
2026-01-27 19:29:27,452 - varanus - INFO - In state 2681491882390849628 saw radiation_level.Green
2026-01-27 19:29:27,453 - varanus - INFO - In state 2681491882390849628 saw radiation_level.Green
2026-01-27 19:29:27,453 - varanus - INFO - In state 2681491882390849628 saw radiation_level.Green
2026-01-27 19:29:27,453 - varanus - INFO - In state 2681491882390849628 saw arrived_at.1
2026-01-27 19:29:27,454 - varanus - INFO - In state 4838965131539084411 saw radiation_level.Green
2026-01-27 19:29:27,454 - varanus - INFO - In state 4838965131539084411 saw inspect.1
2026-01-27 19:29:27,455 - varanus - INFO - In state 15366558349166237975 saw radiation_level.Green
2026-01-27 19:29:27,455 - varanus - INFO - In state 15366558349166237975 saw radiation_level.Green
2026-01-27 19:29:27,455 - varanus - INFO - In state 15366558349166237975 saw radiation_level.Green
2026-01-27 19:29:27,456 - varanus - INFO - In state 15366558349166237975 saw inspected.1
2026-01-27 19:29:27,456 - varanus - INFO - In state 4934536404935645896 saw radiation_level.Green
2026-01-27 19:29:27,457 - varanus - INFO - In state 4934536404935645896 saw inspect.2
2026-01-27 19:29:27,457 - varanus - INFO - UNEXPECTED TRANSITION
2026-01-27 19:29:27,457 - varanus - INFO - Stated alphabet returning bad state i.e. None - saw bad event
2026-01-27 19:29:27,457 - varanus - ERROR - System Violated the Specification with Trace: ['radiation_level.Green', 'radiation_level.Green', 'radiation_level.Green', 'radiation_level.Green', 'radiation_level.Green', 'radiation_level.Green', 'radiation_level.Green', 'radiation_level.Green', 'radiation_level.Green', 'radiation_level.Green', 'radiation_level.Green', 'radiation_level.Green', 'radiation_level.Green', 'radiation_level.Green', 'radiation_level.Green', 'radiation_level.Green', 'radiation_level.Green', 'radiation_level.Green', 'radiation_level.Green', 'radiation_level.Green', 'radiation_level.Green', 'radiation_level.Green', 'radiation_level.Green', 'radiation_level.Green', 'radiation_level.Green', 'radiation_level.Green', 'radiation_level.Green', 'radiation_level.Green', 'radiation_level.Green', 'radiation_level.Green', 'radiation_level.Green', 'radiation_level.Green', 'radiation_level.Green', 'radiation_level.Green', 'radiation_level.Green', 'radiation_level.Green', 'radiation_level.Green', 'radiation_level.Green', 'radiation_level.Green', 'radiation_level.Green', 'radiation_level.Green', 'radiation_level.Green', 'radiation_level.Green', 'radiation_level.Green', 'radiation_level.Green', 'radiation_level.Green', 'radiation_level.Green', 'radiation_level.Green', 'radiation_level.Green', 'radiation_level.Green', 'radiation_level.Green', 'radiation_level.Green', 'radiation_level.Green', 'radiation_level.Green', 'radiation_level.Green', 'radiation_level.Green', 'radiation_level.Green', 'radiation_level.Green', 'radiation_level.Green', 'radiation_level.Green', 'radiation_level.Green', 'radiation_level.Green', 'radiation_level.Green', 'radiation_level.Green', 'radiation_level.Green', 'radiation_level.Green', 'radiation_level.Green', 'radiation_level.Green', 'radiation_level.Green', 'radiation_level.Green', 'radiation_level.Green', 'radiation_level.Green', 'radiation_level.Green', 'move.1', 'radiation_level.Green', 'radiation_level.Green', 'radiation_level.Green', 'radiation_level.Green', 'radiation_level.Green', 'radiation_level.Green', 'radiation_level.Green', 'radiation_level.Green', 'radiation_level.Green', 'radiation_level.Green', 'radiation_level.Green', 'radiation_level.Green', 'radiation_level.Green', 'radiation_level.Green', 'radiation_level.Green', 'radiation_level.Green', 'radiation_level.Green', 'arrived_at.1', 'radiation_level.Green', 'inspect.1', 'radiation_level.Green', 'radiation_level.Green', 'radiation_level.Green', 'inspected.1', 'radiation_level.Green', 'inspect.2']
2026-01-27 19:29:27,457 - varanus - ERROR - The permissible events were: ['radiation_level.Orange', 'radiation_level.Green', 'radiation_level.Red', 'move.5', 'move.4', 'move.3', 'move.2', 'move.1', 'move.0']
2026-01-27 19:29:27,457 - varanus - INFO - Trace file finished with violations
2026-01-27 19:29:27,460 - varanus - INFO - +++ Build Time: 			0.612843036652s +++
2026-01-27 19:29:27,460 - varanus - INFO - +++ Check Time: 			0.0487802028656s +++
2026-01-27 19:29:27,460 - varanus - INFO - +++ Average Transition Time: 	0.000356571674347s (100 events) +++
2026-01-27 19:29:27,460 - varanus - INFO - +++ Total Time: 			0.683422088623s +++
