2026-01-27 19:29:29,974 - varanus - INFO - +++ Testing rover_model_ras_fail_ordering +++
2026-01-27 19:29:29,974 - varanus - INFO - Preprocessing...
2026-01-27 19:29:29,974 - varanus - INFO - Preprocessing: pass
2026-01-27 19:29:29,975 - varanus - INFO - +++ Running Offline +++
2026-01-27 19:29:29,997 - varanus - INFO - Building CSP State Machine. Please Wait
2026-01-27 19:29:30,429 - varanus - INFO - Building CSP State Machine
2026-01-27 19:29:30,655 - varanus - INFO - +++ checking that ROVER_SYSTEM is deterministic with given alphabets +++
2026-01-27 19:29:30,655 - varanus - INFO - +++ starting monitoring against ROVER_SYSTEM +++
2026-01-27 19:29:30,656 - varanus - INFO - +++ Running Offline -- Using State Machine +++
2026-01-27 19:29:30,656 - varanus - INFO - Parsing trace file at: oracles/inspection-rover-ras/trace-json-fail-message-order.txt
2026-01-27 19:29:30,669 - varanus - INFO - Parsed trace file OK
2026-01-27 19:29:30,669 - varanus - INFO - Checking trace file: oracles/inspection-rover-ras/trace-json-fail-message-order.txt
2026-01-27 19:29:30,670 - varanus - INFO - In state 17976143188387390655 saw radiation_level.Green
2026-01-27 19:29:30,670 - varanus - INFO - In state 17976143188387390655 saw radiation_level.Green
2026-01-27 19:29:30,670 - varanus - INFO - In state 17976143188387390655 saw radiation_level.Green
2026-01-27 19:29:30,670 - varanus - INFO - In state 17976143188387390655 saw radiation_level.Green
2026-01-27 19:29:30,671 - varanus - INFO - In state 17976143188387390655 saw radiation_level.Green
2026-01-27 19:29:30,671 - varanus - INFO - In state 17976143188387390655 saw radiation_level.Green
2026-01-27 19:29:30,671 - varanus - INFO - In state 17976143188387390655 saw radiation_level.Green
2026-01-27 19:29:30,671 - varanus - INFO - In state 17976143188387390655 saw radiation_level.Green
2026-01-27 19:29:30,672 - varanus - INFO - In state 17976143188387390655 saw radiation_level.Green
2026-01-27 19:29:30,672 - varanus - INFO - In state 17976143188387390655 saw radiation_level.Green
2026-01-27 19:29:30,672 - varanus - INFO - In state 17976143188387390655 saw radiation_level.Green
2026-01-27 19:29:30,672 - varanus - INFO - In state 17976143188387390655 saw radiation_level.Green
2026-01-27 19:29:30,673 - varanus - INFO - In state 17976143188387390655 saw radiation_level.Green
2026-01-27 19:29:30,673 - varanus - INFO - In state 17976143188387390655 saw radiation_level.Green
2026-01-27 19:29:30,673 - varanus - INFO - In state 17976143188387390655 saw radiation_level.Green
2026-01-27 19:29:30,673 - varanus - INFO - In state 17976143188387390655 saw radiation_level.Green
2026-01-27 19:29:30,674 - varanus - INFO - In state 17976143188387390655 saw radiation_level.Green
2026-01-27 19:29:30,674 - varanus - INFO - In state 17976143188387390655 saw radiation_level.Green
2026-01-27 19:29:30,674 - varanus - INFO - In state 17976143188387390655 saw radiation_level.Green
2026-01-27 19:29:30,674 - varanus - INFO - In state 17976143188387390655 saw radiation_level.Green
2026-01-27 19:29:30,675 - varanus - INFO - In state 17976143188387390655 saw radiation_level.Green
2026-01-27 19:29:30,675 - varanus - INFO - In state 17976143188387390655 saw radiation_level.Green
2026-01-27 19:29:30,675 - varanus - INFO - In state 17976143188387390655 saw radiation_level.Green
2026-01-27 19:29:30,675 - varanus - INFO - In state 17976143188387390655 saw radiation_level.Green
2026-01-27 19:29:30,676 - varanus - INFO - In state 17976143188387390655 saw radiation_level.Green
2026-01-27 19:29:30,676 - varanus - INFO - In state 17976143188387390655 saw radiation_level.Green
2026-01-27 19:29:30,676 - varanus - INFO - In state 17976143188387390655 saw radiation_level.Green
2026-01-27 19:29:30,676 - varanus - INFO - In state 17976143188387390655 saw radiation_level.Green
2026-01-27 19:29:30,677 - varanus - INFO - In state 17976143188387390655 saw radiation_level.Green
2026-01-27 19:29:30,677 - varanus - INFO - In state 17976143188387390655 saw radiation_level.Green
2026-01-27 19:29:30,677 - varanus - INFO - In state 17976143188387390655 saw radiation_level.Green
2026-01-27 19:29:30,677 - varanus - INFO - In state 17976143188387390655 saw radiation_level.Green
2026-01-27 19:29:30,678 - varanus - INFO - In state 17976143188387390655 saw radiation_level.Green
2026-01-27 19:29:30,678 - varanus - INFO - In state 17976143188387390655 saw radiation_level.Green
2026-01-27 19:29:30,678 - varanus - INFO - In state 17976143188387390655 saw radiation_level.Green
2026-01-27 19:29:30,679 - varanus - INFO - In state 17976143188387390655 saw radiation_level.Green
2026-01-27 19:29:30,679 - varanus - INFO - In state 17976143188387390655 saw radiation_level.Green
2026-01-27 19:29:30,679 - varanus - INFO - In state 17976143188387390655 saw radiation_level.Green
2026-01-27 19:29:30,679 - varanus - INFO - In state 17976143188387390655 saw radiation_level.Green
2026-01-27 19:29:30,680 - varanus - INFO - In state 17976143188387390655 saw radiation_level.Green
2026-01-27 19:29:30,680 - varanus - INFO - In state 17976143188387390655 saw radiation_level.Green
2026-01-27 19:29:30,680 - varanus - INFO - In state 17976143188387390655 saw radiation_level.Green
2026-01-27 19:29:30,680 - varanus - INFO - In state 17976143188387390655 saw radiation_level.Green
2026-01-27 19:29:30,681 - varanus - INFO - In state 17976143188387390655 saw radiation_level.Green
2026-01-27 19:29:30,681 - varanus - INFO - In state 17976143188387390655 saw radiation_level.Green
2026-01-27 19:29:30,681 - varanus - INFO - In state 17976143188387390655 saw radiation_level.Green
2026-01-27 19:29:30,681 - varanus - INFO - In state 17976143188387390655 saw radiation_level.Green
2026-01-27 19:29:30,682 - varanus - INFO - In state 17976143188387390655 saw radiation_level.Green
2026-01-27 19:29:30,682 - varanus - INFO - In state 17976143188387390655 saw radiation_level.Green
2026-01-27 19:29:30,682 - varanus - INFO - In state 17976143188387390655 saw radiation_level.Green
2026-01-27 19:29:30,682 - varanus - INFO - In state 17976143188387390655 saw radiation_level.Green
2026-01-27 19:29:30,683 - varanus - INFO - In state 17976143188387390655 saw radiation_level.Green
2026-01-27 19:29:30,683 - varanus - INFO - In state 17976143188387390655 saw radiation_level.Green
2026-01-27 19:29:30,683 - varanus - INFO - In state 17976143188387390655 saw radiation_level.Green
2026-01-27 19:29:30,683 - varanus - INFO - In state 17976143188387390655 saw radiation_level.Green
2026-01-27 19:29:30,684 - varanus - INFO - In state 17976143188387390655 saw radiation_level.Green
2026-01-27 19:29:30,684 - varanus - INFO - In state 17976143188387390655 saw radiation_level.Green
2026-01-27 19:29:30,684 - varanus - INFO - In state 17976143188387390655 saw radiation_level.Green
2026-01-27 19:29:30,684 - varanus - INFO - In state 17976143188387390655 saw radiation_level.Green
2026-01-27 19:29:30,685 - varanus - INFO - In state 17976143188387390655 saw radiation_level.Green
2026-01-27 19:29:30,685 - varanus - INFO - In state 17976143188387390655 saw radiation_level.Green
2026-01-27 19:29:30,685 - varanus - INFO - In state 17976143188387390655 saw radiation_level.Green
2026-01-27 19:29:30,685 - varanus - INFO - In state 17976143188387390655 saw radiation_level.Green
2026-01-27 19:29:30,686 - varanus - INFO - In state 17976143188387390655 saw radiation_level.Green
2026-01-27 19:29:30,686 - varanus - INFO - In state 17976143188387390655 saw radiation_level.Green
2026-01-27 19:29:30,686 - varanus - INFO - In state 17976143188387390655 saw radiation_level.Green
2026-01-27 19:29:30,686 - varanus - INFO - In state 17976143188387390655 saw radiation_level.Green
2026-01-27 19:29:30,687 - varanus - INFO - In state 17976143188387390655 saw radiation_level.Green
2026-01-27 19:29:30,687 - varanus - INFO - In state 17976143188387390655 saw radiation_level.Green
2026-01-27 19:29:30,687 - varanus - INFO - In state 17976143188387390655 saw radiation_level.Green
2026-01-27 19:29:30,687 - varanus - INFO - In state 17976143188387390655 saw radiation_level.Green
2026-01-27 19:29:30,688 - varanus - INFO - In state 17976143188387390655 saw radiation_level.Green
2026-01-27 19:29:30,688 - varanus - INFO - In state 17976143188387390655 saw radiation_level.Green
2026-01-27 19:29:30,688 - varanus - INFO - In state 17976143188387390655 saw move.1
2026-01-27 19:29:30,689 - varanus - INFO - In state 2681491882390849628 saw radiation_level.Green
2026-01-27 19:29:30,689 - varanus - INFO - In state 2681491882390849628 saw radiation_level.Green
2026-01-27 19:29:30,689 - varanus - INFO - In state 2681491882390849628 saw radiation_level.Green
2026-01-27 19:29:30,689 - varanus - INFO - In state 2681491882390849628 saw radiation_level.Green
2026-01-27 19:29:30,690 - varanus - INFO - In state 2681491882390849628 saw radiation_level.Green
2026-01-27 19:29:30,690 - varanus - INFO - In state 2681491882390849628 saw radiation_level.Green
2026-01-27 19:29:30,690 - varanus - INFO - In state 2681491882390849628 saw radiation_level.Green
2026-01-27 19:29:30,690 - varanus - INFO - In state 2681491882390849628 saw radiation_level.Green
2026-01-27 19:29:30,691 - varanus - INFO - In state 2681491882390849628 saw radiation_level.Green
2026-01-27 19:29:30,691 - varanus - INFO - In state 2681491882390849628 saw radiation_level.Green
2026-01-27 19:29:30,691 - varanus - INFO - In state 2681491882390849628 saw radiation_level.Green
2026-01-27 19:29:30,691 - varanus - INFO - In state 2681491882390849628 saw radiation_level.Green
2026-01-27 19:29:30,692 - varanus - INFO - In state 2681491882390849628 saw radiation_level.Green
2026-01-27 19:29:30,692 - varanus - INFO - In state 2681491882390849628 saw radiation_level.Green
2026-01-27 19:29:30,692 - varanus - INFO - In state 2681491882390849628 saw radiation_level.Green
2026-01-27 19:29:30,692 - varanus - INFO - In state 2681491882390849628 saw radiation_level.Green
2026-01-27 19:29:30,693 - varanus - INFO - In state 2681491882390849628 saw radiation_level.Green
2026-01-27 19:29:30,693 - varanus - INFO - In state 2681491882390849628 saw arrived_at.1
2026-01-27 19:29:30,693 - varanus - INFO - In state 4838965131539084411 saw radiation_level.Green
2026-01-27 19:29:30,693 - varanus - INFO - In state 4838965131539084411 saw inspect.1
2026-01-27 19:29:30,694 - varanus - INFO - In state 15366558349166237975 saw radiation_level.Green
2026-01-27 19:29:30,694 - varanus - INFO - In state 15366558349166237975 saw radiation_level.Green
2026-01-27 19:29:30,694 - varanus - INFO - In state 15366558349166237975 saw radiation_level.Green
2026-01-27 19:29:30,694 - varanus - INFO - In state 15366558349166237975 saw inspected.1
2026-01-27 19:29:30,695 - varanus - INFO - In state 4934536404935645896 saw radiation_level.Green
2026-01-27 19:29:30,695 - varanus - INFO - In state 4934536404935645896 saw inspect.2
2026-01-27 19:29:30,695 - varanus - INFO - UNEXPECTED TRANSITION
2026-01-27 19:29:30,695 - varanus - INFO - Stated alphabet returning bad state i.e. None - saw bad event
2026-01-27 19:29:30,695 - varanus - ERROR - System Violated the Specification with Trace: ['radiation_level.Green', 'radiation_level.Green', 'radiation_level.Green', 'radiation_level.Green', 'radiation_level.Green', 'radiation_level.Green', 'radiation_level.Green', 'radiation_level.Green', 'radiation_level.Green', 'radiation_level.Green', 'radiation_level.Green', 'radiation_level.Green', 'radiation_level.Green', 'radiation_level.Green', 'radiation_level.Green', 'radiation_level.Green', 'radiation_level.Green', 'radiation_level.Green', 'radiation_level.Green', 'radiation_level.Green', 'radiation_level.Green', 'radiation_level.Green', 'radiation_level.Green', 'radiation_level.Green', 'radiation_level.Green', 'radiation_level.Green', 'radiation_level.Green', 'radiation_level.Green', 'radiation_level.Green', 'radiation_level.Green', 'radiation_level.Green', 'radiation_level.Green', 'radiation_level.Green', 'radiation_level.Green', 'radiation_level.Green', 'radiation_level.Green', 'radiation_level.Green', 'radiation_level.Green', 'radiation_level.Green', 'radiation_level.Green', 'radiation_level.Green', 'radiation_level.Green', 'radiation_level.Green', 'radiation_level.Green', 'radiation_level.Green', 'radiation_level.Green', 'radiation_level.Green', 'radiation_level.Green', 'radiation_level.Green', 'radiation_level.Green', 'radiation_level.Green', 'radiation_level.Green', 'radiation_level.Green', 'radiation_level.Green', 'radiation_level.Green', 'radiation_level.Green', 'radiation_level.Green', 'radiation_level.Green', 'radiation_level.Green', 'radiation_level.Green', 'radiation_level.Green', 'radiation_level.Green', 'radiation_level.Green', 'radiation_level.Green', 'radiation_level.Green', 'radiation_level.Green', 'radiation_level.Green', 'radiation_level.Green', 'radiation_level.Green', 'radiation_level.Green', 'radiation_level.Green', 'radiation_level.Green', 'radiation_level.Green', 'move.1', 'radiation_level.Green', 'radiation_level.Green', 'radiation_level.Green', 'radiation_level.Green', 'radiation_level.Green', 'radiation_level.Green', 'radiation_level.Green', 'radiation_level.Green', 'radiation_level.Green', 'radiation_level.Green', 'radiation_level.Green', 'radiation_level.Green', 'radiation_level.Green', 'radiation_level.Green', 'radiation_level.Green', 'radiation_level.Green', 'radiation_level.Green', 'arrived_at.1', 'radiation_level.Green', 'inspect.1', 'radiation_level.Green', 'radiation_level.Green', 'radiation_level.Green', 'inspected.1', 'radiation_level.Green', 'inspect.2']
2026-01-27 19:29:30,695 - varanus - ERROR - The permissible events were: ['radiation_level.Orange', 'radiation_level.Green', 'radiation_level.Red', 'move.5', 'move.4', 'move.3', 'move.2', 'move.1', 'move.0']
2026-01-27 19:29:30,696 - varanus - INFO - Trace file finished with violations
2026-01-27 19:29:30,697 - varanus - INFO - +++ Build Time: 			0.65789103508s +++
2026-01-27 19:29:30,697 - varanus - INFO - +++ Check Time: 			0.0400681495667s +++
2026-01-27 19:29:30,697 - varanus - INFO - +++ Average Transition Time: 	0.000258059501648s (100 events) +++
2026-01-27 19:29:30,697 - varanus - INFO - +++ Total Time: 			0.721252918243s +++
