2026-01-27 18:40:57,468 - varanus - INFO - +++ Testing rover_robochart_model_ras_fail_safety +++
2026-01-27 18:40:57,468 - varanus - INFO - Preprocessing...
2026-01-27 18:40:57,468 - varanus - INFO - Preprocessing: pass
2026-01-27 18:40:57,468 - varanus - INFO - +++ Running Offline +++
2026-01-27 18:40:57,589 - varanus - INFO - Building CSP State Machine. Please Wait
2026-01-27 18:41:52,310 - varanus - INFO - Building CSP State Machine
2026-01-27 18:41:52,314 - varanus - INFO - +++ checking that normal(RCSystem) is deterministic with given alphabets +++
2026-01-27 18:41:52,314 - varanus - INFO - +++ starting monitoring against normal(RCSystem) +++
2026-01-27 18:41:52,314 - varanus - INFO - +++ Running Offline -- Using State Machine +++
2026-01-27 18:41:52,314 - varanus - INFO - Parsing trace file at: oracles/inspection-rover-ras/trace-json-fail-safety.txt
2026-01-27 18:41:52,329 - varanus - INFO - Parsed trace file OK
2026-01-27 18:41:52,329 - varanus - INFO - Checking trace file: oracles/inspection-rover-ras/trace-json-fail-safety.txt
2026-01-27 18:41:52,329 - varanus - INFO - In state 16187007277633237420 saw radiation_level.Radiation_Green
2026-01-27 18:41:52,329 - varanus - INFO - In state 16187007277633237420 saw radiation_level.Radiation_Green
2026-01-27 18:41:52,330 - varanus - INFO - In state 16187007277633237420 saw radiation_level.Radiation_Green
2026-01-27 18:41:52,330 - varanus - INFO - In state 16187007277633237420 saw radiation_level.Radiation_Green
2026-01-27 18:41:52,330 - varanus - INFO - In state 16187007277633237420 saw radiation_level.Radiation_Green
2026-01-27 18:41:52,330 - varanus - INFO - In state 16187007277633237420 saw radiation_level.Radiation_Green
2026-01-27 18:41:52,331 - varanus - INFO - In state 16187007277633237420 saw radiation_level.Radiation_Green
2026-01-27 18:41:52,331 - varanus - INFO - In state 16187007277633237420 saw radiation_level.Radiation_Green
2026-01-27 18:41:52,331 - varanus - INFO - In state 16187007277633237420 saw radiation_level.Radiation_Green
2026-01-27 18:41:52,331 - varanus - INFO - In state 16187007277633237420 saw radiation_level.Radiation_Green
2026-01-27 18:41:52,332 - varanus - INFO - In state 16187007277633237420 saw radiation_level.Radiation_Green
2026-01-27 18:41:52,332 - varanus - INFO - In state 16187007277633237420 saw radiation_level.Radiation_Green
2026-01-27 18:41:52,332 - varanus - INFO - In state 16187007277633237420 saw radiation_level.Radiation_Green
2026-01-27 18:41:52,332 - varanus - INFO - In state 16187007277633237420 saw radiation_level.Radiation_Green
2026-01-27 18:41:52,333 - varanus - INFO - In state 16187007277633237420 saw radiation_level.Radiation_Green
2026-01-27 18:41:52,333 - varanus - INFO - In state 16187007277633237420 saw radiation_level.Radiation_Green
2026-01-27 18:41:52,333 - varanus - INFO - In state 16187007277633237420 saw radiation_level.Radiation_Green
2026-01-27 18:41:52,333 - varanus - INFO - In state 16187007277633237420 saw radiation_level.Radiation_Green
2026-01-27 18:41:52,334 - varanus - INFO - In state 16187007277633237420 saw radiation_level.Radiation_Green
2026-01-27 18:41:52,334 - varanus - INFO - In state 16187007277633237420 saw radiation_level.Radiation_Green
2026-01-27 18:41:52,334 - varanus - INFO - In state 16187007277633237420 saw radiation_level.Radiation_Green
2026-01-27 18:41:52,334 - varanus - INFO - In state 16187007277633237420 saw radiation_level.Radiation_Green
2026-01-27 18:41:52,335 - varanus - INFO - In state 16187007277633237420 saw radiation_level.Radiation_Green
2026-01-27 18:41:52,335 - varanus - INFO - In state 16187007277633237420 saw radiation_level.Radiation_Green
2026-01-27 18:41:52,335 - varanus - INFO - In state 16187007277633237420 saw radiation_level.Radiation_Green
2026-01-27 18:41:52,335 - varanus - INFO - In state 16187007277633237420 saw radiation_level.Radiation_Green
2026-01-27 18:41:52,336 - varanus - INFO - In state 16187007277633237420 saw radiation_level.Radiation_Green
2026-01-27 18:41:52,336 - varanus - INFO - In state 16187007277633237420 saw radiation_level.Radiation_Green
2026-01-27 18:41:52,336 - varanus - INFO - In state 16187007277633237420 saw radiation_level.Radiation_Green
2026-01-27 18:41:52,336 - varanus - INFO - In state 16187007277633237420 saw radiation_level.Radiation_Green
2026-01-27 18:41:52,337 - varanus - INFO - In state 16187007277633237420 saw radiation_level.Radiation_Green
2026-01-27 18:41:52,337 - varanus - INFO - In state 16187007277633237420 saw radiation_level.Radiation_Green
2026-01-27 18:41:52,337 - varanus - INFO - In state 16187007277633237420 saw radiation_level.Radiation_Green
2026-01-27 18:41:52,337 - varanus - INFO - In state 16187007277633237420 saw radiation_level.Radiation_Green
2026-01-27 18:41:52,338 - varanus - INFO - In state 16187007277633237420 saw radiation_level.Radiation_Green
2026-01-27 18:41:52,338 - varanus - INFO - In state 16187007277633237420 saw radiation_level.Radiation_Green
2026-01-27 18:41:52,338 - varanus - INFO - In state 16187007277633237420 saw radiation_level.Radiation_Green
2026-01-27 18:41:52,338 - varanus - INFO - In state 16187007277633237420 saw radiation_level.Radiation_Green
2026-01-27 18:41:52,339 - varanus - INFO - In state 16187007277633237420 saw radiation_level.Radiation_Green
2026-01-27 18:41:52,339 - varanus - INFO - In state 16187007277633237420 saw radiation_level.Radiation_Orange
2026-01-27 18:41:52,339 - varanus - INFO - In state 12800499468460568903 saw radiation_level.Radiation_Green
2026-01-27 18:41:52,339 - varanus - INFO - In state 12800499468460568903 saw radiation_level.Radiation_Green
2026-01-27 18:41:52,340 - varanus - INFO - In state 12800499468460568903 saw radiation_level.Radiation_Green
2026-01-27 18:41:52,340 - varanus - INFO - In state 12800499468460568903 saw radiation_level.Radiation_Green
2026-01-27 18:41:52,340 - varanus - INFO - In state 12800499468460568903 saw radiation_level.Radiation_Green
2026-01-27 18:41:52,340 - varanus - INFO - In state 12800499468460568903 saw radiation_level.Radiation_Green
2026-01-27 18:41:52,340 - varanus - INFO - In state 12800499468460568903 saw radiation_level.Radiation_Green
2026-01-27 18:41:52,341 - varanus - INFO - In state 12800499468460568903 saw radiation_level.Radiation_Green
2026-01-27 18:41:52,341 - varanus - INFO - In state 12800499468460568903 saw radiation_level.Radiation_Green
2026-01-27 18:41:52,341 - varanus - INFO - In state 12800499468460568903 saw radiation_level.Radiation_Green
2026-01-27 18:41:52,341 - varanus - INFO - In state 12800499468460568903 saw radiation_level.Radiation_Green
2026-01-27 18:41:52,342 - varanus - INFO - In state 12800499468460568903 saw radiation_level.Radiation_Green
2026-01-27 18:41:52,342 - varanus - INFO - In state 12800499468460568903 saw radiation_level.Radiation_Green
2026-01-27 18:41:52,342 - varanus - INFO - In state 12800499468460568903 saw radiation_level.Radiation_Green
2026-01-27 18:41:52,342 - varanus - INFO - In state 12800499468460568903 saw radiation_level.Radiation_Green
2026-01-27 18:41:52,342 - varanus - INFO - In state 12800499468460568903 saw radiation_level.Radiation_Green
2026-01-27 18:41:52,343 - varanus - INFO - In state 12800499468460568903 saw radiation_level.Radiation_Green
2026-01-27 18:41:52,343 - varanus - INFO - In state 12800499468460568903 saw radiation_level.Radiation_Green
2026-01-27 18:41:52,343 - varanus - INFO - In state 12800499468460568903 saw radiation_level.Radiation_Green
2026-01-27 18:41:52,343 - varanus - INFO - In state 12800499468460568903 saw radiation_level.Radiation_Green
2026-01-27 18:41:52,343 - varanus - INFO - In state 12800499468460568903 saw radiation_level.Radiation_Green
2026-01-27 18:41:52,344 - varanus - INFO - In state 12800499468460568903 saw radiation_level.Radiation_Green
2026-01-27 18:41:52,344 - varanus - INFO - In state 12800499468460568903 saw radiation_level.Radiation_Green
2026-01-27 18:41:52,344 - varanus - INFO - In state 12800499468460568903 saw radiation_level.Radiation_Green
2026-01-27 18:41:52,344 - varanus - INFO - In state 12800499468460568903 saw radiation_level.Radiation_Green
2026-01-27 18:41:52,344 - varanus - INFO - In state 12800499468460568903 saw radiation_level.Radiation_Green
2026-01-27 18:41:52,345 - varanus - INFO - In state 12800499468460568903 saw radiation_level.Radiation_Green
2026-01-27 18:41:52,345 - varanus - INFO - In state 12800499468460568903 saw radiation_level.Radiation_Green
2026-01-27 18:41:52,345 - varanus - INFO - In state 12800499468460568903 saw radiation_level.Radiation_Green
2026-01-27 18:41:52,345 - varanus - INFO - In state 12800499468460568903 saw radiation_level.Radiation_Green
2026-01-27 18:41:52,345 - varanus - INFO - In state 12800499468460568903 saw radiation_level.Radiation_Green
2026-01-27 18:41:52,345 - varanus - INFO - In state 12800499468460568903 saw radiation_level.Radiation_Green
2026-01-27 18:41:52,345 - varanus - INFO - In state 12800499468460568903 saw radiation_level.Radiation_Green
2026-01-27 18:41:52,345 - varanus - INFO - In state 12800499468460568903 saw move.1
2026-01-27 18:41:52,346 - varanus - INFO - UNEXPECTED TRANSITION
2026-01-27 18:41:52,346 - varanus - INFO - Stated alphabet returning bad state i.e. None - saw bad event
2026-01-27 18:41:52,346 - varanus - ERROR - System Violated the Specification with Trace: ['radiation_level.Radiation_Green', 'radiation_level.Radiation_Green', 'radiation_level.Radiation_Green', 'radiation_level.Radiation_Green', 'radiation_level.Radiation_Green', 'radiation_level.Radiation_Green', 'radiation_level.Radiation_Green', 'radiation_level.Radiation_Green', 'radiation_level.Radiation_Green', 'radiation_level.Radiation_Green', 'radiation_level.Radiation_Green', 'radiation_level.Radiation_Green', 'radiation_level.Radiation_Green', 'radiation_level.Radiation_Green', 'radiation_level.Radiation_Green', 'radiation_level.Radiation_Green', 'radiation_level.Radiation_Green', 'radiation_level.Radiation_Green', 'radiation_level.Radiation_Green', 'radiation_level.Radiation_Green', 'radiation_level.Radiation_Green', 'radiation_level.Radiation_Green', 'radiation_level.Radiation_Green', 'radiation_level.Radiation_Green', 'radiation_level.Radiation_Green', 'radiation_level.Radiation_Green', 'radiation_level.Radiation_Green', 'radiation_level.Radiation_Green', 'radiation_level.Radiation_Green', 'radiation_level.Radiation_Green', 'radiation_level.Radiation_Green', 'radiation_level.Radiation_Green', 'radiation_level.Radiation_Green', 'radiation_level.Radiation_Green', 'radiation_level.Radiation_Green', 'radiation_level.Radiation_Green', 'radiation_level.Radiation_Green', 'radiation_level.Radiation_Green', 'radiation_level.Radiation_Green', 'radiation_level.Radiation_Orange', 'radiation_level.Radiation_Green', 'radiation_level.Radiation_Green', 'radiation_level.Radiation_Green', 'radiation_level.Radiation_Green', 'radiation_level.Radiation_Green', 'radiation_level.Radiation_Green', 'radiation_level.Radiation_Green', 'radiation_level.Radiation_Green', 'radiation_level.Radiation_Green', 'radiation_level.Radiation_Green', 'radiation_level.Radiation_Green', 'radiation_level.Radiation_Green', 'radiation_level.Radiation_Green', 'radiation_level.Radiation_Green', 'radiation_level.Radiation_Green', 'radiation_level.Radiation_Green', 'radiation_level.Radiation_Green', 'radiation_level.Radiation_Green', 'radiation_level.Radiation_Green', 'radiation_level.Radiation_Green', 'radiation_level.Radiation_Green', 'radiation_level.Radiation_Green', 'radiation_level.Radiation_Green', 'radiation_level.Radiation_Green', 'radiation_level.Radiation_Green', 'radiation_level.Radiation_Green', 'radiation_level.Radiation_Green', 'radiation_level.Radiation_Green', 'radiation_level.Radiation_Green', 'radiation_level.Radiation_Green', 'radiation_level.Radiation_Green', 'radiation_level.Radiation_Green', 'radiation_level.Radiation_Green', 'move.1']
2026-01-27 18:41:52,346 - varanus - ERROR - The permissible events were: ['radiation_level.Radiation_Red', 'radiation_level.Radiation_Green', 'radiation_level.Radiation_Orange', 'move.0']
2026-01-27 18:41:52,346 - varanus - INFO - Trace file finished with violations
2026-01-27 18:41:54,830 - varanus - INFO - +++ Build Time: 			54.7252960205s +++
2026-01-27 18:41:54,830 - varanus - INFO - +++ Check Time: 			0.0313968658447s +++
2026-01-27 18:41:54,830 - varanus - INFO - +++ Average Transition Time: 	0.000221748609801s (74 events) +++
2026-01-27 18:41:54,830 - varanus - INFO - +++ Total Time: 			54.8776819706s +++
