2026-01-27 18:39:21,166 - varanus - INFO - +++ Testing rover_robochart_model_ras_fail_safety +++
2026-01-27 18:39:21,166 - varanus - INFO - Preprocessing...
2026-01-27 18:39:21,166 - varanus - INFO - Preprocessing: pass
2026-01-27 18:39:21,166 - varanus - INFO - +++ Running Offline +++
2026-01-27 18:39:21,288 - varanus - INFO - Building CSP State Machine. Please Wait
2026-01-27 18:40:16,283 - varanus - INFO - Building CSP State Machine
2026-01-27 18:40:16,287 - varanus - INFO - +++ checking that normal(RCSystem) is deterministic with given alphabets +++
2026-01-27 18:40:16,288 - varanus - INFO - +++ starting monitoring against normal(RCSystem) +++
2026-01-27 18:40:16,288 - varanus - INFO - +++ Running Offline -- Using State Machine +++
2026-01-27 18:40:16,288 - varanus - INFO - Parsing trace file at: oracles/inspection-rover-ras/trace-json-fail-safety.txt
2026-01-27 18:40:16,298 - varanus - INFO - Parsed trace file OK
2026-01-27 18:40:16,298 - varanus - INFO - Checking trace file: oracles/inspection-rover-ras/trace-json-fail-safety.txt
2026-01-27 18:40:16,298 - varanus - INFO - In state 16187007277633237420 saw radiation_level.Radiation_Green
2026-01-27 18:40:16,298 - varanus - INFO - In state 16187007277633237420 saw radiation_level.Radiation_Green
2026-01-27 18:40:16,298 - varanus - INFO - In state 16187007277633237420 saw radiation_level.Radiation_Green
2026-01-27 18:40:16,298 - varanus - INFO - In state 16187007277633237420 saw radiation_level.Radiation_Green
2026-01-27 18:40:16,298 - varanus - INFO - In state 16187007277633237420 saw radiation_level.Radiation_Green
2026-01-27 18:40:16,299 - varanus - INFO - In state 16187007277633237420 saw radiation_level.Radiation_Green
2026-01-27 18:40:16,299 - varanus - INFO - In state 16187007277633237420 saw radiation_level.Radiation_Green
2026-01-27 18:40:16,299 - varanus - INFO - In state 16187007277633237420 saw radiation_level.Radiation_Green
2026-01-27 18:40:16,299 - varanus - INFO - In state 16187007277633237420 saw radiation_level.Radiation_Green
2026-01-27 18:40:16,299 - varanus - INFO - In state 16187007277633237420 saw radiation_level.Radiation_Green
2026-01-27 18:40:16,299 - varanus - INFO - In state 16187007277633237420 saw radiation_level.Radiation_Green
2026-01-27 18:40:16,299 - varanus - INFO - In state 16187007277633237420 saw radiation_level.Radiation_Green
2026-01-27 18:40:16,299 - varanus - INFO - In state 16187007277633237420 saw radiation_level.Radiation_Green
2026-01-27 18:40:16,300 - varanus - INFO - In state 16187007277633237420 saw radiation_level.Radiation_Green
2026-01-27 18:40:16,300 - varanus - INFO - In state 16187007277633237420 saw radiation_level.Radiation_Green
2026-01-27 18:40:16,300 - varanus - INFO - In state 16187007277633237420 saw radiation_level.Radiation_Green
2026-01-27 18:40:16,300 - varanus - INFO - In state 16187007277633237420 saw radiation_level.Radiation_Green
2026-01-27 18:40:16,300 - varanus - INFO - In state 16187007277633237420 saw radiation_level.Radiation_Green
2026-01-27 18:40:16,300 - varanus - INFO - In state 16187007277633237420 saw radiation_level.Radiation_Green
2026-01-27 18:40:16,300 - varanus - INFO - In state 16187007277633237420 saw radiation_level.Radiation_Green
2026-01-27 18:40:16,301 - varanus - INFO - In state 16187007277633237420 saw radiation_level.Radiation_Green
2026-01-27 18:40:16,301 - varanus - INFO - In state 16187007277633237420 saw radiation_level.Radiation_Green
2026-01-27 18:40:16,301 - varanus - INFO - In state 16187007277633237420 saw radiation_level.Radiation_Green
2026-01-27 18:40:16,301 - varanus - INFO - In state 16187007277633237420 saw radiation_level.Radiation_Green
2026-01-27 18:40:16,301 - varanus - INFO - In state 16187007277633237420 saw radiation_level.Radiation_Green
2026-01-27 18:40:16,301 - varanus - INFO - In state 16187007277633237420 saw radiation_level.Radiation_Green
2026-01-27 18:40:16,301 - varanus - INFO - In state 16187007277633237420 saw radiation_level.Radiation_Green
2026-01-27 18:40:16,301 - varanus - INFO - In state 16187007277633237420 saw radiation_level.Radiation_Green
2026-01-27 18:40:16,302 - varanus - INFO - In state 16187007277633237420 saw radiation_level.Radiation_Green
2026-01-27 18:40:16,302 - varanus - INFO - In state 16187007277633237420 saw radiation_level.Radiation_Green
2026-01-27 18:40:16,302 - varanus - INFO - In state 16187007277633237420 saw radiation_level.Radiation_Green
2026-01-27 18:40:16,302 - varanus - INFO - In state 16187007277633237420 saw radiation_level.Radiation_Green
2026-01-27 18:40:16,302 - varanus - INFO - In state 16187007277633237420 saw radiation_level.Radiation_Green
2026-01-27 18:40:16,302 - varanus - INFO - In state 16187007277633237420 saw radiation_level.Radiation_Green
2026-01-27 18:40:16,302 - varanus - INFO - In state 16187007277633237420 saw radiation_level.Radiation_Green
2026-01-27 18:40:16,303 - varanus - INFO - In state 16187007277633237420 saw radiation_level.Radiation_Green
2026-01-27 18:40:16,303 - varanus - INFO - In state 16187007277633237420 saw radiation_level.Radiation_Green
2026-01-27 18:40:16,303 - varanus - INFO - In state 16187007277633237420 saw radiation_level.Radiation_Green
2026-01-27 18:40:16,303 - varanus - INFO - In state 16187007277633237420 saw radiation_level.Radiation_Green
2026-01-27 18:40:16,303 - varanus - INFO - In state 16187007277633237420 saw radiation_level.Radiation_Orange
2026-01-27 18:40:16,303 - varanus - INFO - In state 12800499468460568903 saw radiation_level.Radiation_Green
2026-01-27 18:40:16,303 - varanus - INFO - In state 12800499468460568903 saw radiation_level.Radiation_Green
2026-01-27 18:40:16,304 - varanus - INFO - In state 12800499468460568903 saw radiation_level.Radiation_Green
2026-01-27 18:40:16,304 - varanus - INFO - In state 12800499468460568903 saw radiation_level.Radiation_Green
2026-01-27 18:40:16,304 - varanus - INFO - In state 12800499468460568903 saw radiation_level.Radiation_Green
2026-01-27 18:40:16,304 - varanus - INFO - In state 12800499468460568903 saw radiation_level.Radiation_Green
2026-01-27 18:40:16,304 - varanus - INFO - In state 12800499468460568903 saw radiation_level.Radiation_Green
2026-01-27 18:40:16,304 - varanus - INFO - In state 12800499468460568903 saw radiation_level.Radiation_Green
2026-01-27 18:40:16,304 - varanus - INFO - In state 12800499468460568903 saw radiation_level.Radiation_Green
2026-01-27 18:40:16,304 - varanus - INFO - In state 12800499468460568903 saw radiation_level.Radiation_Green
2026-01-27 18:40:16,305 - varanus - INFO - In state 12800499468460568903 saw radiation_level.Radiation_Green
2026-01-27 18:40:16,305 - varanus - INFO - In state 12800499468460568903 saw radiation_level.Radiation_Green
2026-01-27 18:40:16,305 - varanus - INFO - In state 12800499468460568903 saw radiation_level.Radiation_Green
2026-01-27 18:40:16,305 - varanus - INFO - In state 12800499468460568903 saw radiation_level.Radiation_Green
2026-01-27 18:40:16,305 - varanus - INFO - In state 12800499468460568903 saw radiation_level.Radiation_Green
2026-01-27 18:40:16,305 - varanus - INFO - In state 12800499468460568903 saw radiation_level.Radiation_Green
2026-01-27 18:40:16,305 - varanus - INFO - In state 12800499468460568903 saw radiation_level.Radiation_Green
2026-01-27 18:40:16,305 - varanus - INFO - In state 12800499468460568903 saw radiation_level.Radiation_Green
2026-01-27 18:40:16,306 - varanus - INFO - In state 12800499468460568903 saw radiation_level.Radiation_Green
2026-01-27 18:40:16,306 - varanus - INFO - In state 12800499468460568903 saw radiation_level.Radiation_Green
2026-01-27 18:40:16,306 - varanus - INFO - In state 12800499468460568903 saw radiation_level.Radiation_Green
2026-01-27 18:40:16,306 - varanus - INFO - In state 12800499468460568903 saw radiation_level.Radiation_Green
2026-01-27 18:40:16,306 - varanus - INFO - In state 12800499468460568903 saw radiation_level.Radiation_Green
2026-01-27 18:40:16,306 - varanus - INFO - In state 12800499468460568903 saw radiation_level.Radiation_Green
2026-01-27 18:40:16,306 - varanus - INFO - In state 12800499468460568903 saw radiation_level.Radiation_Green
2026-01-27 18:40:16,307 - varanus - INFO - In state 12800499468460568903 saw radiation_level.Radiation_Green
2026-01-27 18:40:16,307 - varanus - INFO - In state 12800499468460568903 saw radiation_level.Radiation_Green
2026-01-27 18:40:16,307 - varanus - INFO - In state 12800499468460568903 saw radiation_level.Radiation_Green
2026-01-27 18:40:16,307 - varanus - INFO - In state 12800499468460568903 saw radiation_level.Radiation_Green
2026-01-27 18:40:16,307 - varanus - INFO - In state 12800499468460568903 saw radiation_level.Radiation_Green
2026-01-27 18:40:16,307 - varanus - INFO - In state 12800499468460568903 saw radiation_level.Radiation_Green
2026-01-27 18:40:16,307 - varanus - INFO - In state 12800499468460568903 saw radiation_level.Radiation_Green
2026-01-27 18:40:16,307 - varanus - INFO - In state 12800499468460568903 saw radiation_level.Radiation_Green
2026-01-27 18:40:16,308 - varanus - INFO - In state 12800499468460568903 saw move.1
2026-01-27 18:40:16,308 - varanus - INFO - UNEXPECTED TRANSITION
2026-01-27 18:40:16,308 - varanus - INFO - Stated alphabet returning bad state i.e. None - saw bad event
2026-01-27 18:40:16,308 - varanus - ERROR - System Violated the Specification with Trace: ['radiation_level.Radiation_Green', 'radiation_level.Radiation_Green', 'radiation_level.Radiation_Green', 'radiation_level.Radiation_Green', 'radiation_level.Radiation_Green', 'radiation_level.Radiation_Green', 'radiation_level.Radiation_Green', 'radiation_level.Radiation_Green', 'radiation_level.Radiation_Green', 'radiation_level.Radiation_Green', 'radiation_level.Radiation_Green', 'radiation_level.Radiation_Green', 'radiation_level.Radiation_Green', 'radiation_level.Radiation_Green', 'radiation_level.Radiation_Green', 'radiation_level.Radiation_Green', 'radiation_level.Radiation_Green', 'radiation_level.Radiation_Green', 'radiation_level.Radiation_Green', 'radiation_level.Radiation_Green', 'radiation_level.Radiation_Green', 'radiation_level.Radiation_Green', 'radiation_level.Radiation_Green', 'radiation_level.Radiation_Green', 'radiation_level.Radiation_Green', 'radiation_level.Radiation_Green', 'radiation_level.Radiation_Green', 'radiation_level.Radiation_Green', 'radiation_level.Radiation_Green', 'radiation_level.Radiation_Green', 'radiation_level.Radiation_Green', 'radiation_level.Radiation_Green', 'radiation_level.Radiation_Green', 'radiation_level.Radiation_Green', 'radiation_level.Radiation_Green', 'radiation_level.Radiation_Green', 'radiation_level.Radiation_Green', 'radiation_level.Radiation_Green', 'radiation_level.Radiation_Green', 'radiation_level.Radiation_Orange', 'radiation_level.Radiation_Green', 'radiation_level.Radiation_Green', 'radiation_level.Radiation_Green', 'radiation_level.Radiation_Green', 'radiation_level.Radiation_Green', 'radiation_level.Radiation_Green', 'radiation_level.Radiation_Green', 'radiation_level.Radiation_Green', 'radiation_level.Radiation_Green', 'radiation_level.Radiation_Green', 'radiation_level.Radiation_Green', 'radiation_level.Radiation_Green', 'radiation_level.Radiation_Green', 'radiation_level.Radiation_Green', 'radiation_level.Radiation_Green', 'radiation_level.Radiation_Green', 'radiation_level.Radiation_Green', 'radiation_level.Radiation_Green', 'radiation_level.Radiation_Green', 'radiation_level.Radiation_Green', 'radiation_level.Radiation_Green', 'radiation_level.Radiation_Green', 'radiation_level.Radiation_Green', 'radiation_level.Radiation_Green', 'radiation_level.Radiation_Green', 'radiation_level.Radiation_Green', 'radiation_level.Radiation_Green', 'radiation_level.Radiation_Green', 'radiation_level.Radiation_Green', 'radiation_level.Radiation_Green', 'radiation_level.Radiation_Green', 'radiation_level.Radiation_Green', 'radiation_level.Radiation_Green', 'move.1']
2026-01-27 18:40:16,308 - varanus - ERROR - The permissible events were: ['radiation_level.Radiation_Red', 'radiation_level.Radiation_Green', 'radiation_level.Radiation_Orange', 'move.0']
2026-01-27 18:40:16,308 - varanus - INFO - Trace file finished with violations
2026-01-27 18:40:18,803 - varanus - INFO - +++ Build Time: 			54.9991691113s +++
2026-01-27 18:40:18,803 - varanus - INFO - +++ Check Time: 			0.020033121109s +++
2026-01-27 18:40:18,804 - varanus - INFO - +++ Average Transition Time: 	0.000136088680577s (74 events) +++
2026-01-27 18:40:18,804 - varanus - INFO - +++ Total Time: 			55.141808033s +++
