2026-01-27 18:52:16,904 - varanus - INFO - +++ Testing rover_robochart_model_ras_fail_param_mismatch +++
2026-01-27 18:52:16,905 - varanus - INFO - Preprocessing...
2026-01-27 18:52:16,905 - varanus - INFO - Preprocessing: pass
2026-01-27 18:52:16,905 - varanus - INFO - +++ Running Offline +++
2026-01-27 18:52:17,025 - varanus - INFO - Building CSP State Machine. Please Wait
2026-01-27 18:53:11,937 - varanus - INFO - Building CSP State Machine
2026-01-27 18:53:11,943 - varanus - INFO - +++ checking that normal(RCSystem) is deterministic with given alphabets +++
2026-01-27 18:53:11,943 - varanus - INFO - +++ starting monitoring against normal(RCSystem) +++
2026-01-27 18:53:11,943 - varanus - INFO - +++ Running Offline -- Using State Machine +++
2026-01-27 18:53:11,943 - varanus - INFO - Parsing trace file at: oracles/inspection-rover-ras/trace-json-fail-param-mismatch.txt
2026-01-27 18:53:11,953 - varanus - INFO - Parsed trace file OK
2026-01-27 18:53:11,954 - varanus - INFO - Checking trace file: oracles/inspection-rover-ras/trace-json-fail-param-mismatch.txt
2026-01-27 18:53:11,954 - varanus - INFO - In state 16187007277633237420 saw radiation_level.Radiation_Green
2026-01-27 18:53:11,954 - varanus - INFO - In state 16187007277633237420 saw radiation_level.Radiation_Green
2026-01-27 18:53:11,954 - varanus - INFO - In state 16187007277633237420 saw radiation_level.Radiation_Green
2026-01-27 18:53:11,954 - varanus - INFO - In state 16187007277633237420 saw radiation_level.Radiation_Green
2026-01-27 18:53:11,954 - varanus - INFO - In state 16187007277633237420 saw radiation_level.Radiation_Green
2026-01-27 18:53:11,954 - varanus - INFO - In state 16187007277633237420 saw radiation_level.Radiation_Green
2026-01-27 18:53:11,955 - varanus - INFO - In state 16187007277633237420 saw radiation_level.Radiation_Green
2026-01-27 18:53:11,955 - varanus - INFO - In state 16187007277633237420 saw radiation_level.Radiation_Green
2026-01-27 18:53:11,955 - varanus - INFO - In state 16187007277633237420 saw radiation_level.Radiation_Green
2026-01-27 18:53:11,955 - varanus - INFO - In state 16187007277633237420 saw radiation_level.Radiation_Green
2026-01-27 18:53:11,955 - varanus - INFO - In state 16187007277633237420 saw radiation_level.Radiation_Green
2026-01-27 18:53:11,955 - varanus - INFO - In state 16187007277633237420 saw radiation_level.Radiation_Green
2026-01-27 18:53:11,955 - varanus - INFO - In state 16187007277633237420 saw radiation_level.Radiation_Green
2026-01-27 18:53:11,956 - varanus - INFO - In state 16187007277633237420 saw radiation_level.Radiation_Green
2026-01-27 18:53:11,956 - varanus - INFO - In state 16187007277633237420 saw radiation_level.Radiation_Green
2026-01-27 18:53:11,956 - varanus - INFO - In state 16187007277633237420 saw radiation_level.Radiation_Green
2026-01-27 18:53:11,956 - varanus - INFO - In state 16187007277633237420 saw radiation_level.Radiation_Green
2026-01-27 18:53:11,956 - varanus - INFO - In state 16187007277633237420 saw radiation_level.Radiation_Green
2026-01-27 18:53:11,956 - varanus - INFO - In state 16187007277633237420 saw radiation_level.Radiation_Green
2026-01-27 18:53:11,956 - varanus - INFO - In state 16187007277633237420 saw radiation_level.Radiation_Green
2026-01-27 18:53:11,957 - varanus - INFO - In state 16187007277633237420 saw radiation_level.Radiation_Green
2026-01-27 18:53:11,957 - varanus - INFO - In state 16187007277633237420 saw radiation_level.Radiation_Green
2026-01-27 18:53:11,957 - varanus - INFO - In state 16187007277633237420 saw radiation_level.Radiation_Green
2026-01-27 18:53:11,957 - varanus - INFO - In state 16187007277633237420 saw radiation_level.Radiation_Green
2026-01-27 18:53:11,957 - varanus - INFO - In state 16187007277633237420 saw radiation_level.Radiation_Green
2026-01-27 18:53:11,957 - varanus - INFO - In state 16187007277633237420 saw radiation_level.Radiation_Green
2026-01-27 18:53:11,957 - varanus - INFO - In state 16187007277633237420 saw radiation_level.Radiation_Green
2026-01-27 18:53:11,957 - varanus - INFO - In state 16187007277633237420 saw radiation_level.Radiation_Green
2026-01-27 18:53:11,958 - varanus - INFO - In state 16187007277633237420 saw radiation_level.Radiation_Green
2026-01-27 18:53:11,958 - varanus - INFO - In state 16187007277633237420 saw radiation_level.Radiation_Green
2026-01-27 18:53:11,958 - varanus - INFO - In state 16187007277633237420 saw radiation_level.Radiation_Green
2026-01-27 18:53:11,958 - varanus - INFO - In state 16187007277633237420 saw radiation_level.Radiation_Green
2026-01-27 18:53:11,958 - varanus - INFO - In state 16187007277633237420 saw radiation_level.Radiation_Green
2026-01-27 18:53:11,958 - varanus - INFO - In state 16187007277633237420 saw radiation_level.Radiation_Green
2026-01-27 18:53:11,958 - varanus - INFO - In state 16187007277633237420 saw radiation_level.Radiation_Green
2026-01-27 18:53:11,959 - varanus - INFO - In state 16187007277633237420 saw radiation_level.Radiation_Green
2026-01-27 18:53:11,959 - varanus - INFO - In state 16187007277633237420 saw radiation_level.Radiation_Green
2026-01-27 18:53:11,959 - varanus - INFO - In state 16187007277633237420 saw radiation_level.Radiation_Green
2026-01-27 18:53:11,959 - varanus - INFO - In state 16187007277633237420 saw radiation_level.Radiation_Green
2026-01-27 18:53:11,959 - varanus - INFO - In state 16187007277633237420 saw radiation_level.Radiation_Green
2026-01-27 18:53:11,959 - varanus - INFO - In state 16187007277633237420 saw radiation_level.Radiation_Green
2026-01-27 18:53:11,959 - varanus - INFO - In state 16187007277633237420 saw radiation_level.Radiation_Green
2026-01-27 18:53:11,959 - varanus - INFO - In state 16187007277633237420 saw radiation_level.Radiation_Green
2026-01-27 18:53:11,960 - varanus - INFO - In state 16187007277633237420 saw radiation_level.Radiation_Green
2026-01-27 18:53:11,960 - varanus - INFO - In state 16187007277633237420 saw radiation_level.Radiation_Green
2026-01-27 18:53:11,960 - varanus - INFO - In state 16187007277633237420 saw radiation_level.Radiation_Green
2026-01-27 18:53:11,960 - varanus - INFO - In state 16187007277633237420 saw radiation_level.Radiation_Green
2026-01-27 18:53:11,960 - varanus - INFO - In state 16187007277633237420 saw radiation_level.Radiation_Green
2026-01-27 18:53:11,960 - varanus - INFO - In state 16187007277633237420 saw radiation_level.Radiation_Green
2026-01-27 18:53:11,960 - varanus - INFO - In state 16187007277633237420 saw radiation_level.Radiation_Green
2026-01-27 18:53:11,961 - varanus - INFO - In state 16187007277633237420 saw radiation_level.Radiation_Green
2026-01-27 18:53:11,961 - varanus - INFO - In state 16187007277633237420 saw radiation_level.Radiation_Green
2026-01-27 18:53:11,961 - varanus - INFO - In state 16187007277633237420 saw radiation_level.Radiation_Green
2026-01-27 18:53:11,961 - varanus - INFO - In state 16187007277633237420 saw radiation_level.Radiation_Green
2026-01-27 18:53:11,961 - varanus - INFO - In state 16187007277633237420 saw radiation_level.Radiation_Green
2026-01-27 18:53:11,961 - varanus - INFO - In state 16187007277633237420 saw radiation_level.Radiation_Green
2026-01-27 18:53:11,961 - varanus - INFO - In state 16187007277633237420 saw radiation_level.Radiation_Green
2026-01-27 18:53:11,962 - varanus - INFO - In state 16187007277633237420 saw radiation_level.Radiation_Green
2026-01-27 18:53:11,962 - varanus - INFO - In state 16187007277633237420 saw radiation_level.Radiation_Green
2026-01-27 18:53:11,962 - varanus - INFO - In state 16187007277633237420 saw radiation_level.Radiation_Green
2026-01-27 18:53:11,962 - varanus - INFO - In state 16187007277633237420 saw radiation_level.Radiation_Green
2026-01-27 18:53:11,962 - varanus - INFO - In state 16187007277633237420 saw radiation_level.Radiation_Green
2026-01-27 18:53:11,962 - varanus - INFO - In state 16187007277633237420 saw radiation_level.Radiation_Green
2026-01-27 18:53:11,962 - varanus - INFO - In state 16187007277633237420 saw radiation_level.Radiation_Green
2026-01-27 18:53:11,963 - varanus - INFO - In state 16187007277633237420 saw radiation_level.Radiation_Green
2026-01-27 18:53:11,963 - varanus - INFO - In state 16187007277633237420 saw radiation_level.Radiation_Green
2026-01-27 18:53:11,963 - varanus - INFO - In state 16187007277633237420 saw radiation_level.Radiation_Green
2026-01-27 18:53:11,963 - varanus - INFO - In state 16187007277633237420 saw radiation_level.Radiation_Green
2026-01-27 18:53:11,963 - varanus - INFO - In state 16187007277633237420 saw radiation_level.Radiation_Green
2026-01-27 18:53:11,964 - varanus - INFO - In state 16187007277633237420 saw radiation_level.Radiation_Green
2026-01-27 18:53:11,964 - varanus - INFO - In state 16187007277633237420 saw radiation_level.Radiation_Green
2026-01-27 18:53:11,964 - varanus - INFO - In state 16187007277633237420 saw radiation_level.Radiation_Green
2026-01-27 18:53:11,964 - varanus - INFO - In state 16187007277633237420 saw radiation_level.Radiation_Green
2026-01-27 18:53:11,964 - varanus - INFO - In state 16187007277633237420 saw move.1
2026-01-27 18:53:11,965 - varanus - INFO - In state 824750381067182135 saw radiation_level.Radiation_Green
2026-01-27 18:53:11,965 - varanus - INFO - In state 824750381067182135 saw radiation_level.Radiation_Green
2026-01-27 18:53:11,965 - varanus - INFO - In state 824750381067182135 saw radiation_level.Radiation_Green
2026-01-27 18:53:11,965 - varanus - INFO - In state 824750381067182135 saw radiation_level.Radiation_Green
2026-01-27 18:53:11,965 - varanus - INFO - In state 824750381067182135 saw radiation_level.Radiation_Green
2026-01-27 18:53:11,966 - varanus - INFO - In state 824750381067182135 saw radiation_level.Radiation_Green
2026-01-27 18:53:11,966 - varanus - INFO - In state 824750381067182135 saw radiation_level.Radiation_Green
2026-01-27 18:53:11,966 - varanus - INFO - In state 824750381067182135 saw radiation_level.Radiation_Green
2026-01-27 18:53:11,966 - varanus - INFO - In state 824750381067182135 saw radiation_level.Radiation_Green
2026-01-27 18:53:11,966 - varanus - INFO - In state 824750381067182135 saw radiation_level.Radiation_Green
2026-01-27 18:53:11,966 - varanus - INFO - In state 824750381067182135 saw radiation_level.Radiation_Green
2026-01-27 18:53:11,966 - varanus - INFO - In state 824750381067182135 saw radiation_level.Radiation_Green
2026-01-27 18:53:11,966 - varanus - INFO - In state 824750381067182135 saw radiation_level.Radiation_Green
2026-01-27 18:53:11,967 - varanus - INFO - In state 824750381067182135 saw radiation_level.Radiation_Green
2026-01-27 18:53:11,967 - varanus - INFO - In state 824750381067182135 saw radiation_level.Radiation_Green
2026-01-27 18:53:11,967 - varanus - INFO - In state 824750381067182135 saw radiation_level.Radiation_Green
2026-01-27 18:53:11,967 - varanus - INFO - In state 824750381067182135 saw radiation_level.Radiation_Green
2026-01-27 18:53:11,967 - varanus - INFO - In state 824750381067182135 saw arrived_at.3
2026-01-27 18:53:11,967 - varanus - INFO - UNEXPECTED TRANSITION
2026-01-27 18:53:11,967 - varanus - INFO - Stated alphabet returning bad state i.e. None - saw bad event
2026-01-27 18:53:11,967 - varanus - ERROR - System Violated the Specification with Trace: ['radiation_level.Radiation_Green', 'radiation_level.Radiation_Green', 'radiation_level.Radiation_Green', 'radiation_level.Radiation_Green', 'radiation_level.Radiation_Green', 'radiation_level.Radiation_Green', 'radiation_level.Radiation_Green', 'radiation_level.Radiation_Green', 'radiation_level.Radiation_Green', 'radiation_level.Radiation_Green', 'radiation_level.Radiation_Green', 'radiation_level.Radiation_Green', 'radiation_level.Radiation_Green', 'radiation_level.Radiation_Green', 'radiation_level.Radiation_Green', 'radiation_level.Radiation_Green', 'radiation_level.Radiation_Green', 'radiation_level.Radiation_Green', 'radiation_level.Radiation_Green', 'radiation_level.Radiation_Green', 'radiation_level.Radiation_Green', 'radiation_level.Radiation_Green', 'radiation_level.Radiation_Green', 'radiation_level.Radiation_Green', 'radiation_level.Radiation_Green', 'radiation_level.Radiation_Green', 'radiation_level.Radiation_Green', 'radiation_level.Radiation_Green', 'radiation_level.Radiation_Green', 'radiation_level.Radiation_Green', 'radiation_level.Radiation_Green', 'radiation_level.Radiation_Green', 'radiation_level.Radiation_Green', 'radiation_level.Radiation_Green', 'radiation_level.Radiation_Green', 'radiation_level.Radiation_Green', 'radiation_level.Radiation_Green', 'radiation_level.Radiation_Green', 'radiation_level.Radiation_Green', 'radiation_level.Radiation_Green', 'radiation_level.Radiation_Green', 'radiation_level.Radiation_Green', 'radiation_level.Radiation_Green', 'radiation_level.Radiation_Green', 'radiation_level.Radiation_Green', 'radiation_level.Radiation_Green', 'radiation_level.Radiation_Green', 'radiation_level.Radiation_Green', 'radiation_level.Radiation_Green', 'radiation_level.Radiation_Green', 'radiation_level.Radiation_Green', 'radiation_level.Radiation_Green', 'radiation_level.Radiation_Green', 'radiation_level.Radiation_Green', 'radiation_level.Radiation_Green', 'radiation_level.Radiation_Green', 'radiation_level.Radiation_Green', 'radiation_level.Radiation_Green', 'radiation_level.Radiation_Green', 'radiation_level.Radiation_Green', 'radiation_level.Radiation_Green', 'radiation_level.Radiation_Green', 'radiation_level.Radiation_Green', 'radiation_level.Radiation_Green', 'radiation_level.Radiation_Green', 'radiation_level.Radiation_Green', 'radiation_level.Radiation_Green', 'radiation_level.Radiation_Green', 'radiation_level.Radiation_Green', 'radiation_level.Radiation_Green', 'radiation_level.Radiation_Green', 'radiation_level.Radiation_Green', 'radiation_level.Radiation_Green', 'move.1', 'radiation_level.Radiation_Green', 'radiation_level.Radiation_Green', 'radiation_level.Radiation_Green', 'radiation_level.Radiation_Green', 'radiation_level.Radiation_Green', 'radiation_level.Radiation_Green', 'radiation_level.Radiation_Green', 'radiation_level.Radiation_Green', 'radiation_level.Radiation_Green', 'radiation_level.Radiation_Green', 'radiation_level.Radiation_Green', 'radiation_level.Radiation_Green', 'radiation_level.Radiation_Green', 'radiation_level.Radiation_Green', 'radiation_level.Radiation_Green', 'radiation_level.Radiation_Green', 'radiation_level.Radiation_Green', 'arrived_at.3']
2026-01-27 18:53:11,967 - varanus - ERROR - The permissible events were: ['radiation_level.Radiation_Red', 'radiation_level.Radiation_Green', 'arrived_at.1', 'radiation_level.Radiation_Orange']
2026-01-27 18:53:11,967 - varanus - INFO - Trace file finished with violations
2026-01-27 18:53:14,456 - varanus - INFO - +++ Build Time: 			54.9170601368s +++
2026-01-27 18:53:14,456 - varanus - INFO - +++ Check Time: 			0.024631023407s +++
2026-01-27 18:53:14,456 - varanus - INFO - +++ Average Transition Time: 	0.000147135361381s (92 events) +++
2026-01-27 18:53:14,456 - varanus - INFO - +++ Total Time: 			55.0629019737s +++
