2026-01-27 18:53:17,779 - varanus - INFO - +++ Testing rover_robochart_model_ras_fail_param_mismatch +++
2026-01-27 18:53:17,779 - varanus - INFO - Preprocessing...
2026-01-27 18:53:17,779 - varanus - INFO - Preprocessing: pass
2026-01-27 18:53:17,779 - varanus - INFO - +++ Running Offline +++
2026-01-27 18:53:17,899 - varanus - INFO - Building CSP State Machine. Please Wait
2026-01-27 18:54:12,685 - varanus - INFO - Building CSP State Machine
2026-01-27 18:54:12,692 - varanus - INFO - +++ checking that normal(RCSystem) is deterministic with given alphabets +++
2026-01-27 18:54:12,692 - varanus - INFO - +++ starting monitoring against normal(RCSystem) +++
2026-01-27 18:54:12,692 - varanus - INFO - +++ Running Offline -- Using State Machine +++
2026-01-27 18:54:12,692 - varanus - INFO - Parsing trace file at: oracles/inspection-rover-ras/trace-json-fail-param-mismatch.txt
2026-01-27 18:54:12,707 - varanus - INFO - Parsed trace file OK
2026-01-27 18:54:12,707 - varanus - INFO - Checking trace file: oracles/inspection-rover-ras/trace-json-fail-param-mismatch.txt
2026-01-27 18:54:12,707 - varanus - INFO - In state 16187007277633237420 saw radiation_level.Radiation_Green
2026-01-27 18:54:12,707 - varanus - INFO - In state 16187007277633237420 saw radiation_level.Radiation_Green
2026-01-27 18:54:12,707 - varanus - INFO - In state 16187007277633237420 saw radiation_level.Radiation_Green
2026-01-27 18:54:12,707 - varanus - INFO - In state 16187007277633237420 saw radiation_level.Radiation_Green
2026-01-27 18:54:12,708 - varanus - INFO - In state 16187007277633237420 saw radiation_level.Radiation_Green
2026-01-27 18:54:12,708 - varanus - INFO - In state 16187007277633237420 saw radiation_level.Radiation_Green
2026-01-27 18:54:12,708 - varanus - INFO - In state 16187007277633237420 saw radiation_level.Radiation_Green
2026-01-27 18:54:12,708 - varanus - INFO - In state 16187007277633237420 saw radiation_level.Radiation_Green
2026-01-27 18:54:12,709 - varanus - INFO - In state 16187007277633237420 saw radiation_level.Radiation_Green
2026-01-27 18:54:12,709 - varanus - INFO - In state 16187007277633237420 saw radiation_level.Radiation_Green
2026-01-27 18:54:12,711 - varanus - INFO - In state 16187007277633237420 saw radiation_level.Radiation_Green
2026-01-27 18:54:12,711 - varanus - INFO - In state 16187007277633237420 saw radiation_level.Radiation_Green
2026-01-27 18:54:12,711 - varanus - INFO - In state 16187007277633237420 saw radiation_level.Radiation_Green
2026-01-27 18:54:12,712 - varanus - INFO - In state 16187007277633237420 saw radiation_level.Radiation_Green
2026-01-27 18:54:12,712 - varanus - INFO - In state 16187007277633237420 saw radiation_level.Radiation_Green
2026-01-27 18:54:12,712 - varanus - INFO - In state 16187007277633237420 saw radiation_level.Radiation_Green
2026-01-27 18:54:12,712 - varanus - INFO - In state 16187007277633237420 saw radiation_level.Radiation_Green
2026-01-27 18:54:12,713 - varanus - INFO - In state 16187007277633237420 saw radiation_level.Radiation_Green
2026-01-27 18:54:12,713 - varanus - INFO - In state 16187007277633237420 saw radiation_level.Radiation_Green
2026-01-27 18:54:12,713 - varanus - INFO - In state 16187007277633237420 saw radiation_level.Radiation_Green
2026-01-27 18:54:12,713 - varanus - INFO - In state 16187007277633237420 saw radiation_level.Radiation_Green
2026-01-27 18:54:12,713 - varanus - INFO - In state 16187007277633237420 saw radiation_level.Radiation_Green
2026-01-27 18:54:12,714 - varanus - INFO - In state 16187007277633237420 saw radiation_level.Radiation_Green
2026-01-27 18:54:12,714 - varanus - INFO - In state 16187007277633237420 saw radiation_level.Radiation_Green
2026-01-27 18:54:12,714 - varanus - INFO - In state 16187007277633237420 saw radiation_level.Radiation_Green
2026-01-27 18:54:12,714 - varanus - INFO - In state 16187007277633237420 saw radiation_level.Radiation_Green
2026-01-27 18:54:12,714 - varanus - INFO - In state 16187007277633237420 saw radiation_level.Radiation_Green
2026-01-27 18:54:12,715 - varanus - INFO - In state 16187007277633237420 saw radiation_level.Radiation_Green
2026-01-27 18:54:12,715 - varanus - INFO - In state 16187007277633237420 saw radiation_level.Radiation_Green
2026-01-27 18:54:12,715 - varanus - INFO - In state 16187007277633237420 saw radiation_level.Radiation_Green
2026-01-27 18:54:12,716 - varanus - INFO - In state 16187007277633237420 saw radiation_level.Radiation_Green
2026-01-27 18:54:12,716 - varanus - INFO - In state 16187007277633237420 saw radiation_level.Radiation_Green
2026-01-27 18:54:12,716 - varanus - INFO - In state 16187007277633237420 saw radiation_level.Radiation_Green
2026-01-27 18:54:12,716 - varanus - INFO - In state 16187007277633237420 saw radiation_level.Radiation_Green
2026-01-27 18:54:12,716 - varanus - INFO - In state 16187007277633237420 saw radiation_level.Radiation_Green
2026-01-27 18:54:12,716 - varanus - INFO - In state 16187007277633237420 saw radiation_level.Radiation_Green
2026-01-27 18:54:12,717 - varanus - INFO - In state 16187007277633237420 saw radiation_level.Radiation_Green
2026-01-27 18:54:12,717 - varanus - INFO - In state 16187007277633237420 saw radiation_level.Radiation_Green
2026-01-27 18:54:12,717 - varanus - INFO - In state 16187007277633237420 saw radiation_level.Radiation_Green
2026-01-27 18:54:12,717 - varanus - INFO - In state 16187007277633237420 saw radiation_level.Radiation_Green
2026-01-27 18:54:12,717 - varanus - INFO - In state 16187007277633237420 saw radiation_level.Radiation_Green
2026-01-27 18:54:12,717 - varanus - INFO - In state 16187007277633237420 saw radiation_level.Radiation_Green
2026-01-27 18:54:12,717 - varanus - INFO - In state 16187007277633237420 saw radiation_level.Radiation_Green
2026-01-27 18:54:12,718 - varanus - INFO - In state 16187007277633237420 saw radiation_level.Radiation_Green
2026-01-27 18:54:12,718 - varanus - INFO - In state 16187007277633237420 saw radiation_level.Radiation_Green
2026-01-27 18:54:12,718 - varanus - INFO - In state 16187007277633237420 saw radiation_level.Radiation_Green
2026-01-27 18:54:12,718 - varanus - INFO - In state 16187007277633237420 saw radiation_level.Radiation_Green
2026-01-27 18:54:12,718 - varanus - INFO - In state 16187007277633237420 saw radiation_level.Radiation_Green
2026-01-27 18:54:12,718 - varanus - INFO - In state 16187007277633237420 saw radiation_level.Radiation_Green
2026-01-27 18:54:12,719 - varanus - INFO - In state 16187007277633237420 saw radiation_level.Radiation_Green
2026-01-27 18:54:12,719 - varanus - INFO - In state 16187007277633237420 saw radiation_level.Radiation_Green
2026-01-27 18:54:12,719 - varanus - INFO - In state 16187007277633237420 saw radiation_level.Radiation_Green
2026-01-27 18:54:12,719 - varanus - INFO - In state 16187007277633237420 saw radiation_level.Radiation_Green
2026-01-27 18:54:12,719 - varanus - INFO - In state 16187007277633237420 saw radiation_level.Radiation_Green
2026-01-27 18:54:12,719 - varanus - INFO - In state 16187007277633237420 saw radiation_level.Radiation_Green
2026-01-27 18:54:12,719 - varanus - INFO - In state 16187007277633237420 saw radiation_level.Radiation_Green
2026-01-27 18:54:12,720 - varanus - INFO - In state 16187007277633237420 saw radiation_level.Radiation_Green
2026-01-27 18:54:12,720 - varanus - INFO - In state 16187007277633237420 saw radiation_level.Radiation_Green
2026-01-27 18:54:12,720 - varanus - INFO - In state 16187007277633237420 saw radiation_level.Radiation_Green
2026-01-27 18:54:12,720 - varanus - INFO - In state 16187007277633237420 saw radiation_level.Radiation_Green
2026-01-27 18:54:12,720 - varanus - INFO - In state 16187007277633237420 saw radiation_level.Radiation_Green
2026-01-27 18:54:12,720 - varanus - INFO - In state 16187007277633237420 saw radiation_level.Radiation_Green
2026-01-27 18:54:12,720 - varanus - INFO - In state 16187007277633237420 saw radiation_level.Radiation_Green
2026-01-27 18:54:12,720 - varanus - INFO - In state 16187007277633237420 saw radiation_level.Radiation_Green
2026-01-27 18:54:12,721 - varanus - INFO - In state 16187007277633237420 saw radiation_level.Radiation_Green
2026-01-27 18:54:12,721 - varanus - INFO - In state 16187007277633237420 saw radiation_level.Radiation_Green
2026-01-27 18:54:12,721 - varanus - INFO - In state 16187007277633237420 saw radiation_level.Radiation_Green
2026-01-27 18:54:12,721 - varanus - INFO - In state 16187007277633237420 saw radiation_level.Radiation_Green
2026-01-27 18:54:12,721 - varanus - INFO - In state 16187007277633237420 saw radiation_level.Radiation_Green
2026-01-27 18:54:12,721 - varanus - INFO - In state 16187007277633237420 saw radiation_level.Radiation_Green
2026-01-27 18:54:12,721 - varanus - INFO - In state 16187007277633237420 saw radiation_level.Radiation_Green
2026-01-27 18:54:12,721 - varanus - INFO - In state 16187007277633237420 saw radiation_level.Radiation_Green
2026-01-27 18:54:12,722 - varanus - INFO - In state 16187007277633237420 saw radiation_level.Radiation_Green
2026-01-27 18:54:12,722 - varanus - INFO - In state 16187007277633237420 saw move.1
2026-01-27 18:54:12,722 - varanus - INFO - In state 824750381067182135 saw radiation_level.Radiation_Green
2026-01-27 18:54:12,722 - varanus - INFO - In state 824750381067182135 saw radiation_level.Radiation_Green
2026-01-27 18:54:12,722 - varanus - INFO - In state 824750381067182135 saw radiation_level.Radiation_Green
2026-01-27 18:54:12,722 - varanus - INFO - In state 824750381067182135 saw radiation_level.Radiation_Green
2026-01-27 18:54:12,722 - varanus - INFO - In state 824750381067182135 saw radiation_level.Radiation_Green
2026-01-27 18:54:12,722 - varanus - INFO - In state 824750381067182135 saw radiation_level.Radiation_Green
2026-01-27 18:54:12,723 - varanus - INFO - In state 824750381067182135 saw radiation_level.Radiation_Green
2026-01-27 18:54:12,723 - varanus - INFO - In state 824750381067182135 saw radiation_level.Radiation_Green
2026-01-27 18:54:12,723 - varanus - INFO - In state 824750381067182135 saw radiation_level.Radiation_Green
2026-01-27 18:54:12,723 - varanus - INFO - In state 824750381067182135 saw radiation_level.Radiation_Green
2026-01-27 18:54:12,723 - varanus - INFO - In state 824750381067182135 saw radiation_level.Radiation_Green
2026-01-27 18:54:12,723 - varanus - INFO - In state 824750381067182135 saw radiation_level.Radiation_Green
2026-01-27 18:54:12,723 - varanus - INFO - In state 824750381067182135 saw radiation_level.Radiation_Green
2026-01-27 18:54:12,723 - varanus - INFO - In state 824750381067182135 saw radiation_level.Radiation_Green
2026-01-27 18:54:12,724 - varanus - INFO - In state 824750381067182135 saw radiation_level.Radiation_Green
2026-01-27 18:54:12,724 - varanus - INFO - In state 824750381067182135 saw radiation_level.Radiation_Green
2026-01-27 18:54:12,724 - varanus - INFO - In state 824750381067182135 saw radiation_level.Radiation_Green
2026-01-27 18:54:12,724 - varanus - INFO - In state 824750381067182135 saw arrived_at.3
2026-01-27 18:54:12,724 - varanus - INFO - UNEXPECTED TRANSITION
2026-01-27 18:54:12,724 - varanus - INFO - Stated alphabet returning bad state i.e. None - saw bad event
2026-01-27 18:54:12,724 - varanus - ERROR - System Violated the Specification with Trace: ['radiation_level.Radiation_Green', 'radiation_level.Radiation_Green', 'radiation_level.Radiation_Green', 'radiation_level.Radiation_Green', 'radiation_level.Radiation_Green', 'radiation_level.Radiation_Green', 'radiation_level.Radiation_Green', 'radiation_level.Radiation_Green', 'radiation_level.Radiation_Green', 'radiation_level.Radiation_Green', 'radiation_level.Radiation_Green', 'radiation_level.Radiation_Green', 'radiation_level.Radiation_Green', 'radiation_level.Radiation_Green', 'radiation_level.Radiation_Green', 'radiation_level.Radiation_Green', 'radiation_level.Radiation_Green', 'radiation_level.Radiation_Green', 'radiation_level.Radiation_Green', 'radiation_level.Radiation_Green', 'radiation_level.Radiation_Green', 'radiation_level.Radiation_Green', 'radiation_level.Radiation_Green', 'radiation_level.Radiation_Green', 'radiation_level.Radiation_Green', 'radiation_level.Radiation_Green', 'radiation_level.Radiation_Green', 'radiation_level.Radiation_Green', 'radiation_level.Radiation_Green', 'radiation_level.Radiation_Green', 'radiation_level.Radiation_Green', 'radiation_level.Radiation_Green', 'radiation_level.Radiation_Green', 'radiation_level.Radiation_Green', 'radiation_level.Radiation_Green', 'radiation_level.Radiation_Green', 'radiation_level.Radiation_Green', 'radiation_level.Radiation_Green', 'radiation_level.Radiation_Green', 'radiation_level.Radiation_Green', 'radiation_level.Radiation_Green', 'radiation_level.Radiation_Green', 'radiation_level.Radiation_Green', 'radiation_level.Radiation_Green', 'radiation_level.Radiation_Green', 'radiation_level.Radiation_Green', 'radiation_level.Radiation_Green', 'radiation_level.Radiation_Green', 'radiation_level.Radiation_Green', 'radiation_level.Radiation_Green', 'radiation_level.Radiation_Green', 'radiation_level.Radiation_Green', 'radiation_level.Radiation_Green', 'radiation_level.Radiation_Green', 'radiation_level.Radiation_Green', 'radiation_level.Radiation_Green', 'radiation_level.Radiation_Green', 'radiation_level.Radiation_Green', 'radiation_level.Radiation_Green', 'radiation_level.Radiation_Green', 'radiation_level.Radiation_Green', 'radiation_level.Radiation_Green', 'radiation_level.Radiation_Green', 'radiation_level.Radiation_Green', 'radiation_level.Radiation_Green', 'radiation_level.Radiation_Green', 'radiation_level.Radiation_Green', 'radiation_level.Radiation_Green', 'radiation_level.Radiation_Green', 'radiation_level.Radiation_Green', 'radiation_level.Radiation_Green', 'radiation_level.Radiation_Green', 'radiation_level.Radiation_Green', 'move.1', 'radiation_level.Radiation_Green', 'radiation_level.Radiation_Green', 'radiation_level.Radiation_Green', 'radiation_level.Radiation_Green', 'radiation_level.Radiation_Green', 'radiation_level.Radiation_Green', 'radiation_level.Radiation_Green', 'radiation_level.Radiation_Green', 'radiation_level.Radiation_Green', 'radiation_level.Radiation_Green', 'radiation_level.Radiation_Green', 'radiation_level.Radiation_Green', 'radiation_level.Radiation_Green', 'radiation_level.Radiation_Green', 'radiation_level.Radiation_Green', 'radiation_level.Radiation_Green', 'radiation_level.Radiation_Green', 'arrived_at.3']
2026-01-27 18:54:12,724 - varanus - ERROR - The permissible events were: ['radiation_level.Radiation_Red', 'radiation_level.Radiation_Green', 'arrived_at.1', 'radiation_level.Radiation_Orange']
2026-01-27 18:54:12,724 - varanus - INFO - Trace file finished with violations
2026-01-27 18:54:15,196 - varanus - INFO - +++ Build Time: 			54.7925789356s +++
2026-01-27 18:54:15,196 - varanus - INFO - +++ Check Time: 			0.0324120521545s +++
2026-01-27 18:54:15,196 - varanus - INFO - +++ Average Transition Time: 	0.000188500984855s (92 events) +++
2026-01-27 18:54:15,196 - varanus - INFO - +++ Total Time: 			54.945486784s +++
