2026-01-27 16:51:25,094 - varanus - INFO - +++ Testing rover_model_ras_fail_param_mismatch +++
2026-01-27 16:51:25,094 - varanus - INFO - Preprocessing...
2026-01-27 16:51:25,094 - varanus - INFO - Preprocessing: pass
2026-01-27 16:51:25,094 - varanus - INFO - +++ Running Offline +++
2026-01-27 16:51:25,116 - varanus - INFO - Building CSP State Machine. Please Wait
2026-01-27 16:51:25,325 - varanus - INFO - Building CSP State Machine
2026-01-27 16:51:25,471 - varanus - INFO - +++ checking that ROVER_SYSTEM is deterministic with given alphabets +++
2026-01-27 16:51:25,471 - varanus - INFO - +++ starting monitoring against ROVER_SYSTEM +++
2026-01-27 16:51:25,471 - varanus - INFO - +++ Running Offline -- Using State Machine +++
2026-01-27 16:51:25,472 - varanus - INFO - Parsing trace file at: oracles/inspection-rover-ras/trace-json-fail-param-mismatch.txt
2026-01-27 16:51:25,484 - varanus - INFO - Parsed trace file OK
2026-01-27 16:51:25,484 - varanus - INFO - Checking trace file: oracles/inspection-rover-ras/trace-json-fail-param-mismatch.txt
2026-01-27 16:51:25,484 - varanus - INFO - In state 17976143188387390655 saw radiation_level.Green
2026-01-27 16:51:25,484 - varanus - INFO - In state 17976143188387390655 saw radiation_level.Green
2026-01-27 16:51:25,485 - varanus - INFO - In state 17976143188387390655 saw radiation_level.Green
2026-01-27 16:51:25,485 - varanus - INFO - In state 17976143188387390655 saw radiation_level.Green
2026-01-27 16:51:25,485 - varanus - INFO - In state 17976143188387390655 saw radiation_level.Green
2026-01-27 16:51:25,485 - varanus - INFO - In state 17976143188387390655 saw radiation_level.Green
2026-01-27 16:51:25,486 - varanus - INFO - In state 17976143188387390655 saw radiation_level.Green
2026-01-27 16:51:25,486 - varanus - INFO - In state 17976143188387390655 saw radiation_level.Green
2026-01-27 16:51:25,486 - varanus - INFO - In state 17976143188387390655 saw radiation_level.Green
2026-01-27 16:51:25,486 - varanus - INFO - In state 17976143188387390655 saw radiation_level.Green
2026-01-27 16:51:25,486 - varanus - INFO - In state 17976143188387390655 saw radiation_level.Green
2026-01-27 16:51:25,487 - varanus - INFO - In state 17976143188387390655 saw radiation_level.Green
2026-01-27 16:51:25,487 - varanus - INFO - In state 17976143188387390655 saw radiation_level.Green
2026-01-27 16:51:25,487 - varanus - INFO - In state 17976143188387390655 saw radiation_level.Green
2026-01-27 16:51:25,488 - varanus - INFO - In state 17976143188387390655 saw radiation_level.Green
2026-01-27 16:51:25,488 - varanus - INFO - In state 17976143188387390655 saw radiation_level.Green
2026-01-27 16:51:25,488 - varanus - INFO - In state 17976143188387390655 saw radiation_level.Green
2026-01-27 16:51:25,488 - varanus - INFO - In state 17976143188387390655 saw radiation_level.Green
2026-01-27 16:51:25,489 - varanus - INFO - In state 17976143188387390655 saw radiation_level.Green
2026-01-27 16:51:25,489 - varanus - INFO - In state 17976143188387390655 saw radiation_level.Green
2026-01-27 16:51:25,489 - varanus - INFO - In state 17976143188387390655 saw radiation_level.Green
2026-01-27 16:51:25,489 - varanus - INFO - In state 17976143188387390655 saw radiation_level.Green
2026-01-27 16:51:25,490 - varanus - INFO - In state 17976143188387390655 saw radiation_level.Green
2026-01-27 16:51:25,490 - varanus - INFO - In state 17976143188387390655 saw radiation_level.Green
2026-01-27 16:51:25,490 - varanus - INFO - In state 17976143188387390655 saw radiation_level.Green
2026-01-27 16:51:25,490 - varanus - INFO - In state 17976143188387390655 saw radiation_level.Green
2026-01-27 16:51:25,491 - varanus - INFO - In state 17976143188387390655 saw radiation_level.Green
2026-01-27 16:51:25,491 - varanus - INFO - In state 17976143188387390655 saw radiation_level.Green
2026-01-27 16:51:25,491 - varanus - INFO - In state 17976143188387390655 saw radiation_level.Green
2026-01-27 16:51:25,491 - varanus - INFO - In state 17976143188387390655 saw radiation_level.Green
2026-01-27 16:51:25,492 - varanus - INFO - In state 17976143188387390655 saw radiation_level.Green
2026-01-27 16:51:25,492 - varanus - INFO - In state 17976143188387390655 saw radiation_level.Green
2026-01-27 16:51:25,492 - varanus - INFO - In state 17976143188387390655 saw radiation_level.Green
2026-01-27 16:51:25,492 - varanus - INFO - In state 17976143188387390655 saw radiation_level.Green
2026-01-27 16:51:25,493 - varanus - INFO - In state 17976143188387390655 saw radiation_level.Green
2026-01-27 16:51:25,493 - varanus - INFO - In state 17976143188387390655 saw radiation_level.Green
2026-01-27 16:51:25,493 - varanus - INFO - In state 17976143188387390655 saw radiation_level.Green
2026-01-27 16:51:25,493 - varanus - INFO - In state 17976143188387390655 saw radiation_level.Green
2026-01-27 16:51:25,494 - varanus - INFO - In state 17976143188387390655 saw radiation_level.Green
2026-01-27 16:51:25,494 - varanus - INFO - In state 17976143188387390655 saw radiation_level.Green
2026-01-27 16:51:25,494 - varanus - INFO - In state 17976143188387390655 saw radiation_level.Green
2026-01-27 16:51:25,494 - varanus - INFO - In state 17976143188387390655 saw radiation_level.Green
2026-01-27 16:51:25,495 - varanus - INFO - In state 17976143188387390655 saw radiation_level.Green
2026-01-27 16:51:25,495 - varanus - INFO - In state 17976143188387390655 saw radiation_level.Green
2026-01-27 16:51:25,495 - varanus - INFO - In state 17976143188387390655 saw radiation_level.Green
2026-01-27 16:51:25,495 - varanus - INFO - In state 17976143188387390655 saw radiation_level.Green
2026-01-27 16:51:25,496 - varanus - INFO - In state 17976143188387390655 saw radiation_level.Green
2026-01-27 16:51:25,496 - varanus - INFO - In state 17976143188387390655 saw radiation_level.Green
2026-01-27 16:51:25,496 - varanus - INFO - In state 17976143188387390655 saw radiation_level.Green
2026-01-27 16:51:25,496 - varanus - INFO - In state 17976143188387390655 saw radiation_level.Green
2026-01-27 16:51:25,497 - varanus - INFO - In state 17976143188387390655 saw radiation_level.Green
2026-01-27 16:51:25,497 - varanus - INFO - In state 17976143188387390655 saw radiation_level.Green
2026-01-27 16:51:25,497 - varanus - INFO - In state 17976143188387390655 saw radiation_level.Green
2026-01-27 16:51:25,497 - varanus - INFO - In state 17976143188387390655 saw radiation_level.Green
2026-01-27 16:51:25,498 - varanus - INFO - In state 17976143188387390655 saw radiation_level.Green
2026-01-27 16:51:25,498 - varanus - INFO - In state 17976143188387390655 saw radiation_level.Green
2026-01-27 16:51:25,498 - varanus - INFO - In state 17976143188387390655 saw radiation_level.Green
2026-01-27 16:51:25,499 - varanus - INFO - In state 17976143188387390655 saw radiation_level.Green
2026-01-27 16:51:25,499 - varanus - INFO - In state 17976143188387390655 saw radiation_level.Green
2026-01-27 16:51:25,499 - varanus - INFO - In state 17976143188387390655 saw radiation_level.Green
2026-01-27 16:51:25,499 - varanus - INFO - In state 17976143188387390655 saw radiation_level.Green
2026-01-27 16:51:25,500 - varanus - INFO - In state 17976143188387390655 saw radiation_level.Green
2026-01-27 16:51:25,500 - varanus - INFO - In state 17976143188387390655 saw radiation_level.Green
2026-01-27 16:51:25,500 - varanus - INFO - In state 17976143188387390655 saw radiation_level.Green
2026-01-27 16:51:25,500 - varanus - INFO - In state 17976143188387390655 saw radiation_level.Green
2026-01-27 16:51:25,501 - varanus - INFO - In state 17976143188387390655 saw radiation_level.Green
2026-01-27 16:51:25,501 - varanus - INFO - In state 17976143188387390655 saw radiation_level.Green
2026-01-27 16:51:25,501 - varanus - INFO - In state 17976143188387390655 saw radiation_level.Green
2026-01-27 16:51:25,501 - varanus - INFO - In state 17976143188387390655 saw radiation_level.Green
2026-01-27 16:51:25,502 - varanus - INFO - In state 17976143188387390655 saw radiation_level.Green
2026-01-27 16:51:25,502 - varanus - INFO - In state 17976143188387390655 saw radiation_level.Green
2026-01-27 16:51:25,502 - varanus - INFO - In state 17976143188387390655 saw radiation_level.Green
2026-01-27 16:51:25,502 - varanus - INFO - In state 17976143188387390655 saw radiation_level.Green
2026-01-27 16:51:25,503 - varanus - INFO - In state 17976143188387390655 saw move.1
2026-01-27 16:51:25,503 - varanus - INFO - In state 2681491882390849628 saw radiation_level.Green
2026-01-27 16:51:25,503 - varanus - INFO - In state 2681491882390849628 saw radiation_level.Green
2026-01-27 16:51:25,503 - varanus - INFO - In state 2681491882390849628 saw radiation_level.Green
2026-01-27 16:51:25,504 - varanus - INFO - In state 2681491882390849628 saw radiation_level.Green
2026-01-27 16:51:25,504 - varanus - INFO - In state 2681491882390849628 saw radiation_level.Green
2026-01-27 16:51:25,504 - varanus - INFO - In state 2681491882390849628 saw radiation_level.Green
2026-01-27 16:51:25,504 - varanus - INFO - In state 2681491882390849628 saw radiation_level.Green
2026-01-27 16:51:25,505 - varanus - INFO - In state 2681491882390849628 saw radiation_level.Green
2026-01-27 16:51:25,505 - varanus - INFO - In state 2681491882390849628 saw radiation_level.Green
2026-01-27 16:51:25,505 - varanus - INFO - In state 2681491882390849628 saw radiation_level.Green
2026-01-27 16:51:25,505 - varanus - INFO - In state 2681491882390849628 saw radiation_level.Green
2026-01-27 16:51:25,506 - varanus - INFO - In state 2681491882390849628 saw radiation_level.Green
2026-01-27 16:51:25,506 - varanus - INFO - In state 2681491882390849628 saw radiation_level.Green
2026-01-27 16:51:25,506 - varanus - INFO - In state 2681491882390849628 saw radiation_level.Green
2026-01-27 16:51:25,507 - varanus - INFO - In state 2681491882390849628 saw radiation_level.Green
2026-01-27 16:51:25,507 - varanus - INFO - In state 2681491882390849628 saw radiation_level.Green
2026-01-27 16:51:25,507 - varanus - INFO - In state 2681491882390849628 saw radiation_level.Green
2026-01-27 16:51:25,507 - varanus - INFO - In state 2681491882390849628 saw arrived_at.3
2026-01-27 16:51:25,507 - varanus - INFO - UNEXPECTED TRANSITION
2026-01-27 16:51:25,507 - varanus - INFO - Stated alphabet returning bad state i.e. None - saw bad event
2026-01-27 16:51:25,508 - varanus - ERROR - System Violated the Specification with Trace: ['radiation_level.Green', 'radiation_level.Green', 'radiation_level.Green', 'radiation_level.Green', 'radiation_level.Green', 'radiation_level.Green', 'radiation_level.Green', 'radiation_level.Green', 'radiation_level.Green', 'radiation_level.Green', 'radiation_level.Green', 'radiation_level.Green', 'radiation_level.Green', 'radiation_level.Green', 'radiation_level.Green', 'radiation_level.Green', 'radiation_level.Green', 'radiation_level.Green', 'radiation_level.Green', 'radiation_level.Green', 'radiation_level.Green', 'radiation_level.Green', 'radiation_level.Green', 'radiation_level.Green', 'radiation_level.Green', 'radiation_level.Green', 'radiation_level.Green', 'radiation_level.Green', 'radiation_level.Green', 'radiation_level.Green', 'radiation_level.Green', 'radiation_level.Green', 'radiation_level.Green', 'radiation_level.Green', 'radiation_level.Green', 'radiation_level.Green', 'radiation_level.Green', 'radiation_level.Green', 'radiation_level.Green', 'radiation_level.Green', 'radiation_level.Green', 'radiation_level.Green', 'radiation_level.Green', 'radiation_level.Green', 'radiation_level.Green', 'radiation_level.Green', 'radiation_level.Green', 'radiation_level.Green', 'radiation_level.Green', 'radiation_level.Green', 'radiation_level.Green', 'radiation_level.Green', 'radiation_level.Green', 'radiation_level.Green', 'radiation_level.Green', 'radiation_level.Green', 'radiation_level.Green', 'radiation_level.Green', 'radiation_level.Green', 'radiation_level.Green', 'radiation_level.Green', 'radiation_level.Green', 'radiation_level.Green', 'radiation_level.Green', 'radiation_level.Green', 'radiation_level.Green', 'radiation_level.Green', 'radiation_level.Green', 'radiation_level.Green', 'radiation_level.Green', 'radiation_level.Green', 'radiation_level.Green', 'radiation_level.Green', 'move.1', 'radiation_level.Green', 'radiation_level.Green', 'radiation_level.Green', 'radiation_level.Green', 'radiation_level.Green', 'radiation_level.Green', 'radiation_level.Green', 'radiation_level.Green', 'radiation_level.Green', 'radiation_level.Green', 'radiation_level.Green', 'radiation_level.Green', 'radiation_level.Green', 'radiation_level.Green', 'radiation_level.Green', 'radiation_level.Green', 'radiation_level.Green', 'arrived_at.3']
2026-01-27 16:51:25,508 - varanus - ERROR - The permissible events were: ['radiation_level.Orange', 'radiation_level.Green', 'arrived_at.1', 'radiation_level.Red']
2026-01-27 16:51:25,508 - varanus - INFO - Trace file finished with violations
2026-01-27 16:51:25,509 - varanus - INFO - +++ Build Time: 			0.355674028397s +++
2026-01-27 16:51:25,509 - varanus - INFO - +++ Check Time: 			0.0364129543304s +++
2026-01-27 16:51:25,509 - varanus - INFO - +++ Average Transition Time: 	0.000257634598276s (92 events) +++
2026-01-27 16:51:25,509 - varanus - INFO - +++ Total Time: 			0.413626909256s +++
