2026-01-27 16:51:36,297 - varanus - INFO - +++ Testing rover_model_ras_fail_param_mismatch +++
2026-01-27 16:51:36,298 - varanus - INFO - Preprocessing...
2026-01-27 16:51:36,298 - varanus - INFO - Preprocessing: pass
2026-01-27 16:51:36,298 - varanus - INFO - +++ Running Offline +++
2026-01-27 16:51:36,320 - varanus - INFO - Building CSP State Machine. Please Wait
2026-01-27 16:51:36,557 - varanus - INFO - Building CSP State Machine
2026-01-27 16:51:36,715 - varanus - INFO - +++ checking that ROVER_SYSTEM is deterministic with given alphabets +++
2026-01-27 16:51:36,715 - varanus - INFO - +++ starting monitoring against ROVER_SYSTEM +++
2026-01-27 16:51:36,715 - varanus - INFO - +++ Running Offline -- Using State Machine +++
2026-01-27 16:51:36,716 - varanus - INFO - Parsing trace file at: oracles/inspection-rover-ras/trace-json-fail-param-mismatch.txt
2026-01-27 16:51:36,741 - varanus - INFO - Parsed trace file OK
2026-01-27 16:51:36,741 - varanus - INFO - Checking trace file: oracles/inspection-rover-ras/trace-json-fail-param-mismatch.txt
2026-01-27 16:51:36,741 - varanus - INFO - In state 17976143188387390655 saw radiation_level.Green
2026-01-27 16:51:36,742 - varanus - INFO - In state 17976143188387390655 saw radiation_level.Green
2026-01-27 16:51:36,742 - varanus - INFO - In state 17976143188387390655 saw radiation_level.Green
2026-01-27 16:51:36,743 - varanus - INFO - In state 17976143188387390655 saw radiation_level.Green
2026-01-27 16:51:36,743 - varanus - INFO - In state 17976143188387390655 saw radiation_level.Green
2026-01-27 16:51:36,744 - varanus - INFO - In state 17976143188387390655 saw radiation_level.Green
2026-01-27 16:51:36,744 - varanus - INFO - In state 17976143188387390655 saw radiation_level.Green
2026-01-27 16:51:36,745 - varanus - INFO - In state 17976143188387390655 saw radiation_level.Green
2026-01-27 16:51:36,745 - varanus - INFO - In state 17976143188387390655 saw radiation_level.Green
2026-01-27 16:51:36,746 - varanus - INFO - In state 17976143188387390655 saw radiation_level.Green
2026-01-27 16:51:36,746 - varanus - INFO - In state 17976143188387390655 saw radiation_level.Green
2026-01-27 16:51:36,746 - varanus - INFO - In state 17976143188387390655 saw radiation_level.Green
2026-01-27 16:51:36,747 - varanus - INFO - In state 17976143188387390655 saw radiation_level.Green
2026-01-27 16:51:36,747 - varanus - INFO - In state 17976143188387390655 saw radiation_level.Green
2026-01-27 16:51:36,748 - varanus - INFO - In state 17976143188387390655 saw radiation_level.Green
2026-01-27 16:51:36,748 - varanus - INFO - In state 17976143188387390655 saw radiation_level.Green
2026-01-27 16:51:36,749 - varanus - INFO - In state 17976143188387390655 saw radiation_level.Green
2026-01-27 16:51:36,749 - varanus - INFO - In state 17976143188387390655 saw radiation_level.Green
2026-01-27 16:51:36,750 - varanus - INFO - In state 17976143188387390655 saw radiation_level.Green
2026-01-27 16:51:36,750 - varanus - INFO - In state 17976143188387390655 saw radiation_level.Green
2026-01-27 16:51:36,751 - varanus - INFO - In state 17976143188387390655 saw radiation_level.Green
2026-01-27 16:51:36,751 - varanus - INFO - In state 17976143188387390655 saw radiation_level.Green
2026-01-27 16:51:36,752 - varanus - INFO - In state 17976143188387390655 saw radiation_level.Green
2026-01-27 16:51:36,752 - varanus - INFO - In state 17976143188387390655 saw radiation_level.Green
2026-01-27 16:51:36,753 - varanus - INFO - In state 17976143188387390655 saw radiation_level.Green
2026-01-27 16:51:36,753 - varanus - INFO - In state 17976143188387390655 saw radiation_level.Green
2026-01-27 16:51:36,754 - varanus - INFO - In state 17976143188387390655 saw radiation_level.Green
2026-01-27 16:51:36,754 - varanus - INFO - In state 17976143188387390655 saw radiation_level.Green
2026-01-27 16:51:36,755 - varanus - INFO - In state 17976143188387390655 saw radiation_level.Green
2026-01-27 16:51:36,755 - varanus - INFO - In state 17976143188387390655 saw radiation_level.Green
2026-01-27 16:51:36,755 - varanus - INFO - In state 17976143188387390655 saw radiation_level.Green
2026-01-27 16:51:36,756 - varanus - INFO - In state 17976143188387390655 saw radiation_level.Green
2026-01-27 16:51:36,756 - varanus - INFO - In state 17976143188387390655 saw radiation_level.Green
2026-01-27 16:51:36,756 - varanus - INFO - In state 17976143188387390655 saw radiation_level.Green
2026-01-27 16:51:36,757 - varanus - INFO - In state 17976143188387390655 saw radiation_level.Green
2026-01-27 16:51:36,764 - varanus - INFO - In state 17976143188387390655 saw radiation_level.Green
2026-01-27 16:51:36,764 - varanus - INFO - In state 17976143188387390655 saw radiation_level.Green
2026-01-27 16:51:36,765 - varanus - INFO - In state 17976143188387390655 saw radiation_level.Green
2026-01-27 16:51:36,765 - varanus - INFO - In state 17976143188387390655 saw radiation_level.Green
2026-01-27 16:51:36,766 - varanus - INFO - In state 17976143188387390655 saw radiation_level.Green
2026-01-27 16:51:36,766 - varanus - INFO - In state 17976143188387390655 saw radiation_level.Green
2026-01-27 16:51:36,767 - varanus - INFO - In state 17976143188387390655 saw radiation_level.Green
2026-01-27 16:51:36,767 - varanus - INFO - In state 17976143188387390655 saw radiation_level.Green
2026-01-27 16:51:36,768 - varanus - INFO - In state 17976143188387390655 saw radiation_level.Green
2026-01-27 16:51:36,768 - varanus - INFO - In state 17976143188387390655 saw radiation_level.Green
2026-01-27 16:51:36,769 - varanus - INFO - In state 17976143188387390655 saw radiation_level.Green
2026-01-27 16:51:36,769 - varanus - INFO - In state 17976143188387390655 saw radiation_level.Green
2026-01-27 16:51:36,770 - varanus - INFO - In state 17976143188387390655 saw radiation_level.Green
2026-01-27 16:51:36,770 - varanus - INFO - In state 17976143188387390655 saw radiation_level.Green
2026-01-27 16:51:36,771 - varanus - INFO - In state 17976143188387390655 saw radiation_level.Green
2026-01-27 16:51:36,771 - varanus - INFO - In state 17976143188387390655 saw radiation_level.Green
2026-01-27 16:51:36,772 - varanus - INFO - In state 17976143188387390655 saw radiation_level.Green
2026-01-27 16:51:36,772 - varanus - INFO - In state 17976143188387390655 saw radiation_level.Green
2026-01-27 16:51:36,772 - varanus - INFO - In state 17976143188387390655 saw radiation_level.Green
2026-01-27 16:51:36,773 - varanus - INFO - In state 17976143188387390655 saw radiation_level.Green
2026-01-27 16:51:36,773 - varanus - INFO - In state 17976143188387390655 saw radiation_level.Green
2026-01-27 16:51:36,774 - varanus - INFO - In state 17976143188387390655 saw radiation_level.Green
2026-01-27 16:51:36,775 - varanus - INFO - In state 17976143188387390655 saw radiation_level.Green
2026-01-27 16:51:36,775 - varanus - INFO - In state 17976143188387390655 saw radiation_level.Green
2026-01-27 16:51:36,776 - varanus - INFO - In state 17976143188387390655 saw radiation_level.Green
2026-01-27 16:51:36,776 - varanus - INFO - In state 17976143188387390655 saw radiation_level.Green
2026-01-27 16:51:36,777 - varanus - INFO - In state 17976143188387390655 saw radiation_level.Green
2026-01-27 16:51:36,777 - varanus - INFO - In state 17976143188387390655 saw radiation_level.Green
2026-01-27 16:51:36,778 - varanus - INFO - In state 17976143188387390655 saw radiation_level.Green
2026-01-27 16:51:36,778 - varanus - INFO - In state 17976143188387390655 saw radiation_level.Green
2026-01-27 16:51:36,779 - varanus - INFO - In state 17976143188387390655 saw radiation_level.Green
2026-01-27 16:51:36,779 - varanus - INFO - In state 17976143188387390655 saw radiation_level.Green
2026-01-27 16:51:36,780 - varanus - INFO - In state 17976143188387390655 saw radiation_level.Green
2026-01-27 16:51:36,780 - varanus - INFO - In state 17976143188387390655 saw radiation_level.Green
2026-01-27 16:51:36,781 - varanus - INFO - In state 17976143188387390655 saw radiation_level.Green
2026-01-27 16:51:36,781 - varanus - INFO - In state 17976143188387390655 saw radiation_level.Green
2026-01-27 16:51:36,782 - varanus - INFO - In state 17976143188387390655 saw radiation_level.Green
2026-01-27 16:51:36,782 - varanus - INFO - In state 17976143188387390655 saw radiation_level.Green
2026-01-27 16:51:36,783 - varanus - INFO - In state 17976143188387390655 saw move.1
2026-01-27 16:51:36,784 - varanus - INFO - In state 2681491882390849628 saw radiation_level.Green
2026-01-27 16:51:36,784 - varanus - INFO - In state 2681491882390849628 saw radiation_level.Green
2026-01-27 16:51:36,784 - varanus - INFO - In state 2681491882390849628 saw radiation_level.Green
2026-01-27 16:51:36,785 - varanus - INFO - In state 2681491882390849628 saw radiation_level.Green
2026-01-27 16:51:36,785 - varanus - INFO - In state 2681491882390849628 saw radiation_level.Green
2026-01-27 16:51:36,786 - varanus - INFO - In state 2681491882390849628 saw radiation_level.Green
2026-01-27 16:51:36,786 - varanus - INFO - In state 2681491882390849628 saw radiation_level.Green
2026-01-27 16:51:36,786 - varanus - INFO - In state 2681491882390849628 saw radiation_level.Green
2026-01-27 16:51:36,786 - varanus - INFO - In state 2681491882390849628 saw radiation_level.Green
2026-01-27 16:51:36,787 - varanus - INFO - In state 2681491882390849628 saw radiation_level.Green
2026-01-27 16:51:36,787 - varanus - INFO - In state 2681491882390849628 saw radiation_level.Green
2026-01-27 16:51:36,787 - varanus - INFO - In state 2681491882390849628 saw radiation_level.Green
2026-01-27 16:51:36,788 - varanus - INFO - In state 2681491882390849628 saw radiation_level.Green
2026-01-27 16:51:36,788 - varanus - INFO - In state 2681491882390849628 saw radiation_level.Green
2026-01-27 16:51:36,788 - varanus - INFO - In state 2681491882390849628 saw radiation_level.Green
2026-01-27 16:51:36,788 - varanus - INFO - In state 2681491882390849628 saw radiation_level.Green
2026-01-27 16:51:36,789 - varanus - INFO - In state 2681491882390849628 saw radiation_level.Green
2026-01-27 16:51:36,789 - varanus - INFO - In state 2681491882390849628 saw arrived_at.3
2026-01-27 16:51:36,789 - varanus - INFO - UNEXPECTED TRANSITION
2026-01-27 16:51:36,789 - varanus - INFO - Stated alphabet returning bad state i.e. None - saw bad event
2026-01-27 16:51:36,789 - varanus - ERROR - System Violated the Specification with Trace: ['radiation_level.Green', 'radiation_level.Green', 'radiation_level.Green', 'radiation_level.Green', 'radiation_level.Green', 'radiation_level.Green', 'radiation_level.Green', 'radiation_level.Green', 'radiation_level.Green', 'radiation_level.Green', 'radiation_level.Green', 'radiation_level.Green', 'radiation_level.Green', 'radiation_level.Green', 'radiation_level.Green', 'radiation_level.Green', 'radiation_level.Green', 'radiation_level.Green', 'radiation_level.Green', 'radiation_level.Green', 'radiation_level.Green', 'radiation_level.Green', 'radiation_level.Green', 'radiation_level.Green', 'radiation_level.Green', 'radiation_level.Green', 'radiation_level.Green', 'radiation_level.Green', 'radiation_level.Green', 'radiation_level.Green', 'radiation_level.Green', 'radiation_level.Green', 'radiation_level.Green', 'radiation_level.Green', 'radiation_level.Green', 'radiation_level.Green', 'radiation_level.Green', 'radiation_level.Green', 'radiation_level.Green', 'radiation_level.Green', 'radiation_level.Green', 'radiation_level.Green', 'radiation_level.Green', 'radiation_level.Green', 'radiation_level.Green', 'radiation_level.Green', 'radiation_level.Green', 'radiation_level.Green', 'radiation_level.Green', 'radiation_level.Green', 'radiation_level.Green', 'radiation_level.Green', 'radiation_level.Green', 'radiation_level.Green', 'radiation_level.Green', 'radiation_level.Green', 'radiation_level.Green', 'radiation_level.Green', 'radiation_level.Green', 'radiation_level.Green', 'radiation_level.Green', 'radiation_level.Green', 'radiation_level.Green', 'radiation_level.Green', 'radiation_level.Green', 'radiation_level.Green', 'radiation_level.Green', 'radiation_level.Green', 'radiation_level.Green', 'radiation_level.Green', 'radiation_level.Green', 'radiation_level.Green', 'radiation_level.Green', 'move.1', 'radiation_level.Green', 'radiation_level.Green', 'radiation_level.Green', 'radiation_level.Green', 'radiation_level.Green', 'radiation_level.Green', 'radiation_level.Green', 'radiation_level.Green', 'radiation_level.Green', 'radiation_level.Green', 'radiation_level.Green', 'radiation_level.Green', 'radiation_level.Green', 'radiation_level.Green', 'radiation_level.Green', 'radiation_level.Green', 'radiation_level.Green', 'arrived_at.3']
2026-01-27 16:51:36,789 - varanus - ERROR - The permissible events were: ['radiation_level.Orange', 'radiation_level.Green', 'arrived_at.1', 'radiation_level.Red']
2026-01-27 16:51:36,789 - varanus - INFO - Trace file finished with violations
2026-01-27 16:51:36,791 - varanus - INFO - +++ Build Time: 			0.395574808121s +++
2026-01-27 16:51:36,791 - varanus - INFO - +++ Check Time: 			0.073958158493s +++
2026-01-27 16:51:36,791 - varanus - INFO - +++ Average Transition Time: 	0.000521001608475s (92 events) +++
2026-01-27 16:51:36,791 - varanus - INFO - +++ Total Time: 			0.491761922836s +++
