2026-01-27 16:51:31,010 - varanus - INFO - +++ Testing rover_model_ras_fail_param_mismatch +++
2026-01-27 16:51:31,010 - varanus - INFO - Preprocessing...
2026-01-27 16:51:31,010 - varanus - INFO - Preprocessing: pass
2026-01-27 16:51:31,010 - varanus - INFO - +++ Running Offline +++
2026-01-27 16:51:31,032 - varanus - INFO - Building CSP State Machine. Please Wait
2026-01-27 16:51:31,268 - varanus - INFO - Building CSP State Machine
2026-01-27 16:51:31,450 - varanus - INFO - +++ checking that ROVER_SYSTEM is deterministic with given alphabets +++
2026-01-27 16:51:31,450 - varanus - INFO - +++ starting monitoring against ROVER_SYSTEM +++
2026-01-27 16:51:31,450 - varanus - INFO - +++ Running Offline -- Using State Machine +++
2026-01-27 16:51:31,450 - varanus - INFO - Parsing trace file at: oracles/inspection-rover-ras/trace-json-fail-param-mismatch.txt
2026-01-27 16:51:31,468 - varanus - INFO - Parsed trace file OK
2026-01-27 16:51:31,468 - varanus - INFO - Checking trace file: oracles/inspection-rover-ras/trace-json-fail-param-mismatch.txt
2026-01-27 16:51:31,468 - varanus - INFO - In state 17976143188387390655 saw radiation_level.Green
2026-01-27 16:51:31,468 - varanus - INFO - In state 17976143188387390655 saw radiation_level.Green
2026-01-27 16:51:31,469 - varanus - INFO - In state 17976143188387390655 saw radiation_level.Green
2026-01-27 16:51:31,470 - varanus - INFO - In state 17976143188387390655 saw radiation_level.Green
2026-01-27 16:51:31,470 - varanus - INFO - In state 17976143188387390655 saw radiation_level.Green
2026-01-27 16:51:31,470 - varanus - INFO - In state 17976143188387390655 saw radiation_level.Green
2026-01-27 16:51:31,471 - varanus - INFO - In state 17976143188387390655 saw radiation_level.Green
2026-01-27 16:51:31,471 - varanus - INFO - In state 17976143188387390655 saw radiation_level.Green
2026-01-27 16:51:31,472 - varanus - INFO - In state 17976143188387390655 saw radiation_level.Green
2026-01-27 16:51:31,472 - varanus - INFO - In state 17976143188387390655 saw radiation_level.Green
2026-01-27 16:51:31,472 - varanus - INFO - In state 17976143188387390655 saw radiation_level.Green
2026-01-27 16:51:31,473 - varanus - INFO - In state 17976143188387390655 saw radiation_level.Green
2026-01-27 16:51:31,473 - varanus - INFO - In state 17976143188387390655 saw radiation_level.Green
2026-01-27 16:51:31,474 - varanus - INFO - In state 17976143188387390655 saw radiation_level.Green
2026-01-27 16:51:31,474 - varanus - INFO - In state 17976143188387390655 saw radiation_level.Green
2026-01-27 16:51:31,474 - varanus - INFO - In state 17976143188387390655 saw radiation_level.Green
2026-01-27 16:51:31,475 - varanus - INFO - In state 17976143188387390655 saw radiation_level.Green
2026-01-27 16:51:31,475 - varanus - INFO - In state 17976143188387390655 saw radiation_level.Green
2026-01-27 16:51:31,475 - varanus - INFO - In state 17976143188387390655 saw radiation_level.Green
2026-01-27 16:51:31,476 - varanus - INFO - In state 17976143188387390655 saw radiation_level.Green
2026-01-27 16:51:31,476 - varanus - INFO - In state 17976143188387390655 saw radiation_level.Green
2026-01-27 16:51:31,477 - varanus - INFO - In state 17976143188387390655 saw radiation_level.Green
2026-01-27 16:51:31,477 - varanus - INFO - In state 17976143188387390655 saw radiation_level.Green
2026-01-27 16:51:31,477 - varanus - INFO - In state 17976143188387390655 saw radiation_level.Green
2026-01-27 16:51:31,478 - varanus - INFO - In state 17976143188387390655 saw radiation_level.Green
2026-01-27 16:51:31,478 - varanus - INFO - In state 17976143188387390655 saw radiation_level.Green
2026-01-27 16:51:31,479 - varanus - INFO - In state 17976143188387390655 saw radiation_level.Green
2026-01-27 16:51:31,479 - varanus - INFO - In state 17976143188387390655 saw radiation_level.Green
2026-01-27 16:51:31,479 - varanus - INFO - In state 17976143188387390655 saw radiation_level.Green
2026-01-27 16:51:31,480 - varanus - INFO - In state 17976143188387390655 saw radiation_level.Green
2026-01-27 16:51:31,480 - varanus - INFO - In state 17976143188387390655 saw radiation_level.Green
2026-01-27 16:51:31,481 - varanus - INFO - In state 17976143188387390655 saw radiation_level.Green
2026-01-27 16:51:31,481 - varanus - INFO - In state 17976143188387390655 saw radiation_level.Green
2026-01-27 16:51:31,481 - varanus - INFO - In state 17976143188387390655 saw radiation_level.Green
2026-01-27 16:51:31,482 - varanus - INFO - In state 17976143188387390655 saw radiation_level.Green
2026-01-27 16:51:31,482 - varanus - INFO - In state 17976143188387390655 saw radiation_level.Green
2026-01-27 16:51:31,483 - varanus - INFO - In state 17976143188387390655 saw radiation_level.Green
2026-01-27 16:51:31,483 - varanus - INFO - In state 17976143188387390655 saw radiation_level.Green
2026-01-27 16:51:31,483 - varanus - INFO - In state 17976143188387390655 saw radiation_level.Green
2026-01-27 16:51:31,484 - varanus - INFO - In state 17976143188387390655 saw radiation_level.Green
2026-01-27 16:51:31,484 - varanus - INFO - In state 17976143188387390655 saw radiation_level.Green
2026-01-27 16:51:31,484 - varanus - INFO - In state 17976143188387390655 saw radiation_level.Green
2026-01-27 16:51:31,485 - varanus - INFO - In state 17976143188387390655 saw radiation_level.Green
2026-01-27 16:51:31,485 - varanus - INFO - In state 17976143188387390655 saw radiation_level.Green
2026-01-27 16:51:31,486 - varanus - INFO - In state 17976143188387390655 saw radiation_level.Green
2026-01-27 16:51:31,486 - varanus - INFO - In state 17976143188387390655 saw radiation_level.Green
2026-01-27 16:51:31,486 - varanus - INFO - In state 17976143188387390655 saw radiation_level.Green
2026-01-27 16:51:31,487 - varanus - INFO - In state 17976143188387390655 saw radiation_level.Green
2026-01-27 16:51:31,487 - varanus - INFO - In state 17976143188387390655 saw radiation_level.Green
2026-01-27 16:51:31,488 - varanus - INFO - In state 17976143188387390655 saw radiation_level.Green
2026-01-27 16:51:31,488 - varanus - INFO - In state 17976143188387390655 saw radiation_level.Green
2026-01-27 16:51:31,488 - varanus - INFO - In state 17976143188387390655 saw radiation_level.Green
2026-01-27 16:51:31,489 - varanus - INFO - In state 17976143188387390655 saw radiation_level.Green
2026-01-27 16:51:31,489 - varanus - INFO - In state 17976143188387390655 saw radiation_level.Green
2026-01-27 16:51:31,490 - varanus - INFO - In state 17976143188387390655 saw radiation_level.Green
2026-01-27 16:51:31,490 - varanus - INFO - In state 17976143188387390655 saw radiation_level.Green
2026-01-27 16:51:31,490 - varanus - INFO - In state 17976143188387390655 saw radiation_level.Green
2026-01-27 16:51:31,491 - varanus - INFO - In state 17976143188387390655 saw radiation_level.Green
2026-01-27 16:51:31,491 - varanus - INFO - In state 17976143188387390655 saw radiation_level.Green
2026-01-27 16:51:31,491 - varanus - INFO - In state 17976143188387390655 saw radiation_level.Green
2026-01-27 16:51:31,492 - varanus - INFO - In state 17976143188387390655 saw radiation_level.Green
2026-01-27 16:51:31,492 - varanus - INFO - In state 17976143188387390655 saw radiation_level.Green
2026-01-27 16:51:31,493 - varanus - INFO - In state 17976143188387390655 saw radiation_level.Green
2026-01-27 16:51:31,493 - varanus - INFO - In state 17976143188387390655 saw radiation_level.Green
2026-01-27 16:51:31,494 - varanus - INFO - In state 17976143188387390655 saw radiation_level.Green
2026-01-27 16:51:31,494 - varanus - INFO - In state 17976143188387390655 saw radiation_level.Green
2026-01-27 16:51:31,494 - varanus - INFO - In state 17976143188387390655 saw radiation_level.Green
2026-01-27 16:51:31,495 - varanus - INFO - In state 17976143188387390655 saw radiation_level.Green
2026-01-27 16:51:31,495 - varanus - INFO - In state 17976143188387390655 saw radiation_level.Green
2026-01-27 16:51:31,495 - varanus - INFO - In state 17976143188387390655 saw radiation_level.Green
2026-01-27 16:51:31,496 - varanus - INFO - In state 17976143188387390655 saw radiation_level.Green
2026-01-27 16:51:31,496 - varanus - INFO - In state 17976143188387390655 saw radiation_level.Green
2026-01-27 16:51:31,497 - varanus - INFO - In state 17976143188387390655 saw radiation_level.Green
2026-01-27 16:51:31,497 - varanus - INFO - In state 17976143188387390655 saw move.1
2026-01-27 16:51:31,498 - varanus - INFO - In state 2681491882390849628 saw radiation_level.Green
2026-01-27 16:51:31,498 - varanus - INFO - In state 2681491882390849628 saw radiation_level.Green
2026-01-27 16:51:31,498 - varanus - INFO - In state 2681491882390849628 saw radiation_level.Green
2026-01-27 16:51:31,499 - varanus - INFO - In state 2681491882390849628 saw radiation_level.Green
2026-01-27 16:51:31,499 - varanus - INFO - In state 2681491882390849628 saw radiation_level.Green
2026-01-27 16:51:31,500 - varanus - INFO - In state 2681491882390849628 saw radiation_level.Green
2026-01-27 16:51:31,500 - varanus - INFO - In state 2681491882390849628 saw radiation_level.Green
2026-01-27 16:51:31,500 - varanus - INFO - In state 2681491882390849628 saw radiation_level.Green
2026-01-27 16:51:31,501 - varanus - INFO - In state 2681491882390849628 saw radiation_level.Green
2026-01-27 16:51:31,501 - varanus - INFO - In state 2681491882390849628 saw radiation_level.Green
2026-01-27 16:51:31,502 - varanus - INFO - In state 2681491882390849628 saw radiation_level.Green
2026-01-27 16:51:31,502 - varanus - INFO - In state 2681491882390849628 saw radiation_level.Green
2026-01-27 16:51:31,502 - varanus - INFO - In state 2681491882390849628 saw radiation_level.Green
2026-01-27 16:51:31,503 - varanus - INFO - In state 2681491882390849628 saw radiation_level.Green
2026-01-27 16:51:31,503 - varanus - INFO - In state 2681491882390849628 saw radiation_level.Green
2026-01-27 16:51:31,505 - varanus - INFO - In state 2681491882390849628 saw radiation_level.Green
2026-01-27 16:51:31,505 - varanus - INFO - In state 2681491882390849628 saw radiation_level.Green
2026-01-27 16:51:31,505 - varanus - INFO - In state 2681491882390849628 saw arrived_at.3
2026-01-27 16:51:31,506 - varanus - INFO - UNEXPECTED TRANSITION
2026-01-27 16:51:31,506 - varanus - INFO - Stated alphabet returning bad state i.e. None - saw bad event
2026-01-27 16:51:31,506 - varanus - ERROR - System Violated the Specification with Trace: ['radiation_level.Green', 'radiation_level.Green', 'radiation_level.Green', 'radiation_level.Green', 'radiation_level.Green', 'radiation_level.Green', 'radiation_level.Green', 'radiation_level.Green', 'radiation_level.Green', 'radiation_level.Green', 'radiation_level.Green', 'radiation_level.Green', 'radiation_level.Green', 'radiation_level.Green', 'radiation_level.Green', 'radiation_level.Green', 'radiation_level.Green', 'radiation_level.Green', 'radiation_level.Green', 'radiation_level.Green', 'radiation_level.Green', 'radiation_level.Green', 'radiation_level.Green', 'radiation_level.Green', 'radiation_level.Green', 'radiation_level.Green', 'radiation_level.Green', 'radiation_level.Green', 'radiation_level.Green', 'radiation_level.Green', 'radiation_level.Green', 'radiation_level.Green', 'radiation_level.Green', 'radiation_level.Green', 'radiation_level.Green', 'radiation_level.Green', 'radiation_level.Green', 'radiation_level.Green', 'radiation_level.Green', 'radiation_level.Green', 'radiation_level.Green', 'radiation_level.Green', 'radiation_level.Green', 'radiation_level.Green', 'radiation_level.Green', 'radiation_level.Green', 'radiation_level.Green', 'radiation_level.Green', 'radiation_level.Green', 'radiation_level.Green', 'radiation_level.Green', 'radiation_level.Green', 'radiation_level.Green', 'radiation_level.Green', 'radiation_level.Green', 'radiation_level.Green', 'radiation_level.Green', 'radiation_level.Green', 'radiation_level.Green', 'radiation_level.Green', 'radiation_level.Green', 'radiation_level.Green', 'radiation_level.Green', 'radiation_level.Green', 'radiation_level.Green', 'radiation_level.Green', 'radiation_level.Green', 'radiation_level.Green', 'radiation_level.Green', 'radiation_level.Green', 'radiation_level.Green', 'radiation_level.Green', 'radiation_level.Green', 'move.1', 'radiation_level.Green', 'radiation_level.Green', 'radiation_level.Green', 'radiation_level.Green', 'radiation_level.Green', 'radiation_level.Green', 'radiation_level.Green', 'radiation_level.Green', 'radiation_level.Green', 'radiation_level.Green', 'radiation_level.Green', 'radiation_level.Green', 'radiation_level.Green', 'radiation_level.Green', 'radiation_level.Green', 'radiation_level.Green', 'radiation_level.Green', 'arrived_at.3']
2026-01-27 16:51:31,506 - varanus - ERROR - The permissible events were: ['radiation_level.Orange', 'radiation_level.Green', 'arrived_at.1', 'radiation_level.Red']
2026-01-27 16:51:31,506 - varanus - INFO - Trace file finished with violations
2026-01-27 16:51:31,508 - varanus - INFO - +++ Build Time: 			0.417899847031s +++
2026-01-27 16:51:31,508 - varanus - INFO - +++ Check Time: 			0.0565669536591s +++
2026-01-27 16:51:31,508 - varanus - INFO - +++ Average Transition Time: 	0.000414322251859s (92 events) +++
2026-01-27 16:51:31,508 - varanus - INFO - +++ Total Time: 			0.49649310112s +++
